[2024-06-01T08:07:39.937+0000] {processor.py:161} INFO - Started process (PID=36) to work on /home/airflow/.local/lib/python3.12/site-packages/airflow/example_dags/example_latest_only_with_trigger.py
[2024-06-01T08:07:39.940+0000] {processor.py:830} INFO - Processing file /home/airflow/.local/lib/python3.12/site-packages/airflow/example_dags/example_latest_only_with_trigger.py for tasks to queue
[2024-06-01T08:07:39.948+0000] {logging_mixin.py:188} INFO - [2024-06-01T08:07:39.945+0000] {dagbag.py:545} INFO - Filling up the DagBag from /home/airflow/.local/lib/python3.12/site-packages/airflow/example_dags/example_latest_only_with_trigger.py
[2024-06-01T08:07:39.973+0000] {processor.py:840} INFO - DAG(s) 'latest_only_with_trigger' retrieved from /home/airflow/.local/lib/python3.12/site-packages/airflow/example_dags/example_latest_only_with_trigger.py
[2024-06-01T08:07:40.096+0000] {logging_mixin.py:188} INFO - [2024-06-01T08:07:40.096+0000] {dag.py:3096} INFO - Sync 1 DAGs
[2024-06-01T08:07:40.151+0000] {logging_mixin.py:188} INFO - [2024-06-01T08:07:40.151+0000] {dag.py:3954} INFO - Setting next_dagrun for latest_only_with_trigger to 2024-06-01 04:00:00+00:00, run_after=2024-06-01 08:00:00+00:00
[2024-06-01T08:07:40.190+0000] {processor.py:183} INFO - Processing /home/airflow/.local/lib/python3.12/site-packages/airflow/example_dags/example_latest_only_with_trigger.py took 0.272 seconds
[2024-06-01T08:08:10.616+0000] {processor.py:161} INFO - Started process (PID=95) to work on /home/airflow/.local/lib/python3.12/site-packages/airflow/example_dags/example_latest_only_with_trigger.py
[2024-06-01T08:08:10.617+0000] {processor.py:830} INFO - Processing file /home/airflow/.local/lib/python3.12/site-packages/airflow/example_dags/example_latest_only_with_trigger.py for tasks to queue
[2024-06-01T08:08:10.619+0000] {logging_mixin.py:188} INFO - [2024-06-01T08:08:10.619+0000] {dagbag.py:545} INFO - Filling up the DagBag from /home/airflow/.local/lib/python3.12/site-packages/airflow/example_dags/example_latest_only_with_trigger.py
[2024-06-01T08:08:10.624+0000] {processor.py:840} INFO - DAG(s) 'latest_only_with_trigger' retrieved from /home/airflow/.local/lib/python3.12/site-packages/airflow/example_dags/example_latest_only_with_trigger.py
[2024-06-01T08:08:10.635+0000] {logging_mixin.py:188} INFO - [2024-06-01T08:08:10.634+0000] {dag.py:3096} INFO - Sync 1 DAGs
[2024-06-01T08:08:10.658+0000] {logging_mixin.py:188} INFO - [2024-06-01T08:08:10.658+0000] {dag.py:3954} INFO - Setting next_dagrun for latest_only_with_trigger to 2024-06-01 04:00:00+00:00, run_after=2024-06-01 08:00:00+00:00
[2024-06-01T08:08:10.675+0000] {processor.py:183} INFO - Processing /home/airflow/.local/lib/python3.12/site-packages/airflow/example_dags/example_latest_only_with_trigger.py took 0.064 seconds
[2024-06-01T08:08:41.301+0000] {processor.py:161} INFO - Started process (PID=153) to work on /home/airflow/.local/lib/python3.12/site-packages/airflow/example_dags/example_latest_only_with_trigger.py
[2024-06-01T08:08:41.302+0000] {processor.py:830} INFO - Processing file /home/airflow/.local/lib/python3.12/site-packages/airflow/example_dags/example_latest_only_with_trigger.py for tasks to queue
[2024-06-01T08:08:41.304+0000] {logging_mixin.py:188} INFO - [2024-06-01T08:08:41.303+0000] {dagbag.py:545} INFO - Filling up the DagBag from /home/airflow/.local/lib/python3.12/site-packages/airflow/example_dags/example_latest_only_with_trigger.py
[2024-06-01T08:08:41.308+0000] {processor.py:840} INFO - DAG(s) 'latest_only_with_trigger' retrieved from /home/airflow/.local/lib/python3.12/site-packages/airflow/example_dags/example_latest_only_with_trigger.py
[2024-06-01T08:08:41.404+0000] {logging_mixin.py:188} INFO - [2024-06-01T08:08:41.403+0000] {dag.py:3096} INFO - Sync 1 DAGs
[2024-06-01T08:08:41.424+0000] {logging_mixin.py:188} INFO - [2024-06-01T08:08:41.423+0000] {dag.py:3954} INFO - Setting next_dagrun for latest_only_with_trigger to 2024-06-01 04:00:00+00:00, run_after=2024-06-01 08:00:00+00:00
[2024-06-01T08:08:41.442+0000] {processor.py:183} INFO - Processing /home/airflow/.local/lib/python3.12/site-packages/airflow/example_dags/example_latest_only_with_trigger.py took 0.146 seconds
[2024-06-01T08:09:11.787+0000] {processor.py:161} INFO - Started process (PID=211) to work on /home/airflow/.local/lib/python3.12/site-packages/airflow/example_dags/example_latest_only_with_trigger.py
[2024-06-01T08:09:11.788+0000] {processor.py:830} INFO - Processing file /home/airflow/.local/lib/python3.12/site-packages/airflow/example_dags/example_latest_only_with_trigger.py for tasks to queue
[2024-06-01T08:09:11.790+0000] {logging_mixin.py:188} INFO - [2024-06-01T08:09:11.789+0000] {dagbag.py:545} INFO - Filling up the DagBag from /home/airflow/.local/lib/python3.12/site-packages/airflow/example_dags/example_latest_only_with_trigger.py
[2024-06-01T08:09:11.795+0000] {processor.py:840} INFO - DAG(s) 'latest_only_with_trigger' retrieved from /home/airflow/.local/lib/python3.12/site-packages/airflow/example_dags/example_latest_only_with_trigger.py
[2024-06-01T08:09:11.815+0000] {logging_mixin.py:188} INFO - [2024-06-01T08:09:11.815+0000] {dag.py:3096} INFO - Sync 1 DAGs
[2024-06-01T08:09:11.837+0000] {logging_mixin.py:188} INFO - [2024-06-01T08:09:11.837+0000] {dag.py:3954} INFO - Setting next_dagrun for latest_only_with_trigger to 2024-06-01 04:00:00+00:00, run_after=2024-06-01 08:00:00+00:00
[2024-06-01T08:09:11.855+0000] {processor.py:183} INFO - Processing /home/airflow/.local/lib/python3.12/site-packages/airflow/example_dags/example_latest_only_with_trigger.py took 0.073 seconds
[2024-06-01T08:09:41.989+0000] {processor.py:161} INFO - Started process (PID=269) to work on /home/airflow/.local/lib/python3.12/site-packages/airflow/example_dags/example_latest_only_with_trigger.py
[2024-06-01T08:09:41.990+0000] {processor.py:830} INFO - Processing file /home/airflow/.local/lib/python3.12/site-packages/airflow/example_dags/example_latest_only_with_trigger.py for tasks to queue
[2024-06-01T08:09:41.992+0000] {logging_mixin.py:188} INFO - [2024-06-01T08:09:41.992+0000] {dagbag.py:545} INFO - Filling up the DagBag from /home/airflow/.local/lib/python3.12/site-packages/airflow/example_dags/example_latest_only_with_trigger.py
[2024-06-01T08:09:42.000+0000] {processor.py:840} INFO - DAG(s) 'latest_only_with_trigger' retrieved from /home/airflow/.local/lib/python3.12/site-packages/airflow/example_dags/example_latest_only_with_trigger.py
[2024-06-01T08:09:42.025+0000] {logging_mixin.py:188} INFO - [2024-06-01T08:09:42.025+0000] {dag.py:3096} INFO - Sync 1 DAGs
[2024-06-01T08:09:42.051+0000] {logging_mixin.py:188} INFO - [2024-06-01T08:09:42.051+0000] {dag.py:3954} INFO - Setting next_dagrun for latest_only_with_trigger to 2024-06-01 04:00:00+00:00, run_after=2024-06-01 08:00:00+00:00
[2024-06-01T08:09:42.075+0000] {processor.py:183} INFO - Processing /home/airflow/.local/lib/python3.12/site-packages/airflow/example_dags/example_latest_only_with_trigger.py took 0.092 seconds
[2024-06-01T08:10:12.231+0000] {processor.py:161} INFO - Started process (PID=327) to work on /home/airflow/.local/lib/python3.12/site-packages/airflow/example_dags/example_latest_only_with_trigger.py
[2024-06-01T08:10:12.232+0000] {processor.py:830} INFO - Processing file /home/airflow/.local/lib/python3.12/site-packages/airflow/example_dags/example_latest_only_with_trigger.py for tasks to queue
[2024-06-01T08:10:12.234+0000] {logging_mixin.py:188} INFO - [2024-06-01T08:10:12.234+0000] {dagbag.py:545} INFO - Filling up the DagBag from /home/airflow/.local/lib/python3.12/site-packages/airflow/example_dags/example_latest_only_with_trigger.py
[2024-06-01T08:10:12.239+0000] {processor.py:840} INFO - DAG(s) 'latest_only_with_trigger' retrieved from /home/airflow/.local/lib/python3.12/site-packages/airflow/example_dags/example_latest_only_with_trigger.py
[2024-06-01T08:10:12.260+0000] {logging_mixin.py:188} INFO - [2024-06-01T08:10:12.260+0000] {dag.py:3096} INFO - Sync 1 DAGs
[2024-06-01T08:10:12.283+0000] {logging_mixin.py:188} INFO - [2024-06-01T08:10:12.283+0000] {dag.py:3954} INFO - Setting next_dagrun for latest_only_with_trigger to 2024-06-01 04:00:00+00:00, run_after=2024-06-01 08:00:00+00:00
[2024-06-01T08:10:12.302+0000] {processor.py:183} INFO - Processing /home/airflow/.local/lib/python3.12/site-packages/airflow/example_dags/example_latest_only_with_trigger.py took 0.079 seconds
[2024-06-01T08:10:42.929+0000] {processor.py:161} INFO - Started process (PID=385) to work on /home/airflow/.local/lib/python3.12/site-packages/airflow/example_dags/example_latest_only_with_trigger.py
[2024-06-01T08:10:42.930+0000] {processor.py:830} INFO - Processing file /home/airflow/.local/lib/python3.12/site-packages/airflow/example_dags/example_latest_only_with_trigger.py for tasks to queue
[2024-06-01T08:10:42.932+0000] {logging_mixin.py:188} INFO - [2024-06-01T08:10:42.931+0000] {dagbag.py:545} INFO - Filling up the DagBag from /home/airflow/.local/lib/python3.12/site-packages/airflow/example_dags/example_latest_only_with_trigger.py
[2024-06-01T08:10:42.937+0000] {processor.py:840} INFO - DAG(s) 'latest_only_with_trigger' retrieved from /home/airflow/.local/lib/python3.12/site-packages/airflow/example_dags/example_latest_only_with_trigger.py
[2024-06-01T08:10:42.959+0000] {logging_mixin.py:188} INFO - [2024-06-01T08:10:42.959+0000] {dag.py:3096} INFO - Sync 1 DAGs
[2024-06-01T08:10:42.987+0000] {logging_mixin.py:188} INFO - [2024-06-01T08:10:42.987+0000] {dag.py:3954} INFO - Setting next_dagrun for latest_only_with_trigger to 2024-06-01 04:00:00+00:00, run_after=2024-06-01 08:00:00+00:00
[2024-06-01T08:10:43.010+0000] {processor.py:183} INFO - Processing /home/airflow/.local/lib/python3.12/site-packages/airflow/example_dags/example_latest_only_with_trigger.py took 0.087 seconds
[2024-06-01T08:11:13.698+0000] {processor.py:161} INFO - Started process (PID=443) to work on /home/airflow/.local/lib/python3.12/site-packages/airflow/example_dags/example_latest_only_with_trigger.py
[2024-06-01T08:11:13.699+0000] {processor.py:830} INFO - Processing file /home/airflow/.local/lib/python3.12/site-packages/airflow/example_dags/example_latest_only_with_trigger.py for tasks to queue
[2024-06-01T08:11:13.700+0000] {logging_mixin.py:188} INFO - [2024-06-01T08:11:13.700+0000] {dagbag.py:545} INFO - Filling up the DagBag from /home/airflow/.local/lib/python3.12/site-packages/airflow/example_dags/example_latest_only_with_trigger.py
[2024-06-01T08:11:13.705+0000] {processor.py:840} INFO - DAG(s) 'latest_only_with_trigger' retrieved from /home/airflow/.local/lib/python3.12/site-packages/airflow/example_dags/example_latest_only_with_trigger.py
[2024-06-01T08:11:13.725+0000] {logging_mixin.py:188} INFO - [2024-06-01T08:11:13.724+0000] {dag.py:3096} INFO - Sync 1 DAGs
[2024-06-01T08:11:13.748+0000] {logging_mixin.py:188} INFO - [2024-06-01T08:11:13.748+0000] {dag.py:3954} INFO - Setting next_dagrun for latest_only_with_trigger to 2024-06-01 04:00:00+00:00, run_after=2024-06-01 08:00:00+00:00
[2024-06-01T08:11:13.767+0000] {processor.py:183} INFO - Processing /home/airflow/.local/lib/python3.12/site-packages/airflow/example_dags/example_latest_only_with_trigger.py took 0.074 seconds
[2024-06-01T08:11:43.943+0000] {processor.py:161} INFO - Started process (PID=501) to work on /home/airflow/.local/lib/python3.12/site-packages/airflow/example_dags/example_latest_only_with_trigger.py
[2024-06-01T08:11:43.944+0000] {processor.py:830} INFO - Processing file /home/airflow/.local/lib/python3.12/site-packages/airflow/example_dags/example_latest_only_with_trigger.py for tasks to queue
[2024-06-01T08:11:43.946+0000] {logging_mixin.py:188} INFO - [2024-06-01T08:11:43.945+0000] {dagbag.py:545} INFO - Filling up the DagBag from /home/airflow/.local/lib/python3.12/site-packages/airflow/example_dags/example_latest_only_with_trigger.py
[2024-06-01T08:11:43.951+0000] {processor.py:840} INFO - DAG(s) 'latest_only_with_trigger' retrieved from /home/airflow/.local/lib/python3.12/site-packages/airflow/example_dags/example_latest_only_with_trigger.py
[2024-06-01T08:11:43.976+0000] {logging_mixin.py:188} INFO - [2024-06-01T08:11:43.975+0000] {dag.py:3096} INFO - Sync 1 DAGs
[2024-06-01T08:11:44.000+0000] {logging_mixin.py:188} INFO - [2024-06-01T08:11:44.000+0000] {dag.py:3954} INFO - Setting next_dagrun for latest_only_with_trigger to 2024-06-01 04:00:00+00:00, run_after=2024-06-01 08:00:00+00:00
[2024-06-01T08:11:44.022+0000] {processor.py:183} INFO - Processing /home/airflow/.local/lib/python3.12/site-packages/airflow/example_dags/example_latest_only_with_trigger.py took 0.084 seconds
[2024-06-01T08:12:14.127+0000] {processor.py:161} INFO - Started process (PID=559) to work on /home/airflow/.local/lib/python3.12/site-packages/airflow/example_dags/example_latest_only_with_trigger.py
[2024-06-01T08:12:14.128+0000] {processor.py:830} INFO - Processing file /home/airflow/.local/lib/python3.12/site-packages/airflow/example_dags/example_latest_only_with_trigger.py for tasks to queue
[2024-06-01T08:12:14.131+0000] {logging_mixin.py:188} INFO - [2024-06-01T08:12:14.130+0000] {dagbag.py:545} INFO - Filling up the DagBag from /home/airflow/.local/lib/python3.12/site-packages/airflow/example_dags/example_latest_only_with_trigger.py
[2024-06-01T08:12:14.138+0000] {processor.py:840} INFO - DAG(s) 'latest_only_with_trigger' retrieved from /home/airflow/.local/lib/python3.12/site-packages/airflow/example_dags/example_latest_only_with_trigger.py
[2024-06-01T08:12:14.167+0000] {logging_mixin.py:188} INFO - [2024-06-01T08:12:14.166+0000] {dag.py:3096} INFO - Sync 1 DAGs
[2024-06-01T08:12:14.201+0000] {logging_mixin.py:188} INFO - [2024-06-01T08:12:14.201+0000] {dag.py:3954} INFO - Setting next_dagrun for latest_only_with_trigger to 2024-06-01 04:00:00+00:00, run_after=2024-06-01 08:00:00+00:00
[2024-06-01T08:12:14.230+0000] {processor.py:183} INFO - Processing /home/airflow/.local/lib/python3.12/site-packages/airflow/example_dags/example_latest_only_with_trigger.py took 0.115 seconds
[2024-06-01T08:12:44.706+0000] {processor.py:161} INFO - Started process (PID=617) to work on /home/airflow/.local/lib/python3.12/site-packages/airflow/example_dags/example_latest_only_with_trigger.py
[2024-06-01T08:12:44.707+0000] {processor.py:830} INFO - Processing file /home/airflow/.local/lib/python3.12/site-packages/airflow/example_dags/example_latest_only_with_trigger.py for tasks to queue
[2024-06-01T08:12:44.710+0000] {logging_mixin.py:188} INFO - [2024-06-01T08:12:44.710+0000] {dagbag.py:545} INFO - Filling up the DagBag from /home/airflow/.local/lib/python3.12/site-packages/airflow/example_dags/example_latest_only_with_trigger.py
[2024-06-01T08:12:44.718+0000] {processor.py:840} INFO - DAG(s) 'latest_only_with_trigger' retrieved from /home/airflow/.local/lib/python3.12/site-packages/airflow/example_dags/example_latest_only_with_trigger.py
[2024-06-01T08:12:44.746+0000] {logging_mixin.py:188} INFO - [2024-06-01T08:12:44.746+0000] {dag.py:3096} INFO - Sync 1 DAGs
[2024-06-01T08:12:44.779+0000] {logging_mixin.py:188} INFO - [2024-06-01T08:12:44.778+0000] {dag.py:3954} INFO - Setting next_dagrun for latest_only_with_trigger to 2024-06-01 04:00:00+00:00, run_after=2024-06-01 08:00:00+00:00
[2024-06-01T08:12:44.807+0000] {processor.py:183} INFO - Processing /home/airflow/.local/lib/python3.12/site-packages/airflow/example_dags/example_latest_only_with_trigger.py took 0.111 seconds
[2024-06-01T08:13:15.162+0000] {processor.py:161} INFO - Started process (PID=675) to work on /home/airflow/.local/lib/python3.12/site-packages/airflow/example_dags/example_latest_only_with_trigger.py
[2024-06-01T08:13:15.163+0000] {processor.py:830} INFO - Processing file /home/airflow/.local/lib/python3.12/site-packages/airflow/example_dags/example_latest_only_with_trigger.py for tasks to queue
[2024-06-01T08:13:15.165+0000] {logging_mixin.py:188} INFO - [2024-06-01T08:13:15.165+0000] {dagbag.py:545} INFO - Filling up the DagBag from /home/airflow/.local/lib/python3.12/site-packages/airflow/example_dags/example_latest_only_with_trigger.py
[2024-06-01T08:13:15.170+0000] {processor.py:840} INFO - DAG(s) 'latest_only_with_trigger' retrieved from /home/airflow/.local/lib/python3.12/site-packages/airflow/example_dags/example_latest_only_with_trigger.py
[2024-06-01T08:13:15.190+0000] {logging_mixin.py:188} INFO - [2024-06-01T08:13:15.190+0000] {dag.py:3096} INFO - Sync 1 DAGs
[2024-06-01T08:13:15.211+0000] {logging_mixin.py:188} INFO - [2024-06-01T08:13:15.211+0000] {dag.py:3954} INFO - Setting next_dagrun for latest_only_with_trigger to 2024-06-01 04:00:00+00:00, run_after=2024-06-01 08:00:00+00:00
[2024-06-01T08:13:15.233+0000] {processor.py:183} INFO - Processing /home/airflow/.local/lib/python3.12/site-packages/airflow/example_dags/example_latest_only_with_trigger.py took 0.076 seconds
