[2024-06-01T08:07:41.392+0000] {processor.py:161} INFO - Started process (PID=47) to work on /home/airflow/.local/lib/python3.12/site-packages/airflow/example_dags/example_setup_teardown_taskflow.py
[2024-06-01T08:07:41.409+0000] {processor.py:830} INFO - Processing file /home/airflow/.local/lib/python3.12/site-packages/airflow/example_dags/example_setup_teardown_taskflow.py for tasks to queue
[2024-06-01T08:07:41.419+0000] {logging_mixin.py:188} INFO - [2024-06-01T08:07:41.418+0000] {dagbag.py:545} INFO - Filling up the DagBag from /home/airflow/.local/lib/python3.12/site-packages/airflow/example_dags/example_setup_teardown_taskflow.py
[2024-06-01T08:07:41.452+0000] {processor.py:840} INFO - DAG(s) 'example_setup_teardown_taskflow' retrieved from /home/airflow/.local/lib/python3.12/site-packages/airflow/example_dags/example_setup_teardown_taskflow.py
[2024-06-01T08:07:41.568+0000] {logging_mixin.py:188} INFO - [2024-06-01T08:07:41.566+0000] {dag.py:3096} INFO - Sync 1 DAGs
[2024-06-01T08:07:41.636+0000] {logging_mixin.py:188} INFO - [2024-06-01T08:07:41.635+0000] {dag.py:3954} INFO - Setting next_dagrun for example_setup_teardown_taskflow to 2024-05-31 00:00:00+00:00, run_after=2024-06-01 00:00:00+00:00
[2024-06-01T08:07:41.687+0000] {processor.py:183} INFO - Processing /home/airflow/.local/lib/python3.12/site-packages/airflow/example_dags/example_setup_teardown_taskflow.py took 0.324 seconds
[2024-06-01T08:08:12.344+0000] {processor.py:161} INFO - Started process (PID=106) to work on /home/airflow/.local/lib/python3.12/site-packages/airflow/example_dags/example_setup_teardown_taskflow.py
[2024-06-01T08:08:12.345+0000] {processor.py:830} INFO - Processing file /home/airflow/.local/lib/python3.12/site-packages/airflow/example_dags/example_setup_teardown_taskflow.py for tasks to queue
[2024-06-01T08:08:12.346+0000] {logging_mixin.py:188} INFO - [2024-06-01T08:08:12.346+0000] {dagbag.py:545} INFO - Filling up the DagBag from /home/airflow/.local/lib/python3.12/site-packages/airflow/example_dags/example_setup_teardown_taskflow.py
[2024-06-01T08:08:12.355+0000] {processor.py:840} INFO - DAG(s) 'example_setup_teardown_taskflow' retrieved from /home/airflow/.local/lib/python3.12/site-packages/airflow/example_dags/example_setup_teardown_taskflow.py
[2024-06-01T08:08:12.366+0000] {logging_mixin.py:188} INFO - [2024-06-01T08:08:12.366+0000] {dag.py:3096} INFO - Sync 1 DAGs
[2024-06-01T08:08:12.388+0000] {logging_mixin.py:188} INFO - [2024-06-01T08:08:12.388+0000] {dag.py:3954} INFO - Setting next_dagrun for example_setup_teardown_taskflow to 2024-05-31 00:00:00+00:00, run_after=2024-06-01 00:00:00+00:00
[2024-06-01T08:08:12.407+0000] {processor.py:183} INFO - Processing /home/airflow/.local/lib/python3.12/site-packages/airflow/example_dags/example_setup_teardown_taskflow.py took 0.068 seconds
[2024-06-01T08:08:43.329+0000] {processor.py:161} INFO - Started process (PID=164) to work on /home/airflow/.local/lib/python3.12/site-packages/airflow/example_dags/example_setup_teardown_taskflow.py
[2024-06-01T08:08:43.330+0000] {processor.py:830} INFO - Processing file /home/airflow/.local/lib/python3.12/site-packages/airflow/example_dags/example_setup_teardown_taskflow.py for tasks to queue
[2024-06-01T08:08:43.333+0000] {logging_mixin.py:188} INFO - [2024-06-01T08:08:43.332+0000] {dagbag.py:545} INFO - Filling up the DagBag from /home/airflow/.local/lib/python3.12/site-packages/airflow/example_dags/example_setup_teardown_taskflow.py
[2024-06-01T08:08:43.343+0000] {processor.py:840} INFO - DAG(s) 'example_setup_teardown_taskflow' retrieved from /home/airflow/.local/lib/python3.12/site-packages/airflow/example_dags/example_setup_teardown_taskflow.py
[2024-06-01T08:08:43.445+0000] {logging_mixin.py:188} INFO - [2024-06-01T08:08:43.444+0000] {dag.py:3096} INFO - Sync 1 DAGs
[2024-06-01T08:08:43.463+0000] {logging_mixin.py:188} INFO - [2024-06-01T08:08:43.463+0000] {dag.py:3954} INFO - Setting next_dagrun for example_setup_teardown_taskflow to 2024-05-31 00:00:00+00:00, run_after=2024-06-01 00:00:00+00:00
[2024-06-01T08:08:43.480+0000] {processor.py:183} INFO - Processing /home/airflow/.local/lib/python3.12/site-packages/airflow/example_dags/example_setup_teardown_taskflow.py took 0.158 seconds
[2024-06-01T08:09:14.479+0000] {processor.py:161} INFO - Started process (PID=222) to work on /home/airflow/.local/lib/python3.12/site-packages/airflow/example_dags/example_setup_teardown_taskflow.py
[2024-06-01T08:09:14.480+0000] {processor.py:830} INFO - Processing file /home/airflow/.local/lib/python3.12/site-packages/airflow/example_dags/example_setup_teardown_taskflow.py for tasks to queue
[2024-06-01T08:09:14.482+0000] {logging_mixin.py:188} INFO - [2024-06-01T08:09:14.482+0000] {dagbag.py:545} INFO - Filling up the DagBag from /home/airflow/.local/lib/python3.12/site-packages/airflow/example_dags/example_setup_teardown_taskflow.py
[2024-06-01T08:09:14.491+0000] {processor.py:840} INFO - DAG(s) 'example_setup_teardown_taskflow' retrieved from /home/airflow/.local/lib/python3.12/site-packages/airflow/example_dags/example_setup_teardown_taskflow.py
[2024-06-01T08:09:14.513+0000] {logging_mixin.py:188} INFO - [2024-06-01T08:09:14.512+0000] {dag.py:3096} INFO - Sync 1 DAGs
[2024-06-01T08:09:14.535+0000] {logging_mixin.py:188} INFO - [2024-06-01T08:09:14.535+0000] {dag.py:3954} INFO - Setting next_dagrun for example_setup_teardown_taskflow to 2024-05-31 00:00:00+00:00, run_after=2024-06-01 00:00:00+00:00
[2024-06-01T08:09:14.557+0000] {processor.py:183} INFO - Processing /home/airflow/.local/lib/python3.12/site-packages/airflow/example_dags/example_setup_teardown_taskflow.py took 0.084 seconds
[2024-06-01T08:09:44.831+0000] {processor.py:161} INFO - Started process (PID=280) to work on /home/airflow/.local/lib/python3.12/site-packages/airflow/example_dags/example_setup_teardown_taskflow.py
[2024-06-01T08:09:44.832+0000] {processor.py:830} INFO - Processing file /home/airflow/.local/lib/python3.12/site-packages/airflow/example_dags/example_setup_teardown_taskflow.py for tasks to queue
[2024-06-01T08:09:44.834+0000] {logging_mixin.py:188} INFO - [2024-06-01T08:09:44.834+0000] {dagbag.py:545} INFO - Filling up the DagBag from /home/airflow/.local/lib/python3.12/site-packages/airflow/example_dags/example_setup_teardown_taskflow.py
[2024-06-01T08:09:44.843+0000] {processor.py:840} INFO - DAG(s) 'example_setup_teardown_taskflow' retrieved from /home/airflow/.local/lib/python3.12/site-packages/airflow/example_dags/example_setup_teardown_taskflow.py
[2024-06-01T08:09:44.863+0000] {logging_mixin.py:188} INFO - [2024-06-01T08:09:44.862+0000] {dag.py:3096} INFO - Sync 1 DAGs
[2024-06-01T08:09:44.883+0000] {logging_mixin.py:188} INFO - [2024-06-01T08:09:44.883+0000] {dag.py:3954} INFO - Setting next_dagrun for example_setup_teardown_taskflow to 2024-05-31 00:00:00+00:00, run_after=2024-06-01 00:00:00+00:00
[2024-06-01T08:09:44.901+0000] {processor.py:183} INFO - Processing /home/airflow/.local/lib/python3.12/site-packages/airflow/example_dags/example_setup_teardown_taskflow.py took 0.075 seconds
[2024-06-01T08:10:15.086+0000] {processor.py:161} INFO - Started process (PID=338) to work on /home/airflow/.local/lib/python3.12/site-packages/airflow/example_dags/example_setup_teardown_taskflow.py
[2024-06-01T08:10:15.087+0000] {processor.py:830} INFO - Processing file /home/airflow/.local/lib/python3.12/site-packages/airflow/example_dags/example_setup_teardown_taskflow.py for tasks to queue
[2024-06-01T08:10:15.090+0000] {logging_mixin.py:188} INFO - [2024-06-01T08:10:15.090+0000] {dagbag.py:545} INFO - Filling up the DagBag from /home/airflow/.local/lib/python3.12/site-packages/airflow/example_dags/example_setup_teardown_taskflow.py
[2024-06-01T08:10:15.099+0000] {processor.py:840} INFO - DAG(s) 'example_setup_teardown_taskflow' retrieved from /home/airflow/.local/lib/python3.12/site-packages/airflow/example_dags/example_setup_teardown_taskflow.py
[2024-06-01T08:10:15.119+0000] {logging_mixin.py:188} INFO - [2024-06-01T08:10:15.119+0000] {dag.py:3096} INFO - Sync 1 DAGs
[2024-06-01T08:10:15.141+0000] {logging_mixin.py:188} INFO - [2024-06-01T08:10:15.141+0000] {dag.py:3954} INFO - Setting next_dagrun for example_setup_teardown_taskflow to 2024-05-31 00:00:00+00:00, run_after=2024-06-01 00:00:00+00:00
[2024-06-01T08:10:15.160+0000] {processor.py:183} INFO - Processing /home/airflow/.local/lib/python3.12/site-packages/airflow/example_dags/example_setup_teardown_taskflow.py took 0.081 seconds
[2024-06-01T08:10:45.558+0000] {processor.py:161} INFO - Started process (PID=396) to work on /home/airflow/.local/lib/python3.12/site-packages/airflow/example_dags/example_setup_teardown_taskflow.py
[2024-06-01T08:10:45.559+0000] {processor.py:830} INFO - Processing file /home/airflow/.local/lib/python3.12/site-packages/airflow/example_dags/example_setup_teardown_taskflow.py for tasks to queue
[2024-06-01T08:10:45.561+0000] {logging_mixin.py:188} INFO - [2024-06-01T08:10:45.561+0000] {dagbag.py:545} INFO - Filling up the DagBag from /home/airflow/.local/lib/python3.12/site-packages/airflow/example_dags/example_setup_teardown_taskflow.py
[2024-06-01T08:10:45.572+0000] {processor.py:840} INFO - DAG(s) 'example_setup_teardown_taskflow' retrieved from /home/airflow/.local/lib/python3.12/site-packages/airflow/example_dags/example_setup_teardown_taskflow.py
[2024-06-01T08:10:45.601+0000] {logging_mixin.py:188} INFO - [2024-06-01T08:10:45.601+0000] {dag.py:3096} INFO - Sync 1 DAGs
[2024-06-01T08:10:45.626+0000] {logging_mixin.py:188} INFO - [2024-06-01T08:10:45.626+0000] {dag.py:3954} INFO - Setting next_dagrun for example_setup_teardown_taskflow to 2024-05-31 00:00:00+00:00, run_after=2024-06-01 00:00:00+00:00
[2024-06-01T08:10:45.645+0000] {processor.py:183} INFO - Processing /home/airflow/.local/lib/python3.12/site-packages/airflow/example_dags/example_setup_teardown_taskflow.py took 0.093 seconds
[2024-06-01T08:11:16.381+0000] {processor.py:161} INFO - Started process (PID=454) to work on /home/airflow/.local/lib/python3.12/site-packages/airflow/example_dags/example_setup_teardown_taskflow.py
[2024-06-01T08:11:16.382+0000] {processor.py:830} INFO - Processing file /home/airflow/.local/lib/python3.12/site-packages/airflow/example_dags/example_setup_teardown_taskflow.py for tasks to queue
[2024-06-01T08:11:16.383+0000] {logging_mixin.py:188} INFO - [2024-06-01T08:11:16.383+0000] {dagbag.py:545} INFO - Filling up the DagBag from /home/airflow/.local/lib/python3.12/site-packages/airflow/example_dags/example_setup_teardown_taskflow.py
[2024-06-01T08:11:16.392+0000] {processor.py:840} INFO - DAG(s) 'example_setup_teardown_taskflow' retrieved from /home/airflow/.local/lib/python3.12/site-packages/airflow/example_dags/example_setup_teardown_taskflow.py
[2024-06-01T08:11:16.412+0000] {logging_mixin.py:188} INFO - [2024-06-01T08:11:16.412+0000] {dag.py:3096} INFO - Sync 1 DAGs
[2024-06-01T08:11:16.433+0000] {logging_mixin.py:188} INFO - [2024-06-01T08:11:16.432+0000] {dag.py:3954} INFO - Setting next_dagrun for example_setup_teardown_taskflow to 2024-05-31 00:00:00+00:00, run_after=2024-06-01 00:00:00+00:00
[2024-06-01T08:11:16.449+0000] {processor.py:183} INFO - Processing /home/airflow/.local/lib/python3.12/site-packages/airflow/example_dags/example_setup_teardown_taskflow.py took 0.076 seconds
[2024-06-01T08:11:46.546+0000] {processor.py:161} INFO - Started process (PID=512) to work on /home/airflow/.local/lib/python3.12/site-packages/airflow/example_dags/example_setup_teardown_taskflow.py
[2024-06-01T08:11:46.547+0000] {processor.py:830} INFO - Processing file /home/airflow/.local/lib/python3.12/site-packages/airflow/example_dags/example_setup_teardown_taskflow.py for tasks to queue
[2024-06-01T08:11:46.549+0000] {logging_mixin.py:188} INFO - [2024-06-01T08:11:46.549+0000] {dagbag.py:545} INFO - Filling up the DagBag from /home/airflow/.local/lib/python3.12/site-packages/airflow/example_dags/example_setup_teardown_taskflow.py
[2024-06-01T08:11:46.558+0000] {processor.py:840} INFO - DAG(s) 'example_setup_teardown_taskflow' retrieved from /home/airflow/.local/lib/python3.12/site-packages/airflow/example_dags/example_setup_teardown_taskflow.py
[2024-06-01T08:11:46.578+0000] {logging_mixin.py:188} INFO - [2024-06-01T08:11:46.578+0000] {dag.py:3096} INFO - Sync 1 DAGs
[2024-06-01T08:11:46.600+0000] {logging_mixin.py:188} INFO - [2024-06-01T08:11:46.599+0000] {dag.py:3954} INFO - Setting next_dagrun for example_setup_teardown_taskflow to 2024-05-31 00:00:00+00:00, run_after=2024-06-01 00:00:00+00:00
[2024-06-01T08:11:46.617+0000] {processor.py:183} INFO - Processing /home/airflow/.local/lib/python3.12/site-packages/airflow/example_dags/example_setup_teardown_taskflow.py took 0.078 seconds
[2024-06-01T08:12:17.179+0000] {processor.py:161} INFO - Started process (PID=570) to work on /home/airflow/.local/lib/python3.12/site-packages/airflow/example_dags/example_setup_teardown_taskflow.py
[2024-06-01T08:12:17.180+0000] {processor.py:830} INFO - Processing file /home/airflow/.local/lib/python3.12/site-packages/airflow/example_dags/example_setup_teardown_taskflow.py for tasks to queue
[2024-06-01T08:12:17.183+0000] {logging_mixin.py:188} INFO - [2024-06-01T08:12:17.182+0000] {dagbag.py:545} INFO - Filling up the DagBag from /home/airflow/.local/lib/python3.12/site-packages/airflow/example_dags/example_setup_teardown_taskflow.py
[2024-06-01T08:12:17.196+0000] {processor.py:840} INFO - DAG(s) 'example_setup_teardown_taskflow' retrieved from /home/airflow/.local/lib/python3.12/site-packages/airflow/example_dags/example_setup_teardown_taskflow.py
[2024-06-01T08:12:17.219+0000] {logging_mixin.py:188} INFO - [2024-06-01T08:12:17.219+0000] {dag.py:3096} INFO - Sync 1 DAGs
[2024-06-01T08:12:17.252+0000] {logging_mixin.py:188} INFO - [2024-06-01T08:12:17.251+0000] {dag.py:3954} INFO - Setting next_dagrun for example_setup_teardown_taskflow to 2024-05-31 00:00:00+00:00, run_after=2024-06-01 00:00:00+00:00
[2024-06-01T08:12:17.278+0000] {processor.py:183} INFO - Processing /home/airflow/.local/lib/python3.12/site-packages/airflow/example_dags/example_setup_teardown_taskflow.py took 0.106 seconds
[2024-06-01T08:12:47.560+0000] {processor.py:161} INFO - Started process (PID=628) to work on /home/airflow/.local/lib/python3.12/site-packages/airflow/example_dags/example_setup_teardown_taskflow.py
[2024-06-01T08:12:47.561+0000] {processor.py:830} INFO - Processing file /home/airflow/.local/lib/python3.12/site-packages/airflow/example_dags/example_setup_teardown_taskflow.py for tasks to queue
[2024-06-01T08:12:47.564+0000] {logging_mixin.py:188} INFO - [2024-06-01T08:12:47.563+0000] {dagbag.py:545} INFO - Filling up the DagBag from /home/airflow/.local/lib/python3.12/site-packages/airflow/example_dags/example_setup_teardown_taskflow.py
[2024-06-01T08:12:47.576+0000] {processor.py:840} INFO - DAG(s) 'example_setup_teardown_taskflow' retrieved from /home/airflow/.local/lib/python3.12/site-packages/airflow/example_dags/example_setup_teardown_taskflow.py
[2024-06-01T08:12:47.601+0000] {logging_mixin.py:188} INFO - [2024-06-01T08:12:47.601+0000] {dag.py:3096} INFO - Sync 1 DAGs
[2024-06-01T08:12:47.639+0000] {logging_mixin.py:188} INFO - [2024-06-01T08:12:47.638+0000] {dag.py:3954} INFO - Setting next_dagrun for example_setup_teardown_taskflow to 2024-05-31 00:00:00+00:00, run_after=2024-06-01 00:00:00+00:00
[2024-06-01T08:12:47.662+0000] {processor.py:183} INFO - Processing /home/airflow/.local/lib/python3.12/site-packages/airflow/example_dags/example_setup_teardown_taskflow.py took 0.109 seconds
[2024-06-01T08:13:17.786+0000] {processor.py:161} INFO - Started process (PID=686) to work on /home/airflow/.local/lib/python3.12/site-packages/airflow/example_dags/example_setup_teardown_taskflow.py
[2024-06-01T08:13:17.787+0000] {processor.py:830} INFO - Processing file /home/airflow/.local/lib/python3.12/site-packages/airflow/example_dags/example_setup_teardown_taskflow.py for tasks to queue
[2024-06-01T08:13:17.789+0000] {logging_mixin.py:188} INFO - [2024-06-01T08:13:17.789+0000] {dagbag.py:545} INFO - Filling up the DagBag from /home/airflow/.local/lib/python3.12/site-packages/airflow/example_dags/example_setup_teardown_taskflow.py
[2024-06-01T08:13:17.798+0000] {processor.py:840} INFO - DAG(s) 'example_setup_teardown_taskflow' retrieved from /home/airflow/.local/lib/python3.12/site-packages/airflow/example_dags/example_setup_teardown_taskflow.py
[2024-06-01T08:13:17.818+0000] {logging_mixin.py:188} INFO - [2024-06-01T08:13:17.818+0000] {dag.py:3096} INFO - Sync 1 DAGs
[2024-06-01T08:13:17.838+0000] {logging_mixin.py:188} INFO - [2024-06-01T08:13:17.838+0000] {dag.py:3954} INFO - Setting next_dagrun for example_setup_teardown_taskflow to 2024-05-31 00:00:00+00:00, run_after=2024-06-01 00:00:00+00:00
[2024-06-01T08:13:17.856+0000] {processor.py:183} INFO - Processing /home/airflow/.local/lib/python3.12/site-packages/airflow/example_dags/example_setup_teardown_taskflow.py took 0.075 seconds
