[2024-06-01T08:07:40.420+0000] {processor.py:161} INFO - Started process (PID=39) to work on /home/airflow/.local/lib/python3.12/site-packages/airflow/example_dags/example_bash_decorator.py
[2024-06-01T08:07:40.422+0000] {processor.py:830} INFO - Processing file /home/airflow/.local/lib/python3.12/site-packages/airflow/example_dags/example_bash_decorator.py for tasks to queue
[2024-06-01T08:07:40.425+0000] {logging_mixin.py:188} INFO - [2024-06-01T08:07:40.424+0000] {dagbag.py:545} INFO - Filling up the DagBag from /home/airflow/.local/lib/python3.12/site-packages/airflow/example_dags/example_bash_decorator.py
[2024-06-01T08:07:40.454+0000] {processor.py:840} INFO - DAG(s) 'example_bash_decorator' retrieved from /home/airflow/.local/lib/python3.12/site-packages/airflow/example_dags/example_bash_decorator.py
[2024-06-01T08:07:40.671+0000] {logging_mixin.py:188} INFO - [2024-06-01T08:07:40.671+0000] {dag.py:3096} INFO - Sync 1 DAGs
[2024-06-01T08:07:40.691+0000] {logging_mixin.py:188} INFO - [2024-06-01T08:07:40.690+0000] {dag.py:3954} INFO - Setting next_dagrun for example_bash_decorator to None, run_after=None
[2024-06-01T08:07:40.729+0000] {processor.py:183} INFO - Processing /home/airflow/.local/lib/python3.12/site-packages/airflow/example_dags/example_bash_decorator.py took 0.316 seconds
[2024-06-01T08:08:10.881+0000] {processor.py:161} INFO - Started process (PID=98) to work on /home/airflow/.local/lib/python3.12/site-packages/airflow/example_dags/example_bash_decorator.py
[2024-06-01T08:08:10.882+0000] {processor.py:830} INFO - Processing file /home/airflow/.local/lib/python3.12/site-packages/airflow/example_dags/example_bash_decorator.py for tasks to queue
[2024-06-01T08:08:10.884+0000] {logging_mixin.py:188} INFO - [2024-06-01T08:08:10.884+0000] {dagbag.py:545} INFO - Filling up the DagBag from /home/airflow/.local/lib/python3.12/site-packages/airflow/example_dags/example_bash_decorator.py
[2024-06-01T08:08:10.897+0000] {processor.py:840} INFO - DAG(s) 'example_bash_decorator' retrieved from /home/airflow/.local/lib/python3.12/site-packages/airflow/example_dags/example_bash_decorator.py
[2024-06-01T08:08:10.908+0000] {logging_mixin.py:188} INFO - [2024-06-01T08:08:10.907+0000] {dag.py:3096} INFO - Sync 1 DAGs
[2024-06-01T08:08:10.921+0000] {logging_mixin.py:188} INFO - [2024-06-01T08:08:10.920+0000] {dag.py:3954} INFO - Setting next_dagrun for example_bash_decorator to None, run_after=None
[2024-06-01T08:08:10.940+0000] {processor.py:183} INFO - Processing /home/airflow/.local/lib/python3.12/site-packages/airflow/example_dags/example_bash_decorator.py took 0.064 seconds
[2024-06-01T08:08:41.643+0000] {processor.py:161} INFO - Started process (PID=156) to work on /home/airflow/.local/lib/python3.12/site-packages/airflow/example_dags/example_bash_decorator.py
[2024-06-01T08:08:41.644+0000] {processor.py:830} INFO - Processing file /home/airflow/.local/lib/python3.12/site-packages/airflow/example_dags/example_bash_decorator.py for tasks to queue
[2024-06-01T08:08:41.646+0000] {logging_mixin.py:188} INFO - [2024-06-01T08:08:41.645+0000] {dagbag.py:545} INFO - Filling up the DagBag from /home/airflow/.local/lib/python3.12/site-packages/airflow/example_dags/example_bash_decorator.py
[2024-06-01T08:08:41.661+0000] {processor.py:840} INFO - DAG(s) 'example_bash_decorator' retrieved from /home/airflow/.local/lib/python3.12/site-packages/airflow/example_dags/example_bash_decorator.py
[2024-06-01T08:08:41.757+0000] {logging_mixin.py:188} INFO - [2024-06-01T08:08:41.757+0000] {dag.py:3096} INFO - Sync 1 DAGs
[2024-06-01T08:08:41.767+0000] {logging_mixin.py:188} INFO - [2024-06-01T08:08:41.767+0000] {dag.py:3954} INFO - Setting next_dagrun for example_bash_decorator to None, run_after=None
[2024-06-01T08:08:41.784+0000] {processor.py:183} INFO - Processing /home/airflow/.local/lib/python3.12/site-packages/airflow/example_dags/example_bash_decorator.py took 0.147 seconds
[2024-06-01T08:09:11.985+0000] {processor.py:161} INFO - Started process (PID=214) to work on /home/airflow/.local/lib/python3.12/site-packages/airflow/example_dags/example_bash_decorator.py
[2024-06-01T08:09:11.986+0000] {processor.py:830} INFO - Processing file /home/airflow/.local/lib/python3.12/site-packages/airflow/example_dags/example_bash_decorator.py for tasks to queue
[2024-06-01T08:09:11.988+0000] {logging_mixin.py:188} INFO - [2024-06-01T08:09:11.988+0000] {dagbag.py:545} INFO - Filling up the DagBag from /home/airflow/.local/lib/python3.12/site-packages/airflow/example_dags/example_bash_decorator.py
[2024-06-01T08:09:12.001+0000] {processor.py:840} INFO - DAG(s) 'example_bash_decorator' retrieved from /home/airflow/.local/lib/python3.12/site-packages/airflow/example_dags/example_bash_decorator.py
[2024-06-01T08:09:12.024+0000] {logging_mixin.py:188} INFO - [2024-06-01T08:09:12.024+0000] {dag.py:3096} INFO - Sync 1 DAGs
[2024-06-01T08:09:12.036+0000] {logging_mixin.py:188} INFO - [2024-06-01T08:09:12.036+0000] {dag.py:3954} INFO - Setting next_dagrun for example_bash_decorator to None, run_after=None
[2024-06-01T08:09:12.054+0000] {processor.py:183} INFO - Processing /home/airflow/.local/lib/python3.12/site-packages/airflow/example_dags/example_bash_decorator.py took 0.075 seconds
[2024-06-01T08:09:42.247+0000] {processor.py:161} INFO - Started process (PID=272) to work on /home/airflow/.local/lib/python3.12/site-packages/airflow/example_dags/example_bash_decorator.py
[2024-06-01T08:09:42.249+0000] {processor.py:830} INFO - Processing file /home/airflow/.local/lib/python3.12/site-packages/airflow/example_dags/example_bash_decorator.py for tasks to queue
[2024-06-01T08:09:42.251+0000] {logging_mixin.py:188} INFO - [2024-06-01T08:09:42.250+0000] {dagbag.py:545} INFO - Filling up the DagBag from /home/airflow/.local/lib/python3.12/site-packages/airflow/example_dags/example_bash_decorator.py
[2024-06-01T08:09:42.266+0000] {processor.py:840} INFO - DAG(s) 'example_bash_decorator' retrieved from /home/airflow/.local/lib/python3.12/site-packages/airflow/example_dags/example_bash_decorator.py
[2024-06-01T08:09:42.294+0000] {logging_mixin.py:188} INFO - [2024-06-01T08:09:42.294+0000] {dag.py:3096} INFO - Sync 1 DAGs
[2024-06-01T08:09:42.311+0000] {logging_mixin.py:188} INFO - [2024-06-01T08:09:42.310+0000] {dag.py:3954} INFO - Setting next_dagrun for example_bash_decorator to None, run_after=None
[2024-06-01T08:09:42.334+0000] {processor.py:183} INFO - Processing /home/airflow/.local/lib/python3.12/site-packages/airflow/example_dags/example_bash_decorator.py took 0.099 seconds
[2024-06-01T08:10:12.474+0000] {processor.py:161} INFO - Started process (PID=330) to work on /home/airflow/.local/lib/python3.12/site-packages/airflow/example_dags/example_bash_decorator.py
[2024-06-01T08:10:12.475+0000] {processor.py:830} INFO - Processing file /home/airflow/.local/lib/python3.12/site-packages/airflow/example_dags/example_bash_decorator.py for tasks to queue
[2024-06-01T08:10:12.477+0000] {logging_mixin.py:188} INFO - [2024-06-01T08:10:12.477+0000] {dagbag.py:545} INFO - Filling up the DagBag from /home/airflow/.local/lib/python3.12/site-packages/airflow/example_dags/example_bash_decorator.py
[2024-06-01T08:10:12.511+0000] {processor.py:840} INFO - DAG(s) 'example_bash_decorator' retrieved from /home/airflow/.local/lib/python3.12/site-packages/airflow/example_dags/example_bash_decorator.py
[2024-06-01T08:10:12.543+0000] {logging_mixin.py:188} INFO - [2024-06-01T08:10:12.542+0000] {dag.py:3096} INFO - Sync 1 DAGs
[2024-06-01T08:10:12.563+0000] {logging_mixin.py:188} INFO - [2024-06-01T08:10:12.563+0000] {dag.py:3954} INFO - Setting next_dagrun for example_bash_decorator to None, run_after=None
[2024-06-01T08:10:12.587+0000] {processor.py:183} INFO - Processing /home/airflow/.local/lib/python3.12/site-packages/airflow/example_dags/example_bash_decorator.py took 0.120 seconds
[2024-06-01T08:10:43.139+0000] {processor.py:161} INFO - Started process (PID=388) to work on /home/airflow/.local/lib/python3.12/site-packages/airflow/example_dags/example_bash_decorator.py
[2024-06-01T08:10:43.140+0000] {processor.py:830} INFO - Processing file /home/airflow/.local/lib/python3.12/site-packages/airflow/example_dags/example_bash_decorator.py for tasks to queue
[2024-06-01T08:10:43.142+0000] {logging_mixin.py:188} INFO - [2024-06-01T08:10:43.141+0000] {dagbag.py:545} INFO - Filling up the DagBag from /home/airflow/.local/lib/python3.12/site-packages/airflow/example_dags/example_bash_decorator.py
[2024-06-01T08:10:43.156+0000] {processor.py:840} INFO - DAG(s) 'example_bash_decorator' retrieved from /home/airflow/.local/lib/python3.12/site-packages/airflow/example_dags/example_bash_decorator.py
[2024-06-01T08:10:43.176+0000] {logging_mixin.py:188} INFO - [2024-06-01T08:10:43.176+0000] {dag.py:3096} INFO - Sync 1 DAGs
[2024-06-01T08:10:43.189+0000] {logging_mixin.py:188} INFO - [2024-06-01T08:10:43.189+0000] {dag.py:3954} INFO - Setting next_dagrun for example_bash_decorator to None, run_after=None
[2024-06-01T08:10:43.206+0000] {processor.py:183} INFO - Processing /home/airflow/.local/lib/python3.12/site-packages/airflow/example_dags/example_bash_decorator.py took 0.072 seconds
[2024-06-01T08:11:13.892+0000] {processor.py:161} INFO - Started process (PID=446) to work on /home/airflow/.local/lib/python3.12/site-packages/airflow/example_dags/example_bash_decorator.py
[2024-06-01T08:11:13.893+0000] {processor.py:830} INFO - Processing file /home/airflow/.local/lib/python3.12/site-packages/airflow/example_dags/example_bash_decorator.py for tasks to queue
[2024-06-01T08:11:13.895+0000] {logging_mixin.py:188} INFO - [2024-06-01T08:11:13.894+0000] {dagbag.py:545} INFO - Filling up the DagBag from /home/airflow/.local/lib/python3.12/site-packages/airflow/example_dags/example_bash_decorator.py
[2024-06-01T08:11:13.908+0000] {processor.py:840} INFO - DAG(s) 'example_bash_decorator' retrieved from /home/airflow/.local/lib/python3.12/site-packages/airflow/example_dags/example_bash_decorator.py
[2024-06-01T08:11:13.931+0000] {logging_mixin.py:188} INFO - [2024-06-01T08:11:13.930+0000] {dag.py:3096} INFO - Sync 1 DAGs
[2024-06-01T08:11:13.943+0000] {logging_mixin.py:188} INFO - [2024-06-01T08:11:13.943+0000] {dag.py:3954} INFO - Setting next_dagrun for example_bash_decorator to None, run_after=None
[2024-06-01T08:11:13.959+0000] {processor.py:183} INFO - Processing /home/airflow/.local/lib/python3.12/site-packages/airflow/example_dags/example_bash_decorator.py took 0.072 seconds
[2024-06-01T08:11:44.143+0000] {processor.py:161} INFO - Started process (PID=504) to work on /home/airflow/.local/lib/python3.12/site-packages/airflow/example_dags/example_bash_decorator.py
[2024-06-01T08:11:44.144+0000] {processor.py:830} INFO - Processing file /home/airflow/.local/lib/python3.12/site-packages/airflow/example_dags/example_bash_decorator.py for tasks to queue
[2024-06-01T08:11:44.146+0000] {logging_mixin.py:188} INFO - [2024-06-01T08:11:44.146+0000] {dagbag.py:545} INFO - Filling up the DagBag from /home/airflow/.local/lib/python3.12/site-packages/airflow/example_dags/example_bash_decorator.py
[2024-06-01T08:11:44.160+0000] {processor.py:840} INFO - DAG(s) 'example_bash_decorator' retrieved from /home/airflow/.local/lib/python3.12/site-packages/airflow/example_dags/example_bash_decorator.py
[2024-06-01T08:11:44.181+0000] {logging_mixin.py:188} INFO - [2024-06-01T08:11:44.181+0000] {dag.py:3096} INFO - Sync 1 DAGs
[2024-06-01T08:11:44.194+0000] {logging_mixin.py:188} INFO - [2024-06-01T08:11:44.194+0000] {dag.py:3954} INFO - Setting next_dagrun for example_bash_decorator to None, run_after=None
[2024-06-01T08:11:44.212+0000] {processor.py:183} INFO - Processing /home/airflow/.local/lib/python3.12/site-packages/airflow/example_dags/example_bash_decorator.py took 0.074 seconds
[2024-06-01T08:12:14.561+0000] {processor.py:161} INFO - Started process (PID=562) to work on /home/airflow/.local/lib/python3.12/site-packages/airflow/example_dags/example_bash_decorator.py
[2024-06-01T08:12:14.562+0000] {processor.py:830} INFO - Processing file /home/airflow/.local/lib/python3.12/site-packages/airflow/example_dags/example_bash_decorator.py for tasks to queue
[2024-06-01T08:12:14.565+0000] {logging_mixin.py:188} INFO - [2024-06-01T08:12:14.564+0000] {dagbag.py:545} INFO - Filling up the DagBag from /home/airflow/.local/lib/python3.12/site-packages/airflow/example_dags/example_bash_decorator.py
[2024-06-01T08:12:14.587+0000] {processor.py:840} INFO - DAG(s) 'example_bash_decorator' retrieved from /home/airflow/.local/lib/python3.12/site-packages/airflow/example_dags/example_bash_decorator.py
[2024-06-01T08:12:14.620+0000] {logging_mixin.py:188} INFO - [2024-06-01T08:12:14.620+0000] {dag.py:3096} INFO - Sync 1 DAGs
[2024-06-01T08:12:14.641+0000] {logging_mixin.py:188} INFO - [2024-06-01T08:12:14.640+0000] {dag.py:3954} INFO - Setting next_dagrun for example_bash_decorator to None, run_after=None
[2024-06-01T08:12:14.665+0000] {processor.py:183} INFO - Processing /home/airflow/.local/lib/python3.12/site-packages/airflow/example_dags/example_bash_decorator.py took 0.113 seconds
[2024-06-01T08:12:45.126+0000] {processor.py:161} INFO - Started process (PID=621) to work on /home/airflow/.local/lib/python3.12/site-packages/airflow/example_dags/example_bash_decorator.py
[2024-06-01T08:12:45.127+0000] {processor.py:830} INFO - Processing file /home/airflow/.local/lib/python3.12/site-packages/airflow/example_dags/example_bash_decorator.py for tasks to queue
[2024-06-01T08:12:45.129+0000] {logging_mixin.py:188} INFO - [2024-06-01T08:12:45.128+0000] {dagbag.py:545} INFO - Filling up the DagBag from /home/airflow/.local/lib/python3.12/site-packages/airflow/example_dags/example_bash_decorator.py
[2024-06-01T08:12:45.141+0000] {processor.py:840} INFO - DAG(s) 'example_bash_decorator' retrieved from /home/airflow/.local/lib/python3.12/site-packages/airflow/example_dags/example_bash_decorator.py
[2024-06-01T08:12:45.162+0000] {logging_mixin.py:188} INFO - [2024-06-01T08:12:45.162+0000] {dag.py:3096} INFO - Sync 1 DAGs
[2024-06-01T08:12:45.180+0000] {logging_mixin.py:188} INFO - [2024-06-01T08:12:45.180+0000] {dag.py:3954} INFO - Setting next_dagrun for example_bash_decorator to None, run_after=None
[2024-06-01T08:12:45.232+0000] {processor.py:183} INFO - Processing /home/airflow/.local/lib/python3.12/site-packages/airflow/example_dags/example_bash_decorator.py took 0.112 seconds
[2024-06-01T08:13:15.474+0000] {processor.py:161} INFO - Started process (PID=679) to work on /home/airflow/.local/lib/python3.12/site-packages/airflow/example_dags/example_bash_decorator.py
[2024-06-01T08:13:15.475+0000] {processor.py:830} INFO - Processing file /home/airflow/.local/lib/python3.12/site-packages/airflow/example_dags/example_bash_decorator.py for tasks to queue
[2024-06-01T08:13:15.476+0000] {logging_mixin.py:188} INFO - [2024-06-01T08:13:15.476+0000] {dagbag.py:545} INFO - Filling up the DagBag from /home/airflow/.local/lib/python3.12/site-packages/airflow/example_dags/example_bash_decorator.py
[2024-06-01T08:13:15.489+0000] {processor.py:840} INFO - DAG(s) 'example_bash_decorator' retrieved from /home/airflow/.local/lib/python3.12/site-packages/airflow/example_dags/example_bash_decorator.py
[2024-06-01T08:13:15.512+0000] {logging_mixin.py:188} INFO - [2024-06-01T08:13:15.512+0000] {dag.py:3096} INFO - Sync 1 DAGs
[2024-06-01T08:13:15.526+0000] {logging_mixin.py:188} INFO - [2024-06-01T08:13:15.525+0000] {dag.py:3954} INFO - Setting next_dagrun for example_bash_decorator to None, run_after=None
[2024-06-01T08:13:15.545+0000] {processor.py:183} INFO - Processing /home/airflow/.local/lib/python3.12/site-packages/airflow/example_dags/example_bash_decorator.py took 0.077 seconds
