[2024-06-01T08:07:43.002+0000] {processor.py:161} INFO - Started process (PID=53) to work on /home/airflow/.local/lib/python3.12/site-packages/airflow/example_dags/example_branch_labels.py
[2024-06-01T08:07:43.007+0000] {processor.py:830} INFO - Processing file /home/airflow/.local/lib/python3.12/site-packages/airflow/example_dags/example_branch_labels.py for tasks to queue
[2024-06-01T08:07:43.012+0000] {logging_mixin.py:188} INFO - [2024-06-01T08:07:43.011+0000] {dagbag.py:545} INFO - Filling up the DagBag from /home/airflow/.local/lib/python3.12/site-packages/airflow/example_dags/example_branch_labels.py
[2024-06-01T08:07:43.067+0000] {processor.py:840} INFO - DAG(s) 'example_branch_labels' retrieved from /home/airflow/.local/lib/python3.12/site-packages/airflow/example_dags/example_branch_labels.py
[2024-06-01T08:07:43.192+0000] {logging_mixin.py:188} INFO - [2024-06-01T08:07:43.192+0000] {dag.py:3096} INFO - Sync 1 DAGs
[2024-06-01T08:07:43.322+0000] {logging_mixin.py:188} INFO - [2024-06-01T08:07:43.322+0000] {dag.py:3954} INFO - Setting next_dagrun for example_branch_labels to 2024-05-31 00:00:00+00:00, run_after=2024-06-01 00:00:00+00:00
[2024-06-01T08:07:43.480+0000] {processor.py:183} INFO - Processing /home/airflow/.local/lib/python3.12/site-packages/airflow/example_dags/example_branch_labels.py took 0.541 seconds
[2024-06-01T08:08:13.606+0000] {processor.py:161} INFO - Started process (PID=112) to work on /home/airflow/.local/lib/python3.12/site-packages/airflow/example_dags/example_branch_labels.py
[2024-06-01T08:08:13.608+0000] {processor.py:830} INFO - Processing file /home/airflow/.local/lib/python3.12/site-packages/airflow/example_dags/example_branch_labels.py for tasks to queue
[2024-06-01T08:08:13.616+0000] {logging_mixin.py:188} INFO - [2024-06-01T08:08:13.615+0000] {dagbag.py:545} INFO - Filling up the DagBag from /home/airflow/.local/lib/python3.12/site-packages/airflow/example_dags/example_branch_labels.py
[2024-06-01T08:08:13.628+0000] {processor.py:840} INFO - DAG(s) 'example_branch_labels' retrieved from /home/airflow/.local/lib/python3.12/site-packages/airflow/example_dags/example_branch_labels.py
[2024-06-01T08:08:13.643+0000] {logging_mixin.py:188} INFO - [2024-06-01T08:08:13.642+0000] {dag.py:3096} INFO - Sync 1 DAGs
[2024-06-01T08:08:13.684+0000] {logging_mixin.py:188} INFO - [2024-06-01T08:08:13.684+0000] {dag.py:3954} INFO - Setting next_dagrun for example_branch_labels to 2024-05-31 00:00:00+00:00, run_after=2024-06-01 00:00:00+00:00
[2024-06-01T08:08:13.730+0000] {processor.py:183} INFO - Processing /home/airflow/.local/lib/python3.12/site-packages/airflow/example_dags/example_branch_labels.py took 0.141 seconds
[2024-06-01T08:08:43.865+0000] {processor.py:161} INFO - Started process (PID=170) to work on /home/airflow/.local/lib/python3.12/site-packages/airflow/example_dags/example_branch_labels.py
[2024-06-01T08:08:43.866+0000] {processor.py:830} INFO - Processing file /home/airflow/.local/lib/python3.12/site-packages/airflow/example_dags/example_branch_labels.py for tasks to queue
[2024-06-01T08:08:43.867+0000] {logging_mixin.py:188} INFO - [2024-06-01T08:08:43.867+0000] {dagbag.py:545} INFO - Filling up the DagBag from /home/airflow/.local/lib/python3.12/site-packages/airflow/example_dags/example_branch_labels.py
[2024-06-01T08:08:43.875+0000] {processor.py:840} INFO - DAG(s) 'example_branch_labels' retrieved from /home/airflow/.local/lib/python3.12/site-packages/airflow/example_dags/example_branch_labels.py
[2024-06-01T08:08:43.971+0000] {logging_mixin.py:188} INFO - [2024-06-01T08:08:43.970+0000] {dag.py:3096} INFO - Sync 1 DAGs
[2024-06-01T08:08:43.992+0000] {logging_mixin.py:188} INFO - [2024-06-01T08:08:43.991+0000] {dag.py:3954} INFO - Setting next_dagrun for example_branch_labels to 2024-05-31 00:00:00+00:00, run_after=2024-06-01 00:00:00+00:00
[2024-06-01T08:08:44.012+0000] {processor.py:183} INFO - Processing /home/airflow/.local/lib/python3.12/site-packages/airflow/example_dags/example_branch_labels.py took 0.153 seconds
[2024-06-01T08:09:14.774+0000] {processor.py:161} INFO - Started process (PID=228) to work on /home/airflow/.local/lib/python3.12/site-packages/airflow/example_dags/example_branch_labels.py
[2024-06-01T08:09:14.775+0000] {processor.py:830} INFO - Processing file /home/airflow/.local/lib/python3.12/site-packages/airflow/example_dags/example_branch_labels.py for tasks to queue
[2024-06-01T08:09:14.777+0000] {logging_mixin.py:188} INFO - [2024-06-01T08:09:14.777+0000] {dagbag.py:545} INFO - Filling up the DagBag from /home/airflow/.local/lib/python3.12/site-packages/airflow/example_dags/example_branch_labels.py
[2024-06-01T08:09:14.784+0000] {processor.py:840} INFO - DAG(s) 'example_branch_labels' retrieved from /home/airflow/.local/lib/python3.12/site-packages/airflow/example_dags/example_branch_labels.py
[2024-06-01T08:09:14.803+0000] {logging_mixin.py:188} INFO - [2024-06-01T08:09:14.803+0000] {dag.py:3096} INFO - Sync 1 DAGs
[2024-06-01T08:09:14.826+0000] {logging_mixin.py:188} INFO - [2024-06-01T08:09:14.826+0000] {dag.py:3954} INFO - Setting next_dagrun for example_branch_labels to 2024-05-31 00:00:00+00:00, run_after=2024-06-01 00:00:00+00:00
[2024-06-01T08:09:14.843+0000] {processor.py:183} INFO - Processing /home/airflow/.local/lib/python3.12/site-packages/airflow/example_dags/example_branch_labels.py took 0.076 seconds
[2024-06-01T08:09:45.109+0000] {processor.py:161} INFO - Started process (PID=286) to work on /home/airflow/.local/lib/python3.12/site-packages/airflow/example_dags/example_branch_labels.py
[2024-06-01T08:09:45.110+0000] {processor.py:830} INFO - Processing file /home/airflow/.local/lib/python3.12/site-packages/airflow/example_dags/example_branch_labels.py for tasks to queue
[2024-06-01T08:09:45.112+0000] {logging_mixin.py:188} INFO - [2024-06-01T08:09:45.111+0000] {dagbag.py:545} INFO - Filling up the DagBag from /home/airflow/.local/lib/python3.12/site-packages/airflow/example_dags/example_branch_labels.py
[2024-06-01T08:09:45.119+0000] {processor.py:840} INFO - DAG(s) 'example_branch_labels' retrieved from /home/airflow/.local/lib/python3.12/site-packages/airflow/example_dags/example_branch_labels.py
[2024-06-01T08:09:45.137+0000] {logging_mixin.py:188} INFO - [2024-06-01T08:09:45.137+0000] {dag.py:3096} INFO - Sync 1 DAGs
[2024-06-01T08:09:45.159+0000] {logging_mixin.py:188} INFO - [2024-06-01T08:09:45.159+0000] {dag.py:3954} INFO - Setting next_dagrun for example_branch_labels to 2024-05-31 00:00:00+00:00, run_after=2024-06-01 00:00:00+00:00
[2024-06-01T08:09:45.177+0000] {processor.py:183} INFO - Processing /home/airflow/.local/lib/python3.12/site-packages/airflow/example_dags/example_branch_labels.py took 0.073 seconds
[2024-06-01T08:10:15.405+0000] {processor.py:161} INFO - Started process (PID=344) to work on /home/airflow/.local/lib/python3.12/site-packages/airflow/example_dags/example_branch_labels.py
[2024-06-01T08:10:15.406+0000] {processor.py:830} INFO - Processing file /home/airflow/.local/lib/python3.12/site-packages/airflow/example_dags/example_branch_labels.py for tasks to queue
[2024-06-01T08:10:15.409+0000] {logging_mixin.py:188} INFO - [2024-06-01T08:10:15.408+0000] {dagbag.py:545} INFO - Filling up the DagBag from /home/airflow/.local/lib/python3.12/site-packages/airflow/example_dags/example_branch_labels.py
[2024-06-01T08:10:15.421+0000] {processor.py:840} INFO - DAG(s) 'example_branch_labels' retrieved from /home/airflow/.local/lib/python3.12/site-packages/airflow/example_dags/example_branch_labels.py
[2024-06-01T08:10:15.448+0000] {logging_mixin.py:188} INFO - [2024-06-01T08:10:15.448+0000] {dag.py:3096} INFO - Sync 1 DAGs
[2024-06-01T08:10:15.476+0000] {logging_mixin.py:188} INFO - [2024-06-01T08:10:15.476+0000] {dag.py:3954} INFO - Setting next_dagrun for example_branch_labels to 2024-05-31 00:00:00+00:00, run_after=2024-06-01 00:00:00+00:00
[2024-06-01T08:10:15.496+0000] {processor.py:183} INFO - Processing /home/airflow/.local/lib/python3.12/site-packages/airflow/example_dags/example_branch_labels.py took 0.101 seconds
[2024-06-01T08:10:45.863+0000] {processor.py:161} INFO - Started process (PID=402) to work on /home/airflow/.local/lib/python3.12/site-packages/airflow/example_dags/example_branch_labels.py
[2024-06-01T08:10:45.864+0000] {processor.py:830} INFO - Processing file /home/airflow/.local/lib/python3.12/site-packages/airflow/example_dags/example_branch_labels.py for tasks to queue
[2024-06-01T08:10:45.867+0000] {logging_mixin.py:188} INFO - [2024-06-01T08:10:45.866+0000] {dagbag.py:545} INFO - Filling up the DagBag from /home/airflow/.local/lib/python3.12/site-packages/airflow/example_dags/example_branch_labels.py
[2024-06-01T08:10:45.874+0000] {processor.py:840} INFO - DAG(s) 'example_branch_labels' retrieved from /home/airflow/.local/lib/python3.12/site-packages/airflow/example_dags/example_branch_labels.py
[2024-06-01T08:10:45.892+0000] {logging_mixin.py:188} INFO - [2024-06-01T08:10:45.892+0000] {dag.py:3096} INFO - Sync 1 DAGs
[2024-06-01T08:10:45.913+0000] {logging_mixin.py:188} INFO - [2024-06-01T08:10:45.913+0000] {dag.py:3954} INFO - Setting next_dagrun for example_branch_labels to 2024-05-31 00:00:00+00:00, run_after=2024-06-01 00:00:00+00:00
[2024-06-01T08:10:45.931+0000] {processor.py:183} INFO - Processing /home/airflow/.local/lib/python3.12/site-packages/airflow/example_dags/example_branch_labels.py took 0.074 seconds
[2024-06-01T08:11:16.654+0000] {processor.py:161} INFO - Started process (PID=460) to work on /home/airflow/.local/lib/python3.12/site-packages/airflow/example_dags/example_branch_labels.py
[2024-06-01T08:11:16.655+0000] {processor.py:830} INFO - Processing file /home/airflow/.local/lib/python3.12/site-packages/airflow/example_dags/example_branch_labels.py for tasks to queue
[2024-06-01T08:11:16.656+0000] {logging_mixin.py:188} INFO - [2024-06-01T08:11:16.656+0000] {dagbag.py:545} INFO - Filling up the DagBag from /home/airflow/.local/lib/python3.12/site-packages/airflow/example_dags/example_branch_labels.py
[2024-06-01T08:11:16.663+0000] {processor.py:840} INFO - DAG(s) 'example_branch_labels' retrieved from /home/airflow/.local/lib/python3.12/site-packages/airflow/example_dags/example_branch_labels.py
[2024-06-01T08:11:16.682+0000] {logging_mixin.py:188} INFO - [2024-06-01T08:11:16.681+0000] {dag.py:3096} INFO - Sync 1 DAGs
[2024-06-01T08:11:16.705+0000] {logging_mixin.py:188} INFO - [2024-06-01T08:11:16.705+0000] {dag.py:3954} INFO - Setting next_dagrun for example_branch_labels to 2024-05-31 00:00:00+00:00, run_after=2024-06-01 00:00:00+00:00
[2024-06-01T08:11:16.722+0000] {processor.py:183} INFO - Processing /home/airflow/.local/lib/python3.12/site-packages/airflow/example_dags/example_branch_labels.py took 0.073 seconds
[2024-06-01T08:11:46.827+0000] {processor.py:161} INFO - Started process (PID=518) to work on /home/airflow/.local/lib/python3.12/site-packages/airflow/example_dags/example_branch_labels.py
[2024-06-01T08:11:46.829+0000] {processor.py:830} INFO - Processing file /home/airflow/.local/lib/python3.12/site-packages/airflow/example_dags/example_branch_labels.py for tasks to queue
[2024-06-01T08:11:46.831+0000] {logging_mixin.py:188} INFO - [2024-06-01T08:11:46.831+0000] {dagbag.py:545} INFO - Filling up the DagBag from /home/airflow/.local/lib/python3.12/site-packages/airflow/example_dags/example_branch_labels.py
[2024-06-01T08:11:46.838+0000] {processor.py:840} INFO - DAG(s) 'example_branch_labels' retrieved from /home/airflow/.local/lib/python3.12/site-packages/airflow/example_dags/example_branch_labels.py
[2024-06-01T08:11:46.857+0000] {logging_mixin.py:188} INFO - [2024-06-01T08:11:46.857+0000] {dag.py:3096} INFO - Sync 1 DAGs
[2024-06-01T08:11:46.880+0000] {logging_mixin.py:188} INFO - [2024-06-01T08:11:46.879+0000] {dag.py:3954} INFO - Setting next_dagrun for example_branch_labels to 2024-05-31 00:00:00+00:00, run_after=2024-06-01 00:00:00+00:00
[2024-06-01T08:11:46.896+0000] {processor.py:183} INFO - Processing /home/airflow/.local/lib/python3.12/site-packages/airflow/example_dags/example_branch_labels.py took 0.075 seconds
[2024-06-01T08:12:17.562+0000] {processor.py:161} INFO - Started process (PID=576) to work on /home/airflow/.local/lib/python3.12/site-packages/airflow/example_dags/example_branch_labels.py
[2024-06-01T08:12:17.563+0000] {processor.py:830} INFO - Processing file /home/airflow/.local/lib/python3.12/site-packages/airflow/example_dags/example_branch_labels.py for tasks to queue
[2024-06-01T08:12:17.566+0000] {logging_mixin.py:188} INFO - [2024-06-01T08:12:17.566+0000] {dagbag.py:545} INFO - Filling up the DagBag from /home/airflow/.local/lib/python3.12/site-packages/airflow/example_dags/example_branch_labels.py
[2024-06-01T08:12:17.577+0000] {processor.py:840} INFO - DAG(s) 'example_branch_labels' retrieved from /home/airflow/.local/lib/python3.12/site-packages/airflow/example_dags/example_branch_labels.py
[2024-06-01T08:12:17.601+0000] {logging_mixin.py:188} INFO - [2024-06-01T08:12:17.601+0000] {dag.py:3096} INFO - Sync 1 DAGs
[2024-06-01T08:12:17.630+0000] {logging_mixin.py:188} INFO - [2024-06-01T08:12:17.629+0000] {dag.py:3954} INFO - Setting next_dagrun for example_branch_labels to 2024-05-31 00:00:00+00:00, run_after=2024-06-01 00:00:00+00:00
[2024-06-01T08:12:17.652+0000] {processor.py:183} INFO - Processing /home/airflow/.local/lib/python3.12/site-packages/airflow/example_dags/example_branch_labels.py took 0.097 seconds
[2024-06-01T08:12:48.061+0000] {processor.py:161} INFO - Started process (PID=634) to work on /home/airflow/.local/lib/python3.12/site-packages/airflow/example_dags/example_branch_labels.py
[2024-06-01T08:12:48.062+0000] {processor.py:830} INFO - Processing file /home/airflow/.local/lib/python3.12/site-packages/airflow/example_dags/example_branch_labels.py for tasks to queue
[2024-06-01T08:12:48.064+0000] {logging_mixin.py:188} INFO - [2024-06-01T08:12:48.064+0000] {dagbag.py:545} INFO - Filling up the DagBag from /home/airflow/.local/lib/python3.12/site-packages/airflow/example_dags/example_branch_labels.py
[2024-06-01T08:12:48.072+0000] {processor.py:840} INFO - DAG(s) 'example_branch_labels' retrieved from /home/airflow/.local/lib/python3.12/site-packages/airflow/example_dags/example_branch_labels.py
[2024-06-01T08:12:48.093+0000] {logging_mixin.py:188} INFO - [2024-06-01T08:12:48.093+0000] {dag.py:3096} INFO - Sync 1 DAGs
[2024-06-01T08:12:48.123+0000] {logging_mixin.py:188} INFO - [2024-06-01T08:12:48.123+0000] {dag.py:3954} INFO - Setting next_dagrun for example_branch_labels to 2024-05-31 00:00:00+00:00, run_after=2024-06-01 00:00:00+00:00
[2024-06-01T08:12:48.144+0000] {processor.py:183} INFO - Processing /home/airflow/.local/lib/python3.12/site-packages/airflow/example_dags/example_branch_labels.py took 0.088 seconds
[2024-06-01T08:13:18.180+0000] {processor.py:161} INFO - Started process (PID=692) to work on /home/airflow/.local/lib/python3.12/site-packages/airflow/example_dags/example_branch_labels.py
[2024-06-01T08:13:18.181+0000] {processor.py:830} INFO - Processing file /home/airflow/.local/lib/python3.12/site-packages/airflow/example_dags/example_branch_labels.py for tasks to queue
[2024-06-01T08:13:18.182+0000] {logging_mixin.py:188} INFO - [2024-06-01T08:13:18.182+0000] {dagbag.py:545} INFO - Filling up the DagBag from /home/airflow/.local/lib/python3.12/site-packages/airflow/example_dags/example_branch_labels.py
[2024-06-01T08:13:18.189+0000] {processor.py:840} INFO - DAG(s) 'example_branch_labels' retrieved from /home/airflow/.local/lib/python3.12/site-packages/airflow/example_dags/example_branch_labels.py
[2024-06-01T08:13:18.208+0000] {logging_mixin.py:188} INFO - [2024-06-01T08:13:18.208+0000] {dag.py:3096} INFO - Sync 1 DAGs
[2024-06-01T08:13:18.230+0000] {logging_mixin.py:188} INFO - [2024-06-01T08:13:18.230+0000] {dag.py:3954} INFO - Setting next_dagrun for example_branch_labels to 2024-05-31 00:00:00+00:00, run_after=2024-06-01 00:00:00+00:00
[2024-06-01T08:13:18.247+0000] {processor.py:183} INFO - Processing /home/airflow/.local/lib/python3.12/site-packages/airflow/example_dags/example_branch_labels.py took 0.073 seconds
