[2024-06-01T08:07:45.733+0000] {processor.py:161} INFO - Started process (PID=65) to work on /home/airflow/.local/lib/python3.12/site-packages/airflow/example_dags/example_branch_python_dop_operator_3.py
[2024-06-01T08:07:45.735+0000] {processor.py:830} INFO - Processing file /home/airflow/.local/lib/python3.12/site-packages/airflow/example_dags/example_branch_python_dop_operator_3.py for tasks to queue
[2024-06-01T08:07:45.741+0000] {logging_mixin.py:188} INFO - [2024-06-01T08:07:45.738+0000] {dagbag.py:545} INFO - Filling up the DagBag from /home/airflow/.local/lib/python3.12/site-packages/airflow/example_dags/example_branch_python_dop_operator_3.py
[2024-06-01T08:07:45.762+0000] {processor.py:840} INFO - DAG(s) 'example_branch_dop_operator_v3' retrieved from /home/airflow/.local/lib/python3.12/site-packages/airflow/example_dags/example_branch_python_dop_operator_3.py
[2024-06-01T08:07:45.815+0000] {logging_mixin.py:188} INFO - [2024-06-01T08:07:45.815+0000] {dag.py:3096} INFO - Sync 1 DAGs
[2024-06-01T08:07:45.908+0000] {logging_mixin.py:188} INFO - [2024-06-01T08:07:45.908+0000] {dag.py:3954} INFO - Setting next_dagrun for example_branch_dop_operator_v3 to 2024-06-01 08:06:00+00:00, run_after=2024-06-01 08:07:00+00:00
[2024-06-01T08:07:45.959+0000] {processor.py:183} INFO - Processing /home/airflow/.local/lib/python3.12/site-packages/airflow/example_dags/example_branch_python_dop_operator_3.py took 0.235 seconds
[2024-06-01T08:08:16.165+0000] {processor.py:161} INFO - Started process (PID=123) to work on /home/airflow/.local/lib/python3.12/site-packages/airflow/example_dags/example_branch_python_dop_operator_3.py
[2024-06-01T08:08:16.166+0000] {processor.py:830} INFO - Processing file /home/airflow/.local/lib/python3.12/site-packages/airflow/example_dags/example_branch_python_dop_operator_3.py for tasks to queue
[2024-06-01T08:08:16.168+0000] {logging_mixin.py:188} INFO - [2024-06-01T08:08:16.168+0000] {dagbag.py:545} INFO - Filling up the DagBag from /home/airflow/.local/lib/python3.12/site-packages/airflow/example_dags/example_branch_python_dop_operator_3.py
[2024-06-01T08:08:16.176+0000] {processor.py:840} INFO - DAG(s) 'example_branch_dop_operator_v3' retrieved from /home/airflow/.local/lib/python3.12/site-packages/airflow/example_dags/example_branch_python_dop_operator_3.py
[2024-06-01T08:08:16.187+0000] {logging_mixin.py:188} INFO - [2024-06-01T08:08:16.187+0000] {dag.py:3096} INFO - Sync 1 DAGs
[2024-06-01T08:08:16.216+0000] {logging_mixin.py:188} INFO - [2024-06-01T08:08:16.216+0000] {dag.py:3954} INFO - Setting next_dagrun for example_branch_dop_operator_v3 to 2024-06-01 08:07:00+00:00, run_after=2024-06-01 08:08:00+00:00
[2024-06-01T08:08:16.233+0000] {processor.py:183} INFO - Processing /home/airflow/.local/lib/python3.12/site-packages/airflow/example_dags/example_branch_python_dop_operator_3.py took 0.073 seconds
[2024-06-01T08:08:47.042+0000] {processor.py:161} INFO - Started process (PID=181) to work on /home/airflow/.local/lib/python3.12/site-packages/airflow/example_dags/example_branch_python_dop_operator_3.py
[2024-06-01T08:08:47.043+0000] {processor.py:830} INFO - Processing file /home/airflow/.local/lib/python3.12/site-packages/airflow/example_dags/example_branch_python_dop_operator_3.py for tasks to queue
[2024-06-01T08:08:47.048+0000] {logging_mixin.py:188} INFO - [2024-06-01T08:08:47.048+0000] {dagbag.py:545} INFO - Filling up the DagBag from /home/airflow/.local/lib/python3.12/site-packages/airflow/example_dags/example_branch_python_dop_operator_3.py
[2024-06-01T08:08:47.058+0000] {processor.py:840} INFO - DAG(s) 'example_branch_dop_operator_v3' retrieved from /home/airflow/.local/lib/python3.12/site-packages/airflow/example_dags/example_branch_python_dop_operator_3.py
[2024-06-01T08:08:47.223+0000] {logging_mixin.py:188} INFO - [2024-06-01T08:08:47.222+0000] {dag.py:3096} INFO - Sync 1 DAGs
[2024-06-01T08:08:47.249+0000] {logging_mixin.py:188} INFO - [2024-06-01T08:08:47.249+0000] {dag.py:3954} INFO - Setting next_dagrun for example_branch_dop_operator_v3 to 2024-06-01 08:07:00+00:00, run_after=2024-06-01 08:08:00+00:00
[2024-06-01T08:08:47.276+0000] {processor.py:183} INFO - Processing /home/airflow/.local/lib/python3.12/site-packages/airflow/example_dags/example_branch_python_dop_operator_3.py took 0.241 seconds
[2024-06-01T08:09:17.343+0000] {processor.py:161} INFO - Started process (PID=239) to work on /home/airflow/.local/lib/python3.12/site-packages/airflow/example_dags/example_branch_python_dop_operator_3.py
[2024-06-01T08:09:17.344+0000] {processor.py:830} INFO - Processing file /home/airflow/.local/lib/python3.12/site-packages/airflow/example_dags/example_branch_python_dop_operator_3.py for tasks to queue
[2024-06-01T08:09:17.347+0000] {logging_mixin.py:188} INFO - [2024-06-01T08:09:17.346+0000] {dagbag.py:545} INFO - Filling up the DagBag from /home/airflow/.local/lib/python3.12/site-packages/airflow/example_dags/example_branch_python_dop_operator_3.py
[2024-06-01T08:09:17.356+0000] {processor.py:840} INFO - DAG(s) 'example_branch_dop_operator_v3' retrieved from /home/airflow/.local/lib/python3.12/site-packages/airflow/example_dags/example_branch_python_dop_operator_3.py
[2024-06-01T08:09:17.375+0000] {logging_mixin.py:188} INFO - [2024-06-01T08:09:17.375+0000] {dag.py:3096} INFO - Sync 1 DAGs
[2024-06-01T08:09:17.406+0000] {logging_mixin.py:188} INFO - [2024-06-01T08:09:17.406+0000] {dag.py:3954} INFO - Setting next_dagrun for example_branch_dop_operator_v3 to 2024-06-01 08:08:00+00:00, run_after=2024-06-01 08:09:00+00:00
[2024-06-01T08:09:17.426+0000] {processor.py:183} INFO - Processing /home/airflow/.local/lib/python3.12/site-packages/airflow/example_dags/example_branch_python_dop_operator_3.py took 0.089 seconds
[2024-06-01T08:09:47.653+0000] {processor.py:161} INFO - Started process (PID=297) to work on /home/airflow/.local/lib/python3.12/site-packages/airflow/example_dags/example_branch_python_dop_operator_3.py
[2024-06-01T08:09:47.654+0000] {processor.py:830} INFO - Processing file /home/airflow/.local/lib/python3.12/site-packages/airflow/example_dags/example_branch_python_dop_operator_3.py for tasks to queue
[2024-06-01T08:09:47.656+0000] {logging_mixin.py:188} INFO - [2024-06-01T08:09:47.656+0000] {dagbag.py:545} INFO - Filling up the DagBag from /home/airflow/.local/lib/python3.12/site-packages/airflow/example_dags/example_branch_python_dop_operator_3.py
[2024-06-01T08:09:47.665+0000] {processor.py:840} INFO - DAG(s) 'example_branch_dop_operator_v3' retrieved from /home/airflow/.local/lib/python3.12/site-packages/airflow/example_dags/example_branch_python_dop_operator_3.py
[2024-06-01T08:09:47.683+0000] {logging_mixin.py:188} INFO - [2024-06-01T08:09:47.682+0000] {dag.py:3096} INFO - Sync 1 DAGs
[2024-06-01T08:09:47.708+0000] {logging_mixin.py:188} INFO - [2024-06-01T08:09:47.707+0000] {dag.py:3954} INFO - Setting next_dagrun for example_branch_dop_operator_v3 to 2024-06-01 08:08:00+00:00, run_after=2024-06-01 08:09:00+00:00
[2024-06-01T08:09:47.725+0000] {processor.py:183} INFO - Processing /home/airflow/.local/lib/python3.12/site-packages/airflow/example_dags/example_branch_python_dop_operator_3.py took 0.081 seconds
[2024-06-01T08:10:18.012+0000] {processor.py:161} INFO - Started process (PID=355) to work on /home/airflow/.local/lib/python3.12/site-packages/airflow/example_dags/example_branch_python_dop_operator_3.py
[2024-06-01T08:10:18.013+0000] {processor.py:830} INFO - Processing file /home/airflow/.local/lib/python3.12/site-packages/airflow/example_dags/example_branch_python_dop_operator_3.py for tasks to queue
[2024-06-01T08:10:18.015+0000] {logging_mixin.py:188} INFO - [2024-06-01T08:10:18.015+0000] {dagbag.py:545} INFO - Filling up the DagBag from /home/airflow/.local/lib/python3.12/site-packages/airflow/example_dags/example_branch_python_dop_operator_3.py
[2024-06-01T08:10:18.024+0000] {processor.py:840} INFO - DAG(s) 'example_branch_dop_operator_v3' retrieved from /home/airflow/.local/lib/python3.12/site-packages/airflow/example_dags/example_branch_python_dop_operator_3.py
[2024-06-01T08:10:18.045+0000] {logging_mixin.py:188} INFO - [2024-06-01T08:10:18.045+0000] {dag.py:3096} INFO - Sync 1 DAGs
[2024-06-01T08:10:18.072+0000] {logging_mixin.py:188} INFO - [2024-06-01T08:10:18.072+0000] {dag.py:3954} INFO - Setting next_dagrun for example_branch_dop_operator_v3 to 2024-06-01 08:09:00+00:00, run_after=2024-06-01 08:10:00+00:00
[2024-06-01T08:10:18.090+0000] {processor.py:183} INFO - Processing /home/airflow/.local/lib/python3.12/site-packages/airflow/example_dags/example_branch_python_dop_operator_3.py took 0.085 seconds
[2024-06-01T08:10:48.357+0000] {processor.py:161} INFO - Started process (PID=413) to work on /home/airflow/.local/lib/python3.12/site-packages/airflow/example_dags/example_branch_python_dop_operator_3.py
[2024-06-01T08:10:48.358+0000] {processor.py:830} INFO - Processing file /home/airflow/.local/lib/python3.12/site-packages/airflow/example_dags/example_branch_python_dop_operator_3.py for tasks to queue
[2024-06-01T08:10:48.360+0000] {logging_mixin.py:188} INFO - [2024-06-01T08:10:48.360+0000] {dagbag.py:545} INFO - Filling up the DagBag from /home/airflow/.local/lib/python3.12/site-packages/airflow/example_dags/example_branch_python_dop_operator_3.py
[2024-06-01T08:10:48.370+0000] {processor.py:840} INFO - DAG(s) 'example_branch_dop_operator_v3' retrieved from /home/airflow/.local/lib/python3.12/site-packages/airflow/example_dags/example_branch_python_dop_operator_3.py
[2024-06-01T08:10:48.387+0000] {logging_mixin.py:188} INFO - [2024-06-01T08:10:48.387+0000] {dag.py:3096} INFO - Sync 1 DAGs
[2024-06-01T08:10:48.412+0000] {logging_mixin.py:188} INFO - [2024-06-01T08:10:48.412+0000] {dag.py:3954} INFO - Setting next_dagrun for example_branch_dop_operator_v3 to 2024-06-01 08:09:00+00:00, run_after=2024-06-01 08:10:00+00:00
[2024-06-01T08:10:48.431+0000] {processor.py:183} INFO - Processing /home/airflow/.local/lib/python3.12/site-packages/airflow/example_dags/example_branch_python_dop_operator_3.py took 0.080 seconds
[2024-06-01T08:11:18.617+0000] {processor.py:161} INFO - Started process (PID=471) to work on /home/airflow/.local/lib/python3.12/site-packages/airflow/example_dags/example_branch_python_dop_operator_3.py
[2024-06-01T08:11:18.618+0000] {processor.py:830} INFO - Processing file /home/airflow/.local/lib/python3.12/site-packages/airflow/example_dags/example_branch_python_dop_operator_3.py for tasks to queue
[2024-06-01T08:11:18.621+0000] {logging_mixin.py:188} INFO - [2024-06-01T08:11:18.620+0000] {dagbag.py:545} INFO - Filling up the DagBag from /home/airflow/.local/lib/python3.12/site-packages/airflow/example_dags/example_branch_python_dop_operator_3.py
[2024-06-01T08:11:18.631+0000] {processor.py:840} INFO - DAG(s) 'example_branch_dop_operator_v3' retrieved from /home/airflow/.local/lib/python3.12/site-packages/airflow/example_dags/example_branch_python_dop_operator_3.py
[2024-06-01T08:11:18.648+0000] {logging_mixin.py:188} INFO - [2024-06-01T08:11:18.648+0000] {dag.py:3096} INFO - Sync 1 DAGs
[2024-06-01T08:11:18.671+0000] {logging_mixin.py:188} INFO - [2024-06-01T08:11:18.671+0000] {dag.py:3954} INFO - Setting next_dagrun for example_branch_dop_operator_v3 to 2024-06-01 08:10:00+00:00, run_after=2024-06-01 08:11:00+00:00
[2024-06-01T08:11:18.688+0000] {processor.py:183} INFO - Processing /home/airflow/.local/lib/python3.12/site-packages/airflow/example_dags/example_branch_python_dop_operator_3.py took 0.077 seconds
[2024-06-01T08:11:49.638+0000] {processor.py:161} INFO - Started process (PID=529) to work on /home/airflow/.local/lib/python3.12/site-packages/airflow/example_dags/example_branch_python_dop_operator_3.py
[2024-06-01T08:11:49.639+0000] {processor.py:830} INFO - Processing file /home/airflow/.local/lib/python3.12/site-packages/airflow/example_dags/example_branch_python_dop_operator_3.py for tasks to queue
[2024-06-01T08:11:49.640+0000] {logging_mixin.py:188} INFO - [2024-06-01T08:11:49.640+0000] {dagbag.py:545} INFO - Filling up the DagBag from /home/airflow/.local/lib/python3.12/site-packages/airflow/example_dags/example_branch_python_dop_operator_3.py
[2024-06-01T08:11:49.648+0000] {processor.py:840} INFO - DAG(s) 'example_branch_dop_operator_v3' retrieved from /home/airflow/.local/lib/python3.12/site-packages/airflow/example_dags/example_branch_python_dop_operator_3.py
[2024-06-01T08:11:49.667+0000] {logging_mixin.py:188} INFO - [2024-06-01T08:11:49.666+0000] {dag.py:3096} INFO - Sync 1 DAGs
[2024-06-01T08:11:49.691+0000] {logging_mixin.py:188} INFO - [2024-06-01T08:11:49.691+0000] {dag.py:3954} INFO - Setting next_dagrun for example_branch_dop_operator_v3 to 2024-06-01 08:10:00+00:00, run_after=2024-06-01 08:11:00+00:00
[2024-06-01T08:11:49.709+0000] {processor.py:183} INFO - Processing /home/airflow/.local/lib/python3.12/site-packages/airflow/example_dags/example_branch_python_dop_operator_3.py took 0.078 seconds
[2024-06-01T08:12:20.277+0000] {processor.py:161} INFO - Started process (PID=587) to work on /home/airflow/.local/lib/python3.12/site-packages/airflow/example_dags/example_branch_python_dop_operator_3.py
[2024-06-01T08:12:20.278+0000] {processor.py:830} INFO - Processing file /home/airflow/.local/lib/python3.12/site-packages/airflow/example_dags/example_branch_python_dop_operator_3.py for tasks to queue
[2024-06-01T08:12:20.280+0000] {logging_mixin.py:188} INFO - [2024-06-01T08:12:20.280+0000] {dagbag.py:545} INFO - Filling up the DagBag from /home/airflow/.local/lib/python3.12/site-packages/airflow/example_dags/example_branch_python_dop_operator_3.py
[2024-06-01T08:12:20.290+0000] {processor.py:840} INFO - DAG(s) 'example_branch_dop_operator_v3' retrieved from /home/airflow/.local/lib/python3.12/site-packages/airflow/example_dags/example_branch_python_dop_operator_3.py
[2024-06-01T08:12:20.311+0000] {logging_mixin.py:188} INFO - [2024-06-01T08:12:20.311+0000] {dag.py:3096} INFO - Sync 1 DAGs
[2024-06-01T08:12:20.341+0000] {logging_mixin.py:188} INFO - [2024-06-01T08:12:20.341+0000] {dag.py:3954} INFO - Setting next_dagrun for example_branch_dop_operator_v3 to 2024-06-01 08:11:00+00:00, run_after=2024-06-01 08:12:00+00:00
[2024-06-01T08:12:20.374+0000] {processor.py:183} INFO - Processing /home/airflow/.local/lib/python3.12/site-packages/airflow/example_dags/example_branch_python_dop_operator_3.py took 0.103 seconds
[2024-06-01T08:12:50.860+0000] {processor.py:161} INFO - Started process (PID=651) to work on /home/airflow/.local/lib/python3.12/site-packages/airflow/example_dags/example_branch_python_dop_operator_3.py
[2024-06-01T08:12:50.861+0000] {processor.py:830} INFO - Processing file /home/airflow/.local/lib/python3.12/site-packages/airflow/example_dags/example_branch_python_dop_operator_3.py for tasks to queue
[2024-06-01T08:12:50.863+0000] {logging_mixin.py:188} INFO - [2024-06-01T08:12:50.863+0000] {dagbag.py:545} INFO - Filling up the DagBag from /home/airflow/.local/lib/python3.12/site-packages/airflow/example_dags/example_branch_python_dop_operator_3.py
[2024-06-01T08:12:50.872+0000] {processor.py:840} INFO - DAG(s) 'example_branch_dop_operator_v3' retrieved from /home/airflow/.local/lib/python3.12/site-packages/airflow/example_dags/example_branch_python_dop_operator_3.py
[2024-06-01T08:12:50.890+0000] {logging_mixin.py:188} INFO - [2024-06-01T08:12:50.889+0000] {dag.py:3096} INFO - Sync 1 DAGs
[2024-06-01T08:12:50.915+0000] {logging_mixin.py:188} INFO - [2024-06-01T08:12:50.915+0000] {dag.py:3954} INFO - Setting next_dagrun for example_branch_dop_operator_v3 to 2024-06-01 08:11:00+00:00, run_after=2024-06-01 08:12:00+00:00
[2024-06-01T08:12:50.936+0000] {processor.py:183} INFO - Processing /home/airflow/.local/lib/python3.12/site-packages/airflow/example_dags/example_branch_python_dop_operator_3.py took 0.086 seconds
[2024-06-01T08:13:21.863+0000] {processor.py:161} INFO - Started process (PID=709) to work on /home/airflow/.local/lib/python3.12/site-packages/airflow/example_dags/example_branch_python_dop_operator_3.py
[2024-06-01T08:13:21.864+0000] {processor.py:830} INFO - Processing file /home/airflow/.local/lib/python3.12/site-packages/airflow/example_dags/example_branch_python_dop_operator_3.py for tasks to queue
[2024-06-01T08:13:21.866+0000] {logging_mixin.py:188} INFO - [2024-06-01T08:13:21.866+0000] {dagbag.py:545} INFO - Filling up the DagBag from /home/airflow/.local/lib/python3.12/site-packages/airflow/example_dags/example_branch_python_dop_operator_3.py
[2024-06-01T08:13:21.876+0000] {processor.py:840} INFO - DAG(s) 'example_branch_dop_operator_v3' retrieved from /home/airflow/.local/lib/python3.12/site-packages/airflow/example_dags/example_branch_python_dop_operator_3.py
[2024-06-01T08:13:21.897+0000] {logging_mixin.py:188} INFO - [2024-06-01T08:13:21.897+0000] {dag.py:3096} INFO - Sync 1 DAGs
[2024-06-01T08:13:21.922+0000] {logging_mixin.py:188} INFO - [2024-06-01T08:13:21.922+0000] {dag.py:3954} INFO - Setting next_dagrun for example_branch_dop_operator_v3 to 2024-06-01 08:12:00+00:00, run_after=2024-06-01 08:13:00+00:00
[2024-06-01T08:13:21.947+0000] {processor.py:183} INFO - Processing /home/airflow/.local/lib/python3.12/site-packages/airflow/example_dags/example_branch_python_dop_operator_3.py took 0.092 seconds
