[2024-06-01T08:07:46.623+0000] {processor.py:161} INFO - Started process (PID=70) to work on /home/airflow/.local/lib/python3.12/site-packages/airflow/example_dags/example_short_circuit_operator.py
[2024-06-01T08:07:46.624+0000] {processor.py:830} INFO - Processing file /home/airflow/.local/lib/python3.12/site-packages/airflow/example_dags/example_short_circuit_operator.py for tasks to queue
[2024-06-01T08:07:46.627+0000] {logging_mixin.py:188} INFO - [2024-06-01T08:07:46.627+0000] {dagbag.py:545} INFO - Filling up the DagBag from /home/airflow/.local/lib/python3.12/site-packages/airflow/example_dags/example_short_circuit_operator.py
[2024-06-01T08:07:46.637+0000] {processor.py:840} INFO - DAG(s) 'example_short_circuit_operator' retrieved from /home/airflow/.local/lib/python3.12/site-packages/airflow/example_dags/example_short_circuit_operator.py
[2024-06-01T08:07:46.674+0000] {logging_mixin.py:188} INFO - [2024-06-01T08:07:46.674+0000] {dag.py:3096} INFO - Sync 1 DAGs
[2024-06-01T08:07:46.709+0000] {logging_mixin.py:188} INFO - [2024-06-01T08:07:46.708+0000] {dag.py:3954} INFO - Setting next_dagrun for example_short_circuit_operator to 2024-05-31 00:00:00+00:00, run_after=2024-06-01 00:00:00+00:00
[2024-06-01T08:07:46.734+0000] {processor.py:183} INFO - Processing /home/airflow/.local/lib/python3.12/site-packages/airflow/example_dags/example_short_circuit_operator.py took 0.118 seconds
[2024-06-01T08:08:17.577+0000] {processor.py:161} INFO - Started process (PID=129) to work on /home/airflow/.local/lib/python3.12/site-packages/airflow/example_dags/example_short_circuit_operator.py
[2024-06-01T08:08:17.578+0000] {processor.py:830} INFO - Processing file /home/airflow/.local/lib/python3.12/site-packages/airflow/example_dags/example_short_circuit_operator.py for tasks to queue
[2024-06-01T08:08:17.580+0000] {logging_mixin.py:188} INFO - [2024-06-01T08:08:17.580+0000] {dagbag.py:545} INFO - Filling up the DagBag from /home/airflow/.local/lib/python3.12/site-packages/airflow/example_dags/example_short_circuit_operator.py
[2024-06-01T08:08:17.587+0000] {processor.py:840} INFO - DAG(s) 'example_short_circuit_operator' retrieved from /home/airflow/.local/lib/python3.12/site-packages/airflow/example_dags/example_short_circuit_operator.py
[2024-06-01T08:08:17.598+0000] {logging_mixin.py:188} INFO - [2024-06-01T08:08:17.598+0000] {dag.py:3096} INFO - Sync 1 DAGs
[2024-06-01T08:08:17.622+0000] {logging_mixin.py:188} INFO - [2024-06-01T08:08:17.622+0000] {dag.py:3954} INFO - Setting next_dagrun for example_short_circuit_operator to 2024-05-31 00:00:00+00:00, run_after=2024-06-01 00:00:00+00:00
[2024-06-01T08:08:17.641+0000] {processor.py:183} INFO - Processing /home/airflow/.local/lib/python3.12/site-packages/airflow/example_dags/example_short_circuit_operator.py took 0.069 seconds
[2024-06-01T08:08:48.709+0000] {processor.py:161} INFO - Started process (PID=187) to work on /home/airflow/.local/lib/python3.12/site-packages/airflow/example_dags/example_short_circuit_operator.py
[2024-06-01T08:08:48.710+0000] {processor.py:830} INFO - Processing file /home/airflow/.local/lib/python3.12/site-packages/airflow/example_dags/example_short_circuit_operator.py for tasks to queue
[2024-06-01T08:08:48.712+0000] {logging_mixin.py:188} INFO - [2024-06-01T08:08:48.712+0000] {dagbag.py:545} INFO - Filling up the DagBag from /home/airflow/.local/lib/python3.12/site-packages/airflow/example_dags/example_short_circuit_operator.py
[2024-06-01T08:08:48.719+0000] {processor.py:840} INFO - DAG(s) 'example_short_circuit_operator' retrieved from /home/airflow/.local/lib/python3.12/site-packages/airflow/example_dags/example_short_circuit_operator.py
[2024-06-01T08:08:48.820+0000] {logging_mixin.py:188} INFO - [2024-06-01T08:08:48.820+0000] {dag.py:3096} INFO - Sync 1 DAGs
[2024-06-01T08:08:48.841+0000] {logging_mixin.py:188} INFO - [2024-06-01T08:08:48.840+0000] {dag.py:3954} INFO - Setting next_dagrun for example_short_circuit_operator to 2024-05-31 00:00:00+00:00, run_after=2024-06-01 00:00:00+00:00
[2024-06-01T08:08:48.859+0000] {processor.py:183} INFO - Processing /home/airflow/.local/lib/python3.12/site-packages/airflow/example_dags/example_short_circuit_operator.py took 0.156 seconds
[2024-06-01T08:09:18.917+0000] {processor.py:161} INFO - Started process (PID=245) to work on /home/airflow/.local/lib/python3.12/site-packages/airflow/example_dags/example_short_circuit_operator.py
[2024-06-01T08:09:18.918+0000] {processor.py:830} INFO - Processing file /home/airflow/.local/lib/python3.12/site-packages/airflow/example_dags/example_short_circuit_operator.py for tasks to queue
[2024-06-01T08:09:18.919+0000] {logging_mixin.py:188} INFO - [2024-06-01T08:09:18.919+0000] {dagbag.py:545} INFO - Filling up the DagBag from /home/airflow/.local/lib/python3.12/site-packages/airflow/example_dags/example_short_circuit_operator.py
[2024-06-01T08:09:18.926+0000] {processor.py:840} INFO - DAG(s) 'example_short_circuit_operator' retrieved from /home/airflow/.local/lib/python3.12/site-packages/airflow/example_dags/example_short_circuit_operator.py
[2024-06-01T08:09:18.953+0000] {logging_mixin.py:188} INFO - [2024-06-01T08:09:18.953+0000] {dag.py:3096} INFO - Sync 1 DAGs
[2024-06-01T08:09:18.977+0000] {logging_mixin.py:188} INFO - [2024-06-01T08:09:18.977+0000] {dag.py:3954} INFO - Setting next_dagrun for example_short_circuit_operator to 2024-05-31 00:00:00+00:00, run_after=2024-06-01 00:00:00+00:00
[2024-06-01T08:09:18.996+0000] {processor.py:183} INFO - Processing /home/airflow/.local/lib/python3.12/site-packages/airflow/example_dags/example_short_circuit_operator.py took 0.085 seconds
[2024-06-01T08:09:50.056+0000] {processor.py:161} INFO - Started process (PID=303) to work on /home/airflow/.local/lib/python3.12/site-packages/airflow/example_dags/example_short_circuit_operator.py
[2024-06-01T08:09:50.057+0000] {processor.py:830} INFO - Processing file /home/airflow/.local/lib/python3.12/site-packages/airflow/example_dags/example_short_circuit_operator.py for tasks to queue
[2024-06-01T08:09:50.059+0000] {logging_mixin.py:188} INFO - [2024-06-01T08:09:50.059+0000] {dagbag.py:545} INFO - Filling up the DagBag from /home/airflow/.local/lib/python3.12/site-packages/airflow/example_dags/example_short_circuit_operator.py
[2024-06-01T08:09:50.067+0000] {processor.py:840} INFO - DAG(s) 'example_short_circuit_operator' retrieved from /home/airflow/.local/lib/python3.12/site-packages/airflow/example_dags/example_short_circuit_operator.py
[2024-06-01T08:09:50.091+0000] {logging_mixin.py:188} INFO - [2024-06-01T08:09:50.091+0000] {dag.py:3096} INFO - Sync 1 DAGs
[2024-06-01T08:09:50.114+0000] {logging_mixin.py:188} INFO - [2024-06-01T08:09:50.114+0000] {dag.py:3954} INFO - Setting next_dagrun for example_short_circuit_operator to 2024-05-31 00:00:00+00:00, run_after=2024-06-01 00:00:00+00:00
[2024-06-01T08:09:50.132+0000] {processor.py:183} INFO - Processing /home/airflow/.local/lib/python3.12/site-packages/airflow/example_dags/example_short_circuit_operator.py took 0.083 seconds
[2024-06-01T08:10:20.430+0000] {processor.py:161} INFO - Started process (PID=367) to work on /home/airflow/.local/lib/python3.12/site-packages/airflow/example_dags/example_short_circuit_operator.py
[2024-06-01T08:10:20.431+0000] {processor.py:830} INFO - Processing file /home/airflow/.local/lib/python3.12/site-packages/airflow/example_dags/example_short_circuit_operator.py for tasks to queue
[2024-06-01T08:10:20.433+0000] {logging_mixin.py:188} INFO - [2024-06-01T08:10:20.433+0000] {dagbag.py:545} INFO - Filling up the DagBag from /home/airflow/.local/lib/python3.12/site-packages/airflow/example_dags/example_short_circuit_operator.py
[2024-06-01T08:10:20.442+0000] {processor.py:840} INFO - DAG(s) 'example_short_circuit_operator' retrieved from /home/airflow/.local/lib/python3.12/site-packages/airflow/example_dags/example_short_circuit_operator.py
[2024-06-01T08:10:20.467+0000] {logging_mixin.py:188} INFO - [2024-06-01T08:10:20.467+0000] {dag.py:3096} INFO - Sync 1 DAGs
[2024-06-01T08:10:20.490+0000] {logging_mixin.py:188} INFO - [2024-06-01T08:10:20.490+0000] {dag.py:3954} INFO - Setting next_dagrun for example_short_circuit_operator to 2024-05-31 00:00:00+00:00, run_after=2024-06-01 00:00:00+00:00
[2024-06-01T08:10:20.511+0000] {processor.py:183} INFO - Processing /home/airflow/.local/lib/python3.12/site-packages/airflow/example_dags/example_short_circuit_operator.py took 0.087 seconds
[2024-06-01T08:10:50.727+0000] {processor.py:161} INFO - Started process (PID=425) to work on /home/airflow/.local/lib/python3.12/site-packages/airflow/example_dags/example_short_circuit_operator.py
[2024-06-01T08:10:50.728+0000] {processor.py:830} INFO - Processing file /home/airflow/.local/lib/python3.12/site-packages/airflow/example_dags/example_short_circuit_operator.py for tasks to queue
[2024-06-01T08:10:50.730+0000] {logging_mixin.py:188} INFO - [2024-06-01T08:10:50.730+0000] {dagbag.py:545} INFO - Filling up the DagBag from /home/airflow/.local/lib/python3.12/site-packages/airflow/example_dags/example_short_circuit_operator.py
[2024-06-01T08:10:50.738+0000] {processor.py:840} INFO - DAG(s) 'example_short_circuit_operator' retrieved from /home/airflow/.local/lib/python3.12/site-packages/airflow/example_dags/example_short_circuit_operator.py
[2024-06-01T08:10:50.761+0000] {logging_mixin.py:188} INFO - [2024-06-01T08:10:50.761+0000] {dag.py:3096} INFO - Sync 1 DAGs
[2024-06-01T08:10:50.783+0000] {logging_mixin.py:188} INFO - [2024-06-01T08:10:50.783+0000] {dag.py:3954} INFO - Setting next_dagrun for example_short_circuit_operator to 2024-05-31 00:00:00+00:00, run_after=2024-06-01 00:00:00+00:00
[2024-06-01T08:10:50.802+0000] {processor.py:183} INFO - Processing /home/airflow/.local/lib/python3.12/site-packages/airflow/example_dags/example_short_circuit_operator.py took 0.080 seconds
[2024-06-01T08:11:20.963+0000] {processor.py:161} INFO - Started process (PID=483) to work on /home/airflow/.local/lib/python3.12/site-packages/airflow/example_dags/example_short_circuit_operator.py
[2024-06-01T08:11:20.964+0000] {processor.py:830} INFO - Processing file /home/airflow/.local/lib/python3.12/site-packages/airflow/example_dags/example_short_circuit_operator.py for tasks to queue
[2024-06-01T08:11:20.966+0000] {logging_mixin.py:188} INFO - [2024-06-01T08:11:20.965+0000] {dagbag.py:545} INFO - Filling up the DagBag from /home/airflow/.local/lib/python3.12/site-packages/airflow/example_dags/example_short_circuit_operator.py
[2024-06-01T08:11:20.974+0000] {processor.py:840} INFO - DAG(s) 'example_short_circuit_operator' retrieved from /home/airflow/.local/lib/python3.12/site-packages/airflow/example_dags/example_short_circuit_operator.py
[2024-06-01T08:11:21.001+0000] {logging_mixin.py:188} INFO - [2024-06-01T08:11:21.000+0000] {dag.py:3096} INFO - Sync 1 DAGs
[2024-06-01T08:11:21.022+0000] {logging_mixin.py:188} INFO - [2024-06-01T08:11:21.022+0000] {dag.py:3954} INFO - Setting next_dagrun for example_short_circuit_operator to 2024-05-31 00:00:00+00:00, run_after=2024-06-01 00:00:00+00:00
[2024-06-01T08:11:21.039+0000] {processor.py:183} INFO - Processing /home/airflow/.local/lib/python3.12/site-packages/airflow/example_dags/example_short_circuit_operator.py took 0.082 seconds
[2024-06-01T08:11:52.044+0000] {processor.py:161} INFO - Started process (PID=541) to work on /home/airflow/.local/lib/python3.12/site-packages/airflow/example_dags/example_short_circuit_operator.py
[2024-06-01T08:11:52.049+0000] {processor.py:830} INFO - Processing file /home/airflow/.local/lib/python3.12/site-packages/airflow/example_dags/example_short_circuit_operator.py for tasks to queue
[2024-06-01T08:11:52.052+0000] {logging_mixin.py:188} INFO - [2024-06-01T08:11:52.052+0000] {dagbag.py:545} INFO - Filling up the DagBag from /home/airflow/.local/lib/python3.12/site-packages/airflow/example_dags/example_short_circuit_operator.py
[2024-06-01T08:11:52.064+0000] {processor.py:840} INFO - DAG(s) 'example_short_circuit_operator' retrieved from /home/airflow/.local/lib/python3.12/site-packages/airflow/example_dags/example_short_circuit_operator.py
[2024-06-01T08:11:52.097+0000] {logging_mixin.py:188} INFO - [2024-06-01T08:11:52.097+0000] {dag.py:3096} INFO - Sync 1 DAGs
[2024-06-01T08:11:52.122+0000] {logging_mixin.py:188} INFO - [2024-06-01T08:11:52.122+0000] {dag.py:3954} INFO - Setting next_dagrun for example_short_circuit_operator to 2024-05-31 00:00:00+00:00, run_after=2024-06-01 00:00:00+00:00
[2024-06-01T08:11:52.142+0000] {processor.py:183} INFO - Processing /home/airflow/.local/lib/python3.12/site-packages/airflow/example_dags/example_short_circuit_operator.py took 0.106 seconds
[2024-06-01T08:12:22.728+0000] {processor.py:161} INFO - Started process (PID=599) to work on /home/airflow/.local/lib/python3.12/site-packages/airflow/example_dags/example_short_circuit_operator.py
[2024-06-01T08:12:22.730+0000] {processor.py:830} INFO - Processing file /home/airflow/.local/lib/python3.12/site-packages/airflow/example_dags/example_short_circuit_operator.py for tasks to queue
[2024-06-01T08:12:22.732+0000] {logging_mixin.py:188} INFO - [2024-06-01T08:12:22.731+0000] {dagbag.py:545} INFO - Filling up the DagBag from /home/airflow/.local/lib/python3.12/site-packages/airflow/example_dags/example_short_circuit_operator.py
[2024-06-01T08:12:22.742+0000] {processor.py:840} INFO - DAG(s) 'example_short_circuit_operator' retrieved from /home/airflow/.local/lib/python3.12/site-packages/airflow/example_dags/example_short_circuit_operator.py
[2024-06-01T08:12:22.769+0000] {logging_mixin.py:188} INFO - [2024-06-01T08:12:22.768+0000] {dag.py:3096} INFO - Sync 1 DAGs
[2024-06-01T08:12:22.798+0000] {logging_mixin.py:188} INFO - [2024-06-01T08:12:22.798+0000] {dag.py:3954} INFO - Setting next_dagrun for example_short_circuit_operator to 2024-05-31 00:00:00+00:00, run_after=2024-06-01 00:00:00+00:00
[2024-06-01T08:12:22.820+0000] {processor.py:183} INFO - Processing /home/airflow/.local/lib/python3.12/site-packages/airflow/example_dags/example_short_circuit_operator.py took 0.098 seconds
[2024-06-01T08:12:53.336+0000] {processor.py:161} INFO - Started process (PID=657) to work on /home/airflow/.local/lib/python3.12/site-packages/airflow/example_dags/example_short_circuit_operator.py
[2024-06-01T08:12:53.337+0000] {processor.py:830} INFO - Processing file /home/airflow/.local/lib/python3.12/site-packages/airflow/example_dags/example_short_circuit_operator.py for tasks to queue
[2024-06-01T08:12:53.339+0000] {logging_mixin.py:188} INFO - [2024-06-01T08:12:53.339+0000] {dagbag.py:545} INFO - Filling up the DagBag from /home/airflow/.local/lib/python3.12/site-packages/airflow/example_dags/example_short_circuit_operator.py
[2024-06-01T08:12:53.347+0000] {processor.py:840} INFO - DAG(s) 'example_short_circuit_operator' retrieved from /home/airflow/.local/lib/python3.12/site-packages/airflow/example_dags/example_short_circuit_operator.py
[2024-06-01T08:12:53.371+0000] {logging_mixin.py:188} INFO - [2024-06-01T08:12:53.371+0000] {dag.py:3096} INFO - Sync 1 DAGs
[2024-06-01T08:12:53.394+0000] {logging_mixin.py:188} INFO - [2024-06-01T08:12:53.394+0000] {dag.py:3954} INFO - Setting next_dagrun for example_short_circuit_operator to 2024-05-31 00:00:00+00:00, run_after=2024-06-01 00:00:00+00:00
[2024-06-01T08:12:53.413+0000] {processor.py:183} INFO - Processing /home/airflow/.local/lib/python3.12/site-packages/airflow/example_dags/example_short_circuit_operator.py took 0.083 seconds
[2024-06-01T08:13:24.332+0000] {processor.py:161} INFO - Started process (PID=715) to work on /home/airflow/.local/lib/python3.12/site-packages/airflow/example_dags/example_short_circuit_operator.py
[2024-06-01T08:13:24.333+0000] {processor.py:830} INFO - Processing file /home/airflow/.local/lib/python3.12/site-packages/airflow/example_dags/example_short_circuit_operator.py for tasks to queue
[2024-06-01T08:13:24.335+0000] {logging_mixin.py:188} INFO - [2024-06-01T08:13:24.334+0000] {dagbag.py:545} INFO - Filling up the DagBag from /home/airflow/.local/lib/python3.12/site-packages/airflow/example_dags/example_short_circuit_operator.py
[2024-06-01T08:13:24.342+0000] {processor.py:840} INFO - DAG(s) 'example_short_circuit_operator' retrieved from /home/airflow/.local/lib/python3.12/site-packages/airflow/example_dags/example_short_circuit_operator.py
[2024-06-01T08:13:24.363+0000] {logging_mixin.py:188} INFO - [2024-06-01T08:13:24.363+0000] {dag.py:3096} INFO - Sync 1 DAGs
[2024-06-01T08:13:24.384+0000] {logging_mixin.py:188} INFO - [2024-06-01T08:13:24.383+0000] {dag.py:3954} INFO - Setting next_dagrun for example_short_circuit_operator to 2024-05-31 00:00:00+00:00, run_after=2024-06-01 00:00:00+00:00
[2024-06-01T08:13:24.402+0000] {processor.py:183} INFO - Processing /home/airflow/.local/lib/python3.12/site-packages/airflow/example_dags/example_short_circuit_operator.py took 0.076 seconds
