[2024-06-01T08:07:42.118+0000] {processor.py:161} INFO - Started process (PID=50) to work on /home/airflow/.local/lib/python3.12/site-packages/airflow/example_dags/example_bash_operator.py
[2024-06-01T08:07:42.120+0000] {processor.py:830} INFO - Processing file /home/airflow/.local/lib/python3.12/site-packages/airflow/example_dags/example_bash_operator.py for tasks to queue
[2024-06-01T08:07:42.124+0000] {logging_mixin.py:188} INFO - [2024-06-01T08:07:42.123+0000] {dagbag.py:545} INFO - Filling up the DagBag from /home/airflow/.local/lib/python3.12/site-packages/airflow/example_dags/example_bash_operator.py
[2024-06-01T08:07:42.193+0000] {processor.py:840} INFO - DAG(s) 'example_bash_operator' retrieved from /home/airflow/.local/lib/python3.12/site-packages/airflow/example_dags/example_bash_operator.py
[2024-06-01T08:07:42.323+0000] {logging_mixin.py:188} INFO - [2024-06-01T08:07:42.323+0000] {dag.py:3096} INFO - Sync 1 DAGs
[2024-06-01T08:07:42.463+0000] {logging_mixin.py:188} INFO - [2024-06-01T08:07:42.462+0000] {dag.py:3954} INFO - Setting next_dagrun for example_bash_operator to 2024-05-31 00:00:00+00:00, run_after=2024-06-01 00:00:00+00:00
[2024-06-01T08:07:42.665+0000] {processor.py:183} INFO - Processing /home/airflow/.local/lib/python3.12/site-packages/airflow/example_dags/example_bash_operator.py took 0.565 seconds
[2024-06-01T08:08:13.450+0000] {processor.py:161} INFO - Started process (PID=109) to work on /home/airflow/.local/lib/python3.12/site-packages/airflow/example_dags/example_bash_operator.py
[2024-06-01T08:08:13.452+0000] {processor.py:830} INFO - Processing file /home/airflow/.local/lib/python3.12/site-packages/airflow/example_dags/example_bash_operator.py for tasks to queue
[2024-06-01T08:08:13.455+0000] {logging_mixin.py:188} INFO - [2024-06-01T08:08:13.455+0000] {dagbag.py:545} INFO - Filling up the DagBag from /home/airflow/.local/lib/python3.12/site-packages/airflow/example_dags/example_bash_operator.py
[2024-06-01T08:08:13.471+0000] {processor.py:840} INFO - DAG(s) 'example_bash_operator' retrieved from /home/airflow/.local/lib/python3.12/site-packages/airflow/example_dags/example_bash_operator.py
[2024-06-01T08:08:13.486+0000] {logging_mixin.py:188} INFO - [2024-06-01T08:08:13.486+0000] {dag.py:3096} INFO - Sync 1 DAGs
[2024-06-01T08:08:13.519+0000] {logging_mixin.py:188} INFO - [2024-06-01T08:08:13.518+0000] {dag.py:3954} INFO - Setting next_dagrun for example_bash_operator to 2024-05-31 00:00:00+00:00, run_after=2024-06-01 00:00:00+00:00
[2024-06-01T08:08:13.547+0000] {processor.py:183} INFO - Processing /home/airflow/.local/lib/python3.12/site-packages/airflow/example_dags/example_bash_operator.py took 0.105 seconds
[2024-06-01T08:08:43.680+0000] {processor.py:161} INFO - Started process (PID=167) to work on /home/airflow/.local/lib/python3.12/site-packages/airflow/example_dags/example_bash_operator.py
[2024-06-01T08:08:43.681+0000] {processor.py:830} INFO - Processing file /home/airflow/.local/lib/python3.12/site-packages/airflow/example_dags/example_bash_operator.py for tasks to queue
[2024-06-01T08:08:43.683+0000] {logging_mixin.py:188} INFO - [2024-06-01T08:08:43.683+0000] {dagbag.py:545} INFO - Filling up the DagBag from /home/airflow/.local/lib/python3.12/site-packages/airflow/example_dags/example_bash_operator.py
[2024-06-01T08:08:43.695+0000] {processor.py:840} INFO - DAG(s) 'example_bash_operator' retrieved from /home/airflow/.local/lib/python3.12/site-packages/airflow/example_dags/example_bash_operator.py
[2024-06-01T08:08:43.800+0000] {logging_mixin.py:188} INFO - [2024-06-01T08:08:43.800+0000] {dag.py:3096} INFO - Sync 1 DAGs
[2024-06-01T08:08:43.821+0000] {logging_mixin.py:188} INFO - [2024-06-01T08:08:43.821+0000] {dag.py:3954} INFO - Setting next_dagrun for example_bash_operator to 2024-05-31 00:00:00+00:00, run_after=2024-06-01 00:00:00+00:00
[2024-06-01T08:08:43.841+0000] {processor.py:183} INFO - Processing /home/airflow/.local/lib/python3.12/site-packages/airflow/example_dags/example_bash_operator.py took 0.166 seconds
[2024-06-01T08:09:14.585+0000] {processor.py:161} INFO - Started process (PID=225) to work on /home/airflow/.local/lib/python3.12/site-packages/airflow/example_dags/example_bash_operator.py
[2024-06-01T08:09:14.586+0000] {processor.py:830} INFO - Processing file /home/airflow/.local/lib/python3.12/site-packages/airflow/example_dags/example_bash_operator.py for tasks to queue
[2024-06-01T08:09:14.588+0000] {logging_mixin.py:188} INFO - [2024-06-01T08:09:14.588+0000] {dagbag.py:545} INFO - Filling up the DagBag from /home/airflow/.local/lib/python3.12/site-packages/airflow/example_dags/example_bash_operator.py
[2024-06-01T08:09:14.600+0000] {processor.py:840} INFO - DAG(s) 'example_bash_operator' retrieved from /home/airflow/.local/lib/python3.12/site-packages/airflow/example_dags/example_bash_operator.py
[2024-06-01T08:09:14.626+0000] {logging_mixin.py:188} INFO - [2024-06-01T08:09:14.626+0000] {dag.py:3096} INFO - Sync 1 DAGs
[2024-06-01T08:09:14.650+0000] {logging_mixin.py:188} INFO - [2024-06-01T08:09:14.650+0000] {dag.py:3954} INFO - Setting next_dagrun for example_bash_operator to 2024-05-31 00:00:00+00:00, run_after=2024-06-01 00:00:00+00:00
[2024-06-01T08:09:14.669+0000] {processor.py:183} INFO - Processing /home/airflow/.local/lib/python3.12/site-packages/airflow/example_dags/example_bash_operator.py took 0.090 seconds
[2024-06-01T08:09:44.928+0000] {processor.py:161} INFO - Started process (PID=283) to work on /home/airflow/.local/lib/python3.12/site-packages/airflow/example_dags/example_bash_operator.py
[2024-06-01T08:09:44.929+0000] {processor.py:830} INFO - Processing file /home/airflow/.local/lib/python3.12/site-packages/airflow/example_dags/example_bash_operator.py for tasks to queue
[2024-06-01T08:09:44.930+0000] {logging_mixin.py:188} INFO - [2024-06-01T08:09:44.930+0000] {dagbag.py:545} INFO - Filling up the DagBag from /home/airflow/.local/lib/python3.12/site-packages/airflow/example_dags/example_bash_operator.py
[2024-06-01T08:09:44.941+0000] {processor.py:840} INFO - DAG(s) 'example_bash_operator' retrieved from /home/airflow/.local/lib/python3.12/site-packages/airflow/example_dags/example_bash_operator.py
[2024-06-01T08:09:44.966+0000] {logging_mixin.py:188} INFO - [2024-06-01T08:09:44.966+0000] {dag.py:3096} INFO - Sync 1 DAGs
[2024-06-01T08:09:44.987+0000] {logging_mixin.py:188} INFO - [2024-06-01T08:09:44.987+0000] {dag.py:3954} INFO - Setting next_dagrun for example_bash_operator to 2024-05-31 00:00:00+00:00, run_after=2024-06-01 00:00:00+00:00
[2024-06-01T08:09:45.005+0000] {processor.py:183} INFO - Processing /home/airflow/.local/lib/python3.12/site-packages/airflow/example_dags/example_bash_operator.py took 0.083 seconds
[2024-06-01T08:10:15.184+0000] {processor.py:161} INFO - Started process (PID=341) to work on /home/airflow/.local/lib/python3.12/site-packages/airflow/example_dags/example_bash_operator.py
[2024-06-01T08:10:15.185+0000] {processor.py:830} INFO - Processing file /home/airflow/.local/lib/python3.12/site-packages/airflow/example_dags/example_bash_operator.py for tasks to queue
[2024-06-01T08:10:15.187+0000] {logging_mixin.py:188} INFO - [2024-06-01T08:10:15.187+0000] {dagbag.py:545} INFO - Filling up the DagBag from /home/airflow/.local/lib/python3.12/site-packages/airflow/example_dags/example_bash_operator.py
[2024-06-01T08:10:15.198+0000] {processor.py:840} INFO - DAG(s) 'example_bash_operator' retrieved from /home/airflow/.local/lib/python3.12/site-packages/airflow/example_dags/example_bash_operator.py
[2024-06-01T08:10:15.224+0000] {logging_mixin.py:188} INFO - [2024-06-01T08:10:15.224+0000] {dag.py:3096} INFO - Sync 1 DAGs
[2024-06-01T08:10:15.248+0000] {logging_mixin.py:188} INFO - [2024-06-01T08:10:15.247+0000] {dag.py:3954} INFO - Setting next_dagrun for example_bash_operator to 2024-05-31 00:00:00+00:00, run_after=2024-06-01 00:00:00+00:00
[2024-06-01T08:10:15.267+0000] {processor.py:183} INFO - Processing /home/airflow/.local/lib/python3.12/site-packages/airflow/example_dags/example_bash_operator.py took 0.089 seconds
[2024-06-01T08:10:45.669+0000] {processor.py:161} INFO - Started process (PID=399) to work on /home/airflow/.local/lib/python3.12/site-packages/airflow/example_dags/example_bash_operator.py
[2024-06-01T08:10:45.670+0000] {processor.py:830} INFO - Processing file /home/airflow/.local/lib/python3.12/site-packages/airflow/example_dags/example_bash_operator.py for tasks to queue
[2024-06-01T08:10:45.672+0000] {logging_mixin.py:188} INFO - [2024-06-01T08:10:45.671+0000] {dagbag.py:545} INFO - Filling up the DagBag from /home/airflow/.local/lib/python3.12/site-packages/airflow/example_dags/example_bash_operator.py
[2024-06-01T08:10:45.682+0000] {processor.py:840} INFO - DAG(s) 'example_bash_operator' retrieved from /home/airflow/.local/lib/python3.12/site-packages/airflow/example_dags/example_bash_operator.py
[2024-06-01T08:10:45.707+0000] {logging_mixin.py:188} INFO - [2024-06-01T08:10:45.707+0000] {dag.py:3096} INFO - Sync 1 DAGs
[2024-06-01T08:10:45.732+0000] {logging_mixin.py:188} INFO - [2024-06-01T08:10:45.732+0000] {dag.py:3954} INFO - Setting next_dagrun for example_bash_operator to 2024-05-31 00:00:00+00:00, run_after=2024-06-01 00:00:00+00:00
[2024-06-01T08:10:45.754+0000] {processor.py:183} INFO - Processing /home/airflow/.local/lib/python3.12/site-packages/airflow/example_dags/example_bash_operator.py took 0.090 seconds
[2024-06-01T08:11:16.474+0000] {processor.py:161} INFO - Started process (PID=457) to work on /home/airflow/.local/lib/python3.12/site-packages/airflow/example_dags/example_bash_operator.py
[2024-06-01T08:11:16.475+0000] {processor.py:830} INFO - Processing file /home/airflow/.local/lib/python3.12/site-packages/airflow/example_dags/example_bash_operator.py for tasks to queue
[2024-06-01T08:11:16.476+0000] {logging_mixin.py:188} INFO - [2024-06-01T08:11:16.476+0000] {dagbag.py:545} INFO - Filling up the DagBag from /home/airflow/.local/lib/python3.12/site-packages/airflow/example_dags/example_bash_operator.py
[2024-06-01T08:11:16.487+0000] {processor.py:840} INFO - DAG(s) 'example_bash_operator' retrieved from /home/airflow/.local/lib/python3.12/site-packages/airflow/example_dags/example_bash_operator.py
[2024-06-01T08:11:16.516+0000] {logging_mixin.py:188} INFO - [2024-06-01T08:11:16.516+0000] {dag.py:3096} INFO - Sync 1 DAGs
[2024-06-01T08:11:16.538+0000] {logging_mixin.py:188} INFO - [2024-06-01T08:11:16.538+0000] {dag.py:3954} INFO - Setting next_dagrun for example_bash_operator to 2024-05-31 00:00:00+00:00, run_after=2024-06-01 00:00:00+00:00
[2024-06-01T08:11:16.556+0000] {processor.py:183} INFO - Processing /home/airflow/.local/lib/python3.12/site-packages/airflow/example_dags/example_bash_operator.py took 0.088 seconds
[2024-06-01T08:11:46.643+0000] {processor.py:161} INFO - Started process (PID=515) to work on /home/airflow/.local/lib/python3.12/site-packages/airflow/example_dags/example_bash_operator.py
[2024-06-01T08:11:46.644+0000] {processor.py:830} INFO - Processing file /home/airflow/.local/lib/python3.12/site-packages/airflow/example_dags/example_bash_operator.py for tasks to queue
[2024-06-01T08:11:46.646+0000] {logging_mixin.py:188} INFO - [2024-06-01T08:11:46.646+0000] {dagbag.py:545} INFO - Filling up the DagBag from /home/airflow/.local/lib/python3.12/site-packages/airflow/example_dags/example_bash_operator.py
[2024-06-01T08:11:46.658+0000] {processor.py:840} INFO - DAG(s) 'example_bash_operator' retrieved from /home/airflow/.local/lib/python3.12/site-packages/airflow/example_dags/example_bash_operator.py
[2024-06-01T08:11:46.684+0000] {logging_mixin.py:188} INFO - [2024-06-01T08:11:46.684+0000] {dag.py:3096} INFO - Sync 1 DAGs
[2024-06-01T08:11:46.709+0000] {logging_mixin.py:188} INFO - [2024-06-01T08:11:46.708+0000] {dag.py:3954} INFO - Setting next_dagrun for example_bash_operator to 2024-05-31 00:00:00+00:00, run_after=2024-06-01 00:00:00+00:00
[2024-06-01T08:11:46.727+0000] {processor.py:183} INFO - Processing /home/airflow/.local/lib/python3.12/site-packages/airflow/example_dags/example_bash_operator.py took 0.089 seconds
[2024-06-01T08:12:17.315+0000] {processor.py:161} INFO - Started process (PID=573) to work on /home/airflow/.local/lib/python3.12/site-packages/airflow/example_dags/example_bash_operator.py
[2024-06-01T08:12:17.316+0000] {processor.py:830} INFO - Processing file /home/airflow/.local/lib/python3.12/site-packages/airflow/example_dags/example_bash_operator.py for tasks to queue
[2024-06-01T08:12:17.319+0000] {logging_mixin.py:188} INFO - [2024-06-01T08:12:17.318+0000] {dagbag.py:545} INFO - Filling up the DagBag from /home/airflow/.local/lib/python3.12/site-packages/airflow/example_dags/example_bash_operator.py
[2024-06-01T08:12:17.334+0000] {processor.py:840} INFO - DAG(s) 'example_bash_operator' retrieved from /home/airflow/.local/lib/python3.12/site-packages/airflow/example_dags/example_bash_operator.py
[2024-06-01T08:12:17.367+0000] {logging_mixin.py:188} INFO - [2024-06-01T08:12:17.366+0000] {dag.py:3096} INFO - Sync 1 DAGs
[2024-06-01T08:12:17.398+0000] {logging_mixin.py:188} INFO - [2024-06-01T08:12:17.398+0000] {dag.py:3954} INFO - Setting next_dagrun for example_bash_operator to 2024-05-31 00:00:00+00:00, run_after=2024-06-01 00:00:00+00:00
[2024-06-01T08:12:17.426+0000] {processor.py:183} INFO - Processing /home/airflow/.local/lib/python3.12/site-packages/airflow/example_dags/example_bash_operator.py took 0.119 seconds
[2024-06-01T08:12:47.835+0000] {processor.py:161} INFO - Started process (PID=631) to work on /home/airflow/.local/lib/python3.12/site-packages/airflow/example_dags/example_bash_operator.py
[2024-06-01T08:12:47.836+0000] {processor.py:830} INFO - Processing file /home/airflow/.local/lib/python3.12/site-packages/airflow/example_dags/example_bash_operator.py for tasks to queue
[2024-06-01T08:12:47.838+0000] {logging_mixin.py:188} INFO - [2024-06-01T08:12:47.838+0000] {dagbag.py:545} INFO - Filling up the DagBag from /home/airflow/.local/lib/python3.12/site-packages/airflow/example_dags/example_bash_operator.py
[2024-06-01T08:12:47.848+0000] {processor.py:840} INFO - DAG(s) 'example_bash_operator' retrieved from /home/airflow/.local/lib/python3.12/site-packages/airflow/example_dags/example_bash_operator.py
[2024-06-01T08:12:47.874+0000] {logging_mixin.py:188} INFO - [2024-06-01T08:12:47.874+0000] {dag.py:3096} INFO - Sync 1 DAGs
[2024-06-01T08:12:47.898+0000] {logging_mixin.py:188} INFO - [2024-06-01T08:12:47.897+0000] {dag.py:3954} INFO - Setting next_dagrun for example_bash_operator to 2024-05-31 00:00:00+00:00, run_after=2024-06-01 00:00:00+00:00
[2024-06-01T08:12:47.914+0000] {processor.py:183} INFO - Processing /home/airflow/.local/lib/python3.12/site-packages/airflow/example_dags/example_bash_operator.py took 0.085 seconds
[2024-06-01T08:13:17.974+0000] {processor.py:161} INFO - Started process (PID=689) to work on /home/airflow/.local/lib/python3.12/site-packages/airflow/example_dags/example_bash_operator.py
[2024-06-01T08:13:17.975+0000] {processor.py:830} INFO - Processing file /home/airflow/.local/lib/python3.12/site-packages/airflow/example_dags/example_bash_operator.py for tasks to queue
[2024-06-01T08:13:17.977+0000] {logging_mixin.py:188} INFO - [2024-06-01T08:13:17.976+0000] {dagbag.py:545} INFO - Filling up the DagBag from /home/airflow/.local/lib/python3.12/site-packages/airflow/example_dags/example_bash_operator.py
[2024-06-01T08:13:17.987+0000] {processor.py:840} INFO - DAG(s) 'example_bash_operator' retrieved from /home/airflow/.local/lib/python3.12/site-packages/airflow/example_dags/example_bash_operator.py
[2024-06-01T08:13:18.013+0000] {logging_mixin.py:188} INFO - [2024-06-01T08:13:18.013+0000] {dag.py:3096} INFO - Sync 1 DAGs
[2024-06-01T08:13:18.035+0000] {logging_mixin.py:188} INFO - [2024-06-01T08:13:18.035+0000] {dag.py:3954} INFO - Setting next_dagrun for example_bash_operator to 2024-05-31 00:00:00+00:00, run_after=2024-06-01 00:00:00+00:00
[2024-06-01T08:13:18.052+0000] {processor.py:183} INFO - Processing /home/airflow/.local/lib/python3.12/site-packages/airflow/example_dags/example_bash_operator.py took 0.083 seconds
