[2024-06-01T08:07:40.478+0000] {processor.py:161} INFO - Started process (PID=40) to work on /home/airflow/.local/lib/python3.12/site-packages/airflow/example_dags/example_external_task_marker_dag.py
[2024-06-01T08:07:40.480+0000] {processor.py:830} INFO - Processing file /home/airflow/.local/lib/python3.12/site-packages/airflow/example_dags/example_external_task_marker_dag.py for tasks to queue
[2024-06-01T08:07:40.482+0000] {logging_mixin.py:188} INFO - [2024-06-01T08:07:40.482+0000] {dagbag.py:545} INFO - Filling up the DagBag from /home/airflow/.local/lib/python3.12/site-packages/airflow/example_dags/example_external_task_marker_dag.py
[2024-06-01T08:07:40.495+0000] {processor.py:840} INFO - DAG(s) 'example_external_task_marker_child', 'example_external_task_marker_parent' retrieved from /home/airflow/.local/lib/python3.12/site-packages/airflow/example_dags/example_external_task_marker_dag.py
[2024-06-01T08:07:40.547+0000] {logging_mixin.py:188} INFO - [2024-06-01T08:07:40.547+0000] {dag.py:3096} INFO - Sync 2 DAGs
[2024-06-01T08:07:40.578+0000] {logging_mixin.py:188} INFO - [2024-06-01T08:07:40.577+0000] {dag.py:3954} INFO - Setting next_dagrun for example_external_task_marker_child to None, run_after=None
[2024-06-01T08:07:40.585+0000] {logging_mixin.py:188} INFO - [2024-06-01T08:07:40.584+0000] {dag.py:3954} INFO - Setting next_dagrun for example_external_task_marker_parent to None, run_after=None
[2024-06-01T08:07:40.616+0000] {processor.py:183} INFO - Processing /home/airflow/.local/lib/python3.12/site-packages/airflow/example_dags/example_external_task_marker_dag.py took 0.145 seconds
[2024-06-01T08:08:10.881+0000] {processor.py:161} INFO - Started process (PID=99) to work on /home/airflow/.local/lib/python3.12/site-packages/airflow/example_dags/example_external_task_marker_dag.py
[2024-06-01T08:08:10.882+0000] {processor.py:830} INFO - Processing file /home/airflow/.local/lib/python3.12/site-packages/airflow/example_dags/example_external_task_marker_dag.py for tasks to queue
[2024-06-01T08:08:10.884+0000] {logging_mixin.py:188} INFO - [2024-06-01T08:08:10.884+0000] {dagbag.py:545} INFO - Filling up the DagBag from /home/airflow/.local/lib/python3.12/site-packages/airflow/example_dags/example_external_task_marker_dag.py
[2024-06-01T08:08:10.890+0000] {processor.py:840} INFO - DAG(s) 'example_external_task_marker_child', 'example_external_task_marker_parent' retrieved from /home/airflow/.local/lib/python3.12/site-packages/airflow/example_dags/example_external_task_marker_dag.py
[2024-06-01T08:08:10.901+0000] {logging_mixin.py:188} INFO - [2024-06-01T08:08:10.901+0000] {dag.py:3096} INFO - Sync 2 DAGs
[2024-06-01T08:08:10.915+0000] {logging_mixin.py:188} INFO - [2024-06-01T08:08:10.914+0000] {dag.py:3954} INFO - Setting next_dagrun for example_external_task_marker_child to None, run_after=None
[2024-06-01T08:08:10.919+0000] {logging_mixin.py:188} INFO - [2024-06-01T08:08:10.918+0000] {dag.py:3954} INFO - Setting next_dagrun for example_external_task_marker_parent to None, run_after=None
[2024-06-01T08:08:10.935+0000] {processor.py:183} INFO - Processing /home/airflow/.local/lib/python3.12/site-packages/airflow/example_dags/example_external_task_marker_dag.py took 0.058 seconds
[2024-06-01T08:08:41.657+0000] {processor.py:161} INFO - Started process (PID=157) to work on /home/airflow/.local/lib/python3.12/site-packages/airflow/example_dags/example_external_task_marker_dag.py
[2024-06-01T08:08:41.658+0000] {processor.py:830} INFO - Processing file /home/airflow/.local/lib/python3.12/site-packages/airflow/example_dags/example_external_task_marker_dag.py for tasks to queue
[2024-06-01T08:08:41.660+0000] {logging_mixin.py:188} INFO - [2024-06-01T08:08:41.660+0000] {dagbag.py:545} INFO - Filling up the DagBag from /home/airflow/.local/lib/python3.12/site-packages/airflow/example_dags/example_external_task_marker_dag.py
[2024-06-01T08:08:41.666+0000] {processor.py:840} INFO - DAG(s) 'example_external_task_marker_parent', 'example_external_task_marker_child' retrieved from /home/airflow/.local/lib/python3.12/site-packages/airflow/example_dags/example_external_task_marker_dag.py
[2024-06-01T08:08:41.768+0000] {logging_mixin.py:188} INFO - [2024-06-01T08:08:41.768+0000] {dag.py:3096} INFO - Sync 2 DAGs
[2024-06-01T08:08:41.779+0000] {logging_mixin.py:188} INFO - [2024-06-01T08:08:41.779+0000] {dag.py:3954} INFO - Setting next_dagrun for example_external_task_marker_child to None, run_after=None
[2024-06-01T08:08:41.782+0000] {logging_mixin.py:188} INFO - [2024-06-01T08:08:41.782+0000] {dag.py:3954} INFO - Setting next_dagrun for example_external_task_marker_parent to None, run_after=None
[2024-06-01T08:08:41.799+0000] {processor.py:183} INFO - Processing /home/airflow/.local/lib/python3.12/site-packages/airflow/example_dags/example_external_task_marker_dag.py took 0.149 seconds
[2024-06-01T08:09:12.083+0000] {processor.py:161} INFO - Started process (PID=215) to work on /home/airflow/.local/lib/python3.12/site-packages/airflow/example_dags/example_external_task_marker_dag.py
[2024-06-01T08:09:12.084+0000] {processor.py:830} INFO - Processing file /home/airflow/.local/lib/python3.12/site-packages/airflow/example_dags/example_external_task_marker_dag.py for tasks to queue
[2024-06-01T08:09:12.086+0000] {logging_mixin.py:188} INFO - [2024-06-01T08:09:12.086+0000] {dagbag.py:545} INFO - Filling up the DagBag from /home/airflow/.local/lib/python3.12/site-packages/airflow/example_dags/example_external_task_marker_dag.py
[2024-06-01T08:09:12.091+0000] {processor.py:840} INFO - DAG(s) 'example_external_task_marker_parent', 'example_external_task_marker_child' retrieved from /home/airflow/.local/lib/python3.12/site-packages/airflow/example_dags/example_external_task_marker_dag.py
[2024-06-01T08:09:12.116+0000] {logging_mixin.py:188} INFO - [2024-06-01T08:09:12.116+0000] {dag.py:3096} INFO - Sync 2 DAGs
[2024-06-01T08:09:12.130+0000] {logging_mixin.py:188} INFO - [2024-06-01T08:09:12.130+0000] {dag.py:3954} INFO - Setting next_dagrun for example_external_task_marker_child to None, run_after=None
[2024-06-01T08:09:12.134+0000] {logging_mixin.py:188} INFO - [2024-06-01T08:09:12.134+0000] {dag.py:3954} INFO - Setting next_dagrun for example_external_task_marker_parent to None, run_after=None
[2024-06-01T08:09:12.152+0000] {processor.py:183} INFO - Processing /home/airflow/.local/lib/python3.12/site-packages/airflow/example_dags/example_external_task_marker_dag.py took 0.075 seconds
[2024-06-01T08:09:42.368+0000] {processor.py:161} INFO - Started process (PID=273) to work on /home/airflow/.local/lib/python3.12/site-packages/airflow/example_dags/example_external_task_marker_dag.py
[2024-06-01T08:09:42.369+0000] {processor.py:830} INFO - Processing file /home/airflow/.local/lib/python3.12/site-packages/airflow/example_dags/example_external_task_marker_dag.py for tasks to queue
[2024-06-01T08:09:42.371+0000] {logging_mixin.py:188} INFO - [2024-06-01T08:09:42.371+0000] {dagbag.py:545} INFO - Filling up the DagBag from /home/airflow/.local/lib/python3.12/site-packages/airflow/example_dags/example_external_task_marker_dag.py
[2024-06-01T08:09:42.378+0000] {processor.py:840} INFO - DAG(s) 'example_external_task_marker_parent', 'example_external_task_marker_child' retrieved from /home/airflow/.local/lib/python3.12/site-packages/airflow/example_dags/example_external_task_marker_dag.py
[2024-06-01T08:09:42.405+0000] {logging_mixin.py:188} INFO - [2024-06-01T08:09:42.405+0000] {dag.py:3096} INFO - Sync 2 DAGs
[2024-06-01T08:09:42.421+0000] {logging_mixin.py:188} INFO - [2024-06-01T08:09:42.421+0000] {dag.py:3954} INFO - Setting next_dagrun for example_external_task_marker_child to None, run_after=None
[2024-06-01T08:09:42.426+0000] {logging_mixin.py:188} INFO - [2024-06-01T08:09:42.426+0000] {dag.py:3954} INFO - Setting next_dagrun for example_external_task_marker_parent to None, run_after=None
[2024-06-01T08:09:42.446+0000] {processor.py:183} INFO - Processing /home/airflow/.local/lib/python3.12/site-packages/airflow/example_dags/example_external_task_marker_dag.py took 0.084 seconds
[2024-06-01T08:10:12.618+0000] {processor.py:161} INFO - Started process (PID=331) to work on /home/airflow/.local/lib/python3.12/site-packages/airflow/example_dags/example_external_task_marker_dag.py
[2024-06-01T08:10:12.619+0000] {processor.py:830} INFO - Processing file /home/airflow/.local/lib/python3.12/site-packages/airflow/example_dags/example_external_task_marker_dag.py for tasks to queue
[2024-06-01T08:10:12.621+0000] {logging_mixin.py:188} INFO - [2024-06-01T08:10:12.620+0000] {dagbag.py:545} INFO - Filling up the DagBag from /home/airflow/.local/lib/python3.12/site-packages/airflow/example_dags/example_external_task_marker_dag.py
[2024-06-01T08:10:12.627+0000] {processor.py:840} INFO - DAG(s) 'example_external_task_marker_child', 'example_external_task_marker_parent' retrieved from /home/airflow/.local/lib/python3.12/site-packages/airflow/example_dags/example_external_task_marker_dag.py
[2024-06-01T08:10:12.651+0000] {logging_mixin.py:188} INFO - [2024-06-01T08:10:12.651+0000] {dag.py:3096} INFO - Sync 2 DAGs
[2024-06-01T08:10:12.666+0000] {logging_mixin.py:188} INFO - [2024-06-01T08:10:12.666+0000] {dag.py:3954} INFO - Setting next_dagrun for example_external_task_marker_child to None, run_after=None
[2024-06-01T08:10:12.672+0000] {logging_mixin.py:188} INFO - [2024-06-01T08:10:12.672+0000] {dag.py:3954} INFO - Setting next_dagrun for example_external_task_marker_parent to None, run_after=None
[2024-06-01T08:10:12.695+0000] {processor.py:183} INFO - Processing /home/airflow/.local/lib/python3.12/site-packages/airflow/example_dags/example_external_task_marker_dag.py took 0.083 seconds
[2024-06-01T08:10:43.230+0000] {processor.py:161} INFO - Started process (PID=389) to work on /home/airflow/.local/lib/python3.12/site-packages/airflow/example_dags/example_external_task_marker_dag.py
[2024-06-01T08:10:43.231+0000] {processor.py:830} INFO - Processing file /home/airflow/.local/lib/python3.12/site-packages/airflow/example_dags/example_external_task_marker_dag.py for tasks to queue
[2024-06-01T08:10:43.232+0000] {logging_mixin.py:188} INFO - [2024-06-01T08:10:43.232+0000] {dagbag.py:545} INFO - Filling up the DagBag from /home/airflow/.local/lib/python3.12/site-packages/airflow/example_dags/example_external_task_marker_dag.py
[2024-06-01T08:10:43.238+0000] {processor.py:840} INFO - DAG(s) 'example_external_task_marker_child', 'example_external_task_marker_parent' retrieved from /home/airflow/.local/lib/python3.12/site-packages/airflow/example_dags/example_external_task_marker_dag.py
[2024-06-01T08:10:43.259+0000] {logging_mixin.py:188} INFO - [2024-06-01T08:10:43.258+0000] {dag.py:3096} INFO - Sync 2 DAGs
[2024-06-01T08:10:43.271+0000] {logging_mixin.py:188} INFO - [2024-06-01T08:10:43.271+0000] {dag.py:3954} INFO - Setting next_dagrun for example_external_task_marker_child to None, run_after=None
[2024-06-01T08:10:43.275+0000] {logging_mixin.py:188} INFO - [2024-06-01T08:10:43.275+0000] {dag.py:3954} INFO - Setting next_dagrun for example_external_task_marker_parent to None, run_after=None
[2024-06-01T08:10:43.290+0000] {processor.py:183} INFO - Processing /home/airflow/.local/lib/python3.12/site-packages/airflow/example_dags/example_external_task_marker_dag.py took 0.065 seconds
[2024-06-01T08:11:13.988+0000] {processor.py:161} INFO - Started process (PID=447) to work on /home/airflow/.local/lib/python3.12/site-packages/airflow/example_dags/example_external_task_marker_dag.py
[2024-06-01T08:11:13.989+0000] {processor.py:830} INFO - Processing file /home/airflow/.local/lib/python3.12/site-packages/airflow/example_dags/example_external_task_marker_dag.py for tasks to queue
[2024-06-01T08:11:13.991+0000] {logging_mixin.py:188} INFO - [2024-06-01T08:11:13.990+0000] {dagbag.py:545} INFO - Filling up the DagBag from /home/airflow/.local/lib/python3.12/site-packages/airflow/example_dags/example_external_task_marker_dag.py
[2024-06-01T08:11:13.996+0000] {processor.py:840} INFO - DAG(s) 'example_external_task_marker_child', 'example_external_task_marker_parent' retrieved from /home/airflow/.local/lib/python3.12/site-packages/airflow/example_dags/example_external_task_marker_dag.py
[2024-06-01T08:11:14.017+0000] {logging_mixin.py:188} INFO - [2024-06-01T08:11:14.017+0000] {dag.py:3096} INFO - Sync 2 DAGs
[2024-06-01T08:11:14.030+0000] {logging_mixin.py:188} INFO - [2024-06-01T08:11:14.030+0000] {dag.py:3954} INFO - Setting next_dagrun for example_external_task_marker_child to None, run_after=None
[2024-06-01T08:11:14.034+0000] {logging_mixin.py:188} INFO - [2024-06-01T08:11:14.034+0000] {dag.py:3954} INFO - Setting next_dagrun for example_external_task_marker_parent to None, run_after=None
[2024-06-01T08:11:14.051+0000] {processor.py:183} INFO - Processing /home/airflow/.local/lib/python3.12/site-packages/airflow/example_dags/example_external_task_marker_dag.py took 0.068 seconds
[2024-06-01T08:11:44.155+0000] {processor.py:161} INFO - Started process (PID=505) to work on /home/airflow/.local/lib/python3.12/site-packages/airflow/example_dags/example_external_task_marker_dag.py
[2024-06-01T08:11:44.156+0000] {processor.py:830} INFO - Processing file /home/airflow/.local/lib/python3.12/site-packages/airflow/example_dags/example_external_task_marker_dag.py for tasks to queue
[2024-06-01T08:11:44.157+0000] {logging_mixin.py:188} INFO - [2024-06-01T08:11:44.157+0000] {dagbag.py:545} INFO - Filling up the DagBag from /home/airflow/.local/lib/python3.12/site-packages/airflow/example_dags/example_external_task_marker_dag.py
[2024-06-01T08:11:44.163+0000] {processor.py:840} INFO - DAG(s) 'example_external_task_marker_child', 'example_external_task_marker_parent' retrieved from /home/airflow/.local/lib/python3.12/site-packages/airflow/example_dags/example_external_task_marker_dag.py
[2024-06-01T08:11:44.184+0000] {logging_mixin.py:188} INFO - [2024-06-01T08:11:44.184+0000] {dag.py:3096} INFO - Sync 2 DAGs
[2024-06-01T08:11:44.198+0000] {logging_mixin.py:188} INFO - [2024-06-01T08:11:44.198+0000] {dag.py:3954} INFO - Setting next_dagrun for example_external_task_marker_child to None, run_after=None
[2024-06-01T08:11:44.202+0000] {logging_mixin.py:188} INFO - [2024-06-01T08:11:44.202+0000] {dag.py:3954} INFO - Setting next_dagrun for example_external_task_marker_parent to None, run_after=None
[2024-06-01T08:11:44.220+0000] {processor.py:183} INFO - Processing /home/airflow/.local/lib/python3.12/site-packages/airflow/example_dags/example_external_task_marker_dag.py took 0.071 seconds
[2024-06-01T08:12:14.561+0000] {processor.py:161} INFO - Started process (PID=563) to work on /home/airflow/.local/lib/python3.12/site-packages/airflow/example_dags/example_external_task_marker_dag.py
[2024-06-01T08:12:14.562+0000] {processor.py:830} INFO - Processing file /home/airflow/.local/lib/python3.12/site-packages/airflow/example_dags/example_external_task_marker_dag.py for tasks to queue
[2024-06-01T08:12:14.565+0000] {logging_mixin.py:188} INFO - [2024-06-01T08:12:14.564+0000] {dagbag.py:545} INFO - Filling up the DagBag from /home/airflow/.local/lib/python3.12/site-packages/airflow/example_dags/example_external_task_marker_dag.py
[2024-06-01T08:12:14.572+0000] {processor.py:840} INFO - DAG(s) 'example_external_task_marker_parent', 'example_external_task_marker_child' retrieved from /home/airflow/.local/lib/python3.12/site-packages/airflow/example_dags/example_external_task_marker_dag.py
[2024-06-01T08:12:14.605+0000] {logging_mixin.py:188} INFO - [2024-06-01T08:12:14.604+0000] {dag.py:3096} INFO - Sync 2 DAGs
[2024-06-01T08:12:14.625+0000] {logging_mixin.py:188} INFO - [2024-06-01T08:12:14.625+0000] {dag.py:3954} INFO - Setting next_dagrun for example_external_task_marker_child to None, run_after=None
[2024-06-01T08:12:14.631+0000] {logging_mixin.py:188} INFO - [2024-06-01T08:12:14.630+0000] {dag.py:3954} INFO - Setting next_dagrun for example_external_task_marker_parent to None, run_after=None
[2024-06-01T08:12:14.658+0000] {processor.py:183} INFO - Processing /home/airflow/.local/lib/python3.12/site-packages/airflow/example_dags/example_external_task_marker_dag.py took 0.105 seconds
[2024-06-01T08:12:44.997+0000] {processor.py:161} INFO - Started process (PID=620) to work on /home/airflow/.local/lib/python3.12/site-packages/airflow/example_dags/example_external_task_marker_dag.py
[2024-06-01T08:12:44.998+0000] {processor.py:830} INFO - Processing file /home/airflow/.local/lib/python3.12/site-packages/airflow/example_dags/example_external_task_marker_dag.py for tasks to queue
[2024-06-01T08:12:45.000+0000] {logging_mixin.py:188} INFO - [2024-06-01T08:12:45.000+0000] {dagbag.py:545} INFO - Filling up the DagBag from /home/airflow/.local/lib/python3.12/site-packages/airflow/example_dags/example_external_task_marker_dag.py
[2024-06-01T08:12:45.009+0000] {processor.py:840} INFO - DAG(s) 'example_external_task_marker_parent', 'example_external_task_marker_child' retrieved from /home/airflow/.local/lib/python3.12/site-packages/airflow/example_dags/example_external_task_marker_dag.py
[2024-06-01T08:12:45.041+0000] {logging_mixin.py:188} INFO - [2024-06-01T08:12:45.040+0000] {dag.py:3096} INFO - Sync 2 DAGs
[2024-06-01T08:12:45.062+0000] {logging_mixin.py:188} INFO - [2024-06-01T08:12:45.062+0000] {dag.py:3954} INFO - Setting next_dagrun for example_external_task_marker_child to None, run_after=None
[2024-06-01T08:12:45.068+0000] {logging_mixin.py:188} INFO - [2024-06-01T08:12:45.067+0000] {dag.py:3954} INFO - Setting next_dagrun for example_external_task_marker_parent to None, run_after=None
[2024-06-01T08:12:45.089+0000] {processor.py:183} INFO - Processing /home/airflow/.local/lib/python3.12/site-packages/airflow/example_dags/example_external_task_marker_dag.py took 0.099 seconds
[2024-06-01T08:13:15.361+0000] {processor.py:161} INFO - Started process (PID=678) to work on /home/airflow/.local/lib/python3.12/site-packages/airflow/example_dags/example_external_task_marker_dag.py
[2024-06-01T08:13:15.362+0000] {processor.py:830} INFO - Processing file /home/airflow/.local/lib/python3.12/site-packages/airflow/example_dags/example_external_task_marker_dag.py for tasks to queue
[2024-06-01T08:13:15.363+0000] {logging_mixin.py:188} INFO - [2024-06-01T08:13:15.363+0000] {dagbag.py:545} INFO - Filling up the DagBag from /home/airflow/.local/lib/python3.12/site-packages/airflow/example_dags/example_external_task_marker_dag.py
[2024-06-01T08:13:15.369+0000] {processor.py:840} INFO - DAG(s) 'example_external_task_marker_child', 'example_external_task_marker_parent' retrieved from /home/airflow/.local/lib/python3.12/site-packages/airflow/example_dags/example_external_task_marker_dag.py
[2024-06-01T08:13:15.391+0000] {logging_mixin.py:188} INFO - [2024-06-01T08:13:15.391+0000] {dag.py:3096} INFO - Sync 2 DAGs
[2024-06-01T08:13:15.404+0000] {logging_mixin.py:188} INFO - [2024-06-01T08:13:15.404+0000] {dag.py:3954} INFO - Setting next_dagrun for example_external_task_marker_child to None, run_after=None
[2024-06-01T08:13:15.408+0000] {logging_mixin.py:188} INFO - [2024-06-01T08:13:15.408+0000] {dag.py:3954} INFO - Setting next_dagrun for example_external_task_marker_parent to None, run_after=None
[2024-06-01T08:13:15.444+0000] {processor.py:183} INFO - Processing /home/airflow/.local/lib/python3.12/site-packages/airflow/example_dags/example_external_task_marker_dag.py took 0.088 seconds
