[2024-06-01T08:07:43.451+0000] {processor.py:161} INFO - Started process (PID=54) to work on /home/airflow/.local/lib/python3.12/site-packages/airflow/example_dags/example_branch_operator.py
[2024-06-01T08:07:43.460+0000] {processor.py:830} INFO - Processing file /home/airflow/.local/lib/python3.12/site-packages/airflow/example_dags/example_branch_operator.py for tasks to queue
[2024-06-01T08:07:43.468+0000] {logging_mixin.py:188} INFO - [2024-06-01T08:07:43.467+0000] {dagbag.py:545} INFO - Filling up the DagBag from /home/airflow/.local/lib/python3.12/site-packages/airflow/example_dags/example_branch_operator.py
[2024-06-01T08:07:43.549+0000] {processor.py:840} INFO - DAG(s) 'example_branch_operator' retrieved from /home/airflow/.local/lib/python3.12/site-packages/airflow/example_dags/example_branch_operator.py
[2024-06-01T08:07:43.970+0000] {logging_mixin.py:188} INFO - [2024-06-01T08:07:43.970+0000] {dag.py:3096} INFO - Sync 1 DAGs
[2024-06-01T08:07:44.037+0000] {logging_mixin.py:188} INFO - [2024-06-01T08:07:44.036+0000] {dag.py:3954} INFO - Setting next_dagrun for example_branch_operator to 2024-05-31 00:00:00+00:00, run_after=2024-06-01 00:00:00+00:00
[2024-06-01T08:07:44.092+0000] {processor.py:183} INFO - Processing /home/airflow/.local/lib/python3.12/site-packages/airflow/example_dags/example_branch_operator.py took 0.663 seconds
[2024-06-01T08:08:14.745+0000] {processor.py:161} INFO - Started process (PID=113) to work on /home/airflow/.local/lib/python3.12/site-packages/airflow/example_dags/example_branch_operator.py
[2024-06-01T08:08:14.746+0000] {processor.py:830} INFO - Processing file /home/airflow/.local/lib/python3.12/site-packages/airflow/example_dags/example_branch_operator.py for tasks to queue
[2024-06-01T08:08:14.748+0000] {logging_mixin.py:188} INFO - [2024-06-01T08:08:14.747+0000] {dagbag.py:545} INFO - Filling up the DagBag from /home/airflow/.local/lib/python3.12/site-packages/airflow/example_dags/example_branch_operator.py
[2024-06-01T08:08:14.764+0000] {processor.py:840} INFO - DAG(s) 'example_branch_operator' retrieved from /home/airflow/.local/lib/python3.12/site-packages/airflow/example_dags/example_branch_operator.py
[2024-06-01T08:08:14.776+0000] {logging_mixin.py:188} INFO - [2024-06-01T08:08:14.776+0000] {dag.py:3096} INFO - Sync 1 DAGs
[2024-06-01T08:08:14.811+0000] {logging_mixin.py:188} INFO - [2024-06-01T08:08:14.811+0000] {dag.py:3954} INFO - Setting next_dagrun for example_branch_operator to 2024-05-31 00:00:00+00:00, run_after=2024-06-01 00:00:00+00:00
[2024-06-01T08:08:14.844+0000] {processor.py:183} INFO - Processing /home/airflow/.local/lib/python3.12/site-packages/airflow/example_dags/example_branch_operator.py took 0.104 seconds
[2024-06-01T08:08:45.034+0000] {processor.py:161} INFO - Started process (PID=171) to work on /home/airflow/.local/lib/python3.12/site-packages/airflow/example_dags/example_branch_operator.py
[2024-06-01T08:08:45.035+0000] {processor.py:830} INFO - Processing file /home/airflow/.local/lib/python3.12/site-packages/airflow/example_dags/example_branch_operator.py for tasks to queue
[2024-06-01T08:08:45.038+0000] {logging_mixin.py:188} INFO - [2024-06-01T08:08:45.037+0000] {dagbag.py:545} INFO - Filling up the DagBag from /home/airflow/.local/lib/python3.12/site-packages/airflow/example_dags/example_branch_operator.py
[2024-06-01T08:08:45.062+0000] {processor.py:840} INFO - DAG(s) 'example_branch_operator' retrieved from /home/airflow/.local/lib/python3.12/site-packages/airflow/example_dags/example_branch_operator.py
[2024-06-01T08:08:45.220+0000] {logging_mixin.py:188} INFO - [2024-06-01T08:08:45.219+0000] {dag.py:3096} INFO - Sync 1 DAGs
[2024-06-01T08:08:45.260+0000] {logging_mixin.py:188} INFO - [2024-06-01T08:08:45.259+0000] {dag.py:3954} INFO - Setting next_dagrun for example_branch_operator to 2024-05-31 00:00:00+00:00, run_after=2024-06-01 00:00:00+00:00
[2024-06-01T08:08:45.284+0000] {processor.py:183} INFO - Processing /home/airflow/.local/lib/python3.12/site-packages/airflow/example_dags/example_branch_operator.py took 0.256 seconds
[2024-06-01T08:09:15.799+0000] {processor.py:161} INFO - Started process (PID=229) to work on /home/airflow/.local/lib/python3.12/site-packages/airflow/example_dags/example_branch_operator.py
[2024-06-01T08:09:15.801+0000] {processor.py:830} INFO - Processing file /home/airflow/.local/lib/python3.12/site-packages/airflow/example_dags/example_branch_operator.py for tasks to queue
[2024-06-01T08:09:15.803+0000] {logging_mixin.py:188} INFO - [2024-06-01T08:09:15.802+0000] {dagbag.py:545} INFO - Filling up the DagBag from /home/airflow/.local/lib/python3.12/site-packages/airflow/example_dags/example_branch_operator.py
[2024-06-01T08:09:15.819+0000] {processor.py:840} INFO - DAG(s) 'example_branch_operator' retrieved from /home/airflow/.local/lib/python3.12/site-packages/airflow/example_dags/example_branch_operator.py
[2024-06-01T08:09:15.848+0000] {logging_mixin.py:188} INFO - [2024-06-01T08:09:15.848+0000] {dag.py:3096} INFO - Sync 1 DAGs
[2024-06-01T08:09:15.886+0000] {logging_mixin.py:188} INFO - [2024-06-01T08:09:15.886+0000] {dag.py:3954} INFO - Setting next_dagrun for example_branch_operator to 2024-05-31 00:00:00+00:00, run_after=2024-06-01 00:00:00+00:00
[2024-06-01T08:09:15.908+0000] {processor.py:183} INFO - Processing /home/airflow/.local/lib/python3.12/site-packages/airflow/example_dags/example_branch_operator.py took 0.114 seconds
[2024-06-01T08:09:46.134+0000] {processor.py:161} INFO - Started process (PID=287) to work on /home/airflow/.local/lib/python3.12/site-packages/airflow/example_dags/example_branch_operator.py
[2024-06-01T08:09:46.135+0000] {processor.py:830} INFO - Processing file /home/airflow/.local/lib/python3.12/site-packages/airflow/example_dags/example_branch_operator.py for tasks to queue
[2024-06-01T08:09:46.137+0000] {logging_mixin.py:188} INFO - [2024-06-01T08:09:46.137+0000] {dagbag.py:545} INFO - Filling up the DagBag from /home/airflow/.local/lib/python3.12/site-packages/airflow/example_dags/example_branch_operator.py
[2024-06-01T08:09:46.158+0000] {processor.py:840} INFO - DAG(s) 'example_branch_operator' retrieved from /home/airflow/.local/lib/python3.12/site-packages/airflow/example_dags/example_branch_operator.py
[2024-06-01T08:09:46.190+0000] {logging_mixin.py:188} INFO - [2024-06-01T08:09:46.189+0000] {dag.py:3096} INFO - Sync 1 DAGs
[2024-06-01T08:09:46.215+0000] {logging_mixin.py:188} INFO - [2024-06-01T08:09:46.214+0000] {dag.py:3954} INFO - Setting next_dagrun for example_branch_operator to 2024-05-31 00:00:00+00:00, run_after=2024-06-01 00:00:00+00:00
[2024-06-01T08:09:46.238+0000] {processor.py:183} INFO - Processing /home/airflow/.local/lib/python3.12/site-packages/airflow/example_dags/example_branch_operator.py took 0.110 seconds
[2024-06-01T08:10:16.427+0000] {processor.py:161} INFO - Started process (PID=345) to work on /home/airflow/.local/lib/python3.12/site-packages/airflow/example_dags/example_branch_operator.py
[2024-06-01T08:10:16.428+0000] {processor.py:830} INFO - Processing file /home/airflow/.local/lib/python3.12/site-packages/airflow/example_dags/example_branch_operator.py for tasks to queue
[2024-06-01T08:10:16.431+0000] {logging_mixin.py:188} INFO - [2024-06-01T08:10:16.430+0000] {dagbag.py:545} INFO - Filling up the DagBag from /home/airflow/.local/lib/python3.12/site-packages/airflow/example_dags/example_branch_operator.py
[2024-06-01T08:10:16.446+0000] {processor.py:840} INFO - DAG(s) 'example_branch_operator' retrieved from /home/airflow/.local/lib/python3.12/site-packages/airflow/example_dags/example_branch_operator.py
[2024-06-01T08:10:16.474+0000] {logging_mixin.py:188} INFO - [2024-06-01T08:10:16.474+0000] {dag.py:3096} INFO - Sync 1 DAGs
[2024-06-01T08:10:16.497+0000] {logging_mixin.py:188} INFO - [2024-06-01T08:10:16.497+0000] {dag.py:3954} INFO - Setting next_dagrun for example_branch_operator to 2024-05-31 00:00:00+00:00, run_after=2024-06-01 00:00:00+00:00
[2024-06-01T08:10:16.517+0000] {processor.py:183} INFO - Processing /home/airflow/.local/lib/python3.12/site-packages/airflow/example_dags/example_branch_operator.py took 0.097 seconds
[2024-06-01T08:10:46.891+0000] {processor.py:161} INFO - Started process (PID=403) to work on /home/airflow/.local/lib/python3.12/site-packages/airflow/example_dags/example_branch_operator.py
[2024-06-01T08:10:46.892+0000] {processor.py:830} INFO - Processing file /home/airflow/.local/lib/python3.12/site-packages/airflow/example_dags/example_branch_operator.py for tasks to queue
[2024-06-01T08:10:46.894+0000] {logging_mixin.py:188} INFO - [2024-06-01T08:10:46.893+0000] {dagbag.py:545} INFO - Filling up the DagBag from /home/airflow/.local/lib/python3.12/site-packages/airflow/example_dags/example_branch_operator.py
[2024-06-01T08:10:46.910+0000] {processor.py:840} INFO - DAG(s) 'example_branch_operator' retrieved from /home/airflow/.local/lib/python3.12/site-packages/airflow/example_dags/example_branch_operator.py
[2024-06-01T08:10:46.938+0000] {logging_mixin.py:188} INFO - [2024-06-01T08:10:46.938+0000] {dag.py:3096} INFO - Sync 1 DAGs
[2024-06-01T08:10:46.960+0000] {logging_mixin.py:188} INFO - [2024-06-01T08:10:46.960+0000] {dag.py:3954} INFO - Setting next_dagrun for example_branch_operator to 2024-05-31 00:00:00+00:00, run_after=2024-06-01 00:00:00+00:00
[2024-06-01T08:10:46.979+0000] {processor.py:183} INFO - Processing /home/airflow/.local/lib/python3.12/site-packages/airflow/example_dags/example_branch_operator.py took 0.093 seconds
[2024-06-01T08:11:17.720+0000] {processor.py:161} INFO - Started process (PID=461) to work on /home/airflow/.local/lib/python3.12/site-packages/airflow/example_dags/example_branch_operator.py
[2024-06-01T08:11:17.722+0000] {processor.py:830} INFO - Processing file /home/airflow/.local/lib/python3.12/site-packages/airflow/example_dags/example_branch_operator.py for tasks to queue
[2024-06-01T08:11:17.724+0000] {logging_mixin.py:188} INFO - [2024-06-01T08:11:17.723+0000] {dagbag.py:545} INFO - Filling up the DagBag from /home/airflow/.local/lib/python3.12/site-packages/airflow/example_dags/example_branch_operator.py
[2024-06-01T08:11:17.772+0000] {processor.py:840} INFO - DAG(s) 'example_branch_operator' retrieved from /home/airflow/.local/lib/python3.12/site-packages/airflow/example_dags/example_branch_operator.py
[2024-06-01T08:11:17.821+0000] {logging_mixin.py:188} INFO - [2024-06-01T08:11:17.820+0000] {dag.py:3096} INFO - Sync 1 DAGs
[2024-06-01T08:11:17.867+0000] {logging_mixin.py:188} INFO - [2024-06-01T08:11:17.867+0000] {dag.py:3954} INFO - Setting next_dagrun for example_branch_operator to 2024-05-31 00:00:00+00:00, run_after=2024-06-01 00:00:00+00:00
[2024-06-01T08:11:17.915+0000] {processor.py:183} INFO - Processing /home/airflow/.local/lib/python3.12/site-packages/airflow/example_dags/example_branch_operator.py took 0.202 seconds
[2024-06-01T08:11:48.881+0000] {processor.py:161} INFO - Started process (PID=519) to work on /home/airflow/.local/lib/python3.12/site-packages/airflow/example_dags/example_branch_operator.py
[2024-06-01T08:11:48.882+0000] {processor.py:830} INFO - Processing file /home/airflow/.local/lib/python3.12/site-packages/airflow/example_dags/example_branch_operator.py for tasks to queue
[2024-06-01T08:11:48.894+0000] {logging_mixin.py:188} INFO - [2024-06-01T08:11:48.893+0000] {dagbag.py:545} INFO - Filling up the DagBag from /home/airflow/.local/lib/python3.12/site-packages/airflow/example_dags/example_branch_operator.py
[2024-06-01T08:11:48.927+0000] {processor.py:840} INFO - DAG(s) 'example_branch_operator' retrieved from /home/airflow/.local/lib/python3.12/site-packages/airflow/example_dags/example_branch_operator.py
[2024-06-01T08:11:48.970+0000] {logging_mixin.py:188} INFO - [2024-06-01T08:11:48.970+0000] {dag.py:3096} INFO - Sync 1 DAGs
[2024-06-01T08:11:48.998+0000] {logging_mixin.py:188} INFO - [2024-06-01T08:11:48.998+0000] {dag.py:3954} INFO - Setting next_dagrun for example_branch_operator to 2024-05-31 00:00:00+00:00, run_after=2024-06-01 00:00:00+00:00
[2024-06-01T08:11:49.023+0000] {processor.py:183} INFO - Processing /home/airflow/.local/lib/python3.12/site-packages/airflow/example_dags/example_branch_operator.py took 0.152 seconds
[2024-06-01T08:12:19.601+0000] {processor.py:161} INFO - Started process (PID=577) to work on /home/airflow/.local/lib/python3.12/site-packages/airflow/example_dags/example_branch_operator.py
[2024-06-01T08:12:19.602+0000] {processor.py:830} INFO - Processing file /home/airflow/.local/lib/python3.12/site-packages/airflow/example_dags/example_branch_operator.py for tasks to queue
[2024-06-01T08:12:19.605+0000] {logging_mixin.py:188} INFO - [2024-06-01T08:12:19.605+0000] {dagbag.py:545} INFO - Filling up the DagBag from /home/airflow/.local/lib/python3.12/site-packages/airflow/example_dags/example_branch_operator.py
[2024-06-01T08:12:19.625+0000] {processor.py:840} INFO - DAG(s) 'example_branch_operator' retrieved from /home/airflow/.local/lib/python3.12/site-packages/airflow/example_dags/example_branch_operator.py
[2024-06-01T08:12:19.658+0000] {logging_mixin.py:188} INFO - [2024-06-01T08:12:19.658+0000] {dag.py:3096} INFO - Sync 1 DAGs
[2024-06-01T08:12:19.683+0000] {logging_mixin.py:188} INFO - [2024-06-01T08:12:19.683+0000] {dag.py:3954} INFO - Setting next_dagrun for example_branch_operator to 2024-05-31 00:00:00+00:00, run_after=2024-06-01 00:00:00+00:00
[2024-06-01T08:12:19.709+0000] {processor.py:183} INFO - Processing /home/airflow/.local/lib/python3.12/site-packages/airflow/example_dags/example_branch_operator.py took 0.113 seconds
[2024-06-01T08:12:50.078+0000] {processor.py:161} INFO - Started process (PID=635) to work on /home/airflow/.local/lib/python3.12/site-packages/airflow/example_dags/example_branch_operator.py
[2024-06-01T08:12:50.079+0000] {processor.py:830} INFO - Processing file /home/airflow/.local/lib/python3.12/site-packages/airflow/example_dags/example_branch_operator.py for tasks to queue
[2024-06-01T08:12:50.082+0000] {logging_mixin.py:188} INFO - [2024-06-01T08:12:50.081+0000] {dagbag.py:545} INFO - Filling up the DagBag from /home/airflow/.local/lib/python3.12/site-packages/airflow/example_dags/example_branch_operator.py
[2024-06-01T08:12:50.107+0000] {processor.py:840} INFO - DAG(s) 'example_branch_operator' retrieved from /home/airflow/.local/lib/python3.12/site-packages/airflow/example_dags/example_branch_operator.py
[2024-06-01T08:12:50.148+0000] {logging_mixin.py:188} INFO - [2024-06-01T08:12:50.147+0000] {dag.py:3096} INFO - Sync 1 DAGs
[2024-06-01T08:12:50.180+0000] {logging_mixin.py:188} INFO - [2024-06-01T08:12:50.179+0000] {dag.py:3954} INFO - Setting next_dagrun for example_branch_operator to 2024-05-31 00:00:00+00:00, run_after=2024-06-01 00:00:00+00:00
[2024-06-01T08:12:50.207+0000] {processor.py:183} INFO - Processing /home/airflow/.local/lib/python3.12/site-packages/airflow/example_dags/example_branch_operator.py took 0.137 seconds
[2024-06-01T08:13:20.286+0000] {processor.py:161} INFO - Started process (PID=693) to work on /home/airflow/.local/lib/python3.12/site-packages/airflow/example_dags/example_branch_operator.py
[2024-06-01T08:13:20.287+0000] {processor.py:830} INFO - Processing file /home/airflow/.local/lib/python3.12/site-packages/airflow/example_dags/example_branch_operator.py for tasks to queue
[2024-06-01T08:13:20.291+0000] {logging_mixin.py:188} INFO - [2024-06-01T08:13:20.290+0000] {dagbag.py:545} INFO - Filling up the DagBag from /home/airflow/.local/lib/python3.12/site-packages/airflow/example_dags/example_branch_operator.py
[2024-06-01T08:13:20.322+0000] {processor.py:840} INFO - DAG(s) 'example_branch_operator' retrieved from /home/airflow/.local/lib/python3.12/site-packages/airflow/example_dags/example_branch_operator.py
[2024-06-01T08:13:20.357+0000] {logging_mixin.py:188} INFO - [2024-06-01T08:13:20.357+0000] {dag.py:3096} INFO - Sync 1 DAGs
[2024-06-01T08:13:20.383+0000] {logging_mixin.py:188} INFO - [2024-06-01T08:13:20.383+0000] {dag.py:3954} INFO - Setting next_dagrun for example_branch_operator to 2024-05-31 00:00:00+00:00, run_after=2024-06-01 00:00:00+00:00
[2024-06-01T08:13:20.406+0000] {processor.py:183} INFO - Processing /home/airflow/.local/lib/python3.12/site-packages/airflow/example_dags/example_branch_operator.py took 0.127 seconds
