[2024-06-01T08:07:46.013+0000] {processor.py:161} INFO - Started process (PID=66) to work on /home/airflow/.local/lib/python3.12/site-packages/airflow/example_dags/example_python_decorator.py
[2024-06-01T08:07:46.014+0000] {processor.py:830} INFO - Processing file /home/airflow/.local/lib/python3.12/site-packages/airflow/example_dags/example_python_decorator.py for tasks to queue
[2024-06-01T08:07:46.017+0000] {logging_mixin.py:188} INFO - [2024-06-01T08:07:46.017+0000] {dagbag.py:545} INFO - Filling up the DagBag from /home/airflow/.local/lib/python3.12/site-packages/airflow/example_dags/example_python_decorator.py
[2024-06-01T08:07:46.054+0000] {processor.py:840} INFO - DAG(s) 'example_python_decorator' retrieved from /home/airflow/.local/lib/python3.12/site-packages/airflow/example_dags/example_python_decorator.py
[2024-06-01T08:07:46.244+0000] {logging_mixin.py:188} INFO - [2024-06-01T08:07:46.244+0000] {dag.py:3096} INFO - Sync 1 DAGs
[2024-06-01T08:07:46.263+0000] {logging_mixin.py:188} INFO - [2024-06-01T08:07:46.262+0000] {dag.py:3954} INFO - Setting next_dagrun for example_python_decorator to None, run_after=None
[2024-06-01T08:07:46.297+0000] {processor.py:183} INFO - Processing /home/airflow/.local/lib/python3.12/site-packages/airflow/example_dags/example_python_decorator.py took 0.296 seconds
[2024-06-01T08:08:17.244+0000] {processor.py:161} INFO - Started process (PID=125) to work on /home/airflow/.local/lib/python3.12/site-packages/airflow/example_dags/example_python_decorator.py
[2024-06-01T08:08:17.245+0000] {processor.py:830} INFO - Processing file /home/airflow/.local/lib/python3.12/site-packages/airflow/example_dags/example_python_decorator.py for tasks to queue
[2024-06-01T08:08:17.248+0000] {logging_mixin.py:188} INFO - [2024-06-01T08:08:17.248+0000] {dagbag.py:545} INFO - Filling up the DagBag from /home/airflow/.local/lib/python3.12/site-packages/airflow/example_dags/example_python_decorator.py
[2024-06-01T08:08:17.269+0000] {processor.py:840} INFO - DAG(s) 'example_python_decorator' retrieved from /home/airflow/.local/lib/python3.12/site-packages/airflow/example_dags/example_python_decorator.py
[2024-06-01T08:08:17.285+0000] {logging_mixin.py:188} INFO - [2024-06-01T08:08:17.285+0000] {dag.py:3096} INFO - Sync 1 DAGs
[2024-06-01T08:08:17.307+0000] {logging_mixin.py:188} INFO - [2024-06-01T08:08:17.307+0000] {dag.py:3954} INFO - Setting next_dagrun for example_python_decorator to None, run_after=None
[2024-06-01T08:08:17.335+0000] {processor.py:183} INFO - Processing /home/airflow/.local/lib/python3.12/site-packages/airflow/example_dags/example_python_decorator.py took 0.098 seconds
[2024-06-01T08:08:48.214+0000] {processor.py:161} INFO - Started process (PID=183) to work on /home/airflow/.local/lib/python3.12/site-packages/airflow/example_dags/example_python_decorator.py
[2024-06-01T08:08:48.215+0000] {processor.py:830} INFO - Processing file /home/airflow/.local/lib/python3.12/site-packages/airflow/example_dags/example_python_decorator.py for tasks to queue
[2024-06-01T08:08:48.217+0000] {logging_mixin.py:188} INFO - [2024-06-01T08:08:48.216+0000] {dagbag.py:545} INFO - Filling up the DagBag from /home/airflow/.local/lib/python3.12/site-packages/airflow/example_dags/example_python_decorator.py
[2024-06-01T08:08:48.230+0000] {processor.py:840} INFO - DAG(s) 'example_python_decorator' retrieved from /home/airflow/.local/lib/python3.12/site-packages/airflow/example_dags/example_python_decorator.py
[2024-06-01T08:08:48.333+0000] {logging_mixin.py:188} INFO - [2024-06-01T08:08:48.332+0000] {dag.py:3096} INFO - Sync 1 DAGs
[2024-06-01T08:08:48.344+0000] {logging_mixin.py:188} INFO - [2024-06-01T08:08:48.344+0000] {dag.py:3954} INFO - Setting next_dagrun for example_python_decorator to None, run_after=None
[2024-06-01T08:08:48.369+0000] {processor.py:183} INFO - Processing /home/airflow/.local/lib/python3.12/site-packages/airflow/example_dags/example_python_decorator.py took 0.162 seconds
[2024-06-01T08:09:18.457+0000] {processor.py:161} INFO - Started process (PID=240) to work on /home/airflow/.local/lib/python3.12/site-packages/airflow/example_dags/example_python_decorator.py
[2024-06-01T08:09:18.458+0000] {processor.py:830} INFO - Processing file /home/airflow/.local/lib/python3.12/site-packages/airflow/example_dags/example_python_decorator.py for tasks to queue
[2024-06-01T08:09:18.460+0000] {logging_mixin.py:188} INFO - [2024-06-01T08:09:18.460+0000] {dagbag.py:545} INFO - Filling up the DagBag from /home/airflow/.local/lib/python3.12/site-packages/airflow/example_dags/example_python_decorator.py
[2024-06-01T08:09:18.473+0000] {processor.py:840} INFO - DAG(s) 'example_python_decorator' retrieved from /home/airflow/.local/lib/python3.12/site-packages/airflow/example_dags/example_python_decorator.py
[2024-06-01T08:09:18.493+0000] {logging_mixin.py:188} INFO - [2024-06-01T08:09:18.493+0000] {dag.py:3096} INFO - Sync 1 DAGs
[2024-06-01T08:09:18.506+0000] {logging_mixin.py:188} INFO - [2024-06-01T08:09:18.505+0000] {dag.py:3954} INFO - Setting next_dagrun for example_python_decorator to None, run_after=None
[2024-06-01T08:09:18.524+0000] {processor.py:183} INFO - Processing /home/airflow/.local/lib/python3.12/site-packages/airflow/example_dags/example_python_decorator.py took 0.073 seconds
[2024-06-01T08:09:48.681+0000] {processor.py:161} INFO - Started process (PID=298) to work on /home/airflow/.local/lib/python3.12/site-packages/airflow/example_dags/example_python_decorator.py
[2024-06-01T08:09:48.683+0000] {processor.py:830} INFO - Processing file /home/airflow/.local/lib/python3.12/site-packages/airflow/example_dags/example_python_decorator.py for tasks to queue
[2024-06-01T08:09:48.684+0000] {logging_mixin.py:188} INFO - [2024-06-01T08:09:48.684+0000] {dagbag.py:545} INFO - Filling up the DagBag from /home/airflow/.local/lib/python3.12/site-packages/airflow/example_dags/example_python_decorator.py
[2024-06-01T08:09:48.697+0000] {processor.py:840} INFO - DAG(s) 'example_python_decorator' retrieved from /home/airflow/.local/lib/python3.12/site-packages/airflow/example_dags/example_python_decorator.py
[2024-06-01T08:09:48.717+0000] {logging_mixin.py:188} INFO - [2024-06-01T08:09:48.717+0000] {dag.py:3096} INFO - Sync 1 DAGs
[2024-06-01T08:09:48.730+0000] {logging_mixin.py:188} INFO - [2024-06-01T08:09:48.730+0000] {dag.py:3954} INFO - Setting next_dagrun for example_python_decorator to None, run_after=None
[2024-06-01T08:09:48.748+0000] {processor.py:183} INFO - Processing /home/airflow/.local/lib/python3.12/site-packages/airflow/example_dags/example_python_decorator.py took 0.072 seconds
[2024-06-01T08:10:19.075+0000] {processor.py:161} INFO - Started process (PID=356) to work on /home/airflow/.local/lib/python3.12/site-packages/airflow/example_dags/example_python_decorator.py
[2024-06-01T08:10:19.076+0000] {processor.py:830} INFO - Processing file /home/airflow/.local/lib/python3.12/site-packages/airflow/example_dags/example_python_decorator.py for tasks to queue
[2024-06-01T08:10:19.078+0000] {logging_mixin.py:188} INFO - [2024-06-01T08:10:19.078+0000] {dagbag.py:545} INFO - Filling up the DagBag from /home/airflow/.local/lib/python3.12/site-packages/airflow/example_dags/example_python_decorator.py
[2024-06-01T08:10:19.092+0000] {processor.py:840} INFO - DAG(s) 'example_python_decorator' retrieved from /home/airflow/.local/lib/python3.12/site-packages/airflow/example_dags/example_python_decorator.py
[2024-06-01T08:10:19.113+0000] {logging_mixin.py:188} INFO - [2024-06-01T08:10:19.113+0000] {dag.py:3096} INFO - Sync 1 DAGs
[2024-06-01T08:10:19.126+0000] {logging_mixin.py:188} INFO - [2024-06-01T08:10:19.125+0000] {dag.py:3954} INFO - Setting next_dagrun for example_python_decorator to None, run_after=None
[2024-06-01T08:10:19.145+0000] {processor.py:183} INFO - Processing /home/airflow/.local/lib/python3.12/site-packages/airflow/example_dags/example_python_decorator.py took 0.077 seconds
[2024-06-01T08:10:49.389+0000] {processor.py:161} INFO - Started process (PID=414) to work on /home/airflow/.local/lib/python3.12/site-packages/airflow/example_dags/example_python_decorator.py
[2024-06-01T08:10:49.390+0000] {processor.py:830} INFO - Processing file /home/airflow/.local/lib/python3.12/site-packages/airflow/example_dags/example_python_decorator.py for tasks to queue
[2024-06-01T08:10:49.392+0000] {logging_mixin.py:188} INFO - [2024-06-01T08:10:49.391+0000] {dagbag.py:545} INFO - Filling up the DagBag from /home/airflow/.local/lib/python3.12/site-packages/airflow/example_dags/example_python_decorator.py
[2024-06-01T08:10:49.403+0000] {processor.py:840} INFO - DAG(s) 'example_python_decorator' retrieved from /home/airflow/.local/lib/python3.12/site-packages/airflow/example_dags/example_python_decorator.py
[2024-06-01T08:10:49.424+0000] {logging_mixin.py:188} INFO - [2024-06-01T08:10:49.423+0000] {dag.py:3096} INFO - Sync 1 DAGs
[2024-06-01T08:10:49.436+0000] {logging_mixin.py:188} INFO - [2024-06-01T08:10:49.436+0000] {dag.py:3954} INFO - Setting next_dagrun for example_python_decorator to None, run_after=None
[2024-06-01T08:10:49.453+0000] {processor.py:183} INFO - Processing /home/airflow/.local/lib/python3.12/site-packages/airflow/example_dags/example_python_decorator.py took 0.069 seconds
[2024-06-01T08:11:19.653+0000] {processor.py:161} INFO - Started process (PID=472) to work on /home/airflow/.local/lib/python3.12/site-packages/airflow/example_dags/example_python_decorator.py
[2024-06-01T08:11:19.654+0000] {processor.py:830} INFO - Processing file /home/airflow/.local/lib/python3.12/site-packages/airflow/example_dags/example_python_decorator.py for tasks to queue
[2024-06-01T08:11:19.656+0000] {logging_mixin.py:188} INFO - [2024-06-01T08:11:19.656+0000] {dagbag.py:545} INFO - Filling up the DagBag from /home/airflow/.local/lib/python3.12/site-packages/airflow/example_dags/example_python_decorator.py
[2024-06-01T08:11:19.668+0000] {processor.py:840} INFO - DAG(s) 'example_python_decorator' retrieved from /home/airflow/.local/lib/python3.12/site-packages/airflow/example_dags/example_python_decorator.py
[2024-06-01T08:11:19.689+0000] {logging_mixin.py:188} INFO - [2024-06-01T08:11:19.688+0000] {dag.py:3096} INFO - Sync 1 DAGs
[2024-06-01T08:11:19.702+0000] {logging_mixin.py:188} INFO - [2024-06-01T08:11:19.701+0000] {dag.py:3954} INFO - Setting next_dagrun for example_python_decorator to None, run_after=None
[2024-06-01T08:11:19.719+0000] {processor.py:183} INFO - Processing /home/airflow/.local/lib/python3.12/site-packages/airflow/example_dags/example_python_decorator.py took 0.070 seconds
[2024-06-01T08:11:50.680+0000] {processor.py:161} INFO - Started process (PID=536) to work on /home/airflow/.local/lib/python3.12/site-packages/airflow/example_dags/example_python_decorator.py
[2024-06-01T08:11:50.681+0000] {processor.py:830} INFO - Processing file /home/airflow/.local/lib/python3.12/site-packages/airflow/example_dags/example_python_decorator.py for tasks to queue
[2024-06-01T08:11:50.683+0000] {logging_mixin.py:188} INFO - [2024-06-01T08:11:50.683+0000] {dagbag.py:545} INFO - Filling up the DagBag from /home/airflow/.local/lib/python3.12/site-packages/airflow/example_dags/example_python_decorator.py
[2024-06-01T08:11:50.697+0000] {processor.py:840} INFO - DAG(s) 'example_python_decorator' retrieved from /home/airflow/.local/lib/python3.12/site-packages/airflow/example_dags/example_python_decorator.py
[2024-06-01T08:11:50.720+0000] {logging_mixin.py:188} INFO - [2024-06-01T08:11:50.720+0000] {dag.py:3096} INFO - Sync 1 DAGs
[2024-06-01T08:11:50.733+0000] {logging_mixin.py:188} INFO - [2024-06-01T08:11:50.733+0000] {dag.py:3954} INFO - Setting next_dagrun for example_python_decorator to None, run_after=None
[2024-06-01T08:11:50.763+0000] {processor.py:183} INFO - Processing /home/airflow/.local/lib/python3.12/site-packages/airflow/example_dags/example_python_decorator.py took 0.088 seconds
[2024-06-01T08:12:21.393+0000] {processor.py:161} INFO - Started process (PID=594) to work on /home/airflow/.local/lib/python3.12/site-packages/airflow/example_dags/example_python_decorator.py
[2024-06-01T08:12:21.395+0000] {processor.py:830} INFO - Processing file /home/airflow/.local/lib/python3.12/site-packages/airflow/example_dags/example_python_decorator.py for tasks to queue
[2024-06-01T08:12:21.398+0000] {logging_mixin.py:188} INFO - [2024-06-01T08:12:21.398+0000] {dagbag.py:545} INFO - Filling up the DagBag from /home/airflow/.local/lib/python3.12/site-packages/airflow/example_dags/example_python_decorator.py
[2024-06-01T08:12:21.417+0000] {processor.py:840} INFO - DAG(s) 'example_python_decorator' retrieved from /home/airflow/.local/lib/python3.12/site-packages/airflow/example_dags/example_python_decorator.py
[2024-06-01T08:12:21.442+0000] {logging_mixin.py:188} INFO - [2024-06-01T08:12:21.442+0000] {dag.py:3096} INFO - Sync 1 DAGs
[2024-06-01T08:12:21.460+0000] {logging_mixin.py:188} INFO - [2024-06-01T08:12:21.459+0000] {dag.py:3954} INFO - Setting next_dagrun for example_python_decorator to None, run_after=None
[2024-06-01T08:12:21.484+0000] {processor.py:183} INFO - Processing /home/airflow/.local/lib/python3.12/site-packages/airflow/example_dags/example_python_decorator.py took 0.098 seconds
[2024-06-01T08:12:51.948+0000] {processor.py:161} INFO - Started process (PID=652) to work on /home/airflow/.local/lib/python3.12/site-packages/airflow/example_dags/example_python_decorator.py
[2024-06-01T08:12:51.950+0000] {processor.py:830} INFO - Processing file /home/airflow/.local/lib/python3.12/site-packages/airflow/example_dags/example_python_decorator.py for tasks to queue
[2024-06-01T08:12:51.951+0000] {logging_mixin.py:188} INFO - [2024-06-01T08:12:51.951+0000] {dagbag.py:545} INFO - Filling up the DagBag from /home/airflow/.local/lib/python3.12/site-packages/airflow/example_dags/example_python_decorator.py
[2024-06-01T08:12:51.964+0000] {processor.py:840} INFO - DAG(s) 'example_python_decorator' retrieved from /home/airflow/.local/lib/python3.12/site-packages/airflow/example_dags/example_python_decorator.py
[2024-06-01T08:12:51.989+0000] {logging_mixin.py:188} INFO - [2024-06-01T08:12:51.989+0000] {dag.py:3096} INFO - Sync 1 DAGs
[2024-06-01T08:12:52.011+0000] {logging_mixin.py:188} INFO - [2024-06-01T08:12:52.010+0000] {dag.py:3954} INFO - Setting next_dagrun for example_python_decorator to None, run_after=None
[2024-06-01T08:12:52.031+0000] {processor.py:183} INFO - Processing /home/airflow/.local/lib/python3.12/site-packages/airflow/example_dags/example_python_decorator.py took 0.088 seconds
[2024-06-01T08:13:22.906+0000] {processor.py:161} INFO - Started process (PID=710) to work on /home/airflow/.local/lib/python3.12/site-packages/airflow/example_dags/example_python_decorator.py
[2024-06-01T08:13:22.907+0000] {processor.py:830} INFO - Processing file /home/airflow/.local/lib/python3.12/site-packages/airflow/example_dags/example_python_decorator.py for tasks to queue
[2024-06-01T08:13:22.909+0000] {logging_mixin.py:188} INFO - [2024-06-01T08:13:22.908+0000] {dagbag.py:545} INFO - Filling up the DagBag from /home/airflow/.local/lib/python3.12/site-packages/airflow/example_dags/example_python_decorator.py
[2024-06-01T08:13:22.921+0000] {processor.py:840} INFO - DAG(s) 'example_python_decorator' retrieved from /home/airflow/.local/lib/python3.12/site-packages/airflow/example_dags/example_python_decorator.py
[2024-06-01T08:13:22.944+0000] {logging_mixin.py:188} INFO - [2024-06-01T08:13:22.944+0000] {dag.py:3096} INFO - Sync 1 DAGs
[2024-06-01T08:13:22.956+0000] {logging_mixin.py:188} INFO - [2024-06-01T08:13:22.956+0000] {dag.py:3954} INFO - Setting next_dagrun for example_python_decorator to None, run_after=None
[2024-06-01T08:13:22.973+0000] {processor.py:183} INFO - Processing /home/airflow/.local/lib/python3.12/site-packages/airflow/example_dags/example_python_decorator.py took 0.073 seconds
