[2024-06-01T08:07:44.308+0000] {processor.py:161} INFO - Started process (PID=58) to work on /home/airflow/.local/lib/python3.12/site-packages/airflow/example_dags/example_branch_operator_decorator.py
[2024-06-01T08:07:44.328+0000] {processor.py:830} INFO - Processing file /home/airflow/.local/lib/python3.12/site-packages/airflow/example_dags/example_branch_operator_decorator.py for tasks to queue
[2024-06-01T08:07:44.354+0000] {logging_mixin.py:188} INFO - [2024-06-01T08:07:44.354+0000] {dagbag.py:545} INFO - Filling up the DagBag from /home/airflow/.local/lib/python3.12/site-packages/airflow/example_dags/example_branch_operator_decorator.py
[2024-06-01T08:07:44.450+0000] {processor.py:840} INFO - DAG(s) 'example_branch_python_operator_decorator' retrieved from /home/airflow/.local/lib/python3.12/site-packages/airflow/example_dags/example_branch_operator_decorator.py
[2024-06-01T08:07:44.784+0000] {logging_mixin.py:188} INFO - [2024-06-01T08:07:44.784+0000] {dag.py:3096} INFO - Sync 1 DAGs
[2024-06-01T08:07:44.834+0000] {logging_mixin.py:188} INFO - [2024-06-01T08:07:44.834+0000] {dag.py:3954} INFO - Setting next_dagrun for example_branch_python_operator_decorator to 2024-05-31 00:00:00+00:00, run_after=2024-06-01 00:00:00+00:00
[2024-06-01T08:07:44.877+0000] {processor.py:183} INFO - Processing /home/airflow/.local/lib/python3.12/site-packages/airflow/example_dags/example_branch_operator_decorator.py took 0.597 seconds
[2024-06-01T08:08:14.947+0000] {processor.py:161} INFO - Started process (PID=117) to work on /home/airflow/.local/lib/python3.12/site-packages/airflow/example_dags/example_branch_operator_decorator.py
[2024-06-01T08:08:14.948+0000] {processor.py:830} INFO - Processing file /home/airflow/.local/lib/python3.12/site-packages/airflow/example_dags/example_branch_operator_decorator.py for tasks to queue
[2024-06-01T08:08:14.949+0000] {logging_mixin.py:188} INFO - [2024-06-01T08:08:14.949+0000] {dagbag.py:545} INFO - Filling up the DagBag from /home/airflow/.local/lib/python3.12/site-packages/airflow/example_dags/example_branch_operator_decorator.py
[2024-06-01T08:08:14.969+0000] {processor.py:840} INFO - DAG(s) 'example_branch_python_operator_decorator' retrieved from /home/airflow/.local/lib/python3.12/site-packages/airflow/example_dags/example_branch_operator_decorator.py
[2024-06-01T08:08:14.979+0000] {logging_mixin.py:188} INFO - [2024-06-01T08:08:14.979+0000] {dag.py:3096} INFO - Sync 1 DAGs
[2024-06-01T08:08:15.001+0000] {logging_mixin.py:188} INFO - [2024-06-01T08:08:15.001+0000] {dag.py:3954} INFO - Setting next_dagrun for example_branch_python_operator_decorator to 2024-05-31 00:00:00+00:00, run_after=2024-06-01 00:00:00+00:00
[2024-06-01T08:08:15.020+0000] {processor.py:183} INFO - Processing /home/airflow/.local/lib/python3.12/site-packages/airflow/example_dags/example_branch_operator_decorator.py took 0.078 seconds
[2024-06-01T08:08:45.494+0000] {processor.py:161} INFO - Started process (PID=175) to work on /home/airflow/.local/lib/python3.12/site-packages/airflow/example_dags/example_branch_operator_decorator.py
[2024-06-01T08:08:45.495+0000] {processor.py:830} INFO - Processing file /home/airflow/.local/lib/python3.12/site-packages/airflow/example_dags/example_branch_operator_decorator.py for tasks to queue
[2024-06-01T08:08:45.497+0000] {logging_mixin.py:188} INFO - [2024-06-01T08:08:45.496+0000] {dagbag.py:545} INFO - Filling up the DagBag from /home/airflow/.local/lib/python3.12/site-packages/airflow/example_dags/example_branch_operator_decorator.py
[2024-06-01T08:08:45.521+0000] {processor.py:840} INFO - DAG(s) 'example_branch_python_operator_decorator' retrieved from /home/airflow/.local/lib/python3.12/site-packages/airflow/example_dags/example_branch_operator_decorator.py
[2024-06-01T08:08:45.665+0000] {logging_mixin.py:188} INFO - [2024-06-01T08:08:45.665+0000] {dag.py:3096} INFO - Sync 1 DAGs
[2024-06-01T08:08:45.692+0000] {logging_mixin.py:188} INFO - [2024-06-01T08:08:45.692+0000] {dag.py:3954} INFO - Setting next_dagrun for example_branch_python_operator_decorator to 2024-05-31 00:00:00+00:00, run_after=2024-06-01 00:00:00+00:00
[2024-06-01T08:08:45.712+0000] {processor.py:183} INFO - Processing /home/airflow/.local/lib/python3.12/site-packages/airflow/example_dags/example_branch_operator_decorator.py took 0.226 seconds
[2024-06-01T08:09:16.019+0000] {processor.py:161} INFO - Started process (PID=233) to work on /home/airflow/.local/lib/python3.12/site-packages/airflow/example_dags/example_branch_operator_decorator.py
[2024-06-01T08:09:16.020+0000] {processor.py:830} INFO - Processing file /home/airflow/.local/lib/python3.12/site-packages/airflow/example_dags/example_branch_operator_decorator.py for tasks to queue
[2024-06-01T08:09:16.022+0000] {logging_mixin.py:188} INFO - [2024-06-01T08:09:16.021+0000] {dagbag.py:545} INFO - Filling up the DagBag from /home/airflow/.local/lib/python3.12/site-packages/airflow/example_dags/example_branch_operator_decorator.py
[2024-06-01T08:09:16.048+0000] {processor.py:840} INFO - DAG(s) 'example_branch_python_operator_decorator' retrieved from /home/airflow/.local/lib/python3.12/site-packages/airflow/example_dags/example_branch_operator_decorator.py
[2024-06-01T08:09:16.080+0000] {logging_mixin.py:188} INFO - [2024-06-01T08:09:16.080+0000] {dag.py:3096} INFO - Sync 1 DAGs
[2024-06-01T08:09:16.106+0000] {logging_mixin.py:188} INFO - [2024-06-01T08:09:16.105+0000] {dag.py:3954} INFO - Setting next_dagrun for example_branch_python_operator_decorator to 2024-05-31 00:00:00+00:00, run_after=2024-06-01 00:00:00+00:00
[2024-06-01T08:09:16.126+0000] {processor.py:183} INFO - Processing /home/airflow/.local/lib/python3.12/site-packages/airflow/example_dags/example_branch_operator_decorator.py took 0.115 seconds
[2024-06-01T08:09:46.346+0000] {processor.py:161} INFO - Started process (PID=291) to work on /home/airflow/.local/lib/python3.12/site-packages/airflow/example_dags/example_branch_operator_decorator.py
[2024-06-01T08:09:46.347+0000] {processor.py:830} INFO - Processing file /home/airflow/.local/lib/python3.12/site-packages/airflow/example_dags/example_branch_operator_decorator.py for tasks to queue
[2024-06-01T08:09:46.349+0000] {logging_mixin.py:188} INFO - [2024-06-01T08:09:46.349+0000] {dagbag.py:545} INFO - Filling up the DagBag from /home/airflow/.local/lib/python3.12/site-packages/airflow/example_dags/example_branch_operator_decorator.py
[2024-06-01T08:09:46.369+0000] {processor.py:840} INFO - DAG(s) 'example_branch_python_operator_decorator' retrieved from /home/airflow/.local/lib/python3.12/site-packages/airflow/example_dags/example_branch_operator_decorator.py
[2024-06-01T08:09:46.396+0000] {logging_mixin.py:188} INFO - [2024-06-01T08:09:46.396+0000] {dag.py:3096} INFO - Sync 1 DAGs
[2024-06-01T08:09:46.417+0000] {logging_mixin.py:188} INFO - [2024-06-01T08:09:46.417+0000] {dag.py:3954} INFO - Setting next_dagrun for example_branch_python_operator_decorator to 2024-05-31 00:00:00+00:00, run_after=2024-06-01 00:00:00+00:00
[2024-06-01T08:09:46.433+0000] {processor.py:183} INFO - Processing /home/airflow/.local/lib/python3.12/site-packages/airflow/example_dags/example_branch_operator_decorator.py took 0.093 seconds
[2024-06-01T08:10:16.611+0000] {processor.py:161} INFO - Started process (PID=349) to work on /home/airflow/.local/lib/python3.12/site-packages/airflow/example_dags/example_branch_operator_decorator.py
[2024-06-01T08:10:16.612+0000] {processor.py:830} INFO - Processing file /home/airflow/.local/lib/python3.12/site-packages/airflow/example_dags/example_branch_operator_decorator.py for tasks to queue
[2024-06-01T08:10:16.614+0000] {logging_mixin.py:188} INFO - [2024-06-01T08:10:16.614+0000] {dagbag.py:545} INFO - Filling up the DagBag from /home/airflow/.local/lib/python3.12/site-packages/airflow/example_dags/example_branch_operator_decorator.py
[2024-06-01T08:10:16.635+0000] {processor.py:840} INFO - DAG(s) 'example_branch_python_operator_decorator' retrieved from /home/airflow/.local/lib/python3.12/site-packages/airflow/example_dags/example_branch_operator_decorator.py
[2024-06-01T08:10:16.661+0000] {logging_mixin.py:188} INFO - [2024-06-01T08:10:16.661+0000] {dag.py:3096} INFO - Sync 1 DAGs
[2024-06-01T08:10:16.689+0000] {logging_mixin.py:188} INFO - [2024-06-01T08:10:16.689+0000] {dag.py:3954} INFO - Setting next_dagrun for example_branch_python_operator_decorator to 2024-05-31 00:00:00+00:00, run_after=2024-06-01 00:00:00+00:00
[2024-06-01T08:10:16.710+0000] {processor.py:183} INFO - Processing /home/airflow/.local/lib/python3.12/site-packages/airflow/example_dags/example_branch_operator_decorator.py took 0.104 seconds
[2024-06-01T08:10:47.075+0000] {processor.py:161} INFO - Started process (PID=407) to work on /home/airflow/.local/lib/python3.12/site-packages/airflow/example_dags/example_branch_operator_decorator.py
[2024-06-01T08:10:47.076+0000] {processor.py:830} INFO - Processing file /home/airflow/.local/lib/python3.12/site-packages/airflow/example_dags/example_branch_operator_decorator.py for tasks to queue
[2024-06-01T08:10:47.077+0000] {logging_mixin.py:188} INFO - [2024-06-01T08:10:47.077+0000] {dagbag.py:545} INFO - Filling up the DagBag from /home/airflow/.local/lib/python3.12/site-packages/airflow/example_dags/example_branch_operator_decorator.py
[2024-06-01T08:10:47.098+0000] {processor.py:840} INFO - DAG(s) 'example_branch_python_operator_decorator' retrieved from /home/airflow/.local/lib/python3.12/site-packages/airflow/example_dags/example_branch_operator_decorator.py
[2024-06-01T08:10:47.124+0000] {logging_mixin.py:188} INFO - [2024-06-01T08:10:47.124+0000] {dag.py:3096} INFO - Sync 1 DAGs
[2024-06-01T08:10:47.148+0000] {logging_mixin.py:188} INFO - [2024-06-01T08:10:47.147+0000] {dag.py:3954} INFO - Setting next_dagrun for example_branch_python_operator_decorator to 2024-05-31 00:00:00+00:00, run_after=2024-06-01 00:00:00+00:00
[2024-06-01T08:10:47.165+0000] {processor.py:183} INFO - Processing /home/airflow/.local/lib/python3.12/site-packages/airflow/example_dags/example_branch_operator_decorator.py took 0.096 seconds
[2024-06-01T08:11:18.147+0000] {processor.py:161} INFO - Started process (PID=465) to work on /home/airflow/.local/lib/python3.12/site-packages/airflow/example_dags/example_branch_operator_decorator.py
[2024-06-01T08:11:18.148+0000] {processor.py:830} INFO - Processing file /home/airflow/.local/lib/python3.12/site-packages/airflow/example_dags/example_branch_operator_decorator.py for tasks to queue
[2024-06-01T08:11:18.150+0000] {logging_mixin.py:188} INFO - [2024-06-01T08:11:18.150+0000] {dagbag.py:545} INFO - Filling up the DagBag from /home/airflow/.local/lib/python3.12/site-packages/airflow/example_dags/example_branch_operator_decorator.py
[2024-06-01T08:11:18.179+0000] {processor.py:840} INFO - DAG(s) 'example_branch_python_operator_decorator' retrieved from /home/airflow/.local/lib/python3.12/site-packages/airflow/example_dags/example_branch_operator_decorator.py
[2024-06-01T08:11:18.206+0000] {logging_mixin.py:188} INFO - [2024-06-01T08:11:18.206+0000] {dag.py:3096} INFO - Sync 1 DAGs
[2024-06-01T08:11:18.271+0000] {logging_mixin.py:188} INFO - [2024-06-01T08:11:18.271+0000] {dag.py:3954} INFO - Setting next_dagrun for example_branch_python_operator_decorator to 2024-05-31 00:00:00+00:00, run_after=2024-06-01 00:00:00+00:00
[2024-06-01T08:11:18.340+0000] {processor.py:183} INFO - Processing /home/airflow/.local/lib/python3.12/site-packages/airflow/example_dags/example_branch_operator_decorator.py took 0.199 seconds
[2024-06-01T08:11:49.145+0000] {processor.py:161} INFO - Started process (PID=523) to work on /home/airflow/.local/lib/python3.12/site-packages/airflow/example_dags/example_branch_operator_decorator.py
[2024-06-01T08:11:49.146+0000] {processor.py:830} INFO - Processing file /home/airflow/.local/lib/python3.12/site-packages/airflow/example_dags/example_branch_operator_decorator.py for tasks to queue
[2024-06-01T08:11:49.148+0000] {logging_mixin.py:188} INFO - [2024-06-01T08:11:49.148+0000] {dagbag.py:545} INFO - Filling up the DagBag from /home/airflow/.local/lib/python3.12/site-packages/airflow/example_dags/example_branch_operator_decorator.py
[2024-06-01T08:11:49.171+0000] {processor.py:840} INFO - DAG(s) 'example_branch_python_operator_decorator' retrieved from /home/airflow/.local/lib/python3.12/site-packages/airflow/example_dags/example_branch_operator_decorator.py
[2024-06-01T08:11:49.243+0000] {logging_mixin.py:188} INFO - [2024-06-01T08:11:49.242+0000] {dag.py:3096} INFO - Sync 1 DAGs
[2024-06-01T08:11:49.319+0000] {logging_mixin.py:188} INFO - [2024-06-01T08:11:49.319+0000] {dag.py:3954} INFO - Setting next_dagrun for example_branch_python_operator_decorator to 2024-05-31 00:00:00+00:00, run_after=2024-06-01 00:00:00+00:00
[2024-06-01T08:11:49.371+0000] {processor.py:183} INFO - Processing /home/airflow/.local/lib/python3.12/site-packages/airflow/example_dags/example_branch_operator_decorator.py took 0.232 seconds
[2024-06-01T08:12:19.828+0000] {processor.py:161} INFO - Started process (PID=581) to work on /home/airflow/.local/lib/python3.12/site-packages/airflow/example_dags/example_branch_operator_decorator.py
[2024-06-01T08:12:19.829+0000] {processor.py:830} INFO - Processing file /home/airflow/.local/lib/python3.12/site-packages/airflow/example_dags/example_branch_operator_decorator.py for tasks to queue
[2024-06-01T08:12:19.831+0000] {logging_mixin.py:188} INFO - [2024-06-01T08:12:19.831+0000] {dagbag.py:545} INFO - Filling up the DagBag from /home/airflow/.local/lib/python3.12/site-packages/airflow/example_dags/example_branch_operator_decorator.py
[2024-06-01T08:12:19.858+0000] {processor.py:840} INFO - DAG(s) 'example_branch_python_operator_decorator' retrieved from /home/airflow/.local/lib/python3.12/site-packages/airflow/example_dags/example_branch_operator_decorator.py
[2024-06-01T08:12:19.889+0000] {logging_mixin.py:188} INFO - [2024-06-01T08:12:19.888+0000] {dag.py:3096} INFO - Sync 1 DAGs
[2024-06-01T08:12:19.917+0000] {logging_mixin.py:188} INFO - [2024-06-01T08:12:19.917+0000] {dag.py:3954} INFO - Setting next_dagrun for example_branch_python_operator_decorator to 2024-05-31 00:00:00+00:00, run_after=2024-06-01 00:00:00+00:00
[2024-06-01T08:12:19.939+0000] {processor.py:183} INFO - Processing /home/airflow/.local/lib/python3.12/site-packages/airflow/example_dags/example_branch_operator_decorator.py took 0.119 seconds
[2024-06-01T08:12:50.359+0000] {processor.py:161} INFO - Started process (PID=639) to work on /home/airflow/.local/lib/python3.12/site-packages/airflow/example_dags/example_branch_operator_decorator.py
[2024-06-01T08:12:50.360+0000] {processor.py:830} INFO - Processing file /home/airflow/.local/lib/python3.12/site-packages/airflow/example_dags/example_branch_operator_decorator.py for tasks to queue
[2024-06-01T08:12:50.364+0000] {logging_mixin.py:188} INFO - [2024-06-01T08:12:50.363+0000] {dagbag.py:545} INFO - Filling up the DagBag from /home/airflow/.local/lib/python3.12/site-packages/airflow/example_dags/example_branch_operator_decorator.py
[2024-06-01T08:12:50.411+0000] {processor.py:840} INFO - DAG(s) 'example_branch_python_operator_decorator' retrieved from /home/airflow/.local/lib/python3.12/site-packages/airflow/example_dags/example_branch_operator_decorator.py
[2024-06-01T08:12:50.461+0000] {logging_mixin.py:188} INFO - [2024-06-01T08:12:50.461+0000] {dag.py:3096} INFO - Sync 1 DAGs
[2024-06-01T08:12:50.518+0000] {logging_mixin.py:188} INFO - [2024-06-01T08:12:50.518+0000] {dag.py:3954} INFO - Setting next_dagrun for example_branch_python_operator_decorator to 2024-05-31 00:00:00+00:00, run_after=2024-06-01 00:00:00+00:00
[2024-06-01T08:12:50.542+0000] {processor.py:183} INFO - Processing /home/airflow/.local/lib/python3.12/site-packages/airflow/example_dags/example_branch_operator_decorator.py took 0.191 seconds
[2024-06-01T08:13:21.524+0000] {processor.py:161} INFO - Started process (PID=703) to work on /home/airflow/.local/lib/python3.12/site-packages/airflow/example_dags/example_branch_operator_decorator.py
[2024-06-01T08:13:21.525+0000] {processor.py:830} INFO - Processing file /home/airflow/.local/lib/python3.12/site-packages/airflow/example_dags/example_branch_operator_decorator.py for tasks to queue
[2024-06-01T08:13:21.527+0000] {logging_mixin.py:188} INFO - [2024-06-01T08:13:21.527+0000] {dagbag.py:545} INFO - Filling up the DagBag from /home/airflow/.local/lib/python3.12/site-packages/airflow/example_dags/example_branch_operator_decorator.py
[2024-06-01T08:13:21.552+0000] {processor.py:840} INFO - DAG(s) 'example_branch_python_operator_decorator' retrieved from /home/airflow/.local/lib/python3.12/site-packages/airflow/example_dags/example_branch_operator_decorator.py
[2024-06-01T08:13:21.589+0000] {logging_mixin.py:188} INFO - [2024-06-01T08:13:21.589+0000] {dag.py:3096} INFO - Sync 1 DAGs
[2024-06-01T08:13:21.618+0000] {logging_mixin.py:188} INFO - [2024-06-01T08:13:21.618+0000] {dag.py:3954} INFO - Setting next_dagrun for example_branch_python_operator_decorator to 2024-05-31 00:00:00+00:00, run_after=2024-06-01 00:00:00+00:00
[2024-06-01T08:13:21.639+0000] {processor.py:183} INFO - Processing /home/airflow/.local/lib/python3.12/site-packages/airflow/example_dags/example_branch_operator_decorator.py took 0.122 seconds
