[2024-06-01T08:07:46.667+0000] {processor.py:161} INFO - Started process (PID=71) to work on /home/airflow/.local/lib/python3.12/site-packages/airflow/example_dags/example_skip_dag.py
[2024-06-01T08:07:46.668+0000] {processor.py:830} INFO - Processing file /home/airflow/.local/lib/python3.12/site-packages/airflow/example_dags/example_skip_dag.py for tasks to queue
[2024-06-01T08:07:46.670+0000] {logging_mixin.py:188} INFO - [2024-06-01T08:07:46.670+0000] {dagbag.py:545} INFO - Filling up the DagBag from /home/airflow/.local/lib/python3.12/site-packages/airflow/example_dags/example_skip_dag.py
[2024-06-01T08:07:46.682+0000] {processor.py:840} INFO - DAG(s) 'example_skip_dag' retrieved from /home/airflow/.local/lib/python3.12/site-packages/airflow/example_dags/example_skip_dag.py
[2024-06-01T08:07:46.715+0000] {logging_mixin.py:188} INFO - [2024-06-01T08:07:46.715+0000] {dag.py:3096} INFO - Sync 1 DAGs
[2024-06-01T08:07:46.746+0000] {logging_mixin.py:188} INFO - [2024-06-01T08:07:46.745+0000] {dag.py:3954} INFO - Setting next_dagrun for example_skip_dag to 2024-05-31 00:00:00+00:00, run_after=2024-06-01 00:00:00+00:00
[2024-06-01T08:07:46.772+0000] {processor.py:183} INFO - Processing /home/airflow/.local/lib/python3.12/site-packages/airflow/example_dags/example_skip_dag.py took 0.112 seconds
[2024-06-01T08:08:17.672+0000] {processor.py:161} INFO - Started process (PID=130) to work on /home/airflow/.local/lib/python3.12/site-packages/airflow/example_dags/example_skip_dag.py
[2024-06-01T08:08:17.673+0000] {processor.py:830} INFO - Processing file /home/airflow/.local/lib/python3.12/site-packages/airflow/example_dags/example_skip_dag.py for tasks to queue
[2024-06-01T08:08:17.675+0000] {logging_mixin.py:188} INFO - [2024-06-01T08:08:17.674+0000] {dagbag.py:545} INFO - Filling up the DagBag from /home/airflow/.local/lib/python3.12/site-packages/airflow/example_dags/example_skip_dag.py
[2024-06-01T08:08:17.682+0000] {processor.py:840} INFO - DAG(s) 'example_skip_dag' retrieved from /home/airflow/.local/lib/python3.12/site-packages/airflow/example_dags/example_skip_dag.py
[2024-06-01T08:08:17.694+0000] {logging_mixin.py:188} INFO - [2024-06-01T08:08:17.694+0000] {dag.py:3096} INFO - Sync 1 DAGs
[2024-06-01T08:08:17.718+0000] {logging_mixin.py:188} INFO - [2024-06-01T08:08:17.717+0000] {dag.py:3954} INFO - Setting next_dagrun for example_skip_dag to 2024-05-31 00:00:00+00:00, run_after=2024-06-01 00:00:00+00:00
[2024-06-01T08:08:17.735+0000] {processor.py:183} INFO - Processing /home/airflow/.local/lib/python3.12/site-packages/airflow/example_dags/example_skip_dag.py took 0.069 seconds
[2024-06-01T08:08:48.769+0000] {processor.py:161} INFO - Started process (PID=188) to work on /home/airflow/.local/lib/python3.12/site-packages/airflow/example_dags/example_skip_dag.py
[2024-06-01T08:08:48.770+0000] {processor.py:830} INFO - Processing file /home/airflow/.local/lib/python3.12/site-packages/airflow/example_dags/example_skip_dag.py for tasks to queue
[2024-06-01T08:08:48.772+0000] {logging_mixin.py:188} INFO - [2024-06-01T08:08:48.771+0000] {dagbag.py:545} INFO - Filling up the DagBag from /home/airflow/.local/lib/python3.12/site-packages/airflow/example_dags/example_skip_dag.py
[2024-06-01T08:08:48.777+0000] {processor.py:840} INFO - DAG(s) 'example_skip_dag' retrieved from /home/airflow/.local/lib/python3.12/site-packages/airflow/example_dags/example_skip_dag.py
[2024-06-01T08:08:48.879+0000] {logging_mixin.py:188} INFO - [2024-06-01T08:08:48.879+0000] {dag.py:3096} INFO - Sync 1 DAGs
[2024-06-01T08:08:48.899+0000] {logging_mixin.py:188} INFO - [2024-06-01T08:08:48.899+0000] {dag.py:3954} INFO - Setting next_dagrun for example_skip_dag to 2024-05-31 00:00:00+00:00, run_after=2024-06-01 00:00:00+00:00
[2024-06-01T08:08:48.916+0000] {processor.py:183} INFO - Processing /home/airflow/.local/lib/python3.12/site-packages/airflow/example_dags/example_skip_dag.py took 0.152 seconds
[2024-06-01T08:09:18.991+0000] {processor.py:161} INFO - Started process (PID=246) to work on /home/airflow/.local/lib/python3.12/site-packages/airflow/example_dags/example_skip_dag.py
[2024-06-01T08:09:18.992+0000] {processor.py:830} INFO - Processing file /home/airflow/.local/lib/python3.12/site-packages/airflow/example_dags/example_skip_dag.py for tasks to queue
[2024-06-01T08:09:18.994+0000] {logging_mixin.py:188} INFO - [2024-06-01T08:09:18.994+0000] {dagbag.py:545} INFO - Filling up the DagBag from /home/airflow/.local/lib/python3.12/site-packages/airflow/example_dags/example_skip_dag.py
[2024-06-01T08:09:19.001+0000] {processor.py:840} INFO - DAG(s) 'example_skip_dag' retrieved from /home/airflow/.local/lib/python3.12/site-packages/airflow/example_dags/example_skip_dag.py
[2024-06-01T08:09:19.020+0000] {logging_mixin.py:188} INFO - [2024-06-01T08:09:19.020+0000] {dag.py:3096} INFO - Sync 1 DAGs
[2024-06-01T08:09:19.042+0000] {logging_mixin.py:188} INFO - [2024-06-01T08:09:19.042+0000] {dag.py:3954} INFO - Setting next_dagrun for example_skip_dag to 2024-05-31 00:00:00+00:00, run_after=2024-06-01 00:00:00+00:00
[2024-06-01T08:09:19.065+0000] {processor.py:183} INFO - Processing /home/airflow/.local/lib/python3.12/site-packages/airflow/example_dags/example_skip_dag.py took 0.079 seconds
[2024-06-01T08:09:50.105+0000] {processor.py:161} INFO - Started process (PID=304) to work on /home/airflow/.local/lib/python3.12/site-packages/airflow/example_dags/example_skip_dag.py
[2024-06-01T08:09:50.106+0000] {processor.py:830} INFO - Processing file /home/airflow/.local/lib/python3.12/site-packages/airflow/example_dags/example_skip_dag.py for tasks to queue
[2024-06-01T08:09:50.107+0000] {logging_mixin.py:188} INFO - [2024-06-01T08:09:50.107+0000] {dagbag.py:545} INFO - Filling up the DagBag from /home/airflow/.local/lib/python3.12/site-packages/airflow/example_dags/example_skip_dag.py
[2024-06-01T08:09:50.114+0000] {processor.py:840} INFO - DAG(s) 'example_skip_dag' retrieved from /home/airflow/.local/lib/python3.12/site-packages/airflow/example_dags/example_skip_dag.py
[2024-06-01T08:09:50.133+0000] {logging_mixin.py:188} INFO - [2024-06-01T08:09:50.133+0000] {dag.py:3096} INFO - Sync 1 DAGs
[2024-06-01T08:09:50.157+0000] {logging_mixin.py:188} INFO - [2024-06-01T08:09:50.156+0000] {dag.py:3954} INFO - Setting next_dagrun for example_skip_dag to 2024-05-31 00:00:00+00:00, run_after=2024-06-01 00:00:00+00:00
[2024-06-01T08:09:50.177+0000] {processor.py:183} INFO - Processing /home/airflow/.local/lib/python3.12/site-packages/airflow/example_dags/example_skip_dag.py took 0.078 seconds
[2024-06-01T08:10:20.472+0000] {processor.py:161} INFO - Started process (PID=368) to work on /home/airflow/.local/lib/python3.12/site-packages/airflow/example_dags/example_skip_dag.py
[2024-06-01T08:10:20.473+0000] {processor.py:830} INFO - Processing file /home/airflow/.local/lib/python3.12/site-packages/airflow/example_dags/example_skip_dag.py for tasks to queue
[2024-06-01T08:10:20.475+0000] {logging_mixin.py:188} INFO - [2024-06-01T08:10:20.475+0000] {dagbag.py:545} INFO - Filling up the DagBag from /home/airflow/.local/lib/python3.12/site-packages/airflow/example_dags/example_skip_dag.py
[2024-06-01T08:10:20.482+0000] {processor.py:840} INFO - DAG(s) 'example_skip_dag' retrieved from /home/airflow/.local/lib/python3.12/site-packages/airflow/example_dags/example_skip_dag.py
[2024-06-01T08:10:20.502+0000] {logging_mixin.py:188} INFO - [2024-06-01T08:10:20.502+0000] {dag.py:3096} INFO - Sync 1 DAGs
[2024-06-01T08:10:20.529+0000] {logging_mixin.py:188} INFO - [2024-06-01T08:10:20.529+0000] {dag.py:3954} INFO - Setting next_dagrun for example_skip_dag to 2024-05-31 00:00:00+00:00, run_after=2024-06-01 00:00:00+00:00
[2024-06-01T08:10:20.547+0000] {processor.py:183} INFO - Processing /home/airflow/.local/lib/python3.12/site-packages/airflow/example_dags/example_skip_dag.py took 0.080 seconds
[2024-06-01T08:10:50.763+0000] {processor.py:161} INFO - Started process (PID=426) to work on /home/airflow/.local/lib/python3.12/site-packages/airflow/example_dags/example_skip_dag.py
[2024-06-01T08:10:50.764+0000] {processor.py:830} INFO - Processing file /home/airflow/.local/lib/python3.12/site-packages/airflow/example_dags/example_skip_dag.py for tasks to queue
[2024-06-01T08:10:50.766+0000] {logging_mixin.py:188} INFO - [2024-06-01T08:10:50.765+0000] {dagbag.py:545} INFO - Filling up the DagBag from /home/airflow/.local/lib/python3.12/site-packages/airflow/example_dags/example_skip_dag.py
[2024-06-01T08:10:50.772+0000] {processor.py:840} INFO - DAG(s) 'example_skip_dag' retrieved from /home/airflow/.local/lib/python3.12/site-packages/airflow/example_dags/example_skip_dag.py
[2024-06-01T08:10:50.792+0000] {logging_mixin.py:188} INFO - [2024-06-01T08:10:50.792+0000] {dag.py:3096} INFO - Sync 1 DAGs
[2024-06-01T08:10:50.817+0000] {logging_mixin.py:188} INFO - [2024-06-01T08:10:50.816+0000] {dag.py:3954} INFO - Setting next_dagrun for example_skip_dag to 2024-05-31 00:00:00+00:00, run_after=2024-06-01 00:00:00+00:00
[2024-06-01T08:10:50.836+0000] {processor.py:183} INFO - Processing /home/airflow/.local/lib/python3.12/site-packages/airflow/example_dags/example_skip_dag.py took 0.079 seconds
[2024-06-01T08:11:21.067+0000] {processor.py:161} INFO - Started process (PID=484) to work on /home/airflow/.local/lib/python3.12/site-packages/airflow/example_dags/example_skip_dag.py
[2024-06-01T08:11:21.068+0000] {processor.py:830} INFO - Processing file /home/airflow/.local/lib/python3.12/site-packages/airflow/example_dags/example_skip_dag.py for tasks to queue
[2024-06-01T08:11:21.070+0000] {logging_mixin.py:188} INFO - [2024-06-01T08:11:21.069+0000] {dagbag.py:545} INFO - Filling up the DagBag from /home/airflow/.local/lib/python3.12/site-packages/airflow/example_dags/example_skip_dag.py
[2024-06-01T08:11:21.076+0000] {processor.py:840} INFO - DAG(s) 'example_skip_dag' retrieved from /home/airflow/.local/lib/python3.12/site-packages/airflow/example_dags/example_skip_dag.py
[2024-06-01T08:11:21.094+0000] {logging_mixin.py:188} INFO - [2024-06-01T08:11:21.094+0000] {dag.py:3096} INFO - Sync 1 DAGs
[2024-06-01T08:11:21.115+0000] {logging_mixin.py:188} INFO - [2024-06-01T08:11:21.115+0000] {dag.py:3954} INFO - Setting next_dagrun for example_skip_dag to 2024-05-31 00:00:00+00:00, run_after=2024-06-01 00:00:00+00:00
[2024-06-01T08:11:21.132+0000] {processor.py:183} INFO - Processing /home/airflow/.local/lib/python3.12/site-packages/airflow/example_dags/example_skip_dag.py took 0.070 seconds
[2024-06-01T08:11:52.115+0000] {processor.py:161} INFO - Started process (PID=542) to work on /home/airflow/.local/lib/python3.12/site-packages/airflow/example_dags/example_skip_dag.py
[2024-06-01T08:11:52.116+0000] {processor.py:830} INFO - Processing file /home/airflow/.local/lib/python3.12/site-packages/airflow/example_dags/example_skip_dag.py for tasks to queue
[2024-06-01T08:11:52.118+0000] {logging_mixin.py:188} INFO - [2024-06-01T08:11:52.118+0000] {dagbag.py:545} INFO - Filling up the DagBag from /home/airflow/.local/lib/python3.12/site-packages/airflow/example_dags/example_skip_dag.py
[2024-06-01T08:11:52.125+0000] {processor.py:840} INFO - DAG(s) 'example_skip_dag' retrieved from /home/airflow/.local/lib/python3.12/site-packages/airflow/example_dags/example_skip_dag.py
[2024-06-01T08:11:52.146+0000] {logging_mixin.py:188} INFO - [2024-06-01T08:11:52.146+0000] {dag.py:3096} INFO - Sync 1 DAGs
[2024-06-01T08:11:52.175+0000] {logging_mixin.py:188} INFO - [2024-06-01T08:11:52.174+0000] {dag.py:3954} INFO - Setting next_dagrun for example_skip_dag to 2024-05-31 00:00:00+00:00, run_after=2024-06-01 00:00:00+00:00
[2024-06-01T08:11:52.199+0000] {processor.py:183} INFO - Processing /home/airflow/.local/lib/python3.12/site-packages/airflow/example_dags/example_skip_dag.py took 0.090 seconds
[2024-06-01T08:12:22.788+0000] {processor.py:161} INFO - Started process (PID=600) to work on /home/airflow/.local/lib/python3.12/site-packages/airflow/example_dags/example_skip_dag.py
[2024-06-01T08:12:22.789+0000] {processor.py:830} INFO - Processing file /home/airflow/.local/lib/python3.12/site-packages/airflow/example_dags/example_skip_dag.py for tasks to queue
[2024-06-01T08:12:22.791+0000] {logging_mixin.py:188} INFO - [2024-06-01T08:12:22.791+0000] {dagbag.py:545} INFO - Filling up the DagBag from /home/airflow/.local/lib/python3.12/site-packages/airflow/example_dags/example_skip_dag.py
[2024-06-01T08:12:22.799+0000] {processor.py:840} INFO - DAG(s) 'example_skip_dag' retrieved from /home/airflow/.local/lib/python3.12/site-packages/airflow/example_dags/example_skip_dag.py
[2024-06-01T08:12:22.823+0000] {logging_mixin.py:188} INFO - [2024-06-01T08:12:22.823+0000] {dag.py:3096} INFO - Sync 1 DAGs
[2024-06-01T08:12:22.855+0000] {logging_mixin.py:188} INFO - [2024-06-01T08:12:22.855+0000] {dag.py:3954} INFO - Setting next_dagrun for example_skip_dag to 2024-05-31 00:00:00+00:00, run_after=2024-06-01 00:00:00+00:00
[2024-06-01T08:12:22.877+0000] {processor.py:183} INFO - Processing /home/airflow/.local/lib/python3.12/site-packages/airflow/example_dags/example_skip_dag.py took 0.096 seconds
[2024-06-01T08:12:53.420+0000] {processor.py:161} INFO - Started process (PID=658) to work on /home/airflow/.local/lib/python3.12/site-packages/airflow/example_dags/example_skip_dag.py
[2024-06-01T08:12:53.422+0000] {processor.py:830} INFO - Processing file /home/airflow/.local/lib/python3.12/site-packages/airflow/example_dags/example_skip_dag.py for tasks to queue
[2024-06-01T08:12:53.424+0000] {logging_mixin.py:188} INFO - [2024-06-01T08:12:53.423+0000] {dagbag.py:545} INFO - Filling up the DagBag from /home/airflow/.local/lib/python3.12/site-packages/airflow/example_dags/example_skip_dag.py
[2024-06-01T08:12:53.431+0000] {processor.py:840} INFO - DAG(s) 'example_skip_dag' retrieved from /home/airflow/.local/lib/python3.12/site-packages/airflow/example_dags/example_skip_dag.py
[2024-06-01T08:12:53.455+0000] {logging_mixin.py:188} INFO - [2024-06-01T08:12:53.455+0000] {dag.py:3096} INFO - Sync 1 DAGs
[2024-06-01T08:12:53.480+0000] {logging_mixin.py:188} INFO - [2024-06-01T08:12:53.480+0000] {dag.py:3954} INFO - Setting next_dagrun for example_skip_dag to 2024-05-31 00:00:00+00:00, run_after=2024-06-01 00:00:00+00:00
[2024-06-01T08:12:53.498+0000] {processor.py:183} INFO - Processing /home/airflow/.local/lib/python3.12/site-packages/airflow/example_dags/example_skip_dag.py took 0.085 seconds
[2024-06-01T08:13:24.355+0000] {processor.py:161} INFO - Started process (PID=716) to work on /home/airflow/.local/lib/python3.12/site-packages/airflow/example_dags/example_skip_dag.py
[2024-06-01T08:13:24.356+0000] {processor.py:830} INFO - Processing file /home/airflow/.local/lib/python3.12/site-packages/airflow/example_dags/example_skip_dag.py for tasks to queue
[2024-06-01T08:13:24.358+0000] {logging_mixin.py:188} INFO - [2024-06-01T08:13:24.358+0000] {dagbag.py:545} INFO - Filling up the DagBag from /home/airflow/.local/lib/python3.12/site-packages/airflow/example_dags/example_skip_dag.py
[2024-06-01T08:13:24.364+0000] {processor.py:840} INFO - DAG(s) 'example_skip_dag' retrieved from /home/airflow/.local/lib/python3.12/site-packages/airflow/example_dags/example_skip_dag.py
[2024-06-01T08:13:24.383+0000] {logging_mixin.py:188} INFO - [2024-06-01T08:13:24.383+0000] {dag.py:3096} INFO - Sync 1 DAGs
[2024-06-01T08:13:24.404+0000] {logging_mixin.py:188} INFO - [2024-06-01T08:13:24.404+0000] {dag.py:3954} INFO - Setting next_dagrun for example_skip_dag to 2024-05-31 00:00:00+00:00, run_after=2024-06-01 00:00:00+00:00
[2024-06-01T08:13:24.423+0000] {processor.py:183} INFO - Processing /home/airflow/.local/lib/python3.12/site-packages/airflow/example_dags/example_skip_dag.py took 0.073 seconds
