[2024-06-01T08:07:38.451+0000] {processor.py:161} INFO - Started process (PID=35) to work on /home/airflow/.local/lib/python3.12/site-packages/airflow/example_dags/example_python_operator.py
[2024-06-01T08:07:38.452+0000] {processor.py:830} INFO - Processing file /home/airflow/.local/lib/python3.12/site-packages/airflow/example_dags/example_python_operator.py for tasks to queue
[2024-06-01T08:07:38.454+0000] {logging_mixin.py:188} INFO - [2024-06-01T08:07:38.454+0000] {dagbag.py:545} INFO - Filling up the DagBag from /home/airflow/.local/lib/python3.12/site-packages/airflow/example_dags/example_python_operator.py
[2024-06-01T08:07:38.470+0000] {processor.py:840} INFO - DAG(s) 'example_python_operator' retrieved from /home/airflow/.local/lib/python3.12/site-packages/airflow/example_dags/example_python_operator.py
[2024-06-01T08:07:40.169+0000] {logging_mixin.py:188} INFO - [2024-06-01T08:07:40.168+0000] {dag.py:3096} INFO - Sync 1 DAGs
[2024-06-01T08:07:40.188+0000] {logging_mixin.py:188} INFO - [2024-06-01T08:07:40.187+0000] {dag.py:3954} INFO - Setting next_dagrun for example_python_operator to None, run_after=None
[2024-06-01T08:07:40.224+0000] {processor.py:183} INFO - Processing /home/airflow/.local/lib/python3.12/site-packages/airflow/example_dags/example_python_operator.py took 1.778 seconds
[2024-06-01T08:08:10.616+0000] {processor.py:161} INFO - Started process (PID=94) to work on /home/airflow/.local/lib/python3.12/site-packages/airflow/example_dags/example_python_operator.py
[2024-06-01T08:08:10.617+0000] {processor.py:830} INFO - Processing file /home/airflow/.local/lib/python3.12/site-packages/airflow/example_dags/example_python_operator.py for tasks to queue
[2024-06-01T08:08:10.619+0000] {logging_mixin.py:188} INFO - [2024-06-01T08:08:10.619+0000] {dagbag.py:545} INFO - Filling up the DagBag from /home/airflow/.local/lib/python3.12/site-packages/airflow/example_dags/example_python_operator.py
[2024-06-01T08:08:10.629+0000] {processor.py:840} INFO - DAG(s) 'example_python_operator' retrieved from /home/airflow/.local/lib/python3.12/site-packages/airflow/example_dags/example_python_operator.py
[2024-06-01T08:08:10.639+0000] {logging_mixin.py:188} INFO - [2024-06-01T08:08:10.639+0000] {dag.py:3096} INFO - Sync 1 DAGs
[2024-06-01T08:08:10.653+0000] {logging_mixin.py:188} INFO - [2024-06-01T08:08:10.653+0000] {dag.py:3954} INFO - Setting next_dagrun for example_python_operator to None, run_after=None
[2024-06-01T08:08:10.672+0000] {processor.py:183} INFO - Processing /home/airflow/.local/lib/python3.12/site-packages/airflow/example_dags/example_python_operator.py took 0.061 seconds
[2024-06-01T08:08:41.301+0000] {processor.py:161} INFO - Started process (PID=152) to work on /home/airflow/.local/lib/python3.12/site-packages/airflow/example_dags/example_python_operator.py
[2024-06-01T08:08:41.302+0000] {processor.py:830} INFO - Processing file /home/airflow/.local/lib/python3.12/site-packages/airflow/example_dags/example_python_operator.py for tasks to queue
[2024-06-01T08:08:41.304+0000] {logging_mixin.py:188} INFO - [2024-06-01T08:08:41.303+0000] {dagbag.py:545} INFO - Filling up the DagBag from /home/airflow/.local/lib/python3.12/site-packages/airflow/example_dags/example_python_operator.py
[2024-06-01T08:08:41.313+0000] {processor.py:840} INFO - DAG(s) 'example_python_operator' retrieved from /home/airflow/.local/lib/python3.12/site-packages/airflow/example_dags/example_python_operator.py
[2024-06-01T08:08:41.409+0000] {logging_mixin.py:188} INFO - [2024-06-01T08:08:41.409+0000] {dag.py:3096} INFO - Sync 1 DAGs
[2024-06-01T08:08:41.419+0000] {logging_mixin.py:188} INFO - [2024-06-01T08:08:41.419+0000] {dag.py:3954} INFO - Setting next_dagrun for example_python_operator to None, run_after=None
[2024-06-01T08:08:41.438+0000] {processor.py:183} INFO - Processing /home/airflow/.local/lib/python3.12/site-packages/airflow/example_dags/example_python_operator.py took 0.142 seconds
[2024-06-01T08:09:11.787+0000] {processor.py:161} INFO - Started process (PID=210) to work on /home/airflow/.local/lib/python3.12/site-packages/airflow/example_dags/example_python_operator.py
[2024-06-01T08:09:11.788+0000] {processor.py:830} INFO - Processing file /home/airflow/.local/lib/python3.12/site-packages/airflow/example_dags/example_python_operator.py for tasks to queue
[2024-06-01T08:09:11.790+0000] {logging_mixin.py:188} INFO - [2024-06-01T08:09:11.789+0000] {dagbag.py:545} INFO - Filling up the DagBag from /home/airflow/.local/lib/python3.12/site-packages/airflow/example_dags/example_python_operator.py
[2024-06-01T08:09:11.800+0000] {processor.py:840} INFO - DAG(s) 'example_python_operator' retrieved from /home/airflow/.local/lib/python3.12/site-packages/airflow/example_dags/example_python_operator.py
[2024-06-01T08:09:11.822+0000] {logging_mixin.py:188} INFO - [2024-06-01T08:09:11.822+0000] {dag.py:3096} INFO - Sync 1 DAGs
[2024-06-01T08:09:11.835+0000] {logging_mixin.py:188} INFO - [2024-06-01T08:09:11.835+0000] {dag.py:3954} INFO - Setting next_dagrun for example_python_operator to None, run_after=None
[2024-06-01T08:09:11.854+0000] {processor.py:183} INFO - Processing /home/airflow/.local/lib/python3.12/site-packages/airflow/example_dags/example_python_operator.py took 0.073 seconds
[2024-06-01T08:09:41.989+0000] {processor.py:161} INFO - Started process (PID=268) to work on /home/airflow/.local/lib/python3.12/site-packages/airflow/example_dags/example_python_operator.py
[2024-06-01T08:09:41.990+0000] {processor.py:830} INFO - Processing file /home/airflow/.local/lib/python3.12/site-packages/airflow/example_dags/example_python_operator.py for tasks to queue
[2024-06-01T08:09:41.992+0000] {logging_mixin.py:188} INFO - [2024-06-01T08:09:41.992+0000] {dagbag.py:545} INFO - Filling up the DagBag from /home/airflow/.local/lib/python3.12/site-packages/airflow/example_dags/example_python_operator.py
[2024-06-01T08:09:42.006+0000] {processor.py:840} INFO - DAG(s) 'example_python_operator' retrieved from /home/airflow/.local/lib/python3.12/site-packages/airflow/example_dags/example_python_operator.py
[2024-06-01T08:09:42.038+0000] {logging_mixin.py:188} INFO - [2024-06-01T08:09:42.037+0000] {dag.py:3096} INFO - Sync 1 DAGs
[2024-06-01T08:09:42.055+0000] {logging_mixin.py:188} INFO - [2024-06-01T08:09:42.054+0000] {dag.py:3954} INFO - Setting next_dagrun for example_python_operator to None, run_after=None
[2024-06-01T08:09:42.078+0000] {processor.py:183} INFO - Processing /home/airflow/.local/lib/python3.12/site-packages/airflow/example_dags/example_python_operator.py took 0.096 seconds
[2024-06-01T08:10:12.231+0000] {processor.py:161} INFO - Started process (PID=326) to work on /home/airflow/.local/lib/python3.12/site-packages/airflow/example_dags/example_python_operator.py
[2024-06-01T08:10:12.232+0000] {processor.py:830} INFO - Processing file /home/airflow/.local/lib/python3.12/site-packages/airflow/example_dags/example_python_operator.py for tasks to queue
[2024-06-01T08:10:12.234+0000] {logging_mixin.py:188} INFO - [2024-06-01T08:10:12.234+0000] {dagbag.py:545} INFO - Filling up the DagBag from /home/airflow/.local/lib/python3.12/site-packages/airflow/example_dags/example_python_operator.py
[2024-06-01T08:10:12.245+0000] {processor.py:840} INFO - DAG(s) 'example_python_operator' retrieved from /home/airflow/.local/lib/python3.12/site-packages/airflow/example_dags/example_python_operator.py
[2024-06-01T08:10:12.267+0000] {logging_mixin.py:188} INFO - [2024-06-01T08:10:12.267+0000] {dag.py:3096} INFO - Sync 1 DAGs
[2024-06-01T08:10:12.281+0000] {logging_mixin.py:188} INFO - [2024-06-01T08:10:12.280+0000] {dag.py:3954} INFO - Setting next_dagrun for example_python_operator to None, run_after=None
[2024-06-01T08:10:12.301+0000] {processor.py:183} INFO - Processing /home/airflow/.local/lib/python3.12/site-packages/airflow/example_dags/example_python_operator.py took 0.077 seconds
[2024-06-01T08:10:42.928+0000] {processor.py:161} INFO - Started process (PID=384) to work on /home/airflow/.local/lib/python3.12/site-packages/airflow/example_dags/example_python_operator.py
[2024-06-01T08:10:42.929+0000] {processor.py:830} INFO - Processing file /home/airflow/.local/lib/python3.12/site-packages/airflow/example_dags/example_python_operator.py for tasks to queue
[2024-06-01T08:10:42.931+0000] {logging_mixin.py:188} INFO - [2024-06-01T08:10:42.931+0000] {dagbag.py:545} INFO - Filling up the DagBag from /home/airflow/.local/lib/python3.12/site-packages/airflow/example_dags/example_python_operator.py
[2024-06-01T08:10:42.941+0000] {processor.py:840} INFO - DAG(s) 'example_python_operator' retrieved from /home/airflow/.local/lib/python3.12/site-packages/airflow/example_dags/example_python_operator.py
[2024-06-01T08:10:42.967+0000] {logging_mixin.py:188} INFO - [2024-06-01T08:10:42.966+0000] {dag.py:3096} INFO - Sync 1 DAGs
[2024-06-01T08:10:42.982+0000] {logging_mixin.py:188} INFO - [2024-06-01T08:10:42.982+0000] {dag.py:3954} INFO - Setting next_dagrun for example_python_operator to None, run_after=None
[2024-06-01T08:10:43.006+0000] {processor.py:183} INFO - Processing /home/airflow/.local/lib/python3.12/site-packages/airflow/example_dags/example_python_operator.py took 0.084 seconds
[2024-06-01T08:11:13.696+0000] {processor.py:161} INFO - Started process (PID=442) to work on /home/airflow/.local/lib/python3.12/site-packages/airflow/example_dags/example_python_operator.py
[2024-06-01T08:11:13.697+0000] {processor.py:830} INFO - Processing file /home/airflow/.local/lib/python3.12/site-packages/airflow/example_dags/example_python_operator.py for tasks to queue
[2024-06-01T08:11:13.699+0000] {logging_mixin.py:188} INFO - [2024-06-01T08:11:13.699+0000] {dagbag.py:545} INFO - Filling up the DagBag from /home/airflow/.local/lib/python3.12/site-packages/airflow/example_dags/example_python_operator.py
[2024-06-01T08:11:13.709+0000] {processor.py:840} INFO - DAG(s) 'example_python_operator' retrieved from /home/airflow/.local/lib/python3.12/site-packages/airflow/example_dags/example_python_operator.py
[2024-06-01T08:11:13.729+0000] {logging_mixin.py:188} INFO - [2024-06-01T08:11:13.729+0000] {dag.py:3096} INFO - Sync 1 DAGs
[2024-06-01T08:11:13.744+0000] {logging_mixin.py:188} INFO - [2024-06-01T08:11:13.744+0000] {dag.py:3954} INFO - Setting next_dagrun for example_python_operator to None, run_after=None
[2024-06-01T08:11:13.762+0000] {processor.py:183} INFO - Processing /home/airflow/.local/lib/python3.12/site-packages/airflow/example_dags/example_python_operator.py took 0.072 seconds
[2024-06-01T08:11:43.942+0000] {processor.py:161} INFO - Started process (PID=500) to work on /home/airflow/.local/lib/python3.12/site-packages/airflow/example_dags/example_python_operator.py
[2024-06-01T08:11:43.943+0000] {processor.py:830} INFO - Processing file /home/airflow/.local/lib/python3.12/site-packages/airflow/example_dags/example_python_operator.py for tasks to queue
[2024-06-01T08:11:43.945+0000] {logging_mixin.py:188} INFO - [2024-06-01T08:11:43.945+0000] {dagbag.py:545} INFO - Filling up the DagBag from /home/airflow/.local/lib/python3.12/site-packages/airflow/example_dags/example_python_operator.py
[2024-06-01T08:11:43.955+0000] {processor.py:840} INFO - DAG(s) 'example_python_operator' retrieved from /home/airflow/.local/lib/python3.12/site-packages/airflow/example_dags/example_python_operator.py
[2024-06-01T08:11:43.978+0000] {logging_mixin.py:188} INFO - [2024-06-01T08:11:43.978+0000] {dag.py:3096} INFO - Sync 1 DAGs
[2024-06-01T08:11:43.992+0000] {logging_mixin.py:188} INFO - [2024-06-01T08:11:43.992+0000] {dag.py:3954} INFO - Setting next_dagrun for example_python_operator to None, run_after=None
[2024-06-01T08:11:44.012+0000] {processor.py:183} INFO - Processing /home/airflow/.local/lib/python3.12/site-packages/airflow/example_dags/example_python_operator.py took 0.076 seconds
[2024-06-01T08:12:14.124+0000] {processor.py:161} INFO - Started process (PID=558) to work on /home/airflow/.local/lib/python3.12/site-packages/airflow/example_dags/example_python_operator.py
[2024-06-01T08:12:14.125+0000] {processor.py:830} INFO - Processing file /home/airflow/.local/lib/python3.12/site-packages/airflow/example_dags/example_python_operator.py for tasks to queue
[2024-06-01T08:12:14.129+0000] {logging_mixin.py:188} INFO - [2024-06-01T08:12:14.128+0000] {dagbag.py:545} INFO - Filling up the DagBag from /home/airflow/.local/lib/python3.12/site-packages/airflow/example_dags/example_python_operator.py
[2024-06-01T08:12:14.143+0000] {processor.py:840} INFO - DAG(s) 'example_python_operator' retrieved from /home/airflow/.local/lib/python3.12/site-packages/airflow/example_dags/example_python_operator.py
[2024-06-01T08:12:14.174+0000] {logging_mixin.py:188} INFO - [2024-06-01T08:12:14.173+0000] {dag.py:3096} INFO - Sync 1 DAGs
[2024-06-01T08:12:14.196+0000] {logging_mixin.py:188} INFO - [2024-06-01T08:12:14.196+0000] {dag.py:3954} INFO - Setting next_dagrun for example_python_operator to None, run_after=None
[2024-06-01T08:12:14.226+0000] {processor.py:183} INFO - Processing /home/airflow/.local/lib/python3.12/site-packages/airflow/example_dags/example_python_operator.py took 0.113 seconds
[2024-06-01T08:12:44.703+0000] {processor.py:161} INFO - Started process (PID=616) to work on /home/airflow/.local/lib/python3.12/site-packages/airflow/example_dags/example_python_operator.py
[2024-06-01T08:12:44.704+0000] {processor.py:830} INFO - Processing file /home/airflow/.local/lib/python3.12/site-packages/airflow/example_dags/example_python_operator.py for tasks to queue
[2024-06-01T08:12:44.707+0000] {logging_mixin.py:188} INFO - [2024-06-01T08:12:44.706+0000] {dagbag.py:545} INFO - Filling up the DagBag from /home/airflow/.local/lib/python3.12/site-packages/airflow/example_dags/example_python_operator.py
[2024-06-01T08:12:44.726+0000] {processor.py:840} INFO - DAG(s) 'example_python_operator' retrieved from /home/airflow/.local/lib/python3.12/site-packages/airflow/example_dags/example_python_operator.py
[2024-06-01T08:12:44.754+0000] {logging_mixin.py:188} INFO - [2024-06-01T08:12:44.754+0000] {dag.py:3096} INFO - Sync 1 DAGs
[2024-06-01T08:12:44.774+0000] {logging_mixin.py:188} INFO - [2024-06-01T08:12:44.774+0000] {dag.py:3954} INFO - Setting next_dagrun for example_python_operator to None, run_after=None
[2024-06-01T08:12:44.804+0000] {processor.py:183} INFO - Processing /home/airflow/.local/lib/python3.12/site-packages/airflow/example_dags/example_python_operator.py took 0.109 seconds
[2024-06-01T08:13:15.162+0000] {processor.py:161} INFO - Started process (PID=674) to work on /home/airflow/.local/lib/python3.12/site-packages/airflow/example_dags/example_python_operator.py
[2024-06-01T08:13:15.163+0000] {processor.py:830} INFO - Processing file /home/airflow/.local/lib/python3.12/site-packages/airflow/example_dags/example_python_operator.py for tasks to queue
[2024-06-01T08:13:15.164+0000] {logging_mixin.py:188} INFO - [2024-06-01T08:13:15.164+0000] {dagbag.py:545} INFO - Filling up the DagBag from /home/airflow/.local/lib/python3.12/site-packages/airflow/example_dags/example_python_operator.py
[2024-06-01T08:13:15.174+0000] {processor.py:840} INFO - DAG(s) 'example_python_operator' retrieved from /home/airflow/.local/lib/python3.12/site-packages/airflow/example_dags/example_python_operator.py
[2024-06-01T08:13:15.196+0000] {logging_mixin.py:188} INFO - [2024-06-01T08:13:15.196+0000] {dag.py:3096} INFO - Sync 1 DAGs
[2024-06-01T08:13:15.209+0000] {logging_mixin.py:188} INFO - [2024-06-01T08:13:15.208+0000] {dag.py:3954} INFO - Setting next_dagrun for example_python_operator to None, run_after=None
[2024-06-01T08:13:15.229+0000] {processor.py:183} INFO - Processing /home/airflow/.local/lib/python3.12/site-packages/airflow/example_dags/example_python_operator.py took 0.073 seconds
