[2024-06-01T08:07:46.973+0000] {processor.py:161} INFO - Started process (PID=75) to work on /home/airflow/.local/lib/python3.12/site-packages/airflow/example_dags/example_datasets.py
[2024-06-01T08:07:46.974+0000] {processor.py:830} INFO - Processing file /home/airflow/.local/lib/python3.12/site-packages/airflow/example_dags/example_datasets.py for tasks to queue
[2024-06-01T08:07:46.976+0000] {logging_mixin.py:188} INFO - [2024-06-01T08:07:46.976+0000] {dagbag.py:545} INFO - Filling up the DagBag from /home/airflow/.local/lib/python3.12/site-packages/airflow/example_dags/example_datasets.py
[2024-06-01T08:07:47.023+0000] {processor.py:840} INFO - DAG(s) 'consume_1_or_both_2_and_3_with_dataset_expressions', 'dataset_consumes_1_never_scheduled', 'consume_1_and_2_with_dataset_expressions', 'consume_1_or_2_with_dataset_expressions', 'dataset_consumes_unknown_never_scheduled', 'dataset_produces_2', 'dataset_consumes_1_and_2', 'dataset_produces_1', 'dataset_consumes_1', 'conditional_dataset_and_time_based_timetable' retrieved from /home/airflow/.local/lib/python3.12/site-packages/airflow/example_dags/example_datasets.py
[2024-06-01T08:07:47.107+0000] {logging_mixin.py:188} INFO - [2024-06-01T08:07:47.107+0000] {dag.py:3096} INFO - Sync 10 DAGs
[2024-06-01T08:07:47.151+0000] {logging_mixin.py:188} INFO - [2024-06-01T08:07:47.150+0000] {dag.py:3954} INFO - Setting next_dagrun for conditional_dataset_and_time_based_timetable to 2024-05-29 01:00:00+00:00, run_after=2024-05-29 01:00:00+00:00
[2024-06-01T08:07:47.157+0000] {logging_mixin.py:188} INFO - [2024-06-01T08:07:47.156+0000] {dag.py:3954} INFO - Setting next_dagrun for consume_1_and_2_with_dataset_expressions to None, run_after=None
[2024-06-01T08:07:47.159+0000] {logging_mixin.py:188} INFO - [2024-06-01T08:07:47.159+0000] {dag.py:3954} INFO - Setting next_dagrun for consume_1_or_2_with_dataset_expressions to None, run_after=None
[2024-06-01T08:07:47.161+0000] {logging_mixin.py:188} INFO - [2024-06-01T08:07:47.161+0000] {dag.py:3954} INFO - Setting next_dagrun for consume_1_or_both_2_and_3_with_dataset_expressions to None, run_after=None
[2024-06-01T08:07:47.164+0000] {logging_mixin.py:188} INFO - [2024-06-01T08:07:47.164+0000] {dag.py:3954} INFO - Setting next_dagrun for dataset_consumes_1 to None, run_after=None
[2024-06-01T08:07:47.168+0000] {logging_mixin.py:188} INFO - [2024-06-01T08:07:47.168+0000] {dag.py:3954} INFO - Setting next_dagrun for dataset_consumes_1_and_2 to None, run_after=None
[2024-06-01T08:07:47.170+0000] {logging_mixin.py:188} INFO - [2024-06-01T08:07:47.170+0000] {dag.py:3954} INFO - Setting next_dagrun for dataset_consumes_1_never_scheduled to None, run_after=None
[2024-06-01T08:07:47.172+0000] {logging_mixin.py:188} INFO - [2024-06-01T08:07:47.172+0000] {dag.py:3954} INFO - Setting next_dagrun for dataset_consumes_unknown_never_scheduled to None, run_after=None
[2024-06-01T08:07:47.178+0000] {logging_mixin.py:188} INFO - [2024-06-01T08:07:47.177+0000] {dag.py:3954} INFO - Setting next_dagrun for dataset_produces_1 to 2024-05-31 00:00:00+00:00, run_after=2024-06-01 00:00:00+00:00
[2024-06-01T08:07:47.180+0000] {logging_mixin.py:188} INFO - [2024-06-01T08:07:47.180+0000] {dag.py:3954} INFO - Setting next_dagrun for dataset_produces_2 to None, run_after=None
[2024-06-01T08:07:47.253+0000] {processor.py:183} INFO - Processing /home/airflow/.local/lib/python3.12/site-packages/airflow/example_dags/example_datasets.py took 0.288 seconds
[2024-06-01T08:08:18.002+0000] {processor.py:161} INFO - Started process (PID=136) to work on /home/airflow/.local/lib/python3.12/site-packages/airflow/example_dags/example_datasets.py
[2024-06-01T08:08:18.003+0000] {processor.py:830} INFO - Processing file /home/airflow/.local/lib/python3.12/site-packages/airflow/example_dags/example_datasets.py for tasks to queue
[2024-06-01T08:08:18.005+0000] {logging_mixin.py:188} INFO - [2024-06-01T08:08:18.005+0000] {dagbag.py:545} INFO - Filling up the DagBag from /home/airflow/.local/lib/python3.12/site-packages/airflow/example_dags/example_datasets.py
[2024-06-01T08:08:18.021+0000] {processor.py:840} INFO - DAG(s) 'dataset_produces_1', 'dataset_consumes_unknown_never_scheduled', 'dataset_consumes_1_never_scheduled', 'consume_1_and_2_with_dataset_expressions', 'conditional_dataset_and_time_based_timetable', 'dataset_produces_2', 'consume_1_or_2_with_dataset_expressions', 'dataset_consumes_1_and_2', 'dataset_consumes_1', 'consume_1_or_both_2_and_3_with_dataset_expressions' retrieved from /home/airflow/.local/lib/python3.12/site-packages/airflow/example_dags/example_datasets.py
[2024-06-01T08:08:18.039+0000] {logging_mixin.py:188} INFO - [2024-06-01T08:08:18.039+0000] {dag.py:3096} INFO - Sync 10 DAGs
[2024-06-01T08:08:18.069+0000] {logging_mixin.py:188} INFO - [2024-06-01T08:08:18.069+0000] {dag.py:3954} INFO - Setting next_dagrun for conditional_dataset_and_time_based_timetable to 2024-05-29 01:00:00+00:00, run_after=2024-05-29 01:00:00+00:00
[2024-06-01T08:08:18.074+0000] {logging_mixin.py:188} INFO - [2024-06-01T08:08:18.074+0000] {dag.py:3954} INFO - Setting next_dagrun for consume_1_and_2_with_dataset_expressions to None, run_after=None
[2024-06-01T08:08:18.076+0000] {logging_mixin.py:188} INFO - [2024-06-01T08:08:18.076+0000] {dag.py:3954} INFO - Setting next_dagrun for consume_1_or_2_with_dataset_expressions to None, run_after=None
[2024-06-01T08:08:18.078+0000] {logging_mixin.py:188} INFO - [2024-06-01T08:08:18.078+0000] {dag.py:3954} INFO - Setting next_dagrun for consume_1_or_both_2_and_3_with_dataset_expressions to None, run_after=None
[2024-06-01T08:08:18.080+0000] {logging_mixin.py:188} INFO - [2024-06-01T08:08:18.080+0000] {dag.py:3954} INFO - Setting next_dagrun for dataset_consumes_1 to None, run_after=None
[2024-06-01T08:08:18.081+0000] {logging_mixin.py:188} INFO - [2024-06-01T08:08:18.081+0000] {dag.py:3954} INFO - Setting next_dagrun for dataset_consumes_1_and_2 to None, run_after=None
[2024-06-01T08:08:18.082+0000] {logging_mixin.py:188} INFO - [2024-06-01T08:08:18.082+0000] {dag.py:3954} INFO - Setting next_dagrun for dataset_consumes_1_never_scheduled to None, run_after=None
[2024-06-01T08:08:18.084+0000] {logging_mixin.py:188} INFO - [2024-06-01T08:08:18.084+0000] {dag.py:3954} INFO - Setting next_dagrun for dataset_consumes_unknown_never_scheduled to None, run_after=None
[2024-06-01T08:08:18.086+0000] {logging_mixin.py:188} INFO - [2024-06-01T08:08:18.086+0000] {dag.py:3954} INFO - Setting next_dagrun for dataset_produces_1 to 2024-05-31 00:00:00+00:00, run_after=2024-06-01 00:00:00+00:00
[2024-06-01T08:08:18.088+0000] {logging_mixin.py:188} INFO - [2024-06-01T08:08:18.088+0000] {dag.py:3954} INFO - Setting next_dagrun for dataset_produces_2 to None, run_after=None
[2024-06-01T08:08:18.119+0000] {processor.py:183} INFO - Processing /home/airflow/.local/lib/python3.12/site-packages/airflow/example_dags/example_datasets.py took 0.124 seconds
[2024-06-01T08:08:49.119+0000] {processor.py:161} INFO - Started process (PID=192) to work on /home/airflow/.local/lib/python3.12/site-packages/airflow/example_dags/example_datasets.py
[2024-06-01T08:08:49.120+0000] {processor.py:830} INFO - Processing file /home/airflow/.local/lib/python3.12/site-packages/airflow/example_dags/example_datasets.py for tasks to queue
[2024-06-01T08:08:49.121+0000] {logging_mixin.py:188} INFO - [2024-06-01T08:08:49.121+0000] {dagbag.py:545} INFO - Filling up the DagBag from /home/airflow/.local/lib/python3.12/site-packages/airflow/example_dags/example_datasets.py
[2024-06-01T08:08:49.134+0000] {processor.py:840} INFO - DAG(s) 'dataset_consumes_unknown_never_scheduled', 'consume_1_or_2_with_dataset_expressions', 'consume_1_and_2_with_dataset_expressions', 'dataset_consumes_1_and_2', 'consume_1_or_both_2_and_3_with_dataset_expressions', 'dataset_consumes_1', 'conditional_dataset_and_time_based_timetable', 'dataset_produces_1', 'dataset_consumes_1_never_scheduled', 'dataset_produces_2' retrieved from /home/airflow/.local/lib/python3.12/site-packages/airflow/example_dags/example_datasets.py
[2024-06-01T08:08:49.358+0000] {logging_mixin.py:188} INFO - [2024-06-01T08:08:49.358+0000] {dag.py:3096} INFO - Sync 10 DAGs
[2024-06-01T08:08:49.381+0000] {logging_mixin.py:188} INFO - [2024-06-01T08:08:49.381+0000] {dag.py:3954} INFO - Setting next_dagrun for conditional_dataset_and_time_based_timetable to 2024-05-29 01:00:00+00:00, run_after=2024-05-29 01:00:00+00:00
[2024-06-01T08:08:49.385+0000] {logging_mixin.py:188} INFO - [2024-06-01T08:08:49.385+0000] {dag.py:3954} INFO - Setting next_dagrun for consume_1_and_2_with_dataset_expressions to None, run_after=None
[2024-06-01T08:08:49.387+0000] {logging_mixin.py:188} INFO - [2024-06-01T08:08:49.386+0000] {dag.py:3954} INFO - Setting next_dagrun for consume_1_or_2_with_dataset_expressions to None, run_after=None
[2024-06-01T08:08:49.389+0000] {logging_mixin.py:188} INFO - [2024-06-01T08:08:49.388+0000] {dag.py:3954} INFO - Setting next_dagrun for consume_1_or_both_2_and_3_with_dataset_expressions to None, run_after=None
[2024-06-01T08:08:49.390+0000] {logging_mixin.py:188} INFO - [2024-06-01T08:08:49.390+0000] {dag.py:3954} INFO - Setting next_dagrun for dataset_consumes_1 to None, run_after=None
[2024-06-01T08:08:49.392+0000] {logging_mixin.py:188} INFO - [2024-06-01T08:08:49.392+0000] {dag.py:3954} INFO - Setting next_dagrun for dataset_consumes_1_and_2 to None, run_after=None
[2024-06-01T08:08:49.394+0000] {logging_mixin.py:188} INFO - [2024-06-01T08:08:49.393+0000] {dag.py:3954} INFO - Setting next_dagrun for dataset_consumes_1_never_scheduled to None, run_after=None
[2024-06-01T08:08:49.395+0000] {logging_mixin.py:188} INFO - [2024-06-01T08:08:49.395+0000] {dag.py:3954} INFO - Setting next_dagrun for dataset_consumes_unknown_never_scheduled to None, run_after=None
[2024-06-01T08:08:49.398+0000] {logging_mixin.py:188} INFO - [2024-06-01T08:08:49.398+0000] {dag.py:3954} INFO - Setting next_dagrun for dataset_produces_1 to 2024-05-31 00:00:00+00:00, run_after=2024-06-01 00:00:00+00:00
[2024-06-01T08:08:49.399+0000] {logging_mixin.py:188} INFO - [2024-06-01T08:08:49.399+0000] {dag.py:3954} INFO - Setting next_dagrun for dataset_produces_2 to None, run_after=None
[2024-06-01T08:08:49.435+0000] {processor.py:183} INFO - Processing /home/airflow/.local/lib/python3.12/site-packages/airflow/example_dags/example_datasets.py took 0.321 seconds
[2024-06-01T08:09:20.418+0000] {processor.py:161} INFO - Started process (PID=260) to work on /home/airflow/.local/lib/python3.12/site-packages/airflow/example_dags/example_datasets.py
[2024-06-01T08:09:20.419+0000] {processor.py:830} INFO - Processing file /home/airflow/.local/lib/python3.12/site-packages/airflow/example_dags/example_datasets.py for tasks to queue
[2024-06-01T08:09:20.420+0000] {logging_mixin.py:188} INFO - [2024-06-01T08:09:20.420+0000] {dagbag.py:545} INFO - Filling up the DagBag from /home/airflow/.local/lib/python3.12/site-packages/airflow/example_dags/example_datasets.py
[2024-06-01T08:09:20.433+0000] {processor.py:840} INFO - DAG(s) 'dataset_produces_2', 'dataset_consumes_1', 'dataset_consumes_unknown_never_scheduled', 'dataset_produces_1', 'consume_1_or_2_with_dataset_expressions', 'conditional_dataset_and_time_based_timetable', 'consume_1_and_2_with_dataset_expressions', 'dataset_consumes_1_and_2', 'dataset_consumes_1_never_scheduled', 'consume_1_or_both_2_and_3_with_dataset_expressions' retrieved from /home/airflow/.local/lib/python3.12/site-packages/airflow/example_dags/example_datasets.py
[2024-06-01T08:09:20.478+0000] {logging_mixin.py:188} INFO - [2024-06-01T08:09:20.478+0000] {dag.py:3096} INFO - Sync 10 DAGs
[2024-06-01T08:09:20.502+0000] {logging_mixin.py:188} INFO - [2024-06-01T08:09:20.502+0000] {dag.py:3954} INFO - Setting next_dagrun for conditional_dataset_and_time_based_timetable to 2024-05-29 01:00:00+00:00, run_after=2024-05-29 01:00:00+00:00
[2024-06-01T08:09:20.507+0000] {logging_mixin.py:188} INFO - [2024-06-01T08:09:20.506+0000] {dag.py:3954} INFO - Setting next_dagrun for consume_1_and_2_with_dataset_expressions to None, run_after=None
[2024-06-01T08:09:20.508+0000] {logging_mixin.py:188} INFO - [2024-06-01T08:09:20.508+0000] {dag.py:3954} INFO - Setting next_dagrun for consume_1_or_2_with_dataset_expressions to None, run_after=None
[2024-06-01T08:09:20.509+0000] {logging_mixin.py:188} INFO - [2024-06-01T08:09:20.509+0000] {dag.py:3954} INFO - Setting next_dagrun for consume_1_or_both_2_and_3_with_dataset_expressions to None, run_after=None
[2024-06-01T08:09:20.510+0000] {logging_mixin.py:188} INFO - [2024-06-01T08:09:20.510+0000] {dag.py:3954} INFO - Setting next_dagrun for dataset_consumes_1 to None, run_after=None
[2024-06-01T08:09:20.512+0000] {logging_mixin.py:188} INFO - [2024-06-01T08:09:20.512+0000] {dag.py:3954} INFO - Setting next_dagrun for dataset_consumes_1_and_2 to None, run_after=None
[2024-06-01T08:09:20.513+0000] {logging_mixin.py:188} INFO - [2024-06-01T08:09:20.513+0000] {dag.py:3954} INFO - Setting next_dagrun for dataset_consumes_1_never_scheduled to None, run_after=None
[2024-06-01T08:09:20.514+0000] {logging_mixin.py:188} INFO - [2024-06-01T08:09:20.514+0000] {dag.py:3954} INFO - Setting next_dagrun for dataset_consumes_unknown_never_scheduled to None, run_after=None
[2024-06-01T08:09:20.517+0000] {logging_mixin.py:188} INFO - [2024-06-01T08:09:20.516+0000] {dag.py:3954} INFO - Setting next_dagrun for dataset_produces_1 to 2024-05-31 00:00:00+00:00, run_after=2024-06-01 00:00:00+00:00
[2024-06-01T08:09:20.518+0000] {logging_mixin.py:188} INFO - [2024-06-01T08:09:20.518+0000] {dag.py:3954} INFO - Setting next_dagrun for dataset_produces_2 to None, run_after=None
[2024-06-01T08:09:20.548+0000] {processor.py:183} INFO - Processing /home/airflow/.local/lib/python3.12/site-packages/airflow/example_dags/example_datasets.py took 0.136 seconds
[2024-06-01T08:09:51.442+0000] {processor.py:161} INFO - Started process (PID=318) to work on /home/airflow/.local/lib/python3.12/site-packages/airflow/example_dags/example_datasets.py
[2024-06-01T08:09:51.443+0000] {processor.py:830} INFO - Processing file /home/airflow/.local/lib/python3.12/site-packages/airflow/example_dags/example_datasets.py for tasks to queue
[2024-06-01T08:09:51.445+0000] {logging_mixin.py:188} INFO - [2024-06-01T08:09:51.445+0000] {dagbag.py:545} INFO - Filling up the DagBag from /home/airflow/.local/lib/python3.12/site-packages/airflow/example_dags/example_datasets.py
[2024-06-01T08:09:51.465+0000] {processor.py:840} INFO - DAG(s) 'consume_1_or_both_2_and_3_with_dataset_expressions', 'dataset_consumes_unknown_never_scheduled', 'conditional_dataset_and_time_based_timetable', 'dataset_consumes_1', 'dataset_consumes_1_and_2', 'consume_1_and_2_with_dataset_expressions', 'dataset_consumes_1_never_scheduled', 'dataset_produces_2', 'consume_1_or_2_with_dataset_expressions', 'dataset_produces_1' retrieved from /home/airflow/.local/lib/python3.12/site-packages/airflow/example_dags/example_datasets.py
[2024-06-01T08:09:51.522+0000] {logging_mixin.py:188} INFO - [2024-06-01T08:09:51.522+0000] {dag.py:3096} INFO - Sync 10 DAGs
[2024-06-01T08:09:51.548+0000] {logging_mixin.py:188} INFO - [2024-06-01T08:09:51.548+0000] {dag.py:3954} INFO - Setting next_dagrun for conditional_dataset_and_time_based_timetable to 2024-05-29 01:00:00+00:00, run_after=2024-05-29 01:00:00+00:00
[2024-06-01T08:09:51.552+0000] {logging_mixin.py:188} INFO - [2024-06-01T08:09:51.552+0000] {dag.py:3954} INFO - Setting next_dagrun for consume_1_and_2_with_dataset_expressions to None, run_after=None
[2024-06-01T08:09:51.553+0000] {logging_mixin.py:188} INFO - [2024-06-01T08:09:51.553+0000] {dag.py:3954} INFO - Setting next_dagrun for consume_1_or_2_with_dataset_expressions to None, run_after=None
[2024-06-01T08:09:51.555+0000] {logging_mixin.py:188} INFO - [2024-06-01T08:09:51.555+0000] {dag.py:3954} INFO - Setting next_dagrun for consume_1_or_both_2_and_3_with_dataset_expressions to None, run_after=None
[2024-06-01T08:09:51.557+0000] {logging_mixin.py:188} INFO - [2024-06-01T08:09:51.557+0000] {dag.py:3954} INFO - Setting next_dagrun for dataset_consumes_1 to None, run_after=None
[2024-06-01T08:09:51.559+0000] {logging_mixin.py:188} INFO - [2024-06-01T08:09:51.558+0000] {dag.py:3954} INFO - Setting next_dagrun for dataset_consumes_1_and_2 to None, run_after=None
[2024-06-01T08:09:51.560+0000] {logging_mixin.py:188} INFO - [2024-06-01T08:09:51.560+0000] {dag.py:3954} INFO - Setting next_dagrun for dataset_consumes_1_never_scheduled to None, run_after=None
[2024-06-01T08:09:51.562+0000] {logging_mixin.py:188} INFO - [2024-06-01T08:09:51.562+0000] {dag.py:3954} INFO - Setting next_dagrun for dataset_consumes_unknown_never_scheduled to None, run_after=None
[2024-06-01T08:09:51.565+0000] {logging_mixin.py:188} INFO - [2024-06-01T08:09:51.565+0000] {dag.py:3954} INFO - Setting next_dagrun for dataset_produces_1 to 2024-05-31 00:00:00+00:00, run_after=2024-06-01 00:00:00+00:00
[2024-06-01T08:09:51.567+0000] {logging_mixin.py:188} INFO - [2024-06-01T08:09:51.566+0000] {dag.py:3954} INFO - Setting next_dagrun for dataset_produces_2 to None, run_after=None
[2024-06-01T08:09:51.599+0000] {processor.py:183} INFO - Processing /home/airflow/.local/lib/python3.12/site-packages/airflow/example_dags/example_datasets.py took 0.164 seconds
[2024-06-01T08:10:21.767+0000] {processor.py:161} INFO - Started process (PID=376) to work on /home/airflow/.local/lib/python3.12/site-packages/airflow/example_dags/example_datasets.py
[2024-06-01T08:10:21.768+0000] {processor.py:830} INFO - Processing file /home/airflow/.local/lib/python3.12/site-packages/airflow/example_dags/example_datasets.py for tasks to queue
[2024-06-01T08:10:21.771+0000] {logging_mixin.py:188} INFO - [2024-06-01T08:10:21.770+0000] {dagbag.py:545} INFO - Filling up the DagBag from /home/airflow/.local/lib/python3.12/site-packages/airflow/example_dags/example_datasets.py
[2024-06-01T08:10:21.784+0000] {processor.py:840} INFO - DAG(s) 'dataset_consumes_1_never_scheduled', 'dataset_produces_1', 'consume_1_and_2_with_dataset_expressions', 'consume_1_or_both_2_and_3_with_dataset_expressions', 'consume_1_or_2_with_dataset_expressions', 'conditional_dataset_and_time_based_timetable', 'dataset_produces_2', 'dataset_consumes_unknown_never_scheduled', 'dataset_consumes_1', 'dataset_consumes_1_and_2' retrieved from /home/airflow/.local/lib/python3.12/site-packages/airflow/example_dags/example_datasets.py
[2024-06-01T08:10:21.831+0000] {logging_mixin.py:188} INFO - [2024-06-01T08:10:21.831+0000] {dag.py:3096} INFO - Sync 10 DAGs
[2024-06-01T08:10:21.857+0000] {logging_mixin.py:188} INFO - [2024-06-01T08:10:21.857+0000] {dag.py:3954} INFO - Setting next_dagrun for conditional_dataset_and_time_based_timetable to 2024-05-29 01:00:00+00:00, run_after=2024-05-29 01:00:00+00:00
[2024-06-01T08:10:21.861+0000] {logging_mixin.py:188} INFO - [2024-06-01T08:10:21.861+0000] {dag.py:3954} INFO - Setting next_dagrun for consume_1_and_2_with_dataset_expressions to None, run_after=None
[2024-06-01T08:10:21.863+0000] {logging_mixin.py:188} INFO - [2024-06-01T08:10:21.863+0000] {dag.py:3954} INFO - Setting next_dagrun for consume_1_or_2_with_dataset_expressions to None, run_after=None
[2024-06-01T08:10:21.864+0000] {logging_mixin.py:188} INFO - [2024-06-01T08:10:21.864+0000] {dag.py:3954} INFO - Setting next_dagrun for consume_1_or_both_2_and_3_with_dataset_expressions to None, run_after=None
[2024-06-01T08:10:21.865+0000] {logging_mixin.py:188} INFO - [2024-06-01T08:10:21.865+0000] {dag.py:3954} INFO - Setting next_dagrun for dataset_consumes_1 to None, run_after=None
[2024-06-01T08:10:21.867+0000] {logging_mixin.py:188} INFO - [2024-06-01T08:10:21.866+0000] {dag.py:3954} INFO - Setting next_dagrun for dataset_consumes_1_and_2 to None, run_after=None
[2024-06-01T08:10:21.869+0000] {logging_mixin.py:188} INFO - [2024-06-01T08:10:21.868+0000] {dag.py:3954} INFO - Setting next_dagrun for dataset_consumes_1_never_scheduled to None, run_after=None
[2024-06-01T08:10:21.870+0000] {logging_mixin.py:188} INFO - [2024-06-01T08:10:21.870+0000] {dag.py:3954} INFO - Setting next_dagrun for dataset_consumes_unknown_never_scheduled to None, run_after=None
[2024-06-01T08:10:21.873+0000] {logging_mixin.py:188} INFO - [2024-06-01T08:10:21.873+0000] {dag.py:3954} INFO - Setting next_dagrun for dataset_produces_1 to 2024-05-31 00:00:00+00:00, run_after=2024-06-01 00:00:00+00:00
[2024-06-01T08:10:21.875+0000] {logging_mixin.py:188} INFO - [2024-06-01T08:10:21.874+0000] {dag.py:3954} INFO - Setting next_dagrun for dataset_produces_2 to None, run_after=None
[2024-06-01T08:10:21.913+0000] {processor.py:183} INFO - Processing /home/airflow/.local/lib/python3.12/site-packages/airflow/example_dags/example_datasets.py took 0.151 seconds
[2024-06-01T08:10:52.078+0000] {processor.py:161} INFO - Started process (PID=434) to work on /home/airflow/.local/lib/python3.12/site-packages/airflow/example_dags/example_datasets.py
[2024-06-01T08:10:52.079+0000] {processor.py:830} INFO - Processing file /home/airflow/.local/lib/python3.12/site-packages/airflow/example_dags/example_datasets.py for tasks to queue
[2024-06-01T08:10:52.080+0000] {logging_mixin.py:188} INFO - [2024-06-01T08:10:52.080+0000] {dagbag.py:545} INFO - Filling up the DagBag from /home/airflow/.local/lib/python3.12/site-packages/airflow/example_dags/example_datasets.py
[2024-06-01T08:10:52.094+0000] {processor.py:840} INFO - DAG(s) 'consume_1_or_both_2_and_3_with_dataset_expressions', 'dataset_produces_2', 'dataset_consumes_1_and_2', 'conditional_dataset_and_time_based_timetable', 'dataset_consumes_1_never_scheduled', 'consume_1_and_2_with_dataset_expressions', 'consume_1_or_2_with_dataset_expressions', 'dataset_consumes_unknown_never_scheduled', 'dataset_consumes_1', 'dataset_produces_1' retrieved from /home/airflow/.local/lib/python3.12/site-packages/airflow/example_dags/example_datasets.py
[2024-06-01T08:10:52.226+0000] {logging_mixin.py:188} INFO - [2024-06-01T08:10:52.226+0000] {dag.py:3096} INFO - Sync 10 DAGs
[2024-06-01T08:10:52.240+0000] {logging_mixin.py:188} INFO - [2024-06-01T08:10:52.240+0000] {dag.py:3118} INFO - Creating ORM DAG for consume_1_and_2_with_dataset_expressions
[2024-06-01T08:10:52.241+0000] {logging_mixin.py:188} INFO - [2024-06-01T08:10:52.241+0000] {dag.py:3118} INFO - Creating ORM DAG for conditional_dataset_and_time_based_timetable
[2024-06-01T08:10:52.252+0000] {logging_mixin.py:188} INFO - [2024-06-01T08:10:52.252+0000] {dag.py:3954} INFO - Setting next_dagrun for conditional_dataset_and_time_based_timetable to 2024-05-29 01:00:00+00:00, run_after=2024-05-29 01:00:00+00:00
[2024-06-01T08:10:52.253+0000] {logging_mixin.py:188} INFO - [2024-06-01T08:10:52.253+0000] {dag.py:3954} INFO - Setting next_dagrun for consume_1_and_2_with_dataset_expressions to None, run_after=None
[2024-06-01T08:10:52.253+0000] {logging_mixin.py:188} INFO - [2024-06-01T08:10:52.253+0000] {dag.py:3954} INFO - Setting next_dagrun for consume_1_or_2_with_dataset_expressions to None, run_after=None
[2024-06-01T08:10:52.257+0000] {logging_mixin.py:188} INFO - [2024-06-01T08:10:52.257+0000] {dag.py:3954} INFO - Setting next_dagrun for consume_1_or_both_2_and_3_with_dataset_expressions to None, run_after=None
[2024-06-01T08:10:52.258+0000] {logging_mixin.py:188} INFO - [2024-06-01T08:10:52.258+0000] {dag.py:3954} INFO - Setting next_dagrun for dataset_consumes_1 to None, run_after=None
[2024-06-01T08:10:52.260+0000] {logging_mixin.py:188} INFO - [2024-06-01T08:10:52.259+0000] {dag.py:3954} INFO - Setting next_dagrun for dataset_consumes_1_and_2 to None, run_after=None
[2024-06-01T08:10:52.261+0000] {logging_mixin.py:188} INFO - [2024-06-01T08:10:52.261+0000] {dag.py:3954} INFO - Setting next_dagrun for dataset_consumes_1_never_scheduled to None, run_after=None
[2024-06-01T08:10:52.262+0000] {logging_mixin.py:188} INFO - [2024-06-01T08:10:52.262+0000] {dag.py:3954} INFO - Setting next_dagrun for dataset_consumes_unknown_never_scheduled to None, run_after=None
[2024-06-01T08:10:52.265+0000] {logging_mixin.py:188} INFO - [2024-06-01T08:10:52.264+0000] {dag.py:3954} INFO - Setting next_dagrun for dataset_produces_1 to 2024-05-31 00:00:00+00:00, run_after=2024-06-01 00:00:00+00:00
[2024-06-01T08:10:52.266+0000] {logging_mixin.py:188} INFO - [2024-06-01T08:10:52.266+0000] {dag.py:3954} INFO - Setting next_dagrun for dataset_produces_2 to None, run_after=None
[2024-06-01T08:10:52.310+0000] {processor.py:183} INFO - Processing /home/airflow/.local/lib/python3.12/site-packages/airflow/example_dags/example_datasets.py took 0.238 seconds
[2024-06-01T08:11:22.441+0000] {processor.py:161} INFO - Started process (PID=492) to work on /home/airflow/.local/lib/python3.12/site-packages/airflow/example_dags/example_datasets.py
[2024-06-01T08:11:22.442+0000] {processor.py:830} INFO - Processing file /home/airflow/.local/lib/python3.12/site-packages/airflow/example_dags/example_datasets.py for tasks to queue
[2024-06-01T08:11:22.444+0000] {logging_mixin.py:188} INFO - [2024-06-01T08:11:22.444+0000] {dagbag.py:545} INFO - Filling up the DagBag from /home/airflow/.local/lib/python3.12/site-packages/airflow/example_dags/example_datasets.py
[2024-06-01T08:11:22.457+0000] {processor.py:840} INFO - DAG(s) 'dataset_consumes_unknown_never_scheduled', 'dataset_consumes_1_and_2', 'consume_1_or_both_2_and_3_with_dataset_expressions', 'dataset_produces_2', 'conditional_dataset_and_time_based_timetable', 'consume_1_and_2_with_dataset_expressions', 'dataset_produces_1', 'dataset_consumes_1', 'consume_1_or_2_with_dataset_expressions', 'dataset_consumes_1_never_scheduled' retrieved from /home/airflow/.local/lib/python3.12/site-packages/airflow/example_dags/example_datasets.py
[2024-06-01T08:11:22.500+0000] {logging_mixin.py:188} INFO - [2024-06-01T08:11:22.500+0000] {dag.py:3096} INFO - Sync 10 DAGs
[2024-06-01T08:11:22.523+0000] {logging_mixin.py:188} INFO - [2024-06-01T08:11:22.523+0000] {dag.py:3954} INFO - Setting next_dagrun for conditional_dataset_and_time_based_timetable to 2024-05-29 01:00:00+00:00, run_after=2024-05-29 01:00:00+00:00
[2024-06-01T08:11:22.528+0000] {logging_mixin.py:188} INFO - [2024-06-01T08:11:22.528+0000] {dag.py:3954} INFO - Setting next_dagrun for consume_1_and_2_with_dataset_expressions to None, run_after=None
[2024-06-01T08:11:22.529+0000] {logging_mixin.py:188} INFO - [2024-06-01T08:11:22.529+0000] {dag.py:3954} INFO - Setting next_dagrun for consume_1_or_2_with_dataset_expressions to None, run_after=None
[2024-06-01T08:11:22.531+0000] {logging_mixin.py:188} INFO - [2024-06-01T08:11:22.530+0000] {dag.py:3954} INFO - Setting next_dagrun for consume_1_or_both_2_and_3_with_dataset_expressions to None, run_after=None
[2024-06-01T08:11:22.532+0000] {logging_mixin.py:188} INFO - [2024-06-01T08:11:22.532+0000] {dag.py:3954} INFO - Setting next_dagrun for dataset_consumes_1 to None, run_after=None
[2024-06-01T08:11:22.533+0000] {logging_mixin.py:188} INFO - [2024-06-01T08:11:22.533+0000] {dag.py:3954} INFO - Setting next_dagrun for dataset_consumes_1_and_2 to None, run_after=None
[2024-06-01T08:11:22.534+0000] {logging_mixin.py:188} INFO - [2024-06-01T08:11:22.534+0000] {dag.py:3954} INFO - Setting next_dagrun for dataset_consumes_1_never_scheduled to None, run_after=None
[2024-06-01T08:11:22.536+0000] {logging_mixin.py:188} INFO - [2024-06-01T08:11:22.536+0000] {dag.py:3954} INFO - Setting next_dagrun for dataset_consumes_unknown_never_scheduled to None, run_after=None
[2024-06-01T08:11:22.538+0000] {logging_mixin.py:188} INFO - [2024-06-01T08:11:22.538+0000] {dag.py:3954} INFO - Setting next_dagrun for dataset_produces_1 to 2024-05-31 00:00:00+00:00, run_after=2024-06-01 00:00:00+00:00
[2024-06-01T08:11:22.539+0000] {logging_mixin.py:188} INFO - [2024-06-01T08:11:22.539+0000] {dag.py:3954} INFO - Setting next_dagrun for dataset_produces_2 to None, run_after=None
[2024-06-01T08:11:22.566+0000] {processor.py:183} INFO - Processing /home/airflow/.local/lib/python3.12/site-packages/airflow/example_dags/example_datasets.py took 0.132 seconds
[2024-06-01T08:11:53.480+0000] {processor.py:161} INFO - Started process (PID=550) to work on /home/airflow/.local/lib/python3.12/site-packages/airflow/example_dags/example_datasets.py
[2024-06-01T08:11:53.482+0000] {processor.py:830} INFO - Processing file /home/airflow/.local/lib/python3.12/site-packages/airflow/example_dags/example_datasets.py for tasks to queue
[2024-06-01T08:11:53.484+0000] {logging_mixin.py:188} INFO - [2024-06-01T08:11:53.483+0000] {dagbag.py:545} INFO - Filling up the DagBag from /home/airflow/.local/lib/python3.12/site-packages/airflow/example_dags/example_datasets.py
[2024-06-01T08:11:53.512+0000] {processor.py:840} INFO - DAG(s) 'dataset_produces_2', 'consume_1_or_both_2_and_3_with_dataset_expressions', 'dataset_produces_1', 'dataset_consumes_1', 'conditional_dataset_and_time_based_timetable', 'dataset_consumes_1_and_2', 'dataset_consumes_1_never_scheduled', 'consume_1_or_2_with_dataset_expressions', 'dataset_consumes_unknown_never_scheduled', 'consume_1_and_2_with_dataset_expressions' retrieved from /home/airflow/.local/lib/python3.12/site-packages/airflow/example_dags/example_datasets.py
[2024-06-01T08:11:53.638+0000] {logging_mixin.py:188} INFO - [2024-06-01T08:11:53.638+0000] {dag.py:3096} INFO - Sync 10 DAGs
[2024-06-01T08:11:53.671+0000] {logging_mixin.py:188} INFO - [2024-06-01T08:11:53.671+0000] {dag.py:3954} INFO - Setting next_dagrun for conditional_dataset_and_time_based_timetable to 2024-05-29 01:00:00+00:00, run_after=2024-05-29 01:00:00+00:00
[2024-06-01T08:11:53.678+0000] {logging_mixin.py:188} INFO - [2024-06-01T08:11:53.677+0000] {dag.py:3954} INFO - Setting next_dagrun for consume_1_and_2_with_dataset_expressions to None, run_after=None
[2024-06-01T08:11:53.679+0000] {logging_mixin.py:188} INFO - [2024-06-01T08:11:53.679+0000] {dag.py:3954} INFO - Setting next_dagrun for consume_1_or_2_with_dataset_expressions to None, run_after=None
[2024-06-01T08:11:53.681+0000] {logging_mixin.py:188} INFO - [2024-06-01T08:11:53.681+0000] {dag.py:3954} INFO - Setting next_dagrun for consume_1_or_both_2_and_3_with_dataset_expressions to None, run_after=None
[2024-06-01T08:11:53.683+0000] {logging_mixin.py:188} INFO - [2024-06-01T08:11:53.682+0000] {dag.py:3954} INFO - Setting next_dagrun for dataset_consumes_1 to None, run_after=None
[2024-06-01T08:11:53.684+0000] {logging_mixin.py:188} INFO - [2024-06-01T08:11:53.684+0000] {dag.py:3954} INFO - Setting next_dagrun for dataset_consumes_1_and_2 to None, run_after=None
[2024-06-01T08:11:53.686+0000] {logging_mixin.py:188} INFO - [2024-06-01T08:11:53.686+0000] {dag.py:3954} INFO - Setting next_dagrun for dataset_consumes_1_never_scheduled to None, run_after=None
[2024-06-01T08:11:53.688+0000] {logging_mixin.py:188} INFO - [2024-06-01T08:11:53.687+0000] {dag.py:3954} INFO - Setting next_dagrun for dataset_consumes_unknown_never_scheduled to None, run_after=None
[2024-06-01T08:11:53.690+0000] {logging_mixin.py:188} INFO - [2024-06-01T08:11:53.690+0000] {dag.py:3954} INFO - Setting next_dagrun for dataset_produces_1 to 2024-05-31 00:00:00+00:00, run_after=2024-06-01 00:00:00+00:00
[2024-06-01T08:11:53.692+0000] {logging_mixin.py:188} INFO - [2024-06-01T08:11:53.692+0000] {dag.py:3954} INFO - Setting next_dagrun for dataset_produces_2 to None, run_after=None
[2024-06-01T08:11:53.725+0000] {processor.py:183} INFO - Processing /home/airflow/.local/lib/python3.12/site-packages/airflow/example_dags/example_datasets.py took 0.252 seconds
[2024-06-01T08:12:24.191+0000] {processor.py:161} INFO - Started process (PID=608) to work on /home/airflow/.local/lib/python3.12/site-packages/airflow/example_dags/example_datasets.py
[2024-06-01T08:12:24.192+0000] {processor.py:830} INFO - Processing file /home/airflow/.local/lib/python3.12/site-packages/airflow/example_dags/example_datasets.py for tasks to queue
[2024-06-01T08:12:24.195+0000] {logging_mixin.py:188} INFO - [2024-06-01T08:12:24.194+0000] {dagbag.py:545} INFO - Filling up the DagBag from /home/airflow/.local/lib/python3.12/site-packages/airflow/example_dags/example_datasets.py
[2024-06-01T08:12:24.210+0000] {processor.py:840} INFO - DAG(s) 'dataset_consumes_1_never_scheduled', 'dataset_produces_1', 'dataset_consumes_1_and_2', 'dataset_consumes_unknown_never_scheduled', 'dataset_consumes_1', 'dataset_produces_2', 'consume_1_or_both_2_and_3_with_dataset_expressions', 'conditional_dataset_and_time_based_timetable', 'consume_1_or_2_with_dataset_expressions', 'consume_1_and_2_with_dataset_expressions' retrieved from /home/airflow/.local/lib/python3.12/site-packages/airflow/example_dags/example_datasets.py
[2024-06-01T08:12:24.264+0000] {logging_mixin.py:188} INFO - [2024-06-01T08:12:24.264+0000] {dag.py:3096} INFO - Sync 10 DAGs
[2024-06-01T08:12:24.292+0000] {logging_mixin.py:188} INFO - [2024-06-01T08:12:24.292+0000] {dag.py:3954} INFO - Setting next_dagrun for conditional_dataset_and_time_based_timetable to 2024-05-29 01:00:00+00:00, run_after=2024-05-29 01:00:00+00:00
[2024-06-01T08:12:24.296+0000] {logging_mixin.py:188} INFO - [2024-06-01T08:12:24.296+0000] {dag.py:3954} INFO - Setting next_dagrun for consume_1_and_2_with_dataset_expressions to None, run_after=None
[2024-06-01T08:12:24.299+0000] {logging_mixin.py:188} INFO - [2024-06-01T08:12:24.298+0000] {dag.py:3954} INFO - Setting next_dagrun for consume_1_or_2_with_dataset_expressions to None, run_after=None
[2024-06-01T08:12:24.300+0000] {logging_mixin.py:188} INFO - [2024-06-01T08:12:24.300+0000] {dag.py:3954} INFO - Setting next_dagrun for consume_1_or_both_2_and_3_with_dataset_expressions to None, run_after=None
[2024-06-01T08:12:24.302+0000] {logging_mixin.py:188} INFO - [2024-06-01T08:12:24.302+0000] {dag.py:3954} INFO - Setting next_dagrun for dataset_consumes_1 to None, run_after=None
[2024-06-01T08:12:24.304+0000] {logging_mixin.py:188} INFO - [2024-06-01T08:12:24.304+0000] {dag.py:3954} INFO - Setting next_dagrun for dataset_consumes_1_and_2 to None, run_after=None
[2024-06-01T08:12:24.306+0000] {logging_mixin.py:188} INFO - [2024-06-01T08:12:24.306+0000] {dag.py:3954} INFO - Setting next_dagrun for dataset_consumes_1_never_scheduled to None, run_after=None
[2024-06-01T08:12:24.308+0000] {logging_mixin.py:188} INFO - [2024-06-01T08:12:24.308+0000] {dag.py:3954} INFO - Setting next_dagrun for dataset_consumes_unknown_never_scheduled to None, run_after=None
[2024-06-01T08:12:24.310+0000] {logging_mixin.py:188} INFO - [2024-06-01T08:12:24.310+0000] {dag.py:3954} INFO - Setting next_dagrun for dataset_produces_1 to 2024-05-31 00:00:00+00:00, run_after=2024-06-01 00:00:00+00:00
[2024-06-01T08:12:24.313+0000] {logging_mixin.py:188} INFO - [2024-06-01T08:12:24.312+0000] {dag.py:3954} INFO - Setting next_dagrun for dataset_produces_2 to None, run_after=None
[2024-06-01T08:12:24.352+0000] {processor.py:183} INFO - Processing /home/airflow/.local/lib/python3.12/site-packages/airflow/example_dags/example_datasets.py took 0.167 seconds
[2024-06-01T08:12:54.736+0000] {processor.py:161} INFO - Started process (PID=666) to work on /home/airflow/.local/lib/python3.12/site-packages/airflow/example_dags/example_datasets.py
[2024-06-01T08:12:54.737+0000] {processor.py:830} INFO - Processing file /home/airflow/.local/lib/python3.12/site-packages/airflow/example_dags/example_datasets.py for tasks to queue
[2024-06-01T08:12:54.738+0000] {logging_mixin.py:188} INFO - [2024-06-01T08:12:54.738+0000] {dagbag.py:545} INFO - Filling up the DagBag from /home/airflow/.local/lib/python3.12/site-packages/airflow/example_dags/example_datasets.py
[2024-06-01T08:12:54.751+0000] {processor.py:840} INFO - DAG(s) 'consume_1_or_both_2_and_3_with_dataset_expressions', 'dataset_consumes_1_never_scheduled', 'dataset_consumes_1_and_2', 'dataset_consumes_1', 'consume_1_or_2_with_dataset_expressions', 'dataset_produces_1', 'dataset_consumes_unknown_never_scheduled', 'conditional_dataset_and_time_based_timetable', 'consume_1_and_2_with_dataset_expressions', 'dataset_produces_2' retrieved from /home/airflow/.local/lib/python3.12/site-packages/airflow/example_dags/example_datasets.py
[2024-06-01T08:12:54.795+0000] {logging_mixin.py:188} INFO - [2024-06-01T08:12:54.795+0000] {dag.py:3096} INFO - Sync 10 DAGs
[2024-06-01T08:12:54.818+0000] {logging_mixin.py:188} INFO - [2024-06-01T08:12:54.818+0000] {dag.py:3954} INFO - Setting next_dagrun for conditional_dataset_and_time_based_timetable to 2024-05-29 01:00:00+00:00, run_after=2024-05-29 01:00:00+00:00
[2024-06-01T08:12:54.822+0000] {logging_mixin.py:188} INFO - [2024-06-01T08:12:54.822+0000] {dag.py:3954} INFO - Setting next_dagrun for consume_1_and_2_with_dataset_expressions to None, run_after=None
[2024-06-01T08:12:54.823+0000] {logging_mixin.py:188} INFO - [2024-06-01T08:12:54.823+0000] {dag.py:3954} INFO - Setting next_dagrun for consume_1_or_2_with_dataset_expressions to None, run_after=None
[2024-06-01T08:12:54.825+0000] {logging_mixin.py:188} INFO - [2024-06-01T08:12:54.825+0000] {dag.py:3954} INFO - Setting next_dagrun for consume_1_or_both_2_and_3_with_dataset_expressions to None, run_after=None
[2024-06-01T08:12:54.826+0000] {logging_mixin.py:188} INFO - [2024-06-01T08:12:54.826+0000] {dag.py:3954} INFO - Setting next_dagrun for dataset_consumes_1 to None, run_after=None
[2024-06-01T08:12:54.828+0000] {logging_mixin.py:188} INFO - [2024-06-01T08:12:54.827+0000] {dag.py:3954} INFO - Setting next_dagrun for dataset_consumes_1_and_2 to None, run_after=None
[2024-06-01T08:12:54.829+0000] {logging_mixin.py:188} INFO - [2024-06-01T08:12:54.829+0000] {dag.py:3954} INFO - Setting next_dagrun for dataset_consumes_1_never_scheduled to None, run_after=None
[2024-06-01T08:12:54.830+0000] {logging_mixin.py:188} INFO - [2024-06-01T08:12:54.830+0000] {dag.py:3954} INFO - Setting next_dagrun for dataset_consumes_unknown_never_scheduled to None, run_after=None
[2024-06-01T08:12:54.832+0000] {logging_mixin.py:188} INFO - [2024-06-01T08:12:54.832+0000] {dag.py:3954} INFO - Setting next_dagrun for dataset_produces_1 to 2024-05-31 00:00:00+00:00, run_after=2024-06-01 00:00:00+00:00
[2024-06-01T08:12:54.833+0000] {logging_mixin.py:188} INFO - [2024-06-01T08:12:54.833+0000] {dag.py:3954} INFO - Setting next_dagrun for dataset_produces_2 to None, run_after=None
[2024-06-01T08:12:54.861+0000] {processor.py:183} INFO - Processing /home/airflow/.local/lib/python3.12/site-packages/airflow/example_dags/example_datasets.py took 0.131 seconds
[2024-06-01T08:13:25.656+0000] {processor.py:161} INFO - Started process (PID=724) to work on /home/airflow/.local/lib/python3.12/site-packages/airflow/example_dags/example_datasets.py
[2024-06-01T08:13:25.657+0000] {processor.py:830} INFO - Processing file /home/airflow/.local/lib/python3.12/site-packages/airflow/example_dags/example_datasets.py for tasks to queue
[2024-06-01T08:13:25.658+0000] {logging_mixin.py:188} INFO - [2024-06-01T08:13:25.658+0000] {dagbag.py:545} INFO - Filling up the DagBag from /home/airflow/.local/lib/python3.12/site-packages/airflow/example_dags/example_datasets.py
[2024-06-01T08:13:25.671+0000] {processor.py:840} INFO - DAG(s) 'dataset_consumes_1', 'dataset_consumes_1_never_scheduled', 'consume_1_or_2_with_dataset_expressions', 'consume_1_and_2_with_dataset_expressions', 'dataset_produces_2', 'consume_1_or_both_2_and_3_with_dataset_expressions', 'dataset_consumes_1_and_2', 'dataset_produces_1', 'dataset_consumes_unknown_never_scheduled', 'conditional_dataset_and_time_based_timetable' retrieved from /home/airflow/.local/lib/python3.12/site-packages/airflow/example_dags/example_datasets.py
[2024-06-01T08:13:25.714+0000] {logging_mixin.py:188} INFO - [2024-06-01T08:13:25.713+0000] {dag.py:3096} INFO - Sync 10 DAGs
[2024-06-01T08:13:25.736+0000] {logging_mixin.py:188} INFO - [2024-06-01T08:13:25.736+0000] {dag.py:3954} INFO - Setting next_dagrun for conditional_dataset_and_time_based_timetable to 2024-05-29 01:00:00+00:00, run_after=2024-05-29 01:00:00+00:00
[2024-06-01T08:13:25.740+0000] {logging_mixin.py:188} INFO - [2024-06-01T08:13:25.740+0000] {dag.py:3954} INFO - Setting next_dagrun for consume_1_and_2_with_dataset_expressions to None, run_after=None
[2024-06-01T08:13:25.742+0000] {logging_mixin.py:188} INFO - [2024-06-01T08:13:25.741+0000] {dag.py:3954} INFO - Setting next_dagrun for consume_1_or_2_with_dataset_expressions to None, run_after=None
[2024-06-01T08:13:25.743+0000] {logging_mixin.py:188} INFO - [2024-06-01T08:13:25.743+0000] {dag.py:3954} INFO - Setting next_dagrun for consume_1_or_both_2_and_3_with_dataset_expressions to None, run_after=None
[2024-06-01T08:13:25.744+0000] {logging_mixin.py:188} INFO - [2024-06-01T08:13:25.744+0000] {dag.py:3954} INFO - Setting next_dagrun for dataset_consumes_1 to None, run_after=None
[2024-06-01T08:13:25.745+0000] {logging_mixin.py:188} INFO - [2024-06-01T08:13:25.745+0000] {dag.py:3954} INFO - Setting next_dagrun for dataset_consumes_1_and_2 to None, run_after=None
[2024-06-01T08:13:25.746+0000] {logging_mixin.py:188} INFO - [2024-06-01T08:13:25.746+0000] {dag.py:3954} INFO - Setting next_dagrun for dataset_consumes_1_never_scheduled to None, run_after=None
[2024-06-01T08:13:25.748+0000] {logging_mixin.py:188} INFO - [2024-06-01T08:13:25.747+0000] {dag.py:3954} INFO - Setting next_dagrun for dataset_consumes_unknown_never_scheduled to None, run_after=None
[2024-06-01T08:13:25.750+0000] {logging_mixin.py:188} INFO - [2024-06-01T08:13:25.750+0000] {dag.py:3954} INFO - Setting next_dagrun for dataset_produces_1 to 2024-05-31 00:00:00+00:00, run_after=2024-06-01 00:00:00+00:00
[2024-06-01T08:13:25.751+0000] {logging_mixin.py:188} INFO - [2024-06-01T08:13:25.751+0000] {dag.py:3954} INFO - Setting next_dagrun for dataset_produces_2 to None, run_after=None
[2024-06-01T08:13:25.780+0000] {processor.py:183} INFO - Processing /home/airflow/.local/lib/python3.12/site-packages/airflow/example_dags/example_datasets.py took 0.130 seconds
