[2024-06-01T08:07:44.150+0000] {processor.py:161} INFO - Started process (PID=57) to work on /home/airflow/.local/lib/python3.12/site-packages/airflow/example_dags/example_sla_dag.py
[2024-06-01T08:07:44.152+0000] {processor.py:830} INFO - Processing file /home/airflow/.local/lib/python3.12/site-packages/airflow/example_dags/example_sla_dag.py for tasks to queue
[2024-06-01T08:07:44.154+0000] {logging_mixin.py:188} INFO - [2024-06-01T08:07:44.154+0000] {dagbag.py:545} INFO - Filling up the DagBag from /home/airflow/.local/lib/python3.12/site-packages/airflow/example_dags/example_sla_dag.py
[2024-06-01T08:07:44.198+0000] {processor.py:840} INFO - DAG(s) 'example_sla_dag' retrieved from /home/airflow/.local/lib/python3.12/site-packages/airflow/example_dags/example_sla_dag.py
[2024-06-01T08:07:44.256+0000] {logging_mixin.py:188} INFO - [2024-06-01T08:07:44.255+0000] {dag.py:3096} INFO - Sync 1 DAGs
[2024-06-01T08:07:44.363+0000] {logging_mixin.py:188} INFO - [2024-06-01T08:07:44.362+0000] {dag.py:3954} INFO - Setting next_dagrun for example_sla_dag to 2024-06-01 08:04:00+00:00, run_after=2024-06-01 08:06:00+00:00
[2024-06-01T08:07:44.432+0000] {processor.py:183} INFO - Processing /home/airflow/.local/lib/python3.12/site-packages/airflow/example_dags/example_sla_dag.py took 0.292 seconds
[2024-06-01T08:08:14.884+0000] {processor.py:161} INFO - Started process (PID=116) to work on /home/airflow/.local/lib/python3.12/site-packages/airflow/example_dags/example_sla_dag.py
[2024-06-01T08:08:14.885+0000] {processor.py:830} INFO - Processing file /home/airflow/.local/lib/python3.12/site-packages/airflow/example_dags/example_sla_dag.py for tasks to queue
[2024-06-01T08:08:14.887+0000] {logging_mixin.py:188} INFO - [2024-06-01T08:08:14.887+0000] {dagbag.py:545} INFO - Filling up the DagBag from /home/airflow/.local/lib/python3.12/site-packages/airflow/example_dags/example_sla_dag.py
[2024-06-01T08:08:14.895+0000] {processor.py:840} INFO - DAG(s) 'example_sla_dag' retrieved from /home/airflow/.local/lib/python3.12/site-packages/airflow/example_dags/example_sla_dag.py
[2024-06-01T08:08:14.905+0000] {logging_mixin.py:188} INFO - [2024-06-01T08:08:14.904+0000] {dag.py:3096} INFO - Sync 1 DAGs
[2024-06-01T08:08:14.929+0000] {logging_mixin.py:188} INFO - [2024-06-01T08:08:14.929+0000] {dag.py:3954} INFO - Setting next_dagrun for example_sla_dag to 2024-06-01 08:06:00+00:00, run_after=2024-06-01 08:08:00+00:00
[2024-06-01T08:08:14.947+0000] {processor.py:183} INFO - Processing /home/airflow/.local/lib/python3.12/site-packages/airflow/example_dags/example_sla_dag.py took 0.069 seconds
[2024-06-01T08:08:45.314+0000] {processor.py:161} INFO - Started process (PID=174) to work on /home/airflow/.local/lib/python3.12/site-packages/airflow/example_dags/example_sla_dag.py
[2024-06-01T08:08:45.315+0000] {processor.py:830} INFO - Processing file /home/airflow/.local/lib/python3.12/site-packages/airflow/example_dags/example_sla_dag.py for tasks to queue
[2024-06-01T08:08:45.318+0000] {logging_mixin.py:188} INFO - [2024-06-01T08:08:45.317+0000] {dagbag.py:545} INFO - Filling up the DagBag from /home/airflow/.local/lib/python3.12/site-packages/airflow/example_dags/example_sla_dag.py
[2024-06-01T08:08:45.331+0000] {processor.py:840} INFO - DAG(s) 'example_sla_dag' retrieved from /home/airflow/.local/lib/python3.12/site-packages/airflow/example_dags/example_sla_dag.py
[2024-06-01T08:08:45.454+0000] {logging_mixin.py:188} INFO - [2024-06-01T08:08:45.454+0000] {dag.py:3096} INFO - Sync 1 DAGs
[2024-06-01T08:08:45.483+0000] {logging_mixin.py:188} INFO - [2024-06-01T08:08:45.483+0000] {dag.py:3954} INFO - Setting next_dagrun for example_sla_dag to 2024-06-01 08:06:00+00:00, run_after=2024-06-01 08:08:00+00:00
[2024-06-01T08:08:45.506+0000] {processor.py:183} INFO - Processing /home/airflow/.local/lib/python3.12/site-packages/airflow/example_dags/example_sla_dag.py took 0.198 seconds
[2024-06-01T08:09:15.936+0000] {processor.py:161} INFO - Started process (PID=232) to work on /home/airflow/.local/lib/python3.12/site-packages/airflow/example_dags/example_sla_dag.py
[2024-06-01T08:09:15.938+0000] {processor.py:830} INFO - Processing file /home/airflow/.local/lib/python3.12/site-packages/airflow/example_dags/example_sla_dag.py for tasks to queue
[2024-06-01T08:09:15.939+0000] {logging_mixin.py:188} INFO - [2024-06-01T08:09:15.939+0000] {dagbag.py:545} INFO - Filling up the DagBag from /home/airflow/.local/lib/python3.12/site-packages/airflow/example_dags/example_sla_dag.py
[2024-06-01T08:09:15.948+0000] {processor.py:840} INFO - DAG(s) 'example_sla_dag' retrieved from /home/airflow/.local/lib/python3.12/site-packages/airflow/example_dags/example_sla_dag.py
[2024-06-01T08:09:15.970+0000] {logging_mixin.py:188} INFO - [2024-06-01T08:09:15.970+0000] {dag.py:3096} INFO - Sync 1 DAGs
[2024-06-01T08:09:16.010+0000] {logging_mixin.py:188} INFO - [2024-06-01T08:09:16.010+0000] {dag.py:3954} INFO - Setting next_dagrun for example_sla_dag to 2024-06-01 08:06:00+00:00, run_after=2024-06-01 08:08:00+00:00
[2024-06-01T08:09:16.032+0000] {processor.py:183} INFO - Processing /home/airflow/.local/lib/python3.12/site-packages/airflow/example_dags/example_sla_dag.py took 0.105 seconds
[2024-06-01T08:09:46.267+0000] {processor.py:161} INFO - Started process (PID=290) to work on /home/airflow/.local/lib/python3.12/site-packages/airflow/example_dags/example_sla_dag.py
[2024-06-01T08:09:46.268+0000] {processor.py:830} INFO - Processing file /home/airflow/.local/lib/python3.12/site-packages/airflow/example_dags/example_sla_dag.py for tasks to queue
[2024-06-01T08:09:46.271+0000] {logging_mixin.py:188} INFO - [2024-06-01T08:09:46.270+0000] {dagbag.py:545} INFO - Filling up the DagBag from /home/airflow/.local/lib/python3.12/site-packages/airflow/example_dags/example_sla_dag.py
[2024-06-01T08:09:46.279+0000] {processor.py:840} INFO - DAG(s) 'example_sla_dag' retrieved from /home/airflow/.local/lib/python3.12/site-packages/airflow/example_dags/example_sla_dag.py
[2024-06-01T08:09:46.298+0000] {logging_mixin.py:188} INFO - [2024-06-01T08:09:46.298+0000] {dag.py:3096} INFO - Sync 1 DAGs
[2024-06-01T08:09:46.324+0000] {logging_mixin.py:188} INFO - [2024-06-01T08:09:46.323+0000] {dag.py:3954} INFO - Setting next_dagrun for example_sla_dag to 2024-06-01 08:06:00+00:00, run_after=2024-06-01 08:08:00+00:00
[2024-06-01T08:09:46.345+0000] {processor.py:183} INFO - Processing /home/airflow/.local/lib/python3.12/site-packages/airflow/example_dags/example_sla_dag.py took 0.084 seconds
[2024-06-01T08:10:16.542+0000] {processor.py:161} INFO - Started process (PID=348) to work on /home/airflow/.local/lib/python3.12/site-packages/airflow/example_dags/example_sla_dag.py
[2024-06-01T08:10:16.543+0000] {processor.py:830} INFO - Processing file /home/airflow/.local/lib/python3.12/site-packages/airflow/example_dags/example_sla_dag.py for tasks to queue
[2024-06-01T08:10:16.544+0000] {logging_mixin.py:188} INFO - [2024-06-01T08:10:16.544+0000] {dagbag.py:545} INFO - Filling up the DagBag from /home/airflow/.local/lib/python3.12/site-packages/airflow/example_dags/example_sla_dag.py
[2024-06-01T08:10:16.552+0000] {processor.py:840} INFO - DAG(s) 'example_sla_dag' retrieved from /home/airflow/.local/lib/python3.12/site-packages/airflow/example_dags/example_sla_dag.py
[2024-06-01T08:10:16.571+0000] {logging_mixin.py:188} INFO - [2024-06-01T08:10:16.571+0000] {dag.py:3096} INFO - Sync 1 DAGs
[2024-06-01T08:10:16.597+0000] {logging_mixin.py:188} INFO - [2024-06-01T08:10:16.597+0000] {dag.py:3954} INFO - Setting next_dagrun for example_sla_dag to 2024-06-01 08:08:00+00:00, run_after=2024-06-01 08:10:00+00:00
[2024-06-01T08:10:16.616+0000] {processor.py:183} INFO - Processing /home/airflow/.local/lib/python3.12/site-packages/airflow/example_dags/example_sla_dag.py took 0.080 seconds
[2024-06-01T08:10:47.004+0000] {processor.py:161} INFO - Started process (PID=406) to work on /home/airflow/.local/lib/python3.12/site-packages/airflow/example_dags/example_sla_dag.py
[2024-06-01T08:10:47.004+0000] {processor.py:830} INFO - Processing file /home/airflow/.local/lib/python3.12/site-packages/airflow/example_dags/example_sla_dag.py for tasks to queue
[2024-06-01T08:10:47.006+0000] {logging_mixin.py:188} INFO - [2024-06-01T08:10:47.006+0000] {dagbag.py:545} INFO - Filling up the DagBag from /home/airflow/.local/lib/python3.12/site-packages/airflow/example_dags/example_sla_dag.py
[2024-06-01T08:10:47.014+0000] {processor.py:840} INFO - DAG(s) 'example_sla_dag' retrieved from /home/airflow/.local/lib/python3.12/site-packages/airflow/example_dags/example_sla_dag.py
[2024-06-01T08:10:47.033+0000] {logging_mixin.py:188} INFO - [2024-06-01T08:10:47.032+0000] {dag.py:3096} INFO - Sync 1 DAGs
[2024-06-01T08:10:47.055+0000] {logging_mixin.py:188} INFO - [2024-06-01T08:10:47.055+0000] {dag.py:3954} INFO - Setting next_dagrun for example_sla_dag to 2024-06-01 08:08:00+00:00, run_after=2024-06-01 08:10:00+00:00
[2024-06-01T08:10:47.073+0000] {processor.py:183} INFO - Processing /home/airflow/.local/lib/python3.12/site-packages/airflow/example_dags/example_sla_dag.py took 0.075 seconds
[2024-06-01T08:11:18.144+0000] {processor.py:161} INFO - Started process (PID=464) to work on /home/airflow/.local/lib/python3.12/site-packages/airflow/example_dags/example_sla_dag.py
[2024-06-01T08:11:18.145+0000] {processor.py:830} INFO - Processing file /home/airflow/.local/lib/python3.12/site-packages/airflow/example_dags/example_sla_dag.py for tasks to queue
[2024-06-01T08:11:18.147+0000] {logging_mixin.py:188} INFO - [2024-06-01T08:11:18.146+0000] {dagbag.py:545} INFO - Filling up the DagBag from /home/airflow/.local/lib/python3.12/site-packages/airflow/example_dags/example_sla_dag.py
[2024-06-01T08:11:18.155+0000] {processor.py:840} INFO - DAG(s) 'example_sla_dag' retrieved from /home/airflow/.local/lib/python3.12/site-packages/airflow/example_dags/example_sla_dag.py
[2024-06-01T08:11:18.179+0000] {logging_mixin.py:188} INFO - [2024-06-01T08:11:18.179+0000] {dag.py:3096} INFO - Sync 1 DAGs
[2024-06-01T08:11:18.206+0000] {logging_mixin.py:188} INFO - [2024-06-01T08:11:18.206+0000] {dag.py:3954} INFO - Setting next_dagrun for example_sla_dag to 2024-06-01 08:08:00+00:00, run_after=2024-06-01 08:10:00+00:00
[2024-06-01T08:11:18.251+0000] {processor.py:183} INFO - Processing /home/airflow/.local/lib/python3.12/site-packages/airflow/example_dags/example_sla_dag.py took 0.113 seconds
[2024-06-01T08:11:49.051+0000] {processor.py:161} INFO - Started process (PID=522) to work on /home/airflow/.local/lib/python3.12/site-packages/airflow/example_dags/example_sla_dag.py
[2024-06-01T08:11:49.052+0000] {processor.py:830} INFO - Processing file /home/airflow/.local/lib/python3.12/site-packages/airflow/example_dags/example_sla_dag.py for tasks to queue
[2024-06-01T08:11:49.054+0000] {logging_mixin.py:188} INFO - [2024-06-01T08:11:49.054+0000] {dagbag.py:545} INFO - Filling up the DagBag from /home/airflow/.local/lib/python3.12/site-packages/airflow/example_dags/example_sla_dag.py
[2024-06-01T08:11:49.064+0000] {processor.py:840} INFO - DAG(s) 'example_sla_dag' retrieved from /home/airflow/.local/lib/python3.12/site-packages/airflow/example_dags/example_sla_dag.py
[2024-06-01T08:11:49.087+0000] {logging_mixin.py:188} INFO - [2024-06-01T08:11:49.086+0000] {dag.py:3096} INFO - Sync 1 DAGs
[2024-06-01T08:11:49.117+0000] {logging_mixin.py:188} INFO - [2024-06-01T08:11:49.116+0000] {dag.py:3954} INFO - Setting next_dagrun for example_sla_dag to 2024-06-01 08:08:00+00:00, run_after=2024-06-01 08:10:00+00:00
[2024-06-01T08:11:49.140+0000] {processor.py:183} INFO - Processing /home/airflow/.local/lib/python3.12/site-packages/airflow/example_dags/example_sla_dag.py took 0.095 seconds
[2024-06-01T08:12:19.738+0000] {processor.py:161} INFO - Started process (PID=580) to work on /home/airflow/.local/lib/python3.12/site-packages/airflow/example_dags/example_sla_dag.py
[2024-06-01T08:12:19.739+0000] {processor.py:830} INFO - Processing file /home/airflow/.local/lib/python3.12/site-packages/airflow/example_dags/example_sla_dag.py for tasks to queue
[2024-06-01T08:12:19.741+0000] {logging_mixin.py:188} INFO - [2024-06-01T08:12:19.741+0000] {dagbag.py:545} INFO - Filling up the DagBag from /home/airflow/.local/lib/python3.12/site-packages/airflow/example_dags/example_sla_dag.py
[2024-06-01T08:12:19.751+0000] {processor.py:840} INFO - DAG(s) 'example_sla_dag' retrieved from /home/airflow/.local/lib/python3.12/site-packages/airflow/example_dags/example_sla_dag.py
[2024-06-01T08:12:19.771+0000] {logging_mixin.py:188} INFO - [2024-06-01T08:12:19.771+0000] {dag.py:3096} INFO - Sync 1 DAGs
[2024-06-01T08:12:19.800+0000] {logging_mixin.py:188} INFO - [2024-06-01T08:12:19.799+0000] {dag.py:3954} INFO - Setting next_dagrun for example_sla_dag to 2024-06-01 08:10:00+00:00, run_after=2024-06-01 08:12:00+00:00
[2024-06-01T08:12:19.824+0000] {processor.py:183} INFO - Processing /home/airflow/.local/lib/python3.12/site-packages/airflow/example_dags/example_sla_dag.py took 0.092 seconds
[2024-06-01T08:12:50.241+0000] {processor.py:161} INFO - Started process (PID=638) to work on /home/airflow/.local/lib/python3.12/site-packages/airflow/example_dags/example_sla_dag.py
[2024-06-01T08:12:50.244+0000] {processor.py:830} INFO - Processing file /home/airflow/.local/lib/python3.12/site-packages/airflow/example_dags/example_sla_dag.py for tasks to queue
[2024-06-01T08:12:50.247+0000] {logging_mixin.py:188} INFO - [2024-06-01T08:12:50.246+0000] {dagbag.py:545} INFO - Filling up the DagBag from /home/airflow/.local/lib/python3.12/site-packages/airflow/example_dags/example_sla_dag.py
[2024-06-01T08:12:50.267+0000] {processor.py:840} INFO - DAG(s) 'example_sla_dag' retrieved from /home/airflow/.local/lib/python3.12/site-packages/airflow/example_dags/example_sla_dag.py
[2024-06-01T08:12:50.297+0000] {logging_mixin.py:188} INFO - [2024-06-01T08:12:50.297+0000] {dag.py:3096} INFO - Sync 1 DAGs
[2024-06-01T08:12:50.341+0000] {logging_mixin.py:188} INFO - [2024-06-01T08:12:50.341+0000] {dag.py:3954} INFO - Setting next_dagrun for example_sla_dag to 2024-06-01 08:10:00+00:00, run_after=2024-06-01 08:12:00+00:00
[2024-06-01T08:12:50.364+0000] {processor.py:183} INFO - Processing /home/airflow/.local/lib/python3.12/site-packages/airflow/example_dags/example_sla_dag.py took 0.130 seconds
[2024-06-01T08:13:20.441+0000] {processor.py:161} INFO - Started process (PID=696) to work on /home/airflow/.local/lib/python3.12/site-packages/airflow/example_dags/example_sla_dag.py
[2024-06-01T08:13:20.442+0000] {processor.py:830} INFO - Processing file /home/airflow/.local/lib/python3.12/site-packages/airflow/example_dags/example_sla_dag.py for tasks to queue
[2024-06-01T08:13:20.445+0000] {logging_mixin.py:188} INFO - [2024-06-01T08:13:20.444+0000] {dagbag.py:545} INFO - Filling up the DagBag from /home/airflow/.local/lib/python3.12/site-packages/airflow/example_dags/example_sla_dag.py
[2024-06-01T08:13:20.456+0000] {processor.py:840} INFO - DAG(s) 'example_sla_dag' retrieved from /home/airflow/.local/lib/python3.12/site-packages/airflow/example_dags/example_sla_dag.py
[2024-06-01T08:13:20.477+0000] {logging_mixin.py:188} INFO - [2024-06-01T08:13:20.477+0000] {dag.py:3096} INFO - Sync 1 DAGs
[2024-06-01T08:13:20.503+0000] {logging_mixin.py:188} INFO - [2024-06-01T08:13:20.502+0000] {dag.py:3954} INFO - Setting next_dagrun for example_sla_dag to 2024-06-01 08:10:00+00:00, run_after=2024-06-01 08:12:00+00:00
[2024-06-01T08:13:20.520+0000] {processor.py:183} INFO - Processing /home/airflow/.local/lib/python3.12/site-packages/airflow/example_dags/example_sla_dag.py took 0.090 seconds
