[2024-06-01T08:07:42.839+0000] {processor.py:161} INFO - Started process (PID=52) to work on /home/airflow/.local/lib/python3.12/site-packages/airflow/example_dags/tutorial.py
[2024-06-01T08:07:42.849+0000] {processor.py:830} INFO - Processing file /home/airflow/.local/lib/python3.12/site-packages/airflow/example_dags/tutorial.py for tasks to queue
[2024-06-01T08:07:42.855+0000] {logging_mixin.py:188} INFO - [2024-06-01T08:07:42.854+0000] {dagbag.py:545} INFO - Filling up the DagBag from /home/airflow/.local/lib/python3.12/site-packages/airflow/example_dags/tutorial.py
[2024-06-01T08:07:42.961+0000] {processor.py:840} INFO - DAG(s) 'tutorial' retrieved from /home/airflow/.local/lib/python3.12/site-packages/airflow/example_dags/tutorial.py
[2024-06-01T08:07:43.067+0000] {logging_mixin.py:188} INFO - [2024-06-01T08:07:43.067+0000] {dag.py:3096} INFO - Sync 1 DAGs
[2024-06-01T08:07:43.201+0000] {logging_mixin.py:188} INFO - [2024-06-01T08:07:43.200+0000] {dag.py:3954} INFO - Setting next_dagrun for tutorial to 2024-05-31 00:00:00+00:00, run_after=2024-06-01 00:00:00+00:00
[2024-06-01T08:07:43.280+0000] {processor.py:183} INFO - Processing /home/airflow/.local/lib/python3.12/site-packages/airflow/example_dags/tutorial.py took 0.457 seconds
[2024-06-01T08:08:13.585+0000] {processor.py:161} INFO - Started process (PID=111) to work on /home/airflow/.local/lib/python3.12/site-packages/airflow/example_dags/tutorial.py
[2024-06-01T08:08:13.588+0000] {processor.py:830} INFO - Processing file /home/airflow/.local/lib/python3.12/site-packages/airflow/example_dags/tutorial.py for tasks to queue
[2024-06-01T08:08:13.598+0000] {logging_mixin.py:188} INFO - [2024-06-01T08:08:13.597+0000] {dagbag.py:545} INFO - Filling up the DagBag from /home/airflow/.local/lib/python3.12/site-packages/airflow/example_dags/tutorial.py
[2024-06-01T08:08:13.615+0000] {processor.py:840} INFO - DAG(s) 'tutorial' retrieved from /home/airflow/.local/lib/python3.12/site-packages/airflow/example_dags/tutorial.py
[2024-06-01T08:08:13.629+0000] {logging_mixin.py:188} INFO - [2024-06-01T08:08:13.628+0000] {dag.py:3096} INFO - Sync 1 DAGs
[2024-06-01T08:08:13.664+0000] {logging_mixin.py:188} INFO - [2024-06-01T08:08:13.664+0000] {dag.py:3954} INFO - Setting next_dagrun for tutorial to 2024-05-31 00:00:00+00:00, run_after=2024-06-01 00:00:00+00:00
[2024-06-01T08:08:13.697+0000] {processor.py:183} INFO - Processing /home/airflow/.local/lib/python3.12/site-packages/airflow/example_dags/tutorial.py took 0.119 seconds
[2024-06-01T08:08:43.850+0000] {processor.py:161} INFO - Started process (PID=169) to work on /home/airflow/.local/lib/python3.12/site-packages/airflow/example_dags/tutorial.py
[2024-06-01T08:08:43.851+0000] {processor.py:830} INFO - Processing file /home/airflow/.local/lib/python3.12/site-packages/airflow/example_dags/tutorial.py for tasks to queue
[2024-06-01T08:08:43.854+0000] {logging_mixin.py:188} INFO - [2024-06-01T08:08:43.853+0000] {dagbag.py:545} INFO - Filling up the DagBag from /home/airflow/.local/lib/python3.12/site-packages/airflow/example_dags/tutorial.py
[2024-06-01T08:08:43.859+0000] {processor.py:840} INFO - DAG(s) 'tutorial' retrieved from /home/airflow/.local/lib/python3.12/site-packages/airflow/example_dags/tutorial.py
[2024-06-01T08:08:43.953+0000] {logging_mixin.py:188} INFO - [2024-06-01T08:08:43.952+0000] {dag.py:3096} INFO - Sync 1 DAGs
[2024-06-01T08:08:43.971+0000] {logging_mixin.py:188} INFO - [2024-06-01T08:08:43.971+0000] {dag.py:3954} INFO - Setting next_dagrun for tutorial to 2024-05-31 00:00:00+00:00, run_after=2024-06-01 00:00:00+00:00
[2024-06-01T08:08:43.990+0000] {processor.py:183} INFO - Processing /home/airflow/.local/lib/python3.12/site-packages/airflow/example_dags/tutorial.py took 0.145 seconds
[2024-06-01T08:09:14.694+0000] {processor.py:161} INFO - Started process (PID=227) to work on /home/airflow/.local/lib/python3.12/site-packages/airflow/example_dags/tutorial.py
[2024-06-01T08:09:14.695+0000] {processor.py:830} INFO - Processing file /home/airflow/.local/lib/python3.12/site-packages/airflow/example_dags/tutorial.py for tasks to queue
[2024-06-01T08:09:14.697+0000] {logging_mixin.py:188} INFO - [2024-06-01T08:09:14.697+0000] {dagbag.py:545} INFO - Filling up the DagBag from /home/airflow/.local/lib/python3.12/site-packages/airflow/example_dags/tutorial.py
[2024-06-01T08:09:14.703+0000] {processor.py:840} INFO - DAG(s) 'tutorial' retrieved from /home/airflow/.local/lib/python3.12/site-packages/airflow/example_dags/tutorial.py
[2024-06-01T08:09:14.722+0000] {logging_mixin.py:188} INFO - [2024-06-01T08:09:14.721+0000] {dag.py:3096} INFO - Sync 1 DAGs
[2024-06-01T08:09:14.744+0000] {logging_mixin.py:188} INFO - [2024-06-01T08:09:14.744+0000] {dag.py:3954} INFO - Setting next_dagrun for tutorial to 2024-05-31 00:00:00+00:00, run_after=2024-06-01 00:00:00+00:00
[2024-06-01T08:09:14.765+0000] {processor.py:183} INFO - Processing /home/airflow/.local/lib/python3.12/site-packages/airflow/example_dags/tutorial.py took 0.076 seconds
[2024-06-01T08:09:45.029+0000] {processor.py:161} INFO - Started process (PID=285) to work on /home/airflow/.local/lib/python3.12/site-packages/airflow/example_dags/tutorial.py
[2024-06-01T08:09:45.030+0000] {processor.py:830} INFO - Processing file /home/airflow/.local/lib/python3.12/site-packages/airflow/example_dags/tutorial.py for tasks to queue
[2024-06-01T08:09:45.032+0000] {logging_mixin.py:188} INFO - [2024-06-01T08:09:45.032+0000] {dagbag.py:545} INFO - Filling up the DagBag from /home/airflow/.local/lib/python3.12/site-packages/airflow/example_dags/tutorial.py
[2024-06-01T08:09:45.038+0000] {processor.py:840} INFO - DAG(s) 'tutorial' retrieved from /home/airflow/.local/lib/python3.12/site-packages/airflow/example_dags/tutorial.py
[2024-06-01T08:09:45.057+0000] {logging_mixin.py:188} INFO - [2024-06-01T08:09:45.057+0000] {dag.py:3096} INFO - Sync 1 DAGs
[2024-06-01T08:09:45.079+0000] {logging_mixin.py:188} INFO - [2024-06-01T08:09:45.079+0000] {dag.py:3954} INFO - Setting next_dagrun for tutorial to 2024-05-31 00:00:00+00:00, run_after=2024-06-01 00:00:00+00:00
[2024-06-01T08:09:45.099+0000] {processor.py:183} INFO - Processing /home/airflow/.local/lib/python3.12/site-packages/airflow/example_dags/tutorial.py took 0.075 seconds
[2024-06-01T08:10:15.292+0000] {processor.py:161} INFO - Started process (PID=343) to work on /home/airflow/.local/lib/python3.12/site-packages/airflow/example_dags/tutorial.py
[2024-06-01T08:10:15.293+0000] {processor.py:830} INFO - Processing file /home/airflow/.local/lib/python3.12/site-packages/airflow/example_dags/tutorial.py for tasks to queue
[2024-06-01T08:10:15.295+0000] {logging_mixin.py:188} INFO - [2024-06-01T08:10:15.294+0000] {dagbag.py:545} INFO - Filling up the DagBag from /home/airflow/.local/lib/python3.12/site-packages/airflow/example_dags/tutorial.py
[2024-06-01T08:10:15.300+0000] {processor.py:840} INFO - DAG(s) 'tutorial' retrieved from /home/airflow/.local/lib/python3.12/site-packages/airflow/example_dags/tutorial.py
[2024-06-01T08:10:15.331+0000] {logging_mixin.py:188} INFO - [2024-06-01T08:10:15.330+0000] {dag.py:3096} INFO - Sync 1 DAGs
[2024-06-01T08:10:15.366+0000] {logging_mixin.py:188} INFO - [2024-06-01T08:10:15.366+0000] {dag.py:3954} INFO - Setting next_dagrun for tutorial to 2024-05-31 00:00:00+00:00, run_after=2024-06-01 00:00:00+00:00
[2024-06-01T08:10:15.390+0000] {processor.py:183} INFO - Processing /home/airflow/.local/lib/python3.12/site-packages/airflow/example_dags/tutorial.py took 0.104 seconds
[2024-06-01T08:10:45.781+0000] {processor.py:161} INFO - Started process (PID=401) to work on /home/airflow/.local/lib/python3.12/site-packages/airflow/example_dags/tutorial.py
[2024-06-01T08:10:45.783+0000] {processor.py:830} INFO - Processing file /home/airflow/.local/lib/python3.12/site-packages/airflow/example_dags/tutorial.py for tasks to queue
[2024-06-01T08:10:45.785+0000] {logging_mixin.py:188} INFO - [2024-06-01T08:10:45.785+0000] {dagbag.py:545} INFO - Filling up the DagBag from /home/airflow/.local/lib/python3.12/site-packages/airflow/example_dags/tutorial.py
[2024-06-01T08:10:45.791+0000] {processor.py:840} INFO - DAG(s) 'tutorial' retrieved from /home/airflow/.local/lib/python3.12/site-packages/airflow/example_dags/tutorial.py
[2024-06-01T08:10:45.811+0000] {logging_mixin.py:188} INFO - [2024-06-01T08:10:45.811+0000] {dag.py:3096} INFO - Sync 1 DAGs
[2024-06-01T08:10:45.833+0000] {logging_mixin.py:188} INFO - [2024-06-01T08:10:45.833+0000] {dag.py:3954} INFO - Setting next_dagrun for tutorial to 2024-05-31 00:00:00+00:00, run_after=2024-06-01 00:00:00+00:00
[2024-06-01T08:10:45.857+0000] {processor.py:183} INFO - Processing /home/airflow/.local/lib/python3.12/site-packages/airflow/example_dags/tutorial.py took 0.081 seconds
[2024-06-01T08:11:16.580+0000] {processor.py:161} INFO - Started process (PID=459) to work on /home/airflow/.local/lib/python3.12/site-packages/airflow/example_dags/tutorial.py
[2024-06-01T08:11:16.581+0000] {processor.py:830} INFO - Processing file /home/airflow/.local/lib/python3.12/site-packages/airflow/example_dags/tutorial.py for tasks to queue
[2024-06-01T08:11:16.583+0000] {logging_mixin.py:188} INFO - [2024-06-01T08:11:16.583+0000] {dagbag.py:545} INFO - Filling up the DagBag from /home/airflow/.local/lib/python3.12/site-packages/airflow/example_dags/tutorial.py
[2024-06-01T08:11:16.588+0000] {processor.py:840} INFO - DAG(s) 'tutorial' retrieved from /home/airflow/.local/lib/python3.12/site-packages/airflow/example_dags/tutorial.py
[2024-06-01T08:11:16.607+0000] {logging_mixin.py:188} INFO - [2024-06-01T08:11:16.606+0000] {dag.py:3096} INFO - Sync 1 DAGs
[2024-06-01T08:11:16.627+0000] {logging_mixin.py:188} INFO - [2024-06-01T08:11:16.627+0000] {dag.py:3954} INFO - Setting next_dagrun for tutorial to 2024-05-31 00:00:00+00:00, run_after=2024-06-01 00:00:00+00:00
[2024-06-01T08:11:16.645+0000] {processor.py:183} INFO - Processing /home/airflow/.local/lib/python3.12/site-packages/airflow/example_dags/tutorial.py took 0.070 seconds
[2024-06-01T08:11:46.752+0000] {processor.py:161} INFO - Started process (PID=517) to work on /home/airflow/.local/lib/python3.12/site-packages/airflow/example_dags/tutorial.py
[2024-06-01T08:11:46.753+0000] {processor.py:830} INFO - Processing file /home/airflow/.local/lib/python3.12/site-packages/airflow/example_dags/tutorial.py for tasks to queue
[2024-06-01T08:11:46.755+0000] {logging_mixin.py:188} INFO - [2024-06-01T08:11:46.755+0000] {dagbag.py:545} INFO - Filling up the DagBag from /home/airflow/.local/lib/python3.12/site-packages/airflow/example_dags/tutorial.py
[2024-06-01T08:11:46.761+0000] {processor.py:840} INFO - DAG(s) 'tutorial' retrieved from /home/airflow/.local/lib/python3.12/site-packages/airflow/example_dags/tutorial.py
[2024-06-01T08:11:46.779+0000] {logging_mixin.py:188} INFO - [2024-06-01T08:11:46.779+0000] {dag.py:3096} INFO - Sync 1 DAGs
[2024-06-01T08:11:46.800+0000] {logging_mixin.py:188} INFO - [2024-06-01T08:11:46.800+0000] {dag.py:3954} INFO - Setting next_dagrun for tutorial to 2024-05-31 00:00:00+00:00, run_after=2024-06-01 00:00:00+00:00
[2024-06-01T08:11:46.819+0000] {processor.py:183} INFO - Processing /home/airflow/.local/lib/python3.12/site-packages/airflow/example_dags/tutorial.py took 0.073 seconds
[2024-06-01T08:12:17.460+0000] {processor.py:161} INFO - Started process (PID=575) to work on /home/airflow/.local/lib/python3.12/site-packages/airflow/example_dags/tutorial.py
[2024-06-01T08:12:17.461+0000] {processor.py:830} INFO - Processing file /home/airflow/.local/lib/python3.12/site-packages/airflow/example_dags/tutorial.py for tasks to queue
[2024-06-01T08:12:17.464+0000] {logging_mixin.py:188} INFO - [2024-06-01T08:12:17.463+0000] {dagbag.py:545} INFO - Filling up the DagBag from /home/airflow/.local/lib/python3.12/site-packages/airflow/example_dags/tutorial.py
[2024-06-01T08:12:17.472+0000] {processor.py:840} INFO - DAG(s) 'tutorial' retrieved from /home/airflow/.local/lib/python3.12/site-packages/airflow/example_dags/tutorial.py
[2024-06-01T08:12:17.498+0000] {logging_mixin.py:188} INFO - [2024-06-01T08:12:17.498+0000] {dag.py:3096} INFO - Sync 1 DAGs
[2024-06-01T08:12:17.530+0000] {logging_mixin.py:188} INFO - [2024-06-01T08:12:17.530+0000] {dag.py:3954} INFO - Setting next_dagrun for tutorial to 2024-05-31 00:00:00+00:00, run_after=2024-06-01 00:00:00+00:00
[2024-06-01T08:12:17.558+0000] {processor.py:183} INFO - Processing /home/airflow/.local/lib/python3.12/site-packages/airflow/example_dags/tutorial.py took 0.105 seconds
[2024-06-01T08:12:47.942+0000] {processor.py:161} INFO - Started process (PID=633) to work on /home/airflow/.local/lib/python3.12/site-packages/airflow/example_dags/tutorial.py
[2024-06-01T08:12:47.943+0000] {processor.py:830} INFO - Processing file /home/airflow/.local/lib/python3.12/site-packages/airflow/example_dags/tutorial.py for tasks to queue
[2024-06-01T08:12:47.945+0000] {logging_mixin.py:188} INFO - [2024-06-01T08:12:47.944+0000] {dagbag.py:545} INFO - Filling up the DagBag from /home/airflow/.local/lib/python3.12/site-packages/airflow/example_dags/tutorial.py
[2024-06-01T08:12:47.950+0000] {processor.py:840} INFO - DAG(s) 'tutorial' retrieved from /home/airflow/.local/lib/python3.12/site-packages/airflow/example_dags/tutorial.py
[2024-06-01T08:12:47.977+0000] {logging_mixin.py:188} INFO - [2024-06-01T08:12:47.977+0000] {dag.py:3096} INFO - Sync 1 DAGs
[2024-06-01T08:12:48.010+0000] {logging_mixin.py:188} INFO - [2024-06-01T08:12:48.010+0000] {dag.py:3954} INFO - Setting next_dagrun for tutorial to 2024-05-31 00:00:00+00:00, run_after=2024-06-01 00:00:00+00:00
[2024-06-01T08:12:48.031+0000] {processor.py:183} INFO - Processing /home/airflow/.local/lib/python3.12/site-packages/airflow/example_dags/tutorial.py took 0.094 seconds
[2024-06-01T08:13:18.082+0000] {processor.py:161} INFO - Started process (PID=691) to work on /home/airflow/.local/lib/python3.12/site-packages/airflow/example_dags/tutorial.py
[2024-06-01T08:13:18.083+0000] {processor.py:830} INFO - Processing file /home/airflow/.local/lib/python3.12/site-packages/airflow/example_dags/tutorial.py for tasks to queue
[2024-06-01T08:13:18.085+0000] {logging_mixin.py:188} INFO - [2024-06-01T08:13:18.085+0000] {dagbag.py:545} INFO - Filling up the DagBag from /home/airflow/.local/lib/python3.12/site-packages/airflow/example_dags/tutorial.py
[2024-06-01T08:13:18.090+0000] {processor.py:840} INFO - DAG(s) 'tutorial' retrieved from /home/airflow/.local/lib/python3.12/site-packages/airflow/example_dags/tutorial.py
[2024-06-01T08:13:18.109+0000] {logging_mixin.py:188} INFO - [2024-06-01T08:13:18.109+0000] {dag.py:3096} INFO - Sync 1 DAGs
[2024-06-01T08:13:18.135+0000] {logging_mixin.py:188} INFO - [2024-06-01T08:13:18.135+0000] {dag.py:3954} INFO - Setting next_dagrun for tutorial to 2024-05-31 00:00:00+00:00, run_after=2024-06-01 00:00:00+00:00
[2024-06-01T08:13:18.153+0000] {processor.py:183} INFO - Processing /home/airflow/.local/lib/python3.12/site-packages/airflow/example_dags/tutorial.py took 0.076 seconds
