[2024-06-01T18:28:15.054+0000] {local_task_job_runner.py:120} INFO - ::group::Pre task execution logs
[2024-06-01T18:28:15.091+0000] {taskinstance.py:2076} INFO - Dependencies all met for dep_context=non-requeueable deps ti=<TaskInstance: covid19_project_dag.consolidate_data manual__2024-06-01T18:28:11.315332+00:00 [queued]>
[2024-06-01T18:28:15.302+0000] {taskinstance.py:2076} INFO - Dependencies all met for dep_context=requeueable deps ti=<TaskInstance: covid19_project_dag.consolidate_data manual__2024-06-01T18:28:11.315332+00:00 [queued]>
[2024-06-01T18:28:15.302+0000] {taskinstance.py:2306} INFO - Starting attempt 1 of 3
[2024-06-01T18:28:15.315+0000] {taskinstance.py:2330} INFO - Executing <Task(PythonOperator): consolidate_data> on 2024-06-01 18:28:11.315332+00:00
[2024-06-01T18:28:15.320+0000] {warnings.py:110} WARNING - /home/***/.local/lib/python3.12/site-packages/***/task/task_runner/standard_task_runner.py:61: DeprecationWarning: This process (pid=408) is multi-threaded, use of fork() may lead to deadlocks in the child.
  pid = os.fork()

[2024-06-01T18:28:15.321+0000] {standard_task_runner.py:63} INFO - Started process 410 to run task
[2024-06-01T18:28:15.322+0000] {standard_task_runner.py:90} INFO - Running: ['***', 'tasks', 'run', 'covid19_project_dag', 'consolidate_data', 'manual__2024-06-01T18:28:11.315332+00:00', '--job-id', '38', '--raw', '--subdir', 'DAGS_FOLDER/covid19_project_dag.py', '--cfg-path', '/tmp/tmp95l_zjj5']
[2024-06-01T18:28:15.324+0000] {standard_task_runner.py:91} INFO - Job 38: Subtask consolidate_data
[2024-06-01T18:28:15.361+0000] {task_command.py:426} INFO - Running <TaskInstance: covid19_project_dag.consolidate_data manual__2024-06-01T18:28:11.315332+00:00 [running]> on host b18befda89c1
[2024-06-01T18:28:15.434+0000] {taskinstance.py:2648} INFO - Exporting env vars: AIRFLOW_CTX_DAG_OWNER='kelvin' AIRFLOW_CTX_DAG_ID='covid19_project_dag' AIRFLOW_CTX_TASK_ID='consolidate_data' AIRFLOW_CTX_EXECUTION_DATE='2024-06-01T18:28:11.315332+00:00' AIRFLOW_CTX_TRY_NUMBER='1' AIRFLOW_CTX_DAG_RUN_ID='manual__2024-06-01T18:28:11.315332+00:00'
[2024-06-01T18:28:15.435+0000] {taskinstance.py:430} INFO - ::endgroup::
[2024-06-01T18:28:15.486+0000] {logging_mixin.py:188} INFO -          date     state  cases_new  cases_active  cases_import  cases_cluster  \
0  2020-01-25  Malaysia          4             4             4              0   

   cases_recovered  cases_fvax  cases_pvax  cases_boost  cases_unvax  \
0                0           0           0            0            4   

   cases_80  cases_0_4  cases_5_11  cases_12_17  cases_18_29  cases_30_39  \
0         0          0           0            0            0            0   

   cases_40_49  cases_50_59  cases_60_69  cases_70_79  cases_adult  \
0            1            0            0            0            1   

   cases_child  cases_elderly  cases_adolescent  
0            0              0                 0  
[2024-06-01T18:28:15.487+0000] {python.py:237} INFO - Done. Returned value was:          date     state  cases_new  cases_active  cases_import  cases_cluster  \
0  2020-01-25  Malaysia          4             4             4              0   

   cases_recovered  cases_fvax  cases_pvax  cases_boost  cases_unvax  \
0                0           0           0            0            4   

   cases_80  cases_0_4  cases_5_11  cases_12_17  cases_18_29  cases_30_39  \
0         0          0           0            0            0            0   

   cases_40_49  cases_50_59  cases_60_69  cases_70_79  cases_adult  \
0            1            0            0            0            1   

   cases_child  cases_elderly  cases_adolescent  
0            0              0                 0  
[2024-06-01T18:28:15.496+0000] {taskinstance.py:441} INFO - ::group::Post task execution logs
[2024-06-01T18:28:15.598+0000] {taskinstance.py:1206} INFO - Marking task as SUCCESS. dag_id=covid19_project_dag, task_id=consolidate_data, run_id=manual__2024-06-01T18:28:11.315332+00:00, execution_date=20240601T182811, start_date=20240601T182815, end_date=20240601T182815
[2024-06-01T18:28:15.615+0000] {local_task_job_runner.py:240} INFO - Task exited with return code 0
[2024-06-01T18:28:15.629+0000] {taskinstance.py:3498} INFO - 0 downstream tasks scheduled from follow-on schedule check
[2024-06-01T18:28:15.630+0000] {local_task_job_runner.py:222} INFO - ::endgroup::
