[2024-05-30T06:40:41.106+0000] {processor.py:161} INFO - Started process (PID=68) to work on /home/airflow/.local/lib/python3.12/site-packages/airflow/example_dags/example_subdag_operator.py
[2024-05-30T06:40:41.107+0000] {processor.py:830} INFO - Processing file /home/airflow/.local/lib/python3.12/site-packages/airflow/example_dags/example_subdag_operator.py for tasks to queue
[2024-05-30T06:40:41.109+0000] {logging_mixin.py:188} INFO - [2024-05-30T06:40:41.109+0000] {dagbag.py:545} INFO - Filling up the DagBag from /home/airflow/.local/lib/python3.12/site-packages/airflow/example_dags/example_subdag_operator.py
[2024-05-30T06:40:41.131+0000] {processor.py:840} INFO - DAG(s) 'example_subdag_operator.section-1', 'example_subdag_operator.section-2', 'example_subdag_operator' retrieved from /home/airflow/.local/lib/python3.12/site-packages/airflow/example_dags/example_subdag_operator.py
[2024-05-30T06:40:41.136+0000] {logging_mixin.py:188} INFO - [2024-05-30T06:40:41.136+0000] {dag.py:3096} INFO - Sync 3 DAGs
[2024-05-30T06:40:41.160+0000] {logging_mixin.py:188} INFO - [2024-05-30T06:40:41.160+0000] {dag.py:3954} INFO - Setting next_dagrun for example_subdag_operator to 2022-01-01 00:00:00+00:00, run_after=2022-01-01 00:00:00+00:00
[2024-05-30T06:40:41.164+0000] {logging_mixin.py:188} INFO - [2024-05-30T06:40:41.164+0000] {dag.py:3954} INFO - Setting next_dagrun for example_subdag_operator.section-1 to None, run_after=None
[2024-05-30T06:40:41.165+0000] {logging_mixin.py:188} INFO - [2024-05-30T06:40:41.165+0000] {dag.py:3954} INFO - Setting next_dagrun for example_subdag_operator.section-2 to None, run_after=None
[2024-05-30T06:40:41.173+0000] {logging_mixin.py:188} INFO - [2024-05-30T06:40:41.173+0000] {dag.py:3096} INFO - Sync 2 DAGs
[2024-05-30T06:40:41.180+0000] {logging_mixin.py:188} INFO - [2024-05-30T06:40:41.179+0000] {dag.py:3954} INFO - Setting next_dagrun for example_subdag_operator.section-1 to None, run_after=None
[2024-05-30T06:40:41.181+0000] {logging_mixin.py:188} INFO - [2024-05-30T06:40:41.180+0000] {dag.py:3954} INFO - Setting next_dagrun for example_subdag_operator.section-2 to None, run_after=None
[2024-05-30T06:40:41.193+0000] {processor.py:183} INFO - Processing /home/airflow/.local/lib/python3.12/site-packages/airflow/example_dags/example_subdag_operator.py took 0.092 seconds
[2024-05-30T06:41:13.537+0000] {processor.py:161} INFO - Started process (PID=126) to work on /home/airflow/.local/lib/python3.12/site-packages/airflow/example_dags/example_subdag_operator.py
[2024-05-30T06:41:13.538+0000] {processor.py:830} INFO - Processing file /home/airflow/.local/lib/python3.12/site-packages/airflow/example_dags/example_subdag_operator.py for tasks to queue
[2024-05-30T06:41:13.541+0000] {logging_mixin.py:188} INFO - [2024-05-30T06:41:13.540+0000] {dagbag.py:545} INFO - Filling up the DagBag from /home/airflow/.local/lib/python3.12/site-packages/airflow/example_dags/example_subdag_operator.py
[2024-05-30T06:41:13.567+0000] {processor.py:840} INFO - DAG(s) 'example_subdag_operator.section-1', 'example_subdag_operator.section-2', 'example_subdag_operator' retrieved from /home/airflow/.local/lib/python3.12/site-packages/airflow/example_dags/example_subdag_operator.py
[2024-05-30T06:41:13.677+0000] {logging_mixin.py:188} INFO - [2024-05-30T06:41:13.676+0000] {dag.py:3096} INFO - Sync 3 DAGs
[2024-05-30T06:41:13.696+0000] {logging_mixin.py:188} INFO - [2024-05-30T06:41:13.695+0000] {dag.py:3954} INFO - Setting next_dagrun for example_subdag_operator to 2022-01-01 00:00:00+00:00, run_after=2022-01-01 00:00:00+00:00
[2024-05-30T06:41:13.699+0000] {logging_mixin.py:188} INFO - [2024-05-30T06:41:13.699+0000] {dag.py:3954} INFO - Setting next_dagrun for example_subdag_operator.section-1 to None, run_after=None
[2024-05-30T06:41:13.701+0000] {logging_mixin.py:188} INFO - [2024-05-30T06:41:13.701+0000] {dag.py:3954} INFO - Setting next_dagrun for example_subdag_operator.section-2 to None, run_after=None
[2024-05-30T06:41:13.711+0000] {logging_mixin.py:188} INFO - [2024-05-30T06:41:13.711+0000] {dag.py:3096} INFO - Sync 2 DAGs
[2024-05-30T06:41:13.718+0000] {logging_mixin.py:188} INFO - [2024-05-30T06:41:13.718+0000] {dag.py:3954} INFO - Setting next_dagrun for example_subdag_operator.section-1 to None, run_after=None
[2024-05-30T06:41:13.719+0000] {logging_mixin.py:188} INFO - [2024-05-30T06:41:13.719+0000] {dag.py:3954} INFO - Setting next_dagrun for example_subdag_operator.section-2 to None, run_after=None
[2024-05-30T06:41:13.730+0000] {processor.py:183} INFO - Processing /home/airflow/.local/lib/python3.12/site-packages/airflow/example_dags/example_subdag_operator.py took 0.200 seconds
[2024-05-30T06:41:44.226+0000] {processor.py:161} INFO - Started process (PID=184) to work on /home/airflow/.local/lib/python3.12/site-packages/airflow/example_dags/example_subdag_operator.py
[2024-05-30T06:41:44.228+0000] {processor.py:830} INFO - Processing file /home/airflow/.local/lib/python3.12/site-packages/airflow/example_dags/example_subdag_operator.py for tasks to queue
[2024-05-30T06:41:44.230+0000] {logging_mixin.py:188} INFO - [2024-05-30T06:41:44.229+0000] {dagbag.py:545} INFO - Filling up the DagBag from /home/airflow/.local/lib/python3.12/site-packages/airflow/example_dags/example_subdag_operator.py
[2024-05-30T06:41:44.251+0000] {processor.py:840} INFO - DAG(s) 'example_subdag_operator.section-1', 'example_subdag_operator.section-2', 'example_subdag_operator' retrieved from /home/airflow/.local/lib/python3.12/site-packages/airflow/example_dags/example_subdag_operator.py
[2024-05-30T06:41:44.274+0000] {logging_mixin.py:188} INFO - [2024-05-30T06:41:44.274+0000] {dag.py:3096} INFO - Sync 3 DAGs
[2024-05-30T06:41:44.299+0000] {logging_mixin.py:188} INFO - [2024-05-30T06:41:44.299+0000] {dag.py:3954} INFO - Setting next_dagrun for example_subdag_operator to 2022-01-01 00:00:00+00:00, run_after=2022-01-01 00:00:00+00:00
[2024-05-30T06:41:44.303+0000] {logging_mixin.py:188} INFO - [2024-05-30T06:41:44.303+0000] {dag.py:3954} INFO - Setting next_dagrun for example_subdag_operator.section-1 to None, run_after=None
[2024-05-30T06:41:44.305+0000] {logging_mixin.py:188} INFO - [2024-05-30T06:41:44.305+0000] {dag.py:3954} INFO - Setting next_dagrun for example_subdag_operator.section-2 to None, run_after=None
[2024-05-30T06:41:44.313+0000] {logging_mixin.py:188} INFO - [2024-05-30T06:41:44.312+0000] {dag.py:3096} INFO - Sync 2 DAGs
[2024-05-30T06:41:44.318+0000] {logging_mixin.py:188} INFO - [2024-05-30T06:41:44.318+0000] {dag.py:3954} INFO - Setting next_dagrun for example_subdag_operator.section-1 to None, run_after=None
[2024-05-30T06:41:44.319+0000] {logging_mixin.py:188} INFO - [2024-05-30T06:41:44.319+0000] {dag.py:3954} INFO - Setting next_dagrun for example_subdag_operator.section-2 to None, run_after=None
[2024-05-30T06:41:44.328+0000] {processor.py:183} INFO - Processing /home/airflow/.local/lib/python3.12/site-packages/airflow/example_dags/example_subdag_operator.py took 0.107 seconds
[2024-05-30T06:42:14.918+0000] {processor.py:161} INFO - Started process (PID=242) to work on /home/airflow/.local/lib/python3.12/site-packages/airflow/example_dags/example_subdag_operator.py
[2024-05-30T06:42:14.919+0000] {processor.py:830} INFO - Processing file /home/airflow/.local/lib/python3.12/site-packages/airflow/example_dags/example_subdag_operator.py for tasks to queue
[2024-05-30T06:42:14.920+0000] {logging_mixin.py:188} INFO - [2024-05-30T06:42:14.920+0000] {dagbag.py:545} INFO - Filling up the DagBag from /home/airflow/.local/lib/python3.12/site-packages/airflow/example_dags/example_subdag_operator.py
[2024-05-30T06:42:14.940+0000] {processor.py:840} INFO - DAG(s) 'example_subdag_operator.section-1', 'example_subdag_operator.section-2', 'example_subdag_operator' retrieved from /home/airflow/.local/lib/python3.12/site-packages/airflow/example_dags/example_subdag_operator.py
[2024-05-30T06:42:14.955+0000] {logging_mixin.py:188} INFO - [2024-05-30T06:42:14.955+0000] {dag.py:3096} INFO - Sync 3 DAGs
[2024-05-30T06:42:14.976+0000] {logging_mixin.py:188} INFO - [2024-05-30T06:42:14.976+0000] {dag.py:3954} INFO - Setting next_dagrun for example_subdag_operator to 2022-01-01 00:00:00+00:00, run_after=2022-01-01 00:00:00+00:00
[2024-05-30T06:42:14.980+0000] {logging_mixin.py:188} INFO - [2024-05-30T06:42:14.980+0000] {dag.py:3954} INFO - Setting next_dagrun for example_subdag_operator.section-1 to None, run_after=None
[2024-05-30T06:42:14.981+0000] {logging_mixin.py:188} INFO - [2024-05-30T06:42:14.981+0000] {dag.py:3954} INFO - Setting next_dagrun for example_subdag_operator.section-2 to None, run_after=None
[2024-05-30T06:42:14.988+0000] {logging_mixin.py:188} INFO - [2024-05-30T06:42:14.987+0000] {dag.py:3096} INFO - Sync 2 DAGs
[2024-05-30T06:42:14.992+0000] {logging_mixin.py:188} INFO - [2024-05-30T06:42:14.992+0000] {dag.py:3954} INFO - Setting next_dagrun for example_subdag_operator.section-1 to None, run_after=None
[2024-05-30T06:42:14.993+0000] {logging_mixin.py:188} INFO - [2024-05-30T06:42:14.993+0000] {dag.py:3954} INFO - Setting next_dagrun for example_subdag_operator.section-2 to None, run_after=None
[2024-05-30T06:42:15.003+0000] {processor.py:183} INFO - Processing /home/airflow/.local/lib/python3.12/site-packages/airflow/example_dags/example_subdag_operator.py took 0.091 seconds
[2024-05-30T06:42:45.297+0000] {processor.py:161} INFO - Started process (PID=300) to work on /home/airflow/.local/lib/python3.12/site-packages/airflow/example_dags/example_subdag_operator.py
[2024-05-30T06:42:45.298+0000] {processor.py:830} INFO - Processing file /home/airflow/.local/lib/python3.12/site-packages/airflow/example_dags/example_subdag_operator.py for tasks to queue
[2024-05-30T06:42:45.300+0000] {logging_mixin.py:188} INFO - [2024-05-30T06:42:45.300+0000] {dagbag.py:545} INFO - Filling up the DagBag from /home/airflow/.local/lib/python3.12/site-packages/airflow/example_dags/example_subdag_operator.py
[2024-05-30T06:42:45.321+0000] {processor.py:840} INFO - DAG(s) 'example_subdag_operator.section-1', 'example_subdag_operator.section-2', 'example_subdag_operator' retrieved from /home/airflow/.local/lib/python3.12/site-packages/airflow/example_dags/example_subdag_operator.py
[2024-05-30T06:42:45.339+0000] {logging_mixin.py:188} INFO - [2024-05-30T06:42:45.339+0000] {dag.py:3096} INFO - Sync 3 DAGs
[2024-05-30T06:42:45.361+0000] {logging_mixin.py:188} INFO - [2024-05-30T06:42:45.361+0000] {dag.py:3954} INFO - Setting next_dagrun for example_subdag_operator to 2022-01-01 00:00:00+00:00, run_after=2022-01-01 00:00:00+00:00
[2024-05-30T06:42:45.366+0000] {logging_mixin.py:188} INFO - [2024-05-30T06:42:45.366+0000] {dag.py:3954} INFO - Setting next_dagrun for example_subdag_operator.section-1 to None, run_after=None
[2024-05-30T06:42:45.368+0000] {logging_mixin.py:188} INFO - [2024-05-30T06:42:45.368+0000] {dag.py:3954} INFO - Setting next_dagrun for example_subdag_operator.section-2 to None, run_after=None
[2024-05-30T06:42:45.377+0000] {logging_mixin.py:188} INFO - [2024-05-30T06:42:45.377+0000] {dag.py:3096} INFO - Sync 2 DAGs
[2024-05-30T06:42:45.382+0000] {logging_mixin.py:188} INFO - [2024-05-30T06:42:45.382+0000] {dag.py:3954} INFO - Setting next_dagrun for example_subdag_operator.section-1 to None, run_after=None
[2024-05-30T06:42:45.383+0000] {logging_mixin.py:188} INFO - [2024-05-30T06:42:45.383+0000] {dag.py:3954} INFO - Setting next_dagrun for example_subdag_operator.section-2 to None, run_after=None
[2024-05-30T06:42:45.394+0000] {processor.py:183} INFO - Processing /home/airflow/.local/lib/python3.12/site-packages/airflow/example_dags/example_subdag_operator.py took 0.102 seconds
[2024-05-30T06:43:15.666+0000] {processor.py:161} INFO - Started process (PID=358) to work on /home/airflow/.local/lib/python3.12/site-packages/airflow/example_dags/example_subdag_operator.py
[2024-05-30T06:43:15.667+0000] {processor.py:830} INFO - Processing file /home/airflow/.local/lib/python3.12/site-packages/airflow/example_dags/example_subdag_operator.py for tasks to queue
[2024-05-30T06:43:15.669+0000] {logging_mixin.py:188} INFO - [2024-05-30T06:43:15.669+0000] {dagbag.py:545} INFO - Filling up the DagBag from /home/airflow/.local/lib/python3.12/site-packages/airflow/example_dags/example_subdag_operator.py
[2024-05-30T06:43:15.691+0000] {processor.py:840} INFO - DAG(s) 'example_subdag_operator.section-1', 'example_subdag_operator.section-2', 'example_subdag_operator' retrieved from /home/airflow/.local/lib/python3.12/site-packages/airflow/example_dags/example_subdag_operator.py
[2024-05-30T06:43:15.706+0000] {logging_mixin.py:188} INFO - [2024-05-30T06:43:15.706+0000] {dag.py:3096} INFO - Sync 3 DAGs
[2024-05-30T06:43:15.728+0000] {logging_mixin.py:188} INFO - [2024-05-30T06:43:15.728+0000] {dag.py:3954} INFO - Setting next_dagrun for example_subdag_operator to 2022-01-01 00:00:00+00:00, run_after=2022-01-01 00:00:00+00:00
[2024-05-30T06:43:15.732+0000] {logging_mixin.py:188} INFO - [2024-05-30T06:43:15.731+0000] {dag.py:3954} INFO - Setting next_dagrun for example_subdag_operator.section-1 to None, run_after=None
[2024-05-30T06:43:15.733+0000] {logging_mixin.py:188} INFO - [2024-05-30T06:43:15.733+0000] {dag.py:3954} INFO - Setting next_dagrun for example_subdag_operator.section-2 to None, run_after=None
[2024-05-30T06:43:15.740+0000] {logging_mixin.py:188} INFO - [2024-05-30T06:43:15.740+0000] {dag.py:3096} INFO - Sync 2 DAGs
[2024-05-30T06:43:15.745+0000] {logging_mixin.py:188} INFO - [2024-05-30T06:43:15.745+0000] {dag.py:3954} INFO - Setting next_dagrun for example_subdag_operator.section-1 to None, run_after=None
[2024-05-30T06:43:15.746+0000] {logging_mixin.py:188} INFO - [2024-05-30T06:43:15.746+0000] {dag.py:3954} INFO - Setting next_dagrun for example_subdag_operator.section-2 to None, run_after=None
[2024-05-30T06:43:15.757+0000] {processor.py:183} INFO - Processing /home/airflow/.local/lib/python3.12/site-packages/airflow/example_dags/example_subdag_operator.py took 0.096 seconds
[2024-05-30T06:43:46.532+0000] {processor.py:161} INFO - Started process (PID=416) to work on /home/airflow/.local/lib/python3.12/site-packages/airflow/example_dags/example_subdag_operator.py
[2024-05-30T06:43:46.533+0000] {processor.py:830} INFO - Processing file /home/airflow/.local/lib/python3.12/site-packages/airflow/example_dags/example_subdag_operator.py for tasks to queue
[2024-05-30T06:43:46.535+0000] {logging_mixin.py:188} INFO - [2024-05-30T06:43:46.534+0000] {dagbag.py:545} INFO - Filling up the DagBag from /home/airflow/.local/lib/python3.12/site-packages/airflow/example_dags/example_subdag_operator.py
[2024-05-30T06:43:46.555+0000] {processor.py:840} INFO - DAG(s) 'example_subdag_operator.section-1', 'example_subdag_operator.section-2', 'example_subdag_operator' retrieved from /home/airflow/.local/lib/python3.12/site-packages/airflow/example_dags/example_subdag_operator.py
[2024-05-30T06:43:46.571+0000] {logging_mixin.py:188} INFO - [2024-05-30T06:43:46.570+0000] {dag.py:3096} INFO - Sync 3 DAGs
[2024-05-30T06:43:46.592+0000] {logging_mixin.py:188} INFO - [2024-05-30T06:43:46.592+0000] {dag.py:3954} INFO - Setting next_dagrun for example_subdag_operator to 2022-01-01 00:00:00+00:00, run_after=2022-01-01 00:00:00+00:00
[2024-05-30T06:43:46.596+0000] {logging_mixin.py:188} INFO - [2024-05-30T06:43:46.596+0000] {dag.py:3954} INFO - Setting next_dagrun for example_subdag_operator.section-1 to None, run_after=None
[2024-05-30T06:43:46.597+0000] {logging_mixin.py:188} INFO - [2024-05-30T06:43:46.597+0000] {dag.py:3954} INFO - Setting next_dagrun for example_subdag_operator.section-2 to None, run_after=None
[2024-05-30T06:43:46.605+0000] {logging_mixin.py:188} INFO - [2024-05-30T06:43:46.604+0000] {dag.py:3096} INFO - Sync 2 DAGs
[2024-05-30T06:43:46.610+0000] {logging_mixin.py:188} INFO - [2024-05-30T06:43:46.610+0000] {dag.py:3954} INFO - Setting next_dagrun for example_subdag_operator.section-1 to None, run_after=None
[2024-05-30T06:43:46.610+0000] {logging_mixin.py:188} INFO - [2024-05-30T06:43:46.610+0000] {dag.py:3954} INFO - Setting next_dagrun for example_subdag_operator.section-2 to None, run_after=None
[2024-05-30T06:43:46.621+0000] {processor.py:183} INFO - Processing /home/airflow/.local/lib/python3.12/site-packages/airflow/example_dags/example_subdag_operator.py took 0.094 seconds
[2024-05-30T06:44:17.343+0000] {processor.py:161} INFO - Started process (PID=474) to work on /home/airflow/.local/lib/python3.12/site-packages/airflow/example_dags/example_subdag_operator.py
[2024-05-30T06:44:17.344+0000] {processor.py:830} INFO - Processing file /home/airflow/.local/lib/python3.12/site-packages/airflow/example_dags/example_subdag_operator.py for tasks to queue
[2024-05-30T06:44:17.345+0000] {logging_mixin.py:188} INFO - [2024-05-30T06:44:17.345+0000] {dagbag.py:545} INFO - Filling up the DagBag from /home/airflow/.local/lib/python3.12/site-packages/airflow/example_dags/example_subdag_operator.py
[2024-05-30T06:44:17.369+0000] {processor.py:840} INFO - DAG(s) 'example_subdag_operator.section-1', 'example_subdag_operator.section-2', 'example_subdag_operator' retrieved from /home/airflow/.local/lib/python3.12/site-packages/airflow/example_dags/example_subdag_operator.py
[2024-05-30T06:44:17.389+0000] {logging_mixin.py:188} INFO - [2024-05-30T06:44:17.388+0000] {dag.py:3096} INFO - Sync 3 DAGs
[2024-05-30T06:44:17.418+0000] {logging_mixin.py:188} INFO - [2024-05-30T06:44:17.417+0000] {dag.py:3954} INFO - Setting next_dagrun for example_subdag_operator to 2022-01-01 00:00:00+00:00, run_after=2022-01-01 00:00:00+00:00
[2024-05-30T06:44:17.423+0000] {logging_mixin.py:188} INFO - [2024-05-30T06:44:17.423+0000] {dag.py:3954} INFO - Setting next_dagrun for example_subdag_operator.section-1 to None, run_after=None
[2024-05-30T06:44:17.425+0000] {logging_mixin.py:188} INFO - [2024-05-30T06:44:17.425+0000] {dag.py:3954} INFO - Setting next_dagrun for example_subdag_operator.section-2 to None, run_after=None
[2024-05-30T06:44:17.434+0000] {logging_mixin.py:188} INFO - [2024-05-30T06:44:17.434+0000] {dag.py:3096} INFO - Sync 2 DAGs
[2024-05-30T06:44:17.443+0000] {logging_mixin.py:188} INFO - [2024-05-30T06:44:17.443+0000] {dag.py:3954} INFO - Setting next_dagrun for example_subdag_operator.section-1 to None, run_after=None
[2024-05-30T06:44:17.444+0000] {logging_mixin.py:188} INFO - [2024-05-30T06:44:17.444+0000] {dag.py:3954} INFO - Setting next_dagrun for example_subdag_operator.section-2 to None, run_after=None
[2024-05-30T06:44:17.470+0000] {processor.py:183} INFO - Processing /home/airflow/.local/lib/python3.12/site-packages/airflow/example_dags/example_subdag_operator.py took 0.132 seconds
[2024-05-30T06:44:47.507+0000] {processor.py:161} INFO - Started process (PID=537) to work on /home/airflow/.local/lib/python3.12/site-packages/airflow/example_dags/example_subdag_operator.py
[2024-05-30T06:44:47.508+0000] {processor.py:830} INFO - Processing file /home/airflow/.local/lib/python3.12/site-packages/airflow/example_dags/example_subdag_operator.py for tasks to queue
[2024-05-30T06:44:47.509+0000] {logging_mixin.py:188} INFO - [2024-05-30T06:44:47.509+0000] {dagbag.py:545} INFO - Filling up the DagBag from /home/airflow/.local/lib/python3.12/site-packages/airflow/example_dags/example_subdag_operator.py
[2024-05-30T06:44:47.529+0000] {processor.py:840} INFO - DAG(s) 'example_subdag_operator.section-1', 'example_subdag_operator.section-2', 'example_subdag_operator' retrieved from /home/airflow/.local/lib/python3.12/site-packages/airflow/example_dags/example_subdag_operator.py
[2024-05-30T06:44:47.545+0000] {logging_mixin.py:188} INFO - [2024-05-30T06:44:47.545+0000] {dag.py:3096} INFO - Sync 3 DAGs
[2024-05-30T06:44:47.567+0000] {logging_mixin.py:188} INFO - [2024-05-30T06:44:47.566+0000] {dag.py:3954} INFO - Setting next_dagrun for example_subdag_operator to 2022-01-01 00:00:00+00:00, run_after=2022-01-01 00:00:00+00:00
[2024-05-30T06:44:47.571+0000] {logging_mixin.py:188} INFO - [2024-05-30T06:44:47.571+0000] {dag.py:3954} INFO - Setting next_dagrun for example_subdag_operator.section-1 to None, run_after=None
[2024-05-30T06:44:47.572+0000] {logging_mixin.py:188} INFO - [2024-05-30T06:44:47.572+0000] {dag.py:3954} INFO - Setting next_dagrun for example_subdag_operator.section-2 to None, run_after=None
[2024-05-30T06:44:47.579+0000] {logging_mixin.py:188} INFO - [2024-05-30T06:44:47.579+0000] {dag.py:3096} INFO - Sync 2 DAGs
[2024-05-30T06:44:47.584+0000] {logging_mixin.py:188} INFO - [2024-05-30T06:44:47.583+0000] {dag.py:3954} INFO - Setting next_dagrun for example_subdag_operator.section-1 to None, run_after=None
[2024-05-30T06:44:47.584+0000] {logging_mixin.py:188} INFO - [2024-05-30T06:44:47.584+0000] {dag.py:3954} INFO - Setting next_dagrun for example_subdag_operator.section-2 to None, run_after=None
[2024-05-30T06:44:47.593+0000] {processor.py:183} INFO - Processing /home/airflow/.local/lib/python3.12/site-packages/airflow/example_dags/example_subdag_operator.py took 0.091 seconds
[2024-05-30T06:45:17.816+0000] {processor.py:161} INFO - Started process (PID=595) to work on /home/airflow/.local/lib/python3.12/site-packages/airflow/example_dags/example_subdag_operator.py
[2024-05-30T06:45:17.817+0000] {processor.py:830} INFO - Processing file /home/airflow/.local/lib/python3.12/site-packages/airflow/example_dags/example_subdag_operator.py for tasks to queue
[2024-05-30T06:45:17.818+0000] {logging_mixin.py:188} INFO - [2024-05-30T06:45:17.818+0000] {dagbag.py:545} INFO - Filling up the DagBag from /home/airflow/.local/lib/python3.12/site-packages/airflow/example_dags/example_subdag_operator.py
[2024-05-30T06:45:17.838+0000] {processor.py:840} INFO - DAG(s) 'example_subdag_operator.section-1', 'example_subdag_operator.section-2', 'example_subdag_operator' retrieved from /home/airflow/.local/lib/python3.12/site-packages/airflow/example_dags/example_subdag_operator.py
[2024-05-30T06:45:17.853+0000] {logging_mixin.py:188} INFO - [2024-05-30T06:45:17.853+0000] {dag.py:3096} INFO - Sync 3 DAGs
[2024-05-30T06:45:17.874+0000] {logging_mixin.py:188} INFO - [2024-05-30T06:45:17.873+0000] {dag.py:3954} INFO - Setting next_dagrun for example_subdag_operator to 2022-01-01 00:00:00+00:00, run_after=2022-01-01 00:00:00+00:00
[2024-05-30T06:45:17.877+0000] {logging_mixin.py:188} INFO - [2024-05-30T06:45:17.877+0000] {dag.py:3954} INFO - Setting next_dagrun for example_subdag_operator.section-1 to None, run_after=None
[2024-05-30T06:45:17.879+0000] {logging_mixin.py:188} INFO - [2024-05-30T06:45:17.879+0000] {dag.py:3954} INFO - Setting next_dagrun for example_subdag_operator.section-2 to None, run_after=None
[2024-05-30T06:45:17.885+0000] {logging_mixin.py:188} INFO - [2024-05-30T06:45:17.885+0000] {dag.py:3096} INFO - Sync 2 DAGs
[2024-05-30T06:45:17.891+0000] {logging_mixin.py:188} INFO - [2024-05-30T06:45:17.891+0000] {dag.py:3954} INFO - Setting next_dagrun for example_subdag_operator.section-1 to None, run_after=None
[2024-05-30T06:45:17.892+0000] {logging_mixin.py:188} INFO - [2024-05-30T06:45:17.892+0000] {dag.py:3954} INFO - Setting next_dagrun for example_subdag_operator.section-2 to None, run_after=None
[2024-05-30T06:45:17.903+0000] {processor.py:183} INFO - Processing /home/airflow/.local/lib/python3.12/site-packages/airflow/example_dags/example_subdag_operator.py took 0.092 seconds
[2024-05-30T06:45:48.177+0000] {processor.py:161} INFO - Started process (PID=653) to work on /home/airflow/.local/lib/python3.12/site-packages/airflow/example_dags/example_subdag_operator.py
[2024-05-30T06:45:48.178+0000] {processor.py:830} INFO - Processing file /home/airflow/.local/lib/python3.12/site-packages/airflow/example_dags/example_subdag_operator.py for tasks to queue
[2024-05-30T06:45:48.180+0000] {logging_mixin.py:188} INFO - [2024-05-30T06:45:48.179+0000] {dagbag.py:545} INFO - Filling up the DagBag from /home/airflow/.local/lib/python3.12/site-packages/airflow/example_dags/example_subdag_operator.py
[2024-05-30T06:45:48.199+0000] {processor.py:840} INFO - DAG(s) 'example_subdag_operator.section-1', 'example_subdag_operator.section-2', 'example_subdag_operator' retrieved from /home/airflow/.local/lib/python3.12/site-packages/airflow/example_dags/example_subdag_operator.py
[2024-05-30T06:45:48.214+0000] {logging_mixin.py:188} INFO - [2024-05-30T06:45:48.214+0000] {dag.py:3096} INFO - Sync 3 DAGs
[2024-05-30T06:45:48.242+0000] {logging_mixin.py:188} INFO - [2024-05-30T06:45:48.242+0000] {dag.py:3954} INFO - Setting next_dagrun for example_subdag_operator to 2022-01-01 00:00:00+00:00, run_after=2022-01-01 00:00:00+00:00
[2024-05-30T06:45:48.247+0000] {logging_mixin.py:188} INFO - [2024-05-30T06:45:48.246+0000] {dag.py:3954} INFO - Setting next_dagrun for example_subdag_operator.section-1 to None, run_after=None
[2024-05-30T06:45:48.248+0000] {logging_mixin.py:188} INFO - [2024-05-30T06:45:48.248+0000] {dag.py:3954} INFO - Setting next_dagrun for example_subdag_operator.section-2 to None, run_after=None
[2024-05-30T06:45:48.256+0000] {logging_mixin.py:188} INFO - [2024-05-30T06:45:48.256+0000] {dag.py:3096} INFO - Sync 2 DAGs
[2024-05-30T06:45:48.265+0000] {logging_mixin.py:188} INFO - [2024-05-30T06:45:48.264+0000] {dag.py:3954} INFO - Setting next_dagrun for example_subdag_operator.section-1 to None, run_after=None
[2024-05-30T06:45:48.266+0000] {logging_mixin.py:188} INFO - [2024-05-30T06:45:48.265+0000] {dag.py:3954} INFO - Setting next_dagrun for example_subdag_operator.section-2 to None, run_after=None
[2024-05-30T06:45:48.317+0000] {processor.py:183} INFO - Processing /home/airflow/.local/lib/python3.12/site-packages/airflow/example_dags/example_subdag_operator.py took 0.145 seconds
[2024-05-30T06:46:18.416+0000] {processor.py:161} INFO - Started process (PID=711) to work on /home/airflow/.local/lib/python3.12/site-packages/airflow/example_dags/example_subdag_operator.py
[2024-05-30T06:46:18.417+0000] {processor.py:830} INFO - Processing file /home/airflow/.local/lib/python3.12/site-packages/airflow/example_dags/example_subdag_operator.py for tasks to queue
[2024-05-30T06:46:18.420+0000] {logging_mixin.py:188} INFO - [2024-05-30T06:46:18.419+0000] {dagbag.py:545} INFO - Filling up the DagBag from /home/airflow/.local/lib/python3.12/site-packages/airflow/example_dags/example_subdag_operator.py
[2024-05-30T06:46:18.441+0000] {processor.py:840} INFO - DAG(s) 'example_subdag_operator.section-1', 'example_subdag_operator.section-2', 'example_subdag_operator' retrieved from /home/airflow/.local/lib/python3.12/site-packages/airflow/example_dags/example_subdag_operator.py
[2024-05-30T06:46:18.457+0000] {logging_mixin.py:188} INFO - [2024-05-30T06:46:18.457+0000] {dag.py:3096} INFO - Sync 3 DAGs
[2024-05-30T06:46:18.481+0000] {logging_mixin.py:188} INFO - [2024-05-30T06:46:18.481+0000] {dag.py:3954} INFO - Setting next_dagrun for example_subdag_operator to 2022-01-01 00:00:00+00:00, run_after=2022-01-01 00:00:00+00:00
[2024-05-30T06:46:18.485+0000] {logging_mixin.py:188} INFO - [2024-05-30T06:46:18.485+0000] {dag.py:3954} INFO - Setting next_dagrun for example_subdag_operator.section-1 to None, run_after=None
[2024-05-30T06:46:18.487+0000] {logging_mixin.py:188} INFO - [2024-05-30T06:46:18.487+0000] {dag.py:3954} INFO - Setting next_dagrun for example_subdag_operator.section-2 to None, run_after=None
[2024-05-30T06:46:18.493+0000] {logging_mixin.py:188} INFO - [2024-05-30T06:46:18.493+0000] {dag.py:3096} INFO - Sync 2 DAGs
[2024-05-30T06:46:18.498+0000] {logging_mixin.py:188} INFO - [2024-05-30T06:46:18.498+0000] {dag.py:3954} INFO - Setting next_dagrun for example_subdag_operator.section-1 to None, run_after=None
[2024-05-30T06:46:18.499+0000] {logging_mixin.py:188} INFO - [2024-05-30T06:46:18.499+0000] {dag.py:3954} INFO - Setting next_dagrun for example_subdag_operator.section-2 to None, run_after=None
[2024-05-30T06:46:18.509+0000] {processor.py:183} INFO - Processing /home/airflow/.local/lib/python3.12/site-packages/airflow/example_dags/example_subdag_operator.py took 0.101 seconds
[2024-05-30T06:46:48.827+0000] {processor.py:161} INFO - Started process (PID=769) to work on /home/airflow/.local/lib/python3.12/site-packages/airflow/example_dags/example_subdag_operator.py
[2024-05-30T06:46:48.828+0000] {processor.py:830} INFO - Processing file /home/airflow/.local/lib/python3.12/site-packages/airflow/example_dags/example_subdag_operator.py for tasks to queue
[2024-05-30T06:46:48.829+0000] {logging_mixin.py:188} INFO - [2024-05-30T06:46:48.829+0000] {dagbag.py:545} INFO - Filling up the DagBag from /home/airflow/.local/lib/python3.12/site-packages/airflow/example_dags/example_subdag_operator.py
[2024-05-30T06:46:48.850+0000] {processor.py:840} INFO - DAG(s) 'example_subdag_operator.section-1', 'example_subdag_operator.section-2', 'example_subdag_operator' retrieved from /home/airflow/.local/lib/python3.12/site-packages/airflow/example_dags/example_subdag_operator.py
[2024-05-30T06:46:48.865+0000] {logging_mixin.py:188} INFO - [2024-05-30T06:46:48.865+0000] {dag.py:3096} INFO - Sync 3 DAGs
[2024-05-30T06:46:48.887+0000] {logging_mixin.py:188} INFO - [2024-05-30T06:46:48.886+0000] {dag.py:3954} INFO - Setting next_dagrun for example_subdag_operator to 2022-01-01 00:00:00+00:00, run_after=2022-01-01 00:00:00+00:00
[2024-05-30T06:46:48.890+0000] {logging_mixin.py:188} INFO - [2024-05-30T06:46:48.890+0000] {dag.py:3954} INFO - Setting next_dagrun for example_subdag_operator.section-1 to None, run_after=None
[2024-05-30T06:46:48.892+0000] {logging_mixin.py:188} INFO - [2024-05-30T06:46:48.892+0000] {dag.py:3954} INFO - Setting next_dagrun for example_subdag_operator.section-2 to None, run_after=None
[2024-05-30T06:46:48.899+0000] {logging_mixin.py:188} INFO - [2024-05-30T06:46:48.899+0000] {dag.py:3096} INFO - Sync 2 DAGs
[2024-05-30T06:46:48.904+0000] {logging_mixin.py:188} INFO - [2024-05-30T06:46:48.904+0000] {dag.py:3954} INFO - Setting next_dagrun for example_subdag_operator.section-1 to None, run_after=None
[2024-05-30T06:46:48.905+0000] {logging_mixin.py:188} INFO - [2024-05-30T06:46:48.905+0000] {dag.py:3954} INFO - Setting next_dagrun for example_subdag_operator.section-2 to None, run_after=None
[2024-05-30T06:46:48.918+0000] {processor.py:183} INFO - Processing /home/airflow/.local/lib/python3.12/site-packages/airflow/example_dags/example_subdag_operator.py took 0.096 seconds
[2024-05-30T06:47:19.757+0000] {processor.py:161} INFO - Started process (PID=827) to work on /home/airflow/.local/lib/python3.12/site-packages/airflow/example_dags/example_subdag_operator.py
[2024-05-30T06:47:19.758+0000] {processor.py:830} INFO - Processing file /home/airflow/.local/lib/python3.12/site-packages/airflow/example_dags/example_subdag_operator.py for tasks to queue
[2024-05-30T06:47:19.760+0000] {logging_mixin.py:188} INFO - [2024-05-30T06:47:19.759+0000] {dagbag.py:545} INFO - Filling up the DagBag from /home/airflow/.local/lib/python3.12/site-packages/airflow/example_dags/example_subdag_operator.py
[2024-05-30T06:47:19.781+0000] {processor.py:840} INFO - DAG(s) 'example_subdag_operator.section-1', 'example_subdag_operator.section-2', 'example_subdag_operator' retrieved from /home/airflow/.local/lib/python3.12/site-packages/airflow/example_dags/example_subdag_operator.py
[2024-05-30T06:47:19.802+0000] {logging_mixin.py:188} INFO - [2024-05-30T06:47:19.802+0000] {dag.py:3096} INFO - Sync 3 DAGs
[2024-05-30T06:47:19.824+0000] {logging_mixin.py:188} INFO - [2024-05-30T06:47:19.823+0000] {dag.py:3954} INFO - Setting next_dagrun for example_subdag_operator to 2022-01-01 00:00:00+00:00, run_after=2022-01-01 00:00:00+00:00
[2024-05-30T06:47:19.829+0000] {logging_mixin.py:188} INFO - [2024-05-30T06:47:19.828+0000] {dag.py:3954} INFO - Setting next_dagrun for example_subdag_operator.section-1 to None, run_after=None
[2024-05-30T06:47:19.830+0000] {logging_mixin.py:188} INFO - [2024-05-30T06:47:19.830+0000] {dag.py:3954} INFO - Setting next_dagrun for example_subdag_operator.section-2 to None, run_after=None
[2024-05-30T06:47:19.837+0000] {logging_mixin.py:188} INFO - [2024-05-30T06:47:19.837+0000] {dag.py:3096} INFO - Sync 2 DAGs
[2024-05-30T06:47:19.843+0000] {logging_mixin.py:188} INFO - [2024-05-30T06:47:19.842+0000] {dag.py:3954} INFO - Setting next_dagrun for example_subdag_operator.section-1 to None, run_after=None
[2024-05-30T06:47:19.843+0000] {logging_mixin.py:188} INFO - [2024-05-30T06:47:19.843+0000] {dag.py:3954} INFO - Setting next_dagrun for example_subdag_operator.section-2 to None, run_after=None
[2024-05-30T06:47:19.857+0000] {processor.py:183} INFO - Processing /home/airflow/.local/lib/python3.12/site-packages/airflow/example_dags/example_subdag_operator.py took 0.105 seconds
[2024-05-30T06:47:49.928+0000] {processor.py:161} INFO - Started process (PID=885) to work on /home/airflow/.local/lib/python3.12/site-packages/airflow/example_dags/example_subdag_operator.py
[2024-05-30T06:47:49.929+0000] {processor.py:830} INFO - Processing file /home/airflow/.local/lib/python3.12/site-packages/airflow/example_dags/example_subdag_operator.py for tasks to queue
[2024-05-30T06:47:49.930+0000] {logging_mixin.py:188} INFO - [2024-05-30T06:47:49.930+0000] {dagbag.py:545} INFO - Filling up the DagBag from /home/airflow/.local/lib/python3.12/site-packages/airflow/example_dags/example_subdag_operator.py
[2024-05-30T06:47:49.951+0000] {processor.py:840} INFO - DAG(s) 'example_subdag_operator.section-1', 'example_subdag_operator.section-2', 'example_subdag_operator' retrieved from /home/airflow/.local/lib/python3.12/site-packages/airflow/example_dags/example_subdag_operator.py
[2024-05-30T06:47:49.966+0000] {logging_mixin.py:188} INFO - [2024-05-30T06:47:49.965+0000] {dag.py:3096} INFO - Sync 3 DAGs
[2024-05-30T06:47:49.986+0000] {logging_mixin.py:188} INFO - [2024-05-30T06:47:49.986+0000] {dag.py:3954} INFO - Setting next_dagrun for example_subdag_operator to 2022-01-01 00:00:00+00:00, run_after=2022-01-01 00:00:00+00:00
[2024-05-30T06:47:49.990+0000] {logging_mixin.py:188} INFO - [2024-05-30T06:47:49.990+0000] {dag.py:3954} INFO - Setting next_dagrun for example_subdag_operator.section-1 to None, run_after=None
[2024-05-30T06:47:49.991+0000] {logging_mixin.py:188} INFO - [2024-05-30T06:47:49.991+0000] {dag.py:3954} INFO - Setting next_dagrun for example_subdag_operator.section-2 to None, run_after=None
[2024-05-30T06:47:49.998+0000] {logging_mixin.py:188} INFO - [2024-05-30T06:47:49.997+0000] {dag.py:3096} INFO - Sync 2 DAGs
[2024-05-30T06:47:50.003+0000] {logging_mixin.py:188} INFO - [2024-05-30T06:47:50.003+0000] {dag.py:3954} INFO - Setting next_dagrun for example_subdag_operator.section-1 to None, run_after=None
[2024-05-30T06:47:50.004+0000] {logging_mixin.py:188} INFO - [2024-05-30T06:47:50.003+0000] {dag.py:3954} INFO - Setting next_dagrun for example_subdag_operator.section-2 to None, run_after=None
[2024-05-30T06:47:50.015+0000] {processor.py:183} INFO - Processing /home/airflow/.local/lib/python3.12/site-packages/airflow/example_dags/example_subdag_operator.py took 0.092 seconds
[2024-05-30T06:48:20.165+0000] {processor.py:161} INFO - Started process (PID=943) to work on /home/airflow/.local/lib/python3.12/site-packages/airflow/example_dags/example_subdag_operator.py
[2024-05-30T06:48:20.166+0000] {processor.py:830} INFO - Processing file /home/airflow/.local/lib/python3.12/site-packages/airflow/example_dags/example_subdag_operator.py for tasks to queue
[2024-05-30T06:48:20.170+0000] {logging_mixin.py:188} INFO - [2024-05-30T06:48:20.170+0000] {dagbag.py:545} INFO - Filling up the DagBag from /home/airflow/.local/lib/python3.12/site-packages/airflow/example_dags/example_subdag_operator.py
[2024-05-30T06:48:20.206+0000] {processor.py:840} INFO - DAG(s) 'example_subdag_operator.section-1', 'example_subdag_operator.section-2', 'example_subdag_operator' retrieved from /home/airflow/.local/lib/python3.12/site-packages/airflow/example_dags/example_subdag_operator.py
[2024-05-30T06:48:20.225+0000] {logging_mixin.py:188} INFO - [2024-05-30T06:48:20.225+0000] {dag.py:3096} INFO - Sync 3 DAGs
[2024-05-30T06:48:20.250+0000] {logging_mixin.py:188} INFO - [2024-05-30T06:48:20.250+0000] {dag.py:3954} INFO - Setting next_dagrun for example_subdag_operator to 2022-01-01 00:00:00+00:00, run_after=2022-01-01 00:00:00+00:00
[2024-05-30T06:48:20.255+0000] {logging_mixin.py:188} INFO - [2024-05-30T06:48:20.255+0000] {dag.py:3954} INFO - Setting next_dagrun for example_subdag_operator.section-1 to None, run_after=None
[2024-05-30T06:48:20.258+0000] {logging_mixin.py:188} INFO - [2024-05-30T06:48:20.257+0000] {dag.py:3954} INFO - Setting next_dagrun for example_subdag_operator.section-2 to None, run_after=None
[2024-05-30T06:48:20.271+0000] {logging_mixin.py:188} INFO - [2024-05-30T06:48:20.271+0000] {dag.py:3096} INFO - Sync 2 DAGs
[2024-05-30T06:48:20.281+0000] {logging_mixin.py:188} INFO - [2024-05-30T06:48:20.281+0000] {dag.py:3954} INFO - Setting next_dagrun for example_subdag_operator.section-1 to None, run_after=None
[2024-05-30T06:48:20.281+0000] {logging_mixin.py:188} INFO - [2024-05-30T06:48:20.281+0000] {dag.py:3954} INFO - Setting next_dagrun for example_subdag_operator.section-2 to None, run_after=None
[2024-05-30T06:48:20.293+0000] {processor.py:183} INFO - Processing /home/airflow/.local/lib/python3.12/site-packages/airflow/example_dags/example_subdag_operator.py took 0.136 seconds
[2024-05-30T06:48:51.256+0000] {processor.py:161} INFO - Started process (PID=1001) to work on /home/airflow/.local/lib/python3.12/site-packages/airflow/example_dags/example_subdag_operator.py
[2024-05-30T06:48:51.256+0000] {processor.py:830} INFO - Processing file /home/airflow/.local/lib/python3.12/site-packages/airflow/example_dags/example_subdag_operator.py for tasks to queue
[2024-05-30T06:48:51.258+0000] {logging_mixin.py:188} INFO - [2024-05-30T06:48:51.258+0000] {dagbag.py:545} INFO - Filling up the DagBag from /home/airflow/.local/lib/python3.12/site-packages/airflow/example_dags/example_subdag_operator.py
[2024-05-30T06:48:51.280+0000] {processor.py:840} INFO - DAG(s) 'example_subdag_operator.section-1', 'example_subdag_operator.section-2', 'example_subdag_operator' retrieved from /home/airflow/.local/lib/python3.12/site-packages/airflow/example_dags/example_subdag_operator.py
[2024-05-30T06:48:51.297+0000] {logging_mixin.py:188} INFO - [2024-05-30T06:48:51.296+0000] {dag.py:3096} INFO - Sync 3 DAGs
[2024-05-30T06:48:51.321+0000] {logging_mixin.py:188} INFO - [2024-05-30T06:48:51.320+0000] {dag.py:3954} INFO - Setting next_dagrun for example_subdag_operator to 2022-01-01 00:00:00+00:00, run_after=2022-01-01 00:00:00+00:00
[2024-05-30T06:48:51.326+0000] {logging_mixin.py:188} INFO - [2024-05-30T06:48:51.325+0000] {dag.py:3954} INFO - Setting next_dagrun for example_subdag_operator.section-1 to None, run_after=None
[2024-05-30T06:48:51.327+0000] {logging_mixin.py:188} INFO - [2024-05-30T06:48:51.327+0000] {dag.py:3954} INFO - Setting next_dagrun for example_subdag_operator.section-2 to None, run_after=None
[2024-05-30T06:48:51.335+0000] {logging_mixin.py:188} INFO - [2024-05-30T06:48:51.335+0000] {dag.py:3096} INFO - Sync 2 DAGs
[2024-05-30T06:48:51.340+0000] {logging_mixin.py:188} INFO - [2024-05-30T06:48:51.340+0000] {dag.py:3954} INFO - Setting next_dagrun for example_subdag_operator.section-1 to None, run_after=None
[2024-05-30T06:48:51.341+0000] {logging_mixin.py:188} INFO - [2024-05-30T06:48:51.341+0000] {dag.py:3954} INFO - Setting next_dagrun for example_subdag_operator.section-2 to None, run_after=None
[2024-05-30T06:48:51.352+0000] {processor.py:183} INFO - Processing /home/airflow/.local/lib/python3.12/site-packages/airflow/example_dags/example_subdag_operator.py took 0.101 seconds
[2024-05-30T06:49:21.869+0000] {processor.py:161} INFO - Started process (PID=1059) to work on /home/airflow/.local/lib/python3.12/site-packages/airflow/example_dags/example_subdag_operator.py
[2024-05-30T06:49:21.870+0000] {processor.py:830} INFO - Processing file /home/airflow/.local/lib/python3.12/site-packages/airflow/example_dags/example_subdag_operator.py for tasks to queue
[2024-05-30T06:49:21.872+0000] {logging_mixin.py:188} INFO - [2024-05-30T06:49:21.872+0000] {dagbag.py:545} INFO - Filling up the DagBag from /home/airflow/.local/lib/python3.12/site-packages/airflow/example_dags/example_subdag_operator.py
[2024-05-30T06:49:21.895+0000] {processor.py:840} INFO - DAG(s) 'example_subdag_operator.section-1', 'example_subdag_operator.section-2', 'example_subdag_operator' retrieved from /home/airflow/.local/lib/python3.12/site-packages/airflow/example_dags/example_subdag_operator.py
[2024-05-30T06:49:21.911+0000] {logging_mixin.py:188} INFO - [2024-05-30T06:49:21.911+0000] {dag.py:3096} INFO - Sync 3 DAGs
[2024-05-30T06:49:21.935+0000] {logging_mixin.py:188} INFO - [2024-05-30T06:49:21.935+0000] {dag.py:3954} INFO - Setting next_dagrun for example_subdag_operator to 2022-01-01 00:00:00+00:00, run_after=2022-01-01 00:00:00+00:00
[2024-05-30T06:49:21.939+0000] {logging_mixin.py:188} INFO - [2024-05-30T06:49:21.939+0000] {dag.py:3954} INFO - Setting next_dagrun for example_subdag_operator.section-1 to None, run_after=None
[2024-05-30T06:49:21.941+0000] {logging_mixin.py:188} INFO - [2024-05-30T06:49:21.941+0000] {dag.py:3954} INFO - Setting next_dagrun for example_subdag_operator.section-2 to None, run_after=None
[2024-05-30T06:49:21.948+0000] {logging_mixin.py:188} INFO - [2024-05-30T06:49:21.948+0000] {dag.py:3096} INFO - Sync 2 DAGs
[2024-05-30T06:49:21.954+0000] {logging_mixin.py:188} INFO - [2024-05-30T06:49:21.954+0000] {dag.py:3954} INFO - Setting next_dagrun for example_subdag_operator.section-1 to None, run_after=None
[2024-05-30T06:49:21.955+0000] {logging_mixin.py:188} INFO - [2024-05-30T06:49:21.954+0000] {dag.py:3954} INFO - Setting next_dagrun for example_subdag_operator.section-2 to None, run_after=None
[2024-05-30T06:49:21.966+0000] {processor.py:183} INFO - Processing /home/airflow/.local/lib/python3.12/site-packages/airflow/example_dags/example_subdag_operator.py took 0.102 seconds
[2024-05-30T06:49:52.863+0000] {processor.py:161} INFO - Started process (PID=1117) to work on /home/airflow/.local/lib/python3.12/site-packages/airflow/example_dags/example_subdag_operator.py
[2024-05-30T06:49:52.864+0000] {processor.py:830} INFO - Processing file /home/airflow/.local/lib/python3.12/site-packages/airflow/example_dags/example_subdag_operator.py for tasks to queue
[2024-05-30T06:49:52.866+0000] {logging_mixin.py:188} INFO - [2024-05-30T06:49:52.866+0000] {dagbag.py:545} INFO - Filling up the DagBag from /home/airflow/.local/lib/python3.12/site-packages/airflow/example_dags/example_subdag_operator.py
[2024-05-30T06:49:52.887+0000] {processor.py:840} INFO - DAG(s) 'example_subdag_operator.section-1', 'example_subdag_operator.section-2', 'example_subdag_operator' retrieved from /home/airflow/.local/lib/python3.12/site-packages/airflow/example_dags/example_subdag_operator.py
[2024-05-30T06:49:52.902+0000] {logging_mixin.py:188} INFO - [2024-05-30T06:49:52.902+0000] {dag.py:3096} INFO - Sync 3 DAGs
[2024-05-30T06:49:52.923+0000] {logging_mixin.py:188} INFO - [2024-05-30T06:49:52.923+0000] {dag.py:3954} INFO - Setting next_dagrun for example_subdag_operator to 2022-01-01 00:00:00+00:00, run_after=2022-01-01 00:00:00+00:00
[2024-05-30T06:49:52.927+0000] {logging_mixin.py:188} INFO - [2024-05-30T06:49:52.927+0000] {dag.py:3954} INFO - Setting next_dagrun for example_subdag_operator.section-1 to None, run_after=None
[2024-05-30T06:49:52.929+0000] {logging_mixin.py:188} INFO - [2024-05-30T06:49:52.929+0000] {dag.py:3954} INFO - Setting next_dagrun for example_subdag_operator.section-2 to None, run_after=None
[2024-05-30T06:49:52.936+0000] {logging_mixin.py:188} INFO - [2024-05-30T06:49:52.936+0000] {dag.py:3096} INFO - Sync 2 DAGs
[2024-05-30T06:49:52.941+0000] {logging_mixin.py:188} INFO - [2024-05-30T06:49:52.941+0000] {dag.py:3954} INFO - Setting next_dagrun for example_subdag_operator.section-1 to None, run_after=None
[2024-05-30T06:49:52.942+0000] {logging_mixin.py:188} INFO - [2024-05-30T06:49:52.942+0000] {dag.py:3954} INFO - Setting next_dagrun for example_subdag_operator.section-2 to None, run_after=None
[2024-05-30T06:49:52.952+0000] {processor.py:183} INFO - Processing /home/airflow/.local/lib/python3.12/site-packages/airflow/example_dags/example_subdag_operator.py took 0.094 seconds
[2024-05-30T06:50:23.472+0000] {processor.py:161} INFO - Started process (PID=1175) to work on /home/airflow/.local/lib/python3.12/site-packages/airflow/example_dags/example_subdag_operator.py
[2024-05-30T06:50:23.473+0000] {processor.py:830} INFO - Processing file /home/airflow/.local/lib/python3.12/site-packages/airflow/example_dags/example_subdag_operator.py for tasks to queue
[2024-05-30T06:50:23.475+0000] {logging_mixin.py:188} INFO - [2024-05-30T06:50:23.474+0000] {dagbag.py:545} INFO - Filling up the DagBag from /home/airflow/.local/lib/python3.12/site-packages/airflow/example_dags/example_subdag_operator.py
[2024-05-30T06:50:23.495+0000] {processor.py:840} INFO - DAG(s) 'example_subdag_operator.section-1', 'example_subdag_operator.section-2', 'example_subdag_operator' retrieved from /home/airflow/.local/lib/python3.12/site-packages/airflow/example_dags/example_subdag_operator.py
[2024-05-30T06:50:23.510+0000] {logging_mixin.py:188} INFO - [2024-05-30T06:50:23.510+0000] {dag.py:3096} INFO - Sync 3 DAGs
[2024-05-30T06:50:23.531+0000] {logging_mixin.py:188} INFO - [2024-05-30T06:50:23.531+0000] {dag.py:3954} INFO - Setting next_dagrun for example_subdag_operator to 2022-01-01 00:00:00+00:00, run_after=2022-01-01 00:00:00+00:00
[2024-05-30T06:50:23.535+0000] {logging_mixin.py:188} INFO - [2024-05-30T06:50:23.535+0000] {dag.py:3954} INFO - Setting next_dagrun for example_subdag_operator.section-1 to None, run_after=None
[2024-05-30T06:50:23.536+0000] {logging_mixin.py:188} INFO - [2024-05-30T06:50:23.536+0000] {dag.py:3954} INFO - Setting next_dagrun for example_subdag_operator.section-2 to None, run_after=None
[2024-05-30T06:50:23.543+0000] {logging_mixin.py:188} INFO - [2024-05-30T06:50:23.543+0000] {dag.py:3096} INFO - Sync 2 DAGs
[2024-05-30T06:50:23.548+0000] {logging_mixin.py:188} INFO - [2024-05-30T06:50:23.548+0000] {dag.py:3954} INFO - Setting next_dagrun for example_subdag_operator.section-1 to None, run_after=None
[2024-05-30T06:50:23.549+0000] {logging_mixin.py:188} INFO - [2024-05-30T06:50:23.549+0000] {dag.py:3954} INFO - Setting next_dagrun for example_subdag_operator.section-2 to None, run_after=None
[2024-05-30T06:50:23.561+0000] {processor.py:183} INFO - Processing /home/airflow/.local/lib/python3.12/site-packages/airflow/example_dags/example_subdag_operator.py took 0.094 seconds
[2024-05-30T06:50:54.185+0000] {processor.py:161} INFO - Started process (PID=1233) to work on /home/airflow/.local/lib/python3.12/site-packages/airflow/example_dags/example_subdag_operator.py
[2024-05-30T06:50:54.186+0000] {processor.py:830} INFO - Processing file /home/airflow/.local/lib/python3.12/site-packages/airflow/example_dags/example_subdag_operator.py for tasks to queue
[2024-05-30T06:50:54.187+0000] {logging_mixin.py:188} INFO - [2024-05-30T06:50:54.187+0000] {dagbag.py:545} INFO - Filling up the DagBag from /home/airflow/.local/lib/python3.12/site-packages/airflow/example_dags/example_subdag_operator.py
[2024-05-30T06:50:54.208+0000] {processor.py:840} INFO - DAG(s) 'example_subdag_operator.section-1', 'example_subdag_operator.section-2', 'example_subdag_operator' retrieved from /home/airflow/.local/lib/python3.12/site-packages/airflow/example_dags/example_subdag_operator.py
[2024-05-30T06:50:54.224+0000] {logging_mixin.py:188} INFO - [2024-05-30T06:50:54.224+0000] {dag.py:3096} INFO - Sync 3 DAGs
[2024-05-30T06:50:54.246+0000] {logging_mixin.py:188} INFO - [2024-05-30T06:50:54.245+0000] {dag.py:3954} INFO - Setting next_dagrun for example_subdag_operator to 2022-01-01 00:00:00+00:00, run_after=2022-01-01 00:00:00+00:00
[2024-05-30T06:50:54.249+0000] {logging_mixin.py:188} INFO - [2024-05-30T06:50:54.249+0000] {dag.py:3954} INFO - Setting next_dagrun for example_subdag_operator.section-1 to None, run_after=None
[2024-05-30T06:50:54.251+0000] {logging_mixin.py:188} INFO - [2024-05-30T06:50:54.251+0000] {dag.py:3954} INFO - Setting next_dagrun for example_subdag_operator.section-2 to None, run_after=None
[2024-05-30T06:50:54.257+0000] {logging_mixin.py:188} INFO - [2024-05-30T06:50:54.257+0000] {dag.py:3096} INFO - Sync 2 DAGs
[2024-05-30T06:50:54.263+0000] {logging_mixin.py:188} INFO - [2024-05-30T06:50:54.263+0000] {dag.py:3954} INFO - Setting next_dagrun for example_subdag_operator.section-1 to None, run_after=None
[2024-05-30T06:50:54.264+0000] {logging_mixin.py:188} INFO - [2024-05-30T06:50:54.263+0000] {dag.py:3954} INFO - Setting next_dagrun for example_subdag_operator.section-2 to None, run_after=None
[2024-05-30T06:50:54.274+0000] {processor.py:183} INFO - Processing /home/airflow/.local/lib/python3.12/site-packages/airflow/example_dags/example_subdag_operator.py took 0.095 seconds
[2024-05-30T06:51:25.060+0000] {processor.py:161} INFO - Started process (PID=1291) to work on /home/airflow/.local/lib/python3.12/site-packages/airflow/example_dags/example_subdag_operator.py
[2024-05-30T06:51:25.061+0000] {processor.py:830} INFO - Processing file /home/airflow/.local/lib/python3.12/site-packages/airflow/example_dags/example_subdag_operator.py for tasks to queue
[2024-05-30T06:51:25.063+0000] {logging_mixin.py:188} INFO - [2024-05-30T06:51:25.063+0000] {dagbag.py:545} INFO - Filling up the DagBag from /home/airflow/.local/lib/python3.12/site-packages/airflow/example_dags/example_subdag_operator.py
[2024-05-30T06:51:25.086+0000] {processor.py:840} INFO - DAG(s) 'example_subdag_operator.section-1', 'example_subdag_operator.section-2', 'example_subdag_operator' retrieved from /home/airflow/.local/lib/python3.12/site-packages/airflow/example_dags/example_subdag_operator.py
[2024-05-30T06:51:25.107+0000] {logging_mixin.py:188} INFO - [2024-05-30T06:51:25.106+0000] {dag.py:3096} INFO - Sync 3 DAGs
[2024-05-30T06:51:25.133+0000] {logging_mixin.py:188} INFO - [2024-05-30T06:51:25.132+0000] {dag.py:3954} INFO - Setting next_dagrun for example_subdag_operator to 2022-01-01 00:00:00+00:00, run_after=2022-01-01 00:00:00+00:00
[2024-05-30T06:51:25.137+0000] {logging_mixin.py:188} INFO - [2024-05-30T06:51:25.137+0000] {dag.py:3954} INFO - Setting next_dagrun for example_subdag_operator.section-1 to None, run_after=None
[2024-05-30T06:51:25.139+0000] {logging_mixin.py:188} INFO - [2024-05-30T06:51:25.139+0000] {dag.py:3954} INFO - Setting next_dagrun for example_subdag_operator.section-2 to None, run_after=None
[2024-05-30T06:51:25.148+0000] {logging_mixin.py:188} INFO - [2024-05-30T06:51:25.147+0000] {dag.py:3096} INFO - Sync 2 DAGs
[2024-05-30T06:51:25.154+0000] {logging_mixin.py:188} INFO - [2024-05-30T06:51:25.154+0000] {dag.py:3954} INFO - Setting next_dagrun for example_subdag_operator.section-1 to None, run_after=None
[2024-05-30T06:51:25.155+0000] {logging_mixin.py:188} INFO - [2024-05-30T06:51:25.155+0000] {dag.py:3954} INFO - Setting next_dagrun for example_subdag_operator.section-2 to None, run_after=None
[2024-05-30T06:51:25.168+0000] {processor.py:183} INFO - Processing /home/airflow/.local/lib/python3.12/site-packages/airflow/example_dags/example_subdag_operator.py took 0.114 seconds
[2024-05-30T06:51:55.229+0000] {processor.py:161} INFO - Started process (PID=1349) to work on /home/airflow/.local/lib/python3.12/site-packages/airflow/example_dags/example_subdag_operator.py
[2024-05-30T06:51:55.229+0000] {processor.py:830} INFO - Processing file /home/airflow/.local/lib/python3.12/site-packages/airflow/example_dags/example_subdag_operator.py for tasks to queue
[2024-05-30T06:51:55.231+0000] {logging_mixin.py:188} INFO - [2024-05-30T06:51:55.231+0000] {dagbag.py:545} INFO - Filling up the DagBag from /home/airflow/.local/lib/python3.12/site-packages/airflow/example_dags/example_subdag_operator.py
[2024-05-30T06:51:55.252+0000] {processor.py:840} INFO - DAG(s) 'example_subdag_operator.section-1', 'example_subdag_operator.section-2', 'example_subdag_operator' retrieved from /home/airflow/.local/lib/python3.12/site-packages/airflow/example_dags/example_subdag_operator.py
[2024-05-30T06:51:55.267+0000] {logging_mixin.py:188} INFO - [2024-05-30T06:51:55.267+0000] {dag.py:3096} INFO - Sync 3 DAGs
[2024-05-30T06:51:55.287+0000] {logging_mixin.py:188} INFO - [2024-05-30T06:51:55.287+0000] {dag.py:3954} INFO - Setting next_dagrun for example_subdag_operator to 2022-01-01 00:00:00+00:00, run_after=2022-01-01 00:00:00+00:00
[2024-05-30T06:51:55.291+0000] {logging_mixin.py:188} INFO - [2024-05-30T06:51:55.291+0000] {dag.py:3954} INFO - Setting next_dagrun for example_subdag_operator.section-1 to None, run_after=None
[2024-05-30T06:51:55.293+0000] {logging_mixin.py:188} INFO - [2024-05-30T06:51:55.293+0000] {dag.py:3954} INFO - Setting next_dagrun for example_subdag_operator.section-2 to None, run_after=None
[2024-05-30T06:51:55.300+0000] {logging_mixin.py:188} INFO - [2024-05-30T06:51:55.300+0000] {dag.py:3096} INFO - Sync 2 DAGs
[2024-05-30T06:51:55.305+0000] {logging_mixin.py:188} INFO - [2024-05-30T06:51:55.305+0000] {dag.py:3954} INFO - Setting next_dagrun for example_subdag_operator.section-1 to None, run_after=None
[2024-05-30T06:51:55.306+0000] {logging_mixin.py:188} INFO - [2024-05-30T06:51:55.306+0000] {dag.py:3954} INFO - Setting next_dagrun for example_subdag_operator.section-2 to None, run_after=None
[2024-05-30T06:51:55.317+0000] {processor.py:183} INFO - Processing /home/airflow/.local/lib/python3.12/site-packages/airflow/example_dags/example_subdag_operator.py took 0.094 seconds
[2024-05-30T06:52:26.145+0000] {processor.py:161} INFO - Started process (PID=1407) to work on /home/airflow/.local/lib/python3.12/site-packages/airflow/example_dags/example_subdag_operator.py
[2024-05-30T06:52:26.146+0000] {processor.py:830} INFO - Processing file /home/airflow/.local/lib/python3.12/site-packages/airflow/example_dags/example_subdag_operator.py for tasks to queue
[2024-05-30T06:52:26.148+0000] {logging_mixin.py:188} INFO - [2024-05-30T06:52:26.147+0000] {dagbag.py:545} INFO - Filling up the DagBag from /home/airflow/.local/lib/python3.12/site-packages/airflow/example_dags/example_subdag_operator.py
[2024-05-30T06:52:26.169+0000] {processor.py:840} INFO - DAG(s) 'example_subdag_operator.section-1', 'example_subdag_operator.section-2', 'example_subdag_operator' retrieved from /home/airflow/.local/lib/python3.12/site-packages/airflow/example_dags/example_subdag_operator.py
[2024-05-30T06:52:26.184+0000] {logging_mixin.py:188} INFO - [2024-05-30T06:52:26.184+0000] {dag.py:3096} INFO - Sync 3 DAGs
[2024-05-30T06:52:26.206+0000] {logging_mixin.py:188} INFO - [2024-05-30T06:52:26.206+0000] {dag.py:3954} INFO - Setting next_dagrun for example_subdag_operator to 2022-01-01 00:00:00+00:00, run_after=2022-01-01 00:00:00+00:00
[2024-05-30T06:52:26.210+0000] {logging_mixin.py:188} INFO - [2024-05-30T06:52:26.210+0000] {dag.py:3954} INFO - Setting next_dagrun for example_subdag_operator.section-1 to None, run_after=None
[2024-05-30T06:52:26.211+0000] {logging_mixin.py:188} INFO - [2024-05-30T06:52:26.211+0000] {dag.py:3954} INFO - Setting next_dagrun for example_subdag_operator.section-2 to None, run_after=None
[2024-05-30T06:52:26.219+0000] {logging_mixin.py:188} INFO - [2024-05-30T06:52:26.219+0000] {dag.py:3096} INFO - Sync 2 DAGs
[2024-05-30T06:52:26.224+0000] {logging_mixin.py:188} INFO - [2024-05-30T06:52:26.224+0000] {dag.py:3954} INFO - Setting next_dagrun for example_subdag_operator.section-1 to None, run_after=None
[2024-05-30T06:52:26.224+0000] {logging_mixin.py:188} INFO - [2024-05-30T06:52:26.224+0000] {dag.py:3954} INFO - Setting next_dagrun for example_subdag_operator.section-2 to None, run_after=None
[2024-05-30T06:52:26.237+0000] {processor.py:183} INFO - Processing /home/airflow/.local/lib/python3.12/site-packages/airflow/example_dags/example_subdag_operator.py took 0.097 seconds
[2024-05-30T06:52:57.209+0000] {processor.py:161} INFO - Started process (PID=1465) to work on /home/airflow/.local/lib/python3.12/site-packages/airflow/example_dags/example_subdag_operator.py
[2024-05-30T06:52:57.209+0000] {processor.py:830} INFO - Processing file /home/airflow/.local/lib/python3.12/site-packages/airflow/example_dags/example_subdag_operator.py for tasks to queue
[2024-05-30T06:52:57.211+0000] {logging_mixin.py:188} INFO - [2024-05-30T06:52:57.211+0000] {dagbag.py:545} INFO - Filling up the DagBag from /home/airflow/.local/lib/python3.12/site-packages/airflow/example_dags/example_subdag_operator.py
[2024-05-30T06:52:57.232+0000] {processor.py:840} INFO - DAG(s) 'example_subdag_operator.section-1', 'example_subdag_operator.section-2', 'example_subdag_operator' retrieved from /home/airflow/.local/lib/python3.12/site-packages/airflow/example_dags/example_subdag_operator.py
[2024-05-30T06:52:57.374+0000] {logging_mixin.py:188} INFO - [2024-05-30T06:52:57.373+0000] {dag.py:3096} INFO - Sync 3 DAGs
[2024-05-30T06:52:57.393+0000] {logging_mixin.py:188} INFO - [2024-05-30T06:52:57.393+0000] {dag.py:3954} INFO - Setting next_dagrun for example_subdag_operator to 2022-01-01 00:00:00+00:00, run_after=2022-01-01 00:00:00+00:00
[2024-05-30T06:52:57.397+0000] {logging_mixin.py:188} INFO - [2024-05-30T06:52:57.397+0000] {dag.py:3954} INFO - Setting next_dagrun for example_subdag_operator.section-1 to None, run_after=None
[2024-05-30T06:52:57.399+0000] {logging_mixin.py:188} INFO - [2024-05-30T06:52:57.398+0000] {dag.py:3954} INFO - Setting next_dagrun for example_subdag_operator.section-2 to None, run_after=None
[2024-05-30T06:52:57.405+0000] {logging_mixin.py:188} INFO - [2024-05-30T06:52:57.405+0000] {dag.py:3096} INFO - Sync 2 DAGs
[2024-05-30T06:52:57.410+0000] {logging_mixin.py:188} INFO - [2024-05-30T06:52:57.410+0000] {dag.py:3954} INFO - Setting next_dagrun for example_subdag_operator.section-1 to None, run_after=None
[2024-05-30T06:52:57.411+0000] {logging_mixin.py:188} INFO - [2024-05-30T06:52:57.411+0000] {dag.py:3954} INFO - Setting next_dagrun for example_subdag_operator.section-2 to None, run_after=None
[2024-05-30T06:52:57.423+0000] {processor.py:183} INFO - Processing /home/airflow/.local/lib/python3.12/site-packages/airflow/example_dags/example_subdag_operator.py took 0.220 seconds
[2024-05-30T06:53:27.605+0000] {processor.py:161} INFO - Started process (PID=1523) to work on /home/airflow/.local/lib/python3.12/site-packages/airflow/example_dags/example_subdag_operator.py
[2024-05-30T06:53:27.606+0000] {processor.py:830} INFO - Processing file /home/airflow/.local/lib/python3.12/site-packages/airflow/example_dags/example_subdag_operator.py for tasks to queue
[2024-05-30T06:53:27.608+0000] {logging_mixin.py:188} INFO - [2024-05-30T06:53:27.607+0000] {dagbag.py:545} INFO - Filling up the DagBag from /home/airflow/.local/lib/python3.12/site-packages/airflow/example_dags/example_subdag_operator.py
[2024-05-30T06:53:27.629+0000] {processor.py:840} INFO - DAG(s) 'example_subdag_operator.section-1', 'example_subdag_operator.section-2', 'example_subdag_operator' retrieved from /home/airflow/.local/lib/python3.12/site-packages/airflow/example_dags/example_subdag_operator.py
[2024-05-30T06:53:27.644+0000] {logging_mixin.py:188} INFO - [2024-05-30T06:53:27.644+0000] {dag.py:3096} INFO - Sync 3 DAGs
[2024-05-30T06:53:27.763+0000] {logging_mixin.py:188} INFO - [2024-05-30T06:53:27.763+0000] {dag.py:3954} INFO - Setting next_dagrun for example_subdag_operator to 2022-01-01 00:00:00+00:00, run_after=2022-01-01 00:00:00+00:00
[2024-05-30T06:53:27.767+0000] {logging_mixin.py:188} INFO - [2024-05-30T06:53:27.767+0000] {dag.py:3954} INFO - Setting next_dagrun for example_subdag_operator.section-1 to None, run_after=None
[2024-05-30T06:53:27.769+0000] {logging_mixin.py:188} INFO - [2024-05-30T06:53:27.769+0000] {dag.py:3954} INFO - Setting next_dagrun for example_subdag_operator.section-2 to None, run_after=None
[2024-05-30T06:53:27.775+0000] {logging_mixin.py:188} INFO - [2024-05-30T06:53:27.775+0000] {dag.py:3096} INFO - Sync 2 DAGs
[2024-05-30T06:53:27.780+0000] {logging_mixin.py:188} INFO - [2024-05-30T06:53:27.780+0000] {dag.py:3954} INFO - Setting next_dagrun for example_subdag_operator.section-1 to None, run_after=None
[2024-05-30T06:53:27.781+0000] {logging_mixin.py:188} INFO - [2024-05-30T06:53:27.781+0000] {dag.py:3954} INFO - Setting next_dagrun for example_subdag_operator.section-2 to None, run_after=None
[2024-05-30T06:53:27.792+0000] {processor.py:183} INFO - Processing /home/airflow/.local/lib/python3.12/site-packages/airflow/example_dags/example_subdag_operator.py took 0.192 seconds
[2024-05-30T06:53:58.049+0000] {processor.py:161} INFO - Started process (PID=1581) to work on /home/airflow/.local/lib/python3.12/site-packages/airflow/example_dags/example_subdag_operator.py
[2024-05-30T06:53:58.050+0000] {processor.py:830} INFO - Processing file /home/airflow/.local/lib/python3.12/site-packages/airflow/example_dags/example_subdag_operator.py for tasks to queue
[2024-05-30T06:53:58.051+0000] {logging_mixin.py:188} INFO - [2024-05-30T06:53:58.051+0000] {dagbag.py:545} INFO - Filling up the DagBag from /home/airflow/.local/lib/python3.12/site-packages/airflow/example_dags/example_subdag_operator.py
[2024-05-30T06:53:58.073+0000] {processor.py:840} INFO - DAG(s) 'example_subdag_operator.section-1', 'example_subdag_operator.section-2', 'example_subdag_operator' retrieved from /home/airflow/.local/lib/python3.12/site-packages/airflow/example_dags/example_subdag_operator.py
[2024-05-30T06:53:58.088+0000] {logging_mixin.py:188} INFO - [2024-05-30T06:53:58.088+0000] {dag.py:3096} INFO - Sync 3 DAGs
[2024-05-30T06:53:58.109+0000] {logging_mixin.py:188} INFO - [2024-05-30T06:53:58.108+0000] {dag.py:3954} INFO - Setting next_dagrun for example_subdag_operator to 2022-01-01 00:00:00+00:00, run_after=2022-01-01 00:00:00+00:00
[2024-05-30T06:53:58.113+0000] {logging_mixin.py:188} INFO - [2024-05-30T06:53:58.112+0000] {dag.py:3954} INFO - Setting next_dagrun for example_subdag_operator.section-1 to None, run_after=None
[2024-05-30T06:53:58.114+0000] {logging_mixin.py:188} INFO - [2024-05-30T06:53:58.114+0000] {dag.py:3954} INFO - Setting next_dagrun for example_subdag_operator.section-2 to None, run_after=None
[2024-05-30T06:53:58.121+0000] {logging_mixin.py:188} INFO - [2024-05-30T06:53:58.121+0000] {dag.py:3096} INFO - Sync 2 DAGs
[2024-05-30T06:53:58.126+0000] {logging_mixin.py:188} INFO - [2024-05-30T06:53:58.126+0000] {dag.py:3954} INFO - Setting next_dagrun for example_subdag_operator.section-1 to None, run_after=None
[2024-05-30T06:53:58.127+0000] {logging_mixin.py:188} INFO - [2024-05-30T06:53:58.126+0000] {dag.py:3954} INFO - Setting next_dagrun for example_subdag_operator.section-2 to None, run_after=None
[2024-05-30T06:53:58.137+0000] {processor.py:183} INFO - Processing /home/airflow/.local/lib/python3.12/site-packages/airflow/example_dags/example_subdag_operator.py took 0.093 seconds
[2024-05-30T06:54:28.259+0000] {processor.py:161} INFO - Started process (PID=1640) to work on /home/airflow/.local/lib/python3.12/site-packages/airflow/example_dags/example_subdag_operator.py
[2024-05-30T06:54:28.260+0000] {processor.py:830} INFO - Processing file /home/airflow/.local/lib/python3.12/site-packages/airflow/example_dags/example_subdag_operator.py for tasks to queue
[2024-05-30T06:54:28.261+0000] {logging_mixin.py:188} INFO - [2024-05-30T06:54:28.261+0000] {dagbag.py:545} INFO - Filling up the DagBag from /home/airflow/.local/lib/python3.12/site-packages/airflow/example_dags/example_subdag_operator.py
[2024-05-30T06:54:28.282+0000] {processor.py:840} INFO - DAG(s) 'example_subdag_operator.section-1', 'example_subdag_operator.section-2', 'example_subdag_operator' retrieved from /home/airflow/.local/lib/python3.12/site-packages/airflow/example_dags/example_subdag_operator.py
[2024-05-30T06:54:28.297+0000] {logging_mixin.py:188} INFO - [2024-05-30T06:54:28.296+0000] {dag.py:3096} INFO - Sync 3 DAGs
[2024-05-30T06:54:28.319+0000] {logging_mixin.py:188} INFO - [2024-05-30T06:54:28.319+0000] {dag.py:3954} INFO - Setting next_dagrun for example_subdag_operator to 2022-01-01 00:00:00+00:00, run_after=2022-01-01 00:00:00+00:00
[2024-05-30T06:54:28.323+0000] {logging_mixin.py:188} INFO - [2024-05-30T06:54:28.323+0000] {dag.py:3954} INFO - Setting next_dagrun for example_subdag_operator.section-1 to None, run_after=None
[2024-05-30T06:54:28.325+0000] {logging_mixin.py:188} INFO - [2024-05-30T06:54:28.325+0000] {dag.py:3954} INFO - Setting next_dagrun for example_subdag_operator.section-2 to None, run_after=None
[2024-05-30T06:54:28.332+0000] {logging_mixin.py:188} INFO - [2024-05-30T06:54:28.332+0000] {dag.py:3096} INFO - Sync 2 DAGs
[2024-05-30T06:54:28.338+0000] {logging_mixin.py:188} INFO - [2024-05-30T06:54:28.338+0000] {dag.py:3954} INFO - Setting next_dagrun for example_subdag_operator.section-1 to None, run_after=None
[2024-05-30T06:54:28.339+0000] {logging_mixin.py:188} INFO - [2024-05-30T06:54:28.339+0000] {dag.py:3954} INFO - Setting next_dagrun for example_subdag_operator.section-2 to None, run_after=None
[2024-05-30T06:54:28.384+0000] {processor.py:183} INFO - Processing /home/airflow/.local/lib/python3.12/site-packages/airflow/example_dags/example_subdag_operator.py took 0.130 seconds
[2024-05-30T06:54:58.445+0000] {processor.py:161} INFO - Started process (PID=1697) to work on /home/airflow/.local/lib/python3.12/site-packages/airflow/example_dags/example_subdag_operator.py
[2024-05-30T06:54:58.445+0000] {processor.py:830} INFO - Processing file /home/airflow/.local/lib/python3.12/site-packages/airflow/example_dags/example_subdag_operator.py for tasks to queue
[2024-05-30T06:54:58.447+0000] {logging_mixin.py:188} INFO - [2024-05-30T06:54:58.447+0000] {dagbag.py:545} INFO - Filling up the DagBag from /home/airflow/.local/lib/python3.12/site-packages/airflow/example_dags/example_subdag_operator.py
[2024-05-30T06:54:58.470+0000] {processor.py:840} INFO - DAG(s) 'example_subdag_operator.section-1', 'example_subdag_operator.section-2', 'example_subdag_operator' retrieved from /home/airflow/.local/lib/python3.12/site-packages/airflow/example_dags/example_subdag_operator.py
[2024-05-30T06:54:58.486+0000] {logging_mixin.py:188} INFO - [2024-05-30T06:54:58.486+0000] {dag.py:3096} INFO - Sync 3 DAGs
[2024-05-30T06:54:58.507+0000] {logging_mixin.py:188} INFO - [2024-05-30T06:54:58.507+0000] {dag.py:3954} INFO - Setting next_dagrun for example_subdag_operator to 2022-01-01 00:00:00+00:00, run_after=2022-01-01 00:00:00+00:00
[2024-05-30T06:54:58.511+0000] {logging_mixin.py:188} INFO - [2024-05-30T06:54:58.511+0000] {dag.py:3954} INFO - Setting next_dagrun for example_subdag_operator.section-1 to None, run_after=None
[2024-05-30T06:54:58.513+0000] {logging_mixin.py:188} INFO - [2024-05-30T06:54:58.513+0000] {dag.py:3954} INFO - Setting next_dagrun for example_subdag_operator.section-2 to None, run_after=None
[2024-05-30T06:54:58.520+0000] {logging_mixin.py:188} INFO - [2024-05-30T06:54:58.520+0000] {dag.py:3096} INFO - Sync 2 DAGs
[2024-05-30T06:54:58.526+0000] {logging_mixin.py:188} INFO - [2024-05-30T06:54:58.526+0000] {dag.py:3954} INFO - Setting next_dagrun for example_subdag_operator.section-1 to None, run_after=None
[2024-05-30T06:54:58.527+0000] {logging_mixin.py:188} INFO - [2024-05-30T06:54:58.527+0000] {dag.py:3954} INFO - Setting next_dagrun for example_subdag_operator.section-2 to None, run_after=None
[2024-05-30T06:54:58.540+0000] {processor.py:183} INFO - Processing /home/airflow/.local/lib/python3.12/site-packages/airflow/example_dags/example_subdag_operator.py took 0.100 seconds
[2024-05-30T06:55:28.608+0000] {processor.py:161} INFO - Started process (PID=1755) to work on /home/airflow/.local/lib/python3.12/site-packages/airflow/example_dags/example_subdag_operator.py
[2024-05-30T06:55:28.609+0000] {processor.py:830} INFO - Processing file /home/airflow/.local/lib/python3.12/site-packages/airflow/example_dags/example_subdag_operator.py for tasks to queue
[2024-05-30T06:55:28.611+0000] {logging_mixin.py:188} INFO - [2024-05-30T06:55:28.610+0000] {dagbag.py:545} INFO - Filling up the DagBag from /home/airflow/.local/lib/python3.12/site-packages/airflow/example_dags/example_subdag_operator.py
[2024-05-30T06:55:28.635+0000] {processor.py:840} INFO - DAG(s) 'example_subdag_operator.section-1', 'example_subdag_operator.section-2', 'example_subdag_operator' retrieved from /home/airflow/.local/lib/python3.12/site-packages/airflow/example_dags/example_subdag_operator.py
[2024-05-30T06:55:28.654+0000] {logging_mixin.py:188} INFO - [2024-05-30T06:55:28.653+0000] {dag.py:3096} INFO - Sync 3 DAGs
[2024-05-30T06:55:28.675+0000] {logging_mixin.py:188} INFO - [2024-05-30T06:55:28.675+0000] {dag.py:3954} INFO - Setting next_dagrun for example_subdag_operator to 2022-01-01 00:00:00+00:00, run_after=2022-01-01 00:00:00+00:00
[2024-05-30T06:55:28.680+0000] {logging_mixin.py:188} INFO - [2024-05-30T06:55:28.680+0000] {dag.py:3954} INFO - Setting next_dagrun for example_subdag_operator.section-1 to None, run_after=None
[2024-05-30T06:55:28.681+0000] {logging_mixin.py:188} INFO - [2024-05-30T06:55:28.681+0000] {dag.py:3954} INFO - Setting next_dagrun for example_subdag_operator.section-2 to None, run_after=None
[2024-05-30T06:55:28.688+0000] {logging_mixin.py:188} INFO - [2024-05-30T06:55:28.688+0000] {dag.py:3096} INFO - Sync 2 DAGs
[2024-05-30T06:55:28.695+0000] {logging_mixin.py:188} INFO - [2024-05-30T06:55:28.695+0000] {dag.py:3954} INFO - Setting next_dagrun for example_subdag_operator.section-1 to None, run_after=None
[2024-05-30T06:55:28.696+0000] {logging_mixin.py:188} INFO - [2024-05-30T06:55:28.696+0000] {dag.py:3954} INFO - Setting next_dagrun for example_subdag_operator.section-2 to None, run_after=None
[2024-05-30T06:55:28.708+0000] {processor.py:183} INFO - Processing /home/airflow/.local/lib/python3.12/site-packages/airflow/example_dags/example_subdag_operator.py took 0.105 seconds
[2024-05-30T06:55:58.738+0000] {processor.py:161} INFO - Started process (PID=1813) to work on /home/airflow/.local/lib/python3.12/site-packages/airflow/example_dags/example_subdag_operator.py
[2024-05-30T06:55:58.739+0000] {processor.py:830} INFO - Processing file /home/airflow/.local/lib/python3.12/site-packages/airflow/example_dags/example_subdag_operator.py for tasks to queue
[2024-05-30T06:55:58.741+0000] {logging_mixin.py:188} INFO - [2024-05-30T06:55:58.741+0000] {dagbag.py:545} INFO - Filling up the DagBag from /home/airflow/.local/lib/python3.12/site-packages/airflow/example_dags/example_subdag_operator.py
[2024-05-30T06:55:58.762+0000] {processor.py:840} INFO - DAG(s) 'example_subdag_operator.section-1', 'example_subdag_operator.section-2', 'example_subdag_operator' retrieved from /home/airflow/.local/lib/python3.12/site-packages/airflow/example_dags/example_subdag_operator.py
[2024-05-30T06:55:58.780+0000] {logging_mixin.py:188} INFO - [2024-05-30T06:55:58.779+0000] {dag.py:3096} INFO - Sync 3 DAGs
[2024-05-30T06:55:58.800+0000] {logging_mixin.py:188} INFO - [2024-05-30T06:55:58.800+0000] {dag.py:3954} INFO - Setting next_dagrun for example_subdag_operator to 2022-01-01 00:00:00+00:00, run_after=2022-01-01 00:00:00+00:00
[2024-05-30T06:55:58.804+0000] {logging_mixin.py:188} INFO - [2024-05-30T06:55:58.804+0000] {dag.py:3954} INFO - Setting next_dagrun for example_subdag_operator.section-1 to None, run_after=None
[2024-05-30T06:55:58.806+0000] {logging_mixin.py:188} INFO - [2024-05-30T06:55:58.806+0000] {dag.py:3954} INFO - Setting next_dagrun for example_subdag_operator.section-2 to None, run_after=None
[2024-05-30T06:55:58.813+0000] {logging_mixin.py:188} INFO - [2024-05-30T06:55:58.813+0000] {dag.py:3096} INFO - Sync 2 DAGs
[2024-05-30T06:55:58.819+0000] {logging_mixin.py:188} INFO - [2024-05-30T06:55:58.818+0000] {dag.py:3954} INFO - Setting next_dagrun for example_subdag_operator.section-1 to None, run_after=None
[2024-05-30T06:55:58.819+0000] {logging_mixin.py:188} INFO - [2024-05-30T06:55:58.819+0000] {dag.py:3954} INFO - Setting next_dagrun for example_subdag_operator.section-2 to None, run_after=None
[2024-05-30T06:55:58.830+0000] {processor.py:183} INFO - Processing /home/airflow/.local/lib/python3.12/site-packages/airflow/example_dags/example_subdag_operator.py took 0.097 seconds
[2024-05-30T06:56:28.879+0000] {processor.py:161} INFO - Started process (PID=1871) to work on /home/airflow/.local/lib/python3.12/site-packages/airflow/example_dags/example_subdag_operator.py
[2024-05-30T06:56:28.880+0000] {processor.py:830} INFO - Processing file /home/airflow/.local/lib/python3.12/site-packages/airflow/example_dags/example_subdag_operator.py for tasks to queue
[2024-05-30T06:56:28.882+0000] {logging_mixin.py:188} INFO - [2024-05-30T06:56:28.882+0000] {dagbag.py:545} INFO - Filling up the DagBag from /home/airflow/.local/lib/python3.12/site-packages/airflow/example_dags/example_subdag_operator.py
[2024-05-30T06:56:28.905+0000] {processor.py:840} INFO - DAG(s) 'example_subdag_operator.section-1', 'example_subdag_operator.section-2', 'example_subdag_operator' retrieved from /home/airflow/.local/lib/python3.12/site-packages/airflow/example_dags/example_subdag_operator.py
[2024-05-30T06:56:28.922+0000] {logging_mixin.py:188} INFO - [2024-05-30T06:56:28.922+0000] {dag.py:3096} INFO - Sync 3 DAGs
[2024-05-30T06:56:28.945+0000] {logging_mixin.py:188} INFO - [2024-05-30T06:56:28.944+0000] {dag.py:3954} INFO - Setting next_dagrun for example_subdag_operator to 2022-01-01 00:00:00+00:00, run_after=2022-01-01 00:00:00+00:00
[2024-05-30T06:56:28.949+0000] {logging_mixin.py:188} INFO - [2024-05-30T06:56:28.948+0000] {dag.py:3954} INFO - Setting next_dagrun for example_subdag_operator.section-1 to None, run_after=None
[2024-05-30T06:56:28.950+0000] {logging_mixin.py:188} INFO - [2024-05-30T06:56:28.950+0000] {dag.py:3954} INFO - Setting next_dagrun for example_subdag_operator.section-2 to None, run_after=None
[2024-05-30T06:56:28.957+0000] {logging_mixin.py:188} INFO - [2024-05-30T06:56:28.957+0000] {dag.py:3096} INFO - Sync 2 DAGs
[2024-05-30T06:56:28.963+0000] {logging_mixin.py:188} INFO - [2024-05-30T06:56:28.962+0000] {dag.py:3954} INFO - Setting next_dagrun for example_subdag_operator.section-1 to None, run_after=None
[2024-05-30T06:56:28.963+0000] {logging_mixin.py:188} INFO - [2024-05-30T06:56:28.963+0000] {dag.py:3954} INFO - Setting next_dagrun for example_subdag_operator.section-2 to None, run_after=None
[2024-05-30T06:56:28.974+0000] {processor.py:183} INFO - Processing /home/airflow/.local/lib/python3.12/site-packages/airflow/example_dags/example_subdag_operator.py took 0.100 seconds
[2024-05-30T06:56:59.849+0000] {processor.py:161} INFO - Started process (PID=1929) to work on /home/airflow/.local/lib/python3.12/site-packages/airflow/example_dags/example_subdag_operator.py
[2024-05-30T06:56:59.850+0000] {processor.py:830} INFO - Processing file /home/airflow/.local/lib/python3.12/site-packages/airflow/example_dags/example_subdag_operator.py for tasks to queue
[2024-05-30T06:56:59.851+0000] {logging_mixin.py:188} INFO - [2024-05-30T06:56:59.851+0000] {dagbag.py:545} INFO - Filling up the DagBag from /home/airflow/.local/lib/python3.12/site-packages/airflow/example_dags/example_subdag_operator.py
[2024-05-30T06:56:59.871+0000] {processor.py:840} INFO - DAG(s) 'example_subdag_operator.section-1', 'example_subdag_operator.section-2', 'example_subdag_operator' retrieved from /home/airflow/.local/lib/python3.12/site-packages/airflow/example_dags/example_subdag_operator.py
[2024-05-30T06:56:59.886+0000] {logging_mixin.py:188} INFO - [2024-05-30T06:56:59.886+0000] {dag.py:3096} INFO - Sync 3 DAGs
[2024-05-30T06:56:59.906+0000] {logging_mixin.py:188} INFO - [2024-05-30T06:56:59.906+0000] {dag.py:3954} INFO - Setting next_dagrun for example_subdag_operator to 2022-01-01 00:00:00+00:00, run_after=2022-01-01 00:00:00+00:00
[2024-05-30T06:56:59.910+0000] {logging_mixin.py:188} INFO - [2024-05-30T06:56:59.910+0000] {dag.py:3954} INFO - Setting next_dagrun for example_subdag_operator.section-1 to None, run_after=None
[2024-05-30T06:56:59.912+0000] {logging_mixin.py:188} INFO - [2024-05-30T06:56:59.912+0000] {dag.py:3954} INFO - Setting next_dagrun for example_subdag_operator.section-2 to None, run_after=None
[2024-05-30T06:56:59.919+0000] {logging_mixin.py:188} INFO - [2024-05-30T06:56:59.918+0000] {dag.py:3096} INFO - Sync 2 DAGs
[2024-05-30T06:56:59.924+0000] {logging_mixin.py:188} INFO - [2024-05-30T06:56:59.924+0000] {dag.py:3954} INFO - Setting next_dagrun for example_subdag_operator.section-1 to None, run_after=None
[2024-05-30T06:56:59.924+0000] {logging_mixin.py:188} INFO - [2024-05-30T06:56:59.924+0000] {dag.py:3954} INFO - Setting next_dagrun for example_subdag_operator.section-2 to None, run_after=None
[2024-05-30T06:56:59.936+0000] {processor.py:183} INFO - Processing /home/airflow/.local/lib/python3.12/site-packages/airflow/example_dags/example_subdag_operator.py took 0.093 seconds
[2024-05-30T06:57:30.439+0000] {processor.py:161} INFO - Started process (PID=1987) to work on /home/airflow/.local/lib/python3.12/site-packages/airflow/example_dags/example_subdag_operator.py
[2024-05-30T06:57:30.439+0000] {processor.py:830} INFO - Processing file /home/airflow/.local/lib/python3.12/site-packages/airflow/example_dags/example_subdag_operator.py for tasks to queue
[2024-05-30T06:57:30.441+0000] {logging_mixin.py:188} INFO - [2024-05-30T06:57:30.441+0000] {dagbag.py:545} INFO - Filling up the DagBag from /home/airflow/.local/lib/python3.12/site-packages/airflow/example_dags/example_subdag_operator.py
[2024-05-30T06:57:30.461+0000] {processor.py:840} INFO - DAG(s) 'example_subdag_operator.section-1', 'example_subdag_operator.section-2', 'example_subdag_operator' retrieved from /home/airflow/.local/lib/python3.12/site-packages/airflow/example_dags/example_subdag_operator.py
[2024-05-30T06:57:30.477+0000] {logging_mixin.py:188} INFO - [2024-05-30T06:57:30.477+0000] {dag.py:3096} INFO - Sync 3 DAGs
[2024-05-30T06:57:30.498+0000] {logging_mixin.py:188} INFO - [2024-05-30T06:57:30.498+0000] {dag.py:3954} INFO - Setting next_dagrun for example_subdag_operator to 2022-01-01 00:00:00+00:00, run_after=2022-01-01 00:00:00+00:00
[2024-05-30T06:57:30.502+0000] {logging_mixin.py:188} INFO - [2024-05-30T06:57:30.502+0000] {dag.py:3954} INFO - Setting next_dagrun for example_subdag_operator.section-1 to None, run_after=None
[2024-05-30T06:57:30.503+0000] {logging_mixin.py:188} INFO - [2024-05-30T06:57:30.503+0000] {dag.py:3954} INFO - Setting next_dagrun for example_subdag_operator.section-2 to None, run_after=None
[2024-05-30T06:57:30.510+0000] {logging_mixin.py:188} INFO - [2024-05-30T06:57:30.510+0000] {dag.py:3096} INFO - Sync 2 DAGs
[2024-05-30T06:57:30.515+0000] {logging_mixin.py:188} INFO - [2024-05-30T06:57:30.515+0000] {dag.py:3954} INFO - Setting next_dagrun for example_subdag_operator.section-1 to None, run_after=None
[2024-05-30T06:57:30.516+0000] {logging_mixin.py:188} INFO - [2024-05-30T06:57:30.516+0000] {dag.py:3954} INFO - Setting next_dagrun for example_subdag_operator.section-2 to None, run_after=None
[2024-05-30T06:57:30.527+0000] {processor.py:183} INFO - Processing /home/airflow/.local/lib/python3.12/site-packages/airflow/example_dags/example_subdag_operator.py took 0.093 seconds
[2024-05-30T06:58:00.950+0000] {processor.py:161} INFO - Started process (PID=2045) to work on /home/airflow/.local/lib/python3.12/site-packages/airflow/example_dags/example_subdag_operator.py
[2024-05-30T06:58:00.951+0000] {processor.py:830} INFO - Processing file /home/airflow/.local/lib/python3.12/site-packages/airflow/example_dags/example_subdag_operator.py for tasks to queue
[2024-05-30T06:58:00.952+0000] {logging_mixin.py:188} INFO - [2024-05-30T06:58:00.952+0000] {dagbag.py:545} INFO - Filling up the DagBag from /home/airflow/.local/lib/python3.12/site-packages/airflow/example_dags/example_subdag_operator.py
[2024-05-30T06:58:00.973+0000] {processor.py:840} INFO - DAG(s) 'example_subdag_operator.section-1', 'example_subdag_operator.section-2', 'example_subdag_operator' retrieved from /home/airflow/.local/lib/python3.12/site-packages/airflow/example_dags/example_subdag_operator.py
[2024-05-30T06:58:00.988+0000] {logging_mixin.py:188} INFO - [2024-05-30T06:58:00.988+0000] {dag.py:3096} INFO - Sync 3 DAGs
[2024-05-30T06:58:01.009+0000] {logging_mixin.py:188} INFO - [2024-05-30T06:58:01.009+0000] {dag.py:3954} INFO - Setting next_dagrun for example_subdag_operator to 2022-01-01 00:00:00+00:00, run_after=2022-01-01 00:00:00+00:00
[2024-05-30T06:58:01.013+0000] {logging_mixin.py:188} INFO - [2024-05-30T06:58:01.013+0000] {dag.py:3954} INFO - Setting next_dagrun for example_subdag_operator.section-1 to None, run_after=None
[2024-05-30T06:58:01.014+0000] {logging_mixin.py:188} INFO - [2024-05-30T06:58:01.014+0000] {dag.py:3954} INFO - Setting next_dagrun for example_subdag_operator.section-2 to None, run_after=None
[2024-05-30T06:58:01.021+0000] {logging_mixin.py:188} INFO - [2024-05-30T06:58:01.021+0000] {dag.py:3096} INFO - Sync 2 DAGs
[2024-05-30T06:58:01.026+0000] {logging_mixin.py:188} INFO - [2024-05-30T06:58:01.026+0000] {dag.py:3954} INFO - Setting next_dagrun for example_subdag_operator.section-1 to None, run_after=None
[2024-05-30T06:58:01.027+0000] {logging_mixin.py:188} INFO - [2024-05-30T06:58:01.026+0000] {dag.py:3954} INFO - Setting next_dagrun for example_subdag_operator.section-2 to None, run_after=None
[2024-05-30T06:58:01.038+0000] {processor.py:183} INFO - Processing /home/airflow/.local/lib/python3.12/site-packages/airflow/example_dags/example_subdag_operator.py took 0.093 seconds
[2024-05-30T06:58:31.694+0000] {processor.py:161} INFO - Started process (PID=2103) to work on /home/airflow/.local/lib/python3.12/site-packages/airflow/example_dags/example_subdag_operator.py
[2024-05-30T06:58:31.695+0000] {processor.py:830} INFO - Processing file /home/airflow/.local/lib/python3.12/site-packages/airflow/example_dags/example_subdag_operator.py for tasks to queue
[2024-05-30T06:58:31.697+0000] {logging_mixin.py:188} INFO - [2024-05-30T06:58:31.696+0000] {dagbag.py:545} INFO - Filling up the DagBag from /home/airflow/.local/lib/python3.12/site-packages/airflow/example_dags/example_subdag_operator.py
[2024-05-30T06:58:31.719+0000] {processor.py:840} INFO - DAG(s) 'example_subdag_operator.section-1', 'example_subdag_operator.section-2', 'example_subdag_operator' retrieved from /home/airflow/.local/lib/python3.12/site-packages/airflow/example_dags/example_subdag_operator.py
[2024-05-30T06:58:31.735+0000] {logging_mixin.py:188} INFO - [2024-05-30T06:58:31.735+0000] {dag.py:3096} INFO - Sync 3 DAGs
[2024-05-30T06:58:31.761+0000] {logging_mixin.py:188} INFO - [2024-05-30T06:58:31.761+0000] {dag.py:3954} INFO - Setting next_dagrun for example_subdag_operator to 2022-01-01 00:00:00+00:00, run_after=2022-01-01 00:00:00+00:00
[2024-05-30T06:58:31.765+0000] {logging_mixin.py:188} INFO - [2024-05-30T06:58:31.764+0000] {dag.py:3954} INFO - Setting next_dagrun for example_subdag_operator.section-1 to None, run_after=None
[2024-05-30T06:58:31.766+0000] {logging_mixin.py:188} INFO - [2024-05-30T06:58:31.766+0000] {dag.py:3954} INFO - Setting next_dagrun for example_subdag_operator.section-2 to None, run_after=None
[2024-05-30T06:58:31.772+0000] {logging_mixin.py:188} INFO - [2024-05-30T06:58:31.772+0000] {dag.py:3096} INFO - Sync 2 DAGs
[2024-05-30T06:58:31.777+0000] {logging_mixin.py:188} INFO - [2024-05-30T06:58:31.777+0000] {dag.py:3954} INFO - Setting next_dagrun for example_subdag_operator.section-1 to None, run_after=None
[2024-05-30T06:58:31.778+0000] {logging_mixin.py:188} INFO - [2024-05-30T06:58:31.778+0000] {dag.py:3954} INFO - Setting next_dagrun for example_subdag_operator.section-2 to None, run_after=None
[2024-05-30T06:58:31.789+0000] {processor.py:183} INFO - Processing /home/airflow/.local/lib/python3.12/site-packages/airflow/example_dags/example_subdag_operator.py took 0.101 seconds
[2024-05-30T06:59:02.256+0000] {processor.py:161} INFO - Started process (PID=2161) to work on /home/airflow/.local/lib/python3.12/site-packages/airflow/example_dags/example_subdag_operator.py
[2024-05-30T06:59:02.257+0000] {processor.py:830} INFO - Processing file /home/airflow/.local/lib/python3.12/site-packages/airflow/example_dags/example_subdag_operator.py for tasks to queue
[2024-05-30T06:59:02.259+0000] {logging_mixin.py:188} INFO - [2024-05-30T06:59:02.259+0000] {dagbag.py:545} INFO - Filling up the DagBag from /home/airflow/.local/lib/python3.12/site-packages/airflow/example_dags/example_subdag_operator.py
[2024-05-30T06:59:02.279+0000] {processor.py:840} INFO - DAG(s) 'example_subdag_operator.section-1', 'example_subdag_operator.section-2', 'example_subdag_operator' retrieved from /home/airflow/.local/lib/python3.12/site-packages/airflow/example_dags/example_subdag_operator.py
[2024-05-30T06:59:02.294+0000] {logging_mixin.py:188} INFO - [2024-05-30T06:59:02.294+0000] {dag.py:3096} INFO - Sync 3 DAGs
[2024-05-30T06:59:02.317+0000] {logging_mixin.py:188} INFO - [2024-05-30T06:59:02.316+0000] {dag.py:3954} INFO - Setting next_dagrun for example_subdag_operator to 2022-01-01 00:00:00+00:00, run_after=2022-01-01 00:00:00+00:00
[2024-05-30T06:59:02.321+0000] {logging_mixin.py:188} INFO - [2024-05-30T06:59:02.321+0000] {dag.py:3954} INFO - Setting next_dagrun for example_subdag_operator.section-1 to None, run_after=None
[2024-05-30T06:59:02.323+0000] {logging_mixin.py:188} INFO - [2024-05-30T06:59:02.323+0000] {dag.py:3954} INFO - Setting next_dagrun for example_subdag_operator.section-2 to None, run_after=None
[2024-05-30T06:59:02.329+0000] {logging_mixin.py:188} INFO - [2024-05-30T06:59:02.329+0000] {dag.py:3096} INFO - Sync 2 DAGs
[2024-05-30T06:59:02.334+0000] {logging_mixin.py:188} INFO - [2024-05-30T06:59:02.334+0000] {dag.py:3954} INFO - Setting next_dagrun for example_subdag_operator.section-1 to None, run_after=None
[2024-05-30T06:59:02.335+0000] {logging_mixin.py:188} INFO - [2024-05-30T06:59:02.335+0000] {dag.py:3954} INFO - Setting next_dagrun for example_subdag_operator.section-2 to None, run_after=None
[2024-05-30T06:59:02.346+0000] {processor.py:183} INFO - Processing /home/airflow/.local/lib/python3.12/site-packages/airflow/example_dags/example_subdag_operator.py took 0.095 seconds
[2024-05-30T06:59:32.691+0000] {processor.py:161} INFO - Started process (PID=2219) to work on /home/airflow/.local/lib/python3.12/site-packages/airflow/example_dags/example_subdag_operator.py
[2024-05-30T06:59:32.692+0000] {processor.py:830} INFO - Processing file /home/airflow/.local/lib/python3.12/site-packages/airflow/example_dags/example_subdag_operator.py for tasks to queue
[2024-05-30T06:59:32.693+0000] {logging_mixin.py:188} INFO - [2024-05-30T06:59:32.693+0000] {dagbag.py:545} INFO - Filling up the DagBag from /home/airflow/.local/lib/python3.12/site-packages/airflow/example_dags/example_subdag_operator.py
[2024-05-30T06:59:32.714+0000] {processor.py:840} INFO - DAG(s) 'example_subdag_operator.section-1', 'example_subdag_operator.section-2', 'example_subdag_operator' retrieved from /home/airflow/.local/lib/python3.12/site-packages/airflow/example_dags/example_subdag_operator.py
[2024-05-30T06:59:32.729+0000] {logging_mixin.py:188} INFO - [2024-05-30T06:59:32.728+0000] {dag.py:3096} INFO - Sync 3 DAGs
[2024-05-30T06:59:32.749+0000] {logging_mixin.py:188} INFO - [2024-05-30T06:59:32.749+0000] {dag.py:3954} INFO - Setting next_dagrun for example_subdag_operator to 2022-01-01 00:00:00+00:00, run_after=2022-01-01 00:00:00+00:00
[2024-05-30T06:59:32.753+0000] {logging_mixin.py:188} INFO - [2024-05-30T06:59:32.753+0000] {dag.py:3954} INFO - Setting next_dagrun for example_subdag_operator.section-1 to None, run_after=None
[2024-05-30T06:59:32.754+0000] {logging_mixin.py:188} INFO - [2024-05-30T06:59:32.754+0000] {dag.py:3954} INFO - Setting next_dagrun for example_subdag_operator.section-2 to None, run_after=None
[2024-05-30T06:59:32.761+0000] {logging_mixin.py:188} INFO - [2024-05-30T06:59:32.761+0000] {dag.py:3096} INFO - Sync 2 DAGs
[2024-05-30T06:59:32.766+0000] {logging_mixin.py:188} INFO - [2024-05-30T06:59:32.766+0000] {dag.py:3954} INFO - Setting next_dagrun for example_subdag_operator.section-1 to None, run_after=None
[2024-05-30T06:59:32.766+0000] {logging_mixin.py:188} INFO - [2024-05-30T06:59:32.766+0000] {dag.py:3954} INFO - Setting next_dagrun for example_subdag_operator.section-2 to None, run_after=None
[2024-05-30T06:59:32.777+0000] {processor.py:183} INFO - Processing /home/airflow/.local/lib/python3.12/site-packages/airflow/example_dags/example_subdag_operator.py took 0.092 seconds
[2024-05-30T07:00:03.207+0000] {processor.py:161} INFO - Started process (PID=2277) to work on /home/airflow/.local/lib/python3.12/site-packages/airflow/example_dags/example_subdag_operator.py
[2024-05-30T07:00:03.208+0000] {processor.py:830} INFO - Processing file /home/airflow/.local/lib/python3.12/site-packages/airflow/example_dags/example_subdag_operator.py for tasks to queue
[2024-05-30T07:00:03.210+0000] {logging_mixin.py:188} INFO - [2024-05-30T07:00:03.210+0000] {dagbag.py:545} INFO - Filling up the DagBag from /home/airflow/.local/lib/python3.12/site-packages/airflow/example_dags/example_subdag_operator.py
[2024-05-30T07:00:03.240+0000] {processor.py:840} INFO - DAG(s) 'example_subdag_operator.section-1', 'example_subdag_operator.section-2', 'example_subdag_operator' retrieved from /home/airflow/.local/lib/python3.12/site-packages/airflow/example_dags/example_subdag_operator.py
[2024-05-30T07:00:03.257+0000] {logging_mixin.py:188} INFO - [2024-05-30T07:00:03.257+0000] {dag.py:3096} INFO - Sync 3 DAGs
[2024-05-30T07:00:03.279+0000] {logging_mixin.py:188} INFO - [2024-05-30T07:00:03.278+0000] {dag.py:3954} INFO - Setting next_dagrun for example_subdag_operator to 2022-01-01 00:00:00+00:00, run_after=2022-01-01 00:00:00+00:00
[2024-05-30T07:00:03.282+0000] {logging_mixin.py:188} INFO - [2024-05-30T07:00:03.282+0000] {dag.py:3954} INFO - Setting next_dagrun for example_subdag_operator.section-1 to None, run_after=None
[2024-05-30T07:00:03.284+0000] {logging_mixin.py:188} INFO - [2024-05-30T07:00:03.283+0000] {dag.py:3954} INFO - Setting next_dagrun for example_subdag_operator.section-2 to None, run_after=None
[2024-05-30T07:00:03.290+0000] {logging_mixin.py:188} INFO - [2024-05-30T07:00:03.290+0000] {dag.py:3096} INFO - Sync 2 DAGs
[2024-05-30T07:00:03.296+0000] {logging_mixin.py:188} INFO - [2024-05-30T07:00:03.296+0000] {dag.py:3954} INFO - Setting next_dagrun for example_subdag_operator.section-1 to None, run_after=None
[2024-05-30T07:00:03.297+0000] {logging_mixin.py:188} INFO - [2024-05-30T07:00:03.296+0000] {dag.py:3954} INFO - Setting next_dagrun for example_subdag_operator.section-2 to None, run_after=None
[2024-05-30T07:00:03.308+0000] {processor.py:183} INFO - Processing /home/airflow/.local/lib/python3.12/site-packages/airflow/example_dags/example_subdag_operator.py took 0.107 seconds
[2024-05-30T07:00:33.827+0000] {processor.py:161} INFO - Started process (PID=2335) to work on /home/airflow/.local/lib/python3.12/site-packages/airflow/example_dags/example_subdag_operator.py
[2024-05-30T07:00:33.828+0000] {processor.py:830} INFO - Processing file /home/airflow/.local/lib/python3.12/site-packages/airflow/example_dags/example_subdag_operator.py for tasks to queue
[2024-05-30T07:00:33.830+0000] {logging_mixin.py:188} INFO - [2024-05-30T07:00:33.830+0000] {dagbag.py:545} INFO - Filling up the DagBag from /home/airflow/.local/lib/python3.12/site-packages/airflow/example_dags/example_subdag_operator.py
[2024-05-30T07:00:33.855+0000] {processor.py:840} INFO - DAG(s) 'example_subdag_operator.section-1', 'example_subdag_operator.section-2', 'example_subdag_operator' retrieved from /home/airflow/.local/lib/python3.12/site-packages/airflow/example_dags/example_subdag_operator.py
[2024-05-30T07:00:33.871+0000] {logging_mixin.py:188} INFO - [2024-05-30T07:00:33.871+0000] {dag.py:3096} INFO - Sync 3 DAGs
[2024-05-30T07:00:33.892+0000] {logging_mixin.py:188} INFO - [2024-05-30T07:00:33.892+0000] {dag.py:3954} INFO - Setting next_dagrun for example_subdag_operator to 2022-01-01 00:00:00+00:00, run_after=2022-01-01 00:00:00+00:00
[2024-05-30T07:00:33.896+0000] {logging_mixin.py:188} INFO - [2024-05-30T07:00:33.896+0000] {dag.py:3954} INFO - Setting next_dagrun for example_subdag_operator.section-1 to None, run_after=None
[2024-05-30T07:00:33.897+0000] {logging_mixin.py:188} INFO - [2024-05-30T07:00:33.897+0000] {dag.py:3954} INFO - Setting next_dagrun for example_subdag_operator.section-2 to None, run_after=None
[2024-05-30T07:00:33.904+0000] {logging_mixin.py:188} INFO - [2024-05-30T07:00:33.903+0000] {dag.py:3096} INFO - Sync 2 DAGs
[2024-05-30T07:00:33.909+0000] {logging_mixin.py:188} INFO - [2024-05-30T07:00:33.908+0000] {dag.py:3954} INFO - Setting next_dagrun for example_subdag_operator.section-1 to None, run_after=None
[2024-05-30T07:00:33.909+0000] {logging_mixin.py:188} INFO - [2024-05-30T07:00:33.909+0000] {dag.py:3954} INFO - Setting next_dagrun for example_subdag_operator.section-2 to None, run_after=None
[2024-05-30T07:00:33.920+0000] {processor.py:183} INFO - Processing /home/airflow/.local/lib/python3.12/site-packages/airflow/example_dags/example_subdag_operator.py took 0.098 seconds
[2024-05-30T07:01:04.347+0000] {processor.py:161} INFO - Started process (PID=2393) to work on /home/airflow/.local/lib/python3.12/site-packages/airflow/example_dags/example_subdag_operator.py
[2024-05-30T07:01:04.348+0000] {processor.py:830} INFO - Processing file /home/airflow/.local/lib/python3.12/site-packages/airflow/example_dags/example_subdag_operator.py for tasks to queue
[2024-05-30T07:01:04.350+0000] {logging_mixin.py:188} INFO - [2024-05-30T07:01:04.350+0000] {dagbag.py:545} INFO - Filling up the DagBag from /home/airflow/.local/lib/python3.12/site-packages/airflow/example_dags/example_subdag_operator.py
[2024-05-30T07:01:04.370+0000] {processor.py:840} INFO - DAG(s) 'example_subdag_operator.section-1', 'example_subdag_operator.section-2', 'example_subdag_operator' retrieved from /home/airflow/.local/lib/python3.12/site-packages/airflow/example_dags/example_subdag_operator.py
[2024-05-30T07:01:04.385+0000] {logging_mixin.py:188} INFO - [2024-05-30T07:01:04.385+0000] {dag.py:3096} INFO - Sync 3 DAGs
[2024-05-30T07:01:04.406+0000] {logging_mixin.py:188} INFO - [2024-05-30T07:01:04.405+0000] {dag.py:3954} INFO - Setting next_dagrun for example_subdag_operator to 2022-01-01 00:00:00+00:00, run_after=2022-01-01 00:00:00+00:00
[2024-05-30T07:01:04.409+0000] {logging_mixin.py:188} INFO - [2024-05-30T07:01:04.409+0000] {dag.py:3954} INFO - Setting next_dagrun for example_subdag_operator.section-1 to None, run_after=None
[2024-05-30T07:01:04.411+0000] {logging_mixin.py:188} INFO - [2024-05-30T07:01:04.411+0000] {dag.py:3954} INFO - Setting next_dagrun for example_subdag_operator.section-2 to None, run_after=None
[2024-05-30T07:01:04.417+0000] {logging_mixin.py:188} INFO - [2024-05-30T07:01:04.417+0000] {dag.py:3096} INFO - Sync 2 DAGs
[2024-05-30T07:01:04.422+0000] {logging_mixin.py:188} INFO - [2024-05-30T07:01:04.422+0000] {dag.py:3954} INFO - Setting next_dagrun for example_subdag_operator.section-1 to None, run_after=None
[2024-05-30T07:01:04.423+0000] {logging_mixin.py:188} INFO - [2024-05-30T07:01:04.423+0000] {dag.py:3954} INFO - Setting next_dagrun for example_subdag_operator.section-2 to None, run_after=None
[2024-05-30T07:01:04.433+0000] {processor.py:183} INFO - Processing /home/airflow/.local/lib/python3.12/site-packages/airflow/example_dags/example_subdag_operator.py took 0.091 seconds
