[2024-05-30T06:40:40.010+0000] {processor.py:161} INFO - Started process (PID=55) to work on /home/airflow/.local/lib/python3.12/site-packages/airflow/example_dags/example_latest_only.py
[2024-05-30T06:40:40.011+0000] {processor.py:830} INFO - Processing file /home/airflow/.local/lib/python3.12/site-packages/airflow/example_dags/example_latest_only.py for tasks to queue
[2024-05-30T06:40:40.013+0000] {logging_mixin.py:188} INFO - [2024-05-30T06:40:40.012+0000] {dagbag.py:545} INFO - Filling up the DagBag from /home/airflow/.local/lib/python3.12/site-packages/airflow/example_dags/example_latest_only.py
[2024-05-30T06:40:40.019+0000] {processor.py:840} INFO - DAG(s) 'latest_only' retrieved from /home/airflow/.local/lib/python3.12/site-packages/airflow/example_dags/example_latest_only.py
[2024-05-30T06:40:40.038+0000] {logging_mixin.py:188} INFO - [2024-05-30T06:40:40.038+0000] {dag.py:3096} INFO - Sync 1 DAGs
[2024-05-30T06:40:40.059+0000] {logging_mixin.py:188} INFO - [2024-05-30T06:40:40.059+0000] {dag.py:3954} INFO - Setting next_dagrun for latest_only to 2024-05-30 00:00:00+00:00, run_after=2024-05-30 04:00:00+00:00
[2024-05-30T06:40:40.077+0000] {processor.py:183} INFO - Processing /home/airflow/.local/lib/python3.12/site-packages/airflow/example_dags/example_latest_only.py took 0.073 seconds
[2024-05-30T06:41:11.908+0000] {processor.py:161} INFO - Started process (PID=113) to work on /home/airflow/.local/lib/python3.12/site-packages/airflow/example_dags/example_latest_only.py
[2024-05-30T06:41:11.909+0000] {processor.py:830} INFO - Processing file /home/airflow/.local/lib/python3.12/site-packages/airflow/example_dags/example_latest_only.py for tasks to queue
[2024-05-30T06:41:11.911+0000] {logging_mixin.py:188} INFO - [2024-05-30T06:41:11.911+0000] {dagbag.py:545} INFO - Filling up the DagBag from /home/airflow/.local/lib/python3.12/site-packages/airflow/example_dags/example_latest_only.py
[2024-05-30T06:41:11.919+0000] {processor.py:840} INFO - DAG(s) 'latest_only' retrieved from /home/airflow/.local/lib/python3.12/site-packages/airflow/example_dags/example_latest_only.py
[2024-05-30T06:41:12.048+0000] {logging_mixin.py:188} INFO - [2024-05-30T06:41:12.048+0000] {dag.py:3096} INFO - Sync 1 DAGs
[2024-05-30T06:41:12.074+0000] {logging_mixin.py:188} INFO - [2024-05-30T06:41:12.074+0000] {dag.py:3954} INFO - Setting next_dagrun for latest_only to 2024-05-30 00:00:00+00:00, run_after=2024-05-30 04:00:00+00:00
[2024-05-30T06:41:12.099+0000] {processor.py:183} INFO - Processing /home/airflow/.local/lib/python3.12/site-packages/airflow/example_dags/example_latest_only.py took 0.198 seconds
[2024-05-30T06:41:42.475+0000] {processor.py:161} INFO - Started process (PID=171) to work on /home/airflow/.local/lib/python3.12/site-packages/airflow/example_dags/example_latest_only.py
[2024-05-30T06:41:42.476+0000] {processor.py:830} INFO - Processing file /home/airflow/.local/lib/python3.12/site-packages/airflow/example_dags/example_latest_only.py for tasks to queue
[2024-05-30T06:41:42.477+0000] {logging_mixin.py:188} INFO - [2024-05-30T06:41:42.477+0000] {dagbag.py:545} INFO - Filling up the DagBag from /home/airflow/.local/lib/python3.12/site-packages/airflow/example_dags/example_latest_only.py
[2024-05-30T06:41:42.481+0000] {processor.py:840} INFO - DAG(s) 'latest_only' retrieved from /home/airflow/.local/lib/python3.12/site-packages/airflow/example_dags/example_latest_only.py
[2024-05-30T06:41:42.499+0000] {logging_mixin.py:188} INFO - [2024-05-30T06:41:42.499+0000] {dag.py:3096} INFO - Sync 1 DAGs
[2024-05-30T06:41:42.520+0000] {logging_mixin.py:188} INFO - [2024-05-30T06:41:42.520+0000] {dag.py:3954} INFO - Setting next_dagrun for latest_only to 2024-05-30 00:00:00+00:00, run_after=2024-05-30 04:00:00+00:00
[2024-05-30T06:41:42.538+0000] {processor.py:183} INFO - Processing /home/airflow/.local/lib/python3.12/site-packages/airflow/example_dags/example_latest_only.py took 0.068 seconds
[2024-05-30T06:42:13.178+0000] {processor.py:161} INFO - Started process (PID=229) to work on /home/airflow/.local/lib/python3.12/site-packages/airflow/example_dags/example_latest_only.py
[2024-05-30T06:42:13.179+0000] {processor.py:830} INFO - Processing file /home/airflow/.local/lib/python3.12/site-packages/airflow/example_dags/example_latest_only.py for tasks to queue
[2024-05-30T06:42:13.181+0000] {logging_mixin.py:188} INFO - [2024-05-30T06:42:13.180+0000] {dagbag.py:545} INFO - Filling up the DagBag from /home/airflow/.local/lib/python3.12/site-packages/airflow/example_dags/example_latest_only.py
[2024-05-30T06:42:13.185+0000] {processor.py:840} INFO - DAG(s) 'latest_only' retrieved from /home/airflow/.local/lib/python3.12/site-packages/airflow/example_dags/example_latest_only.py
[2024-05-30T06:42:13.202+0000] {logging_mixin.py:188} INFO - [2024-05-30T06:42:13.202+0000] {dag.py:3096} INFO - Sync 1 DAGs
[2024-05-30T06:42:13.223+0000] {logging_mixin.py:188} INFO - [2024-05-30T06:42:13.223+0000] {dag.py:3954} INFO - Setting next_dagrun for latest_only to 2024-05-30 00:00:00+00:00, run_after=2024-05-30 04:00:00+00:00
[2024-05-30T06:42:13.240+0000] {processor.py:183} INFO - Processing /home/airflow/.local/lib/python3.12/site-packages/airflow/example_dags/example_latest_only.py took 0.067 seconds
[2024-05-30T06:42:43.436+0000] {processor.py:161} INFO - Started process (PID=287) to work on /home/airflow/.local/lib/python3.12/site-packages/airflow/example_dags/example_latest_only.py
[2024-05-30T06:42:43.436+0000] {processor.py:830} INFO - Processing file /home/airflow/.local/lib/python3.12/site-packages/airflow/example_dags/example_latest_only.py for tasks to queue
[2024-05-30T06:42:43.438+0000] {logging_mixin.py:188} INFO - [2024-05-30T06:42:43.438+0000] {dagbag.py:545} INFO - Filling up the DagBag from /home/airflow/.local/lib/python3.12/site-packages/airflow/example_dags/example_latest_only.py
[2024-05-30T06:42:43.443+0000] {processor.py:840} INFO - DAG(s) 'latest_only' retrieved from /home/airflow/.local/lib/python3.12/site-packages/airflow/example_dags/example_latest_only.py
[2024-05-30T06:42:43.462+0000] {logging_mixin.py:188} INFO - [2024-05-30T06:42:43.461+0000] {dag.py:3096} INFO - Sync 1 DAGs
[2024-05-30T06:42:43.489+0000] {logging_mixin.py:188} INFO - [2024-05-30T06:42:43.488+0000] {dag.py:3954} INFO - Setting next_dagrun for latest_only to 2024-05-30 00:00:00+00:00, run_after=2024-05-30 04:00:00+00:00
[2024-05-30T06:42:43.510+0000] {processor.py:183} INFO - Processing /home/airflow/.local/lib/python3.12/site-packages/airflow/example_dags/example_latest_only.py took 0.080 seconds
[2024-05-30T06:43:13.540+0000] {processor.py:161} INFO - Started process (PID=344) to work on /home/airflow/.local/lib/python3.12/site-packages/airflow/example_dags/example_latest_only.py
[2024-05-30T06:43:13.541+0000] {processor.py:830} INFO - Processing file /home/airflow/.local/lib/python3.12/site-packages/airflow/example_dags/example_latest_only.py for tasks to queue
[2024-05-30T06:43:13.543+0000] {logging_mixin.py:188} INFO - [2024-05-30T06:43:13.542+0000] {dagbag.py:545} INFO - Filling up the DagBag from /home/airflow/.local/lib/python3.12/site-packages/airflow/example_dags/example_latest_only.py
[2024-05-30T06:43:13.547+0000] {processor.py:840} INFO - DAG(s) 'latest_only' retrieved from /home/airflow/.local/lib/python3.12/site-packages/airflow/example_dags/example_latest_only.py
[2024-05-30T06:43:13.565+0000] {logging_mixin.py:188} INFO - [2024-05-30T06:43:13.565+0000] {dag.py:3096} INFO - Sync 1 DAGs
[2024-05-30T06:43:13.588+0000] {logging_mixin.py:188} INFO - [2024-05-30T06:43:13.588+0000] {dag.py:3954} INFO - Setting next_dagrun for latest_only to 2024-05-30 00:00:00+00:00, run_after=2024-05-30 04:00:00+00:00
[2024-05-30T06:43:13.604+0000] {processor.py:183} INFO - Processing /home/airflow/.local/lib/python3.12/site-packages/airflow/example_dags/example_latest_only.py took 0.070 seconds
[2024-05-30T06:43:43.905+0000] {processor.py:161} INFO - Started process (PID=403) to work on /home/airflow/.local/lib/python3.12/site-packages/airflow/example_dags/example_latest_only.py
[2024-05-30T06:43:43.906+0000] {processor.py:830} INFO - Processing file /home/airflow/.local/lib/python3.12/site-packages/airflow/example_dags/example_latest_only.py for tasks to queue
[2024-05-30T06:43:43.908+0000] {logging_mixin.py:188} INFO - [2024-05-30T06:43:43.907+0000] {dagbag.py:545} INFO - Filling up the DagBag from /home/airflow/.local/lib/python3.12/site-packages/airflow/example_dags/example_latest_only.py
[2024-05-30T06:43:43.912+0000] {processor.py:840} INFO - DAG(s) 'latest_only' retrieved from /home/airflow/.local/lib/python3.12/site-packages/airflow/example_dags/example_latest_only.py
[2024-05-30T06:43:43.928+0000] {logging_mixin.py:188} INFO - [2024-05-30T06:43:43.928+0000] {dag.py:3096} INFO - Sync 1 DAGs
[2024-05-30T06:43:43.951+0000] {logging_mixin.py:188} INFO - [2024-05-30T06:43:43.951+0000] {dag.py:3954} INFO - Setting next_dagrun for latest_only to 2024-05-30 00:00:00+00:00, run_after=2024-05-30 04:00:00+00:00
[2024-05-30T06:43:43.968+0000] {processor.py:183} INFO - Processing /home/airflow/.local/lib/python3.12/site-packages/airflow/example_dags/example_latest_only.py took 0.068 seconds
[2024-05-30T06:44:14.729+0000] {processor.py:161} INFO - Started process (PID=461) to work on /home/airflow/.local/lib/python3.12/site-packages/airflow/example_dags/example_latest_only.py
[2024-05-30T06:44:14.730+0000] {processor.py:830} INFO - Processing file /home/airflow/.local/lib/python3.12/site-packages/airflow/example_dags/example_latest_only.py for tasks to queue
[2024-05-30T06:44:14.731+0000] {logging_mixin.py:188} INFO - [2024-05-30T06:44:14.731+0000] {dagbag.py:545} INFO - Filling up the DagBag from /home/airflow/.local/lib/python3.12/site-packages/airflow/example_dags/example_latest_only.py
[2024-05-30T06:44:14.735+0000] {processor.py:840} INFO - DAG(s) 'latest_only' retrieved from /home/airflow/.local/lib/python3.12/site-packages/airflow/example_dags/example_latest_only.py
[2024-05-30T06:44:14.752+0000] {logging_mixin.py:188} INFO - [2024-05-30T06:44:14.752+0000] {dag.py:3096} INFO - Sync 1 DAGs
[2024-05-30T06:44:14.773+0000] {logging_mixin.py:188} INFO - [2024-05-30T06:44:14.772+0000] {dag.py:3954} INFO - Setting next_dagrun for latest_only to 2024-05-30 00:00:00+00:00, run_after=2024-05-30 04:00:00+00:00
[2024-05-30T06:44:14.790+0000] {processor.py:183} INFO - Processing /home/airflow/.local/lib/python3.12/site-packages/airflow/example_dags/example_latest_only.py took 0.066 seconds
[2024-05-30T06:44:44.871+0000] {processor.py:161} INFO - Started process (PID=519) to work on /home/airflow/.local/lib/python3.12/site-packages/airflow/example_dags/example_latest_only.py
[2024-05-30T06:44:44.872+0000] {processor.py:830} INFO - Processing file /home/airflow/.local/lib/python3.12/site-packages/airflow/example_dags/example_latest_only.py for tasks to queue
[2024-05-30T06:44:44.874+0000] {logging_mixin.py:188} INFO - [2024-05-30T06:44:44.873+0000] {dagbag.py:545} INFO - Filling up the DagBag from /home/airflow/.local/lib/python3.12/site-packages/airflow/example_dags/example_latest_only.py
[2024-05-30T06:44:44.878+0000] {processor.py:840} INFO - DAG(s) 'latest_only' retrieved from /home/airflow/.local/lib/python3.12/site-packages/airflow/example_dags/example_latest_only.py
[2024-05-30T06:44:44.896+0000] {logging_mixin.py:188} INFO - [2024-05-30T06:44:44.895+0000] {dag.py:3096} INFO - Sync 1 DAGs
[2024-05-30T06:44:44.917+0000] {logging_mixin.py:188} INFO - [2024-05-30T06:44:44.916+0000] {dag.py:3954} INFO - Setting next_dagrun for latest_only to 2024-05-30 00:00:00+00:00, run_after=2024-05-30 04:00:00+00:00
[2024-05-30T06:44:44.935+0000] {processor.py:183} INFO - Processing /home/airflow/.local/lib/python3.12/site-packages/airflow/example_dags/example_latest_only.py took 0.070 seconds
[2024-05-30T06:45:15.214+0000] {processor.py:161} INFO - Started process (PID=577) to work on /home/airflow/.local/lib/python3.12/site-packages/airflow/example_dags/example_latest_only.py
[2024-05-30T06:45:15.215+0000] {processor.py:830} INFO - Processing file /home/airflow/.local/lib/python3.12/site-packages/airflow/example_dags/example_latest_only.py for tasks to queue
[2024-05-30T06:45:15.216+0000] {logging_mixin.py:188} INFO - [2024-05-30T06:45:15.216+0000] {dagbag.py:545} INFO - Filling up the DagBag from /home/airflow/.local/lib/python3.12/site-packages/airflow/example_dags/example_latest_only.py
[2024-05-30T06:45:15.221+0000] {processor.py:840} INFO - DAG(s) 'latest_only' retrieved from /home/airflow/.local/lib/python3.12/site-packages/airflow/example_dags/example_latest_only.py
[2024-05-30T06:45:15.240+0000] {logging_mixin.py:188} INFO - [2024-05-30T06:45:15.239+0000] {dag.py:3096} INFO - Sync 1 DAGs
[2024-05-30T06:45:15.261+0000] {logging_mixin.py:188} INFO - [2024-05-30T06:45:15.261+0000] {dag.py:3954} INFO - Setting next_dagrun for latest_only to 2024-05-30 00:00:00+00:00, run_after=2024-05-30 04:00:00+00:00
[2024-05-30T06:45:15.280+0000] {processor.py:183} INFO - Processing /home/airflow/.local/lib/python3.12/site-packages/airflow/example_dags/example_latest_only.py took 0.072 seconds
[2024-05-30T06:45:45.478+0000] {processor.py:161} INFO - Started process (PID=635) to work on /home/airflow/.local/lib/python3.12/site-packages/airflow/example_dags/example_latest_only.py
[2024-05-30T06:45:45.479+0000] {processor.py:830} INFO - Processing file /home/airflow/.local/lib/python3.12/site-packages/airflow/example_dags/example_latest_only.py for tasks to queue
[2024-05-30T06:45:45.480+0000] {logging_mixin.py:188} INFO - [2024-05-30T06:45:45.480+0000] {dagbag.py:545} INFO - Filling up the DagBag from /home/airflow/.local/lib/python3.12/site-packages/airflow/example_dags/example_latest_only.py
[2024-05-30T06:45:45.485+0000] {processor.py:840} INFO - DAG(s) 'latest_only' retrieved from /home/airflow/.local/lib/python3.12/site-packages/airflow/example_dags/example_latest_only.py
[2024-05-30T06:45:45.503+0000] {logging_mixin.py:188} INFO - [2024-05-30T06:45:45.503+0000] {dag.py:3096} INFO - Sync 1 DAGs
[2024-05-30T06:45:45.524+0000] {logging_mixin.py:188} INFO - [2024-05-30T06:45:45.524+0000] {dag.py:3954} INFO - Setting next_dagrun for latest_only to 2024-05-30 00:00:00+00:00, run_after=2024-05-30 04:00:00+00:00
[2024-05-30T06:45:45.542+0000] {processor.py:183} INFO - Processing /home/airflow/.local/lib/python3.12/site-packages/airflow/example_dags/example_latest_only.py took 0.070 seconds
[2024-05-30T06:46:15.644+0000] {processor.py:161} INFO - Started process (PID=693) to work on /home/airflow/.local/lib/python3.12/site-packages/airflow/example_dags/example_latest_only.py
[2024-05-30T06:46:15.646+0000] {processor.py:830} INFO - Processing file /home/airflow/.local/lib/python3.12/site-packages/airflow/example_dags/example_latest_only.py for tasks to queue
[2024-05-30T06:46:15.647+0000] {logging_mixin.py:188} INFO - [2024-05-30T06:46:15.647+0000] {dagbag.py:545} INFO - Filling up the DagBag from /home/airflow/.local/lib/python3.12/site-packages/airflow/example_dags/example_latest_only.py
[2024-05-30T06:46:15.653+0000] {processor.py:840} INFO - DAG(s) 'latest_only' retrieved from /home/airflow/.local/lib/python3.12/site-packages/airflow/example_dags/example_latest_only.py
[2024-05-30T06:46:15.674+0000] {logging_mixin.py:188} INFO - [2024-05-30T06:46:15.674+0000] {dag.py:3096} INFO - Sync 1 DAGs
[2024-05-30T06:46:15.699+0000] {logging_mixin.py:188} INFO - [2024-05-30T06:46:15.699+0000] {dag.py:3954} INFO - Setting next_dagrun for latest_only to 2024-05-30 00:00:00+00:00, run_after=2024-05-30 04:00:00+00:00
[2024-05-30T06:46:15.721+0000] {processor.py:183} INFO - Processing /home/airflow/.local/lib/python3.12/site-packages/airflow/example_dags/example_latest_only.py took 0.082 seconds
[2024-05-30T06:46:46.190+0000] {processor.py:161} INFO - Started process (PID=751) to work on /home/airflow/.local/lib/python3.12/site-packages/airflow/example_dags/example_latest_only.py
[2024-05-30T06:46:46.191+0000] {processor.py:830} INFO - Processing file /home/airflow/.local/lib/python3.12/site-packages/airflow/example_dags/example_latest_only.py for tasks to queue
[2024-05-30T06:46:46.193+0000] {logging_mixin.py:188} INFO - [2024-05-30T06:46:46.193+0000] {dagbag.py:545} INFO - Filling up the DagBag from /home/airflow/.local/lib/python3.12/site-packages/airflow/example_dags/example_latest_only.py
[2024-05-30T06:46:46.199+0000] {processor.py:840} INFO - DAG(s) 'latest_only' retrieved from /home/airflow/.local/lib/python3.12/site-packages/airflow/example_dags/example_latest_only.py
[2024-05-30T06:46:46.217+0000] {logging_mixin.py:188} INFO - [2024-05-30T06:46:46.217+0000] {dag.py:3096} INFO - Sync 1 DAGs
[2024-05-30T06:46:46.240+0000] {logging_mixin.py:188} INFO - [2024-05-30T06:46:46.240+0000] {dag.py:3954} INFO - Setting next_dagrun for latest_only to 2024-05-30 00:00:00+00:00, run_after=2024-05-30 04:00:00+00:00
[2024-05-30T06:46:46.258+0000] {processor.py:183} INFO - Processing /home/airflow/.local/lib/python3.12/site-packages/airflow/example_dags/example_latest_only.py took 0.073 seconds
[2024-05-30T06:47:17.097+0000] {processor.py:161} INFO - Started process (PID=809) to work on /home/airflow/.local/lib/python3.12/site-packages/airflow/example_dags/example_latest_only.py
[2024-05-30T06:47:17.098+0000] {processor.py:830} INFO - Processing file /home/airflow/.local/lib/python3.12/site-packages/airflow/example_dags/example_latest_only.py for tasks to queue
[2024-05-30T06:47:17.100+0000] {logging_mixin.py:188} INFO - [2024-05-30T06:47:17.099+0000] {dagbag.py:545} INFO - Filling up the DagBag from /home/airflow/.local/lib/python3.12/site-packages/airflow/example_dags/example_latest_only.py
[2024-05-30T06:47:17.104+0000] {processor.py:840} INFO - DAG(s) 'latest_only' retrieved from /home/airflow/.local/lib/python3.12/site-packages/airflow/example_dags/example_latest_only.py
[2024-05-30T06:47:17.121+0000] {logging_mixin.py:188} INFO - [2024-05-30T06:47:17.121+0000] {dag.py:3096} INFO - Sync 1 DAGs
[2024-05-30T06:47:17.142+0000] {logging_mixin.py:188} INFO - [2024-05-30T06:47:17.142+0000] {dag.py:3954} INFO - Setting next_dagrun for latest_only to 2024-05-30 00:00:00+00:00, run_after=2024-05-30 04:00:00+00:00
[2024-05-30T06:47:17.161+0000] {processor.py:183} INFO - Processing /home/airflow/.local/lib/python3.12/site-packages/airflow/example_dags/example_latest_only.py took 0.069 seconds
[2024-05-30T06:47:47.265+0000] {processor.py:161} INFO - Started process (PID=867) to work on /home/airflow/.local/lib/python3.12/site-packages/airflow/example_dags/example_latest_only.py
[2024-05-30T06:47:47.266+0000] {processor.py:830} INFO - Processing file /home/airflow/.local/lib/python3.12/site-packages/airflow/example_dags/example_latest_only.py for tasks to queue
[2024-05-30T06:47:47.268+0000] {logging_mixin.py:188} INFO - [2024-05-30T06:47:47.268+0000] {dagbag.py:545} INFO - Filling up the DagBag from /home/airflow/.local/lib/python3.12/site-packages/airflow/example_dags/example_latest_only.py
[2024-05-30T06:47:47.272+0000] {processor.py:840} INFO - DAG(s) 'latest_only' retrieved from /home/airflow/.local/lib/python3.12/site-packages/airflow/example_dags/example_latest_only.py
[2024-05-30T06:47:47.289+0000] {logging_mixin.py:188} INFO - [2024-05-30T06:47:47.289+0000] {dag.py:3096} INFO - Sync 1 DAGs
[2024-05-30T06:47:47.310+0000] {logging_mixin.py:188} INFO - [2024-05-30T06:47:47.310+0000] {dag.py:3954} INFO - Setting next_dagrun for latest_only to 2024-05-30 00:00:00+00:00, run_after=2024-05-30 04:00:00+00:00
[2024-05-30T06:47:47.328+0000] {processor.py:183} INFO - Processing /home/airflow/.local/lib/python3.12/site-packages/airflow/example_dags/example_latest_only.py took 0.068 seconds
[2024-05-30T06:48:17.484+0000] {processor.py:161} INFO - Started process (PID=925) to work on /home/airflow/.local/lib/python3.12/site-packages/airflow/example_dags/example_latest_only.py
[2024-05-30T06:48:17.485+0000] {processor.py:830} INFO - Processing file /home/airflow/.local/lib/python3.12/site-packages/airflow/example_dags/example_latest_only.py for tasks to queue
[2024-05-30T06:48:17.487+0000] {logging_mixin.py:188} INFO - [2024-05-30T06:48:17.487+0000] {dagbag.py:545} INFO - Filling up the DagBag from /home/airflow/.local/lib/python3.12/site-packages/airflow/example_dags/example_latest_only.py
[2024-05-30T06:48:17.491+0000] {processor.py:840} INFO - DAG(s) 'latest_only' retrieved from /home/airflow/.local/lib/python3.12/site-packages/airflow/example_dags/example_latest_only.py
[2024-05-30T06:48:17.507+0000] {logging_mixin.py:188} INFO - [2024-05-30T06:48:17.507+0000] {dag.py:3096} INFO - Sync 1 DAGs
[2024-05-30T06:48:17.528+0000] {logging_mixin.py:188} INFO - [2024-05-30T06:48:17.528+0000] {dag.py:3954} INFO - Setting next_dagrun for latest_only to 2024-05-30 00:00:00+00:00, run_after=2024-05-30 04:00:00+00:00
[2024-05-30T06:48:17.545+0000] {processor.py:183} INFO - Processing /home/airflow/.local/lib/python3.12/site-packages/airflow/example_dags/example_latest_only.py took 0.065 seconds
[2024-05-30T06:48:47.611+0000] {processor.py:161} INFO - Started process (PID=983) to work on /home/airflow/.local/lib/python3.12/site-packages/airflow/example_dags/example_latest_only.py
[2024-05-30T06:48:47.612+0000] {processor.py:830} INFO - Processing file /home/airflow/.local/lib/python3.12/site-packages/airflow/example_dags/example_latest_only.py for tasks to queue
[2024-05-30T06:48:47.614+0000] {logging_mixin.py:188} INFO - [2024-05-30T06:48:47.614+0000] {dagbag.py:545} INFO - Filling up the DagBag from /home/airflow/.local/lib/python3.12/site-packages/airflow/example_dags/example_latest_only.py
[2024-05-30T06:48:47.618+0000] {processor.py:840} INFO - DAG(s) 'latest_only' retrieved from /home/airflow/.local/lib/python3.12/site-packages/airflow/example_dags/example_latest_only.py
[2024-05-30T06:48:47.636+0000] {logging_mixin.py:188} INFO - [2024-05-30T06:48:47.635+0000] {dag.py:3096} INFO - Sync 1 DAGs
[2024-05-30T06:48:47.664+0000] {logging_mixin.py:188} INFO - [2024-05-30T06:48:47.664+0000] {dag.py:3954} INFO - Setting next_dagrun for latest_only to 2024-05-30 00:00:00+00:00, run_after=2024-05-30 04:00:00+00:00
[2024-05-30T06:48:47.688+0000] {processor.py:183} INFO - Processing /home/airflow/.local/lib/python3.12/site-packages/airflow/example_dags/example_latest_only.py took 0.082 seconds
[2024-05-30T06:49:18.192+0000] {processor.py:161} INFO - Started process (PID=1047) to work on /home/airflow/.local/lib/python3.12/site-packages/airflow/example_dags/example_latest_only.py
[2024-05-30T06:49:18.193+0000] {processor.py:830} INFO - Processing file /home/airflow/.local/lib/python3.12/site-packages/airflow/example_dags/example_latest_only.py for tasks to queue
[2024-05-30T06:49:18.194+0000] {logging_mixin.py:188} INFO - [2024-05-30T06:49:18.194+0000] {dagbag.py:545} INFO - Filling up the DagBag from /home/airflow/.local/lib/python3.12/site-packages/airflow/example_dags/example_latest_only.py
[2024-05-30T06:49:18.199+0000] {processor.py:840} INFO - DAG(s) 'latest_only' retrieved from /home/airflow/.local/lib/python3.12/site-packages/airflow/example_dags/example_latest_only.py
[2024-05-30T06:49:18.219+0000] {logging_mixin.py:188} INFO - [2024-05-30T06:49:18.219+0000] {dag.py:3096} INFO - Sync 1 DAGs
[2024-05-30T06:49:18.243+0000] {logging_mixin.py:188} INFO - [2024-05-30T06:49:18.243+0000] {dag.py:3954} INFO - Setting next_dagrun for latest_only to 2024-05-30 00:00:00+00:00, run_after=2024-05-30 04:00:00+00:00
[2024-05-30T06:49:18.265+0000] {processor.py:183} INFO - Processing /home/airflow/.local/lib/python3.12/site-packages/airflow/example_dags/example_latest_only.py took 0.078 seconds
[2024-05-30T06:49:49.268+0000] {processor.py:161} INFO - Started process (PID=1105) to work on /home/airflow/.local/lib/python3.12/site-packages/airflow/example_dags/example_latest_only.py
[2024-05-30T06:49:49.269+0000] {processor.py:830} INFO - Processing file /home/airflow/.local/lib/python3.12/site-packages/airflow/example_dags/example_latest_only.py for tasks to queue
[2024-05-30T06:49:49.270+0000] {logging_mixin.py:188} INFO - [2024-05-30T06:49:49.270+0000] {dagbag.py:545} INFO - Filling up the DagBag from /home/airflow/.local/lib/python3.12/site-packages/airflow/example_dags/example_latest_only.py
[2024-05-30T06:49:49.274+0000] {processor.py:840} INFO - DAG(s) 'latest_only' retrieved from /home/airflow/.local/lib/python3.12/site-packages/airflow/example_dags/example_latest_only.py
[2024-05-30T06:49:49.292+0000] {logging_mixin.py:188} INFO - [2024-05-30T06:49:49.292+0000] {dag.py:3096} INFO - Sync 1 DAGs
[2024-05-30T06:49:49.313+0000] {logging_mixin.py:188} INFO - [2024-05-30T06:49:49.313+0000] {dag.py:3954} INFO - Setting next_dagrun for latest_only to 2024-05-30 00:00:00+00:00, run_after=2024-05-30 04:00:00+00:00
[2024-05-30T06:49:49.331+0000] {processor.py:183} INFO - Processing /home/airflow/.local/lib/python3.12/site-packages/airflow/example_dags/example_latest_only.py took 0.068 seconds
[2024-05-30T06:50:19.840+0000] {processor.py:161} INFO - Started process (PID=1163) to work on /home/airflow/.local/lib/python3.12/site-packages/airflow/example_dags/example_latest_only.py
[2024-05-30T06:50:19.841+0000] {processor.py:830} INFO - Processing file /home/airflow/.local/lib/python3.12/site-packages/airflow/example_dags/example_latest_only.py for tasks to queue
[2024-05-30T06:50:19.843+0000] {logging_mixin.py:188} INFO - [2024-05-30T06:50:19.843+0000] {dagbag.py:545} INFO - Filling up the DagBag from /home/airflow/.local/lib/python3.12/site-packages/airflow/example_dags/example_latest_only.py
[2024-05-30T06:50:19.847+0000] {processor.py:840} INFO - DAG(s) 'latest_only' retrieved from /home/airflow/.local/lib/python3.12/site-packages/airflow/example_dags/example_latest_only.py
[2024-05-30T06:50:19.865+0000] {logging_mixin.py:188} INFO - [2024-05-30T06:50:19.864+0000] {dag.py:3096} INFO - Sync 1 DAGs
[2024-05-30T06:50:19.886+0000] {logging_mixin.py:188} INFO - [2024-05-30T06:50:19.886+0000] {dag.py:3954} INFO - Setting next_dagrun for latest_only to 2024-05-30 00:00:00+00:00, run_after=2024-05-30 04:00:00+00:00
[2024-05-30T06:50:19.904+0000] {processor.py:183} INFO - Processing /home/airflow/.local/lib/python3.12/site-packages/airflow/example_dags/example_latest_only.py took 0.069 seconds
[2024-05-30T06:50:50.555+0000] {processor.py:161} INFO - Started process (PID=1221) to work on /home/airflow/.local/lib/python3.12/site-packages/airflow/example_dags/example_latest_only.py
[2024-05-30T06:50:50.556+0000] {processor.py:830} INFO - Processing file /home/airflow/.local/lib/python3.12/site-packages/airflow/example_dags/example_latest_only.py for tasks to queue
[2024-05-30T06:50:50.558+0000] {logging_mixin.py:188} INFO - [2024-05-30T06:50:50.557+0000] {dagbag.py:545} INFO - Filling up the DagBag from /home/airflow/.local/lib/python3.12/site-packages/airflow/example_dags/example_latest_only.py
[2024-05-30T06:50:50.562+0000] {processor.py:840} INFO - DAG(s) 'latest_only' retrieved from /home/airflow/.local/lib/python3.12/site-packages/airflow/example_dags/example_latest_only.py
[2024-05-30T06:50:50.579+0000] {logging_mixin.py:188} INFO - [2024-05-30T06:50:50.579+0000] {dag.py:3096} INFO - Sync 1 DAGs
[2024-05-30T06:50:50.601+0000] {logging_mixin.py:188} INFO - [2024-05-30T06:50:50.600+0000] {dag.py:3954} INFO - Setting next_dagrun for latest_only to 2024-05-30 00:00:00+00:00, run_after=2024-05-30 04:00:00+00:00
[2024-05-30T06:50:50.619+0000] {processor.py:183} INFO - Processing /home/airflow/.local/lib/python3.12/site-packages/airflow/example_dags/example_latest_only.py took 0.069 seconds
[2024-05-30T06:51:21.422+0000] {processor.py:161} INFO - Started process (PID=1279) to work on /home/airflow/.local/lib/python3.12/site-packages/airflow/example_dags/example_latest_only.py
[2024-05-30T06:51:21.423+0000] {processor.py:830} INFO - Processing file /home/airflow/.local/lib/python3.12/site-packages/airflow/example_dags/example_latest_only.py for tasks to queue
[2024-05-30T06:51:21.424+0000] {logging_mixin.py:188} INFO - [2024-05-30T06:51:21.424+0000] {dagbag.py:545} INFO - Filling up the DagBag from /home/airflow/.local/lib/python3.12/site-packages/airflow/example_dags/example_latest_only.py
[2024-05-30T06:51:21.428+0000] {processor.py:840} INFO - DAG(s) 'latest_only' retrieved from /home/airflow/.local/lib/python3.12/site-packages/airflow/example_dags/example_latest_only.py
[2024-05-30T06:51:21.446+0000] {logging_mixin.py:188} INFO - [2024-05-30T06:51:21.445+0000] {dag.py:3096} INFO - Sync 1 DAGs
[2024-05-30T06:51:21.466+0000] {logging_mixin.py:188} INFO - [2024-05-30T06:51:21.466+0000] {dag.py:3954} INFO - Setting next_dagrun for latest_only to 2024-05-30 00:00:00+00:00, run_after=2024-05-30 04:00:00+00:00
[2024-05-30T06:51:21.483+0000] {processor.py:183} INFO - Processing /home/airflow/.local/lib/python3.12/site-packages/airflow/example_dags/example_latest_only.py took 0.066 seconds
[2024-05-30T06:51:52.566+0000] {processor.py:161} INFO - Started process (PID=1337) to work on /home/airflow/.local/lib/python3.12/site-packages/airflow/example_dags/example_latest_only.py
[2024-05-30T06:51:52.567+0000] {processor.py:830} INFO - Processing file /home/airflow/.local/lib/python3.12/site-packages/airflow/example_dags/example_latest_only.py for tasks to queue
[2024-05-30T06:51:52.569+0000] {logging_mixin.py:188} INFO - [2024-05-30T06:51:52.569+0000] {dagbag.py:545} INFO - Filling up the DagBag from /home/airflow/.local/lib/python3.12/site-packages/airflow/example_dags/example_latest_only.py
[2024-05-30T06:51:52.574+0000] {processor.py:840} INFO - DAG(s) 'latest_only' retrieved from /home/airflow/.local/lib/python3.12/site-packages/airflow/example_dags/example_latest_only.py
[2024-05-30T06:51:52.592+0000] {logging_mixin.py:188} INFO - [2024-05-30T06:51:52.592+0000] {dag.py:3096} INFO - Sync 1 DAGs
[2024-05-30T06:51:52.614+0000] {logging_mixin.py:188} INFO - [2024-05-30T06:51:52.613+0000] {dag.py:3954} INFO - Setting next_dagrun for latest_only to 2024-05-30 00:00:00+00:00, run_after=2024-05-30 04:00:00+00:00
[2024-05-30T06:51:52.630+0000] {processor.py:183} INFO - Processing /home/airflow/.local/lib/python3.12/site-packages/airflow/example_dags/example_latest_only.py took 0.069 seconds
[2024-05-30T06:52:23.137+0000] {processor.py:161} INFO - Started process (PID=1395) to work on /home/airflow/.local/lib/python3.12/site-packages/airflow/example_dags/example_latest_only.py
[2024-05-30T06:52:23.138+0000] {processor.py:830} INFO - Processing file /home/airflow/.local/lib/python3.12/site-packages/airflow/example_dags/example_latest_only.py for tasks to queue
[2024-05-30T06:52:23.140+0000] {logging_mixin.py:188} INFO - [2024-05-30T06:52:23.139+0000] {dagbag.py:545} INFO - Filling up the DagBag from /home/airflow/.local/lib/python3.12/site-packages/airflow/example_dags/example_latest_only.py
[2024-05-30T06:52:23.144+0000] {processor.py:840} INFO - DAG(s) 'latest_only' retrieved from /home/airflow/.local/lib/python3.12/site-packages/airflow/example_dags/example_latest_only.py
[2024-05-30T06:52:23.163+0000] {logging_mixin.py:188} INFO - [2024-05-30T06:52:23.163+0000] {dag.py:3096} INFO - Sync 1 DAGs
[2024-05-30T06:52:23.291+0000] {logging_mixin.py:188} INFO - [2024-05-30T06:52:23.291+0000] {dag.py:3954} INFO - Setting next_dagrun for latest_only to 2024-05-30 00:00:00+00:00, run_after=2024-05-30 04:00:00+00:00
[2024-05-30T06:52:23.308+0000] {processor.py:183} INFO - Processing /home/airflow/.local/lib/python3.12/site-packages/airflow/example_dags/example_latest_only.py took 0.178 seconds
[2024-05-30T06:52:53.581+0000] {processor.py:161} INFO - Started process (PID=1453) to work on /home/airflow/.local/lib/python3.12/site-packages/airflow/example_dags/example_latest_only.py
[2024-05-30T06:52:53.583+0000] {processor.py:830} INFO - Processing file /home/airflow/.local/lib/python3.12/site-packages/airflow/example_dags/example_latest_only.py for tasks to queue
[2024-05-30T06:52:53.585+0000] {logging_mixin.py:188} INFO - [2024-05-30T06:52:53.584+0000] {dagbag.py:545} INFO - Filling up the DagBag from /home/airflow/.local/lib/python3.12/site-packages/airflow/example_dags/example_latest_only.py
[2024-05-30T06:52:53.590+0000] {processor.py:840} INFO - DAG(s) 'latest_only' retrieved from /home/airflow/.local/lib/python3.12/site-packages/airflow/example_dags/example_latest_only.py
[2024-05-30T06:52:53.611+0000] {logging_mixin.py:188} INFO - [2024-05-30T06:52:53.611+0000] {dag.py:3096} INFO - Sync 1 DAGs
[2024-05-30T06:52:53.635+0000] {logging_mixin.py:188} INFO - [2024-05-30T06:52:53.635+0000] {dag.py:3954} INFO - Setting next_dagrun for latest_only to 2024-05-30 00:00:00+00:00, run_after=2024-05-30 04:00:00+00:00
[2024-05-30T06:52:53.770+0000] {processor.py:183} INFO - Processing /home/airflow/.local/lib/python3.12/site-packages/airflow/example_dags/example_latest_only.py took 0.194 seconds
[2024-05-30T06:53:24.086+0000] {processor.py:161} INFO - Started process (PID=1511) to work on /home/airflow/.local/lib/python3.12/site-packages/airflow/example_dags/example_latest_only.py
[2024-05-30T06:53:24.087+0000] {processor.py:830} INFO - Processing file /home/airflow/.local/lib/python3.12/site-packages/airflow/example_dags/example_latest_only.py for tasks to queue
[2024-05-30T06:53:24.089+0000] {logging_mixin.py:188} INFO - [2024-05-30T06:53:24.088+0000] {dagbag.py:545} INFO - Filling up the DagBag from /home/airflow/.local/lib/python3.12/site-packages/airflow/example_dags/example_latest_only.py
[2024-05-30T06:53:24.093+0000] {processor.py:840} INFO - DAG(s) 'latest_only' retrieved from /home/airflow/.local/lib/python3.12/site-packages/airflow/example_dags/example_latest_only.py
[2024-05-30T06:53:24.110+0000] {logging_mixin.py:188} INFO - [2024-05-30T06:53:24.110+0000] {dag.py:3096} INFO - Sync 1 DAGs
[2024-05-30T06:53:24.132+0000] {logging_mixin.py:188} INFO - [2024-05-30T06:53:24.131+0000] {dag.py:3954} INFO - Setting next_dagrun for latest_only to 2024-05-30 00:00:00+00:00, run_after=2024-05-30 04:00:00+00:00
[2024-05-30T06:53:24.250+0000] {processor.py:183} INFO - Processing /home/airflow/.local/lib/python3.12/site-packages/airflow/example_dags/example_latest_only.py took 0.170 seconds
[2024-05-30T06:53:54.431+0000] {processor.py:161} INFO - Started process (PID=1569) to work on /home/airflow/.local/lib/python3.12/site-packages/airflow/example_dags/example_latest_only.py
[2024-05-30T06:53:54.431+0000] {processor.py:830} INFO - Processing file /home/airflow/.local/lib/python3.12/site-packages/airflow/example_dags/example_latest_only.py for tasks to queue
[2024-05-30T06:53:54.433+0000] {logging_mixin.py:188} INFO - [2024-05-30T06:53:54.433+0000] {dagbag.py:545} INFO - Filling up the DagBag from /home/airflow/.local/lib/python3.12/site-packages/airflow/example_dags/example_latest_only.py
[2024-05-30T06:53:54.438+0000] {processor.py:840} INFO - DAG(s) 'latest_only' retrieved from /home/airflow/.local/lib/python3.12/site-packages/airflow/example_dags/example_latest_only.py
[2024-05-30T06:53:54.454+0000] {logging_mixin.py:188} INFO - [2024-05-30T06:53:54.454+0000] {dag.py:3096} INFO - Sync 1 DAGs
[2024-05-30T06:53:54.474+0000] {logging_mixin.py:188} INFO - [2024-05-30T06:53:54.474+0000] {dag.py:3954} INFO - Setting next_dagrun for latest_only to 2024-05-30 00:00:00+00:00, run_after=2024-05-30 04:00:00+00:00
[2024-05-30T06:53:54.492+0000] {processor.py:183} INFO - Processing /home/airflow/.local/lib/python3.12/site-packages/airflow/example_dags/example_latest_only.py took 0.068 seconds
[2024-05-30T06:54:25.289+0000] {processor.py:161} INFO - Started process (PID=1627) to work on /home/airflow/.local/lib/python3.12/site-packages/airflow/example_dags/example_latest_only.py
[2024-05-30T06:54:25.290+0000] {processor.py:830} INFO - Processing file /home/airflow/.local/lib/python3.12/site-packages/airflow/example_dags/example_latest_only.py for tasks to queue
[2024-05-30T06:54:25.292+0000] {logging_mixin.py:188} INFO - [2024-05-30T06:54:25.292+0000] {dagbag.py:545} INFO - Filling up the DagBag from /home/airflow/.local/lib/python3.12/site-packages/airflow/example_dags/example_latest_only.py
[2024-05-30T06:54:25.297+0000] {processor.py:840} INFO - DAG(s) 'latest_only' retrieved from /home/airflow/.local/lib/python3.12/site-packages/airflow/example_dags/example_latest_only.py
[2024-05-30T06:54:25.321+0000] {logging_mixin.py:188} INFO - [2024-05-30T06:54:25.320+0000] {dag.py:3096} INFO - Sync 1 DAGs
[2024-05-30T06:54:25.358+0000] {logging_mixin.py:188} INFO - [2024-05-30T06:54:25.357+0000] {dag.py:3954} INFO - Setting next_dagrun for latest_only to 2024-05-30 00:00:00+00:00, run_after=2024-05-30 04:00:00+00:00
[2024-05-30T06:54:25.383+0000] {processor.py:183} INFO - Processing /home/airflow/.local/lib/python3.12/site-packages/airflow/example_dags/example_latest_only.py took 0.101 seconds
[2024-05-30T06:54:55.735+0000] {processor.py:161} INFO - Started process (PID=1685) to work on /home/airflow/.local/lib/python3.12/site-packages/airflow/example_dags/example_latest_only.py
[2024-05-30T06:54:55.736+0000] {processor.py:830} INFO - Processing file /home/airflow/.local/lib/python3.12/site-packages/airflow/example_dags/example_latest_only.py for tasks to queue
[2024-05-30T06:54:55.738+0000] {logging_mixin.py:188} INFO - [2024-05-30T06:54:55.737+0000] {dagbag.py:545} INFO - Filling up the DagBag from /home/airflow/.local/lib/python3.12/site-packages/airflow/example_dags/example_latest_only.py
[2024-05-30T06:54:55.742+0000] {processor.py:840} INFO - DAG(s) 'latest_only' retrieved from /home/airflow/.local/lib/python3.12/site-packages/airflow/example_dags/example_latest_only.py
[2024-05-30T06:54:55.765+0000] {logging_mixin.py:188} INFO - [2024-05-30T06:54:55.764+0000] {dag.py:3096} INFO - Sync 1 DAGs
[2024-05-30T06:54:55.796+0000] {logging_mixin.py:188} INFO - [2024-05-30T06:54:55.795+0000] {dag.py:3954} INFO - Setting next_dagrun for latest_only to 2024-05-30 00:00:00+00:00, run_after=2024-05-30 04:00:00+00:00
[2024-05-30T06:54:55.824+0000] {processor.py:183} INFO - Processing /home/airflow/.local/lib/python3.12/site-packages/airflow/example_dags/example_latest_only.py took 0.095 seconds
[2024-05-30T06:55:25.881+0000] {processor.py:161} INFO - Started process (PID=1742) to work on /home/airflow/.local/lib/python3.12/site-packages/airflow/example_dags/example_latest_only.py
[2024-05-30T06:55:25.881+0000] {processor.py:830} INFO - Processing file /home/airflow/.local/lib/python3.12/site-packages/airflow/example_dags/example_latest_only.py for tasks to queue
[2024-05-30T06:55:25.883+0000] {logging_mixin.py:188} INFO - [2024-05-30T06:55:25.883+0000] {dagbag.py:545} INFO - Filling up the DagBag from /home/airflow/.local/lib/python3.12/site-packages/airflow/example_dags/example_latest_only.py
[2024-05-30T06:55:25.887+0000] {processor.py:840} INFO - DAG(s) 'latest_only' retrieved from /home/airflow/.local/lib/python3.12/site-packages/airflow/example_dags/example_latest_only.py
[2024-05-30T06:55:25.904+0000] {logging_mixin.py:188} INFO - [2024-05-30T06:55:25.904+0000] {dag.py:3096} INFO - Sync 1 DAGs
[2024-05-30T06:55:25.924+0000] {logging_mixin.py:188} INFO - [2024-05-30T06:55:25.924+0000] {dag.py:3954} INFO - Setting next_dagrun for latest_only to 2024-05-30 00:00:00+00:00, run_after=2024-05-30 04:00:00+00:00
[2024-05-30T06:55:25.941+0000] {processor.py:183} INFO - Processing /home/airflow/.local/lib/python3.12/site-packages/airflow/example_dags/example_latest_only.py took 0.066 seconds
[2024-05-30T06:55:56.001+0000] {processor.py:161} INFO - Started process (PID=1800) to work on /home/airflow/.local/lib/python3.12/site-packages/airflow/example_dags/example_latest_only.py
[2024-05-30T06:55:56.002+0000] {processor.py:830} INFO - Processing file /home/airflow/.local/lib/python3.12/site-packages/airflow/example_dags/example_latest_only.py for tasks to queue
[2024-05-30T06:55:56.004+0000] {logging_mixin.py:188} INFO - [2024-05-30T06:55:56.004+0000] {dagbag.py:545} INFO - Filling up the DagBag from /home/airflow/.local/lib/python3.12/site-packages/airflow/example_dags/example_latest_only.py
[2024-05-30T06:55:56.008+0000] {processor.py:840} INFO - DAG(s) 'latest_only' retrieved from /home/airflow/.local/lib/python3.12/site-packages/airflow/example_dags/example_latest_only.py
[2024-05-30T06:55:56.025+0000] {logging_mixin.py:188} INFO - [2024-05-30T06:55:56.025+0000] {dag.py:3096} INFO - Sync 1 DAGs
[2024-05-30T06:55:56.046+0000] {logging_mixin.py:188} INFO - [2024-05-30T06:55:56.045+0000] {dag.py:3954} INFO - Setting next_dagrun for latest_only to 2024-05-30 00:00:00+00:00, run_after=2024-05-30 04:00:00+00:00
[2024-05-30T06:55:56.063+0000] {processor.py:183} INFO - Processing /home/airflow/.local/lib/python3.12/site-packages/airflow/example_dags/example_latest_only.py took 0.067 seconds
[2024-05-30T06:56:26.144+0000] {processor.py:161} INFO - Started process (PID=1858) to work on /home/airflow/.local/lib/python3.12/site-packages/airflow/example_dags/example_latest_only.py
[2024-05-30T06:56:26.144+0000] {processor.py:830} INFO - Processing file /home/airflow/.local/lib/python3.12/site-packages/airflow/example_dags/example_latest_only.py for tasks to queue
[2024-05-30T06:56:26.146+0000] {logging_mixin.py:188} INFO - [2024-05-30T06:56:26.146+0000] {dagbag.py:545} INFO - Filling up the DagBag from /home/airflow/.local/lib/python3.12/site-packages/airflow/example_dags/example_latest_only.py
[2024-05-30T06:56:26.150+0000] {processor.py:840} INFO - DAG(s) 'latest_only' retrieved from /home/airflow/.local/lib/python3.12/site-packages/airflow/example_dags/example_latest_only.py
[2024-05-30T06:56:26.167+0000] {logging_mixin.py:188} INFO - [2024-05-30T06:56:26.167+0000] {dag.py:3096} INFO - Sync 1 DAGs
[2024-05-30T06:56:26.187+0000] {logging_mixin.py:188} INFO - [2024-05-30T06:56:26.187+0000] {dag.py:3954} INFO - Setting next_dagrun for latest_only to 2024-05-30 00:00:00+00:00, run_after=2024-05-30 04:00:00+00:00
[2024-05-30T06:56:26.203+0000] {processor.py:183} INFO - Processing /home/airflow/.local/lib/python3.12/site-packages/airflow/example_dags/example_latest_only.py took 0.065 seconds
[2024-05-30T06:56:56.250+0000] {processor.py:161} INFO - Started process (PID=1916) to work on /home/airflow/.local/lib/python3.12/site-packages/airflow/example_dags/example_latest_only.py
[2024-05-30T06:56:56.251+0000] {processor.py:830} INFO - Processing file /home/airflow/.local/lib/python3.12/site-packages/airflow/example_dags/example_latest_only.py for tasks to queue
[2024-05-30T06:56:56.253+0000] {logging_mixin.py:188} INFO - [2024-05-30T06:56:56.253+0000] {dagbag.py:545} INFO - Filling up the DagBag from /home/airflow/.local/lib/python3.12/site-packages/airflow/example_dags/example_latest_only.py
[2024-05-30T06:56:56.257+0000] {processor.py:840} INFO - DAG(s) 'latest_only' retrieved from /home/airflow/.local/lib/python3.12/site-packages/airflow/example_dags/example_latest_only.py
[2024-05-30T06:56:56.274+0000] {logging_mixin.py:188} INFO - [2024-05-30T06:56:56.273+0000] {dag.py:3096} INFO - Sync 1 DAGs
[2024-05-30T06:56:56.294+0000] {logging_mixin.py:188} INFO - [2024-05-30T06:56:56.293+0000] {dag.py:3954} INFO - Setting next_dagrun for latest_only to 2024-05-30 00:00:00+00:00, run_after=2024-05-30 04:00:00+00:00
[2024-05-30T06:56:56.309+0000] {processor.py:183} INFO - Processing /home/airflow/.local/lib/python3.12/site-packages/airflow/example_dags/example_latest_only.py took 0.064 seconds
[2024-05-30T06:57:26.713+0000] {processor.py:161} INFO - Started process (PID=1974) to work on /home/airflow/.local/lib/python3.12/site-packages/airflow/example_dags/example_latest_only.py
[2024-05-30T06:57:26.714+0000] {processor.py:830} INFO - Processing file /home/airflow/.local/lib/python3.12/site-packages/airflow/example_dags/example_latest_only.py for tasks to queue
[2024-05-30T06:57:26.715+0000] {logging_mixin.py:188} INFO - [2024-05-30T06:57:26.715+0000] {dagbag.py:545} INFO - Filling up the DagBag from /home/airflow/.local/lib/python3.12/site-packages/airflow/example_dags/example_latest_only.py
[2024-05-30T06:57:26.720+0000] {processor.py:840} INFO - DAG(s) 'latest_only' retrieved from /home/airflow/.local/lib/python3.12/site-packages/airflow/example_dags/example_latest_only.py
[2024-05-30T06:57:26.737+0000] {logging_mixin.py:188} INFO - [2024-05-30T06:57:26.736+0000] {dag.py:3096} INFO - Sync 1 DAGs
[2024-05-30T06:57:26.758+0000] {logging_mixin.py:188} INFO - [2024-05-30T06:57:26.758+0000] {dag.py:3954} INFO - Setting next_dagrun for latest_only to 2024-05-30 00:00:00+00:00, run_after=2024-05-30 04:00:00+00:00
[2024-05-30T06:57:26.775+0000] {processor.py:183} INFO - Processing /home/airflow/.local/lib/python3.12/site-packages/airflow/example_dags/example_latest_only.py took 0.067 seconds
[2024-05-30T06:57:57.296+0000] {processor.py:161} INFO - Started process (PID=2032) to work on /home/airflow/.local/lib/python3.12/site-packages/airflow/example_dags/example_latest_only.py
[2024-05-30T06:57:57.297+0000] {processor.py:830} INFO - Processing file /home/airflow/.local/lib/python3.12/site-packages/airflow/example_dags/example_latest_only.py for tasks to queue
[2024-05-30T06:57:57.298+0000] {logging_mixin.py:188} INFO - [2024-05-30T06:57:57.298+0000] {dagbag.py:545} INFO - Filling up the DagBag from /home/airflow/.local/lib/python3.12/site-packages/airflow/example_dags/example_latest_only.py
[2024-05-30T06:57:57.303+0000] {processor.py:840} INFO - DAG(s) 'latest_only' retrieved from /home/airflow/.local/lib/python3.12/site-packages/airflow/example_dags/example_latest_only.py
[2024-05-30T06:57:57.320+0000] {logging_mixin.py:188} INFO - [2024-05-30T06:57:57.319+0000] {dag.py:3096} INFO - Sync 1 DAGs
[2024-05-30T06:57:57.340+0000] {logging_mixin.py:188} INFO - [2024-05-30T06:57:57.340+0000] {dag.py:3954} INFO - Setting next_dagrun for latest_only to 2024-05-30 00:00:00+00:00, run_after=2024-05-30 04:00:00+00:00
[2024-05-30T06:57:57.356+0000] {processor.py:183} INFO - Processing /home/airflow/.local/lib/python3.12/site-packages/airflow/example_dags/example_latest_only.py took 0.066 seconds
[2024-05-30T06:58:28.014+0000] {processor.py:161} INFO - Started process (PID=2090) to work on /home/airflow/.local/lib/python3.12/site-packages/airflow/example_dags/example_latest_only.py
[2024-05-30T06:58:28.014+0000] {processor.py:830} INFO - Processing file /home/airflow/.local/lib/python3.12/site-packages/airflow/example_dags/example_latest_only.py for tasks to queue
[2024-05-30T06:58:28.016+0000] {logging_mixin.py:188} INFO - [2024-05-30T06:58:28.016+0000] {dagbag.py:545} INFO - Filling up the DagBag from /home/airflow/.local/lib/python3.12/site-packages/airflow/example_dags/example_latest_only.py
[2024-05-30T06:58:28.020+0000] {processor.py:840} INFO - DAG(s) 'latest_only' retrieved from /home/airflow/.local/lib/python3.12/site-packages/airflow/example_dags/example_latest_only.py
[2024-05-30T06:58:28.038+0000] {logging_mixin.py:188} INFO - [2024-05-30T06:58:28.038+0000] {dag.py:3096} INFO - Sync 1 DAGs
[2024-05-30T06:58:28.059+0000] {logging_mixin.py:188} INFO - [2024-05-30T06:58:28.059+0000] {dag.py:3954} INFO - Setting next_dagrun for latest_only to 2024-05-30 00:00:00+00:00, run_after=2024-05-30 04:00:00+00:00
[2024-05-30T06:58:28.075+0000] {processor.py:183} INFO - Processing /home/airflow/.local/lib/python3.12/site-packages/airflow/example_dags/example_latest_only.py took 0.068 seconds
[2024-05-30T06:58:58.537+0000] {processor.py:161} INFO - Started process (PID=2148) to work on /home/airflow/.local/lib/python3.12/site-packages/airflow/example_dags/example_latest_only.py
[2024-05-30T06:58:58.538+0000] {processor.py:830} INFO - Processing file /home/airflow/.local/lib/python3.12/site-packages/airflow/example_dags/example_latest_only.py for tasks to queue
[2024-05-30T06:58:58.539+0000] {logging_mixin.py:188} INFO - [2024-05-30T06:58:58.539+0000] {dagbag.py:545} INFO - Filling up the DagBag from /home/airflow/.local/lib/python3.12/site-packages/airflow/example_dags/example_latest_only.py
[2024-05-30T06:58:58.543+0000] {processor.py:840} INFO - DAG(s) 'latest_only' retrieved from /home/airflow/.local/lib/python3.12/site-packages/airflow/example_dags/example_latest_only.py
[2024-05-30T06:58:58.561+0000] {logging_mixin.py:188} INFO - [2024-05-30T06:58:58.561+0000] {dag.py:3096} INFO - Sync 1 DAGs
[2024-05-30T06:58:58.582+0000] {logging_mixin.py:188} INFO - [2024-05-30T06:58:58.582+0000] {dag.py:3954} INFO - Setting next_dagrun for latest_only to 2024-05-30 00:00:00+00:00, run_after=2024-05-30 04:00:00+00:00
[2024-05-30T06:58:58.600+0000] {processor.py:183} INFO - Processing /home/airflow/.local/lib/python3.12/site-packages/airflow/example_dags/example_latest_only.py took 0.068 seconds
[2024-05-30T06:59:29.038+0000] {processor.py:161} INFO - Started process (PID=2206) to work on /home/airflow/.local/lib/python3.12/site-packages/airflow/example_dags/example_latest_only.py
[2024-05-30T06:59:29.039+0000] {processor.py:830} INFO - Processing file /home/airflow/.local/lib/python3.12/site-packages/airflow/example_dags/example_latest_only.py for tasks to queue
[2024-05-30T06:59:29.041+0000] {logging_mixin.py:188} INFO - [2024-05-30T06:59:29.041+0000] {dagbag.py:545} INFO - Filling up the DagBag from /home/airflow/.local/lib/python3.12/site-packages/airflow/example_dags/example_latest_only.py
[2024-05-30T06:59:29.046+0000] {processor.py:840} INFO - DAG(s) 'latest_only' retrieved from /home/airflow/.local/lib/python3.12/site-packages/airflow/example_dags/example_latest_only.py
[2024-05-30T06:59:29.062+0000] {logging_mixin.py:188} INFO - [2024-05-30T06:59:29.062+0000] {dag.py:3096} INFO - Sync 1 DAGs
[2024-05-30T06:59:29.082+0000] {logging_mixin.py:188} INFO - [2024-05-30T06:59:29.082+0000] {dag.py:3954} INFO - Setting next_dagrun for latest_only to 2024-05-30 00:00:00+00:00, run_after=2024-05-30 04:00:00+00:00
[2024-05-30T06:59:29.098+0000] {processor.py:183} INFO - Processing /home/airflow/.local/lib/python3.12/site-packages/airflow/example_dags/example_latest_only.py took 0.066 seconds
[2024-05-30T06:59:59.526+0000] {processor.py:161} INFO - Started process (PID=2264) to work on /home/airflow/.local/lib/python3.12/site-packages/airflow/example_dags/example_latest_only.py
[2024-05-30T06:59:59.527+0000] {processor.py:830} INFO - Processing file /home/airflow/.local/lib/python3.12/site-packages/airflow/example_dags/example_latest_only.py for tasks to queue
[2024-05-30T06:59:59.528+0000] {logging_mixin.py:188} INFO - [2024-05-30T06:59:59.528+0000] {dagbag.py:545} INFO - Filling up the DagBag from /home/airflow/.local/lib/python3.12/site-packages/airflow/example_dags/example_latest_only.py
[2024-05-30T06:59:59.533+0000] {processor.py:840} INFO - DAG(s) 'latest_only' retrieved from /home/airflow/.local/lib/python3.12/site-packages/airflow/example_dags/example_latest_only.py
[2024-05-30T06:59:59.550+0000] {logging_mixin.py:188} INFO - [2024-05-30T06:59:59.550+0000] {dag.py:3096} INFO - Sync 1 DAGs
[2024-05-30T06:59:59.571+0000] {logging_mixin.py:188} INFO - [2024-05-30T06:59:59.571+0000] {dag.py:3954} INFO - Setting next_dagrun for latest_only to 2024-05-30 00:00:00+00:00, run_after=2024-05-30 04:00:00+00:00
[2024-05-30T06:59:59.589+0000] {processor.py:183} INFO - Processing /home/airflow/.local/lib/python3.12/site-packages/airflow/example_dags/example_latest_only.py took 0.068 seconds
[2024-05-30T07:00:30.165+0000] {processor.py:161} INFO - Started process (PID=2322) to work on /home/airflow/.local/lib/python3.12/site-packages/airflow/example_dags/example_latest_only.py
[2024-05-30T07:00:30.166+0000] {processor.py:830} INFO - Processing file /home/airflow/.local/lib/python3.12/site-packages/airflow/example_dags/example_latest_only.py for tasks to queue
[2024-05-30T07:00:30.168+0000] {logging_mixin.py:188} INFO - [2024-05-30T07:00:30.168+0000] {dagbag.py:545} INFO - Filling up the DagBag from /home/airflow/.local/lib/python3.12/site-packages/airflow/example_dags/example_latest_only.py
[2024-05-30T07:00:30.172+0000] {processor.py:840} INFO - DAG(s) 'latest_only' retrieved from /home/airflow/.local/lib/python3.12/site-packages/airflow/example_dags/example_latest_only.py
[2024-05-30T07:00:30.189+0000] {logging_mixin.py:188} INFO - [2024-05-30T07:00:30.189+0000] {dag.py:3096} INFO - Sync 1 DAGs
[2024-05-30T07:00:30.210+0000] {logging_mixin.py:188} INFO - [2024-05-30T07:00:30.210+0000] {dag.py:3954} INFO - Setting next_dagrun for latest_only to 2024-05-30 00:00:00+00:00, run_after=2024-05-30 04:00:00+00:00
[2024-05-30T07:00:30.227+0000] {processor.py:183} INFO - Processing /home/airflow/.local/lib/python3.12/site-packages/airflow/example_dags/example_latest_only.py took 0.067 seconds
[2024-05-30T07:01:00.745+0000] {processor.py:161} INFO - Started process (PID=2380) to work on /home/airflow/.local/lib/python3.12/site-packages/airflow/example_dags/example_latest_only.py
[2024-05-30T07:01:00.746+0000] {processor.py:830} INFO - Processing file /home/airflow/.local/lib/python3.12/site-packages/airflow/example_dags/example_latest_only.py for tasks to queue
[2024-05-30T07:01:00.747+0000] {logging_mixin.py:188} INFO - [2024-05-30T07:01:00.747+0000] {dagbag.py:545} INFO - Filling up the DagBag from /home/airflow/.local/lib/python3.12/site-packages/airflow/example_dags/example_latest_only.py
[2024-05-30T07:01:00.752+0000] {processor.py:840} INFO - DAG(s) 'latest_only' retrieved from /home/airflow/.local/lib/python3.12/site-packages/airflow/example_dags/example_latest_only.py
[2024-05-30T07:01:00.767+0000] {logging_mixin.py:188} INFO - [2024-05-30T07:01:00.767+0000] {dag.py:3096} INFO - Sync 1 DAGs
[2024-05-30T07:01:00.788+0000] {logging_mixin.py:188} INFO - [2024-05-30T07:01:00.788+0000] {dag.py:3954} INFO - Setting next_dagrun for latest_only to 2024-05-30 00:00:00+00:00, run_after=2024-05-30 04:00:00+00:00
[2024-05-30T07:01:00.804+0000] {processor.py:183} INFO - Processing /home/airflow/.local/lib/python3.12/site-packages/airflow/example_dags/example_latest_only.py took 0.064 seconds
[2024-05-30T07:01:31.472+0000] {processor.py:161} INFO - Started process (PID=2438) to work on /home/airflow/.local/lib/python3.12/site-packages/airflow/example_dags/example_latest_only.py
[2024-05-30T07:01:31.474+0000] {processor.py:830} INFO - Processing file /home/airflow/.local/lib/python3.12/site-packages/airflow/example_dags/example_latest_only.py for tasks to queue
[2024-05-30T07:01:31.476+0000] {logging_mixin.py:188} INFO - [2024-05-30T07:01:31.476+0000] {dagbag.py:545} INFO - Filling up the DagBag from /home/airflow/.local/lib/python3.12/site-packages/airflow/example_dags/example_latest_only.py
[2024-05-30T07:01:31.483+0000] {processor.py:840} INFO - DAG(s) 'latest_only' retrieved from /home/airflow/.local/lib/python3.12/site-packages/airflow/example_dags/example_latest_only.py
[2024-05-30T07:01:31.506+0000] {logging_mixin.py:188} INFO - [2024-05-30T07:01:31.506+0000] {dag.py:3096} INFO - Sync 1 DAGs
[2024-05-30T07:01:31.533+0000] {logging_mixin.py:188} INFO - [2024-05-30T07:01:31.533+0000] {dag.py:3954} INFO - Setting next_dagrun for latest_only to 2024-05-30 00:00:00+00:00, run_after=2024-05-30 04:00:00+00:00
[2024-05-30T07:01:31.560+0000] {processor.py:183} INFO - Processing /home/airflow/.local/lib/python3.12/site-packages/airflow/example_dags/example_latest_only.py took 0.094 seconds
