[2024-05-30T06:40:40.644+0000] {processor.py:161} INFO - Started process (PID=61) to work on /home/airflow/.local/lib/python3.12/site-packages/airflow/example_dags/example_nested_branch_dag.py
[2024-05-30T06:40:40.645+0000] {processor.py:830} INFO - Processing file /home/airflow/.local/lib/python3.12/site-packages/airflow/example_dags/example_nested_branch_dag.py for tasks to queue
[2024-05-30T06:40:40.647+0000] {logging_mixin.py:188} INFO - [2024-05-30T06:40:40.647+0000] {dagbag.py:545} INFO - Filling up the DagBag from /home/airflow/.local/lib/python3.12/site-packages/airflow/example_dags/example_nested_branch_dag.py
[2024-05-30T06:40:40.662+0000] {processor.py:840} INFO - DAG(s) 'example_nested_branch_dag' retrieved from /home/airflow/.local/lib/python3.12/site-packages/airflow/example_dags/example_nested_branch_dag.py
[2024-05-30T06:40:40.672+0000] {logging_mixin.py:188} INFO - [2024-05-30T06:40:40.672+0000] {dag.py:3096} INFO - Sync 1 DAGs
[2024-05-30T06:40:40.697+0000] {logging_mixin.py:188} INFO - [2024-05-30T06:40:40.696+0000] {dag.py:3954} INFO - Setting next_dagrun for example_nested_branch_dag to 2024-05-29 00:00:00+00:00, run_after=2024-05-30 00:00:00+00:00
[2024-05-30T06:40:40.716+0000] {processor.py:183} INFO - Processing /home/airflow/.local/lib/python3.12/site-packages/airflow/example_dags/example_nested_branch_dag.py took 0.077 seconds
[2024-05-30T06:41:12.607+0000] {processor.py:161} INFO - Started process (PID=119) to work on /home/airflow/.local/lib/python3.12/site-packages/airflow/example_dags/example_nested_branch_dag.py
[2024-05-30T06:41:12.608+0000] {processor.py:830} INFO - Processing file /home/airflow/.local/lib/python3.12/site-packages/airflow/example_dags/example_nested_branch_dag.py for tasks to queue
[2024-05-30T06:41:12.610+0000] {logging_mixin.py:188} INFO - [2024-05-30T06:41:12.610+0000] {dagbag.py:545} INFO - Filling up the DagBag from /home/airflow/.local/lib/python3.12/site-packages/airflow/example_dags/example_nested_branch_dag.py
[2024-05-30T06:41:12.623+0000] {processor.py:840} INFO - DAG(s) 'example_nested_branch_dag' retrieved from /home/airflow/.local/lib/python3.12/site-packages/airflow/example_dags/example_nested_branch_dag.py
[2024-05-30T06:41:12.737+0000] {logging_mixin.py:188} INFO - [2024-05-30T06:41:12.736+0000] {dag.py:3096} INFO - Sync 1 DAGs
[2024-05-30T06:41:12.771+0000] {logging_mixin.py:188} INFO - [2024-05-30T06:41:12.771+0000] {dag.py:3954} INFO - Setting next_dagrun for example_nested_branch_dag to 2024-05-29 00:00:00+00:00, run_after=2024-05-30 00:00:00+00:00
[2024-05-30T06:41:12.795+0000] {processor.py:183} INFO - Processing /home/airflow/.local/lib/python3.12/site-packages/airflow/example_dags/example_nested_branch_dag.py took 0.199 seconds
[2024-05-30T06:41:43.761+0000] {processor.py:161} INFO - Started process (PID=177) to work on /home/airflow/.local/lib/python3.12/site-packages/airflow/example_dags/example_nested_branch_dag.py
[2024-05-30T06:41:43.762+0000] {processor.py:830} INFO - Processing file /home/airflow/.local/lib/python3.12/site-packages/airflow/example_dags/example_nested_branch_dag.py for tasks to queue
[2024-05-30T06:41:43.764+0000] {logging_mixin.py:188} INFO - [2024-05-30T06:41:43.763+0000] {dagbag.py:545} INFO - Filling up the DagBag from /home/airflow/.local/lib/python3.12/site-packages/airflow/example_dags/example_nested_branch_dag.py
[2024-05-30T06:41:43.773+0000] {processor.py:840} INFO - DAG(s) 'example_nested_branch_dag' retrieved from /home/airflow/.local/lib/python3.12/site-packages/airflow/example_dags/example_nested_branch_dag.py
[2024-05-30T06:41:43.795+0000] {logging_mixin.py:188} INFO - [2024-05-30T06:41:43.795+0000] {dag.py:3096} INFO - Sync 1 DAGs
[2024-05-30T06:41:43.817+0000] {logging_mixin.py:188} INFO - [2024-05-30T06:41:43.817+0000] {dag.py:3954} INFO - Setting next_dagrun for example_nested_branch_dag to 2024-05-29 00:00:00+00:00, run_after=2024-05-30 00:00:00+00:00
[2024-05-30T06:41:43.835+0000] {processor.py:183} INFO - Processing /home/airflow/.local/lib/python3.12/site-packages/airflow/example_dags/example_nested_branch_dag.py took 0.079 seconds
[2024-05-30T06:42:14.468+0000] {processor.py:161} INFO - Started process (PID=235) to work on /home/airflow/.local/lib/python3.12/site-packages/airflow/example_dags/example_nested_branch_dag.py
[2024-05-30T06:42:14.469+0000] {processor.py:830} INFO - Processing file /home/airflow/.local/lib/python3.12/site-packages/airflow/example_dags/example_nested_branch_dag.py for tasks to queue
[2024-05-30T06:42:14.471+0000] {logging_mixin.py:188} INFO - [2024-05-30T06:42:14.470+0000] {dagbag.py:545} INFO - Filling up the DagBag from /home/airflow/.local/lib/python3.12/site-packages/airflow/example_dags/example_nested_branch_dag.py
[2024-05-30T06:42:14.480+0000] {processor.py:840} INFO - DAG(s) 'example_nested_branch_dag' retrieved from /home/airflow/.local/lib/python3.12/site-packages/airflow/example_dags/example_nested_branch_dag.py
[2024-05-30T06:42:14.500+0000] {logging_mixin.py:188} INFO - [2024-05-30T06:42:14.500+0000] {dag.py:3096} INFO - Sync 1 DAGs
[2024-05-30T06:42:14.523+0000] {logging_mixin.py:188} INFO - [2024-05-30T06:42:14.523+0000] {dag.py:3954} INFO - Setting next_dagrun for example_nested_branch_dag to 2024-05-29 00:00:00+00:00, run_after=2024-05-30 00:00:00+00:00
[2024-05-30T06:42:14.545+0000] {processor.py:183} INFO - Processing /home/airflow/.local/lib/python3.12/site-packages/airflow/example_dags/example_nested_branch_dag.py took 0.081 seconds
[2024-05-30T06:42:44.786+0000] {processor.py:161} INFO - Started process (PID=293) to work on /home/airflow/.local/lib/python3.12/site-packages/airflow/example_dags/example_nested_branch_dag.py
[2024-05-30T06:42:44.787+0000] {processor.py:830} INFO - Processing file /home/airflow/.local/lib/python3.12/site-packages/airflow/example_dags/example_nested_branch_dag.py for tasks to queue
[2024-05-30T06:42:44.789+0000] {logging_mixin.py:188} INFO - [2024-05-30T06:42:44.789+0000] {dagbag.py:545} INFO - Filling up the DagBag from /home/airflow/.local/lib/python3.12/site-packages/airflow/example_dags/example_nested_branch_dag.py
[2024-05-30T06:42:44.799+0000] {processor.py:840} INFO - DAG(s) 'example_nested_branch_dag' retrieved from /home/airflow/.local/lib/python3.12/site-packages/airflow/example_dags/example_nested_branch_dag.py
[2024-05-30T06:42:44.821+0000] {logging_mixin.py:188} INFO - [2024-05-30T06:42:44.821+0000] {dag.py:3096} INFO - Sync 1 DAGs
[2024-05-30T06:42:44.845+0000] {logging_mixin.py:188} INFO - [2024-05-30T06:42:44.845+0000] {dag.py:3954} INFO - Setting next_dagrun for example_nested_branch_dag to 2024-05-29 00:00:00+00:00, run_after=2024-05-30 00:00:00+00:00
[2024-05-30T06:42:44.866+0000] {processor.py:183} INFO - Processing /home/airflow/.local/lib/python3.12/site-packages/airflow/example_dags/example_nested_branch_dag.py took 0.084 seconds
[2024-05-30T06:43:14.954+0000] {processor.py:161} INFO - Started process (PID=351) to work on /home/airflow/.local/lib/python3.12/site-packages/airflow/example_dags/example_nested_branch_dag.py
[2024-05-30T06:43:14.955+0000] {processor.py:830} INFO - Processing file /home/airflow/.local/lib/python3.12/site-packages/airflow/example_dags/example_nested_branch_dag.py for tasks to queue
[2024-05-30T06:43:14.956+0000] {logging_mixin.py:188} INFO - [2024-05-30T06:43:14.956+0000] {dagbag.py:545} INFO - Filling up the DagBag from /home/airflow/.local/lib/python3.12/site-packages/airflow/example_dags/example_nested_branch_dag.py
[2024-05-30T06:43:14.965+0000] {processor.py:840} INFO - DAG(s) 'example_nested_branch_dag' retrieved from /home/airflow/.local/lib/python3.12/site-packages/airflow/example_dags/example_nested_branch_dag.py
[2024-05-30T06:43:14.985+0000] {logging_mixin.py:188} INFO - [2024-05-30T06:43:14.985+0000] {dag.py:3096} INFO - Sync 1 DAGs
[2024-05-30T06:43:15.007+0000] {logging_mixin.py:188} INFO - [2024-05-30T06:43:15.006+0000] {dag.py:3954} INFO - Setting next_dagrun for example_nested_branch_dag to 2024-05-29 00:00:00+00:00, run_after=2024-05-30 00:00:00+00:00
[2024-05-30T06:43:15.024+0000] {processor.py:183} INFO - Processing /home/airflow/.local/lib/python3.12/site-packages/airflow/example_dags/example_nested_branch_dag.py took 0.076 seconds
[2024-05-30T06:43:45.197+0000] {processor.py:161} INFO - Started process (PID=409) to work on /home/airflow/.local/lib/python3.12/site-packages/airflow/example_dags/example_nested_branch_dag.py
[2024-05-30T06:43:45.198+0000] {processor.py:830} INFO - Processing file /home/airflow/.local/lib/python3.12/site-packages/airflow/example_dags/example_nested_branch_dag.py for tasks to queue
[2024-05-30T06:43:45.200+0000] {logging_mixin.py:188} INFO - [2024-05-30T06:43:45.199+0000] {dagbag.py:545} INFO - Filling up the DagBag from /home/airflow/.local/lib/python3.12/site-packages/airflow/example_dags/example_nested_branch_dag.py
[2024-05-30T06:43:45.208+0000] {processor.py:840} INFO - DAG(s) 'example_nested_branch_dag' retrieved from /home/airflow/.local/lib/python3.12/site-packages/airflow/example_dags/example_nested_branch_dag.py
[2024-05-30T06:43:45.228+0000] {logging_mixin.py:188} INFO - [2024-05-30T06:43:45.228+0000] {dag.py:3096} INFO - Sync 1 DAGs
[2024-05-30T06:43:45.250+0000] {logging_mixin.py:188} INFO - [2024-05-30T06:43:45.250+0000] {dag.py:3954} INFO - Setting next_dagrun for example_nested_branch_dag to 2024-05-29 00:00:00+00:00, run_after=2024-05-30 00:00:00+00:00
[2024-05-30T06:43:45.269+0000] {processor.py:183} INFO - Processing /home/airflow/.local/lib/python3.12/site-packages/airflow/example_dags/example_nested_branch_dag.py took 0.077 seconds
[2024-05-30T06:44:16.003+0000] {processor.py:161} INFO - Started process (PID=467) to work on /home/airflow/.local/lib/python3.12/site-packages/airflow/example_dags/example_nested_branch_dag.py
[2024-05-30T06:44:16.004+0000] {processor.py:830} INFO - Processing file /home/airflow/.local/lib/python3.12/site-packages/airflow/example_dags/example_nested_branch_dag.py for tasks to queue
[2024-05-30T06:44:16.005+0000] {logging_mixin.py:188} INFO - [2024-05-30T06:44:16.005+0000] {dagbag.py:545} INFO - Filling up the DagBag from /home/airflow/.local/lib/python3.12/site-packages/airflow/example_dags/example_nested_branch_dag.py
[2024-05-30T06:44:16.014+0000] {processor.py:840} INFO - DAG(s) 'example_nested_branch_dag' retrieved from /home/airflow/.local/lib/python3.12/site-packages/airflow/example_dags/example_nested_branch_dag.py
[2024-05-30T06:44:16.034+0000] {logging_mixin.py:188} INFO - [2024-05-30T06:44:16.034+0000] {dag.py:3096} INFO - Sync 1 DAGs
[2024-05-30T06:44:16.056+0000] {logging_mixin.py:188} INFO - [2024-05-30T06:44:16.055+0000] {dag.py:3954} INFO - Setting next_dagrun for example_nested_branch_dag to 2024-05-29 00:00:00+00:00, run_after=2024-05-30 00:00:00+00:00
[2024-05-30T06:44:16.074+0000] {processor.py:183} INFO - Processing /home/airflow/.local/lib/python3.12/site-packages/airflow/example_dags/example_nested_branch_dag.py took 0.077 seconds
[2024-05-30T06:44:46.146+0000] {processor.py:161} INFO - Started process (PID=525) to work on /home/airflow/.local/lib/python3.12/site-packages/airflow/example_dags/example_nested_branch_dag.py
[2024-05-30T06:44:46.146+0000] {processor.py:830} INFO - Processing file /home/airflow/.local/lib/python3.12/site-packages/airflow/example_dags/example_nested_branch_dag.py for tasks to queue
[2024-05-30T06:44:46.148+0000] {logging_mixin.py:188} INFO - [2024-05-30T06:44:46.148+0000] {dagbag.py:545} INFO - Filling up the DagBag from /home/airflow/.local/lib/python3.12/site-packages/airflow/example_dags/example_nested_branch_dag.py
[2024-05-30T06:44:46.157+0000] {processor.py:840} INFO - DAG(s) 'example_nested_branch_dag' retrieved from /home/airflow/.local/lib/python3.12/site-packages/airflow/example_dags/example_nested_branch_dag.py
[2024-05-30T06:44:46.177+0000] {logging_mixin.py:188} INFO - [2024-05-30T06:44:46.176+0000] {dag.py:3096} INFO - Sync 1 DAGs
[2024-05-30T06:44:46.198+0000] {logging_mixin.py:188} INFO - [2024-05-30T06:44:46.198+0000] {dag.py:3954} INFO - Setting next_dagrun for example_nested_branch_dag to 2024-05-29 00:00:00+00:00, run_after=2024-05-30 00:00:00+00:00
[2024-05-30T06:44:46.215+0000] {processor.py:183} INFO - Processing /home/airflow/.local/lib/python3.12/site-packages/airflow/example_dags/example_nested_branch_dag.py took 0.074 seconds
[2024-05-30T06:45:16.502+0000] {processor.py:161} INFO - Started process (PID=583) to work on /home/airflow/.local/lib/python3.12/site-packages/airflow/example_dags/example_nested_branch_dag.py
[2024-05-30T06:45:16.503+0000] {processor.py:830} INFO - Processing file /home/airflow/.local/lib/python3.12/site-packages/airflow/example_dags/example_nested_branch_dag.py for tasks to queue
[2024-05-30T06:45:16.504+0000] {logging_mixin.py:188} INFO - [2024-05-30T06:45:16.504+0000] {dagbag.py:545} INFO - Filling up the DagBag from /home/airflow/.local/lib/python3.12/site-packages/airflow/example_dags/example_nested_branch_dag.py
[2024-05-30T06:45:16.514+0000] {processor.py:840} INFO - DAG(s) 'example_nested_branch_dag' retrieved from /home/airflow/.local/lib/python3.12/site-packages/airflow/example_dags/example_nested_branch_dag.py
[2024-05-30T06:45:16.534+0000] {logging_mixin.py:188} INFO - [2024-05-30T06:45:16.534+0000] {dag.py:3096} INFO - Sync 1 DAGs
[2024-05-30T06:45:16.555+0000] {logging_mixin.py:188} INFO - [2024-05-30T06:45:16.555+0000] {dag.py:3954} INFO - Setting next_dagrun for example_nested_branch_dag to 2024-05-29 00:00:00+00:00, run_after=2024-05-30 00:00:00+00:00
[2024-05-30T06:45:16.574+0000] {processor.py:183} INFO - Processing /home/airflow/.local/lib/python3.12/site-packages/airflow/example_dags/example_nested_branch_dag.py took 0.077 seconds
[2024-05-30T06:45:46.826+0000] {processor.py:161} INFO - Started process (PID=641) to work on /home/airflow/.local/lib/python3.12/site-packages/airflow/example_dags/example_nested_branch_dag.py
[2024-05-30T06:45:46.826+0000] {processor.py:830} INFO - Processing file /home/airflow/.local/lib/python3.12/site-packages/airflow/example_dags/example_nested_branch_dag.py for tasks to queue
[2024-05-30T06:45:46.828+0000] {logging_mixin.py:188} INFO - [2024-05-30T06:45:46.828+0000] {dagbag.py:545} INFO - Filling up the DagBag from /home/airflow/.local/lib/python3.12/site-packages/airflow/example_dags/example_nested_branch_dag.py
[2024-05-30T06:45:46.839+0000] {processor.py:840} INFO - DAG(s) 'example_nested_branch_dag' retrieved from /home/airflow/.local/lib/python3.12/site-packages/airflow/example_dags/example_nested_branch_dag.py
[2024-05-30T06:45:46.860+0000] {logging_mixin.py:188} INFO - [2024-05-30T06:45:46.860+0000] {dag.py:3096} INFO - Sync 1 DAGs
[2024-05-30T06:45:46.882+0000] {logging_mixin.py:188} INFO - [2024-05-30T06:45:46.882+0000] {dag.py:3954} INFO - Setting next_dagrun for example_nested_branch_dag to 2024-05-29 00:00:00+00:00, run_after=2024-05-30 00:00:00+00:00
[2024-05-30T06:45:46.901+0000] {processor.py:183} INFO - Processing /home/airflow/.local/lib/python3.12/site-packages/airflow/example_dags/example_nested_branch_dag.py took 0.082 seconds
[2024-05-30T06:46:16.964+0000] {processor.py:161} INFO - Started process (PID=699) to work on /home/airflow/.local/lib/python3.12/site-packages/airflow/example_dags/example_nested_branch_dag.py
[2024-05-30T06:46:16.965+0000] {processor.py:830} INFO - Processing file /home/airflow/.local/lib/python3.12/site-packages/airflow/example_dags/example_nested_branch_dag.py for tasks to queue
[2024-05-30T06:46:16.967+0000] {logging_mixin.py:188} INFO - [2024-05-30T06:46:16.967+0000] {dagbag.py:545} INFO - Filling up the DagBag from /home/airflow/.local/lib/python3.12/site-packages/airflow/example_dags/example_nested_branch_dag.py
[2024-05-30T06:46:16.978+0000] {processor.py:840} INFO - DAG(s) 'example_nested_branch_dag' retrieved from /home/airflow/.local/lib/python3.12/site-packages/airflow/example_dags/example_nested_branch_dag.py
[2024-05-30T06:46:17.013+0000] {logging_mixin.py:188} INFO - [2024-05-30T06:46:17.013+0000] {dag.py:3096} INFO - Sync 1 DAGs
[2024-05-30T06:46:17.081+0000] {logging_mixin.py:188} INFO - [2024-05-30T06:46:17.080+0000] {dag.py:3954} INFO - Setting next_dagrun for example_nested_branch_dag to 2024-05-29 00:00:00+00:00, run_after=2024-05-30 00:00:00+00:00
[2024-05-30T06:46:17.106+0000] {processor.py:183} INFO - Processing /home/airflow/.local/lib/python3.12/site-packages/airflow/example_dags/example_nested_branch_dag.py took 0.149 seconds
[2024-05-30T06:46:47.433+0000] {processor.py:161} INFO - Started process (PID=757) to work on /home/airflow/.local/lib/python3.12/site-packages/airflow/example_dags/example_nested_branch_dag.py
[2024-05-30T06:46:47.433+0000] {processor.py:830} INFO - Processing file /home/airflow/.local/lib/python3.12/site-packages/airflow/example_dags/example_nested_branch_dag.py for tasks to queue
[2024-05-30T06:46:47.435+0000] {logging_mixin.py:188} INFO - [2024-05-30T06:46:47.435+0000] {dagbag.py:545} INFO - Filling up the DagBag from /home/airflow/.local/lib/python3.12/site-packages/airflow/example_dags/example_nested_branch_dag.py
[2024-05-30T06:46:47.444+0000] {processor.py:840} INFO - DAG(s) 'example_nested_branch_dag' retrieved from /home/airflow/.local/lib/python3.12/site-packages/airflow/example_dags/example_nested_branch_dag.py
[2024-05-30T06:46:47.467+0000] {logging_mixin.py:188} INFO - [2024-05-30T06:46:47.467+0000] {dag.py:3096} INFO - Sync 1 DAGs
[2024-05-30T06:46:47.499+0000] {logging_mixin.py:188} INFO - [2024-05-30T06:46:47.498+0000] {dag.py:3954} INFO - Setting next_dagrun for example_nested_branch_dag to 2024-05-29 00:00:00+00:00, run_after=2024-05-30 00:00:00+00:00
[2024-05-30T06:46:47.522+0000] {processor.py:183} INFO - Processing /home/airflow/.local/lib/python3.12/site-packages/airflow/example_dags/example_nested_branch_dag.py took 0.094 seconds
[2024-05-30T06:47:18.432+0000] {processor.py:161} INFO - Started process (PID=821) to work on /home/airflow/.local/lib/python3.12/site-packages/airflow/example_dags/example_nested_branch_dag.py
[2024-05-30T06:47:18.433+0000] {processor.py:830} INFO - Processing file /home/airflow/.local/lib/python3.12/site-packages/airflow/example_dags/example_nested_branch_dag.py for tasks to queue
[2024-05-30T06:47:18.435+0000] {logging_mixin.py:188} INFO - [2024-05-30T06:47:18.435+0000] {dagbag.py:545} INFO - Filling up the DagBag from /home/airflow/.local/lib/python3.12/site-packages/airflow/example_dags/example_nested_branch_dag.py
[2024-05-30T06:47:18.444+0000] {processor.py:840} INFO - DAG(s) 'example_nested_branch_dag' retrieved from /home/airflow/.local/lib/python3.12/site-packages/airflow/example_dags/example_nested_branch_dag.py
[2024-05-30T06:47:18.464+0000] {logging_mixin.py:188} INFO - [2024-05-30T06:47:18.463+0000] {dag.py:3096} INFO - Sync 1 DAGs
[2024-05-30T06:47:18.486+0000] {logging_mixin.py:188} INFO - [2024-05-30T06:47:18.486+0000] {dag.py:3954} INFO - Setting next_dagrun for example_nested_branch_dag to 2024-05-29 00:00:00+00:00, run_after=2024-05-30 00:00:00+00:00
[2024-05-30T06:47:18.504+0000] {processor.py:183} INFO - Processing /home/airflow/.local/lib/python3.12/site-packages/airflow/example_dags/example_nested_branch_dag.py took 0.077 seconds
[2024-05-30T06:47:48.535+0000] {processor.py:161} INFO - Started process (PID=878) to work on /home/airflow/.local/lib/python3.12/site-packages/airflow/example_dags/example_nested_branch_dag.py
[2024-05-30T06:47:48.536+0000] {processor.py:830} INFO - Processing file /home/airflow/.local/lib/python3.12/site-packages/airflow/example_dags/example_nested_branch_dag.py for tasks to queue
[2024-05-30T06:47:48.538+0000] {logging_mixin.py:188} INFO - [2024-05-30T06:47:48.538+0000] {dagbag.py:545} INFO - Filling up the DagBag from /home/airflow/.local/lib/python3.12/site-packages/airflow/example_dags/example_nested_branch_dag.py
[2024-05-30T06:47:48.547+0000] {processor.py:840} INFO - DAG(s) 'example_nested_branch_dag' retrieved from /home/airflow/.local/lib/python3.12/site-packages/airflow/example_dags/example_nested_branch_dag.py
[2024-05-30T06:47:48.570+0000] {logging_mixin.py:188} INFO - [2024-05-30T06:47:48.570+0000] {dag.py:3096} INFO - Sync 1 DAGs
[2024-05-30T06:47:48.591+0000] {logging_mixin.py:188} INFO - [2024-05-30T06:47:48.591+0000] {dag.py:3954} INFO - Setting next_dagrun for example_nested_branch_dag to 2024-05-29 00:00:00+00:00, run_after=2024-05-30 00:00:00+00:00
[2024-05-30T06:47:48.610+0000] {processor.py:183} INFO - Processing /home/airflow/.local/lib/python3.12/site-packages/airflow/example_dags/example_nested_branch_dag.py took 0.079 seconds
[2024-05-30T06:48:18.780+0000] {processor.py:161} INFO - Started process (PID=937) to work on /home/airflow/.local/lib/python3.12/site-packages/airflow/example_dags/example_nested_branch_dag.py
[2024-05-30T06:48:18.781+0000] {processor.py:830} INFO - Processing file /home/airflow/.local/lib/python3.12/site-packages/airflow/example_dags/example_nested_branch_dag.py for tasks to queue
[2024-05-30T06:48:18.782+0000] {logging_mixin.py:188} INFO - [2024-05-30T06:48:18.782+0000] {dagbag.py:545} INFO - Filling up the DagBag from /home/airflow/.local/lib/python3.12/site-packages/airflow/example_dags/example_nested_branch_dag.py
[2024-05-30T06:48:18.791+0000] {processor.py:840} INFO - DAG(s) 'example_nested_branch_dag' retrieved from /home/airflow/.local/lib/python3.12/site-packages/airflow/example_dags/example_nested_branch_dag.py
[2024-05-30T06:48:18.811+0000] {logging_mixin.py:188} INFO - [2024-05-30T06:48:18.810+0000] {dag.py:3096} INFO - Sync 1 DAGs
[2024-05-30T06:48:18.832+0000] {logging_mixin.py:188} INFO - [2024-05-30T06:48:18.832+0000] {dag.py:3954} INFO - Setting next_dagrun for example_nested_branch_dag to 2024-05-29 00:00:00+00:00, run_after=2024-05-30 00:00:00+00:00
[2024-05-30T06:48:18.851+0000] {processor.py:183} INFO - Processing /home/airflow/.local/lib/python3.12/site-packages/airflow/example_dags/example_nested_branch_dag.py took 0.076 seconds
[2024-05-30T06:48:48.911+0000] {processor.py:161} INFO - Started process (PID=995) to work on /home/airflow/.local/lib/python3.12/site-packages/airflow/example_dags/example_nested_branch_dag.py
[2024-05-30T06:48:48.911+0000] {processor.py:830} INFO - Processing file /home/airflow/.local/lib/python3.12/site-packages/airflow/example_dags/example_nested_branch_dag.py for tasks to queue
[2024-05-30T06:48:48.913+0000] {logging_mixin.py:188} INFO - [2024-05-30T06:48:48.913+0000] {dagbag.py:545} INFO - Filling up the DagBag from /home/airflow/.local/lib/python3.12/site-packages/airflow/example_dags/example_nested_branch_dag.py
[2024-05-30T06:48:48.922+0000] {processor.py:840} INFO - DAG(s) 'example_nested_branch_dag' retrieved from /home/airflow/.local/lib/python3.12/site-packages/airflow/example_dags/example_nested_branch_dag.py
[2024-05-30T06:48:48.942+0000] {logging_mixin.py:188} INFO - [2024-05-30T06:48:48.942+0000] {dag.py:3096} INFO - Sync 1 DAGs
[2024-05-30T06:48:48.964+0000] {logging_mixin.py:188} INFO - [2024-05-30T06:48:48.963+0000] {dag.py:3954} INFO - Setting next_dagrun for example_nested_branch_dag to 2024-05-29 00:00:00+00:00, run_after=2024-05-30 00:00:00+00:00
[2024-05-30T06:48:48.983+0000] {processor.py:183} INFO - Processing /home/airflow/.local/lib/python3.12/site-packages/airflow/example_dags/example_nested_branch_dag.py took 0.077 seconds
[2024-05-30T06:49:19.527+0000] {processor.py:161} INFO - Started process (PID=1053) to work on /home/airflow/.local/lib/python3.12/site-packages/airflow/example_dags/example_nested_branch_dag.py
[2024-05-30T06:49:19.528+0000] {processor.py:830} INFO - Processing file /home/airflow/.local/lib/python3.12/site-packages/airflow/example_dags/example_nested_branch_dag.py for tasks to queue
[2024-05-30T06:49:19.530+0000] {logging_mixin.py:188} INFO - [2024-05-30T06:49:19.530+0000] {dagbag.py:545} INFO - Filling up the DagBag from /home/airflow/.local/lib/python3.12/site-packages/airflow/example_dags/example_nested_branch_dag.py
[2024-05-30T06:49:19.540+0000] {processor.py:840} INFO - DAG(s) 'example_nested_branch_dag' retrieved from /home/airflow/.local/lib/python3.12/site-packages/airflow/example_dags/example_nested_branch_dag.py
[2024-05-30T06:49:19.563+0000] {logging_mixin.py:188} INFO - [2024-05-30T06:49:19.562+0000] {dag.py:3096} INFO - Sync 1 DAGs
[2024-05-30T06:49:19.585+0000] {logging_mixin.py:188} INFO - [2024-05-30T06:49:19.585+0000] {dag.py:3954} INFO - Setting next_dagrun for example_nested_branch_dag to 2024-05-29 00:00:00+00:00, run_after=2024-05-30 00:00:00+00:00
[2024-05-30T06:49:19.603+0000] {processor.py:183} INFO - Processing /home/airflow/.local/lib/python3.12/site-packages/airflow/example_dags/example_nested_branch_dag.py took 0.081 seconds
[2024-05-30T06:49:50.543+0000] {processor.py:161} INFO - Started process (PID=1111) to work on /home/airflow/.local/lib/python3.12/site-packages/airflow/example_dags/example_nested_branch_dag.py
[2024-05-30T06:49:50.544+0000] {processor.py:830} INFO - Processing file /home/airflow/.local/lib/python3.12/site-packages/airflow/example_dags/example_nested_branch_dag.py for tasks to queue
[2024-05-30T06:49:50.546+0000] {logging_mixin.py:188} INFO - [2024-05-30T06:49:50.546+0000] {dagbag.py:545} INFO - Filling up the DagBag from /home/airflow/.local/lib/python3.12/site-packages/airflow/example_dags/example_nested_branch_dag.py
[2024-05-30T06:49:50.555+0000] {processor.py:840} INFO - DAG(s) 'example_nested_branch_dag' retrieved from /home/airflow/.local/lib/python3.12/site-packages/airflow/example_dags/example_nested_branch_dag.py
[2024-05-30T06:49:50.575+0000] {logging_mixin.py:188} INFO - [2024-05-30T06:49:50.575+0000] {dag.py:3096} INFO - Sync 1 DAGs
[2024-05-30T06:49:50.597+0000] {logging_mixin.py:188} INFO - [2024-05-30T06:49:50.597+0000] {dag.py:3954} INFO - Setting next_dagrun for example_nested_branch_dag to 2024-05-29 00:00:00+00:00, run_after=2024-05-30 00:00:00+00:00
[2024-05-30T06:49:50.616+0000] {processor.py:183} INFO - Processing /home/airflow/.local/lib/python3.12/site-packages/airflow/example_dags/example_nested_branch_dag.py took 0.077 seconds
[2024-05-30T06:50:21.152+0000] {processor.py:161} INFO - Started process (PID=1169) to work on /home/airflow/.local/lib/python3.12/site-packages/airflow/example_dags/example_nested_branch_dag.py
[2024-05-30T06:50:21.153+0000] {processor.py:830} INFO - Processing file /home/airflow/.local/lib/python3.12/site-packages/airflow/example_dags/example_nested_branch_dag.py for tasks to queue
[2024-05-30T06:50:21.155+0000] {logging_mixin.py:188} INFO - [2024-05-30T06:50:21.154+0000] {dagbag.py:545} INFO - Filling up the DagBag from /home/airflow/.local/lib/python3.12/site-packages/airflow/example_dags/example_nested_branch_dag.py
[2024-05-30T06:50:21.164+0000] {processor.py:840} INFO - DAG(s) 'example_nested_branch_dag' retrieved from /home/airflow/.local/lib/python3.12/site-packages/airflow/example_dags/example_nested_branch_dag.py
[2024-05-30T06:50:21.184+0000] {logging_mixin.py:188} INFO - [2024-05-30T06:50:21.184+0000] {dag.py:3096} INFO - Sync 1 DAGs
[2024-05-30T06:50:21.205+0000] {logging_mixin.py:188} INFO - [2024-05-30T06:50:21.205+0000] {dag.py:3954} INFO - Setting next_dagrun for example_nested_branch_dag to 2024-05-29 00:00:00+00:00, run_after=2024-05-30 00:00:00+00:00
[2024-05-30T06:50:21.224+0000] {processor.py:183} INFO - Processing /home/airflow/.local/lib/python3.12/site-packages/airflow/example_dags/example_nested_branch_dag.py took 0.077 seconds
[2024-05-30T06:50:51.852+0000] {processor.py:161} INFO - Started process (PID=1227) to work on /home/airflow/.local/lib/python3.12/site-packages/airflow/example_dags/example_nested_branch_dag.py
[2024-05-30T06:50:51.853+0000] {processor.py:830} INFO - Processing file /home/airflow/.local/lib/python3.12/site-packages/airflow/example_dags/example_nested_branch_dag.py for tasks to queue
[2024-05-30T06:50:51.854+0000] {logging_mixin.py:188} INFO - [2024-05-30T06:50:51.854+0000] {dagbag.py:545} INFO - Filling up the DagBag from /home/airflow/.local/lib/python3.12/site-packages/airflow/example_dags/example_nested_branch_dag.py
[2024-05-30T06:50:51.864+0000] {processor.py:840} INFO - DAG(s) 'example_nested_branch_dag' retrieved from /home/airflow/.local/lib/python3.12/site-packages/airflow/example_dags/example_nested_branch_dag.py
[2024-05-30T06:50:51.884+0000] {logging_mixin.py:188} INFO - [2024-05-30T06:50:51.883+0000] {dag.py:3096} INFO - Sync 1 DAGs
[2024-05-30T06:50:51.905+0000] {logging_mixin.py:188} INFO - [2024-05-30T06:50:51.905+0000] {dag.py:3954} INFO - Setting next_dagrun for example_nested_branch_dag to 2024-05-29 00:00:00+00:00, run_after=2024-05-30 00:00:00+00:00
[2024-05-30T06:50:51.924+0000] {processor.py:183} INFO - Processing /home/airflow/.local/lib/python3.12/site-packages/airflow/example_dags/example_nested_branch_dag.py took 0.077 seconds
[2024-05-30T06:51:22.733+0000] {processor.py:161} INFO - Started process (PID=1285) to work on /home/airflow/.local/lib/python3.12/site-packages/airflow/example_dags/example_nested_branch_dag.py
[2024-05-30T06:51:22.733+0000] {processor.py:830} INFO - Processing file /home/airflow/.local/lib/python3.12/site-packages/airflow/example_dags/example_nested_branch_dag.py for tasks to queue
[2024-05-30T06:51:22.735+0000] {logging_mixin.py:188} INFO - [2024-05-30T06:51:22.735+0000] {dagbag.py:545} INFO - Filling up the DagBag from /home/airflow/.local/lib/python3.12/site-packages/airflow/example_dags/example_nested_branch_dag.py
[2024-05-30T06:51:22.744+0000] {processor.py:840} INFO - DAG(s) 'example_nested_branch_dag' retrieved from /home/airflow/.local/lib/python3.12/site-packages/airflow/example_dags/example_nested_branch_dag.py
[2024-05-30T06:51:22.764+0000] {logging_mixin.py:188} INFO - [2024-05-30T06:51:22.764+0000] {dag.py:3096} INFO - Sync 1 DAGs
[2024-05-30T06:51:22.787+0000] {logging_mixin.py:188} INFO - [2024-05-30T06:51:22.787+0000] {dag.py:3954} INFO - Setting next_dagrun for example_nested_branch_dag to 2024-05-29 00:00:00+00:00, run_after=2024-05-30 00:00:00+00:00
[2024-05-30T06:51:22.807+0000] {processor.py:183} INFO - Processing /home/airflow/.local/lib/python3.12/site-packages/airflow/example_dags/example_nested_branch_dag.py took 0.079 seconds
[2024-05-30T06:51:52.833+0000] {processor.py:161} INFO - Started process (PID=1342) to work on /home/airflow/.local/lib/python3.12/site-packages/airflow/example_dags/example_nested_branch_dag.py
[2024-05-30T06:51:52.834+0000] {processor.py:830} INFO - Processing file /home/airflow/.local/lib/python3.12/site-packages/airflow/example_dags/example_nested_branch_dag.py for tasks to queue
[2024-05-30T06:51:52.835+0000] {logging_mixin.py:188} INFO - [2024-05-30T06:51:52.835+0000] {dagbag.py:545} INFO - Filling up the DagBag from /home/airflow/.local/lib/python3.12/site-packages/airflow/example_dags/example_nested_branch_dag.py
[2024-05-30T06:51:52.844+0000] {processor.py:840} INFO - DAG(s) 'example_nested_branch_dag' retrieved from /home/airflow/.local/lib/python3.12/site-packages/airflow/example_dags/example_nested_branch_dag.py
[2024-05-30T06:51:52.864+0000] {logging_mixin.py:188} INFO - [2024-05-30T06:51:52.864+0000] {dag.py:3096} INFO - Sync 1 DAGs
[2024-05-30T06:51:52.885+0000] {logging_mixin.py:188} INFO - [2024-05-30T06:51:52.885+0000] {dag.py:3954} INFO - Setting next_dagrun for example_nested_branch_dag to 2024-05-29 00:00:00+00:00, run_after=2024-05-30 00:00:00+00:00
[2024-05-30T06:51:52.903+0000] {processor.py:183} INFO - Processing /home/airflow/.local/lib/python3.12/site-packages/airflow/example_dags/example_nested_branch_dag.py took 0.075 seconds
[2024-05-30T06:52:23.584+0000] {processor.py:161} INFO - Started process (PID=1400) to work on /home/airflow/.local/lib/python3.12/site-packages/airflow/example_dags/example_nested_branch_dag.py
[2024-05-30T06:52:23.585+0000] {processor.py:830} INFO - Processing file /home/airflow/.local/lib/python3.12/site-packages/airflow/example_dags/example_nested_branch_dag.py for tasks to queue
[2024-05-30T06:52:23.587+0000] {logging_mixin.py:188} INFO - [2024-05-30T06:52:23.586+0000] {dagbag.py:545} INFO - Filling up the DagBag from /home/airflow/.local/lib/python3.12/site-packages/airflow/example_dags/example_nested_branch_dag.py
[2024-05-30T06:52:23.596+0000] {processor.py:840} INFO - DAG(s) 'example_nested_branch_dag' retrieved from /home/airflow/.local/lib/python3.12/site-packages/airflow/example_dags/example_nested_branch_dag.py
[2024-05-30T06:52:23.618+0000] {logging_mixin.py:188} INFO - [2024-05-30T06:52:23.618+0000] {dag.py:3096} INFO - Sync 1 DAGs
[2024-05-30T06:52:23.740+0000] {logging_mixin.py:188} INFO - [2024-05-30T06:52:23.740+0000] {dag.py:3954} INFO - Setting next_dagrun for example_nested_branch_dag to 2024-05-29 00:00:00+00:00, run_after=2024-05-30 00:00:00+00:00
[2024-05-30T06:52:23.757+0000] {processor.py:183} INFO - Processing /home/airflow/.local/lib/python3.12/site-packages/airflow/example_dags/example_nested_branch_dag.py took 0.178 seconds
[2024-05-30T06:52:54.235+0000] {processor.py:161} INFO - Started process (PID=1459) to work on /home/airflow/.local/lib/python3.12/site-packages/airflow/example_dags/example_nested_branch_dag.py
[2024-05-30T06:52:54.236+0000] {processor.py:830} INFO - Processing file /home/airflow/.local/lib/python3.12/site-packages/airflow/example_dags/example_nested_branch_dag.py for tasks to queue
[2024-05-30T06:52:54.238+0000] {logging_mixin.py:188} INFO - [2024-05-30T06:52:54.237+0000] {dagbag.py:545} INFO - Filling up the DagBag from /home/airflow/.local/lib/python3.12/site-packages/airflow/example_dags/example_nested_branch_dag.py
[2024-05-30T06:52:54.249+0000] {processor.py:840} INFO - DAG(s) 'example_nested_branch_dag' retrieved from /home/airflow/.local/lib/python3.12/site-packages/airflow/example_dags/example_nested_branch_dag.py
[2024-05-30T06:52:54.271+0000] {logging_mixin.py:188} INFO - [2024-05-30T06:52:54.271+0000] {dag.py:3096} INFO - Sync 1 DAGs
[2024-05-30T06:52:54.411+0000] {logging_mixin.py:188} INFO - [2024-05-30T06:52:54.411+0000] {dag.py:3954} INFO - Setting next_dagrun for example_nested_branch_dag to 2024-05-29 00:00:00+00:00, run_after=2024-05-30 00:00:00+00:00
[2024-05-30T06:52:54.431+0000] {processor.py:183} INFO - Processing /home/airflow/.local/lib/python3.12/site-packages/airflow/example_dags/example_nested_branch_dag.py took 0.202 seconds
[2024-05-30T06:53:24.737+0000] {processor.py:161} INFO - Started process (PID=1517) to work on /home/airflow/.local/lib/python3.12/site-packages/airflow/example_dags/example_nested_branch_dag.py
[2024-05-30T06:53:24.737+0000] {processor.py:830} INFO - Processing file /home/airflow/.local/lib/python3.12/site-packages/airflow/example_dags/example_nested_branch_dag.py for tasks to queue
[2024-05-30T06:53:24.740+0000] {logging_mixin.py:188} INFO - [2024-05-30T06:53:24.739+0000] {dagbag.py:545} INFO - Filling up the DagBag from /home/airflow/.local/lib/python3.12/site-packages/airflow/example_dags/example_nested_branch_dag.py
[2024-05-30T06:53:24.749+0000] {processor.py:840} INFO - DAG(s) 'example_nested_branch_dag' retrieved from /home/airflow/.local/lib/python3.12/site-packages/airflow/example_dags/example_nested_branch_dag.py
[2024-05-30T06:53:24.769+0000] {logging_mixin.py:188} INFO - [2024-05-30T06:53:24.769+0000] {dag.py:3096} INFO - Sync 1 DAGs
[2024-05-30T06:53:24.915+0000] {logging_mixin.py:188} INFO - [2024-05-30T06:53:24.915+0000] {dag.py:3954} INFO - Setting next_dagrun for example_nested_branch_dag to 2024-05-29 00:00:00+00:00, run_after=2024-05-30 00:00:00+00:00
[2024-05-30T06:53:24.932+0000] {processor.py:183} INFO - Processing /home/airflow/.local/lib/python3.12/site-packages/airflow/example_dags/example_nested_branch_dag.py took 0.201 seconds
[2024-05-30T06:53:55.740+0000] {processor.py:161} INFO - Started process (PID=1575) to work on /home/airflow/.local/lib/python3.12/site-packages/airflow/example_dags/example_nested_branch_dag.py
[2024-05-30T06:53:55.741+0000] {processor.py:830} INFO - Processing file /home/airflow/.local/lib/python3.12/site-packages/airflow/example_dags/example_nested_branch_dag.py for tasks to queue
[2024-05-30T06:53:55.743+0000] {logging_mixin.py:188} INFO - [2024-05-30T06:53:55.743+0000] {dagbag.py:545} INFO - Filling up the DagBag from /home/airflow/.local/lib/python3.12/site-packages/airflow/example_dags/example_nested_branch_dag.py
[2024-05-30T06:53:55.752+0000] {processor.py:840} INFO - DAG(s) 'example_nested_branch_dag' retrieved from /home/airflow/.local/lib/python3.12/site-packages/airflow/example_dags/example_nested_branch_dag.py
[2024-05-30T06:53:55.771+0000] {logging_mixin.py:188} INFO - [2024-05-30T06:53:55.771+0000] {dag.py:3096} INFO - Sync 1 DAGs
[2024-05-30T06:53:55.793+0000] {logging_mixin.py:188} INFO - [2024-05-30T06:53:55.793+0000] {dag.py:3954} INFO - Setting next_dagrun for example_nested_branch_dag to 2024-05-29 00:00:00+00:00, run_after=2024-05-30 00:00:00+00:00
[2024-05-30T06:53:55.811+0000] {processor.py:183} INFO - Processing /home/airflow/.local/lib/python3.12/site-packages/airflow/example_dags/example_nested_branch_dag.py took 0.076 seconds
[2024-05-30T06:54:26.705+0000] {processor.py:161} INFO - Started process (PID=1633) to work on /home/airflow/.local/lib/python3.12/site-packages/airflow/example_dags/example_nested_branch_dag.py
[2024-05-30T06:54:26.706+0000] {processor.py:830} INFO - Processing file /home/airflow/.local/lib/python3.12/site-packages/airflow/example_dags/example_nested_branch_dag.py for tasks to queue
[2024-05-30T06:54:26.709+0000] {logging_mixin.py:188} INFO - [2024-05-30T06:54:26.708+0000] {dagbag.py:545} INFO - Filling up the DagBag from /home/airflow/.local/lib/python3.12/site-packages/airflow/example_dags/example_nested_branch_dag.py
[2024-05-30T06:54:26.728+0000] {processor.py:840} INFO - DAG(s) 'example_nested_branch_dag' retrieved from /home/airflow/.local/lib/python3.12/site-packages/airflow/example_dags/example_nested_branch_dag.py
[2024-05-30T06:54:26.771+0000] {logging_mixin.py:188} INFO - [2024-05-30T06:54:26.771+0000] {dag.py:3096} INFO - Sync 1 DAGs
[2024-05-30T06:54:26.815+0000] {logging_mixin.py:188} INFO - [2024-05-30T06:54:26.815+0000] {dag.py:3954} INFO - Setting next_dagrun for example_nested_branch_dag to 2024-05-29 00:00:00+00:00, run_after=2024-05-30 00:00:00+00:00
[2024-05-30T06:54:26.855+0000] {processor.py:183} INFO - Processing /home/airflow/.local/lib/python3.12/site-packages/airflow/example_dags/example_nested_branch_dag.py took 0.159 seconds
[2024-05-30T06:54:57.103+0000] {processor.py:161} INFO - Started process (PID=1691) to work on /home/airflow/.local/lib/python3.12/site-packages/airflow/example_dags/example_nested_branch_dag.py
[2024-05-30T06:54:57.104+0000] {processor.py:830} INFO - Processing file /home/airflow/.local/lib/python3.12/site-packages/airflow/example_dags/example_nested_branch_dag.py for tasks to queue
[2024-05-30T06:54:57.106+0000] {logging_mixin.py:188} INFO - [2024-05-30T06:54:57.106+0000] {dagbag.py:545} INFO - Filling up the DagBag from /home/airflow/.local/lib/python3.12/site-packages/airflow/example_dags/example_nested_branch_dag.py
[2024-05-30T06:54:57.115+0000] {processor.py:840} INFO - DAG(s) 'example_nested_branch_dag' retrieved from /home/airflow/.local/lib/python3.12/site-packages/airflow/example_dags/example_nested_branch_dag.py
[2024-05-30T06:54:57.136+0000] {logging_mixin.py:188} INFO - [2024-05-30T06:54:57.136+0000] {dag.py:3096} INFO - Sync 1 DAGs
[2024-05-30T06:54:57.158+0000] {logging_mixin.py:188} INFO - [2024-05-30T06:54:57.158+0000] {dag.py:3954} INFO - Setting next_dagrun for example_nested_branch_dag to 2024-05-29 00:00:00+00:00, run_after=2024-05-30 00:00:00+00:00
[2024-05-30T06:54:57.178+0000] {processor.py:183} INFO - Processing /home/airflow/.local/lib/python3.12/site-packages/airflow/example_dags/example_nested_branch_dag.py took 0.079 seconds
[2024-05-30T06:55:27.296+0000] {processor.py:161} INFO - Started process (PID=1749) to work on /home/airflow/.local/lib/python3.12/site-packages/airflow/example_dags/example_nested_branch_dag.py
[2024-05-30T06:55:27.297+0000] {processor.py:830} INFO - Processing file /home/airflow/.local/lib/python3.12/site-packages/airflow/example_dags/example_nested_branch_dag.py for tasks to queue
[2024-05-30T06:55:27.298+0000] {logging_mixin.py:188} INFO - [2024-05-30T06:55:27.298+0000] {dagbag.py:545} INFO - Filling up the DagBag from /home/airflow/.local/lib/python3.12/site-packages/airflow/example_dags/example_nested_branch_dag.py
[2024-05-30T06:55:27.307+0000] {processor.py:840} INFO - DAG(s) 'example_nested_branch_dag' retrieved from /home/airflow/.local/lib/python3.12/site-packages/airflow/example_dags/example_nested_branch_dag.py
[2024-05-30T06:55:27.327+0000] {logging_mixin.py:188} INFO - [2024-05-30T06:55:27.327+0000] {dag.py:3096} INFO - Sync 1 DAGs
[2024-05-30T06:55:27.348+0000] {logging_mixin.py:188} INFO - [2024-05-30T06:55:27.348+0000] {dag.py:3954} INFO - Setting next_dagrun for example_nested_branch_dag to 2024-05-29 00:00:00+00:00, run_after=2024-05-30 00:00:00+00:00
[2024-05-30T06:55:27.366+0000] {processor.py:183} INFO - Processing /home/airflow/.local/lib/python3.12/site-packages/airflow/example_dags/example_nested_branch_dag.py took 0.075 seconds
[2024-05-30T06:55:57.420+0000] {processor.py:161} INFO - Started process (PID=1807) to work on /home/airflow/.local/lib/python3.12/site-packages/airflow/example_dags/example_nested_branch_dag.py
[2024-05-30T06:55:57.421+0000] {processor.py:830} INFO - Processing file /home/airflow/.local/lib/python3.12/site-packages/airflow/example_dags/example_nested_branch_dag.py for tasks to queue
[2024-05-30T06:55:57.423+0000] {logging_mixin.py:188} INFO - [2024-05-30T06:55:57.422+0000] {dagbag.py:545} INFO - Filling up the DagBag from /home/airflow/.local/lib/python3.12/site-packages/airflow/example_dags/example_nested_branch_dag.py
[2024-05-30T06:55:57.431+0000] {processor.py:840} INFO - DAG(s) 'example_nested_branch_dag' retrieved from /home/airflow/.local/lib/python3.12/site-packages/airflow/example_dags/example_nested_branch_dag.py
[2024-05-30T06:55:57.451+0000] {logging_mixin.py:188} INFO - [2024-05-30T06:55:57.451+0000] {dag.py:3096} INFO - Sync 1 DAGs
[2024-05-30T06:55:57.473+0000] {logging_mixin.py:188} INFO - [2024-05-30T06:55:57.473+0000] {dag.py:3954} INFO - Setting next_dagrun for example_nested_branch_dag to 2024-05-29 00:00:00+00:00, run_after=2024-05-30 00:00:00+00:00
[2024-05-30T06:55:57.491+0000] {processor.py:183} INFO - Processing /home/airflow/.local/lib/python3.12/site-packages/airflow/example_dags/example_nested_branch_dag.py took 0.076 seconds
[2024-05-30T06:56:27.564+0000] {processor.py:161} INFO - Started process (PID=1865) to work on /home/airflow/.local/lib/python3.12/site-packages/airflow/example_dags/example_nested_branch_dag.py
[2024-05-30T06:56:27.564+0000] {processor.py:830} INFO - Processing file /home/airflow/.local/lib/python3.12/site-packages/airflow/example_dags/example_nested_branch_dag.py for tasks to queue
[2024-05-30T06:56:27.566+0000] {logging_mixin.py:188} INFO - [2024-05-30T06:56:27.566+0000] {dagbag.py:545} INFO - Filling up the DagBag from /home/airflow/.local/lib/python3.12/site-packages/airflow/example_dags/example_nested_branch_dag.py
[2024-05-30T06:56:27.575+0000] {processor.py:840} INFO - DAG(s) 'example_nested_branch_dag' retrieved from /home/airflow/.local/lib/python3.12/site-packages/airflow/example_dags/example_nested_branch_dag.py
[2024-05-30T06:56:27.594+0000] {logging_mixin.py:188} INFO - [2024-05-30T06:56:27.594+0000] {dag.py:3096} INFO - Sync 1 DAGs
[2024-05-30T06:56:27.616+0000] {logging_mixin.py:188} INFO - [2024-05-30T06:56:27.615+0000] {dag.py:3954} INFO - Setting next_dagrun for example_nested_branch_dag to 2024-05-29 00:00:00+00:00, run_after=2024-05-30 00:00:00+00:00
[2024-05-30T06:56:27.632+0000] {processor.py:183} INFO - Processing /home/airflow/.local/lib/python3.12/site-packages/airflow/example_dags/example_nested_branch_dag.py took 0.074 seconds
[2024-05-30T06:56:58.573+0000] {processor.py:161} INFO - Started process (PID=1923) to work on /home/airflow/.local/lib/python3.12/site-packages/airflow/example_dags/example_nested_branch_dag.py
[2024-05-30T06:56:58.574+0000] {processor.py:830} INFO - Processing file /home/airflow/.local/lib/python3.12/site-packages/airflow/example_dags/example_nested_branch_dag.py for tasks to queue
[2024-05-30T06:56:58.575+0000] {logging_mixin.py:188} INFO - [2024-05-30T06:56:58.575+0000] {dagbag.py:545} INFO - Filling up the DagBag from /home/airflow/.local/lib/python3.12/site-packages/airflow/example_dags/example_nested_branch_dag.py
[2024-05-30T06:56:58.584+0000] {processor.py:840} INFO - DAG(s) 'example_nested_branch_dag' retrieved from /home/airflow/.local/lib/python3.12/site-packages/airflow/example_dags/example_nested_branch_dag.py
[2024-05-30T06:56:58.603+0000] {logging_mixin.py:188} INFO - [2024-05-30T06:56:58.603+0000] {dag.py:3096} INFO - Sync 1 DAGs
[2024-05-30T06:56:58.626+0000] {logging_mixin.py:188} INFO - [2024-05-30T06:56:58.625+0000] {dag.py:3954} INFO - Setting next_dagrun for example_nested_branch_dag to 2024-05-29 00:00:00+00:00, run_after=2024-05-30 00:00:00+00:00
[2024-05-30T06:56:58.645+0000] {processor.py:183} INFO - Processing /home/airflow/.local/lib/python3.12/site-packages/airflow/example_dags/example_nested_branch_dag.py took 0.077 seconds
[2024-05-30T06:57:29.117+0000] {processor.py:161} INFO - Started process (PID=1981) to work on /home/airflow/.local/lib/python3.12/site-packages/airflow/example_dags/example_nested_branch_dag.py
[2024-05-30T06:57:29.118+0000] {processor.py:830} INFO - Processing file /home/airflow/.local/lib/python3.12/site-packages/airflow/example_dags/example_nested_branch_dag.py for tasks to queue
[2024-05-30T06:57:29.120+0000] {logging_mixin.py:188} INFO - [2024-05-30T06:57:29.119+0000] {dagbag.py:545} INFO - Filling up the DagBag from /home/airflow/.local/lib/python3.12/site-packages/airflow/example_dags/example_nested_branch_dag.py
[2024-05-30T06:57:29.129+0000] {processor.py:840} INFO - DAG(s) 'example_nested_branch_dag' retrieved from /home/airflow/.local/lib/python3.12/site-packages/airflow/example_dags/example_nested_branch_dag.py
[2024-05-30T06:57:29.147+0000] {logging_mixin.py:188} INFO - [2024-05-30T06:57:29.147+0000] {dag.py:3096} INFO - Sync 1 DAGs
[2024-05-30T06:57:29.168+0000] {logging_mixin.py:188} INFO - [2024-05-30T06:57:29.168+0000] {dag.py:3954} INFO - Setting next_dagrun for example_nested_branch_dag to 2024-05-29 00:00:00+00:00, run_after=2024-05-30 00:00:00+00:00
[2024-05-30T06:57:29.185+0000] {processor.py:183} INFO - Processing /home/airflow/.local/lib/python3.12/site-packages/airflow/example_dags/example_nested_branch_dag.py took 0.073 seconds
[2024-05-30T06:57:59.631+0000] {processor.py:161} INFO - Started process (PID=2039) to work on /home/airflow/.local/lib/python3.12/site-packages/airflow/example_dags/example_nested_branch_dag.py
[2024-05-30T06:57:59.632+0000] {processor.py:830} INFO - Processing file /home/airflow/.local/lib/python3.12/site-packages/airflow/example_dags/example_nested_branch_dag.py for tasks to queue
[2024-05-30T06:57:59.633+0000] {logging_mixin.py:188} INFO - [2024-05-30T06:57:59.633+0000] {dagbag.py:545} INFO - Filling up the DagBag from /home/airflow/.local/lib/python3.12/site-packages/airflow/example_dags/example_nested_branch_dag.py
[2024-05-30T06:57:59.642+0000] {processor.py:840} INFO - DAG(s) 'example_nested_branch_dag' retrieved from /home/airflow/.local/lib/python3.12/site-packages/airflow/example_dags/example_nested_branch_dag.py
[2024-05-30T06:57:59.661+0000] {logging_mixin.py:188} INFO - [2024-05-30T06:57:59.661+0000] {dag.py:3096} INFO - Sync 1 DAGs
[2024-05-30T06:57:59.683+0000] {logging_mixin.py:188} INFO - [2024-05-30T06:57:59.682+0000] {dag.py:3954} INFO - Setting next_dagrun for example_nested_branch_dag to 2024-05-29 00:00:00+00:00, run_after=2024-05-30 00:00:00+00:00
[2024-05-30T06:57:59.700+0000] {processor.py:183} INFO - Processing /home/airflow/.local/lib/python3.12/site-packages/airflow/example_dags/example_nested_branch_dag.py took 0.075 seconds
[2024-05-30T06:58:30.344+0000] {processor.py:161} INFO - Started process (PID=2097) to work on /home/airflow/.local/lib/python3.12/site-packages/airflow/example_dags/example_nested_branch_dag.py
[2024-05-30T06:58:30.345+0000] {processor.py:830} INFO - Processing file /home/airflow/.local/lib/python3.12/site-packages/airflow/example_dags/example_nested_branch_dag.py for tasks to queue
[2024-05-30T06:58:30.346+0000] {logging_mixin.py:188} INFO - [2024-05-30T06:58:30.346+0000] {dagbag.py:545} INFO - Filling up the DagBag from /home/airflow/.local/lib/python3.12/site-packages/airflow/example_dags/example_nested_branch_dag.py
[2024-05-30T06:58:30.356+0000] {processor.py:840} INFO - DAG(s) 'example_nested_branch_dag' retrieved from /home/airflow/.local/lib/python3.12/site-packages/airflow/example_dags/example_nested_branch_dag.py
[2024-05-30T06:58:30.374+0000] {logging_mixin.py:188} INFO - [2024-05-30T06:58:30.374+0000] {dag.py:3096} INFO - Sync 1 DAGs
[2024-05-30T06:58:30.396+0000] {logging_mixin.py:188} INFO - [2024-05-30T06:58:30.396+0000] {dag.py:3954} INFO - Setting next_dagrun for example_nested_branch_dag to 2024-05-29 00:00:00+00:00, run_after=2024-05-30 00:00:00+00:00
[2024-05-30T06:58:30.413+0000] {processor.py:183} INFO - Processing /home/airflow/.local/lib/python3.12/site-packages/airflow/example_dags/example_nested_branch_dag.py took 0.075 seconds
[2024-05-30T06:59:00.938+0000] {processor.py:161} INFO - Started process (PID=2155) to work on /home/airflow/.local/lib/python3.12/site-packages/airflow/example_dags/example_nested_branch_dag.py
[2024-05-30T06:59:00.938+0000] {processor.py:830} INFO - Processing file /home/airflow/.local/lib/python3.12/site-packages/airflow/example_dags/example_nested_branch_dag.py for tasks to queue
[2024-05-30T06:59:00.940+0000] {logging_mixin.py:188} INFO - [2024-05-30T06:59:00.940+0000] {dagbag.py:545} INFO - Filling up the DagBag from /home/airflow/.local/lib/python3.12/site-packages/airflow/example_dags/example_nested_branch_dag.py
[2024-05-30T06:59:00.949+0000] {processor.py:840} INFO - DAG(s) 'example_nested_branch_dag' retrieved from /home/airflow/.local/lib/python3.12/site-packages/airflow/example_dags/example_nested_branch_dag.py
[2024-05-30T06:59:00.968+0000] {logging_mixin.py:188} INFO - [2024-05-30T06:59:00.968+0000] {dag.py:3096} INFO - Sync 1 DAGs
[2024-05-30T06:59:00.989+0000] {logging_mixin.py:188} INFO - [2024-05-30T06:59:00.989+0000] {dag.py:3954} INFO - Setting next_dagrun for example_nested_branch_dag to 2024-05-29 00:00:00+00:00, run_after=2024-05-30 00:00:00+00:00
[2024-05-30T06:59:01.007+0000] {processor.py:183} INFO - Processing /home/airflow/.local/lib/python3.12/site-packages/airflow/example_dags/example_nested_branch_dag.py took 0.074 seconds
[2024-05-30T06:59:31.378+0000] {processor.py:161} INFO - Started process (PID=2213) to work on /home/airflow/.local/lib/python3.12/site-packages/airflow/example_dags/example_nested_branch_dag.py
[2024-05-30T06:59:31.379+0000] {processor.py:830} INFO - Processing file /home/airflow/.local/lib/python3.12/site-packages/airflow/example_dags/example_nested_branch_dag.py for tasks to queue
[2024-05-30T06:59:31.380+0000] {logging_mixin.py:188} INFO - [2024-05-30T06:59:31.380+0000] {dagbag.py:545} INFO - Filling up the DagBag from /home/airflow/.local/lib/python3.12/site-packages/airflow/example_dags/example_nested_branch_dag.py
[2024-05-30T06:59:31.389+0000] {processor.py:840} INFO - DAG(s) 'example_nested_branch_dag' retrieved from /home/airflow/.local/lib/python3.12/site-packages/airflow/example_dags/example_nested_branch_dag.py
[2024-05-30T06:59:31.408+0000] {logging_mixin.py:188} INFO - [2024-05-30T06:59:31.408+0000] {dag.py:3096} INFO - Sync 1 DAGs
[2024-05-30T06:59:31.430+0000] {logging_mixin.py:188} INFO - [2024-05-30T06:59:31.429+0000] {dag.py:3954} INFO - Setting next_dagrun for example_nested_branch_dag to 2024-05-29 00:00:00+00:00, run_after=2024-05-30 00:00:00+00:00
[2024-05-30T06:59:31.445+0000] {processor.py:183} INFO - Processing /home/airflow/.local/lib/python3.12/site-packages/airflow/example_dags/example_nested_branch_dag.py took 0.073 seconds
[2024-05-30T07:00:01.891+0000] {processor.py:161} INFO - Started process (PID=2271) to work on /home/airflow/.local/lib/python3.12/site-packages/airflow/example_dags/example_nested_branch_dag.py
[2024-05-30T07:00:01.892+0000] {processor.py:830} INFO - Processing file /home/airflow/.local/lib/python3.12/site-packages/airflow/example_dags/example_nested_branch_dag.py for tasks to queue
[2024-05-30T07:00:01.893+0000] {logging_mixin.py:188} INFO - [2024-05-30T07:00:01.893+0000] {dagbag.py:545} INFO - Filling up the DagBag from /home/airflow/.local/lib/python3.12/site-packages/airflow/example_dags/example_nested_branch_dag.py
[2024-05-30T07:00:01.902+0000] {processor.py:840} INFO - DAG(s) 'example_nested_branch_dag' retrieved from /home/airflow/.local/lib/python3.12/site-packages/airflow/example_dags/example_nested_branch_dag.py
[2024-05-30T07:00:01.923+0000] {logging_mixin.py:188} INFO - [2024-05-30T07:00:01.923+0000] {dag.py:3096} INFO - Sync 1 DAGs
[2024-05-30T07:00:01.945+0000] {logging_mixin.py:188} INFO - [2024-05-30T07:00:01.945+0000] {dag.py:3954} INFO - Setting next_dagrun for example_nested_branch_dag to 2024-05-29 00:00:00+00:00, run_after=2024-05-30 00:00:00+00:00
[2024-05-30T07:00:01.964+0000] {processor.py:183} INFO - Processing /home/airflow/.local/lib/python3.12/site-packages/airflow/example_dags/example_nested_branch_dag.py took 0.079 seconds
[2024-05-30T07:00:32.499+0000] {processor.py:161} INFO - Started process (PID=2329) to work on /home/airflow/.local/lib/python3.12/site-packages/airflow/example_dags/example_nested_branch_dag.py
[2024-05-30T07:00:32.500+0000] {processor.py:830} INFO - Processing file /home/airflow/.local/lib/python3.12/site-packages/airflow/example_dags/example_nested_branch_dag.py for tasks to queue
[2024-05-30T07:00:32.502+0000] {logging_mixin.py:188} INFO - [2024-05-30T07:00:32.502+0000] {dagbag.py:545} INFO - Filling up the DagBag from /home/airflow/.local/lib/python3.12/site-packages/airflow/example_dags/example_nested_branch_dag.py
[2024-05-30T07:00:32.511+0000] {processor.py:840} INFO - DAG(s) 'example_nested_branch_dag' retrieved from /home/airflow/.local/lib/python3.12/site-packages/airflow/example_dags/example_nested_branch_dag.py
[2024-05-30T07:00:32.530+0000] {logging_mixin.py:188} INFO - [2024-05-30T07:00:32.530+0000] {dag.py:3096} INFO - Sync 1 DAGs
[2024-05-30T07:00:32.558+0000] {logging_mixin.py:188} INFO - [2024-05-30T07:00:32.557+0000] {dag.py:3954} INFO - Setting next_dagrun for example_nested_branch_dag to 2024-05-29 00:00:00+00:00, run_after=2024-05-30 00:00:00+00:00
[2024-05-30T07:00:32.574+0000] {processor.py:183} INFO - Processing /home/airflow/.local/lib/python3.12/site-packages/airflow/example_dags/example_nested_branch_dag.py took 0.080 seconds
[2024-05-30T07:01:03.075+0000] {processor.py:161} INFO - Started process (PID=2387) to work on /home/airflow/.local/lib/python3.12/site-packages/airflow/example_dags/example_nested_branch_dag.py
[2024-05-30T07:01:03.075+0000] {processor.py:830} INFO - Processing file /home/airflow/.local/lib/python3.12/site-packages/airflow/example_dags/example_nested_branch_dag.py for tasks to queue
[2024-05-30T07:01:03.077+0000] {logging_mixin.py:188} INFO - [2024-05-30T07:01:03.077+0000] {dagbag.py:545} INFO - Filling up the DagBag from /home/airflow/.local/lib/python3.12/site-packages/airflow/example_dags/example_nested_branch_dag.py
[2024-05-30T07:01:03.086+0000] {processor.py:840} INFO - DAG(s) 'example_nested_branch_dag' retrieved from /home/airflow/.local/lib/python3.12/site-packages/airflow/example_dags/example_nested_branch_dag.py
[2024-05-30T07:01:03.105+0000] {logging_mixin.py:188} INFO - [2024-05-30T07:01:03.104+0000] {dag.py:3096} INFO - Sync 1 DAGs
[2024-05-30T07:01:03.127+0000] {logging_mixin.py:188} INFO - [2024-05-30T07:01:03.126+0000] {dag.py:3954} INFO - Setting next_dagrun for example_nested_branch_dag to 2024-05-29 00:00:00+00:00, run_after=2024-05-30 00:00:00+00:00
[2024-05-30T07:01:03.142+0000] {processor.py:183} INFO - Processing /home/airflow/.local/lib/python3.12/site-packages/airflow/example_dags/example_nested_branch_dag.py took 0.073 seconds
