[2024-05-30T06:40:39.658+0000] {processor.py:161} INFO - Started process (PID=49) to work on /home/airflow/.local/lib/python3.12/site-packages/airflow/example_dags/example_complex.py
[2024-05-30T06:40:39.659+0000] {processor.py:830} INFO - Processing file /home/airflow/.local/lib/python3.12/site-packages/airflow/example_dags/example_complex.py for tasks to queue
[2024-05-30T06:40:39.660+0000] {logging_mixin.py:188} INFO - [2024-05-30T06:40:39.660+0000] {dagbag.py:545} INFO - Filling up the DagBag from /home/airflow/.local/lib/python3.12/site-packages/airflow/example_dags/example_complex.py
[2024-05-30T06:40:39.674+0000] {processor.py:840} INFO - DAG(s) 'example_complex' retrieved from /home/airflow/.local/lib/python3.12/site-packages/airflow/example_dags/example_complex.py
[2024-05-30T06:40:39.705+0000] {logging_mixin.py:188} INFO - [2024-05-30T06:40:39.705+0000] {dag.py:3096} INFO - Sync 1 DAGs
[2024-05-30T06:40:39.718+0000] {logging_mixin.py:188} INFO - [2024-05-30T06:40:39.717+0000] {dag.py:3954} INFO - Setting next_dagrun for example_complex to None, run_after=None
[2024-05-30T06:40:39.734+0000] {processor.py:183} INFO - Processing /home/airflow/.local/lib/python3.12/site-packages/airflow/example_dags/example_complex.py took 0.083 seconds
[2024-05-30T06:41:11.092+0000] {processor.py:161} INFO - Started process (PID=107) to work on /home/airflow/.local/lib/python3.12/site-packages/airflow/example_dags/example_complex.py
[2024-05-30T06:41:11.094+0000] {processor.py:830} INFO - Processing file /home/airflow/.local/lib/python3.12/site-packages/airflow/example_dags/example_complex.py for tasks to queue
[2024-05-30T06:41:11.096+0000] {logging_mixin.py:188} INFO - [2024-05-30T06:41:11.095+0000] {dagbag.py:545} INFO - Filling up the DagBag from /home/airflow/.local/lib/python3.12/site-packages/airflow/example_dags/example_complex.py
[2024-05-30T06:41:11.112+0000] {processor.py:840} INFO - DAG(s) 'example_complex' retrieved from /home/airflow/.local/lib/python3.12/site-packages/airflow/example_dags/example_complex.py
[2024-05-30T06:41:11.282+0000] {logging_mixin.py:188} INFO - [2024-05-30T06:41:11.281+0000] {dag.py:3096} INFO - Sync 1 DAGs
[2024-05-30T06:41:11.302+0000] {logging_mixin.py:188} INFO - [2024-05-30T06:41:11.302+0000] {dag.py:3954} INFO - Setting next_dagrun for example_complex to None, run_after=None
[2024-05-30T06:41:11.336+0000] {processor.py:183} INFO - Processing /home/airflow/.local/lib/python3.12/site-packages/airflow/example_dags/example_complex.py took 0.251 seconds
[2024-05-30T06:41:42.101+0000] {processor.py:161} INFO - Started process (PID=165) to work on /home/airflow/.local/lib/python3.12/site-packages/airflow/example_dags/example_complex.py
[2024-05-30T06:41:42.102+0000] {processor.py:830} INFO - Processing file /home/airflow/.local/lib/python3.12/site-packages/airflow/example_dags/example_complex.py for tasks to queue
[2024-05-30T06:41:42.104+0000] {logging_mixin.py:188} INFO - [2024-05-30T06:41:42.103+0000] {dagbag.py:545} INFO - Filling up the DagBag from /home/airflow/.local/lib/python3.12/site-packages/airflow/example_dags/example_complex.py
[2024-05-30T06:41:42.113+0000] {processor.py:840} INFO - DAG(s) 'example_complex' retrieved from /home/airflow/.local/lib/python3.12/site-packages/airflow/example_dags/example_complex.py
[2024-05-30T06:41:42.142+0000] {logging_mixin.py:188} INFO - [2024-05-30T06:41:42.142+0000] {dag.py:3096} INFO - Sync 1 DAGs
[2024-05-30T06:41:42.155+0000] {logging_mixin.py:188} INFO - [2024-05-30T06:41:42.155+0000] {dag.py:3954} INFO - Setting next_dagrun for example_complex to None, run_after=None
[2024-05-30T06:41:42.174+0000] {processor.py:183} INFO - Processing /home/airflow/.local/lib/python3.12/site-packages/airflow/example_dags/example_complex.py took 0.078 seconds
[2024-05-30T06:42:12.893+0000] {processor.py:161} INFO - Started process (PID=223) to work on /home/airflow/.local/lib/python3.12/site-packages/airflow/example_dags/example_complex.py
[2024-05-30T06:42:12.894+0000] {processor.py:830} INFO - Processing file /home/airflow/.local/lib/python3.12/site-packages/airflow/example_dags/example_complex.py for tasks to queue
[2024-05-30T06:42:12.896+0000] {logging_mixin.py:188} INFO - [2024-05-30T06:42:12.896+0000] {dagbag.py:545} INFO - Filling up the DagBag from /home/airflow/.local/lib/python3.12/site-packages/airflow/example_dags/example_complex.py
[2024-05-30T06:42:12.905+0000] {processor.py:840} INFO - DAG(s) 'example_complex' retrieved from /home/airflow/.local/lib/python3.12/site-packages/airflow/example_dags/example_complex.py
[2024-05-30T06:42:12.936+0000] {logging_mixin.py:188} INFO - [2024-05-30T06:42:12.936+0000] {dag.py:3096} INFO - Sync 1 DAGs
[2024-05-30T06:42:12.948+0000] {logging_mixin.py:188} INFO - [2024-05-30T06:42:12.948+0000] {dag.py:3954} INFO - Setting next_dagrun for example_complex to None, run_after=None
[2024-05-30T06:42:12.965+0000] {processor.py:183} INFO - Processing /home/airflow/.local/lib/python3.12/site-packages/airflow/example_dags/example_complex.py took 0.077 seconds
[2024-05-30T06:42:43.038+0000] {processor.py:161} INFO - Started process (PID=281) to work on /home/airflow/.local/lib/python3.12/site-packages/airflow/example_dags/example_complex.py
[2024-05-30T06:42:43.040+0000] {processor.py:830} INFO - Processing file /home/airflow/.local/lib/python3.12/site-packages/airflow/example_dags/example_complex.py for tasks to queue
[2024-05-30T06:42:43.042+0000] {logging_mixin.py:188} INFO - [2024-05-30T06:42:43.041+0000] {dagbag.py:545} INFO - Filling up the DagBag from /home/airflow/.local/lib/python3.12/site-packages/airflow/example_dags/example_complex.py
[2024-05-30T06:42:43.055+0000] {processor.py:840} INFO - DAG(s) 'example_complex' retrieved from /home/airflow/.local/lib/python3.12/site-packages/airflow/example_dags/example_complex.py
[2024-05-30T06:42:43.114+0000] {logging_mixin.py:188} INFO - [2024-05-30T06:42:43.113+0000] {dag.py:3096} INFO - Sync 1 DAGs
[2024-05-30T06:42:43.132+0000] {logging_mixin.py:188} INFO - [2024-05-30T06:42:43.132+0000] {dag.py:3954} INFO - Setting next_dagrun for example_complex to None, run_after=None
[2024-05-30T06:42:43.159+0000] {processor.py:183} INFO - Processing /home/airflow/.local/lib/python3.12/site-packages/airflow/example_dags/example_complex.py took 0.128 seconds
[2024-05-30T06:43:13.255+0000] {processor.py:161} INFO - Started process (PID=339) to work on /home/airflow/.local/lib/python3.12/site-packages/airflow/example_dags/example_complex.py
[2024-05-30T06:43:13.256+0000] {processor.py:830} INFO - Processing file /home/airflow/.local/lib/python3.12/site-packages/airflow/example_dags/example_complex.py for tasks to queue
[2024-05-30T06:43:13.258+0000] {logging_mixin.py:188} INFO - [2024-05-30T06:43:13.258+0000] {dagbag.py:545} INFO - Filling up the DagBag from /home/airflow/.local/lib/python3.12/site-packages/airflow/example_dags/example_complex.py
[2024-05-30T06:43:13.267+0000] {processor.py:840} INFO - DAG(s) 'example_complex' retrieved from /home/airflow/.local/lib/python3.12/site-packages/airflow/example_dags/example_complex.py
[2024-05-30T06:43:13.297+0000] {logging_mixin.py:188} INFO - [2024-05-30T06:43:13.297+0000] {dag.py:3096} INFO - Sync 1 DAGs
[2024-05-30T06:43:13.312+0000] {logging_mixin.py:188} INFO - [2024-05-30T06:43:13.312+0000] {dag.py:3954} INFO - Setting next_dagrun for example_complex to None, run_after=None
[2024-05-30T06:43:13.330+0000] {processor.py:183} INFO - Processing /home/airflow/.local/lib/python3.12/site-packages/airflow/example_dags/example_complex.py took 0.080 seconds
[2024-05-30T06:43:43.541+0000] {processor.py:161} INFO - Started process (PID=397) to work on /home/airflow/.local/lib/python3.12/site-packages/airflow/example_dags/example_complex.py
[2024-05-30T06:43:43.542+0000] {processor.py:830} INFO - Processing file /home/airflow/.local/lib/python3.12/site-packages/airflow/example_dags/example_complex.py for tasks to queue
[2024-05-30T06:43:43.543+0000] {logging_mixin.py:188} INFO - [2024-05-30T06:43:43.543+0000] {dagbag.py:545} INFO - Filling up the DagBag from /home/airflow/.local/lib/python3.12/site-packages/airflow/example_dags/example_complex.py
[2024-05-30T06:43:43.553+0000] {processor.py:840} INFO - DAG(s) 'example_complex' retrieved from /home/airflow/.local/lib/python3.12/site-packages/airflow/example_dags/example_complex.py
[2024-05-30T06:43:43.584+0000] {logging_mixin.py:188} INFO - [2024-05-30T06:43:43.584+0000] {dag.py:3096} INFO - Sync 1 DAGs
[2024-05-30T06:43:43.596+0000] {logging_mixin.py:188} INFO - [2024-05-30T06:43:43.596+0000] {dag.py:3954} INFO - Setting next_dagrun for example_complex to None, run_after=None
[2024-05-30T06:43:43.615+0000] {processor.py:183} INFO - Processing /home/airflow/.local/lib/python3.12/site-packages/airflow/example_dags/example_complex.py took 0.079 seconds
[2024-05-30T06:44:14.331+0000] {processor.py:161} INFO - Started process (PID=455) to work on /home/airflow/.local/lib/python3.12/site-packages/airflow/example_dags/example_complex.py
[2024-05-30T06:44:14.332+0000] {processor.py:830} INFO - Processing file /home/airflow/.local/lib/python3.12/site-packages/airflow/example_dags/example_complex.py for tasks to queue
[2024-05-30T06:44:14.334+0000] {logging_mixin.py:188} INFO - [2024-05-30T06:44:14.334+0000] {dagbag.py:545} INFO - Filling up the DagBag from /home/airflow/.local/lib/python3.12/site-packages/airflow/example_dags/example_complex.py
[2024-05-30T06:44:14.344+0000] {processor.py:840} INFO - DAG(s) 'example_complex' retrieved from /home/airflow/.local/lib/python3.12/site-packages/airflow/example_dags/example_complex.py
[2024-05-30T06:44:14.378+0000] {logging_mixin.py:188} INFO - [2024-05-30T06:44:14.377+0000] {dag.py:3096} INFO - Sync 1 DAGs
[2024-05-30T06:44:14.390+0000] {logging_mixin.py:188} INFO - [2024-05-30T06:44:14.390+0000] {dag.py:3954} INFO - Setting next_dagrun for example_complex to None, run_after=None
[2024-05-30T06:44:14.408+0000] {processor.py:183} INFO - Processing /home/airflow/.local/lib/python3.12/site-packages/airflow/example_dags/example_complex.py took 0.082 seconds
[2024-05-30T06:44:44.460+0000] {processor.py:161} INFO - Started process (PID=513) to work on /home/airflow/.local/lib/python3.12/site-packages/airflow/example_dags/example_complex.py
[2024-05-30T06:44:44.461+0000] {processor.py:830} INFO - Processing file /home/airflow/.local/lib/python3.12/site-packages/airflow/example_dags/example_complex.py for tasks to queue
[2024-05-30T06:44:44.463+0000] {logging_mixin.py:188} INFO - [2024-05-30T06:44:44.462+0000] {dagbag.py:545} INFO - Filling up the DagBag from /home/airflow/.local/lib/python3.12/site-packages/airflow/example_dags/example_complex.py
[2024-05-30T06:44:44.472+0000] {processor.py:840} INFO - DAG(s) 'example_complex' retrieved from /home/airflow/.local/lib/python3.12/site-packages/airflow/example_dags/example_complex.py
[2024-05-30T06:44:44.504+0000] {logging_mixin.py:188} INFO - [2024-05-30T06:44:44.503+0000] {dag.py:3096} INFO - Sync 1 DAGs
[2024-05-30T06:44:44.518+0000] {logging_mixin.py:188} INFO - [2024-05-30T06:44:44.518+0000] {dag.py:3954} INFO - Setting next_dagrun for example_complex to None, run_after=None
[2024-05-30T06:44:44.535+0000] {processor.py:183} INFO - Processing /home/airflow/.local/lib/python3.12/site-packages/airflow/example_dags/example_complex.py took 0.080 seconds
[2024-05-30T06:45:14.810+0000] {processor.py:161} INFO - Started process (PID=571) to work on /home/airflow/.local/lib/python3.12/site-packages/airflow/example_dags/example_complex.py
[2024-05-30T06:45:14.811+0000] {processor.py:830} INFO - Processing file /home/airflow/.local/lib/python3.12/site-packages/airflow/example_dags/example_complex.py for tasks to queue
[2024-05-30T06:45:14.813+0000] {logging_mixin.py:188} INFO - [2024-05-30T06:45:14.812+0000] {dagbag.py:545} INFO - Filling up the DagBag from /home/airflow/.local/lib/python3.12/site-packages/airflow/example_dags/example_complex.py
[2024-05-30T06:45:14.823+0000] {processor.py:840} INFO - DAG(s) 'example_complex' retrieved from /home/airflow/.local/lib/python3.12/site-packages/airflow/example_dags/example_complex.py
[2024-05-30T06:45:14.854+0000] {logging_mixin.py:188} INFO - [2024-05-30T06:45:14.854+0000] {dag.py:3096} INFO - Sync 1 DAGs
[2024-05-30T06:45:14.867+0000] {logging_mixin.py:188} INFO - [2024-05-30T06:45:14.867+0000] {dag.py:3954} INFO - Setting next_dagrun for example_complex to None, run_after=None
[2024-05-30T06:45:14.888+0000] {processor.py:183} INFO - Processing /home/airflow/.local/lib/python3.12/site-packages/airflow/example_dags/example_complex.py took 0.083 seconds
[2024-05-30T06:45:45.143+0000] {processor.py:161} INFO - Started process (PID=629) to work on /home/airflow/.local/lib/python3.12/site-packages/airflow/example_dags/example_complex.py
[2024-05-30T06:45:45.144+0000] {processor.py:830} INFO - Processing file /home/airflow/.local/lib/python3.12/site-packages/airflow/example_dags/example_complex.py for tasks to queue
[2024-05-30T06:45:45.145+0000] {logging_mixin.py:188} INFO - [2024-05-30T06:45:45.145+0000] {dagbag.py:545} INFO - Filling up the DagBag from /home/airflow/.local/lib/python3.12/site-packages/airflow/example_dags/example_complex.py
[2024-05-30T06:45:45.155+0000] {processor.py:840} INFO - DAG(s) 'example_complex' retrieved from /home/airflow/.local/lib/python3.12/site-packages/airflow/example_dags/example_complex.py
[2024-05-30T06:45:45.187+0000] {logging_mixin.py:188} INFO - [2024-05-30T06:45:45.186+0000] {dag.py:3096} INFO - Sync 1 DAGs
[2024-05-30T06:45:45.205+0000] {logging_mixin.py:188} INFO - [2024-05-30T06:45:45.204+0000] {dag.py:3954} INFO - Setting next_dagrun for example_complex to None, run_after=None
[2024-05-30T06:45:45.223+0000] {processor.py:183} INFO - Processing /home/airflow/.local/lib/python3.12/site-packages/airflow/example_dags/example_complex.py took 0.085 seconds
[2024-05-30T06:46:15.293+0000] {processor.py:161} INFO - Started process (PID=687) to work on /home/airflow/.local/lib/python3.12/site-packages/airflow/example_dags/example_complex.py
[2024-05-30T06:46:15.294+0000] {processor.py:830} INFO - Processing file /home/airflow/.local/lib/python3.12/site-packages/airflow/example_dags/example_complex.py for tasks to queue
[2024-05-30T06:46:15.296+0000] {logging_mixin.py:188} INFO - [2024-05-30T06:46:15.296+0000] {dagbag.py:545} INFO - Filling up the DagBag from /home/airflow/.local/lib/python3.12/site-packages/airflow/example_dags/example_complex.py
[2024-05-30T06:46:15.310+0000] {processor.py:840} INFO - DAG(s) 'example_complex' retrieved from /home/airflow/.local/lib/python3.12/site-packages/airflow/example_dags/example_complex.py
[2024-05-30T06:46:15.344+0000] {logging_mixin.py:188} INFO - [2024-05-30T06:46:15.344+0000] {dag.py:3096} INFO - Sync 1 DAGs
[2024-05-30T06:46:15.362+0000] {logging_mixin.py:188} INFO - [2024-05-30T06:46:15.362+0000] {dag.py:3954} INFO - Setting next_dagrun for example_complex to None, run_after=None
[2024-05-30T06:46:15.385+0000] {processor.py:183} INFO - Processing /home/airflow/.local/lib/python3.12/site-packages/airflow/example_dags/example_complex.py took 0.098 seconds
[2024-05-30T06:46:45.798+0000] {processor.py:161} INFO - Started process (PID=745) to work on /home/airflow/.local/lib/python3.12/site-packages/airflow/example_dags/example_complex.py
[2024-05-30T06:46:45.799+0000] {processor.py:830} INFO - Processing file /home/airflow/.local/lib/python3.12/site-packages/airflow/example_dags/example_complex.py for tasks to queue
[2024-05-30T06:46:45.800+0000] {logging_mixin.py:188} INFO - [2024-05-30T06:46:45.800+0000] {dagbag.py:545} INFO - Filling up the DagBag from /home/airflow/.local/lib/python3.12/site-packages/airflow/example_dags/example_complex.py
[2024-05-30T06:46:45.810+0000] {processor.py:840} INFO - DAG(s) 'example_complex' retrieved from /home/airflow/.local/lib/python3.12/site-packages/airflow/example_dags/example_complex.py
[2024-05-30T06:46:45.840+0000] {logging_mixin.py:188} INFO - [2024-05-30T06:46:45.840+0000] {dag.py:3096} INFO - Sync 1 DAGs
[2024-05-30T06:46:45.853+0000] {logging_mixin.py:188} INFO - [2024-05-30T06:46:45.852+0000] {dag.py:3954} INFO - Setting next_dagrun for example_complex to None, run_after=None
[2024-05-30T06:46:45.870+0000] {processor.py:183} INFO - Processing /home/airflow/.local/lib/python3.12/site-packages/airflow/example_dags/example_complex.py took 0.078 seconds
[2024-05-30T06:47:16.703+0000] {processor.py:161} INFO - Started process (PID=803) to work on /home/airflow/.local/lib/python3.12/site-packages/airflow/example_dags/example_complex.py
[2024-05-30T06:47:16.704+0000] {processor.py:830} INFO - Processing file /home/airflow/.local/lib/python3.12/site-packages/airflow/example_dags/example_complex.py for tasks to queue
[2024-05-30T06:47:16.706+0000] {logging_mixin.py:188} INFO - [2024-05-30T06:47:16.705+0000] {dagbag.py:545} INFO - Filling up the DagBag from /home/airflow/.local/lib/python3.12/site-packages/airflow/example_dags/example_complex.py
[2024-05-30T06:47:16.715+0000] {processor.py:840} INFO - DAG(s) 'example_complex' retrieved from /home/airflow/.local/lib/python3.12/site-packages/airflow/example_dags/example_complex.py
[2024-05-30T06:47:16.746+0000] {logging_mixin.py:188} INFO - [2024-05-30T06:47:16.745+0000] {dag.py:3096} INFO - Sync 1 DAGs
[2024-05-30T06:47:16.758+0000] {logging_mixin.py:188} INFO - [2024-05-30T06:47:16.758+0000] {dag.py:3954} INFO - Setting next_dagrun for example_complex to None, run_after=None
[2024-05-30T06:47:16.775+0000] {processor.py:183} INFO - Processing /home/airflow/.local/lib/python3.12/site-packages/airflow/example_dags/example_complex.py took 0.077 seconds
[2024-05-30T06:47:46.883+0000] {processor.py:161} INFO - Started process (PID=861) to work on /home/airflow/.local/lib/python3.12/site-packages/airflow/example_dags/example_complex.py
[2024-05-30T06:47:46.884+0000] {processor.py:830} INFO - Processing file /home/airflow/.local/lib/python3.12/site-packages/airflow/example_dags/example_complex.py for tasks to queue
[2024-05-30T06:47:46.886+0000] {logging_mixin.py:188} INFO - [2024-05-30T06:47:46.886+0000] {dagbag.py:545} INFO - Filling up the DagBag from /home/airflow/.local/lib/python3.12/site-packages/airflow/example_dags/example_complex.py
[2024-05-30T06:47:46.896+0000] {processor.py:840} INFO - DAG(s) 'example_complex' retrieved from /home/airflow/.local/lib/python3.12/site-packages/airflow/example_dags/example_complex.py
[2024-05-30T06:47:46.926+0000] {logging_mixin.py:188} INFO - [2024-05-30T06:47:46.925+0000] {dag.py:3096} INFO - Sync 1 DAGs
[2024-05-30T06:47:46.938+0000] {logging_mixin.py:188} INFO - [2024-05-30T06:47:46.938+0000] {dag.py:3954} INFO - Setting next_dagrun for example_complex to None, run_after=None
[2024-05-30T06:47:46.957+0000] {processor.py:183} INFO - Processing /home/airflow/.local/lib/python3.12/site-packages/airflow/example_dags/example_complex.py took 0.078 seconds
[2024-05-30T06:48:17.088+0000] {processor.py:161} INFO - Started process (PID=919) to work on /home/airflow/.local/lib/python3.12/site-packages/airflow/example_dags/example_complex.py
[2024-05-30T06:48:17.088+0000] {processor.py:830} INFO - Processing file /home/airflow/.local/lib/python3.12/site-packages/airflow/example_dags/example_complex.py for tasks to queue
[2024-05-30T06:48:17.090+0000] {logging_mixin.py:188} INFO - [2024-05-30T06:48:17.090+0000] {dagbag.py:545} INFO - Filling up the DagBag from /home/airflow/.local/lib/python3.12/site-packages/airflow/example_dags/example_complex.py
[2024-05-30T06:48:17.100+0000] {processor.py:840} INFO - DAG(s) 'example_complex' retrieved from /home/airflow/.local/lib/python3.12/site-packages/airflow/example_dags/example_complex.py
[2024-05-30T06:48:17.131+0000] {logging_mixin.py:188} INFO - [2024-05-30T06:48:17.131+0000] {dag.py:3096} INFO - Sync 1 DAGs
[2024-05-30T06:48:17.144+0000] {logging_mixin.py:188} INFO - [2024-05-30T06:48:17.144+0000] {dag.py:3954} INFO - Setting next_dagrun for example_complex to None, run_after=None
[2024-05-30T06:48:17.163+0000] {processor.py:183} INFO - Processing /home/airflow/.local/lib/python3.12/site-packages/airflow/example_dags/example_complex.py took 0.080 seconds
[2024-05-30T06:48:47.322+0000] {processor.py:161} INFO - Started process (PID=977) to work on /home/airflow/.local/lib/python3.12/site-packages/airflow/example_dags/example_complex.py
[2024-05-30T06:48:47.322+0000] {processor.py:830} INFO - Processing file /home/airflow/.local/lib/python3.12/site-packages/airflow/example_dags/example_complex.py for tasks to queue
[2024-05-30T06:48:47.324+0000] {logging_mixin.py:188} INFO - [2024-05-30T06:48:47.324+0000] {dagbag.py:545} INFO - Filling up the DagBag from /home/airflow/.local/lib/python3.12/site-packages/airflow/example_dags/example_complex.py
[2024-05-30T06:48:47.334+0000] {processor.py:840} INFO - DAG(s) 'example_complex' retrieved from /home/airflow/.local/lib/python3.12/site-packages/airflow/example_dags/example_complex.py
[2024-05-30T06:48:47.364+0000] {logging_mixin.py:188} INFO - [2024-05-30T06:48:47.364+0000] {dag.py:3096} INFO - Sync 1 DAGs
[2024-05-30T06:48:47.377+0000] {logging_mixin.py:188} INFO - [2024-05-30T06:48:47.377+0000] {dag.py:3954} INFO - Setting next_dagrun for example_complex to None, run_after=None
[2024-05-30T06:48:47.395+0000] {processor.py:183} INFO - Processing /home/airflow/.local/lib/python3.12/site-packages/airflow/example_dags/example_complex.py took 0.078 seconds
[2024-05-30T06:49:17.882+0000] {processor.py:161} INFO - Started process (PID=1041) to work on /home/airflow/.local/lib/python3.12/site-packages/airflow/example_dags/example_complex.py
[2024-05-30T06:49:17.883+0000] {processor.py:830} INFO - Processing file /home/airflow/.local/lib/python3.12/site-packages/airflow/example_dags/example_complex.py for tasks to queue
[2024-05-30T06:49:17.885+0000] {logging_mixin.py:188} INFO - [2024-05-30T06:49:17.885+0000] {dagbag.py:545} INFO - Filling up the DagBag from /home/airflow/.local/lib/python3.12/site-packages/airflow/example_dags/example_complex.py
[2024-05-30T06:49:17.897+0000] {processor.py:840} INFO - DAG(s) 'example_complex' retrieved from /home/airflow/.local/lib/python3.12/site-packages/airflow/example_dags/example_complex.py
[2024-05-30T06:49:17.930+0000] {logging_mixin.py:188} INFO - [2024-05-30T06:49:17.930+0000] {dag.py:3096} INFO - Sync 1 DAGs
[2024-05-30T06:49:17.943+0000] {logging_mixin.py:188} INFO - [2024-05-30T06:49:17.943+0000] {dag.py:3954} INFO - Setting next_dagrun for example_complex to None, run_after=None
[2024-05-30T06:49:17.963+0000] {processor.py:183} INFO - Processing /home/airflow/.local/lib/python3.12/site-packages/airflow/example_dags/example_complex.py took 0.087 seconds
[2024-05-30T06:49:48.863+0000] {processor.py:161} INFO - Started process (PID=1099) to work on /home/airflow/.local/lib/python3.12/site-packages/airflow/example_dags/example_complex.py
[2024-05-30T06:49:48.864+0000] {processor.py:830} INFO - Processing file /home/airflow/.local/lib/python3.12/site-packages/airflow/example_dags/example_complex.py for tasks to queue
[2024-05-30T06:49:48.866+0000] {logging_mixin.py:188} INFO - [2024-05-30T06:49:48.866+0000] {dagbag.py:545} INFO - Filling up the DagBag from /home/airflow/.local/lib/python3.12/site-packages/airflow/example_dags/example_complex.py
[2024-05-30T06:49:48.876+0000] {processor.py:840} INFO - DAG(s) 'example_complex' retrieved from /home/airflow/.local/lib/python3.12/site-packages/airflow/example_dags/example_complex.py
[2024-05-30T06:49:48.907+0000] {logging_mixin.py:188} INFO - [2024-05-30T06:49:48.906+0000] {dag.py:3096} INFO - Sync 1 DAGs
[2024-05-30T06:49:48.919+0000] {logging_mixin.py:188} INFO - [2024-05-30T06:49:48.919+0000] {dag.py:3954} INFO - Setting next_dagrun for example_complex to None, run_after=None
[2024-05-30T06:49:48.936+0000] {processor.py:183} INFO - Processing /home/airflow/.local/lib/python3.12/site-packages/airflow/example_dags/example_complex.py took 0.078 seconds
[2024-05-30T06:50:19.540+0000] {processor.py:161} INFO - Started process (PID=1157) to work on /home/airflow/.local/lib/python3.12/site-packages/airflow/example_dags/example_complex.py
[2024-05-30T06:50:19.541+0000] {processor.py:830} INFO - Processing file /home/airflow/.local/lib/python3.12/site-packages/airflow/example_dags/example_complex.py for tasks to queue
[2024-05-30T06:50:19.542+0000] {logging_mixin.py:188} INFO - [2024-05-30T06:50:19.542+0000] {dagbag.py:545} INFO - Filling up the DagBag from /home/airflow/.local/lib/python3.12/site-packages/airflow/example_dags/example_complex.py
[2024-05-30T06:50:19.553+0000] {processor.py:840} INFO - DAG(s) 'example_complex' retrieved from /home/airflow/.local/lib/python3.12/site-packages/airflow/example_dags/example_complex.py
[2024-05-30T06:50:19.583+0000] {logging_mixin.py:188} INFO - [2024-05-30T06:50:19.583+0000] {dag.py:3096} INFO - Sync 1 DAGs
[2024-05-30T06:50:19.596+0000] {logging_mixin.py:188} INFO - [2024-05-30T06:50:19.595+0000] {dag.py:3954} INFO - Setting next_dagrun for example_complex to None, run_after=None
[2024-05-30T06:50:19.615+0000] {processor.py:183} INFO - Processing /home/airflow/.local/lib/python3.12/site-packages/airflow/example_dags/example_complex.py took 0.081 seconds
[2024-05-30T06:50:50.268+0000] {processor.py:161} INFO - Started process (PID=1215) to work on /home/airflow/.local/lib/python3.12/site-packages/airflow/example_dags/example_complex.py
[2024-05-30T06:50:50.269+0000] {processor.py:830} INFO - Processing file /home/airflow/.local/lib/python3.12/site-packages/airflow/example_dags/example_complex.py for tasks to queue
[2024-05-30T06:50:50.270+0000] {logging_mixin.py:188} INFO - [2024-05-30T06:50:50.270+0000] {dagbag.py:545} INFO - Filling up the DagBag from /home/airflow/.local/lib/python3.12/site-packages/airflow/example_dags/example_complex.py
[2024-05-30T06:50:50.280+0000] {processor.py:840} INFO - DAG(s) 'example_complex' retrieved from /home/airflow/.local/lib/python3.12/site-packages/airflow/example_dags/example_complex.py
[2024-05-30T06:50:50.311+0000] {logging_mixin.py:188} INFO - [2024-05-30T06:50:50.311+0000] {dag.py:3096} INFO - Sync 1 DAGs
[2024-05-30T06:50:50.323+0000] {logging_mixin.py:188} INFO - [2024-05-30T06:50:50.323+0000] {dag.py:3954} INFO - Setting next_dagrun for example_complex to None, run_after=None
[2024-05-30T06:50:50.341+0000] {processor.py:183} INFO - Processing /home/airflow/.local/lib/python3.12/site-packages/airflow/example_dags/example_complex.py took 0.078 seconds
[2024-05-30T06:51:21.079+0000] {processor.py:161} INFO - Started process (PID=1273) to work on /home/airflow/.local/lib/python3.12/site-packages/airflow/example_dags/example_complex.py
[2024-05-30T06:51:21.080+0000] {processor.py:830} INFO - Processing file /home/airflow/.local/lib/python3.12/site-packages/airflow/example_dags/example_complex.py for tasks to queue
[2024-05-30T06:51:21.082+0000] {logging_mixin.py:188} INFO - [2024-05-30T06:51:21.082+0000] {dagbag.py:545} INFO - Filling up the DagBag from /home/airflow/.local/lib/python3.12/site-packages/airflow/example_dags/example_complex.py
[2024-05-30T06:51:21.092+0000] {processor.py:840} INFO - DAG(s) 'example_complex' retrieved from /home/airflow/.local/lib/python3.12/site-packages/airflow/example_dags/example_complex.py
[2024-05-30T06:51:21.122+0000] {logging_mixin.py:188} INFO - [2024-05-30T06:51:21.122+0000] {dag.py:3096} INFO - Sync 1 DAGs
[2024-05-30T06:51:21.134+0000] {logging_mixin.py:188} INFO - [2024-05-30T06:51:21.134+0000] {dag.py:3954} INFO - Setting next_dagrun for example_complex to None, run_after=None
[2024-05-30T06:51:21.152+0000] {processor.py:183} INFO - Processing /home/airflow/.local/lib/python3.12/site-packages/airflow/example_dags/example_complex.py took 0.078 seconds
[2024-05-30T06:51:52.002+0000] {processor.py:161} INFO - Started process (PID=1331) to work on /home/airflow/.local/lib/python3.12/site-packages/airflow/example_dags/example_complex.py
[2024-05-30T06:51:52.003+0000] {processor.py:830} INFO - Processing file /home/airflow/.local/lib/python3.12/site-packages/airflow/example_dags/example_complex.py for tasks to queue
[2024-05-30T06:51:52.005+0000] {logging_mixin.py:188} INFO - [2024-05-30T06:51:52.004+0000] {dagbag.py:545} INFO - Filling up the DagBag from /home/airflow/.local/lib/python3.12/site-packages/airflow/example_dags/example_complex.py
[2024-05-30T06:51:52.015+0000] {processor.py:840} INFO - DAG(s) 'example_complex' retrieved from /home/airflow/.local/lib/python3.12/site-packages/airflow/example_dags/example_complex.py
[2024-05-30T06:51:52.044+0000] {logging_mixin.py:188} INFO - [2024-05-30T06:51:52.044+0000] {dag.py:3096} INFO - Sync 1 DAGs
[2024-05-30T06:51:52.057+0000] {logging_mixin.py:188} INFO - [2024-05-30T06:51:52.057+0000] {dag.py:3954} INFO - Setting next_dagrun for example_complex to None, run_after=None
[2024-05-30T06:51:52.076+0000] {processor.py:183} INFO - Processing /home/airflow/.local/lib/python3.12/site-packages/airflow/example_dags/example_complex.py took 0.080 seconds
[2024-05-30T06:52:22.329+0000] {processor.py:161} INFO - Started process (PID=1388) to work on /home/airflow/.local/lib/python3.12/site-packages/airflow/example_dags/example_complex.py
[2024-05-30T06:52:22.330+0000] {processor.py:830} INFO - Processing file /home/airflow/.local/lib/python3.12/site-packages/airflow/example_dags/example_complex.py for tasks to queue
[2024-05-30T06:52:22.331+0000] {logging_mixin.py:188} INFO - [2024-05-30T06:52:22.331+0000] {dagbag.py:545} INFO - Filling up the DagBag from /home/airflow/.local/lib/python3.12/site-packages/airflow/example_dags/example_complex.py
[2024-05-30T06:52:22.341+0000] {processor.py:840} INFO - DAG(s) 'example_complex' retrieved from /home/airflow/.local/lib/python3.12/site-packages/airflow/example_dags/example_complex.py
[2024-05-30T06:52:22.371+0000] {logging_mixin.py:188} INFO - [2024-05-30T06:52:22.371+0000] {dag.py:3096} INFO - Sync 1 DAGs
[2024-05-30T06:52:22.384+0000] {logging_mixin.py:188} INFO - [2024-05-30T06:52:22.383+0000] {dag.py:3954} INFO - Setting next_dagrun for example_complex to None, run_after=None
[2024-05-30T06:52:22.527+0000] {processor.py:183} INFO - Processing /home/airflow/.local/lib/python3.12/site-packages/airflow/example_dags/example_complex.py took 0.203 seconds
[2024-05-30T06:52:53.020+0000] {processor.py:161} INFO - Started process (PID=1447) to work on /home/airflow/.local/lib/python3.12/site-packages/airflow/example_dags/example_complex.py
[2024-05-30T06:52:53.021+0000] {processor.py:830} INFO - Processing file /home/airflow/.local/lib/python3.12/site-packages/airflow/example_dags/example_complex.py for tasks to queue
[2024-05-30T06:52:53.023+0000] {logging_mixin.py:188} INFO - [2024-05-30T06:52:53.023+0000] {dagbag.py:545} INFO - Filling up the DagBag from /home/airflow/.local/lib/python3.12/site-packages/airflow/example_dags/example_complex.py
[2024-05-30T06:52:53.033+0000] {processor.py:840} INFO - DAG(s) 'example_complex' retrieved from /home/airflow/.local/lib/python3.12/site-packages/airflow/example_dags/example_complex.py
[2024-05-30T06:52:53.066+0000] {logging_mixin.py:188} INFO - [2024-05-30T06:52:53.066+0000] {dag.py:3096} INFO - Sync 1 DAGs
[2024-05-30T06:52:53.080+0000] {logging_mixin.py:188} INFO - [2024-05-30T06:52:53.080+0000] {dag.py:3954} INFO - Setting next_dagrun for example_complex to None, run_after=None
[2024-05-30T06:52:53.102+0000] {processor.py:183} INFO - Processing /home/airflow/.local/lib/python3.12/site-packages/airflow/example_dags/example_complex.py took 0.087 seconds
[2024-05-30T06:53:23.530+0000] {processor.py:161} INFO - Started process (PID=1505) to work on /home/airflow/.local/lib/python3.12/site-packages/airflow/example_dags/example_complex.py
[2024-05-30T06:53:23.531+0000] {processor.py:830} INFO - Processing file /home/airflow/.local/lib/python3.12/site-packages/airflow/example_dags/example_complex.py for tasks to queue
[2024-05-30T06:53:23.533+0000] {logging_mixin.py:188} INFO - [2024-05-30T06:53:23.532+0000] {dagbag.py:545} INFO - Filling up the DagBag from /home/airflow/.local/lib/python3.12/site-packages/airflow/example_dags/example_complex.py
[2024-05-30T06:53:23.542+0000] {processor.py:840} INFO - DAG(s) 'example_complex' retrieved from /home/airflow/.local/lib/python3.12/site-packages/airflow/example_dags/example_complex.py
[2024-05-30T06:53:23.580+0000] {logging_mixin.py:188} INFO - [2024-05-30T06:53:23.580+0000] {dag.py:3096} INFO - Sync 1 DAGs
[2024-05-30T06:53:23.593+0000] {logging_mixin.py:188} INFO - [2024-05-30T06:53:23.593+0000] {dag.py:3954} INFO - Setting next_dagrun for example_complex to None, run_after=None
[2024-05-30T06:53:23.611+0000] {processor.py:183} INFO - Processing /home/airflow/.local/lib/python3.12/site-packages/airflow/example_dags/example_complex.py took 0.086 seconds
[2024-05-30T06:53:54.045+0000] {processor.py:161} INFO - Started process (PID=1563) to work on /home/airflow/.local/lib/python3.12/site-packages/airflow/example_dags/example_complex.py
[2024-05-30T06:53:54.046+0000] {processor.py:830} INFO - Processing file /home/airflow/.local/lib/python3.12/site-packages/airflow/example_dags/example_complex.py for tasks to queue
[2024-05-30T06:53:54.048+0000] {logging_mixin.py:188} INFO - [2024-05-30T06:53:54.047+0000] {dagbag.py:545} INFO - Filling up the DagBag from /home/airflow/.local/lib/python3.12/site-packages/airflow/example_dags/example_complex.py
[2024-05-30T06:53:54.057+0000] {processor.py:840} INFO - DAG(s) 'example_complex' retrieved from /home/airflow/.local/lib/python3.12/site-packages/airflow/example_dags/example_complex.py
[2024-05-30T06:53:54.090+0000] {logging_mixin.py:188} INFO - [2024-05-30T06:53:54.089+0000] {dag.py:3096} INFO - Sync 1 DAGs
[2024-05-30T06:53:54.102+0000] {logging_mixin.py:188} INFO - [2024-05-30T06:53:54.102+0000] {dag.py:3954} INFO - Setting next_dagrun for example_complex to None, run_after=None
[2024-05-30T06:53:54.120+0000] {processor.py:183} INFO - Processing /home/airflow/.local/lib/python3.12/site-packages/airflow/example_dags/example_complex.py took 0.080 seconds
[2024-05-30T06:54:24.802+0000] {processor.py:161} INFO - Started process (PID=1621) to work on /home/airflow/.local/lib/python3.12/site-packages/airflow/example_dags/example_complex.py
[2024-05-30T06:54:24.803+0000] {processor.py:830} INFO - Processing file /home/airflow/.local/lib/python3.12/site-packages/airflow/example_dags/example_complex.py for tasks to queue
[2024-05-30T06:54:24.806+0000] {logging_mixin.py:188} INFO - [2024-05-30T06:54:24.805+0000] {dagbag.py:545} INFO - Filling up the DagBag from /home/airflow/.local/lib/python3.12/site-packages/airflow/example_dags/example_complex.py
[2024-05-30T06:54:24.820+0000] {processor.py:840} INFO - DAG(s) 'example_complex' retrieved from /home/airflow/.local/lib/python3.12/site-packages/airflow/example_dags/example_complex.py
[2024-05-30T06:54:24.859+0000] {logging_mixin.py:188} INFO - [2024-05-30T06:54:24.859+0000] {dag.py:3096} INFO - Sync 1 DAGs
[2024-05-30T06:54:24.880+0000] {logging_mixin.py:188} INFO - [2024-05-30T06:54:24.880+0000] {dag.py:3954} INFO - Setting next_dagrun for example_complex to None, run_after=None
[2024-05-30T06:54:24.914+0000] {processor.py:183} INFO - Processing /home/airflow/.local/lib/python3.12/site-packages/airflow/example_dags/example_complex.py took 0.120 seconds
[2024-05-30T06:54:55.215+0000] {processor.py:161} INFO - Started process (PID=1679) to work on /home/airflow/.local/lib/python3.12/site-packages/airflow/example_dags/example_complex.py
[2024-05-30T06:54:55.216+0000] {processor.py:830} INFO - Processing file /home/airflow/.local/lib/python3.12/site-packages/airflow/example_dags/example_complex.py for tasks to queue
[2024-05-30T06:54:55.218+0000] {logging_mixin.py:188} INFO - [2024-05-30T06:54:55.217+0000] {dagbag.py:545} INFO - Filling up the DagBag from /home/airflow/.local/lib/python3.12/site-packages/airflow/example_dags/example_complex.py
[2024-05-30T06:54:55.228+0000] {processor.py:840} INFO - DAG(s) 'example_complex' retrieved from /home/airflow/.local/lib/python3.12/site-packages/airflow/example_dags/example_complex.py
[2024-05-30T06:54:55.259+0000] {logging_mixin.py:188} INFO - [2024-05-30T06:54:55.259+0000] {dag.py:3096} INFO - Sync 1 DAGs
[2024-05-30T06:54:55.272+0000] {logging_mixin.py:188} INFO - [2024-05-30T06:54:55.272+0000] {dag.py:3954} INFO - Setting next_dagrun for example_complex to None, run_after=None
[2024-05-30T06:54:55.290+0000] {processor.py:183} INFO - Processing /home/airflow/.local/lib/python3.12/site-packages/airflow/example_dags/example_complex.py took 0.080 seconds
[2024-05-30T06:55:25.494+0000] {processor.py:161} INFO - Started process (PID=1737) to work on /home/airflow/.local/lib/python3.12/site-packages/airflow/example_dags/example_complex.py
[2024-05-30T06:55:25.494+0000] {processor.py:830} INFO - Processing file /home/airflow/.local/lib/python3.12/site-packages/airflow/example_dags/example_complex.py for tasks to queue
[2024-05-30T06:55:25.496+0000] {logging_mixin.py:188} INFO - [2024-05-30T06:55:25.496+0000] {dagbag.py:545} INFO - Filling up the DagBag from /home/airflow/.local/lib/python3.12/site-packages/airflow/example_dags/example_complex.py
[2024-05-30T06:55:25.506+0000] {processor.py:840} INFO - DAG(s) 'example_complex' retrieved from /home/airflow/.local/lib/python3.12/site-packages/airflow/example_dags/example_complex.py
[2024-05-30T06:55:25.542+0000] {logging_mixin.py:188} INFO - [2024-05-30T06:55:25.542+0000] {dag.py:3096} INFO - Sync 1 DAGs
[2024-05-30T06:55:25.554+0000] {logging_mixin.py:188} INFO - [2024-05-30T06:55:25.554+0000] {dag.py:3954} INFO - Setting next_dagrun for example_complex to None, run_after=None
[2024-05-30T06:55:25.572+0000] {processor.py:183} INFO - Processing /home/airflow/.local/lib/python3.12/site-packages/airflow/example_dags/example_complex.py took 0.084 seconds
[2024-05-30T06:55:55.619+0000] {processor.py:161} INFO - Started process (PID=1795) to work on /home/airflow/.local/lib/python3.12/site-packages/airflow/example_dags/example_complex.py
[2024-05-30T06:55:55.620+0000] {processor.py:830} INFO - Processing file /home/airflow/.local/lib/python3.12/site-packages/airflow/example_dags/example_complex.py for tasks to queue
[2024-05-30T06:55:55.621+0000] {logging_mixin.py:188} INFO - [2024-05-30T06:55:55.621+0000] {dagbag.py:545} INFO - Filling up the DagBag from /home/airflow/.local/lib/python3.12/site-packages/airflow/example_dags/example_complex.py
[2024-05-30T06:55:55.631+0000] {processor.py:840} INFO - DAG(s) 'example_complex' retrieved from /home/airflow/.local/lib/python3.12/site-packages/airflow/example_dags/example_complex.py
[2024-05-30T06:55:55.662+0000] {logging_mixin.py:188} INFO - [2024-05-30T06:55:55.661+0000] {dag.py:3096} INFO - Sync 1 DAGs
[2024-05-30T06:55:55.674+0000] {logging_mixin.py:188} INFO - [2024-05-30T06:55:55.674+0000] {dag.py:3954} INFO - Setting next_dagrun for example_complex to None, run_after=None
[2024-05-30T06:55:55.691+0000] {processor.py:183} INFO - Processing /home/airflow/.local/lib/python3.12/site-packages/airflow/example_dags/example_complex.py took 0.077 seconds
[2024-05-30T06:56:25.765+0000] {processor.py:161} INFO - Started process (PID=1853) to work on /home/airflow/.local/lib/python3.12/site-packages/airflow/example_dags/example_complex.py
[2024-05-30T06:56:25.766+0000] {processor.py:830} INFO - Processing file /home/airflow/.local/lib/python3.12/site-packages/airflow/example_dags/example_complex.py for tasks to queue
[2024-05-30T06:56:25.767+0000] {logging_mixin.py:188} INFO - [2024-05-30T06:56:25.767+0000] {dagbag.py:545} INFO - Filling up the DagBag from /home/airflow/.local/lib/python3.12/site-packages/airflow/example_dags/example_complex.py
[2024-05-30T06:56:25.777+0000] {processor.py:840} INFO - DAG(s) 'example_complex' retrieved from /home/airflow/.local/lib/python3.12/site-packages/airflow/example_dags/example_complex.py
[2024-05-30T06:56:25.807+0000] {logging_mixin.py:188} INFO - [2024-05-30T06:56:25.807+0000] {dag.py:3096} INFO - Sync 1 DAGs
[2024-05-30T06:56:25.819+0000] {logging_mixin.py:188} INFO - [2024-05-30T06:56:25.819+0000] {dag.py:3954} INFO - Setting next_dagrun for example_complex to None, run_after=None
[2024-05-30T06:56:25.837+0000] {processor.py:183} INFO - Processing /home/airflow/.local/lib/python3.12/site-packages/airflow/example_dags/example_complex.py took 0.078 seconds
[2024-05-30T06:56:55.870+0000] {processor.py:161} INFO - Started process (PID=1911) to work on /home/airflow/.local/lib/python3.12/site-packages/airflow/example_dags/example_complex.py
[2024-05-30T06:56:55.871+0000] {processor.py:830} INFO - Processing file /home/airflow/.local/lib/python3.12/site-packages/airflow/example_dags/example_complex.py for tasks to queue
[2024-05-30T06:56:55.873+0000] {logging_mixin.py:188} INFO - [2024-05-30T06:56:55.872+0000] {dagbag.py:545} INFO - Filling up the DagBag from /home/airflow/.local/lib/python3.12/site-packages/airflow/example_dags/example_complex.py
[2024-05-30T06:56:55.883+0000] {processor.py:840} INFO - DAG(s) 'example_complex' retrieved from /home/airflow/.local/lib/python3.12/site-packages/airflow/example_dags/example_complex.py
[2024-05-30T06:56:55.913+0000] {logging_mixin.py:188} INFO - [2024-05-30T06:56:55.912+0000] {dag.py:3096} INFO - Sync 1 DAGs
[2024-05-30T06:56:55.926+0000] {logging_mixin.py:188} INFO - [2024-05-30T06:56:55.925+0000] {dag.py:3954} INFO - Setting next_dagrun for example_complex to None, run_after=None
[2024-05-30T06:56:55.944+0000] {processor.py:183} INFO - Processing /home/airflow/.local/lib/python3.12/site-packages/airflow/example_dags/example_complex.py took 0.079 seconds
[2024-05-30T06:57:26.417+0000] {processor.py:161} INFO - Started process (PID=1969) to work on /home/airflow/.local/lib/python3.12/site-packages/airflow/example_dags/example_complex.py
[2024-05-30T06:57:26.418+0000] {processor.py:830} INFO - Processing file /home/airflow/.local/lib/python3.12/site-packages/airflow/example_dags/example_complex.py for tasks to queue
[2024-05-30T06:57:26.419+0000] {logging_mixin.py:188} INFO - [2024-05-30T06:57:26.419+0000] {dagbag.py:545} INFO - Filling up the DagBag from /home/airflow/.local/lib/python3.12/site-packages/airflow/example_dags/example_complex.py
[2024-05-30T06:57:26.429+0000] {processor.py:840} INFO - DAG(s) 'example_complex' retrieved from /home/airflow/.local/lib/python3.12/site-packages/airflow/example_dags/example_complex.py
[2024-05-30T06:57:26.459+0000] {logging_mixin.py:188} INFO - [2024-05-30T06:57:26.459+0000] {dag.py:3096} INFO - Sync 1 DAGs
[2024-05-30T06:57:26.472+0000] {logging_mixin.py:188} INFO - [2024-05-30T06:57:26.472+0000] {dag.py:3954} INFO - Setting next_dagrun for example_complex to None, run_after=None
[2024-05-30T06:57:26.490+0000] {processor.py:183} INFO - Processing /home/airflow/.local/lib/python3.12/site-packages/airflow/example_dags/example_complex.py took 0.078 seconds
[2024-05-30T06:57:57.014+0000] {processor.py:161} INFO - Started process (PID=2027) to work on /home/airflow/.local/lib/python3.12/site-packages/airflow/example_dags/example_complex.py
[2024-05-30T06:57:57.015+0000] {processor.py:830} INFO - Processing file /home/airflow/.local/lib/python3.12/site-packages/airflow/example_dags/example_complex.py for tasks to queue
[2024-05-30T06:57:57.017+0000] {logging_mixin.py:188} INFO - [2024-05-30T06:57:57.017+0000] {dagbag.py:545} INFO - Filling up the DagBag from /home/airflow/.local/lib/python3.12/site-packages/airflow/example_dags/example_complex.py
[2024-05-30T06:57:57.027+0000] {processor.py:840} INFO - DAG(s) 'example_complex' retrieved from /home/airflow/.local/lib/python3.12/site-packages/airflow/example_dags/example_complex.py
[2024-05-30T06:57:57.057+0000] {logging_mixin.py:188} INFO - [2024-05-30T06:57:57.057+0000] {dag.py:3096} INFO - Sync 1 DAGs
[2024-05-30T06:57:57.069+0000] {logging_mixin.py:188} INFO - [2024-05-30T06:57:57.069+0000] {dag.py:3954} INFO - Setting next_dagrun for example_complex to None, run_after=None
[2024-05-30T06:57:57.087+0000] {processor.py:183} INFO - Processing /home/airflow/.local/lib/python3.12/site-packages/airflow/example_dags/example_complex.py took 0.077 seconds
[2024-05-30T06:58:27.680+0000] {processor.py:161} INFO - Started process (PID=2085) to work on /home/airflow/.local/lib/python3.12/site-packages/airflow/example_dags/example_complex.py
[2024-05-30T06:58:27.681+0000] {processor.py:830} INFO - Processing file /home/airflow/.local/lib/python3.12/site-packages/airflow/example_dags/example_complex.py for tasks to queue
[2024-05-30T06:58:27.684+0000] {logging_mixin.py:188} INFO - [2024-05-30T06:58:27.683+0000] {dagbag.py:545} INFO - Filling up the DagBag from /home/airflow/.local/lib/python3.12/site-packages/airflow/example_dags/example_complex.py
[2024-05-30T06:58:27.696+0000] {processor.py:840} INFO - DAG(s) 'example_complex' retrieved from /home/airflow/.local/lib/python3.12/site-packages/airflow/example_dags/example_complex.py
[2024-05-30T06:58:27.739+0000] {logging_mixin.py:188} INFO - [2024-05-30T06:58:27.738+0000] {dag.py:3096} INFO - Sync 1 DAGs
[2024-05-30T06:58:27.757+0000] {logging_mixin.py:188} INFO - [2024-05-30T06:58:27.757+0000] {dag.py:3954} INFO - Setting next_dagrun for example_complex to None, run_after=None
[2024-05-30T06:58:27.785+0000] {processor.py:183} INFO - Processing /home/airflow/.local/lib/python3.12/site-packages/airflow/example_dags/example_complex.py took 0.111 seconds
[2024-05-30T06:58:58.251+0000] {processor.py:161} INFO - Started process (PID=2143) to work on /home/airflow/.local/lib/python3.12/site-packages/airflow/example_dags/example_complex.py
[2024-05-30T06:58:58.252+0000] {processor.py:830} INFO - Processing file /home/airflow/.local/lib/python3.12/site-packages/airflow/example_dags/example_complex.py for tasks to queue
[2024-05-30T06:58:58.254+0000] {logging_mixin.py:188} INFO - [2024-05-30T06:58:58.254+0000] {dagbag.py:545} INFO - Filling up the DagBag from /home/airflow/.local/lib/python3.12/site-packages/airflow/example_dags/example_complex.py
[2024-05-30T06:58:58.264+0000] {processor.py:840} INFO - DAG(s) 'example_complex' retrieved from /home/airflow/.local/lib/python3.12/site-packages/airflow/example_dags/example_complex.py
[2024-05-30T06:58:58.294+0000] {logging_mixin.py:188} INFO - [2024-05-30T06:58:58.294+0000] {dag.py:3096} INFO - Sync 1 DAGs
[2024-05-30T06:58:58.307+0000] {logging_mixin.py:188} INFO - [2024-05-30T06:58:58.307+0000] {dag.py:3954} INFO - Setting next_dagrun for example_complex to None, run_after=None
[2024-05-30T06:58:58.326+0000] {processor.py:183} INFO - Processing /home/airflow/.local/lib/python3.12/site-packages/airflow/example_dags/example_complex.py took 0.080 seconds
[2024-05-30T06:59:28.762+0000] {processor.py:161} INFO - Started process (PID=2201) to work on /home/airflow/.local/lib/python3.12/site-packages/airflow/example_dags/example_complex.py
[2024-05-30T06:59:28.762+0000] {processor.py:830} INFO - Processing file /home/airflow/.local/lib/python3.12/site-packages/airflow/example_dags/example_complex.py for tasks to queue
[2024-05-30T06:59:28.764+0000] {logging_mixin.py:188} INFO - [2024-05-30T06:59:28.764+0000] {dagbag.py:545} INFO - Filling up the DagBag from /home/airflow/.local/lib/python3.12/site-packages/airflow/example_dags/example_complex.py
[2024-05-30T06:59:28.774+0000] {processor.py:840} INFO - DAG(s) 'example_complex' retrieved from /home/airflow/.local/lib/python3.12/site-packages/airflow/example_dags/example_complex.py
[2024-05-30T06:59:28.804+0000] {logging_mixin.py:188} INFO - [2024-05-30T06:59:28.804+0000] {dag.py:3096} INFO - Sync 1 DAGs
[2024-05-30T06:59:28.816+0000] {logging_mixin.py:188} INFO - [2024-05-30T06:59:28.816+0000] {dag.py:3954} INFO - Setting next_dagrun for example_complex to None, run_after=None
[2024-05-30T06:59:28.834+0000] {processor.py:183} INFO - Processing /home/airflow/.local/lib/python3.12/site-packages/airflow/example_dags/example_complex.py took 0.077 seconds
[2024-05-30T06:59:59.230+0000] {processor.py:161} INFO - Started process (PID=2259) to work on /home/airflow/.local/lib/python3.12/site-packages/airflow/example_dags/example_complex.py
[2024-05-30T06:59:59.231+0000] {processor.py:830} INFO - Processing file /home/airflow/.local/lib/python3.12/site-packages/airflow/example_dags/example_complex.py for tasks to queue
[2024-05-30T06:59:59.233+0000] {logging_mixin.py:188} INFO - [2024-05-30T06:59:59.233+0000] {dagbag.py:545} INFO - Filling up the DagBag from /home/airflow/.local/lib/python3.12/site-packages/airflow/example_dags/example_complex.py
[2024-05-30T06:59:59.245+0000] {processor.py:840} INFO - DAG(s) 'example_complex' retrieved from /home/airflow/.local/lib/python3.12/site-packages/airflow/example_dags/example_complex.py
[2024-05-30T06:59:59.276+0000] {logging_mixin.py:188} INFO - [2024-05-30T06:59:59.276+0000] {dag.py:3096} INFO - Sync 1 DAGs
[2024-05-30T06:59:59.289+0000] {logging_mixin.py:188} INFO - [2024-05-30T06:59:59.289+0000] {dag.py:3954} INFO - Setting next_dagrun for example_complex to None, run_after=None
[2024-05-30T06:59:59.312+0000] {processor.py:183} INFO - Processing /home/airflow/.local/lib/python3.12/site-packages/airflow/example_dags/example_complex.py took 0.087 seconds
[2024-05-30T07:00:29.883+0000] {processor.py:161} INFO - Started process (PID=2317) to work on /home/airflow/.local/lib/python3.12/site-packages/airflow/example_dags/example_complex.py
[2024-05-30T07:00:29.884+0000] {processor.py:830} INFO - Processing file /home/airflow/.local/lib/python3.12/site-packages/airflow/example_dags/example_complex.py for tasks to queue
[2024-05-30T07:00:29.886+0000] {logging_mixin.py:188} INFO - [2024-05-30T07:00:29.886+0000] {dagbag.py:545} INFO - Filling up the DagBag from /home/airflow/.local/lib/python3.12/site-packages/airflow/example_dags/example_complex.py
[2024-05-30T07:00:29.896+0000] {processor.py:840} INFO - DAG(s) 'example_complex' retrieved from /home/airflow/.local/lib/python3.12/site-packages/airflow/example_dags/example_complex.py
[2024-05-30T07:00:29.926+0000] {logging_mixin.py:188} INFO - [2024-05-30T07:00:29.926+0000] {dag.py:3096} INFO - Sync 1 DAGs
[2024-05-30T07:00:29.938+0000] {logging_mixin.py:188} INFO - [2024-05-30T07:00:29.938+0000] {dag.py:3954} INFO - Setting next_dagrun for example_complex to None, run_after=None
[2024-05-30T07:00:29.955+0000] {processor.py:183} INFO - Processing /home/airflow/.local/lib/python3.12/site-packages/airflow/example_dags/example_complex.py took 0.076 seconds
[2024-05-30T07:01:00.458+0000] {processor.py:161} INFO - Started process (PID=2375) to work on /home/airflow/.local/lib/python3.12/site-packages/airflow/example_dags/example_complex.py
[2024-05-30T07:01:00.459+0000] {processor.py:830} INFO - Processing file /home/airflow/.local/lib/python3.12/site-packages/airflow/example_dags/example_complex.py for tasks to queue
[2024-05-30T07:01:00.460+0000] {logging_mixin.py:188} INFO - [2024-05-30T07:01:00.460+0000] {dagbag.py:545} INFO - Filling up the DagBag from /home/airflow/.local/lib/python3.12/site-packages/airflow/example_dags/example_complex.py
[2024-05-30T07:01:00.470+0000] {processor.py:840} INFO - DAG(s) 'example_complex' retrieved from /home/airflow/.local/lib/python3.12/site-packages/airflow/example_dags/example_complex.py
[2024-05-30T07:01:00.500+0000] {logging_mixin.py:188} INFO - [2024-05-30T07:01:00.500+0000] {dag.py:3096} INFO - Sync 1 DAGs
[2024-05-30T07:01:00.514+0000] {logging_mixin.py:188} INFO - [2024-05-30T07:01:00.514+0000] {dag.py:3954} INFO - Setting next_dagrun for example_complex to None, run_after=None
[2024-05-30T07:01:00.533+0000] {processor.py:183} INFO - Processing /home/airflow/.local/lib/python3.12/site-packages/airflow/example_dags/example_complex.py took 0.081 seconds
[2024-05-30T07:01:31.120+0000] {processor.py:161} INFO - Started process (PID=2433) to work on /home/airflow/.local/lib/python3.12/site-packages/airflow/example_dags/example_complex.py
[2024-05-30T07:01:31.121+0000] {processor.py:830} INFO - Processing file /home/airflow/.local/lib/python3.12/site-packages/airflow/example_dags/example_complex.py for tasks to queue
[2024-05-30T07:01:31.123+0000] {logging_mixin.py:188} INFO - [2024-05-30T07:01:31.123+0000] {dagbag.py:545} INFO - Filling up the DagBag from /home/airflow/.local/lib/python3.12/site-packages/airflow/example_dags/example_complex.py
[2024-05-30T07:01:31.134+0000] {processor.py:840} INFO - DAG(s) 'example_complex' retrieved from /home/airflow/.local/lib/python3.12/site-packages/airflow/example_dags/example_complex.py
[2024-05-30T07:01:31.176+0000] {logging_mixin.py:188} INFO - [2024-05-30T07:01:31.176+0000] {dag.py:3096} INFO - Sync 1 DAGs
[2024-05-30T07:01:31.192+0000] {logging_mixin.py:188} INFO - [2024-05-30T07:01:31.192+0000] {dag.py:3954} INFO - Setting next_dagrun for example_complex to None, run_after=None
[2024-05-30T07:01:31.213+0000] {processor.py:183} INFO - Processing /home/airflow/.local/lib/python3.12/site-packages/airflow/example_dags/example_complex.py took 0.101 seconds
