[2024-05-30T06:40:36.021+0000] {processor.py:161} INFO - Started process (PID=32) to work on /home/airflow/.local/lib/python3.12/site-packages/airflow/example_dags/example_task_group_decorator.py
[2024-05-30T06:40:36.022+0000] {processor.py:830} INFO - Processing file /home/airflow/.local/lib/python3.12/site-packages/airflow/example_dags/example_task_group_decorator.py for tasks to queue
[2024-05-30T06:40:36.024+0000] {logging_mixin.py:188} INFO - [2024-05-30T06:40:36.024+0000] {dagbag.py:545} INFO - Filling up the DagBag from /home/airflow/.local/lib/python3.12/site-packages/airflow/example_dags/example_task_group_decorator.py
[2024-05-30T06:40:36.047+0000] {processor.py:840} INFO - DAG(s) 'example_task_group_decorator' retrieved from /home/airflow/.local/lib/python3.12/site-packages/airflow/example_dags/example_task_group_decorator.py
[2024-05-30T06:40:36.091+0000] {logging_mixin.py:188} INFO - [2024-05-30T06:40:36.091+0000] {dag.py:3096} INFO - Sync 1 DAGs
[2024-05-30T06:40:36.128+0000] {logging_mixin.py:188} INFO - [2024-05-30T06:40:36.127+0000] {dag.py:3954} INFO - Setting next_dagrun for example_task_group_decorator to 2024-05-29 00:00:00+00:00, run_after=2024-05-30 00:00:00+00:00
[2024-05-30T06:40:36.151+0000] {processor.py:183} INFO - Processing /home/airflow/.local/lib/python3.12/site-packages/airflow/example_dags/example_task_group_decorator.py took 0.137 seconds
[2024-05-30T06:41:06.419+0000] {processor.py:161} INFO - Started process (PID=90) to work on /home/airflow/.local/lib/python3.12/site-packages/airflow/example_dags/example_task_group_decorator.py
[2024-05-30T06:41:06.420+0000] {processor.py:830} INFO - Processing file /home/airflow/.local/lib/python3.12/site-packages/airflow/example_dags/example_task_group_decorator.py for tasks to queue
[2024-05-30T06:41:06.422+0000] {logging_mixin.py:188} INFO - [2024-05-30T06:41:06.421+0000] {dagbag.py:545} INFO - Filling up the DagBag from /home/airflow/.local/lib/python3.12/site-packages/airflow/example_dags/example_task_group_decorator.py
[2024-05-30T06:41:06.437+0000] {processor.py:840} INFO - DAG(s) 'example_task_group_decorator' retrieved from /home/airflow/.local/lib/python3.12/site-packages/airflow/example_dags/example_task_group_decorator.py
[2024-05-30T06:41:06.449+0000] {logging_mixin.py:188} INFO - [2024-05-30T06:41:06.448+0000] {dag.py:3096} INFO - Sync 1 DAGs
[2024-05-30T06:41:06.481+0000] {logging_mixin.py:188} INFO - [2024-05-30T06:41:06.480+0000] {dag.py:3954} INFO - Setting next_dagrun for example_task_group_decorator to 2024-05-29 00:00:00+00:00, run_after=2024-05-30 00:00:00+00:00
[2024-05-30T06:41:06.508+0000] {processor.py:183} INFO - Processing /home/airflow/.local/lib/python3.12/site-packages/airflow/example_dags/example_task_group_decorator.py took 0.096 seconds
[2024-05-30T06:41:36.824+0000] {processor.py:161} INFO - Started process (PID=148) to work on /home/airflow/.local/lib/python3.12/site-packages/airflow/example_dags/example_task_group_decorator.py
[2024-05-30T06:41:36.825+0000] {processor.py:830} INFO - Processing file /home/airflow/.local/lib/python3.12/site-packages/airflow/example_dags/example_task_group_decorator.py for tasks to queue
[2024-05-30T06:41:36.827+0000] {logging_mixin.py:188} INFO - [2024-05-30T06:41:36.827+0000] {dagbag.py:545} INFO - Filling up the DagBag from /home/airflow/.local/lib/python3.12/site-packages/airflow/example_dags/example_task_group_decorator.py
[2024-05-30T06:41:36.841+0000] {processor.py:840} INFO - DAG(s) 'example_task_group_decorator' retrieved from /home/airflow/.local/lib/python3.12/site-packages/airflow/example_dags/example_task_group_decorator.py
[2024-05-30T06:41:36.945+0000] {logging_mixin.py:188} INFO - [2024-05-30T06:41:36.944+0000] {dag.py:3096} INFO - Sync 1 DAGs
[2024-05-30T06:41:36.963+0000] {logging_mixin.py:188} INFO - [2024-05-30T06:41:36.963+0000] {dag.py:3954} INFO - Setting next_dagrun for example_task_group_decorator to 2024-05-29 00:00:00+00:00, run_after=2024-05-30 00:00:00+00:00
[2024-05-30T06:41:36.983+0000] {processor.py:183} INFO - Processing /home/airflow/.local/lib/python3.12/site-packages/airflow/example_dags/example_task_group_decorator.py took 0.164 seconds
[2024-05-30T06:42:07.949+0000] {processor.py:161} INFO - Started process (PID=206) to work on /home/airflow/.local/lib/python3.12/site-packages/airflow/example_dags/example_task_group_decorator.py
[2024-05-30T06:42:07.950+0000] {processor.py:830} INFO - Processing file /home/airflow/.local/lib/python3.12/site-packages/airflow/example_dags/example_task_group_decorator.py for tasks to queue
[2024-05-30T06:42:07.952+0000] {logging_mixin.py:188} INFO - [2024-05-30T06:42:07.951+0000] {dagbag.py:545} INFO - Filling up the DagBag from /home/airflow/.local/lib/python3.12/site-packages/airflow/example_dags/example_task_group_decorator.py
[2024-05-30T06:42:07.967+0000] {processor.py:840} INFO - DAG(s) 'example_task_group_decorator' retrieved from /home/airflow/.local/lib/python3.12/site-packages/airflow/example_dags/example_task_group_decorator.py
[2024-05-30T06:42:07.991+0000] {logging_mixin.py:188} INFO - [2024-05-30T06:42:07.990+0000] {dag.py:3096} INFO - Sync 1 DAGs
[2024-05-30T06:42:08.012+0000] {logging_mixin.py:188} INFO - [2024-05-30T06:42:08.011+0000] {dag.py:3954} INFO - Setting next_dagrun for example_task_group_decorator to 2024-05-29 00:00:00+00:00, run_after=2024-05-30 00:00:00+00:00
[2024-05-30T06:42:08.030+0000] {processor.py:183} INFO - Processing /home/airflow/.local/lib/python3.12/site-packages/airflow/example_dags/example_task_group_decorator.py took 0.085 seconds
[2024-05-30T06:42:38.121+0000] {processor.py:161} INFO - Started process (PID=264) to work on /home/airflow/.local/lib/python3.12/site-packages/airflow/example_dags/example_task_group_decorator.py
[2024-05-30T06:42:38.122+0000] {processor.py:830} INFO - Processing file /home/airflow/.local/lib/python3.12/site-packages/airflow/example_dags/example_task_group_decorator.py for tasks to queue
[2024-05-30T06:42:38.124+0000] {logging_mixin.py:188} INFO - [2024-05-30T06:42:38.124+0000] {dagbag.py:545} INFO - Filling up the DagBag from /home/airflow/.local/lib/python3.12/site-packages/airflow/example_dags/example_task_group_decorator.py
[2024-05-30T06:42:38.138+0000] {processor.py:840} INFO - DAG(s) 'example_task_group_decorator' retrieved from /home/airflow/.local/lib/python3.12/site-packages/airflow/example_dags/example_task_group_decorator.py
[2024-05-30T06:42:38.162+0000] {logging_mixin.py:188} INFO - [2024-05-30T06:42:38.162+0000] {dag.py:3096} INFO - Sync 1 DAGs
[2024-05-30T06:42:38.184+0000] {logging_mixin.py:188} INFO - [2024-05-30T06:42:38.184+0000] {dag.py:3954} INFO - Setting next_dagrun for example_task_group_decorator to 2024-05-29 00:00:00+00:00, run_after=2024-05-30 00:00:00+00:00
[2024-05-30T06:42:38.204+0000] {processor.py:183} INFO - Processing /home/airflow/.local/lib/python3.12/site-packages/airflow/example_dags/example_task_group_decorator.py took 0.088 seconds
[2024-05-30T06:43:08.417+0000] {processor.py:161} INFO - Started process (PID=322) to work on /home/airflow/.local/lib/python3.12/site-packages/airflow/example_dags/example_task_group_decorator.py
[2024-05-30T06:43:08.418+0000] {processor.py:830} INFO - Processing file /home/airflow/.local/lib/python3.12/site-packages/airflow/example_dags/example_task_group_decorator.py for tasks to queue
[2024-05-30T06:43:08.420+0000] {logging_mixin.py:188} INFO - [2024-05-30T06:43:08.419+0000] {dagbag.py:545} INFO - Filling up the DagBag from /home/airflow/.local/lib/python3.12/site-packages/airflow/example_dags/example_task_group_decorator.py
[2024-05-30T06:43:08.433+0000] {processor.py:840} INFO - DAG(s) 'example_task_group_decorator' retrieved from /home/airflow/.local/lib/python3.12/site-packages/airflow/example_dags/example_task_group_decorator.py
[2024-05-30T06:43:08.456+0000] {logging_mixin.py:188} INFO - [2024-05-30T06:43:08.456+0000] {dag.py:3096} INFO - Sync 1 DAGs
[2024-05-30T06:43:08.477+0000] {logging_mixin.py:188} INFO - [2024-05-30T06:43:08.476+0000] {dag.py:3954} INFO - Setting next_dagrun for example_task_group_decorator to 2024-05-29 00:00:00+00:00, run_after=2024-05-30 00:00:00+00:00
[2024-05-30T06:43:08.494+0000] {processor.py:183} INFO - Processing /home/airflow/.local/lib/python3.12/site-packages/airflow/example_dags/example_task_group_decorator.py took 0.082 seconds
[2024-05-30T06:43:38.704+0000] {processor.py:161} INFO - Started process (PID=380) to work on /home/airflow/.local/lib/python3.12/site-packages/airflow/example_dags/example_task_group_decorator.py
[2024-05-30T06:43:38.705+0000] {processor.py:830} INFO - Processing file /home/airflow/.local/lib/python3.12/site-packages/airflow/example_dags/example_task_group_decorator.py for tasks to queue
[2024-05-30T06:43:38.707+0000] {logging_mixin.py:188} INFO - [2024-05-30T06:43:38.706+0000] {dagbag.py:545} INFO - Filling up the DagBag from /home/airflow/.local/lib/python3.12/site-packages/airflow/example_dags/example_task_group_decorator.py
[2024-05-30T06:43:38.720+0000] {processor.py:840} INFO - DAG(s) 'example_task_group_decorator' retrieved from /home/airflow/.local/lib/python3.12/site-packages/airflow/example_dags/example_task_group_decorator.py
[2024-05-30T06:43:38.742+0000] {logging_mixin.py:188} INFO - [2024-05-30T06:43:38.742+0000] {dag.py:3096} INFO - Sync 1 DAGs
[2024-05-30T06:43:38.763+0000] {logging_mixin.py:188} INFO - [2024-05-30T06:43:38.763+0000] {dag.py:3954} INFO - Setting next_dagrun for example_task_group_decorator to 2024-05-29 00:00:00+00:00, run_after=2024-05-30 00:00:00+00:00
[2024-05-30T06:43:38.780+0000] {processor.py:183} INFO - Processing /home/airflow/.local/lib/python3.12/site-packages/airflow/example_dags/example_task_group_decorator.py took 0.081 seconds
[2024-05-30T06:44:09.340+0000] {processor.py:161} INFO - Started process (PID=438) to work on /home/airflow/.local/lib/python3.12/site-packages/airflow/example_dags/example_task_group_decorator.py
[2024-05-30T06:44:09.341+0000] {processor.py:830} INFO - Processing file /home/airflow/.local/lib/python3.12/site-packages/airflow/example_dags/example_task_group_decorator.py for tasks to queue
[2024-05-30T06:44:09.342+0000] {logging_mixin.py:188} INFO - [2024-05-30T06:44:09.342+0000] {dagbag.py:545} INFO - Filling up the DagBag from /home/airflow/.local/lib/python3.12/site-packages/airflow/example_dags/example_task_group_decorator.py
[2024-05-30T06:44:09.356+0000] {processor.py:840} INFO - DAG(s) 'example_task_group_decorator' retrieved from /home/airflow/.local/lib/python3.12/site-packages/airflow/example_dags/example_task_group_decorator.py
[2024-05-30T06:44:09.379+0000] {logging_mixin.py:188} INFO - [2024-05-30T06:44:09.379+0000] {dag.py:3096} INFO - Sync 1 DAGs
[2024-05-30T06:44:09.401+0000] {logging_mixin.py:188} INFO - [2024-05-30T06:44:09.400+0000] {dag.py:3954} INFO - Setting next_dagrun for example_task_group_decorator to 2024-05-29 00:00:00+00:00, run_after=2024-05-30 00:00:00+00:00
[2024-05-30T06:44:09.418+0000] {processor.py:183} INFO - Processing /home/airflow/.local/lib/python3.12/site-packages/airflow/example_dags/example_task_group_decorator.py took 0.083 seconds
[2024-05-30T06:44:39.538+0000] {processor.py:161} INFO - Started process (PID=496) to work on /home/airflow/.local/lib/python3.12/site-packages/airflow/example_dags/example_task_group_decorator.py
[2024-05-30T06:44:39.538+0000] {processor.py:830} INFO - Processing file /home/airflow/.local/lib/python3.12/site-packages/airflow/example_dags/example_task_group_decorator.py for tasks to queue
[2024-05-30T06:44:39.540+0000] {logging_mixin.py:188} INFO - [2024-05-30T06:44:39.540+0000] {dagbag.py:545} INFO - Filling up the DagBag from /home/airflow/.local/lib/python3.12/site-packages/airflow/example_dags/example_task_group_decorator.py
[2024-05-30T06:44:39.553+0000] {processor.py:840} INFO - DAG(s) 'example_task_group_decorator' retrieved from /home/airflow/.local/lib/python3.12/site-packages/airflow/example_dags/example_task_group_decorator.py
[2024-05-30T06:44:39.576+0000] {logging_mixin.py:188} INFO - [2024-05-30T06:44:39.576+0000] {dag.py:3096} INFO - Sync 1 DAGs
[2024-05-30T06:44:39.597+0000] {logging_mixin.py:188} INFO - [2024-05-30T06:44:39.597+0000] {dag.py:3954} INFO - Setting next_dagrun for example_task_group_decorator to 2024-05-29 00:00:00+00:00, run_after=2024-05-30 00:00:00+00:00
[2024-05-30T06:44:39.615+0000] {processor.py:183} INFO - Processing /home/airflow/.local/lib/python3.12/site-packages/airflow/example_dags/example_task_group_decorator.py took 0.082 seconds
[2024-05-30T06:45:09.776+0000] {processor.py:161} INFO - Started process (PID=554) to work on /home/airflow/.local/lib/python3.12/site-packages/airflow/example_dags/example_task_group_decorator.py
[2024-05-30T06:45:09.777+0000] {processor.py:830} INFO - Processing file /home/airflow/.local/lib/python3.12/site-packages/airflow/example_dags/example_task_group_decorator.py for tasks to queue
[2024-05-30T06:45:09.779+0000] {logging_mixin.py:188} INFO - [2024-05-30T06:45:09.779+0000] {dagbag.py:545} INFO - Filling up the DagBag from /home/airflow/.local/lib/python3.12/site-packages/airflow/example_dags/example_task_group_decorator.py
[2024-05-30T06:45:09.793+0000] {processor.py:840} INFO - DAG(s) 'example_task_group_decorator' retrieved from /home/airflow/.local/lib/python3.12/site-packages/airflow/example_dags/example_task_group_decorator.py
[2024-05-30T06:45:09.819+0000] {logging_mixin.py:188} INFO - [2024-05-30T06:45:09.818+0000] {dag.py:3096} INFO - Sync 1 DAGs
[2024-05-30T06:45:09.840+0000] {logging_mixin.py:188} INFO - [2024-05-30T06:45:09.840+0000] {dag.py:3954} INFO - Setting next_dagrun for example_task_group_decorator to 2024-05-29 00:00:00+00:00, run_after=2024-05-30 00:00:00+00:00
[2024-05-30T06:45:09.859+0000] {processor.py:183} INFO - Processing /home/airflow/.local/lib/python3.12/site-packages/airflow/example_dags/example_task_group_decorator.py took 0.089 seconds
[2024-05-30T06:45:40.166+0000] {processor.py:161} INFO - Started process (PID=612) to work on /home/airflow/.local/lib/python3.12/site-packages/airflow/example_dags/example_task_group_decorator.py
[2024-05-30T06:45:40.167+0000] {processor.py:830} INFO - Processing file /home/airflow/.local/lib/python3.12/site-packages/airflow/example_dags/example_task_group_decorator.py for tasks to queue
[2024-05-30T06:45:40.169+0000] {logging_mixin.py:188} INFO - [2024-05-30T06:45:40.169+0000] {dagbag.py:545} INFO - Filling up the DagBag from /home/airflow/.local/lib/python3.12/site-packages/airflow/example_dags/example_task_group_decorator.py
[2024-05-30T06:45:40.183+0000] {processor.py:840} INFO - DAG(s) 'example_task_group_decorator' retrieved from /home/airflow/.local/lib/python3.12/site-packages/airflow/example_dags/example_task_group_decorator.py
[2024-05-30T06:45:40.206+0000] {logging_mixin.py:188} INFO - [2024-05-30T06:45:40.205+0000] {dag.py:3096} INFO - Sync 1 DAGs
[2024-05-30T06:45:40.228+0000] {logging_mixin.py:188} INFO - [2024-05-30T06:45:40.227+0000] {dag.py:3954} INFO - Setting next_dagrun for example_task_group_decorator to 2024-05-29 00:00:00+00:00, run_after=2024-05-30 00:00:00+00:00
[2024-05-30T06:45:40.247+0000] {processor.py:183} INFO - Processing /home/airflow/.local/lib/python3.12/site-packages/airflow/example_dags/example_task_group_decorator.py took 0.086 seconds
[2024-05-30T06:46:10.522+0000] {processor.py:161} INFO - Started process (PID=670) to work on /home/airflow/.local/lib/python3.12/site-packages/airflow/example_dags/example_task_group_decorator.py
[2024-05-30T06:46:10.523+0000] {processor.py:830} INFO - Processing file /home/airflow/.local/lib/python3.12/site-packages/airflow/example_dags/example_task_group_decorator.py for tasks to queue
[2024-05-30T06:46:10.525+0000] {logging_mixin.py:188} INFO - [2024-05-30T06:46:10.525+0000] {dagbag.py:545} INFO - Filling up the DagBag from /home/airflow/.local/lib/python3.12/site-packages/airflow/example_dags/example_task_group_decorator.py
[2024-05-30T06:46:10.538+0000] {processor.py:840} INFO - DAG(s) 'example_task_group_decorator' retrieved from /home/airflow/.local/lib/python3.12/site-packages/airflow/example_dags/example_task_group_decorator.py
[2024-05-30T06:46:10.560+0000] {logging_mixin.py:188} INFO - [2024-05-30T06:46:10.560+0000] {dag.py:3096} INFO - Sync 1 DAGs
[2024-05-30T06:46:10.581+0000] {logging_mixin.py:188} INFO - [2024-05-30T06:46:10.581+0000] {dag.py:3954} INFO - Setting next_dagrun for example_task_group_decorator to 2024-05-29 00:00:00+00:00, run_after=2024-05-30 00:00:00+00:00
[2024-05-30T06:46:10.599+0000] {processor.py:183} INFO - Processing /home/airflow/.local/lib/python3.12/site-packages/airflow/example_dags/example_task_group_decorator.py took 0.082 seconds
[2024-05-30T06:46:40.974+0000] {processor.py:161} INFO - Started process (PID=728) to work on /home/airflow/.local/lib/python3.12/site-packages/airflow/example_dags/example_task_group_decorator.py
[2024-05-30T06:46:40.975+0000] {processor.py:830} INFO - Processing file /home/airflow/.local/lib/python3.12/site-packages/airflow/example_dags/example_task_group_decorator.py for tasks to queue
[2024-05-30T06:46:40.977+0000] {logging_mixin.py:188} INFO - [2024-05-30T06:46:40.976+0000] {dagbag.py:545} INFO - Filling up the DagBag from /home/airflow/.local/lib/python3.12/site-packages/airflow/example_dags/example_task_group_decorator.py
[2024-05-30T06:46:40.990+0000] {processor.py:840} INFO - DAG(s) 'example_task_group_decorator' retrieved from /home/airflow/.local/lib/python3.12/site-packages/airflow/example_dags/example_task_group_decorator.py
[2024-05-30T06:46:41.013+0000] {logging_mixin.py:188} INFO - [2024-05-30T06:46:41.013+0000] {dag.py:3096} INFO - Sync 1 DAGs
[2024-05-30T06:46:41.034+0000] {logging_mixin.py:188} INFO - [2024-05-30T06:46:41.034+0000] {dag.py:3954} INFO - Setting next_dagrun for example_task_group_decorator to 2024-05-29 00:00:00+00:00, run_after=2024-05-30 00:00:00+00:00
[2024-05-30T06:46:41.052+0000] {processor.py:183} INFO - Processing /home/airflow/.local/lib/python3.12/site-packages/airflow/example_dags/example_task_group_decorator.py took 0.083 seconds
[2024-05-30T06:47:11.723+0000] {processor.py:161} INFO - Started process (PID=786) to work on /home/airflow/.local/lib/python3.12/site-packages/airflow/example_dags/example_task_group_decorator.py
[2024-05-30T06:47:11.724+0000] {processor.py:830} INFO - Processing file /home/airflow/.local/lib/python3.12/site-packages/airflow/example_dags/example_task_group_decorator.py for tasks to queue
[2024-05-30T06:47:11.725+0000] {logging_mixin.py:188} INFO - [2024-05-30T06:47:11.725+0000] {dagbag.py:545} INFO - Filling up the DagBag from /home/airflow/.local/lib/python3.12/site-packages/airflow/example_dags/example_task_group_decorator.py
[2024-05-30T06:47:11.739+0000] {processor.py:840} INFO - DAG(s) 'example_task_group_decorator' retrieved from /home/airflow/.local/lib/python3.12/site-packages/airflow/example_dags/example_task_group_decorator.py
[2024-05-30T06:47:11.796+0000] {logging_mixin.py:188} INFO - [2024-05-30T06:47:11.795+0000] {dag.py:3096} INFO - Sync 1 DAGs
[2024-05-30T06:47:11.845+0000] {logging_mixin.py:188} INFO - [2024-05-30T06:47:11.845+0000] {dag.py:3954} INFO - Setting next_dagrun for example_task_group_decorator to 2024-05-29 00:00:00+00:00, run_after=2024-05-30 00:00:00+00:00
[2024-05-30T06:47:11.867+0000] {processor.py:183} INFO - Processing /home/airflow/.local/lib/python3.12/site-packages/airflow/example_dags/example_task_group_decorator.py took 0.150 seconds
[2024-05-30T06:47:41.979+0000] {processor.py:161} INFO - Started process (PID=844) to work on /home/airflow/.local/lib/python3.12/site-packages/airflow/example_dags/example_task_group_decorator.py
[2024-05-30T06:47:41.980+0000] {processor.py:830} INFO - Processing file /home/airflow/.local/lib/python3.12/site-packages/airflow/example_dags/example_task_group_decorator.py for tasks to queue
[2024-05-30T06:47:41.982+0000] {logging_mixin.py:188} INFO - [2024-05-30T06:47:41.981+0000] {dagbag.py:545} INFO - Filling up the DagBag from /home/airflow/.local/lib/python3.12/site-packages/airflow/example_dags/example_task_group_decorator.py
[2024-05-30T06:47:41.995+0000] {processor.py:840} INFO - DAG(s) 'example_task_group_decorator' retrieved from /home/airflow/.local/lib/python3.12/site-packages/airflow/example_dags/example_task_group_decorator.py
[2024-05-30T06:47:42.018+0000] {logging_mixin.py:188} INFO - [2024-05-30T06:47:42.017+0000] {dag.py:3096} INFO - Sync 1 DAGs
[2024-05-30T06:47:42.039+0000] {logging_mixin.py:188} INFO - [2024-05-30T06:47:42.039+0000] {dag.py:3954} INFO - Setting next_dagrun for example_task_group_decorator to 2024-05-29 00:00:00+00:00, run_after=2024-05-30 00:00:00+00:00
[2024-05-30T06:47:42.057+0000] {processor.py:183} INFO - Processing /home/airflow/.local/lib/python3.12/site-packages/airflow/example_dags/example_task_group_decorator.py took 0.083 seconds
[2024-05-30T06:48:12.173+0000] {processor.py:161} INFO - Started process (PID=902) to work on /home/airflow/.local/lib/python3.12/site-packages/airflow/example_dags/example_task_group_decorator.py
[2024-05-30T06:48:12.174+0000] {processor.py:830} INFO - Processing file /home/airflow/.local/lib/python3.12/site-packages/airflow/example_dags/example_task_group_decorator.py for tasks to queue
[2024-05-30T06:48:12.175+0000] {logging_mixin.py:188} INFO - [2024-05-30T06:48:12.175+0000] {dagbag.py:545} INFO - Filling up the DagBag from /home/airflow/.local/lib/python3.12/site-packages/airflow/example_dags/example_task_group_decorator.py
[2024-05-30T06:48:12.189+0000] {processor.py:840} INFO - DAG(s) 'example_task_group_decorator' retrieved from /home/airflow/.local/lib/python3.12/site-packages/airflow/example_dags/example_task_group_decorator.py
[2024-05-30T06:48:12.212+0000] {logging_mixin.py:188} INFO - [2024-05-30T06:48:12.212+0000] {dag.py:3096} INFO - Sync 1 DAGs
[2024-05-30T06:48:12.232+0000] {logging_mixin.py:188} INFO - [2024-05-30T06:48:12.232+0000] {dag.py:3954} INFO - Setting next_dagrun for example_task_group_decorator to 2024-05-29 00:00:00+00:00, run_after=2024-05-30 00:00:00+00:00
[2024-05-30T06:48:12.249+0000] {processor.py:183} INFO - Processing /home/airflow/.local/lib/python3.12/site-packages/airflow/example_dags/example_task_group_decorator.py took 0.081 seconds
[2024-05-30T06:48:42.389+0000] {processor.py:161} INFO - Started process (PID=960) to work on /home/airflow/.local/lib/python3.12/site-packages/airflow/example_dags/example_task_group_decorator.py
[2024-05-30T06:48:42.390+0000] {processor.py:830} INFO - Processing file /home/airflow/.local/lib/python3.12/site-packages/airflow/example_dags/example_task_group_decorator.py for tasks to queue
[2024-05-30T06:48:42.391+0000] {logging_mixin.py:188} INFO - [2024-05-30T06:48:42.391+0000] {dagbag.py:545} INFO - Filling up the DagBag from /home/airflow/.local/lib/python3.12/site-packages/airflow/example_dags/example_task_group_decorator.py
[2024-05-30T06:48:42.405+0000] {processor.py:840} INFO - DAG(s) 'example_task_group_decorator' retrieved from /home/airflow/.local/lib/python3.12/site-packages/airflow/example_dags/example_task_group_decorator.py
[2024-05-30T06:48:42.428+0000] {logging_mixin.py:188} INFO - [2024-05-30T06:48:42.427+0000] {dag.py:3096} INFO - Sync 1 DAGs
[2024-05-30T06:48:42.450+0000] {logging_mixin.py:188} INFO - [2024-05-30T06:48:42.449+0000] {dag.py:3954} INFO - Setting next_dagrun for example_task_group_decorator to 2024-05-29 00:00:00+00:00, run_after=2024-05-30 00:00:00+00:00
[2024-05-30T06:48:42.469+0000] {processor.py:183} INFO - Processing /home/airflow/.local/lib/python3.12/site-packages/airflow/example_dags/example_task_group_decorator.py took 0.086 seconds
[2024-05-30T06:49:12.851+0000] {processor.py:161} INFO - Started process (PID=1018) to work on /home/airflow/.local/lib/python3.12/site-packages/airflow/example_dags/example_task_group_decorator.py
[2024-05-30T06:49:12.852+0000] {processor.py:830} INFO - Processing file /home/airflow/.local/lib/python3.12/site-packages/airflow/example_dags/example_task_group_decorator.py for tasks to queue
[2024-05-30T06:49:12.854+0000] {logging_mixin.py:188} INFO - [2024-05-30T06:49:12.854+0000] {dagbag.py:545} INFO - Filling up the DagBag from /home/airflow/.local/lib/python3.12/site-packages/airflow/example_dags/example_task_group_decorator.py
[2024-05-30T06:49:12.868+0000] {processor.py:840} INFO - DAG(s) 'example_task_group_decorator' retrieved from /home/airflow/.local/lib/python3.12/site-packages/airflow/example_dags/example_task_group_decorator.py
[2024-05-30T06:49:12.892+0000] {logging_mixin.py:188} INFO - [2024-05-30T06:49:12.892+0000] {dag.py:3096} INFO - Sync 1 DAGs
[2024-05-30T06:49:12.914+0000] {logging_mixin.py:188} INFO - [2024-05-30T06:49:12.914+0000] {dag.py:3954} INFO - Setting next_dagrun for example_task_group_decorator to 2024-05-29 00:00:00+00:00, run_after=2024-05-30 00:00:00+00:00
[2024-05-30T06:49:12.932+0000] {processor.py:183} INFO - Processing /home/airflow/.local/lib/python3.12/site-packages/airflow/example_dags/example_task_group_decorator.py took 0.086 seconds
[2024-05-30T06:49:42.998+0000] {processor.py:161} INFO - Started process (PID=1076) to work on /home/airflow/.local/lib/python3.12/site-packages/airflow/example_dags/example_task_group_decorator.py
[2024-05-30T06:49:42.999+0000] {processor.py:830} INFO - Processing file /home/airflow/.local/lib/python3.12/site-packages/airflow/example_dags/example_task_group_decorator.py for tasks to queue
[2024-05-30T06:49:43.001+0000] {logging_mixin.py:188} INFO - [2024-05-30T06:49:43.001+0000] {dagbag.py:545} INFO - Filling up the DagBag from /home/airflow/.local/lib/python3.12/site-packages/airflow/example_dags/example_task_group_decorator.py
[2024-05-30T06:49:43.015+0000] {processor.py:840} INFO - DAG(s) 'example_task_group_decorator' retrieved from /home/airflow/.local/lib/python3.12/site-packages/airflow/example_dags/example_task_group_decorator.py
[2024-05-30T06:49:43.038+0000] {logging_mixin.py:188} INFO - [2024-05-30T06:49:43.037+0000] {dag.py:3096} INFO - Sync 1 DAGs
[2024-05-30T06:49:43.059+0000] {logging_mixin.py:188} INFO - [2024-05-30T06:49:43.059+0000] {dag.py:3954} INFO - Setting next_dagrun for example_task_group_decorator to 2024-05-29 00:00:00+00:00, run_after=2024-05-30 00:00:00+00:00
[2024-05-30T06:49:43.077+0000] {processor.py:183} INFO - Processing /home/airflow/.local/lib/python3.12/site-packages/airflow/example_dags/example_task_group_decorator.py took 0.084 seconds
[2024-05-30T06:50:13.781+0000] {processor.py:161} INFO - Started process (PID=1134) to work on /home/airflow/.local/lib/python3.12/site-packages/airflow/example_dags/example_task_group_decorator.py
[2024-05-30T06:50:13.782+0000] {processor.py:830} INFO - Processing file /home/airflow/.local/lib/python3.12/site-packages/airflow/example_dags/example_task_group_decorator.py for tasks to queue
[2024-05-30T06:50:13.784+0000] {logging_mixin.py:188} INFO - [2024-05-30T06:50:13.784+0000] {dagbag.py:545} INFO - Filling up the DagBag from /home/airflow/.local/lib/python3.12/site-packages/airflow/example_dags/example_task_group_decorator.py
[2024-05-30T06:50:13.797+0000] {processor.py:840} INFO - DAG(s) 'example_task_group_decorator' retrieved from /home/airflow/.local/lib/python3.12/site-packages/airflow/example_dags/example_task_group_decorator.py
[2024-05-30T06:50:13.821+0000] {logging_mixin.py:188} INFO - [2024-05-30T06:50:13.820+0000] {dag.py:3096} INFO - Sync 1 DAGs
[2024-05-30T06:50:13.842+0000] {logging_mixin.py:188} INFO - [2024-05-30T06:50:13.841+0000] {dag.py:3954} INFO - Setting next_dagrun for example_task_group_decorator to 2024-05-29 00:00:00+00:00, run_after=2024-05-30 00:00:00+00:00
[2024-05-30T06:50:13.859+0000] {processor.py:183} INFO - Processing /home/airflow/.local/lib/python3.12/site-packages/airflow/example_dags/example_task_group_decorator.py took 0.083 seconds
[2024-05-30T06:50:44.407+0000] {processor.py:161} INFO - Started process (PID=1192) to work on /home/airflow/.local/lib/python3.12/site-packages/airflow/example_dags/example_task_group_decorator.py
[2024-05-30T06:50:44.408+0000] {processor.py:830} INFO - Processing file /home/airflow/.local/lib/python3.12/site-packages/airflow/example_dags/example_task_group_decorator.py for tasks to queue
[2024-05-30T06:50:44.410+0000] {logging_mixin.py:188} INFO - [2024-05-30T06:50:44.409+0000] {dagbag.py:545} INFO - Filling up the DagBag from /home/airflow/.local/lib/python3.12/site-packages/airflow/example_dags/example_task_group_decorator.py
[2024-05-30T06:50:44.423+0000] {processor.py:840} INFO - DAG(s) 'example_task_group_decorator' retrieved from /home/airflow/.local/lib/python3.12/site-packages/airflow/example_dags/example_task_group_decorator.py
[2024-05-30T06:50:44.447+0000] {logging_mixin.py:188} INFO - [2024-05-30T06:50:44.447+0000] {dag.py:3096} INFO - Sync 1 DAGs
[2024-05-30T06:50:44.468+0000] {logging_mixin.py:188} INFO - [2024-05-30T06:50:44.468+0000] {dag.py:3954} INFO - Setting next_dagrun for example_task_group_decorator to 2024-05-29 00:00:00+00:00, run_after=2024-05-30 00:00:00+00:00
[2024-05-30T06:50:44.486+0000] {processor.py:183} INFO - Processing /home/airflow/.local/lib/python3.12/site-packages/airflow/example_dags/example_task_group_decorator.py took 0.085 seconds
[2024-05-30T06:51:14.588+0000] {processor.py:161} INFO - Started process (PID=1251) to work on /home/airflow/.local/lib/python3.12/site-packages/airflow/example_dags/example_task_group_decorator.py
[2024-05-30T06:51:14.589+0000] {processor.py:830} INFO - Processing file /home/airflow/.local/lib/python3.12/site-packages/airflow/example_dags/example_task_group_decorator.py for tasks to queue
[2024-05-30T06:51:14.591+0000] {logging_mixin.py:188} INFO - [2024-05-30T06:51:14.591+0000] {dagbag.py:545} INFO - Filling up the DagBag from /home/airflow/.local/lib/python3.12/site-packages/airflow/example_dags/example_task_group_decorator.py
[2024-05-30T06:51:14.604+0000] {processor.py:840} INFO - DAG(s) 'example_task_group_decorator' retrieved from /home/airflow/.local/lib/python3.12/site-packages/airflow/example_dags/example_task_group_decorator.py
[2024-05-30T06:51:14.629+0000] {logging_mixin.py:188} INFO - [2024-05-30T06:51:14.628+0000] {dag.py:3096} INFO - Sync 1 DAGs
[2024-05-30T06:51:14.650+0000] {logging_mixin.py:188} INFO - [2024-05-30T06:51:14.650+0000] {dag.py:3954} INFO - Setting next_dagrun for example_task_group_decorator to 2024-05-29 00:00:00+00:00, run_after=2024-05-30 00:00:00+00:00
[2024-05-30T06:51:14.773+0000] {processor.py:183} INFO - Processing /home/airflow/.local/lib/python3.12/site-packages/airflow/example_dags/example_task_group_decorator.py took 0.190 seconds
[2024-05-30T06:51:45.013+0000] {processor.py:161} INFO - Started process (PID=1308) to work on /home/airflow/.local/lib/python3.12/site-packages/airflow/example_dags/example_task_group_decorator.py
[2024-05-30T06:51:45.014+0000] {processor.py:830} INFO - Processing file /home/airflow/.local/lib/python3.12/site-packages/airflow/example_dags/example_task_group_decorator.py for tasks to queue
[2024-05-30T06:51:45.015+0000] {logging_mixin.py:188} INFO - [2024-05-30T06:51:45.015+0000] {dagbag.py:545} INFO - Filling up the DagBag from /home/airflow/.local/lib/python3.12/site-packages/airflow/example_dags/example_task_group_decorator.py
[2024-05-30T06:51:45.029+0000] {processor.py:840} INFO - DAG(s) 'example_task_group_decorator' retrieved from /home/airflow/.local/lib/python3.12/site-packages/airflow/example_dags/example_task_group_decorator.py
[2024-05-30T06:51:45.053+0000] {logging_mixin.py:188} INFO - [2024-05-30T06:51:45.053+0000] {dag.py:3096} INFO - Sync 1 DAGs
[2024-05-30T06:51:45.074+0000] {logging_mixin.py:188} INFO - [2024-05-30T06:51:45.074+0000] {dag.py:3954} INFO - Setting next_dagrun for example_task_group_decorator to 2024-05-29 00:00:00+00:00, run_after=2024-05-30 00:00:00+00:00
[2024-05-30T06:51:45.092+0000] {processor.py:183} INFO - Processing /home/airflow/.local/lib/python3.12/site-packages/airflow/example_dags/example_task_group_decorator.py took 0.085 seconds
[2024-05-30T06:52:15.548+0000] {processor.py:161} INFO - Started process (PID=1366) to work on /home/airflow/.local/lib/python3.12/site-packages/airflow/example_dags/example_task_group_decorator.py
[2024-05-30T06:52:15.549+0000] {processor.py:830} INFO - Processing file /home/airflow/.local/lib/python3.12/site-packages/airflow/example_dags/example_task_group_decorator.py for tasks to queue
[2024-05-30T06:52:15.551+0000] {logging_mixin.py:188} INFO - [2024-05-30T06:52:15.551+0000] {dagbag.py:545} INFO - Filling up the DagBag from /home/airflow/.local/lib/python3.12/site-packages/airflow/example_dags/example_task_group_decorator.py
[2024-05-30T06:52:15.571+0000] {processor.py:840} INFO - DAG(s) 'example_task_group_decorator' retrieved from /home/airflow/.local/lib/python3.12/site-packages/airflow/example_dags/example_task_group_decorator.py
[2024-05-30T06:52:15.594+0000] {logging_mixin.py:188} INFO - [2024-05-30T06:52:15.594+0000] {dag.py:3096} INFO - Sync 1 DAGs
[2024-05-30T06:52:15.615+0000] {logging_mixin.py:188} INFO - [2024-05-30T06:52:15.615+0000] {dag.py:3954} INFO - Setting next_dagrun for example_task_group_decorator to 2024-05-29 00:00:00+00:00, run_after=2024-05-30 00:00:00+00:00
[2024-05-30T06:52:15.635+0000] {processor.py:183} INFO - Processing /home/airflow/.local/lib/python3.12/site-packages/airflow/example_dags/example_task_group_decorator.py took 0.092 seconds
[2024-05-30T06:52:46.092+0000] {processor.py:161} INFO - Started process (PID=1424) to work on /home/airflow/.local/lib/python3.12/site-packages/airflow/example_dags/example_task_group_decorator.py
[2024-05-30T06:52:46.093+0000] {processor.py:830} INFO - Processing file /home/airflow/.local/lib/python3.12/site-packages/airflow/example_dags/example_task_group_decorator.py for tasks to queue
[2024-05-30T06:52:46.095+0000] {logging_mixin.py:188} INFO - [2024-05-30T06:52:46.095+0000] {dagbag.py:545} INFO - Filling up the DagBag from /home/airflow/.local/lib/python3.12/site-packages/airflow/example_dags/example_task_group_decorator.py
[2024-05-30T06:52:46.109+0000] {processor.py:840} INFO - DAG(s) 'example_task_group_decorator' retrieved from /home/airflow/.local/lib/python3.12/site-packages/airflow/example_dags/example_task_group_decorator.py
[2024-05-30T06:52:46.133+0000] {logging_mixin.py:188} INFO - [2024-05-30T06:52:46.132+0000] {dag.py:3096} INFO - Sync 1 DAGs
[2024-05-30T06:52:46.154+0000] {logging_mixin.py:188} INFO - [2024-05-30T06:52:46.154+0000] {dag.py:3954} INFO - Setting next_dagrun for example_task_group_decorator to 2024-05-29 00:00:00+00:00, run_after=2024-05-30 00:00:00+00:00
[2024-05-30T06:52:46.173+0000] {processor.py:183} INFO - Processing /home/airflow/.local/lib/python3.12/site-packages/airflow/example_dags/example_task_group_decorator.py took 0.086 seconds
[2024-05-30T06:53:16.704+0000] {processor.py:161} INFO - Started process (PID=1482) to work on /home/airflow/.local/lib/python3.12/site-packages/airflow/example_dags/example_task_group_decorator.py
[2024-05-30T06:53:16.705+0000] {processor.py:830} INFO - Processing file /home/airflow/.local/lib/python3.12/site-packages/airflow/example_dags/example_task_group_decorator.py for tasks to queue
[2024-05-30T06:53:16.706+0000] {logging_mixin.py:188} INFO - [2024-05-30T06:53:16.706+0000] {dagbag.py:545} INFO - Filling up the DagBag from /home/airflow/.local/lib/python3.12/site-packages/airflow/example_dags/example_task_group_decorator.py
[2024-05-30T06:53:16.720+0000] {processor.py:840} INFO - DAG(s) 'example_task_group_decorator' retrieved from /home/airflow/.local/lib/python3.12/site-packages/airflow/example_dags/example_task_group_decorator.py
[2024-05-30T06:53:16.745+0000] {logging_mixin.py:188} INFO - [2024-05-30T06:53:16.745+0000] {dag.py:3096} INFO - Sync 1 DAGs
[2024-05-30T06:53:16.770+0000] {logging_mixin.py:188} INFO - [2024-05-30T06:53:16.770+0000] {dag.py:3954} INFO - Setting next_dagrun for example_task_group_decorator to 2024-05-29 00:00:00+00:00, run_after=2024-05-30 00:00:00+00:00
[2024-05-30T06:53:16.789+0000] {processor.py:183} INFO - Processing /home/airflow/.local/lib/python3.12/site-packages/airflow/example_dags/example_task_group_decorator.py took 0.091 seconds
[2024-05-30T06:53:47.170+0000] {processor.py:161} INFO - Started process (PID=1540) to work on /home/airflow/.local/lib/python3.12/site-packages/airflow/example_dags/example_task_group_decorator.py
[2024-05-30T06:53:47.171+0000] {processor.py:830} INFO - Processing file /home/airflow/.local/lib/python3.12/site-packages/airflow/example_dags/example_task_group_decorator.py for tasks to queue
[2024-05-30T06:53:47.172+0000] {logging_mixin.py:188} INFO - [2024-05-30T06:53:47.172+0000] {dagbag.py:545} INFO - Filling up the DagBag from /home/airflow/.local/lib/python3.12/site-packages/airflow/example_dags/example_task_group_decorator.py
[2024-05-30T06:53:47.186+0000] {processor.py:840} INFO - DAG(s) 'example_task_group_decorator' retrieved from /home/airflow/.local/lib/python3.12/site-packages/airflow/example_dags/example_task_group_decorator.py
[2024-05-30T06:53:47.209+0000] {logging_mixin.py:188} INFO - [2024-05-30T06:53:47.209+0000] {dag.py:3096} INFO - Sync 1 DAGs
[2024-05-30T06:53:47.230+0000] {logging_mixin.py:188} INFO - [2024-05-30T06:53:47.230+0000] {dag.py:3954} INFO - Setting next_dagrun for example_task_group_decorator to 2024-05-29 00:00:00+00:00, run_after=2024-05-30 00:00:00+00:00
[2024-05-30T06:53:47.250+0000] {processor.py:183} INFO - Processing /home/airflow/.local/lib/python3.12/site-packages/airflow/example_dags/example_task_group_decorator.py took 0.086 seconds
[2024-05-30T06:54:17.845+0000] {processor.py:161} INFO - Started process (PID=1598) to work on /home/airflow/.local/lib/python3.12/site-packages/airflow/example_dags/example_task_group_decorator.py
[2024-05-30T06:54:17.846+0000] {processor.py:830} INFO - Processing file /home/airflow/.local/lib/python3.12/site-packages/airflow/example_dags/example_task_group_decorator.py for tasks to queue
[2024-05-30T06:54:17.849+0000] {logging_mixin.py:188} INFO - [2024-05-30T06:54:17.848+0000] {dagbag.py:545} INFO - Filling up the DagBag from /home/airflow/.local/lib/python3.12/site-packages/airflow/example_dags/example_task_group_decorator.py
[2024-05-30T06:54:17.864+0000] {processor.py:840} INFO - DAG(s) 'example_task_group_decorator' retrieved from /home/airflow/.local/lib/python3.12/site-packages/airflow/example_dags/example_task_group_decorator.py
[2024-05-30T06:54:17.890+0000] {logging_mixin.py:188} INFO - [2024-05-30T06:54:17.890+0000] {dag.py:3096} INFO - Sync 1 DAGs
[2024-05-30T06:54:17.914+0000] {logging_mixin.py:188} INFO - [2024-05-30T06:54:17.913+0000] {dag.py:3954} INFO - Setting next_dagrun for example_task_group_decorator to 2024-05-29 00:00:00+00:00, run_after=2024-05-30 00:00:00+00:00
[2024-05-30T06:54:17.936+0000] {processor.py:183} INFO - Processing /home/airflow/.local/lib/python3.12/site-packages/airflow/example_dags/example_task_group_decorator.py took 0.097 seconds
[2024-05-30T06:54:48.323+0000] {processor.py:161} INFO - Started process (PID=1662) to work on /home/airflow/.local/lib/python3.12/site-packages/airflow/example_dags/example_task_group_decorator.py
[2024-05-30T06:54:48.324+0000] {processor.py:830} INFO - Processing file /home/airflow/.local/lib/python3.12/site-packages/airflow/example_dags/example_task_group_decorator.py for tasks to queue
[2024-05-30T06:54:48.326+0000] {logging_mixin.py:188} INFO - [2024-05-30T06:54:48.325+0000] {dagbag.py:545} INFO - Filling up the DagBag from /home/airflow/.local/lib/python3.12/site-packages/airflow/example_dags/example_task_group_decorator.py
[2024-05-30T06:54:48.340+0000] {processor.py:840} INFO - DAG(s) 'example_task_group_decorator' retrieved from /home/airflow/.local/lib/python3.12/site-packages/airflow/example_dags/example_task_group_decorator.py
[2024-05-30T06:54:48.365+0000] {logging_mixin.py:188} INFO - [2024-05-30T06:54:48.365+0000] {dag.py:3096} INFO - Sync 1 DAGs
[2024-05-30T06:54:48.385+0000] {logging_mixin.py:188} INFO - [2024-05-30T06:54:48.385+0000] {dag.py:3954} INFO - Setting next_dagrun for example_task_group_decorator to 2024-05-29 00:00:00+00:00, run_after=2024-05-30 00:00:00+00:00
[2024-05-30T06:54:48.403+0000] {processor.py:183} INFO - Processing /home/airflow/.local/lib/python3.12/site-packages/airflow/example_dags/example_task_group_decorator.py took 0.085 seconds
[2024-05-30T06:55:18.718+0000] {processor.py:161} INFO - Started process (PID=1720) to work on /home/airflow/.local/lib/python3.12/site-packages/airflow/example_dags/example_task_group_decorator.py
[2024-05-30T06:55:18.719+0000] {processor.py:830} INFO - Processing file /home/airflow/.local/lib/python3.12/site-packages/airflow/example_dags/example_task_group_decorator.py for tasks to queue
[2024-05-30T06:55:18.720+0000] {logging_mixin.py:188} INFO - [2024-05-30T06:55:18.720+0000] {dagbag.py:545} INFO - Filling up the DagBag from /home/airflow/.local/lib/python3.12/site-packages/airflow/example_dags/example_task_group_decorator.py
[2024-05-30T06:55:18.734+0000] {processor.py:840} INFO - DAG(s) 'example_task_group_decorator' retrieved from /home/airflow/.local/lib/python3.12/site-packages/airflow/example_dags/example_task_group_decorator.py
[2024-05-30T06:55:18.757+0000] {logging_mixin.py:188} INFO - [2024-05-30T06:55:18.757+0000] {dag.py:3096} INFO - Sync 1 DAGs
[2024-05-30T06:55:18.778+0000] {logging_mixin.py:188} INFO - [2024-05-30T06:55:18.778+0000] {dag.py:3954} INFO - Setting next_dagrun for example_task_group_decorator to 2024-05-29 00:00:00+00:00, run_after=2024-05-30 00:00:00+00:00
[2024-05-30T06:55:18.796+0000] {processor.py:183} INFO - Processing /home/airflow/.local/lib/python3.12/site-packages/airflow/example_dags/example_task_group_decorator.py took 0.083 seconds
[2024-05-30T06:55:48.842+0000] {processor.py:161} INFO - Started process (PID=1778) to work on /home/airflow/.local/lib/python3.12/site-packages/airflow/example_dags/example_task_group_decorator.py
[2024-05-30T06:55:48.843+0000] {processor.py:830} INFO - Processing file /home/airflow/.local/lib/python3.12/site-packages/airflow/example_dags/example_task_group_decorator.py for tasks to queue
[2024-05-30T06:55:48.845+0000] {logging_mixin.py:188} INFO - [2024-05-30T06:55:48.845+0000] {dagbag.py:545} INFO - Filling up the DagBag from /home/airflow/.local/lib/python3.12/site-packages/airflow/example_dags/example_task_group_decorator.py
[2024-05-30T06:55:48.858+0000] {processor.py:840} INFO - DAG(s) 'example_task_group_decorator' retrieved from /home/airflow/.local/lib/python3.12/site-packages/airflow/example_dags/example_task_group_decorator.py
[2024-05-30T06:55:48.881+0000] {logging_mixin.py:188} INFO - [2024-05-30T06:55:48.881+0000] {dag.py:3096} INFO - Sync 1 DAGs
[2024-05-30T06:55:48.902+0000] {logging_mixin.py:188} INFO - [2024-05-30T06:55:48.902+0000] {dag.py:3954} INFO - Setting next_dagrun for example_task_group_decorator to 2024-05-29 00:00:00+00:00, run_after=2024-05-30 00:00:00+00:00
[2024-05-30T06:55:48.919+0000] {processor.py:183} INFO - Processing /home/airflow/.local/lib/python3.12/site-packages/airflow/example_dags/example_task_group_decorator.py took 0.082 seconds
[2024-05-30T06:56:19.024+0000] {processor.py:161} INFO - Started process (PID=1837) to work on /home/airflow/.local/lib/python3.12/site-packages/airflow/example_dags/example_task_group_decorator.py
[2024-05-30T06:56:19.025+0000] {processor.py:830} INFO - Processing file /home/airflow/.local/lib/python3.12/site-packages/airflow/example_dags/example_task_group_decorator.py for tasks to queue
[2024-05-30T06:56:19.026+0000] {logging_mixin.py:188} INFO - [2024-05-30T06:56:19.026+0000] {dagbag.py:545} INFO - Filling up the DagBag from /home/airflow/.local/lib/python3.12/site-packages/airflow/example_dags/example_task_group_decorator.py
[2024-05-30T06:56:19.040+0000] {processor.py:840} INFO - DAG(s) 'example_task_group_decorator' retrieved from /home/airflow/.local/lib/python3.12/site-packages/airflow/example_dags/example_task_group_decorator.py
[2024-05-30T06:56:19.063+0000] {logging_mixin.py:188} INFO - [2024-05-30T06:56:19.063+0000] {dag.py:3096} INFO - Sync 1 DAGs
[2024-05-30T06:56:19.084+0000] {logging_mixin.py:188} INFO - [2024-05-30T06:56:19.084+0000] {dag.py:3954} INFO - Setting next_dagrun for example_task_group_decorator to 2024-05-29 00:00:00+00:00, run_after=2024-05-30 00:00:00+00:00
[2024-05-30T06:56:19.101+0000] {processor.py:183} INFO - Processing /home/airflow/.local/lib/python3.12/site-packages/airflow/example_dags/example_task_group_decorator.py took 0.082 seconds
[2024-05-30T06:56:49.128+0000] {processor.py:161} INFO - Started process (PID=1895) to work on /home/airflow/.local/lib/python3.12/site-packages/airflow/example_dags/example_task_group_decorator.py
[2024-05-30T06:56:49.128+0000] {processor.py:830} INFO - Processing file /home/airflow/.local/lib/python3.12/site-packages/airflow/example_dags/example_task_group_decorator.py for tasks to queue
[2024-05-30T06:56:49.130+0000] {logging_mixin.py:188} INFO - [2024-05-30T06:56:49.130+0000] {dagbag.py:545} INFO - Filling up the DagBag from /home/airflow/.local/lib/python3.12/site-packages/airflow/example_dags/example_task_group_decorator.py
[2024-05-30T06:56:49.143+0000] {processor.py:840} INFO - DAG(s) 'example_task_group_decorator' retrieved from /home/airflow/.local/lib/python3.12/site-packages/airflow/example_dags/example_task_group_decorator.py
[2024-05-30T06:56:49.167+0000] {logging_mixin.py:188} INFO - [2024-05-30T06:56:49.167+0000] {dag.py:3096} INFO - Sync 1 DAGs
[2024-05-30T06:56:49.188+0000] {logging_mixin.py:188} INFO - [2024-05-30T06:56:49.187+0000] {dag.py:3954} INFO - Setting next_dagrun for example_task_group_decorator to 2024-05-29 00:00:00+00:00, run_after=2024-05-30 00:00:00+00:00
[2024-05-30T06:56:49.205+0000] {processor.py:183} INFO - Processing /home/airflow/.local/lib/python3.12/site-packages/airflow/example_dags/example_task_group_decorator.py took 0.083 seconds
[2024-05-30T06:57:19.659+0000] {processor.py:161} INFO - Started process (PID=1952) to work on /home/airflow/.local/lib/python3.12/site-packages/airflow/example_dags/example_task_group_decorator.py
[2024-05-30T06:57:19.660+0000] {processor.py:830} INFO - Processing file /home/airflow/.local/lib/python3.12/site-packages/airflow/example_dags/example_task_group_decorator.py for tasks to queue
[2024-05-30T06:57:19.661+0000] {logging_mixin.py:188} INFO - [2024-05-30T06:57:19.661+0000] {dagbag.py:545} INFO - Filling up the DagBag from /home/airflow/.local/lib/python3.12/site-packages/airflow/example_dags/example_task_group_decorator.py
[2024-05-30T06:57:19.675+0000] {processor.py:840} INFO - DAG(s) 'example_task_group_decorator' retrieved from /home/airflow/.local/lib/python3.12/site-packages/airflow/example_dags/example_task_group_decorator.py
[2024-05-30T06:57:19.697+0000] {logging_mixin.py:188} INFO - [2024-05-30T06:57:19.697+0000] {dag.py:3096} INFO - Sync 1 DAGs
[2024-05-30T06:57:19.718+0000] {logging_mixin.py:188} INFO - [2024-05-30T06:57:19.718+0000] {dag.py:3954} INFO - Setting next_dagrun for example_task_group_decorator to 2024-05-29 00:00:00+00:00, run_after=2024-05-30 00:00:00+00:00
[2024-05-30T06:57:19.736+0000] {processor.py:183} INFO - Processing /home/airflow/.local/lib/python3.12/site-packages/airflow/example_dags/example_task_group_decorator.py took 0.083 seconds
[2024-05-30T06:57:50.257+0000] {processor.py:161} INFO - Started process (PID=2010) to work on /home/airflow/.local/lib/python3.12/site-packages/airflow/example_dags/example_task_group_decorator.py
[2024-05-30T06:57:50.258+0000] {processor.py:830} INFO - Processing file /home/airflow/.local/lib/python3.12/site-packages/airflow/example_dags/example_task_group_decorator.py for tasks to queue
[2024-05-30T06:57:50.259+0000] {logging_mixin.py:188} INFO - [2024-05-30T06:57:50.259+0000] {dagbag.py:545} INFO - Filling up the DagBag from /home/airflow/.local/lib/python3.12/site-packages/airflow/example_dags/example_task_group_decorator.py
[2024-05-30T06:57:50.272+0000] {processor.py:840} INFO - DAG(s) 'example_task_group_decorator' retrieved from /home/airflow/.local/lib/python3.12/site-packages/airflow/example_dags/example_task_group_decorator.py
[2024-05-30T06:57:50.296+0000] {logging_mixin.py:188} INFO - [2024-05-30T06:57:50.296+0000] {dag.py:3096} INFO - Sync 1 DAGs
[2024-05-30T06:57:50.316+0000] {logging_mixin.py:188} INFO - [2024-05-30T06:57:50.316+0000] {dag.py:3954} INFO - Setting next_dagrun for example_task_group_decorator to 2024-05-29 00:00:00+00:00, run_after=2024-05-30 00:00:00+00:00
[2024-05-30T06:57:50.334+0000] {processor.py:183} INFO - Processing /home/airflow/.local/lib/python3.12/site-packages/airflow/example_dags/example_task_group_decorator.py took 0.082 seconds
[2024-05-30T06:58:20.815+0000] {processor.py:161} INFO - Started process (PID=2068) to work on /home/airflow/.local/lib/python3.12/site-packages/airflow/example_dags/example_task_group_decorator.py
[2024-05-30T06:58:20.816+0000] {processor.py:830} INFO - Processing file /home/airflow/.local/lib/python3.12/site-packages/airflow/example_dags/example_task_group_decorator.py for tasks to queue
[2024-05-30T06:58:20.818+0000] {logging_mixin.py:188} INFO - [2024-05-30T06:58:20.818+0000] {dagbag.py:545} INFO - Filling up the DagBag from /home/airflow/.local/lib/python3.12/site-packages/airflow/example_dags/example_task_group_decorator.py
[2024-05-30T06:58:20.832+0000] {processor.py:840} INFO - DAG(s) 'example_task_group_decorator' retrieved from /home/airflow/.local/lib/python3.12/site-packages/airflow/example_dags/example_task_group_decorator.py
[2024-05-30T06:58:20.855+0000] {logging_mixin.py:188} INFO - [2024-05-30T06:58:20.855+0000] {dag.py:3096} INFO - Sync 1 DAGs
[2024-05-30T06:58:20.876+0000] {logging_mixin.py:188} INFO - [2024-05-30T06:58:20.876+0000] {dag.py:3954} INFO - Setting next_dagrun for example_task_group_decorator to 2024-05-29 00:00:00+00:00, run_after=2024-05-30 00:00:00+00:00
[2024-05-30T06:58:20.895+0000] {processor.py:183} INFO - Processing /home/airflow/.local/lib/python3.12/site-packages/airflow/example_dags/example_task_group_decorator.py took 0.085 seconds
[2024-05-30T06:58:51.543+0000] {processor.py:161} INFO - Started process (PID=2126) to work on /home/airflow/.local/lib/python3.12/site-packages/airflow/example_dags/example_task_group_decorator.py
[2024-05-30T06:58:51.544+0000] {processor.py:830} INFO - Processing file /home/airflow/.local/lib/python3.12/site-packages/airflow/example_dags/example_task_group_decorator.py for tasks to queue
[2024-05-30T06:58:51.546+0000] {logging_mixin.py:188} INFO - [2024-05-30T06:58:51.546+0000] {dagbag.py:545} INFO - Filling up the DagBag from /home/airflow/.local/lib/python3.12/site-packages/airflow/example_dags/example_task_group_decorator.py
[2024-05-30T06:58:51.559+0000] {processor.py:840} INFO - DAG(s) 'example_task_group_decorator' retrieved from /home/airflow/.local/lib/python3.12/site-packages/airflow/example_dags/example_task_group_decorator.py
[2024-05-30T06:58:51.582+0000] {logging_mixin.py:188} INFO - [2024-05-30T06:58:51.582+0000] {dag.py:3096} INFO - Sync 1 DAGs
[2024-05-30T06:58:51.604+0000] {logging_mixin.py:188} INFO - [2024-05-30T06:58:51.604+0000] {dag.py:3954} INFO - Setting next_dagrun for example_task_group_decorator to 2024-05-29 00:00:00+00:00, run_after=2024-05-30 00:00:00+00:00
[2024-05-30T06:58:51.624+0000] {processor.py:183} INFO - Processing /home/airflow/.local/lib/python3.12/site-packages/airflow/example_dags/example_task_group_decorator.py took 0.086 seconds
[2024-05-30T06:59:22.067+0000] {processor.py:161} INFO - Started process (PID=2184) to work on /home/airflow/.local/lib/python3.12/site-packages/airflow/example_dags/example_task_group_decorator.py
[2024-05-30T06:59:22.068+0000] {processor.py:830} INFO - Processing file /home/airflow/.local/lib/python3.12/site-packages/airflow/example_dags/example_task_group_decorator.py for tasks to queue
[2024-05-30T06:59:22.069+0000] {logging_mixin.py:188} INFO - [2024-05-30T06:59:22.069+0000] {dagbag.py:545} INFO - Filling up the DagBag from /home/airflow/.local/lib/python3.12/site-packages/airflow/example_dags/example_task_group_decorator.py
[2024-05-30T06:59:22.083+0000] {processor.py:840} INFO - DAG(s) 'example_task_group_decorator' retrieved from /home/airflow/.local/lib/python3.12/site-packages/airflow/example_dags/example_task_group_decorator.py
[2024-05-30T06:59:22.106+0000] {logging_mixin.py:188} INFO - [2024-05-30T06:59:22.105+0000] {dag.py:3096} INFO - Sync 1 DAGs
[2024-05-30T06:59:22.126+0000] {logging_mixin.py:188} INFO - [2024-05-30T06:59:22.126+0000] {dag.py:3954} INFO - Setting next_dagrun for example_task_group_decorator to 2024-05-29 00:00:00+00:00, run_after=2024-05-30 00:00:00+00:00
[2024-05-30T06:59:22.144+0000] {processor.py:183} INFO - Processing /home/airflow/.local/lib/python3.12/site-packages/airflow/example_dags/example_task_group_decorator.py took 0.082 seconds
[2024-05-30T06:59:52.521+0000] {processor.py:161} INFO - Started process (PID=2242) to work on /home/airflow/.local/lib/python3.12/site-packages/airflow/example_dags/example_task_group_decorator.py
[2024-05-30T06:59:52.522+0000] {processor.py:830} INFO - Processing file /home/airflow/.local/lib/python3.12/site-packages/airflow/example_dags/example_task_group_decorator.py for tasks to queue
[2024-05-30T06:59:52.523+0000] {logging_mixin.py:188} INFO - [2024-05-30T06:59:52.523+0000] {dagbag.py:545} INFO - Filling up the DagBag from /home/airflow/.local/lib/python3.12/site-packages/airflow/example_dags/example_task_group_decorator.py
[2024-05-30T06:59:52.537+0000] {processor.py:840} INFO - DAG(s) 'example_task_group_decorator' retrieved from /home/airflow/.local/lib/python3.12/site-packages/airflow/example_dags/example_task_group_decorator.py
[2024-05-30T06:59:52.559+0000] {logging_mixin.py:188} INFO - [2024-05-30T06:59:52.559+0000] {dag.py:3096} INFO - Sync 1 DAGs
[2024-05-30T06:59:52.582+0000] {logging_mixin.py:188} INFO - [2024-05-30T06:59:52.582+0000] {dag.py:3954} INFO - Setting next_dagrun for example_task_group_decorator to 2024-05-29 00:00:00+00:00, run_after=2024-05-30 00:00:00+00:00
[2024-05-30T06:59:52.599+0000] {processor.py:183} INFO - Processing /home/airflow/.local/lib/python3.12/site-packages/airflow/example_dags/example_task_group_decorator.py took 0.084 seconds
[2024-05-30T07:00:23.108+0000] {processor.py:161} INFO - Started process (PID=2300) to work on /home/airflow/.local/lib/python3.12/site-packages/airflow/example_dags/example_task_group_decorator.py
[2024-05-30T07:00:23.109+0000] {processor.py:830} INFO - Processing file /home/airflow/.local/lib/python3.12/site-packages/airflow/example_dags/example_task_group_decorator.py for tasks to queue
[2024-05-30T07:00:23.111+0000] {logging_mixin.py:188} INFO - [2024-05-30T07:00:23.110+0000] {dagbag.py:545} INFO - Filling up the DagBag from /home/airflow/.local/lib/python3.12/site-packages/airflow/example_dags/example_task_group_decorator.py
[2024-05-30T07:00:23.125+0000] {processor.py:840} INFO - DAG(s) 'example_task_group_decorator' retrieved from /home/airflow/.local/lib/python3.12/site-packages/airflow/example_dags/example_task_group_decorator.py
[2024-05-30T07:00:23.149+0000] {logging_mixin.py:188} INFO - [2024-05-30T07:00:23.149+0000] {dag.py:3096} INFO - Sync 1 DAGs
[2024-05-30T07:00:23.171+0000] {logging_mixin.py:188} INFO - [2024-05-30T07:00:23.170+0000] {dag.py:3954} INFO - Setting next_dagrun for example_task_group_decorator to 2024-05-29 00:00:00+00:00, run_after=2024-05-30 00:00:00+00:00
[2024-05-30T07:00:23.192+0000] {processor.py:183} INFO - Processing /home/airflow/.local/lib/python3.12/site-packages/airflow/example_dags/example_task_group_decorator.py took 0.089 seconds
[2024-05-30T07:00:53.685+0000] {processor.py:161} INFO - Started process (PID=2358) to work on /home/airflow/.local/lib/python3.12/site-packages/airflow/example_dags/example_task_group_decorator.py
[2024-05-30T07:00:53.686+0000] {processor.py:830} INFO - Processing file /home/airflow/.local/lib/python3.12/site-packages/airflow/example_dags/example_task_group_decorator.py for tasks to queue
[2024-05-30T07:00:53.688+0000] {logging_mixin.py:188} INFO - [2024-05-30T07:00:53.688+0000] {dagbag.py:545} INFO - Filling up the DagBag from /home/airflow/.local/lib/python3.12/site-packages/airflow/example_dags/example_task_group_decorator.py
[2024-05-30T07:00:53.701+0000] {processor.py:840} INFO - DAG(s) 'example_task_group_decorator' retrieved from /home/airflow/.local/lib/python3.12/site-packages/airflow/example_dags/example_task_group_decorator.py
[2024-05-30T07:00:53.725+0000] {logging_mixin.py:188} INFO - [2024-05-30T07:00:53.724+0000] {dag.py:3096} INFO - Sync 1 DAGs
[2024-05-30T07:00:53.746+0000] {logging_mixin.py:188} INFO - [2024-05-30T07:00:53.746+0000] {dag.py:3954} INFO - Setting next_dagrun for example_task_group_decorator to 2024-05-29 00:00:00+00:00, run_after=2024-05-30 00:00:00+00:00
[2024-05-30T07:00:53.765+0000] {processor.py:183} INFO - Processing /home/airflow/.local/lib/python3.12/site-packages/airflow/example_dags/example_task_group_decorator.py took 0.085 seconds
[2024-05-30T07:01:24.165+0000] {processor.py:161} INFO - Started process (PID=2416) to work on /home/airflow/.local/lib/python3.12/site-packages/airflow/example_dags/example_task_group_decorator.py
[2024-05-30T07:01:24.166+0000] {processor.py:830} INFO - Processing file /home/airflow/.local/lib/python3.12/site-packages/airflow/example_dags/example_task_group_decorator.py for tasks to queue
[2024-05-30T07:01:24.168+0000] {logging_mixin.py:188} INFO - [2024-05-30T07:01:24.168+0000] {dagbag.py:545} INFO - Filling up the DagBag from /home/airflow/.local/lib/python3.12/site-packages/airflow/example_dags/example_task_group_decorator.py
[2024-05-30T07:01:24.186+0000] {processor.py:840} INFO - DAG(s) 'example_task_group_decorator' retrieved from /home/airflow/.local/lib/python3.12/site-packages/airflow/example_dags/example_task_group_decorator.py
[2024-05-30T07:01:24.211+0000] {logging_mixin.py:188} INFO - [2024-05-30T07:01:24.211+0000] {dag.py:3096} INFO - Sync 1 DAGs
[2024-05-30T07:01:24.233+0000] {logging_mixin.py:188} INFO - [2024-05-30T07:01:24.233+0000] {dag.py:3954} INFO - Setting next_dagrun for example_task_group_decorator to 2024-05-29 00:00:00+00:00, run_after=2024-05-30 00:00:00+00:00
[2024-05-30T07:01:24.251+0000] {processor.py:183} INFO - Processing /home/airflow/.local/lib/python3.12/site-packages/airflow/example_dags/example_task_group_decorator.py took 0.092 seconds
