[2024-05-30T06:40:36.312+0000] {processor.py:161} INFO - Started process (PID=36) to work on /home/airflow/.local/lib/python3.12/site-packages/airflow/example_dags/example_latest_only_with_trigger.py
[2024-05-30T06:40:36.314+0000] {processor.py:830} INFO - Processing file /home/airflow/.local/lib/python3.12/site-packages/airflow/example_dags/example_latest_only_with_trigger.py for tasks to queue
[2024-05-30T06:40:36.316+0000] {logging_mixin.py:188} INFO - [2024-05-30T06:40:36.315+0000] {dagbag.py:545} INFO - Filling up the DagBag from /home/airflow/.local/lib/python3.12/site-packages/airflow/example_dags/example_latest_only_with_trigger.py
[2024-05-30T06:40:36.329+0000] {processor.py:840} INFO - DAG(s) 'latest_only_with_trigger' retrieved from /home/airflow/.local/lib/python3.12/site-packages/airflow/example_dags/example_latest_only_with_trigger.py
[2024-05-30T06:40:36.375+0000] {logging_mixin.py:188} INFO - [2024-05-30T06:40:36.374+0000] {dag.py:3096} INFO - Sync 1 DAGs
[2024-05-30T06:40:36.417+0000] {logging_mixin.py:188} INFO - [2024-05-30T06:40:36.417+0000] {dag.py:3954} INFO - Setting next_dagrun for latest_only_with_trigger to 2024-05-30 00:00:00+00:00, run_after=2024-05-30 04:00:00+00:00
[2024-05-30T06:40:36.446+0000] {processor.py:183} INFO - Processing /home/airflow/.local/lib/python3.12/site-packages/airflow/example_dags/example_latest_only_with_trigger.py took 0.141 seconds
[2024-05-30T06:41:06.550+0000] {processor.py:161} INFO - Started process (PID=93) to work on /home/airflow/.local/lib/python3.12/site-packages/airflow/example_dags/example_latest_only_with_trigger.py
[2024-05-30T06:41:06.551+0000] {processor.py:830} INFO - Processing file /home/airflow/.local/lib/python3.12/site-packages/airflow/example_dags/example_latest_only_with_trigger.py for tasks to queue
[2024-05-30T06:41:06.553+0000] {logging_mixin.py:188} INFO - [2024-05-30T06:41:06.552+0000] {dagbag.py:545} INFO - Filling up the DagBag from /home/airflow/.local/lib/python3.12/site-packages/airflow/example_dags/example_latest_only_with_trigger.py
[2024-05-30T06:41:06.558+0000] {processor.py:840} INFO - DAG(s) 'latest_only_with_trigger' retrieved from /home/airflow/.local/lib/python3.12/site-packages/airflow/example_dags/example_latest_only_with_trigger.py
[2024-05-30T06:41:06.569+0000] {logging_mixin.py:188} INFO - [2024-05-30T06:41:06.569+0000] {dag.py:3096} INFO - Sync 1 DAGs
[2024-05-30T06:41:06.592+0000] {logging_mixin.py:188} INFO - [2024-05-30T06:41:06.592+0000] {dag.py:3954} INFO - Setting next_dagrun for latest_only_with_trigger to 2024-05-30 00:00:00+00:00, run_after=2024-05-30 04:00:00+00:00
[2024-05-30T06:41:06.615+0000] {processor.py:183} INFO - Processing /home/airflow/.local/lib/python3.12/site-packages/airflow/example_dags/example_latest_only_with_trigger.py took 0.071 seconds
[2024-05-30T06:41:37.173+0000] {processor.py:161} INFO - Started process (PID=151) to work on /home/airflow/.local/lib/python3.12/site-packages/airflow/example_dags/example_latest_only_with_trigger.py
[2024-05-30T06:41:37.173+0000] {processor.py:830} INFO - Processing file /home/airflow/.local/lib/python3.12/site-packages/airflow/example_dags/example_latest_only_with_trigger.py for tasks to queue
[2024-05-30T06:41:37.175+0000] {logging_mixin.py:188} INFO - [2024-05-30T06:41:37.175+0000] {dagbag.py:545} INFO - Filling up the DagBag from /home/airflow/.local/lib/python3.12/site-packages/airflow/example_dags/example_latest_only_with_trigger.py
[2024-05-30T06:41:37.180+0000] {processor.py:840} INFO - DAG(s) 'latest_only_with_trigger' retrieved from /home/airflow/.local/lib/python3.12/site-packages/airflow/example_dags/example_latest_only_with_trigger.py
[2024-05-30T06:41:37.272+0000] {logging_mixin.py:188} INFO - [2024-05-30T06:41:37.272+0000] {dag.py:3096} INFO - Sync 1 DAGs
[2024-05-30T06:41:37.290+0000] {logging_mixin.py:188} INFO - [2024-05-30T06:41:37.289+0000] {dag.py:3954} INFO - Setting next_dagrun for latest_only_with_trigger to 2024-05-30 00:00:00+00:00, run_after=2024-05-30 04:00:00+00:00
[2024-05-30T06:41:37.313+0000] {processor.py:183} INFO - Processing /home/airflow/.local/lib/python3.12/site-packages/airflow/example_dags/example_latest_only_with_trigger.py took 0.145 seconds
[2024-05-30T06:42:08.054+0000] {processor.py:161} INFO - Started process (PID=209) to work on /home/airflow/.local/lib/python3.12/site-packages/airflow/example_dags/example_latest_only_with_trigger.py
[2024-05-30T06:42:08.054+0000] {processor.py:830} INFO - Processing file /home/airflow/.local/lib/python3.12/site-packages/airflow/example_dags/example_latest_only_with_trigger.py for tasks to queue
[2024-05-30T06:42:08.056+0000] {logging_mixin.py:188} INFO - [2024-05-30T06:42:08.056+0000] {dagbag.py:545} INFO - Filling up the DagBag from /home/airflow/.local/lib/python3.12/site-packages/airflow/example_dags/example_latest_only_with_trigger.py
[2024-05-30T06:42:08.061+0000] {processor.py:840} INFO - DAG(s) 'latest_only_with_trigger' retrieved from /home/airflow/.local/lib/python3.12/site-packages/airflow/example_dags/example_latest_only_with_trigger.py
[2024-05-30T06:42:08.079+0000] {logging_mixin.py:188} INFO - [2024-05-30T06:42:08.079+0000] {dag.py:3096} INFO - Sync 1 DAGs
[2024-05-30T06:42:08.101+0000] {logging_mixin.py:188} INFO - [2024-05-30T06:42:08.100+0000] {dag.py:3954} INFO - Setting next_dagrun for latest_only_with_trigger to 2024-05-30 00:00:00+00:00, run_after=2024-05-30 04:00:00+00:00
[2024-05-30T06:42:08.117+0000] {processor.py:183} INFO - Processing /home/airflow/.local/lib/python3.12/site-packages/airflow/example_dags/example_latest_only_with_trigger.py took 0.069 seconds
[2024-05-30T06:42:38.231+0000] {processor.py:161} INFO - Started process (PID=267) to work on /home/airflow/.local/lib/python3.12/site-packages/airflow/example_dags/example_latest_only_with_trigger.py
[2024-05-30T06:42:38.232+0000] {processor.py:830} INFO - Processing file /home/airflow/.local/lib/python3.12/site-packages/airflow/example_dags/example_latest_only_with_trigger.py for tasks to queue
[2024-05-30T06:42:38.234+0000] {logging_mixin.py:188} INFO - [2024-05-30T06:42:38.233+0000] {dagbag.py:545} INFO - Filling up the DagBag from /home/airflow/.local/lib/python3.12/site-packages/airflow/example_dags/example_latest_only_with_trigger.py
[2024-05-30T06:42:38.239+0000] {processor.py:840} INFO - DAG(s) 'latest_only_with_trigger' retrieved from /home/airflow/.local/lib/python3.12/site-packages/airflow/example_dags/example_latest_only_with_trigger.py
[2024-05-30T06:42:38.260+0000] {logging_mixin.py:188} INFO - [2024-05-30T06:42:38.260+0000] {dag.py:3096} INFO - Sync 1 DAGs
[2024-05-30T06:42:38.283+0000] {logging_mixin.py:188} INFO - [2024-05-30T06:42:38.283+0000] {dag.py:3954} INFO - Setting next_dagrun for latest_only_with_trigger to 2024-05-30 00:00:00+00:00, run_after=2024-05-30 04:00:00+00:00
[2024-05-30T06:42:38.302+0000] {processor.py:183} INFO - Processing /home/airflow/.local/lib/python3.12/site-packages/airflow/example_dags/example_latest_only_with_trigger.py took 0.077 seconds
[2024-05-30T06:43:08.520+0000] {processor.py:161} INFO - Started process (PID=325) to work on /home/airflow/.local/lib/python3.12/site-packages/airflow/example_dags/example_latest_only_with_trigger.py
[2024-05-30T06:43:08.521+0000] {processor.py:830} INFO - Processing file /home/airflow/.local/lib/python3.12/site-packages/airflow/example_dags/example_latest_only_with_trigger.py for tasks to queue
[2024-05-30T06:43:08.522+0000] {logging_mixin.py:188} INFO - [2024-05-30T06:43:08.522+0000] {dagbag.py:545} INFO - Filling up the DagBag from /home/airflow/.local/lib/python3.12/site-packages/airflow/example_dags/example_latest_only_with_trigger.py
[2024-05-30T06:43:08.527+0000] {processor.py:840} INFO - DAG(s) 'latest_only_with_trigger' retrieved from /home/airflow/.local/lib/python3.12/site-packages/airflow/example_dags/example_latest_only_with_trigger.py
[2024-05-30T06:43:08.545+0000] {logging_mixin.py:188} INFO - [2024-05-30T06:43:08.545+0000] {dag.py:3096} INFO - Sync 1 DAGs
[2024-05-30T06:43:08.567+0000] {logging_mixin.py:188} INFO - [2024-05-30T06:43:08.567+0000] {dag.py:3954} INFO - Setting next_dagrun for latest_only_with_trigger to 2024-05-30 00:00:00+00:00, run_after=2024-05-30 04:00:00+00:00
[2024-05-30T06:43:08.586+0000] {processor.py:183} INFO - Processing /home/airflow/.local/lib/python3.12/site-packages/airflow/example_dags/example_latest_only_with_trigger.py took 0.071 seconds
[2024-05-30T06:43:38.803+0000] {processor.py:161} INFO - Started process (PID=383) to work on /home/airflow/.local/lib/python3.12/site-packages/airflow/example_dags/example_latest_only_with_trigger.py
[2024-05-30T06:43:38.804+0000] {processor.py:830} INFO - Processing file /home/airflow/.local/lib/python3.12/site-packages/airflow/example_dags/example_latest_only_with_trigger.py for tasks to queue
[2024-05-30T06:43:38.806+0000] {logging_mixin.py:188} INFO - [2024-05-30T06:43:38.805+0000] {dagbag.py:545} INFO - Filling up the DagBag from /home/airflow/.local/lib/python3.12/site-packages/airflow/example_dags/example_latest_only_with_trigger.py
[2024-05-30T06:43:38.810+0000] {processor.py:840} INFO - DAG(s) 'latest_only_with_trigger' retrieved from /home/airflow/.local/lib/python3.12/site-packages/airflow/example_dags/example_latest_only_with_trigger.py
[2024-05-30T06:43:38.828+0000] {logging_mixin.py:188} INFO - [2024-05-30T06:43:38.827+0000] {dag.py:3096} INFO - Sync 1 DAGs
[2024-05-30T06:43:38.848+0000] {logging_mixin.py:188} INFO - [2024-05-30T06:43:38.848+0000] {dag.py:3954} INFO - Setting next_dagrun for latest_only_with_trigger to 2024-05-30 00:00:00+00:00, run_after=2024-05-30 04:00:00+00:00
[2024-05-30T06:43:38.866+0000] {processor.py:183} INFO - Processing /home/airflow/.local/lib/python3.12/site-packages/airflow/example_dags/example_latest_only_with_trigger.py took 0.067 seconds
[2024-05-30T06:44:09.442+0000] {processor.py:161} INFO - Started process (PID=441) to work on /home/airflow/.local/lib/python3.12/site-packages/airflow/example_dags/example_latest_only_with_trigger.py
[2024-05-30T06:44:09.443+0000] {processor.py:830} INFO - Processing file /home/airflow/.local/lib/python3.12/site-packages/airflow/example_dags/example_latest_only_with_trigger.py for tasks to queue
[2024-05-30T06:44:09.445+0000] {logging_mixin.py:188} INFO - [2024-05-30T06:44:09.444+0000] {dagbag.py:545} INFO - Filling up the DagBag from /home/airflow/.local/lib/python3.12/site-packages/airflow/example_dags/example_latest_only_with_trigger.py
[2024-05-30T06:44:09.451+0000] {processor.py:840} INFO - DAG(s) 'latest_only_with_trigger' retrieved from /home/airflow/.local/lib/python3.12/site-packages/airflow/example_dags/example_latest_only_with_trigger.py
[2024-05-30T06:44:09.468+0000] {logging_mixin.py:188} INFO - [2024-05-30T06:44:09.468+0000] {dag.py:3096} INFO - Sync 1 DAGs
[2024-05-30T06:44:09.489+0000] {logging_mixin.py:188} INFO - [2024-05-30T06:44:09.489+0000] {dag.py:3954} INFO - Setting next_dagrun for latest_only_with_trigger to 2024-05-30 00:00:00+00:00, run_after=2024-05-30 04:00:00+00:00
[2024-05-30T06:44:09.506+0000] {processor.py:183} INFO - Processing /home/airflow/.local/lib/python3.12/site-packages/airflow/example_dags/example_latest_only_with_trigger.py took 0.069 seconds
[2024-05-30T06:44:39.639+0000] {processor.py:161} INFO - Started process (PID=499) to work on /home/airflow/.local/lib/python3.12/site-packages/airflow/example_dags/example_latest_only_with_trigger.py
[2024-05-30T06:44:39.640+0000] {processor.py:830} INFO - Processing file /home/airflow/.local/lib/python3.12/site-packages/airflow/example_dags/example_latest_only_with_trigger.py for tasks to queue
[2024-05-30T06:44:39.641+0000] {logging_mixin.py:188} INFO - [2024-05-30T06:44:39.641+0000] {dagbag.py:545} INFO - Filling up the DagBag from /home/airflow/.local/lib/python3.12/site-packages/airflow/example_dags/example_latest_only_with_trigger.py
[2024-05-30T06:44:39.646+0000] {processor.py:840} INFO - DAG(s) 'latest_only_with_trigger' retrieved from /home/airflow/.local/lib/python3.12/site-packages/airflow/example_dags/example_latest_only_with_trigger.py
[2024-05-30T06:44:39.664+0000] {logging_mixin.py:188} INFO - [2024-05-30T06:44:39.664+0000] {dag.py:3096} INFO - Sync 1 DAGs
[2024-05-30T06:44:39.685+0000] {logging_mixin.py:188} INFO - [2024-05-30T06:44:39.685+0000] {dag.py:3954} INFO - Setting next_dagrun for latest_only_with_trigger to 2024-05-30 00:00:00+00:00, run_after=2024-05-30 04:00:00+00:00
[2024-05-30T06:44:39.704+0000] {processor.py:183} INFO - Processing /home/airflow/.local/lib/python3.12/site-packages/airflow/example_dags/example_latest_only_with_trigger.py took 0.071 seconds
[2024-05-30T06:45:09.971+0000] {processor.py:161} INFO - Started process (PID=557) to work on /home/airflow/.local/lib/python3.12/site-packages/airflow/example_dags/example_latest_only_with_trigger.py
[2024-05-30T06:45:09.972+0000] {processor.py:830} INFO - Processing file /home/airflow/.local/lib/python3.12/site-packages/airflow/example_dags/example_latest_only_with_trigger.py for tasks to queue
[2024-05-30T06:45:09.974+0000] {logging_mixin.py:188} INFO - [2024-05-30T06:45:09.973+0000] {dagbag.py:545} INFO - Filling up the DagBag from /home/airflow/.local/lib/python3.12/site-packages/airflow/example_dags/example_latest_only_with_trigger.py
[2024-05-30T06:45:09.979+0000] {processor.py:840} INFO - DAG(s) 'latest_only_with_trigger' retrieved from /home/airflow/.local/lib/python3.12/site-packages/airflow/example_dags/example_latest_only_with_trigger.py
[2024-05-30T06:45:09.999+0000] {logging_mixin.py:188} INFO - [2024-05-30T06:45:09.999+0000] {dag.py:3096} INFO - Sync 1 DAGs
[2024-05-30T06:45:10.022+0000] {logging_mixin.py:188} INFO - [2024-05-30T06:45:10.022+0000] {dag.py:3954} INFO - Setting next_dagrun for latest_only_with_trigger to 2024-05-30 00:00:00+00:00, run_after=2024-05-30 04:00:00+00:00
[2024-05-30T06:45:10.043+0000] {processor.py:183} INFO - Processing /home/airflow/.local/lib/python3.12/site-packages/airflow/example_dags/example_latest_only_with_trigger.py took 0.079 seconds
[2024-05-30T06:45:40.270+0000] {processor.py:161} INFO - Started process (PID=615) to work on /home/airflow/.local/lib/python3.12/site-packages/airflow/example_dags/example_latest_only_with_trigger.py
[2024-05-30T06:45:40.271+0000] {processor.py:830} INFO - Processing file /home/airflow/.local/lib/python3.12/site-packages/airflow/example_dags/example_latest_only_with_trigger.py for tasks to queue
[2024-05-30T06:45:40.273+0000] {logging_mixin.py:188} INFO - [2024-05-30T06:45:40.273+0000] {dagbag.py:545} INFO - Filling up the DagBag from /home/airflow/.local/lib/python3.12/site-packages/airflow/example_dags/example_latest_only_with_trigger.py
[2024-05-30T06:45:40.278+0000] {processor.py:840} INFO - DAG(s) 'latest_only_with_trigger' retrieved from /home/airflow/.local/lib/python3.12/site-packages/airflow/example_dags/example_latest_only_with_trigger.py
[2024-05-30T06:45:40.296+0000] {logging_mixin.py:188} INFO - [2024-05-30T06:45:40.295+0000] {dag.py:3096} INFO - Sync 1 DAGs
[2024-05-30T06:45:40.317+0000] {logging_mixin.py:188} INFO - [2024-05-30T06:45:40.317+0000] {dag.py:3954} INFO - Setting next_dagrun for latest_only_with_trigger to 2024-05-30 00:00:00+00:00, run_after=2024-05-30 04:00:00+00:00
[2024-05-30T06:45:40.335+0000] {processor.py:183} INFO - Processing /home/airflow/.local/lib/python3.12/site-packages/airflow/example_dags/example_latest_only_with_trigger.py took 0.070 seconds
[2024-05-30T06:46:10.624+0000] {processor.py:161} INFO - Started process (PID=673) to work on /home/airflow/.local/lib/python3.12/site-packages/airflow/example_dags/example_latest_only_with_trigger.py
[2024-05-30T06:46:10.624+0000] {processor.py:830} INFO - Processing file /home/airflow/.local/lib/python3.12/site-packages/airflow/example_dags/example_latest_only_with_trigger.py for tasks to queue
[2024-05-30T06:46:10.626+0000] {logging_mixin.py:188} INFO - [2024-05-30T06:46:10.626+0000] {dagbag.py:545} INFO - Filling up the DagBag from /home/airflow/.local/lib/python3.12/site-packages/airflow/example_dags/example_latest_only_with_trigger.py
[2024-05-30T06:46:10.631+0000] {processor.py:840} INFO - DAG(s) 'latest_only_with_trigger' retrieved from /home/airflow/.local/lib/python3.12/site-packages/airflow/example_dags/example_latest_only_with_trigger.py
[2024-05-30T06:46:10.650+0000] {logging_mixin.py:188} INFO - [2024-05-30T06:46:10.649+0000] {dag.py:3096} INFO - Sync 1 DAGs
[2024-05-30T06:46:10.671+0000] {logging_mixin.py:188} INFO - [2024-05-30T06:46:10.671+0000] {dag.py:3954} INFO - Setting next_dagrun for latest_only_with_trigger to 2024-05-30 00:00:00+00:00, run_after=2024-05-30 04:00:00+00:00
[2024-05-30T06:46:10.689+0000] {processor.py:183} INFO - Processing /home/airflow/.local/lib/python3.12/site-packages/airflow/example_dags/example_latest_only_with_trigger.py took 0.070 seconds
[2024-05-30T06:46:41.077+0000] {processor.py:161} INFO - Started process (PID=731) to work on /home/airflow/.local/lib/python3.12/site-packages/airflow/example_dags/example_latest_only_with_trigger.py
[2024-05-30T06:46:41.078+0000] {processor.py:830} INFO - Processing file /home/airflow/.local/lib/python3.12/site-packages/airflow/example_dags/example_latest_only_with_trigger.py for tasks to queue
[2024-05-30T06:46:41.079+0000] {logging_mixin.py:188} INFO - [2024-05-30T06:46:41.079+0000] {dagbag.py:545} INFO - Filling up the DagBag from /home/airflow/.local/lib/python3.12/site-packages/airflow/example_dags/example_latest_only_with_trigger.py
[2024-05-30T06:46:41.084+0000] {processor.py:840} INFO - DAG(s) 'latest_only_with_trigger' retrieved from /home/airflow/.local/lib/python3.12/site-packages/airflow/example_dags/example_latest_only_with_trigger.py
[2024-05-30T06:46:41.103+0000] {logging_mixin.py:188} INFO - [2024-05-30T06:46:41.103+0000] {dag.py:3096} INFO - Sync 1 DAGs
[2024-05-30T06:46:41.124+0000] {logging_mixin.py:188} INFO - [2024-05-30T06:46:41.124+0000] {dag.py:3954} INFO - Setting next_dagrun for latest_only_with_trigger to 2024-05-30 00:00:00+00:00, run_after=2024-05-30 04:00:00+00:00
[2024-05-30T06:46:41.142+0000] {processor.py:183} INFO - Processing /home/airflow/.local/lib/python3.12/site-packages/airflow/example_dags/example_latest_only_with_trigger.py took 0.071 seconds
[2024-05-30T06:47:11.892+0000] {processor.py:161} INFO - Started process (PID=789) to work on /home/airflow/.local/lib/python3.12/site-packages/airflow/example_dags/example_latest_only_with_trigger.py
[2024-05-30T06:47:11.893+0000] {processor.py:830} INFO - Processing file /home/airflow/.local/lib/python3.12/site-packages/airflow/example_dags/example_latest_only_with_trigger.py for tasks to queue
[2024-05-30T06:47:11.894+0000] {logging_mixin.py:188} INFO - [2024-05-30T06:47:11.894+0000] {dagbag.py:545} INFO - Filling up the DagBag from /home/airflow/.local/lib/python3.12/site-packages/airflow/example_dags/example_latest_only_with_trigger.py
[2024-05-30T06:47:11.899+0000] {processor.py:840} INFO - DAG(s) 'latest_only_with_trigger' retrieved from /home/airflow/.local/lib/python3.12/site-packages/airflow/example_dags/example_latest_only_with_trigger.py
[2024-05-30T06:47:11.917+0000] {logging_mixin.py:188} INFO - [2024-05-30T06:47:11.917+0000] {dag.py:3096} INFO - Sync 1 DAGs
[2024-05-30T06:47:11.938+0000] {logging_mixin.py:188} INFO - [2024-05-30T06:47:11.938+0000] {dag.py:3954} INFO - Setting next_dagrun for latest_only_with_trigger to 2024-05-30 00:00:00+00:00, run_after=2024-05-30 04:00:00+00:00
[2024-05-30T06:47:11.956+0000] {processor.py:183} INFO - Processing /home/airflow/.local/lib/python3.12/site-packages/airflow/example_dags/example_latest_only_with_trigger.py took 0.070 seconds
[2024-05-30T06:47:42.081+0000] {processor.py:161} INFO - Started process (PID=847) to work on /home/airflow/.local/lib/python3.12/site-packages/airflow/example_dags/example_latest_only_with_trigger.py
[2024-05-30T06:47:42.082+0000] {processor.py:830} INFO - Processing file /home/airflow/.local/lib/python3.12/site-packages/airflow/example_dags/example_latest_only_with_trigger.py for tasks to queue
[2024-05-30T06:47:42.083+0000] {logging_mixin.py:188} INFO - [2024-05-30T06:47:42.083+0000] {dagbag.py:545} INFO - Filling up the DagBag from /home/airflow/.local/lib/python3.12/site-packages/airflow/example_dags/example_latest_only_with_trigger.py
[2024-05-30T06:47:42.088+0000] {processor.py:840} INFO - DAG(s) 'latest_only_with_trigger' retrieved from /home/airflow/.local/lib/python3.12/site-packages/airflow/example_dags/example_latest_only_with_trigger.py
[2024-05-30T06:47:42.106+0000] {logging_mixin.py:188} INFO - [2024-05-30T06:47:42.106+0000] {dag.py:3096} INFO - Sync 1 DAGs
[2024-05-30T06:47:42.127+0000] {logging_mixin.py:188} INFO - [2024-05-30T06:47:42.127+0000] {dag.py:3954} INFO - Setting next_dagrun for latest_only_with_trigger to 2024-05-30 00:00:00+00:00, run_after=2024-05-30 04:00:00+00:00
[2024-05-30T06:47:42.145+0000] {processor.py:183} INFO - Processing /home/airflow/.local/lib/python3.12/site-packages/airflow/example_dags/example_latest_only_with_trigger.py took 0.069 seconds
[2024-05-30T06:48:12.273+0000] {processor.py:161} INFO - Started process (PID=905) to work on /home/airflow/.local/lib/python3.12/site-packages/airflow/example_dags/example_latest_only_with_trigger.py
[2024-05-30T06:48:12.274+0000] {processor.py:830} INFO - Processing file /home/airflow/.local/lib/python3.12/site-packages/airflow/example_dags/example_latest_only_with_trigger.py for tasks to queue
[2024-05-30T06:48:12.276+0000] {logging_mixin.py:188} INFO - [2024-05-30T06:48:12.275+0000] {dagbag.py:545} INFO - Filling up the DagBag from /home/airflow/.local/lib/python3.12/site-packages/airflow/example_dags/example_latest_only_with_trigger.py
[2024-05-30T06:48:12.281+0000] {processor.py:840} INFO - DAG(s) 'latest_only_with_trigger' retrieved from /home/airflow/.local/lib/python3.12/site-packages/airflow/example_dags/example_latest_only_with_trigger.py
[2024-05-30T06:48:12.298+0000] {logging_mixin.py:188} INFO - [2024-05-30T06:48:12.298+0000] {dag.py:3096} INFO - Sync 1 DAGs
[2024-05-30T06:48:12.319+0000] {logging_mixin.py:188} INFO - [2024-05-30T06:48:12.319+0000] {dag.py:3954} INFO - Setting next_dagrun for latest_only_with_trigger to 2024-05-30 00:00:00+00:00, run_after=2024-05-30 04:00:00+00:00
[2024-05-30T06:48:12.336+0000] {processor.py:183} INFO - Processing /home/airflow/.local/lib/python3.12/site-packages/airflow/example_dags/example_latest_only_with_trigger.py took 0.069 seconds
[2024-05-30T06:48:42.493+0000] {processor.py:161} INFO - Started process (PID=963) to work on /home/airflow/.local/lib/python3.12/site-packages/airflow/example_dags/example_latest_only_with_trigger.py
[2024-05-30T06:48:42.494+0000] {processor.py:830} INFO - Processing file /home/airflow/.local/lib/python3.12/site-packages/airflow/example_dags/example_latest_only_with_trigger.py for tasks to queue
[2024-05-30T06:48:42.497+0000] {logging_mixin.py:188} INFO - [2024-05-30T06:48:42.496+0000] {dagbag.py:545} INFO - Filling up the DagBag from /home/airflow/.local/lib/python3.12/site-packages/airflow/example_dags/example_latest_only_with_trigger.py
[2024-05-30T06:48:42.501+0000] {processor.py:840} INFO - DAG(s) 'latest_only_with_trigger' retrieved from /home/airflow/.local/lib/python3.12/site-packages/airflow/example_dags/example_latest_only_with_trigger.py
[2024-05-30T06:48:42.520+0000] {logging_mixin.py:188} INFO - [2024-05-30T06:48:42.520+0000] {dag.py:3096} INFO - Sync 1 DAGs
[2024-05-30T06:48:42.541+0000] {logging_mixin.py:188} INFO - [2024-05-30T06:48:42.541+0000] {dag.py:3954} INFO - Setting next_dagrun for latest_only_with_trigger to 2024-05-30 00:00:00+00:00, run_after=2024-05-30 04:00:00+00:00
[2024-05-30T06:48:42.560+0000] {processor.py:183} INFO - Processing /home/airflow/.local/lib/python3.12/site-packages/airflow/example_dags/example_latest_only_with_trigger.py took 0.072 seconds
[2024-05-30T06:49:12.957+0000] {processor.py:161} INFO - Started process (PID=1021) to work on /home/airflow/.local/lib/python3.12/site-packages/airflow/example_dags/example_latest_only_with_trigger.py
[2024-05-30T06:49:12.957+0000] {processor.py:830} INFO - Processing file /home/airflow/.local/lib/python3.12/site-packages/airflow/example_dags/example_latest_only_with_trigger.py for tasks to queue
[2024-05-30T06:49:12.959+0000] {logging_mixin.py:188} INFO - [2024-05-30T06:49:12.959+0000] {dagbag.py:545} INFO - Filling up the DagBag from /home/airflow/.local/lib/python3.12/site-packages/airflow/example_dags/example_latest_only_with_trigger.py
[2024-05-30T06:49:12.964+0000] {processor.py:840} INFO - DAG(s) 'latest_only_with_trigger' retrieved from /home/airflow/.local/lib/python3.12/site-packages/airflow/example_dags/example_latest_only_with_trigger.py
[2024-05-30T06:49:12.983+0000] {logging_mixin.py:188} INFO - [2024-05-30T06:49:12.983+0000] {dag.py:3096} INFO - Sync 1 DAGs
[2024-05-30T06:49:13.006+0000] {logging_mixin.py:188} INFO - [2024-05-30T06:49:13.006+0000] {dag.py:3954} INFO - Setting next_dagrun for latest_only_with_trigger to 2024-05-30 00:00:00+00:00, run_after=2024-05-30 04:00:00+00:00
[2024-05-30T06:49:13.023+0000] {processor.py:183} INFO - Processing /home/airflow/.local/lib/python3.12/site-packages/airflow/example_dags/example_latest_only_with_trigger.py took 0.072 seconds
[2024-05-30T06:49:43.103+0000] {processor.py:161} INFO - Started process (PID=1079) to work on /home/airflow/.local/lib/python3.12/site-packages/airflow/example_dags/example_latest_only_with_trigger.py
[2024-05-30T06:49:43.104+0000] {processor.py:830} INFO - Processing file /home/airflow/.local/lib/python3.12/site-packages/airflow/example_dags/example_latest_only_with_trigger.py for tasks to queue
[2024-05-30T06:49:43.105+0000] {logging_mixin.py:188} INFO - [2024-05-30T06:49:43.105+0000] {dagbag.py:545} INFO - Filling up the DagBag from /home/airflow/.local/lib/python3.12/site-packages/airflow/example_dags/example_latest_only_with_trigger.py
[2024-05-30T06:49:43.110+0000] {processor.py:840} INFO - DAG(s) 'latest_only_with_trigger' retrieved from /home/airflow/.local/lib/python3.12/site-packages/airflow/example_dags/example_latest_only_with_trigger.py
[2024-05-30T06:49:43.128+0000] {logging_mixin.py:188} INFO - [2024-05-30T06:49:43.128+0000] {dag.py:3096} INFO - Sync 1 DAGs
[2024-05-30T06:49:43.150+0000] {logging_mixin.py:188} INFO - [2024-05-30T06:49:43.150+0000] {dag.py:3954} INFO - Setting next_dagrun for latest_only_with_trigger to 2024-05-30 00:00:00+00:00, run_after=2024-05-30 04:00:00+00:00
[2024-05-30T06:49:43.168+0000] {processor.py:183} INFO - Processing /home/airflow/.local/lib/python3.12/site-packages/airflow/example_dags/example_latest_only_with_trigger.py took 0.071 seconds
[2024-05-30T06:50:13.883+0000] {processor.py:161} INFO - Started process (PID=1137) to work on /home/airflow/.local/lib/python3.12/site-packages/airflow/example_dags/example_latest_only_with_trigger.py
[2024-05-30T06:50:13.884+0000] {processor.py:830} INFO - Processing file /home/airflow/.local/lib/python3.12/site-packages/airflow/example_dags/example_latest_only_with_trigger.py for tasks to queue
[2024-05-30T06:50:13.886+0000] {logging_mixin.py:188} INFO - [2024-05-30T06:50:13.886+0000] {dagbag.py:545} INFO - Filling up the DagBag from /home/airflow/.local/lib/python3.12/site-packages/airflow/example_dags/example_latest_only_with_trigger.py
[2024-05-30T06:50:13.891+0000] {processor.py:840} INFO - DAG(s) 'latest_only_with_trigger' retrieved from /home/airflow/.local/lib/python3.12/site-packages/airflow/example_dags/example_latest_only_with_trigger.py
[2024-05-30T06:50:13.909+0000] {logging_mixin.py:188} INFO - [2024-05-30T06:50:13.909+0000] {dag.py:3096} INFO - Sync 1 DAGs
[2024-05-30T06:50:13.931+0000] {logging_mixin.py:188} INFO - [2024-05-30T06:50:13.931+0000] {dag.py:3954} INFO - Setting next_dagrun for latest_only_with_trigger to 2024-05-30 00:00:00+00:00, run_after=2024-05-30 04:00:00+00:00
[2024-05-30T06:50:13.949+0000] {processor.py:183} INFO - Processing /home/airflow/.local/lib/python3.12/site-packages/airflow/example_dags/example_latest_only_with_trigger.py took 0.071 seconds
[2024-05-30T06:50:44.511+0000] {processor.py:161} INFO - Started process (PID=1195) to work on /home/airflow/.local/lib/python3.12/site-packages/airflow/example_dags/example_latest_only_with_trigger.py
[2024-05-30T06:50:44.512+0000] {processor.py:830} INFO - Processing file /home/airflow/.local/lib/python3.12/site-packages/airflow/example_dags/example_latest_only_with_trigger.py for tasks to queue
[2024-05-30T06:50:44.514+0000] {logging_mixin.py:188} INFO - [2024-05-30T06:50:44.514+0000] {dagbag.py:545} INFO - Filling up the DagBag from /home/airflow/.local/lib/python3.12/site-packages/airflow/example_dags/example_latest_only_with_trigger.py
[2024-05-30T06:50:44.519+0000] {processor.py:840} INFO - DAG(s) 'latest_only_with_trigger' retrieved from /home/airflow/.local/lib/python3.12/site-packages/airflow/example_dags/example_latest_only_with_trigger.py
[2024-05-30T06:50:44.538+0000] {logging_mixin.py:188} INFO - [2024-05-30T06:50:44.538+0000] {dag.py:3096} INFO - Sync 1 DAGs
[2024-05-30T06:50:44.559+0000] {logging_mixin.py:188} INFO - [2024-05-30T06:50:44.559+0000] {dag.py:3954} INFO - Setting next_dagrun for latest_only_with_trigger to 2024-05-30 00:00:00+00:00, run_after=2024-05-30 04:00:00+00:00
[2024-05-30T06:50:44.577+0000] {processor.py:183} INFO - Processing /home/airflow/.local/lib/python3.12/site-packages/airflow/example_dags/example_latest_only_with_trigger.py took 0.071 seconds
[2024-05-30T06:51:14.780+0000] {processor.py:161} INFO - Started process (PID=1253) to work on /home/airflow/.local/lib/python3.12/site-packages/airflow/example_dags/example_latest_only_with_trigger.py
[2024-05-30T06:51:14.781+0000] {processor.py:830} INFO - Processing file /home/airflow/.local/lib/python3.12/site-packages/airflow/example_dags/example_latest_only_with_trigger.py for tasks to queue
[2024-05-30T06:51:14.783+0000] {logging_mixin.py:188} INFO - [2024-05-30T06:51:14.783+0000] {dagbag.py:545} INFO - Filling up the DagBag from /home/airflow/.local/lib/python3.12/site-packages/airflow/example_dags/example_latest_only_with_trigger.py
[2024-05-30T06:51:14.788+0000] {processor.py:840} INFO - DAG(s) 'latest_only_with_trigger' retrieved from /home/airflow/.local/lib/python3.12/site-packages/airflow/example_dags/example_latest_only_with_trigger.py
[2024-05-30T06:51:14.806+0000] {logging_mixin.py:188} INFO - [2024-05-30T06:51:14.806+0000] {dag.py:3096} INFO - Sync 1 DAGs
[2024-05-30T06:51:14.827+0000] {logging_mixin.py:188} INFO - [2024-05-30T06:51:14.827+0000] {dag.py:3954} INFO - Setting next_dagrun for latest_only_with_trigger to 2024-05-30 00:00:00+00:00, run_after=2024-05-30 04:00:00+00:00
[2024-05-30T06:51:14.944+0000] {processor.py:183} INFO - Processing /home/airflow/.local/lib/python3.12/site-packages/airflow/example_dags/example_latest_only_with_trigger.py took 0.169 seconds
[2024-05-30T06:51:45.118+0000] {processor.py:161} INFO - Started process (PID=1311) to work on /home/airflow/.local/lib/python3.12/site-packages/airflow/example_dags/example_latest_only_with_trigger.py
[2024-05-30T06:51:45.119+0000] {processor.py:830} INFO - Processing file /home/airflow/.local/lib/python3.12/site-packages/airflow/example_dags/example_latest_only_with_trigger.py for tasks to queue
[2024-05-30T06:51:45.121+0000] {logging_mixin.py:188} INFO - [2024-05-30T06:51:45.121+0000] {dagbag.py:545} INFO - Filling up the DagBag from /home/airflow/.local/lib/python3.12/site-packages/airflow/example_dags/example_latest_only_with_trigger.py
[2024-05-30T06:51:45.126+0000] {processor.py:840} INFO - DAG(s) 'latest_only_with_trigger' retrieved from /home/airflow/.local/lib/python3.12/site-packages/airflow/example_dags/example_latest_only_with_trigger.py
[2024-05-30T06:51:45.144+0000] {logging_mixin.py:188} INFO - [2024-05-30T06:51:45.144+0000] {dag.py:3096} INFO - Sync 1 DAGs
[2024-05-30T06:51:45.165+0000] {logging_mixin.py:188} INFO - [2024-05-30T06:51:45.165+0000] {dag.py:3954} INFO - Setting next_dagrun for latest_only_with_trigger to 2024-05-30 00:00:00+00:00, run_after=2024-05-30 04:00:00+00:00
[2024-05-30T06:51:45.183+0000] {processor.py:183} INFO - Processing /home/airflow/.local/lib/python3.12/site-packages/airflow/example_dags/example_latest_only_with_trigger.py took 0.070 seconds
[2024-05-30T06:52:15.659+0000] {processor.py:161} INFO - Started process (PID=1369) to work on /home/airflow/.local/lib/python3.12/site-packages/airflow/example_dags/example_latest_only_with_trigger.py
[2024-05-30T06:52:15.660+0000] {processor.py:830} INFO - Processing file /home/airflow/.local/lib/python3.12/site-packages/airflow/example_dags/example_latest_only_with_trigger.py for tasks to queue
[2024-05-30T06:52:15.662+0000] {logging_mixin.py:188} INFO - [2024-05-30T06:52:15.662+0000] {dagbag.py:545} INFO - Filling up the DagBag from /home/airflow/.local/lib/python3.12/site-packages/airflow/example_dags/example_latest_only_with_trigger.py
[2024-05-30T06:52:15.668+0000] {processor.py:840} INFO - DAG(s) 'latest_only_with_trigger' retrieved from /home/airflow/.local/lib/python3.12/site-packages/airflow/example_dags/example_latest_only_with_trigger.py
[2024-05-30T06:52:15.687+0000] {logging_mixin.py:188} INFO - [2024-05-30T06:52:15.686+0000] {dag.py:3096} INFO - Sync 1 DAGs
[2024-05-30T06:52:15.710+0000] {logging_mixin.py:188} INFO - [2024-05-30T06:52:15.709+0000] {dag.py:3954} INFO - Setting next_dagrun for latest_only_with_trigger to 2024-05-30 00:00:00+00:00, run_after=2024-05-30 04:00:00+00:00
[2024-05-30T06:52:15.730+0000] {processor.py:183} INFO - Processing /home/airflow/.local/lib/python3.12/site-packages/airflow/example_dags/example_latest_only_with_trigger.py took 0.076 seconds
[2024-05-30T06:52:46.200+0000] {processor.py:161} INFO - Started process (PID=1427) to work on /home/airflow/.local/lib/python3.12/site-packages/airflow/example_dags/example_latest_only_with_trigger.py
[2024-05-30T06:52:46.201+0000] {processor.py:830} INFO - Processing file /home/airflow/.local/lib/python3.12/site-packages/airflow/example_dags/example_latest_only_with_trigger.py for tasks to queue
[2024-05-30T06:52:46.203+0000] {logging_mixin.py:188} INFO - [2024-05-30T06:52:46.203+0000] {dagbag.py:545} INFO - Filling up the DagBag from /home/airflow/.local/lib/python3.12/site-packages/airflow/example_dags/example_latest_only_with_trigger.py
[2024-05-30T06:52:46.210+0000] {processor.py:840} INFO - DAG(s) 'latest_only_with_trigger' retrieved from /home/airflow/.local/lib/python3.12/site-packages/airflow/example_dags/example_latest_only_with_trigger.py
[2024-05-30T06:52:46.230+0000] {logging_mixin.py:188} INFO - [2024-05-30T06:52:46.229+0000] {dag.py:3096} INFO - Sync 1 DAGs
[2024-05-30T06:52:46.254+0000] {logging_mixin.py:188} INFO - [2024-05-30T06:52:46.254+0000] {dag.py:3954} INFO - Setting next_dagrun for latest_only_with_trigger to 2024-05-30 00:00:00+00:00, run_after=2024-05-30 04:00:00+00:00
[2024-05-30T06:52:46.275+0000] {processor.py:183} INFO - Processing /home/airflow/.local/lib/python3.12/site-packages/airflow/example_dags/example_latest_only_with_trigger.py took 0.080 seconds
[2024-05-30T06:53:16.815+0000] {processor.py:161} INFO - Started process (PID=1485) to work on /home/airflow/.local/lib/python3.12/site-packages/airflow/example_dags/example_latest_only_with_trigger.py
[2024-05-30T06:53:16.816+0000] {processor.py:830} INFO - Processing file /home/airflow/.local/lib/python3.12/site-packages/airflow/example_dags/example_latest_only_with_trigger.py for tasks to queue
[2024-05-30T06:53:16.817+0000] {logging_mixin.py:188} INFO - [2024-05-30T06:53:16.817+0000] {dagbag.py:545} INFO - Filling up the DagBag from /home/airflow/.local/lib/python3.12/site-packages/airflow/example_dags/example_latest_only_with_trigger.py
[2024-05-30T06:53:16.823+0000] {processor.py:840} INFO - DAG(s) 'latest_only_with_trigger' retrieved from /home/airflow/.local/lib/python3.12/site-packages/airflow/example_dags/example_latest_only_with_trigger.py
[2024-05-30T06:53:16.842+0000] {logging_mixin.py:188} INFO - [2024-05-30T06:53:16.841+0000] {dag.py:3096} INFO - Sync 1 DAGs
[2024-05-30T06:53:16.863+0000] {logging_mixin.py:188} INFO - [2024-05-30T06:53:16.863+0000] {dag.py:3954} INFO - Setting next_dagrun for latest_only_with_trigger to 2024-05-30 00:00:00+00:00, run_after=2024-05-30 04:00:00+00:00
[2024-05-30T06:53:16.885+0000] {processor.py:183} INFO - Processing /home/airflow/.local/lib/python3.12/site-packages/airflow/example_dags/example_latest_only_with_trigger.py took 0.075 seconds
[2024-05-30T06:53:47.276+0000] {processor.py:161} INFO - Started process (PID=1543) to work on /home/airflow/.local/lib/python3.12/site-packages/airflow/example_dags/example_latest_only_with_trigger.py
[2024-05-30T06:53:47.277+0000] {processor.py:830} INFO - Processing file /home/airflow/.local/lib/python3.12/site-packages/airflow/example_dags/example_latest_only_with_trigger.py for tasks to queue
[2024-05-30T06:53:47.279+0000] {logging_mixin.py:188} INFO - [2024-05-30T06:53:47.278+0000] {dagbag.py:545} INFO - Filling up the DagBag from /home/airflow/.local/lib/python3.12/site-packages/airflow/example_dags/example_latest_only_with_trigger.py
[2024-05-30T06:53:47.283+0000] {processor.py:840} INFO - DAG(s) 'latest_only_with_trigger' retrieved from /home/airflow/.local/lib/python3.12/site-packages/airflow/example_dags/example_latest_only_with_trigger.py
[2024-05-30T06:53:47.304+0000] {logging_mixin.py:188} INFO - [2024-05-30T06:53:47.303+0000] {dag.py:3096} INFO - Sync 1 DAGs
[2024-05-30T06:53:47.325+0000] {logging_mixin.py:188} INFO - [2024-05-30T06:53:47.325+0000] {dag.py:3954} INFO - Setting next_dagrun for latest_only_with_trigger to 2024-05-30 00:00:00+00:00, run_after=2024-05-30 04:00:00+00:00
[2024-05-30T06:53:47.344+0000] {processor.py:183} INFO - Processing /home/airflow/.local/lib/python3.12/site-packages/airflow/example_dags/example_latest_only_with_trigger.py took 0.073 seconds
[2024-05-30T06:54:17.964+0000] {processor.py:161} INFO - Started process (PID=1601) to work on /home/airflow/.local/lib/python3.12/site-packages/airflow/example_dags/example_latest_only_with_trigger.py
[2024-05-30T06:54:17.964+0000] {processor.py:830} INFO - Processing file /home/airflow/.local/lib/python3.12/site-packages/airflow/example_dags/example_latest_only_with_trigger.py for tasks to queue
[2024-05-30T06:54:17.967+0000] {logging_mixin.py:188} INFO - [2024-05-30T06:54:17.966+0000] {dagbag.py:545} INFO - Filling up the DagBag from /home/airflow/.local/lib/python3.12/site-packages/airflow/example_dags/example_latest_only_with_trigger.py
[2024-05-30T06:54:17.979+0000] {processor.py:840} INFO - DAG(s) 'latest_only_with_trigger' retrieved from /home/airflow/.local/lib/python3.12/site-packages/airflow/example_dags/example_latest_only_with_trigger.py
[2024-05-30T06:54:18.007+0000] {logging_mixin.py:188} INFO - [2024-05-30T06:54:18.007+0000] {dag.py:3096} INFO - Sync 1 DAGs
[2024-05-30T06:54:18.032+0000] {logging_mixin.py:188} INFO - [2024-05-30T06:54:18.032+0000] {dag.py:3954} INFO - Setting next_dagrun for latest_only_with_trigger to 2024-05-30 00:00:00+00:00, run_after=2024-05-30 04:00:00+00:00
[2024-05-30T06:54:18.053+0000] {processor.py:183} INFO - Processing /home/airflow/.local/lib/python3.12/site-packages/airflow/example_dags/example_latest_only_with_trigger.py took 0.095 seconds
[2024-05-30T06:54:48.428+0000] {processor.py:161} INFO - Started process (PID=1665) to work on /home/airflow/.local/lib/python3.12/site-packages/airflow/example_dags/example_latest_only_with_trigger.py
[2024-05-30T06:54:48.429+0000] {processor.py:830} INFO - Processing file /home/airflow/.local/lib/python3.12/site-packages/airflow/example_dags/example_latest_only_with_trigger.py for tasks to queue
[2024-05-30T06:54:48.431+0000] {logging_mixin.py:188} INFO - [2024-05-30T06:54:48.430+0000] {dagbag.py:545} INFO - Filling up the DagBag from /home/airflow/.local/lib/python3.12/site-packages/airflow/example_dags/example_latest_only_with_trigger.py
[2024-05-30T06:54:48.436+0000] {processor.py:840} INFO - DAG(s) 'latest_only_with_trigger' retrieved from /home/airflow/.local/lib/python3.12/site-packages/airflow/example_dags/example_latest_only_with_trigger.py
[2024-05-30T06:54:48.453+0000] {logging_mixin.py:188} INFO - [2024-05-30T06:54:48.453+0000] {dag.py:3096} INFO - Sync 1 DAGs
[2024-05-30T06:54:48.474+0000] {logging_mixin.py:188} INFO - [2024-05-30T06:54:48.474+0000] {dag.py:3954} INFO - Setting next_dagrun for latest_only_with_trigger to 2024-05-30 00:00:00+00:00, run_after=2024-05-30 04:00:00+00:00
[2024-05-30T06:54:48.493+0000] {processor.py:183} INFO - Processing /home/airflow/.local/lib/python3.12/site-packages/airflow/example_dags/example_latest_only_with_trigger.py took 0.071 seconds
[2024-05-30T06:55:18.821+0000] {processor.py:161} INFO - Started process (PID=1723) to work on /home/airflow/.local/lib/python3.12/site-packages/airflow/example_dags/example_latest_only_with_trigger.py
[2024-05-30T06:55:18.821+0000] {processor.py:830} INFO - Processing file /home/airflow/.local/lib/python3.12/site-packages/airflow/example_dags/example_latest_only_with_trigger.py for tasks to queue
[2024-05-30T06:55:18.823+0000] {logging_mixin.py:188} INFO - [2024-05-30T06:55:18.823+0000] {dagbag.py:545} INFO - Filling up the DagBag from /home/airflow/.local/lib/python3.12/site-packages/airflow/example_dags/example_latest_only_with_trigger.py
[2024-05-30T06:55:18.828+0000] {processor.py:840} INFO - DAG(s) 'latest_only_with_trigger' retrieved from /home/airflow/.local/lib/python3.12/site-packages/airflow/example_dags/example_latest_only_with_trigger.py
[2024-05-30T06:55:18.847+0000] {logging_mixin.py:188} INFO - [2024-05-30T06:55:18.846+0000] {dag.py:3096} INFO - Sync 1 DAGs
[2024-05-30T06:55:18.867+0000] {logging_mixin.py:188} INFO - [2024-05-30T06:55:18.867+0000] {dag.py:3954} INFO - Setting next_dagrun for latest_only_with_trigger to 2024-05-30 00:00:00+00:00, run_after=2024-05-30 04:00:00+00:00
[2024-05-30T06:55:18.885+0000] {processor.py:183} INFO - Processing /home/airflow/.local/lib/python3.12/site-packages/airflow/example_dags/example_latest_only_with_trigger.py took 0.070 seconds
[2024-05-30T06:55:48.944+0000] {processor.py:161} INFO - Started process (PID=1781) to work on /home/airflow/.local/lib/python3.12/site-packages/airflow/example_dags/example_latest_only_with_trigger.py
[2024-05-30T06:55:48.945+0000] {processor.py:830} INFO - Processing file /home/airflow/.local/lib/python3.12/site-packages/airflow/example_dags/example_latest_only_with_trigger.py for tasks to queue
[2024-05-30T06:55:48.947+0000] {logging_mixin.py:188} INFO - [2024-05-30T06:55:48.946+0000] {dagbag.py:545} INFO - Filling up the DagBag from /home/airflow/.local/lib/python3.12/site-packages/airflow/example_dags/example_latest_only_with_trigger.py
[2024-05-30T06:55:48.952+0000] {processor.py:840} INFO - DAG(s) 'latest_only_with_trigger' retrieved from /home/airflow/.local/lib/python3.12/site-packages/airflow/example_dags/example_latest_only_with_trigger.py
[2024-05-30T06:55:48.970+0000] {logging_mixin.py:188} INFO - [2024-05-30T06:55:48.970+0000] {dag.py:3096} INFO - Sync 1 DAGs
[2024-05-30T06:55:48.991+0000] {logging_mixin.py:188} INFO - [2024-05-30T06:55:48.991+0000] {dag.py:3954} INFO - Setting next_dagrun for latest_only_with_trigger to 2024-05-30 00:00:00+00:00, run_after=2024-05-30 04:00:00+00:00
[2024-05-30T06:55:49.010+0000] {processor.py:183} INFO - Processing /home/airflow/.local/lib/python3.12/site-packages/airflow/example_dags/example_latest_only_with_trigger.py took 0.071 seconds
[2024-05-30T06:56:19.212+0000] {processor.py:161} INFO - Started process (PID=1839) to work on /home/airflow/.local/lib/python3.12/site-packages/airflow/example_dags/example_latest_only_with_trigger.py
[2024-05-30T06:56:19.213+0000] {processor.py:830} INFO - Processing file /home/airflow/.local/lib/python3.12/site-packages/airflow/example_dags/example_latest_only_with_trigger.py for tasks to queue
[2024-05-30T06:56:19.215+0000] {logging_mixin.py:188} INFO - [2024-05-30T06:56:19.214+0000] {dagbag.py:545} INFO - Filling up the DagBag from /home/airflow/.local/lib/python3.12/site-packages/airflow/example_dags/example_latest_only_with_trigger.py
[2024-05-30T06:56:19.220+0000] {processor.py:840} INFO - DAG(s) 'latest_only_with_trigger' retrieved from /home/airflow/.local/lib/python3.12/site-packages/airflow/example_dags/example_latest_only_with_trigger.py
[2024-05-30T06:56:19.238+0000] {logging_mixin.py:188} INFO - [2024-05-30T06:56:19.237+0000] {dag.py:3096} INFO - Sync 1 DAGs
[2024-05-30T06:56:19.268+0000] {logging_mixin.py:188} INFO - [2024-05-30T06:56:19.268+0000] {dag.py:3954} INFO - Setting next_dagrun for latest_only_with_trigger to 2024-05-30 00:00:00+00:00, run_after=2024-05-30 04:00:00+00:00
[2024-05-30T06:56:19.286+0000] {processor.py:183} INFO - Processing /home/airflow/.local/lib/python3.12/site-packages/airflow/example_dags/example_latest_only_with_trigger.py took 0.079 seconds
[2024-05-30T06:56:49.348+0000] {processor.py:161} INFO - Started process (PID=1897) to work on /home/airflow/.local/lib/python3.12/site-packages/airflow/example_dags/example_latest_only_with_trigger.py
[2024-05-30T06:56:49.349+0000] {processor.py:830} INFO - Processing file /home/airflow/.local/lib/python3.12/site-packages/airflow/example_dags/example_latest_only_with_trigger.py for tasks to queue
[2024-05-30T06:56:49.351+0000] {logging_mixin.py:188} INFO - [2024-05-30T06:56:49.350+0000] {dagbag.py:545} INFO - Filling up the DagBag from /home/airflow/.local/lib/python3.12/site-packages/airflow/example_dags/example_latest_only_with_trigger.py
[2024-05-30T06:56:49.355+0000] {processor.py:840} INFO - DAG(s) 'latest_only_with_trigger' retrieved from /home/airflow/.local/lib/python3.12/site-packages/airflow/example_dags/example_latest_only_with_trigger.py
[2024-05-30T06:56:49.373+0000] {logging_mixin.py:188} INFO - [2024-05-30T06:56:49.373+0000] {dag.py:3096} INFO - Sync 1 DAGs
[2024-05-30T06:56:49.394+0000] {logging_mixin.py:188} INFO - [2024-05-30T06:56:49.394+0000] {dag.py:3954} INFO - Setting next_dagrun for latest_only_with_trigger to 2024-05-30 00:00:00+00:00, run_after=2024-05-30 04:00:00+00:00
[2024-05-30T06:56:49.412+0000] {processor.py:183} INFO - Processing /home/airflow/.local/lib/python3.12/site-packages/airflow/example_dags/example_latest_only_with_trigger.py took 0.069 seconds
[2024-05-30T06:57:19.761+0000] {processor.py:161} INFO - Started process (PID=1955) to work on /home/airflow/.local/lib/python3.12/site-packages/airflow/example_dags/example_latest_only_with_trigger.py
[2024-05-30T06:57:19.762+0000] {processor.py:830} INFO - Processing file /home/airflow/.local/lib/python3.12/site-packages/airflow/example_dags/example_latest_only_with_trigger.py for tasks to queue
[2024-05-30T06:57:19.764+0000] {logging_mixin.py:188} INFO - [2024-05-30T06:57:19.763+0000] {dagbag.py:545} INFO - Filling up the DagBag from /home/airflow/.local/lib/python3.12/site-packages/airflow/example_dags/example_latest_only_with_trigger.py
[2024-05-30T06:57:19.769+0000] {processor.py:840} INFO - DAG(s) 'latest_only_with_trigger' retrieved from /home/airflow/.local/lib/python3.12/site-packages/airflow/example_dags/example_latest_only_with_trigger.py
[2024-05-30T06:57:19.787+0000] {logging_mixin.py:188} INFO - [2024-05-30T06:57:19.787+0000] {dag.py:3096} INFO - Sync 1 DAGs
[2024-05-30T06:57:19.809+0000] {logging_mixin.py:188} INFO - [2024-05-30T06:57:19.808+0000] {dag.py:3954} INFO - Setting next_dagrun for latest_only_with_trigger to 2024-05-30 00:00:00+00:00, run_after=2024-05-30 04:00:00+00:00
[2024-05-30T06:57:19.827+0000] {processor.py:183} INFO - Processing /home/airflow/.local/lib/python3.12/site-packages/airflow/example_dags/example_latest_only_with_trigger.py took 0.071 seconds
[2024-05-30T06:57:50.358+0000] {processor.py:161} INFO - Started process (PID=2013) to work on /home/airflow/.local/lib/python3.12/site-packages/airflow/example_dags/example_latest_only_with_trigger.py
[2024-05-30T06:57:50.359+0000] {processor.py:830} INFO - Processing file /home/airflow/.local/lib/python3.12/site-packages/airflow/example_dags/example_latest_only_with_trigger.py for tasks to queue
[2024-05-30T06:57:50.361+0000] {logging_mixin.py:188} INFO - [2024-05-30T06:57:50.361+0000] {dagbag.py:545} INFO - Filling up the DagBag from /home/airflow/.local/lib/python3.12/site-packages/airflow/example_dags/example_latest_only_with_trigger.py
[2024-05-30T06:57:50.366+0000] {processor.py:840} INFO - DAG(s) 'latest_only_with_trigger' retrieved from /home/airflow/.local/lib/python3.12/site-packages/airflow/example_dags/example_latest_only_with_trigger.py
[2024-05-30T06:57:50.385+0000] {logging_mixin.py:188} INFO - [2024-05-30T06:57:50.385+0000] {dag.py:3096} INFO - Sync 1 DAGs
[2024-05-30T06:57:50.406+0000] {logging_mixin.py:188} INFO - [2024-05-30T06:57:50.406+0000] {dag.py:3954} INFO - Setting next_dagrun for latest_only_with_trigger to 2024-05-30 00:00:00+00:00, run_after=2024-05-30 04:00:00+00:00
[2024-05-30T06:57:50.424+0000] {processor.py:183} INFO - Processing /home/airflow/.local/lib/python3.12/site-packages/airflow/example_dags/example_latest_only_with_trigger.py took 0.071 seconds
[2024-05-30T06:58:20.921+0000] {processor.py:161} INFO - Started process (PID=2071) to work on /home/airflow/.local/lib/python3.12/site-packages/airflow/example_dags/example_latest_only_with_trigger.py
[2024-05-30T06:58:20.922+0000] {processor.py:830} INFO - Processing file /home/airflow/.local/lib/python3.12/site-packages/airflow/example_dags/example_latest_only_with_trigger.py for tasks to queue
[2024-05-30T06:58:20.923+0000] {logging_mixin.py:188} INFO - [2024-05-30T06:58:20.923+0000] {dagbag.py:545} INFO - Filling up the DagBag from /home/airflow/.local/lib/python3.12/site-packages/airflow/example_dags/example_latest_only_with_trigger.py
[2024-05-30T06:58:20.929+0000] {processor.py:840} INFO - DAG(s) 'latest_only_with_trigger' retrieved from /home/airflow/.local/lib/python3.12/site-packages/airflow/example_dags/example_latest_only_with_trigger.py
[2024-05-30T06:58:20.948+0000] {logging_mixin.py:188} INFO - [2024-05-30T06:58:20.948+0000] {dag.py:3096} INFO - Sync 1 DAGs
[2024-05-30T06:58:20.969+0000] {logging_mixin.py:188} INFO - [2024-05-30T06:58:20.969+0000] {dag.py:3954} INFO - Setting next_dagrun for latest_only_with_trigger to 2024-05-30 00:00:00+00:00, run_after=2024-05-30 04:00:00+00:00
[2024-05-30T06:58:20.990+0000] {processor.py:183} INFO - Processing /home/airflow/.local/lib/python3.12/site-packages/airflow/example_dags/example_latest_only_with_trigger.py took 0.075 seconds
[2024-05-30T06:58:51.651+0000] {processor.py:161} INFO - Started process (PID=2129) to work on /home/airflow/.local/lib/python3.12/site-packages/airflow/example_dags/example_latest_only_with_trigger.py
[2024-05-30T06:58:51.652+0000] {processor.py:830} INFO - Processing file /home/airflow/.local/lib/python3.12/site-packages/airflow/example_dags/example_latest_only_with_trigger.py for tasks to queue
[2024-05-30T06:58:51.653+0000] {logging_mixin.py:188} INFO - [2024-05-30T06:58:51.653+0000] {dagbag.py:545} INFO - Filling up the DagBag from /home/airflow/.local/lib/python3.12/site-packages/airflow/example_dags/example_latest_only_with_trigger.py
[2024-05-30T06:58:51.659+0000] {processor.py:840} INFO - DAG(s) 'latest_only_with_trigger' retrieved from /home/airflow/.local/lib/python3.12/site-packages/airflow/example_dags/example_latest_only_with_trigger.py
[2024-05-30T06:58:51.676+0000] {logging_mixin.py:188} INFO - [2024-05-30T06:58:51.676+0000] {dag.py:3096} INFO - Sync 1 DAGs
[2024-05-30T06:58:51.697+0000] {logging_mixin.py:188} INFO - [2024-05-30T06:58:51.697+0000] {dag.py:3954} INFO - Setting next_dagrun for latest_only_with_trigger to 2024-05-30 00:00:00+00:00, run_after=2024-05-30 04:00:00+00:00
[2024-05-30T06:58:51.714+0000] {processor.py:183} INFO - Processing /home/airflow/.local/lib/python3.12/site-packages/airflow/example_dags/example_latest_only_with_trigger.py took 0.069 seconds
[2024-05-30T06:59:22.169+0000] {processor.py:161} INFO - Started process (PID=2187) to work on /home/airflow/.local/lib/python3.12/site-packages/airflow/example_dags/example_latest_only_with_trigger.py
[2024-05-30T06:59:22.169+0000] {processor.py:830} INFO - Processing file /home/airflow/.local/lib/python3.12/site-packages/airflow/example_dags/example_latest_only_with_trigger.py for tasks to queue
[2024-05-30T06:59:22.171+0000] {logging_mixin.py:188} INFO - [2024-05-30T06:59:22.171+0000] {dagbag.py:545} INFO - Filling up the DagBag from /home/airflow/.local/lib/python3.12/site-packages/airflow/example_dags/example_latest_only_with_trigger.py
[2024-05-30T06:59:22.176+0000] {processor.py:840} INFO - DAG(s) 'latest_only_with_trigger' retrieved from /home/airflow/.local/lib/python3.12/site-packages/airflow/example_dags/example_latest_only_with_trigger.py
[2024-05-30T06:59:22.194+0000] {logging_mixin.py:188} INFO - [2024-05-30T06:59:22.194+0000] {dag.py:3096} INFO - Sync 1 DAGs
[2024-05-30T06:59:22.221+0000] {logging_mixin.py:188} INFO - [2024-05-30T06:59:22.220+0000] {dag.py:3954} INFO - Setting next_dagrun for latest_only_with_trigger to 2024-05-30 00:00:00+00:00, run_after=2024-05-30 04:00:00+00:00
[2024-05-30T06:59:22.240+0000] {processor.py:183} INFO - Processing /home/airflow/.local/lib/python3.12/site-packages/airflow/example_dags/example_latest_only_with_trigger.py took 0.077 seconds
[2024-05-30T06:59:52.628+0000] {processor.py:161} INFO - Started process (PID=2245) to work on /home/airflow/.local/lib/python3.12/site-packages/airflow/example_dags/example_latest_only_with_trigger.py
[2024-05-30T06:59:52.629+0000] {processor.py:830} INFO - Processing file /home/airflow/.local/lib/python3.12/site-packages/airflow/example_dags/example_latest_only_with_trigger.py for tasks to queue
[2024-05-30T06:59:52.631+0000] {logging_mixin.py:188} INFO - [2024-05-30T06:59:52.631+0000] {dagbag.py:545} INFO - Filling up the DagBag from /home/airflow/.local/lib/python3.12/site-packages/airflow/example_dags/example_latest_only_with_trigger.py
[2024-05-30T06:59:52.636+0000] {processor.py:840} INFO - DAG(s) 'latest_only_with_trigger' retrieved from /home/airflow/.local/lib/python3.12/site-packages/airflow/example_dags/example_latest_only_with_trigger.py
[2024-05-30T06:59:52.653+0000] {logging_mixin.py:188} INFO - [2024-05-30T06:59:52.653+0000] {dag.py:3096} INFO - Sync 1 DAGs
[2024-05-30T06:59:52.676+0000] {logging_mixin.py:188} INFO - [2024-05-30T06:59:52.676+0000] {dag.py:3954} INFO - Setting next_dagrun for latest_only_with_trigger to 2024-05-30 00:00:00+00:00, run_after=2024-05-30 04:00:00+00:00
[2024-05-30T06:59:52.693+0000] {processor.py:183} INFO - Processing /home/airflow/.local/lib/python3.12/site-packages/airflow/example_dags/example_latest_only_with_trigger.py took 0.071 seconds
[2024-05-30T07:00:23.219+0000] {processor.py:161} INFO - Started process (PID=2303) to work on /home/airflow/.local/lib/python3.12/site-packages/airflow/example_dags/example_latest_only_with_trigger.py
[2024-05-30T07:00:23.220+0000] {processor.py:830} INFO - Processing file /home/airflow/.local/lib/python3.12/site-packages/airflow/example_dags/example_latest_only_with_trigger.py for tasks to queue
[2024-05-30T07:00:23.221+0000] {logging_mixin.py:188} INFO - [2024-05-30T07:00:23.221+0000] {dagbag.py:545} INFO - Filling up the DagBag from /home/airflow/.local/lib/python3.12/site-packages/airflow/example_dags/example_latest_only_with_trigger.py
[2024-05-30T07:00:23.226+0000] {processor.py:840} INFO - DAG(s) 'latest_only_with_trigger' retrieved from /home/airflow/.local/lib/python3.12/site-packages/airflow/example_dags/example_latest_only_with_trigger.py
[2024-05-30T07:00:23.245+0000] {logging_mixin.py:188} INFO - [2024-05-30T07:00:23.245+0000] {dag.py:3096} INFO - Sync 1 DAGs
[2024-05-30T07:00:23.269+0000] {logging_mixin.py:188} INFO - [2024-05-30T07:00:23.269+0000] {dag.py:3954} INFO - Setting next_dagrun for latest_only_with_trigger to 2024-05-30 00:00:00+00:00, run_after=2024-05-30 04:00:00+00:00
[2024-05-30T07:00:23.288+0000] {processor.py:183} INFO - Processing /home/airflow/.local/lib/python3.12/site-packages/airflow/example_dags/example_latest_only_with_trigger.py took 0.074 seconds
[2024-05-30T07:00:53.790+0000] {processor.py:161} INFO - Started process (PID=2361) to work on /home/airflow/.local/lib/python3.12/site-packages/airflow/example_dags/example_latest_only_with_trigger.py
[2024-05-30T07:00:53.791+0000] {processor.py:830} INFO - Processing file /home/airflow/.local/lib/python3.12/site-packages/airflow/example_dags/example_latest_only_with_trigger.py for tasks to queue
[2024-05-30T07:00:53.793+0000] {logging_mixin.py:188} INFO - [2024-05-30T07:00:53.792+0000] {dagbag.py:545} INFO - Filling up the DagBag from /home/airflow/.local/lib/python3.12/site-packages/airflow/example_dags/example_latest_only_with_trigger.py
[2024-05-30T07:00:53.798+0000] {processor.py:840} INFO - DAG(s) 'latest_only_with_trigger' retrieved from /home/airflow/.local/lib/python3.12/site-packages/airflow/example_dags/example_latest_only_with_trigger.py
[2024-05-30T07:00:53.816+0000] {logging_mixin.py:188} INFO - [2024-05-30T07:00:53.816+0000] {dag.py:3096} INFO - Sync 1 DAGs
[2024-05-30T07:00:53.837+0000] {logging_mixin.py:188} INFO - [2024-05-30T07:00:53.837+0000] {dag.py:3954} INFO - Setting next_dagrun for latest_only_with_trigger to 2024-05-30 00:00:00+00:00, run_after=2024-05-30 04:00:00+00:00
[2024-05-30T07:00:53.859+0000] {processor.py:183} INFO - Processing /home/airflow/.local/lib/python3.12/site-packages/airflow/example_dags/example_latest_only_with_trigger.py took 0.074 seconds
[2024-05-30T07:01:24.278+0000] {processor.py:161} INFO - Started process (PID=2419) to work on /home/airflow/.local/lib/python3.12/site-packages/airflow/example_dags/example_latest_only_with_trigger.py
[2024-05-30T07:01:24.279+0000] {processor.py:830} INFO - Processing file /home/airflow/.local/lib/python3.12/site-packages/airflow/example_dags/example_latest_only_with_trigger.py for tasks to queue
[2024-05-30T07:01:24.281+0000] {logging_mixin.py:188} INFO - [2024-05-30T07:01:24.280+0000] {dagbag.py:545} INFO - Filling up the DagBag from /home/airflow/.local/lib/python3.12/site-packages/airflow/example_dags/example_latest_only_with_trigger.py
[2024-05-30T07:01:24.286+0000] {processor.py:840} INFO - DAG(s) 'latest_only_with_trigger' retrieved from /home/airflow/.local/lib/python3.12/site-packages/airflow/example_dags/example_latest_only_with_trigger.py
[2024-05-30T07:01:24.307+0000] {logging_mixin.py:188} INFO - [2024-05-30T07:01:24.306+0000] {dag.py:3096} INFO - Sync 1 DAGs
[2024-05-30T07:01:24.329+0000] {logging_mixin.py:188} INFO - [2024-05-30T07:01:24.328+0000] {dag.py:3954} INFO - Setting next_dagrun for latest_only_with_trigger to 2024-05-30 00:00:00+00:00, run_after=2024-05-30 04:00:00+00:00
[2024-05-30T07:01:24.346+0000] {processor.py:183} INFO - Processing /home/airflow/.local/lib/python3.12/site-packages/airflow/example_dags/example_latest_only_with_trigger.py took 0.074 seconds
