[2024-05-30T06:40:39.969+0000] {processor.py:161} INFO - Started process (PID=54) to work on /home/airflow/.local/lib/python3.12/site-packages/airflow/example_dags/example_branch_operator.py
[2024-05-30T06:40:39.970+0000] {processor.py:830} INFO - Processing file /home/airflow/.local/lib/python3.12/site-packages/airflow/example_dags/example_branch_operator.py for tasks to queue
[2024-05-30T06:40:39.972+0000] {logging_mixin.py:188} INFO - [2024-05-30T06:40:39.971+0000] {dagbag.py:545} INFO - Filling up the DagBag from /home/airflow/.local/lib/python3.12/site-packages/airflow/example_dags/example_branch_operator.py
[2024-05-30T06:40:39.990+0000] {processor.py:840} INFO - DAG(s) 'example_branch_operator' retrieved from /home/airflow/.local/lib/python3.12/site-packages/airflow/example_dags/example_branch_operator.py
[2024-05-30T06:40:40.103+0000] {logging_mixin.py:188} INFO - [2024-05-30T06:40:40.102+0000] {dag.py:3096} INFO - Sync 1 DAGs
[2024-05-30T06:40:40.128+0000] {logging_mixin.py:188} INFO - [2024-05-30T06:40:40.127+0000] {dag.py:3954} INFO - Setting next_dagrun for example_branch_operator to 2024-05-29 00:00:00+00:00, run_after=2024-05-30 00:00:00+00:00
[2024-05-30T06:40:40.147+0000] {processor.py:183} INFO - Processing /home/airflow/.local/lib/python3.12/site-packages/airflow/example_dags/example_branch_operator.py took 0.183 seconds
[2024-05-30T06:41:11.855+0000] {processor.py:161} INFO - Started process (PID=112) to work on /home/airflow/.local/lib/python3.12/site-packages/airflow/example_dags/example_branch_operator.py
[2024-05-30T06:41:11.857+0000] {processor.py:830} INFO - Processing file /home/airflow/.local/lib/python3.12/site-packages/airflow/example_dags/example_branch_operator.py for tasks to queue
[2024-05-30T06:41:11.859+0000] {logging_mixin.py:188} INFO - [2024-05-30T06:41:11.859+0000] {dagbag.py:545} INFO - Filling up the DagBag from /home/airflow/.local/lib/python3.12/site-packages/airflow/example_dags/example_branch_operator.py
[2024-05-30T06:41:11.885+0000] {processor.py:840} INFO - DAG(s) 'example_branch_operator' retrieved from /home/airflow/.local/lib/python3.12/site-packages/airflow/example_dags/example_branch_operator.py
[2024-05-30T06:41:12.032+0000] {logging_mixin.py:188} INFO - [2024-05-30T06:41:12.031+0000] {dag.py:3096} INFO - Sync 1 DAGs
[2024-05-30T06:41:12.060+0000] {logging_mixin.py:188} INFO - [2024-05-30T06:41:12.060+0000] {dag.py:3954} INFO - Setting next_dagrun for example_branch_operator to 2024-05-29 00:00:00+00:00, run_after=2024-05-30 00:00:00+00:00
[2024-05-30T06:41:12.084+0000] {processor.py:183} INFO - Processing /home/airflow/.local/lib/python3.12/site-packages/airflow/example_dags/example_branch_operator.py took 0.236 seconds
[2024-05-30T06:41:42.474+0000] {processor.py:161} INFO - Started process (PID=170) to work on /home/airflow/.local/lib/python3.12/site-packages/airflow/example_dags/example_branch_operator.py
[2024-05-30T06:41:42.475+0000] {processor.py:830} INFO - Processing file /home/airflow/.local/lib/python3.12/site-packages/airflow/example_dags/example_branch_operator.py for tasks to queue
[2024-05-30T06:41:42.477+0000] {logging_mixin.py:188} INFO - [2024-05-30T06:41:42.477+0000] {dagbag.py:545} INFO - Filling up the DagBag from /home/airflow/.local/lib/python3.12/site-packages/airflow/example_dags/example_branch_operator.py
[2024-05-30T06:41:42.494+0000] {processor.py:840} INFO - DAG(s) 'example_branch_operator' retrieved from /home/airflow/.local/lib/python3.12/site-packages/airflow/example_dags/example_branch_operator.py
[2024-05-30T06:41:42.521+0000] {logging_mixin.py:188} INFO - [2024-05-30T06:41:42.521+0000] {dag.py:3096} INFO - Sync 1 DAGs
[2024-05-30T06:41:42.543+0000] {logging_mixin.py:188} INFO - [2024-05-30T06:41:42.542+0000] {dag.py:3954} INFO - Setting next_dagrun for example_branch_operator to 2024-05-29 00:00:00+00:00, run_after=2024-05-30 00:00:00+00:00
[2024-05-30T06:41:42.562+0000] {processor.py:183} INFO - Processing /home/airflow/.local/lib/python3.12/site-packages/airflow/example_dags/example_branch_operator.py took 0.093 seconds
[2024-05-30T06:42:13.177+0000] {processor.py:161} INFO - Started process (PID=228) to work on /home/airflow/.local/lib/python3.12/site-packages/airflow/example_dags/example_branch_operator.py
[2024-05-30T06:42:13.178+0000] {processor.py:830} INFO - Processing file /home/airflow/.local/lib/python3.12/site-packages/airflow/example_dags/example_branch_operator.py for tasks to queue
[2024-05-30T06:42:13.180+0000] {logging_mixin.py:188} INFO - [2024-05-30T06:42:13.180+0000] {dagbag.py:545} INFO - Filling up the DagBag from /home/airflow/.local/lib/python3.12/site-packages/airflow/example_dags/example_branch_operator.py
[2024-05-30T06:42:13.195+0000] {processor.py:840} INFO - DAG(s) 'example_branch_operator' retrieved from /home/airflow/.local/lib/python3.12/site-packages/airflow/example_dags/example_branch_operator.py
[2024-05-30T06:42:13.223+0000] {logging_mixin.py:188} INFO - [2024-05-30T06:42:13.222+0000] {dag.py:3096} INFO - Sync 1 DAGs
[2024-05-30T06:42:13.244+0000] {logging_mixin.py:188} INFO - [2024-05-30T06:42:13.244+0000] {dag.py:3954} INFO - Setting next_dagrun for example_branch_operator to 2024-05-29 00:00:00+00:00, run_after=2024-05-30 00:00:00+00:00
[2024-05-30T06:42:13.262+0000] {processor.py:183} INFO - Processing /home/airflow/.local/lib/python3.12/site-packages/airflow/example_dags/example_branch_operator.py took 0.089 seconds
[2024-05-30T06:42:43.422+0000] {processor.py:161} INFO - Started process (PID=286) to work on /home/airflow/.local/lib/python3.12/site-packages/airflow/example_dags/example_branch_operator.py
[2024-05-30T06:42:43.423+0000] {processor.py:830} INFO - Processing file /home/airflow/.local/lib/python3.12/site-packages/airflow/example_dags/example_branch_operator.py for tasks to queue
[2024-05-30T06:42:43.425+0000] {logging_mixin.py:188} INFO - [2024-05-30T06:42:43.424+0000] {dagbag.py:545} INFO - Filling up the DagBag from /home/airflow/.local/lib/python3.12/site-packages/airflow/example_dags/example_branch_operator.py
[2024-05-30T06:42:43.443+0000] {processor.py:840} INFO - DAG(s) 'example_branch_operator' retrieved from /home/airflow/.local/lib/python3.12/site-packages/airflow/example_dags/example_branch_operator.py
[2024-05-30T06:42:43.477+0000] {logging_mixin.py:188} INFO - [2024-05-30T06:42:43.477+0000] {dag.py:3096} INFO - Sync 1 DAGs
[2024-05-30T06:42:43.504+0000] {logging_mixin.py:188} INFO - [2024-05-30T06:42:43.503+0000] {dag.py:3954} INFO - Setting next_dagrun for example_branch_operator to 2024-05-29 00:00:00+00:00, run_after=2024-05-30 00:00:00+00:00
[2024-05-30T06:42:43.527+0000] {processor.py:183} INFO - Processing /home/airflow/.local/lib/python3.12/site-packages/airflow/example_dags/example_branch_operator.py took 0.112 seconds
[2024-05-30T06:43:13.557+0000] {processor.py:161} INFO - Started process (PID=345) to work on /home/airflow/.local/lib/python3.12/site-packages/airflow/example_dags/example_branch_operator.py
[2024-05-30T06:43:13.558+0000] {processor.py:830} INFO - Processing file /home/airflow/.local/lib/python3.12/site-packages/airflow/example_dags/example_branch_operator.py for tasks to queue
[2024-05-30T06:43:13.560+0000] {logging_mixin.py:188} INFO - [2024-05-30T06:43:13.560+0000] {dagbag.py:545} INFO - Filling up the DagBag from /home/airflow/.local/lib/python3.12/site-packages/airflow/example_dags/example_branch_operator.py
[2024-05-30T06:43:13.577+0000] {processor.py:840} INFO - DAG(s) 'example_branch_operator' retrieved from /home/airflow/.local/lib/python3.12/site-packages/airflow/example_dags/example_branch_operator.py
[2024-05-30T06:43:13.604+0000] {logging_mixin.py:188} INFO - [2024-05-30T06:43:13.604+0000] {dag.py:3096} INFO - Sync 1 DAGs
[2024-05-30T06:43:13.626+0000] {logging_mixin.py:188} INFO - [2024-05-30T06:43:13.626+0000] {dag.py:3954} INFO - Setting next_dagrun for example_branch_operator to 2024-05-29 00:00:00+00:00, run_after=2024-05-30 00:00:00+00:00
[2024-05-30T06:43:13.644+0000] {processor.py:183} INFO - Processing /home/airflow/.local/lib/python3.12/site-packages/airflow/example_dags/example_branch_operator.py took 0.092 seconds
[2024-05-30T06:43:43.905+0000] {processor.py:161} INFO - Started process (PID=402) to work on /home/airflow/.local/lib/python3.12/site-packages/airflow/example_dags/example_branch_operator.py
[2024-05-30T06:43:43.906+0000] {processor.py:830} INFO - Processing file /home/airflow/.local/lib/python3.12/site-packages/airflow/example_dags/example_branch_operator.py for tasks to queue
[2024-05-30T06:43:43.908+0000] {logging_mixin.py:188} INFO - [2024-05-30T06:43:43.907+0000] {dagbag.py:545} INFO - Filling up the DagBag from /home/airflow/.local/lib/python3.12/site-packages/airflow/example_dags/example_branch_operator.py
[2024-05-30T06:43:43.923+0000] {processor.py:840} INFO - DAG(s) 'example_branch_operator' retrieved from /home/airflow/.local/lib/python3.12/site-packages/airflow/example_dags/example_branch_operator.py
[2024-05-30T06:43:43.950+0000] {logging_mixin.py:188} INFO - [2024-05-30T06:43:43.950+0000] {dag.py:3096} INFO - Sync 1 DAGs
[2024-05-30T06:43:43.972+0000] {logging_mixin.py:188} INFO - [2024-05-30T06:43:43.971+0000] {dag.py:3954} INFO - Setting next_dagrun for example_branch_operator to 2024-05-29 00:00:00+00:00, run_after=2024-05-30 00:00:00+00:00
[2024-05-30T06:43:43.989+0000] {processor.py:183} INFO - Processing /home/airflow/.local/lib/python3.12/site-packages/airflow/example_dags/example_branch_operator.py took 0.089 seconds
[2024-05-30T06:44:14.621+0000] {processor.py:161} INFO - Started process (PID=460) to work on /home/airflow/.local/lib/python3.12/site-packages/airflow/example_dags/example_branch_operator.py
[2024-05-30T06:44:14.622+0000] {processor.py:830} INFO - Processing file /home/airflow/.local/lib/python3.12/site-packages/airflow/example_dags/example_branch_operator.py for tasks to queue
[2024-05-30T06:44:14.624+0000] {logging_mixin.py:188} INFO - [2024-05-30T06:44:14.624+0000] {dagbag.py:545} INFO - Filling up the DagBag from /home/airflow/.local/lib/python3.12/site-packages/airflow/example_dags/example_branch_operator.py
[2024-05-30T06:44:14.639+0000] {processor.py:840} INFO - DAG(s) 'example_branch_operator' retrieved from /home/airflow/.local/lib/python3.12/site-packages/airflow/example_dags/example_branch_operator.py
[2024-05-30T06:44:14.666+0000] {logging_mixin.py:188} INFO - [2024-05-30T06:44:14.665+0000] {dag.py:3096} INFO - Sync 1 DAGs
[2024-05-30T06:44:14.686+0000] {logging_mixin.py:188} INFO - [2024-05-30T06:44:14.686+0000] {dag.py:3954} INFO - Setting next_dagrun for example_branch_operator to 2024-05-29 00:00:00+00:00, run_after=2024-05-30 00:00:00+00:00
[2024-05-30T06:44:14.703+0000] {processor.py:183} INFO - Processing /home/airflow/.local/lib/python3.12/site-packages/airflow/example_dags/example_branch_operator.py took 0.087 seconds
[2024-05-30T06:44:44.745+0000] {processor.py:161} INFO - Started process (PID=518) to work on /home/airflow/.local/lib/python3.12/site-packages/airflow/example_dags/example_branch_operator.py
[2024-05-30T06:44:44.746+0000] {processor.py:830} INFO - Processing file /home/airflow/.local/lib/python3.12/site-packages/airflow/example_dags/example_branch_operator.py for tasks to queue
[2024-05-30T06:44:44.748+0000] {logging_mixin.py:188} INFO - [2024-05-30T06:44:44.748+0000] {dagbag.py:545} INFO - Filling up the DagBag from /home/airflow/.local/lib/python3.12/site-packages/airflow/example_dags/example_branch_operator.py
[2024-05-30T06:44:44.777+0000] {processor.py:840} INFO - DAG(s) 'example_branch_operator' retrieved from /home/airflow/.local/lib/python3.12/site-packages/airflow/example_dags/example_branch_operator.py
[2024-05-30T06:44:44.804+0000] {logging_mixin.py:188} INFO - [2024-05-30T06:44:44.804+0000] {dag.py:3096} INFO - Sync 1 DAGs
[2024-05-30T06:44:44.825+0000] {logging_mixin.py:188} INFO - [2024-05-30T06:44:44.825+0000] {dag.py:3954} INFO - Setting next_dagrun for example_branch_operator to 2024-05-29 00:00:00+00:00, run_after=2024-05-30 00:00:00+00:00
[2024-05-30T06:44:44.841+0000] {processor.py:183} INFO - Processing /home/airflow/.local/lib/python3.12/site-packages/airflow/example_dags/example_branch_operator.py took 0.102 seconds
[2024-05-30T06:45:15.116+0000] {processor.py:161} INFO - Started process (PID=576) to work on /home/airflow/.local/lib/python3.12/site-packages/airflow/example_dags/example_branch_operator.py
[2024-05-30T06:45:15.117+0000] {processor.py:830} INFO - Processing file /home/airflow/.local/lib/python3.12/site-packages/airflow/example_dags/example_branch_operator.py for tasks to queue
[2024-05-30T06:45:15.119+0000] {logging_mixin.py:188} INFO - [2024-05-30T06:45:15.118+0000] {dagbag.py:545} INFO - Filling up the DagBag from /home/airflow/.local/lib/python3.12/site-packages/airflow/example_dags/example_branch_operator.py
[2024-05-30T06:45:15.138+0000] {processor.py:840} INFO - DAG(s) 'example_branch_operator' retrieved from /home/airflow/.local/lib/python3.12/site-packages/airflow/example_dags/example_branch_operator.py
[2024-05-30T06:45:15.167+0000] {logging_mixin.py:188} INFO - [2024-05-30T06:45:15.166+0000] {dag.py:3096} INFO - Sync 1 DAGs
[2024-05-30T06:45:15.190+0000] {logging_mixin.py:188} INFO - [2024-05-30T06:45:15.189+0000] {dag.py:3954} INFO - Setting next_dagrun for example_branch_operator to 2024-05-29 00:00:00+00:00, run_after=2024-05-30 00:00:00+00:00
[2024-05-30T06:45:15.209+0000] {processor.py:183} INFO - Processing /home/airflow/.local/lib/python3.12/site-packages/airflow/example_dags/example_branch_operator.py took 0.099 seconds
[2024-05-30T06:45:45.457+0000] {processor.py:161} INFO - Started process (PID=634) to work on /home/airflow/.local/lib/python3.12/site-packages/airflow/example_dags/example_branch_operator.py
[2024-05-30T06:45:45.457+0000] {processor.py:830} INFO - Processing file /home/airflow/.local/lib/python3.12/site-packages/airflow/example_dags/example_branch_operator.py for tasks to queue
[2024-05-30T06:45:45.459+0000] {logging_mixin.py:188} INFO - [2024-05-30T06:45:45.459+0000] {dagbag.py:545} INFO - Filling up the DagBag from /home/airflow/.local/lib/python3.12/site-packages/airflow/example_dags/example_branch_operator.py
[2024-05-30T06:45:45.476+0000] {processor.py:840} INFO - DAG(s) 'example_branch_operator' retrieved from /home/airflow/.local/lib/python3.12/site-packages/airflow/example_dags/example_branch_operator.py
[2024-05-30T06:45:45.503+0000] {logging_mixin.py:188} INFO - [2024-05-30T06:45:45.503+0000] {dag.py:3096} INFO - Sync 1 DAGs
[2024-05-30T06:45:45.525+0000] {logging_mixin.py:188} INFO - [2024-05-30T06:45:45.525+0000] {dag.py:3954} INFO - Setting next_dagrun for example_branch_operator to 2024-05-29 00:00:00+00:00, run_after=2024-05-30 00:00:00+00:00
[2024-05-30T06:45:45.542+0000] {processor.py:183} INFO - Processing /home/airflow/.local/lib/python3.12/site-packages/airflow/example_dags/example_branch_operator.py took 0.092 seconds
[2024-05-30T06:46:15.580+0000] {processor.py:161} INFO - Started process (PID=692) to work on /home/airflow/.local/lib/python3.12/site-packages/airflow/example_dags/example_branch_operator.py
[2024-05-30T06:46:15.581+0000] {processor.py:830} INFO - Processing file /home/airflow/.local/lib/python3.12/site-packages/airflow/example_dags/example_branch_operator.py for tasks to queue
[2024-05-30T06:46:15.582+0000] {logging_mixin.py:188} INFO - [2024-05-30T06:46:15.582+0000] {dagbag.py:545} INFO - Filling up the DagBag from /home/airflow/.local/lib/python3.12/site-packages/airflow/example_dags/example_branch_operator.py
[2024-05-30T06:46:15.600+0000] {processor.py:840} INFO - DAG(s) 'example_branch_operator' retrieved from /home/airflow/.local/lib/python3.12/site-packages/airflow/example_dags/example_branch_operator.py
[2024-05-30T06:46:15.632+0000] {logging_mixin.py:188} INFO - [2024-05-30T06:46:15.632+0000] {dag.py:3096} INFO - Sync 1 DAGs
[2024-05-30T06:46:15.661+0000] {logging_mixin.py:188} INFO - [2024-05-30T06:46:15.660+0000] {dag.py:3954} INFO - Setting next_dagrun for example_branch_operator to 2024-05-29 00:00:00+00:00, run_after=2024-05-30 00:00:00+00:00
[2024-05-30T06:46:15.682+0000] {processor.py:183} INFO - Processing /home/airflow/.local/lib/python3.12/site-packages/airflow/example_dags/example_branch_operator.py took 0.110 seconds
[2024-05-30T06:46:46.095+0000] {processor.py:161} INFO - Started process (PID=750) to work on /home/airflow/.local/lib/python3.12/site-packages/airflow/example_dags/example_branch_operator.py
[2024-05-30T06:46:46.096+0000] {processor.py:830} INFO - Processing file /home/airflow/.local/lib/python3.12/site-packages/airflow/example_dags/example_branch_operator.py for tasks to queue
[2024-05-30T06:46:46.097+0000] {logging_mixin.py:188} INFO - [2024-05-30T06:46:46.097+0000] {dagbag.py:545} INFO - Filling up the DagBag from /home/airflow/.local/lib/python3.12/site-packages/airflow/example_dags/example_branch_operator.py
[2024-05-30T06:46:46.113+0000] {processor.py:840} INFO - DAG(s) 'example_branch_operator' retrieved from /home/airflow/.local/lib/python3.12/site-packages/airflow/example_dags/example_branch_operator.py
[2024-05-30T06:46:46.141+0000] {logging_mixin.py:188} INFO - [2024-05-30T06:46:46.141+0000] {dag.py:3096} INFO - Sync 1 DAGs
[2024-05-30T06:46:46.164+0000] {logging_mixin.py:188} INFO - [2024-05-30T06:46:46.164+0000] {dag.py:3954} INFO - Setting next_dagrun for example_branch_operator to 2024-05-29 00:00:00+00:00, run_after=2024-05-30 00:00:00+00:00
[2024-05-30T06:46:46.185+0000] {processor.py:183} INFO - Processing /home/airflow/.local/lib/python3.12/site-packages/airflow/example_dags/example_branch_operator.py took 0.095 seconds
[2024-05-30T06:47:16.985+0000] {processor.py:161} INFO - Started process (PID=808) to work on /home/airflow/.local/lib/python3.12/site-packages/airflow/example_dags/example_branch_operator.py
[2024-05-30T06:47:16.986+0000] {processor.py:830} INFO - Processing file /home/airflow/.local/lib/python3.12/site-packages/airflow/example_dags/example_branch_operator.py for tasks to queue
[2024-05-30T06:47:16.987+0000] {logging_mixin.py:188} INFO - [2024-05-30T06:47:16.987+0000] {dagbag.py:545} INFO - Filling up the DagBag from /home/airflow/.local/lib/python3.12/site-packages/airflow/example_dags/example_branch_operator.py
[2024-05-30T06:47:17.003+0000] {processor.py:840} INFO - DAG(s) 'example_branch_operator' retrieved from /home/airflow/.local/lib/python3.12/site-packages/airflow/example_dags/example_branch_operator.py
[2024-05-30T06:47:17.030+0000] {logging_mixin.py:188} INFO - [2024-05-30T06:47:17.030+0000] {dag.py:3096} INFO - Sync 1 DAGs
[2024-05-30T06:47:17.051+0000] {logging_mixin.py:188} INFO - [2024-05-30T06:47:17.051+0000] {dag.py:3954} INFO - Setting next_dagrun for example_branch_operator to 2024-05-29 00:00:00+00:00, run_after=2024-05-30 00:00:00+00:00
[2024-05-30T06:47:17.068+0000] {processor.py:183} INFO - Processing /home/airflow/.local/lib/python3.12/site-packages/airflow/example_dags/example_branch_operator.py took 0.088 seconds
[2024-05-30T06:47:47.170+0000] {processor.py:161} INFO - Started process (PID=866) to work on /home/airflow/.local/lib/python3.12/site-packages/airflow/example_dags/example_branch_operator.py
[2024-05-30T06:47:47.170+0000] {processor.py:830} INFO - Processing file /home/airflow/.local/lib/python3.12/site-packages/airflow/example_dags/example_branch_operator.py for tasks to queue
[2024-05-30T06:47:47.172+0000] {logging_mixin.py:188} INFO - [2024-05-30T06:47:47.172+0000] {dagbag.py:545} INFO - Filling up the DagBag from /home/airflow/.local/lib/python3.12/site-packages/airflow/example_dags/example_branch_operator.py
[2024-05-30T06:47:47.187+0000] {processor.py:840} INFO - DAG(s) 'example_branch_operator' retrieved from /home/airflow/.local/lib/python3.12/site-packages/airflow/example_dags/example_branch_operator.py
[2024-05-30T06:47:47.219+0000] {logging_mixin.py:188} INFO - [2024-05-30T06:47:47.219+0000] {dag.py:3096} INFO - Sync 1 DAGs
[2024-05-30T06:47:47.240+0000] {logging_mixin.py:188} INFO - [2024-05-30T06:47:47.240+0000] {dag.py:3954} INFO - Setting next_dagrun for example_branch_operator to 2024-05-29 00:00:00+00:00, run_after=2024-05-30 00:00:00+00:00
[2024-05-30T06:47:47.260+0000] {processor.py:183} INFO - Processing /home/airflow/.local/lib/python3.12/site-packages/airflow/example_dags/example_branch_operator.py took 0.095 seconds
[2024-05-30T06:48:17.375+0000] {processor.py:161} INFO - Started process (PID=924) to work on /home/airflow/.local/lib/python3.12/site-packages/airflow/example_dags/example_branch_operator.py
[2024-05-30T06:48:17.376+0000] {processor.py:830} INFO - Processing file /home/airflow/.local/lib/python3.12/site-packages/airflow/example_dags/example_branch_operator.py for tasks to queue
[2024-05-30T06:48:17.377+0000] {logging_mixin.py:188} INFO - [2024-05-30T06:48:17.377+0000] {dagbag.py:545} INFO - Filling up the DagBag from /home/airflow/.local/lib/python3.12/site-packages/airflow/example_dags/example_branch_operator.py
[2024-05-30T06:48:17.392+0000] {processor.py:840} INFO - DAG(s) 'example_branch_operator' retrieved from /home/airflow/.local/lib/python3.12/site-packages/airflow/example_dags/example_branch_operator.py
[2024-05-30T06:48:17.420+0000] {logging_mixin.py:188} INFO - [2024-05-30T06:48:17.420+0000] {dag.py:3096} INFO - Sync 1 DAGs
[2024-05-30T06:48:17.440+0000] {logging_mixin.py:188} INFO - [2024-05-30T06:48:17.440+0000] {dag.py:3954} INFO - Setting next_dagrun for example_branch_operator to 2024-05-29 00:00:00+00:00, run_after=2024-05-30 00:00:00+00:00
[2024-05-30T06:48:17.457+0000] {processor.py:183} INFO - Processing /home/airflow/.local/lib/python3.12/site-packages/airflow/example_dags/example_branch_operator.py took 0.087 seconds
[2024-05-30T06:48:47.611+0000] {processor.py:161} INFO - Started process (PID=982) to work on /home/airflow/.local/lib/python3.12/site-packages/airflow/example_dags/example_branch_operator.py
[2024-05-30T06:48:47.612+0000] {processor.py:830} INFO - Processing file /home/airflow/.local/lib/python3.12/site-packages/airflow/example_dags/example_branch_operator.py for tasks to queue
[2024-05-30T06:48:47.613+0000] {logging_mixin.py:188} INFO - [2024-05-30T06:48:47.613+0000] {dagbag.py:545} INFO - Filling up the DagBag from /home/airflow/.local/lib/python3.12/site-packages/airflow/example_dags/example_branch_operator.py
[2024-05-30T06:48:47.629+0000] {processor.py:840} INFO - DAG(s) 'example_branch_operator' retrieved from /home/airflow/.local/lib/python3.12/site-packages/airflow/example_dags/example_branch_operator.py
[2024-05-30T06:48:47.664+0000] {logging_mixin.py:188} INFO - [2024-05-30T06:48:47.663+0000] {dag.py:3096} INFO - Sync 1 DAGs
[2024-05-30T06:48:47.693+0000] {logging_mixin.py:188} INFO - [2024-05-30T06:48:47.693+0000] {dag.py:3954} INFO - Setting next_dagrun for example_branch_operator to 2024-05-29 00:00:00+00:00, run_after=2024-05-30 00:00:00+00:00
[2024-05-30T06:48:47.712+0000] {processor.py:183} INFO - Processing /home/airflow/.local/lib/python3.12/site-packages/airflow/example_dags/example_branch_operator.py took 0.107 seconds
[2024-05-30T06:49:18.192+0000] {processor.py:161} INFO - Started process (PID=1046) to work on /home/airflow/.local/lib/python3.12/site-packages/airflow/example_dags/example_branch_operator.py
[2024-05-30T06:49:18.193+0000] {processor.py:830} INFO - Processing file /home/airflow/.local/lib/python3.12/site-packages/airflow/example_dags/example_branch_operator.py for tasks to queue
[2024-05-30T06:49:18.194+0000] {logging_mixin.py:188} INFO - [2024-05-30T06:49:18.194+0000] {dagbag.py:545} INFO - Filling up the DagBag from /home/airflow/.local/lib/python3.12/site-packages/airflow/example_dags/example_branch_operator.py
[2024-05-30T06:49:18.212+0000] {processor.py:840} INFO - DAG(s) 'example_branch_operator' retrieved from /home/airflow/.local/lib/python3.12/site-packages/airflow/example_dags/example_branch_operator.py
[2024-05-30T06:49:18.242+0000] {logging_mixin.py:188} INFO - [2024-05-30T06:49:18.242+0000] {dag.py:3096} INFO - Sync 1 DAGs
[2024-05-30T06:49:18.269+0000] {logging_mixin.py:188} INFO - [2024-05-30T06:49:18.269+0000] {dag.py:3954} INFO - Setting next_dagrun for example_branch_operator to 2024-05-29 00:00:00+00:00, run_after=2024-05-30 00:00:00+00:00
[2024-05-30T06:49:18.291+0000] {processor.py:183} INFO - Processing /home/airflow/.local/lib/python3.12/site-packages/airflow/example_dags/example_branch_operator.py took 0.106 seconds
[2024-05-30T06:49:49.154+0000] {processor.py:161} INFO - Started process (PID=1104) to work on /home/airflow/.local/lib/python3.12/site-packages/airflow/example_dags/example_branch_operator.py
[2024-05-30T06:49:49.155+0000] {processor.py:830} INFO - Processing file /home/airflow/.local/lib/python3.12/site-packages/airflow/example_dags/example_branch_operator.py for tasks to queue
[2024-05-30T06:49:49.157+0000] {logging_mixin.py:188} INFO - [2024-05-30T06:49:49.157+0000] {dagbag.py:545} INFO - Filling up the DagBag from /home/airflow/.local/lib/python3.12/site-packages/airflow/example_dags/example_branch_operator.py
[2024-05-30T06:49:49.173+0000] {processor.py:840} INFO - DAG(s) 'example_branch_operator' retrieved from /home/airflow/.local/lib/python3.12/site-packages/airflow/example_dags/example_branch_operator.py
[2024-05-30T06:49:49.199+0000] {logging_mixin.py:188} INFO - [2024-05-30T06:49:49.199+0000] {dag.py:3096} INFO - Sync 1 DAGs
[2024-05-30T06:49:49.222+0000] {logging_mixin.py:188} INFO - [2024-05-30T06:49:49.222+0000] {dag.py:3954} INFO - Setting next_dagrun for example_branch_operator to 2024-05-29 00:00:00+00:00, run_after=2024-05-30 00:00:00+00:00
[2024-05-30T06:49:49.240+0000] {processor.py:183} INFO - Processing /home/airflow/.local/lib/python3.12/site-packages/airflow/example_dags/example_branch_operator.py took 0.091 seconds
[2024-05-30T06:50:19.825+0000] {processor.py:161} INFO - Started process (PID=1162) to work on /home/airflow/.local/lib/python3.12/site-packages/airflow/example_dags/example_branch_operator.py
[2024-05-30T06:50:19.826+0000] {processor.py:830} INFO - Processing file /home/airflow/.local/lib/python3.12/site-packages/airflow/example_dags/example_branch_operator.py for tasks to queue
[2024-05-30T06:50:19.827+0000] {logging_mixin.py:188} INFO - [2024-05-30T06:50:19.827+0000] {dagbag.py:545} INFO - Filling up the DagBag from /home/airflow/.local/lib/python3.12/site-packages/airflow/example_dags/example_branch_operator.py
[2024-05-30T06:50:19.843+0000] {processor.py:840} INFO - DAG(s) 'example_branch_operator' retrieved from /home/airflow/.local/lib/python3.12/site-packages/airflow/example_dags/example_branch_operator.py
[2024-05-30T06:50:19.870+0000] {logging_mixin.py:188} INFO - [2024-05-30T06:50:19.869+0000] {dag.py:3096} INFO - Sync 1 DAGs
[2024-05-30T06:50:19.891+0000] {logging_mixin.py:188} INFO - [2024-05-30T06:50:19.891+0000] {dag.py:3954} INFO - Setting next_dagrun for example_branch_operator to 2024-05-29 00:00:00+00:00, run_after=2024-05-30 00:00:00+00:00
[2024-05-30T06:50:19.909+0000] {processor.py:183} INFO - Processing /home/airflow/.local/lib/python3.12/site-packages/airflow/example_dags/example_branch_operator.py took 0.090 seconds
[2024-05-30T06:50:50.555+0000] {processor.py:161} INFO - Started process (PID=1220) to work on /home/airflow/.local/lib/python3.12/site-packages/airflow/example_dags/example_branch_operator.py
[2024-05-30T06:50:50.556+0000] {processor.py:830} INFO - Processing file /home/airflow/.local/lib/python3.12/site-packages/airflow/example_dags/example_branch_operator.py for tasks to queue
[2024-05-30T06:50:50.558+0000] {logging_mixin.py:188} INFO - [2024-05-30T06:50:50.557+0000] {dagbag.py:545} INFO - Filling up the DagBag from /home/airflow/.local/lib/python3.12/site-packages/airflow/example_dags/example_branch_operator.py
[2024-05-30T06:50:50.574+0000] {processor.py:840} INFO - DAG(s) 'example_branch_operator' retrieved from /home/airflow/.local/lib/python3.12/site-packages/airflow/example_dags/example_branch_operator.py
[2024-05-30T06:50:50.602+0000] {logging_mixin.py:188} INFO - [2024-05-30T06:50:50.602+0000] {dag.py:3096} INFO - Sync 1 DAGs
[2024-05-30T06:50:50.624+0000] {logging_mixin.py:188} INFO - [2024-05-30T06:50:50.624+0000] {dag.py:3954} INFO - Setting next_dagrun for example_branch_operator to 2024-05-29 00:00:00+00:00, run_after=2024-05-30 00:00:00+00:00
[2024-05-30T06:50:50.643+0000] {processor.py:183} INFO - Processing /home/airflow/.local/lib/python3.12/site-packages/airflow/example_dags/example_branch_operator.py took 0.093 seconds
[2024-05-30T06:51:21.421+0000] {processor.py:161} INFO - Started process (PID=1278) to work on /home/airflow/.local/lib/python3.12/site-packages/airflow/example_dags/example_branch_operator.py
[2024-05-30T06:51:21.422+0000] {processor.py:830} INFO - Processing file /home/airflow/.local/lib/python3.12/site-packages/airflow/example_dags/example_branch_operator.py for tasks to queue
[2024-05-30T06:51:21.424+0000] {logging_mixin.py:188} INFO - [2024-05-30T06:51:21.423+0000] {dagbag.py:545} INFO - Filling up the DagBag from /home/airflow/.local/lib/python3.12/site-packages/airflow/example_dags/example_branch_operator.py
[2024-05-30T06:51:21.439+0000] {processor.py:840} INFO - DAG(s) 'example_branch_operator' retrieved from /home/airflow/.local/lib/python3.12/site-packages/airflow/example_dags/example_branch_operator.py
[2024-05-30T06:51:21.467+0000] {logging_mixin.py:188} INFO - [2024-05-30T06:51:21.466+0000] {dag.py:3096} INFO - Sync 1 DAGs
[2024-05-30T06:51:21.490+0000] {logging_mixin.py:188} INFO - [2024-05-30T06:51:21.490+0000] {dag.py:3954} INFO - Setting next_dagrun for example_branch_operator to 2024-05-29 00:00:00+00:00, run_after=2024-05-30 00:00:00+00:00
[2024-05-30T06:51:21.513+0000] {processor.py:183} INFO - Processing /home/airflow/.local/lib/python3.12/site-packages/airflow/example_dags/example_branch_operator.py took 0.097 seconds
[2024-05-30T06:51:52.502+0000] {processor.py:161} INFO - Started process (PID=1336) to work on /home/airflow/.local/lib/python3.12/site-packages/airflow/example_dags/example_branch_operator.py
[2024-05-30T06:51:52.503+0000] {processor.py:830} INFO - Processing file /home/airflow/.local/lib/python3.12/site-packages/airflow/example_dags/example_branch_operator.py for tasks to queue
[2024-05-30T06:51:52.504+0000] {logging_mixin.py:188} INFO - [2024-05-30T06:51:52.504+0000] {dagbag.py:545} INFO - Filling up the DagBag from /home/airflow/.local/lib/python3.12/site-packages/airflow/example_dags/example_branch_operator.py
[2024-05-30T06:51:52.520+0000] {processor.py:840} INFO - DAG(s) 'example_branch_operator' retrieved from /home/airflow/.local/lib/python3.12/site-packages/airflow/example_dags/example_branch_operator.py
[2024-05-30T06:51:52.548+0000] {logging_mixin.py:188} INFO - [2024-05-30T06:51:52.547+0000] {dag.py:3096} INFO - Sync 1 DAGs
[2024-05-30T06:51:52.571+0000] {logging_mixin.py:188} INFO - [2024-05-30T06:51:52.570+0000] {dag.py:3954} INFO - Setting next_dagrun for example_branch_operator to 2024-05-29 00:00:00+00:00, run_after=2024-05-30 00:00:00+00:00
[2024-05-30T06:51:52.587+0000] {processor.py:183} INFO - Processing /home/airflow/.local/lib/python3.12/site-packages/airflow/example_dags/example_branch_operator.py took 0.091 seconds
[2024-05-30T06:52:22.947+0000] {processor.py:161} INFO - Started process (PID=1394) to work on /home/airflow/.local/lib/python3.12/site-packages/airflow/example_dags/example_branch_operator.py
[2024-05-30T06:52:22.948+0000] {processor.py:830} INFO - Processing file /home/airflow/.local/lib/python3.12/site-packages/airflow/example_dags/example_branch_operator.py for tasks to queue
[2024-05-30T06:52:22.949+0000] {logging_mixin.py:188} INFO - [2024-05-30T06:52:22.949+0000] {dagbag.py:545} INFO - Filling up the DagBag from /home/airflow/.local/lib/python3.12/site-packages/airflow/example_dags/example_branch_operator.py
[2024-05-30T06:52:22.964+0000] {processor.py:840} INFO - DAG(s) 'example_branch_operator' retrieved from /home/airflow/.local/lib/python3.12/site-packages/airflow/example_dags/example_branch_operator.py
[2024-05-30T06:52:22.992+0000] {logging_mixin.py:188} INFO - [2024-05-30T06:52:22.992+0000] {dag.py:3096} INFO - Sync 1 DAGs
[2024-05-30T06:52:23.115+0000] {logging_mixin.py:188} INFO - [2024-05-30T06:52:23.115+0000] {dag.py:3954} INFO - Setting next_dagrun for example_branch_operator to 2024-05-29 00:00:00+00:00, run_after=2024-05-30 00:00:00+00:00
[2024-05-30T06:52:23.133+0000] {processor.py:183} INFO - Processing /home/airflow/.local/lib/python3.12/site-packages/airflow/example_dags/example_branch_operator.py took 0.191 seconds
[2024-05-30T06:52:53.489+0000] {processor.py:161} INFO - Started process (PID=1452) to work on /home/airflow/.local/lib/python3.12/site-packages/airflow/example_dags/example_branch_operator.py
[2024-05-30T06:52:53.491+0000] {processor.py:830} INFO - Processing file /home/airflow/.local/lib/python3.12/site-packages/airflow/example_dags/example_branch_operator.py for tasks to queue
[2024-05-30T06:52:53.492+0000] {logging_mixin.py:188} INFO - [2024-05-30T06:52:53.492+0000] {dagbag.py:545} INFO - Filling up the DagBag from /home/airflow/.local/lib/python3.12/site-packages/airflow/example_dags/example_branch_operator.py
[2024-05-30T06:52:53.511+0000] {processor.py:840} INFO - DAG(s) 'example_branch_operator' retrieved from /home/airflow/.local/lib/python3.12/site-packages/airflow/example_dags/example_branch_operator.py
[2024-05-30T06:52:53.542+0000] {logging_mixin.py:188} INFO - [2024-05-30T06:52:53.542+0000] {dag.py:3096} INFO - Sync 1 DAGs
[2024-05-30T06:52:53.687+0000] {logging_mixin.py:188} INFO - [2024-05-30T06:52:53.687+0000] {dag.py:3954} INFO - Setting next_dagrun for example_branch_operator to 2024-05-29 00:00:00+00:00, run_after=2024-05-30 00:00:00+00:00
[2024-05-30T06:52:53.708+0000] {processor.py:183} INFO - Processing /home/airflow/.local/lib/python3.12/site-packages/airflow/example_dags/example_branch_operator.py took 0.225 seconds
[2024-05-30T06:53:23.847+0000] {processor.py:161} INFO - Started process (PID=1510) to work on /home/airflow/.local/lib/python3.12/site-packages/airflow/example_dags/example_branch_operator.py
[2024-05-30T06:53:23.848+0000] {processor.py:830} INFO - Processing file /home/airflow/.local/lib/python3.12/site-packages/airflow/example_dags/example_branch_operator.py for tasks to queue
[2024-05-30T06:53:23.849+0000] {logging_mixin.py:188} INFO - [2024-05-30T06:53:23.849+0000] {dagbag.py:545} INFO - Filling up the DagBag from /home/airflow/.local/lib/python3.12/site-packages/airflow/example_dags/example_branch_operator.py
[2024-05-30T06:53:23.865+0000] {processor.py:840} INFO - DAG(s) 'example_branch_operator' retrieved from /home/airflow/.local/lib/python3.12/site-packages/airflow/example_dags/example_branch_operator.py
[2024-05-30T06:53:23.893+0000] {logging_mixin.py:188} INFO - [2024-05-30T06:53:23.893+0000] {dag.py:3096} INFO - Sync 1 DAGs
[2024-05-30T06:53:23.918+0000] {logging_mixin.py:188} INFO - [2024-05-30T06:53:23.918+0000] {dag.py:3954} INFO - Setting next_dagrun for example_branch_operator to 2024-05-29 00:00:00+00:00, run_after=2024-05-30 00:00:00+00:00
[2024-05-30T06:53:24.054+0000] {processor.py:183} INFO - Processing /home/airflow/.local/lib/python3.12/site-packages/airflow/example_dags/example_branch_operator.py took 0.213 seconds
[2024-05-30T06:53:54.338+0000] {processor.py:161} INFO - Started process (PID=1568) to work on /home/airflow/.local/lib/python3.12/site-packages/airflow/example_dags/example_branch_operator.py
[2024-05-30T06:53:54.338+0000] {processor.py:830} INFO - Processing file /home/airflow/.local/lib/python3.12/site-packages/airflow/example_dags/example_branch_operator.py for tasks to queue
[2024-05-30T06:53:54.340+0000] {logging_mixin.py:188} INFO - [2024-05-30T06:53:54.340+0000] {dagbag.py:545} INFO - Filling up the DagBag from /home/airflow/.local/lib/python3.12/site-packages/airflow/example_dags/example_branch_operator.py
[2024-05-30T06:53:54.355+0000] {processor.py:840} INFO - DAG(s) 'example_branch_operator' retrieved from /home/airflow/.local/lib/python3.12/site-packages/airflow/example_dags/example_branch_operator.py
[2024-05-30T06:53:54.382+0000] {logging_mixin.py:188} INFO - [2024-05-30T06:53:54.382+0000] {dag.py:3096} INFO - Sync 1 DAGs
[2024-05-30T06:53:54.404+0000] {logging_mixin.py:188} INFO - [2024-05-30T06:53:54.404+0000] {dag.py:3954} INFO - Setting next_dagrun for example_branch_operator to 2024-05-29 00:00:00+00:00, run_after=2024-05-30 00:00:00+00:00
[2024-05-30T06:53:54.426+0000] {processor.py:183} INFO - Processing /home/airflow/.local/lib/python3.12/site-packages/airflow/example_dags/example_branch_operator.py took 0.094 seconds
[2024-05-30T06:54:25.274+0000] {processor.py:161} INFO - Started process (PID=1626) to work on /home/airflow/.local/lib/python3.12/site-packages/airflow/example_dags/example_branch_operator.py
[2024-05-30T06:54:25.275+0000] {processor.py:830} INFO - Processing file /home/airflow/.local/lib/python3.12/site-packages/airflow/example_dags/example_branch_operator.py for tasks to queue
[2024-05-30T06:54:25.277+0000] {logging_mixin.py:188} INFO - [2024-05-30T06:54:25.277+0000] {dagbag.py:545} INFO - Filling up the DagBag from /home/airflow/.local/lib/python3.12/site-packages/airflow/example_dags/example_branch_operator.py
[2024-05-30T06:54:25.296+0000] {processor.py:840} INFO - DAG(s) 'example_branch_operator' retrieved from /home/airflow/.local/lib/python3.12/site-packages/airflow/example_dags/example_branch_operator.py
[2024-05-30T06:54:25.334+0000] {logging_mixin.py:188} INFO - [2024-05-30T06:54:25.334+0000] {dag.py:3096} INFO - Sync 1 DAGs
[2024-05-30T06:54:25.370+0000] {logging_mixin.py:188} INFO - [2024-05-30T06:54:25.370+0000] {dag.py:3954} INFO - Setting next_dagrun for example_branch_operator to 2024-05-29 00:00:00+00:00, run_after=2024-05-30 00:00:00+00:00
[2024-05-30T06:54:25.398+0000] {processor.py:183} INFO - Processing /home/airflow/.local/lib/python3.12/site-packages/airflow/example_dags/example_branch_operator.py took 0.133 seconds
[2024-05-30T06:54:55.734+0000] {processor.py:161} INFO - Started process (PID=1684) to work on /home/airflow/.local/lib/python3.12/site-packages/airflow/example_dags/example_branch_operator.py
[2024-05-30T06:54:55.735+0000] {processor.py:830} INFO - Processing file /home/airflow/.local/lib/python3.12/site-packages/airflow/example_dags/example_branch_operator.py for tasks to queue
[2024-05-30T06:54:55.738+0000] {logging_mixin.py:188} INFO - [2024-05-30T06:54:55.737+0000] {dagbag.py:545} INFO - Filling up the DagBag from /home/airflow/.local/lib/python3.12/site-packages/airflow/example_dags/example_branch_operator.py
[2024-05-30T06:54:55.758+0000] {processor.py:840} INFO - DAG(s) 'example_branch_operator' retrieved from /home/airflow/.local/lib/python3.12/site-packages/airflow/example_dags/example_branch_operator.py
[2024-05-30T06:54:55.794+0000] {logging_mixin.py:188} INFO - [2024-05-30T06:54:55.794+0000] {dag.py:3096} INFO - Sync 1 DAGs
[2024-05-30T06:54:55.833+0000] {logging_mixin.py:188} INFO - [2024-05-30T06:54:55.833+0000] {dag.py:3954} INFO - Setting next_dagrun for example_branch_operator to 2024-05-29 00:00:00+00:00, run_after=2024-05-30 00:00:00+00:00
[2024-05-30T06:54:55.861+0000] {processor.py:183} INFO - Processing /home/airflow/.local/lib/python3.12/site-packages/airflow/example_dags/example_branch_operator.py took 0.133 seconds
[2024-05-30T06:55:25.972+0000] {processor.py:161} INFO - Started process (PID=1743) to work on /home/airflow/.local/lib/python3.12/site-packages/airflow/example_dags/example_branch_operator.py
[2024-05-30T06:55:25.973+0000] {processor.py:830} INFO - Processing file /home/airflow/.local/lib/python3.12/site-packages/airflow/example_dags/example_branch_operator.py for tasks to queue
[2024-05-30T06:55:25.974+0000] {logging_mixin.py:188} INFO - [2024-05-30T06:55:25.974+0000] {dagbag.py:545} INFO - Filling up the DagBag from /home/airflow/.local/lib/python3.12/site-packages/airflow/example_dags/example_branch_operator.py
[2024-05-30T06:55:25.989+0000] {processor.py:840} INFO - DAG(s) 'example_branch_operator' retrieved from /home/airflow/.local/lib/python3.12/site-packages/airflow/example_dags/example_branch_operator.py
[2024-05-30T06:55:26.016+0000] {logging_mixin.py:188} INFO - [2024-05-30T06:55:26.016+0000] {dag.py:3096} INFO - Sync 1 DAGs
[2024-05-30T06:55:26.037+0000] {logging_mixin.py:188} INFO - [2024-05-30T06:55:26.037+0000] {dag.py:3954} INFO - Setting next_dagrun for example_branch_operator to 2024-05-29 00:00:00+00:00, run_after=2024-05-30 00:00:00+00:00
[2024-05-30T06:55:26.054+0000] {processor.py:183} INFO - Processing /home/airflow/.local/lib/python3.12/site-packages/airflow/example_dags/example_branch_operator.py took 0.087 seconds
[2024-05-30T06:55:56.092+0000] {processor.py:161} INFO - Started process (PID=1801) to work on /home/airflow/.local/lib/python3.12/site-packages/airflow/example_dags/example_branch_operator.py
[2024-05-30T06:55:56.093+0000] {processor.py:830} INFO - Processing file /home/airflow/.local/lib/python3.12/site-packages/airflow/example_dags/example_branch_operator.py for tasks to queue
[2024-05-30T06:55:56.094+0000] {logging_mixin.py:188} INFO - [2024-05-30T06:55:56.094+0000] {dagbag.py:545} INFO - Filling up the DagBag from /home/airflow/.local/lib/python3.12/site-packages/airflow/example_dags/example_branch_operator.py
[2024-05-30T06:55:56.109+0000] {processor.py:840} INFO - DAG(s) 'example_branch_operator' retrieved from /home/airflow/.local/lib/python3.12/site-packages/airflow/example_dags/example_branch_operator.py
[2024-05-30T06:55:56.137+0000] {logging_mixin.py:188} INFO - [2024-05-30T06:55:56.137+0000] {dag.py:3096} INFO - Sync 1 DAGs
[2024-05-30T06:55:56.158+0000] {logging_mixin.py:188} INFO - [2024-05-30T06:55:56.158+0000] {dag.py:3954} INFO - Setting next_dagrun for example_branch_operator to 2024-05-29 00:00:00+00:00, run_after=2024-05-30 00:00:00+00:00
[2024-05-30T06:55:56.174+0000] {processor.py:183} INFO - Processing /home/airflow/.local/lib/python3.12/site-packages/airflow/example_dags/example_branch_operator.py took 0.087 seconds
[2024-05-30T06:56:26.231+0000] {processor.py:161} INFO - Started process (PID=1859) to work on /home/airflow/.local/lib/python3.12/site-packages/airflow/example_dags/example_branch_operator.py
[2024-05-30T06:56:26.232+0000] {processor.py:830} INFO - Processing file /home/airflow/.local/lib/python3.12/site-packages/airflow/example_dags/example_branch_operator.py for tasks to queue
[2024-05-30T06:56:26.233+0000] {logging_mixin.py:188} INFO - [2024-05-30T06:56:26.233+0000] {dagbag.py:545} INFO - Filling up the DagBag from /home/airflow/.local/lib/python3.12/site-packages/airflow/example_dags/example_branch_operator.py
[2024-05-30T06:56:26.248+0000] {processor.py:840} INFO - DAG(s) 'example_branch_operator' retrieved from /home/airflow/.local/lib/python3.12/site-packages/airflow/example_dags/example_branch_operator.py
[2024-05-30T06:56:26.275+0000] {logging_mixin.py:188} INFO - [2024-05-30T06:56:26.274+0000] {dag.py:3096} INFO - Sync 1 DAGs
[2024-05-30T06:56:26.299+0000] {logging_mixin.py:188} INFO - [2024-05-30T06:56:26.299+0000] {dag.py:3954} INFO - Setting next_dagrun for example_branch_operator to 2024-05-29 00:00:00+00:00, run_after=2024-05-30 00:00:00+00:00
[2024-05-30T06:56:26.318+0000] {processor.py:183} INFO - Processing /home/airflow/.local/lib/python3.12/site-packages/airflow/example_dags/example_branch_operator.py took 0.092 seconds
[2024-05-30T06:56:57.259+0000] {processor.py:161} INFO - Started process (PID=1917) to work on /home/airflow/.local/lib/python3.12/site-packages/airflow/example_dags/example_branch_operator.py
[2024-05-30T06:56:57.260+0000] {processor.py:830} INFO - Processing file /home/airflow/.local/lib/python3.12/site-packages/airflow/example_dags/example_branch_operator.py for tasks to queue
[2024-05-30T06:56:57.261+0000] {logging_mixin.py:188} INFO - [2024-05-30T06:56:57.261+0000] {dagbag.py:545} INFO - Filling up the DagBag from /home/airflow/.local/lib/python3.12/site-packages/airflow/example_dags/example_branch_operator.py
[2024-05-30T06:56:57.277+0000] {processor.py:840} INFO - DAG(s) 'example_branch_operator' retrieved from /home/airflow/.local/lib/python3.12/site-packages/airflow/example_dags/example_branch_operator.py
[2024-05-30T06:56:57.304+0000] {logging_mixin.py:188} INFO - [2024-05-30T06:56:57.304+0000] {dag.py:3096} INFO - Sync 1 DAGs
[2024-05-30T06:56:57.325+0000] {logging_mixin.py:188} INFO - [2024-05-30T06:56:57.325+0000] {dag.py:3954} INFO - Setting next_dagrun for example_branch_operator to 2024-05-29 00:00:00+00:00, run_after=2024-05-30 00:00:00+00:00
[2024-05-30T06:56:57.343+0000] {processor.py:183} INFO - Processing /home/airflow/.local/lib/python3.12/site-packages/airflow/example_dags/example_branch_operator.py took 0.090 seconds
[2024-05-30T06:57:27.808+0000] {processor.py:161} INFO - Started process (PID=1975) to work on /home/airflow/.local/lib/python3.12/site-packages/airflow/example_dags/example_branch_operator.py
[2024-05-30T06:57:27.809+0000] {processor.py:830} INFO - Processing file /home/airflow/.local/lib/python3.12/site-packages/airflow/example_dags/example_branch_operator.py for tasks to queue
[2024-05-30T06:57:27.811+0000] {logging_mixin.py:188} INFO - [2024-05-30T06:57:27.811+0000] {dagbag.py:545} INFO - Filling up the DagBag from /home/airflow/.local/lib/python3.12/site-packages/airflow/example_dags/example_branch_operator.py
[2024-05-30T06:57:27.826+0000] {processor.py:840} INFO - DAG(s) 'example_branch_operator' retrieved from /home/airflow/.local/lib/python3.12/site-packages/airflow/example_dags/example_branch_operator.py
[2024-05-30T06:57:27.853+0000] {logging_mixin.py:188} INFO - [2024-05-30T06:57:27.853+0000] {dag.py:3096} INFO - Sync 1 DAGs
[2024-05-30T06:57:27.875+0000] {logging_mixin.py:188} INFO - [2024-05-30T06:57:27.875+0000] {dag.py:3954} INFO - Setting next_dagrun for example_branch_operator to 2024-05-29 00:00:00+00:00, run_after=2024-05-30 00:00:00+00:00
[2024-05-30T06:57:27.892+0000] {processor.py:183} INFO - Processing /home/airflow/.local/lib/python3.12/site-packages/airflow/example_dags/example_branch_operator.py took 0.089 seconds
[2024-05-30T06:57:58.323+0000] {processor.py:161} INFO - Started process (PID=2033) to work on /home/airflow/.local/lib/python3.12/site-packages/airflow/example_dags/example_branch_operator.py
[2024-05-30T06:57:58.324+0000] {processor.py:830} INFO - Processing file /home/airflow/.local/lib/python3.12/site-packages/airflow/example_dags/example_branch_operator.py for tasks to queue
[2024-05-30T06:57:58.325+0000] {logging_mixin.py:188} INFO - [2024-05-30T06:57:58.325+0000] {dagbag.py:545} INFO - Filling up the DagBag from /home/airflow/.local/lib/python3.12/site-packages/airflow/example_dags/example_branch_operator.py
[2024-05-30T06:57:58.341+0000] {processor.py:840} INFO - DAG(s) 'example_branch_operator' retrieved from /home/airflow/.local/lib/python3.12/site-packages/airflow/example_dags/example_branch_operator.py
[2024-05-30T06:57:58.368+0000] {logging_mixin.py:188} INFO - [2024-05-30T06:57:58.367+0000] {dag.py:3096} INFO - Sync 1 DAGs
[2024-05-30T06:57:58.390+0000] {logging_mixin.py:188} INFO - [2024-05-30T06:57:58.390+0000] {dag.py:3954} INFO - Setting next_dagrun for example_branch_operator to 2024-05-29 00:00:00+00:00, run_after=2024-05-30 00:00:00+00:00
[2024-05-30T06:57:58.409+0000] {processor.py:183} INFO - Processing /home/airflow/.local/lib/python3.12/site-packages/airflow/example_dags/example_branch_operator.py took 0.092 seconds
[2024-05-30T06:58:29.023+0000] {processor.py:161} INFO - Started process (PID=2091) to work on /home/airflow/.local/lib/python3.12/site-packages/airflow/example_dags/example_branch_operator.py
[2024-05-30T06:58:29.024+0000] {processor.py:830} INFO - Processing file /home/airflow/.local/lib/python3.12/site-packages/airflow/example_dags/example_branch_operator.py for tasks to queue
[2024-05-30T06:58:29.025+0000] {logging_mixin.py:188} INFO - [2024-05-30T06:58:29.025+0000] {dagbag.py:545} INFO - Filling up the DagBag from /home/airflow/.local/lib/python3.12/site-packages/airflow/example_dags/example_branch_operator.py
[2024-05-30T06:58:29.041+0000] {processor.py:840} INFO - DAG(s) 'example_branch_operator' retrieved from /home/airflow/.local/lib/python3.12/site-packages/airflow/example_dags/example_branch_operator.py
[2024-05-30T06:58:29.069+0000] {logging_mixin.py:188} INFO - [2024-05-30T06:58:29.069+0000] {dag.py:3096} INFO - Sync 1 DAGs
[2024-05-30T06:58:29.092+0000] {logging_mixin.py:188} INFO - [2024-05-30T06:58:29.092+0000] {dag.py:3954} INFO - Setting next_dagrun for example_branch_operator to 2024-05-29 00:00:00+00:00, run_after=2024-05-30 00:00:00+00:00
[2024-05-30T06:58:29.114+0000] {processor.py:183} INFO - Processing /home/airflow/.local/lib/python3.12/site-packages/airflow/example_dags/example_branch_operator.py took 0.098 seconds
[2024-05-30T06:58:59.631+0000] {processor.py:161} INFO - Started process (PID=2149) to work on /home/airflow/.local/lib/python3.12/site-packages/airflow/example_dags/example_branch_operator.py
[2024-05-30T06:58:59.632+0000] {processor.py:830} INFO - Processing file /home/airflow/.local/lib/python3.12/site-packages/airflow/example_dags/example_branch_operator.py for tasks to queue
[2024-05-30T06:58:59.633+0000] {logging_mixin.py:188} INFO - [2024-05-30T06:58:59.633+0000] {dagbag.py:545} INFO - Filling up the DagBag from /home/airflow/.local/lib/python3.12/site-packages/airflow/example_dags/example_branch_operator.py
[2024-05-30T06:58:59.649+0000] {processor.py:840} INFO - DAG(s) 'example_branch_operator' retrieved from /home/airflow/.local/lib/python3.12/site-packages/airflow/example_dags/example_branch_operator.py
[2024-05-30T06:58:59.675+0000] {logging_mixin.py:188} INFO - [2024-05-30T06:58:59.674+0000] {dag.py:3096} INFO - Sync 1 DAGs
[2024-05-30T06:58:59.696+0000] {logging_mixin.py:188} INFO - [2024-05-30T06:58:59.696+0000] {dag.py:3954} INFO - Setting next_dagrun for example_branch_operator to 2024-05-29 00:00:00+00:00, run_after=2024-05-30 00:00:00+00:00
[2024-05-30T06:58:59.716+0000] {processor.py:183} INFO - Processing /home/airflow/.local/lib/python3.12/site-packages/airflow/example_dags/example_branch_operator.py took 0.090 seconds
[2024-05-30T06:59:30.068+0000] {processor.py:161} INFO - Started process (PID=2207) to work on /home/airflow/.local/lib/python3.12/site-packages/airflow/example_dags/example_branch_operator.py
[2024-05-30T06:59:30.069+0000] {processor.py:830} INFO - Processing file /home/airflow/.local/lib/python3.12/site-packages/airflow/example_dags/example_branch_operator.py for tasks to queue
[2024-05-30T06:59:30.071+0000] {logging_mixin.py:188} INFO - [2024-05-30T06:59:30.070+0000] {dagbag.py:545} INFO - Filling up the DagBag from /home/airflow/.local/lib/python3.12/site-packages/airflow/example_dags/example_branch_operator.py
[2024-05-30T06:59:30.087+0000] {processor.py:840} INFO - DAG(s) 'example_branch_operator' retrieved from /home/airflow/.local/lib/python3.12/site-packages/airflow/example_dags/example_branch_operator.py
[2024-05-30T06:59:30.113+0000] {logging_mixin.py:188} INFO - [2024-05-30T06:59:30.113+0000] {dag.py:3096} INFO - Sync 1 DAGs
[2024-05-30T06:59:30.134+0000] {logging_mixin.py:188} INFO - [2024-05-30T06:59:30.134+0000] {dag.py:3954} INFO - Setting next_dagrun for example_branch_operator to 2024-05-29 00:00:00+00:00, run_after=2024-05-30 00:00:00+00:00
[2024-05-30T06:59:30.153+0000] {processor.py:183} INFO - Processing /home/airflow/.local/lib/python3.12/site-packages/airflow/example_dags/example_branch_operator.py took 0.090 seconds
[2024-05-30T07:00:00.551+0000] {processor.py:161} INFO - Started process (PID=2265) to work on /home/airflow/.local/lib/python3.12/site-packages/airflow/example_dags/example_branch_operator.py
[2024-05-30T07:00:00.552+0000] {processor.py:830} INFO - Processing file /home/airflow/.local/lib/python3.12/site-packages/airflow/example_dags/example_branch_operator.py for tasks to queue
[2024-05-30T07:00:00.554+0000] {logging_mixin.py:188} INFO - [2024-05-30T07:00:00.553+0000] {dagbag.py:545} INFO - Filling up the DagBag from /home/airflow/.local/lib/python3.12/site-packages/airflow/example_dags/example_branch_operator.py
[2024-05-30T07:00:00.569+0000] {processor.py:840} INFO - DAG(s) 'example_branch_operator' retrieved from /home/airflow/.local/lib/python3.12/site-packages/airflow/example_dags/example_branch_operator.py
[2024-05-30T07:00:00.597+0000] {logging_mixin.py:188} INFO - [2024-05-30T07:00:00.597+0000] {dag.py:3096} INFO - Sync 1 DAGs
[2024-05-30T07:00:00.621+0000] {logging_mixin.py:188} INFO - [2024-05-30T07:00:00.620+0000] {dag.py:3954} INFO - Setting next_dagrun for example_branch_operator to 2024-05-29 00:00:00+00:00, run_after=2024-05-30 00:00:00+00:00
[2024-05-30T07:00:00.638+0000] {processor.py:183} INFO - Processing /home/airflow/.local/lib/python3.12/site-packages/airflow/example_dags/example_branch_operator.py took 0.092 seconds
[2024-05-30T07:00:31.191+0000] {processor.py:161} INFO - Started process (PID=2323) to work on /home/airflow/.local/lib/python3.12/site-packages/airflow/example_dags/example_branch_operator.py
[2024-05-30T07:00:31.192+0000] {processor.py:830} INFO - Processing file /home/airflow/.local/lib/python3.12/site-packages/airflow/example_dags/example_branch_operator.py for tasks to queue
[2024-05-30T07:00:31.194+0000] {logging_mixin.py:188} INFO - [2024-05-30T07:00:31.193+0000] {dagbag.py:545} INFO - Filling up the DagBag from /home/airflow/.local/lib/python3.12/site-packages/airflow/example_dags/example_branch_operator.py
[2024-05-30T07:00:31.209+0000] {processor.py:840} INFO - DAG(s) 'example_branch_operator' retrieved from /home/airflow/.local/lib/python3.12/site-packages/airflow/example_dags/example_branch_operator.py
[2024-05-30T07:00:31.236+0000] {logging_mixin.py:188} INFO - [2024-05-30T07:00:31.236+0000] {dag.py:3096} INFO - Sync 1 DAGs
[2024-05-30T07:00:31.258+0000] {logging_mixin.py:188} INFO - [2024-05-30T07:00:31.258+0000] {dag.py:3954} INFO - Setting next_dagrun for example_branch_operator to 2024-05-29 00:00:00+00:00, run_after=2024-05-30 00:00:00+00:00
[2024-05-30T07:00:31.276+0000] {processor.py:183} INFO - Processing /home/airflow/.local/lib/python3.12/site-packages/airflow/example_dags/example_branch_operator.py took 0.091 seconds
[2024-05-30T07:01:01.768+0000] {processor.py:161} INFO - Started process (PID=2381) to work on /home/airflow/.local/lib/python3.12/site-packages/airflow/example_dags/example_branch_operator.py
[2024-05-30T07:01:01.769+0000] {processor.py:830} INFO - Processing file /home/airflow/.local/lib/python3.12/site-packages/airflow/example_dags/example_branch_operator.py for tasks to queue
[2024-05-30T07:01:01.770+0000] {logging_mixin.py:188} INFO - [2024-05-30T07:01:01.770+0000] {dagbag.py:545} INFO - Filling up the DagBag from /home/airflow/.local/lib/python3.12/site-packages/airflow/example_dags/example_branch_operator.py
[2024-05-30T07:01:01.786+0000] {processor.py:840} INFO - DAG(s) 'example_branch_operator' retrieved from /home/airflow/.local/lib/python3.12/site-packages/airflow/example_dags/example_branch_operator.py
[2024-05-30T07:01:01.813+0000] {logging_mixin.py:188} INFO - [2024-05-30T07:01:01.813+0000] {dag.py:3096} INFO - Sync 1 DAGs
[2024-05-30T07:01:01.834+0000] {logging_mixin.py:188} INFO - [2024-05-30T07:01:01.834+0000] {dag.py:3954} INFO - Setting next_dagrun for example_branch_operator to 2024-05-29 00:00:00+00:00, run_after=2024-05-30 00:00:00+00:00
[2024-05-30T07:01:01.852+0000] {processor.py:183} INFO - Processing /home/airflow/.local/lib/python3.12/site-packages/airflow/example_dags/example_branch_operator.py took 0.090 seconds
