[2024-05-30T06:40:39.908+0000] {processor.py:161} INFO - Started process (PID=53) to work on /home/airflow/.local/lib/python3.12/site-packages/airflow/example_dags/example_branch_labels.py
[2024-05-30T06:40:39.909+0000] {processor.py:830} INFO - Processing file /home/airflow/.local/lib/python3.12/site-packages/airflow/example_dags/example_branch_labels.py for tasks to queue
[2024-05-30T06:40:39.911+0000] {logging_mixin.py:188} INFO - [2024-05-30T06:40:39.911+0000] {dagbag.py:545} INFO - Filling up the DagBag from /home/airflow/.local/lib/python3.12/site-packages/airflow/example_dags/example_branch_labels.py
[2024-05-30T06:40:39.923+0000] {processor.py:840} INFO - DAG(s) 'example_branch_labels' retrieved from /home/airflow/.local/lib/python3.12/site-packages/airflow/example_dags/example_branch_labels.py
[2024-05-30T06:40:39.942+0000] {logging_mixin.py:188} INFO - [2024-05-30T06:40:39.942+0000] {dag.py:3096} INFO - Sync 1 DAGs
[2024-05-30T06:40:39.967+0000] {logging_mixin.py:188} INFO - [2024-05-30T06:40:39.967+0000] {dag.py:3954} INFO - Setting next_dagrun for example_branch_labels to 2024-05-29 00:00:00+00:00, run_after=2024-05-30 00:00:00+00:00
[2024-05-30T06:40:39.984+0000] {processor.py:183} INFO - Processing /home/airflow/.local/lib/python3.12/site-packages/airflow/example_dags/example_branch_labels.py took 0.082 seconds
[2024-05-30T06:41:11.596+0000] {processor.py:161} INFO - Started process (PID=111) to work on /home/airflow/.local/lib/python3.12/site-packages/airflow/example_dags/example_branch_labels.py
[2024-05-30T06:41:11.598+0000] {processor.py:830} INFO - Processing file /home/airflow/.local/lib/python3.12/site-packages/airflow/example_dags/example_branch_labels.py for tasks to queue
[2024-05-30T06:41:11.600+0000] {logging_mixin.py:188} INFO - [2024-05-30T06:41:11.600+0000] {dagbag.py:545} INFO - Filling up the DagBag from /home/airflow/.local/lib/python3.12/site-packages/airflow/example_dags/example_branch_labels.py
[2024-05-30T06:41:11.610+0000] {processor.py:840} INFO - DAG(s) 'example_branch_labels' retrieved from /home/airflow/.local/lib/python3.12/site-packages/airflow/example_dags/example_branch_labels.py
[2024-05-30T06:41:11.811+0000] {logging_mixin.py:188} INFO - [2024-05-30T06:41:11.810+0000] {dag.py:3096} INFO - Sync 1 DAGs
[2024-05-30T06:41:11.844+0000] {logging_mixin.py:188} INFO - [2024-05-30T06:41:11.843+0000] {dag.py:3954} INFO - Setting next_dagrun for example_branch_labels to 2024-05-29 00:00:00+00:00, run_after=2024-05-30 00:00:00+00:00
[2024-05-30T06:41:11.873+0000] {processor.py:183} INFO - Processing /home/airflow/.local/lib/python3.12/site-packages/airflow/example_dags/example_branch_labels.py took 0.285 seconds
[2024-05-30T06:41:42.381+0000] {processor.py:161} INFO - Started process (PID=169) to work on /home/airflow/.local/lib/python3.12/site-packages/airflow/example_dags/example_branch_labels.py
[2024-05-30T06:41:42.382+0000] {processor.py:830} INFO - Processing file /home/airflow/.local/lib/python3.12/site-packages/airflow/example_dags/example_branch_labels.py for tasks to queue
[2024-05-30T06:41:42.383+0000] {logging_mixin.py:188} INFO - [2024-05-30T06:41:42.383+0000] {dagbag.py:545} INFO - Filling up the DagBag from /home/airflow/.local/lib/python3.12/site-packages/airflow/example_dags/example_branch_labels.py
[2024-05-30T06:41:42.390+0000] {processor.py:840} INFO - DAG(s) 'example_branch_labels' retrieved from /home/airflow/.local/lib/python3.12/site-packages/airflow/example_dags/example_branch_labels.py
[2024-05-30T06:41:42.409+0000] {logging_mixin.py:188} INFO - [2024-05-30T06:41:42.409+0000] {dag.py:3096} INFO - Sync 1 DAGs
[2024-05-30T06:41:42.430+0000] {logging_mixin.py:188} INFO - [2024-05-30T06:41:42.430+0000] {dag.py:3954} INFO - Setting next_dagrun for example_branch_labels to 2024-05-29 00:00:00+00:00, run_after=2024-05-30 00:00:00+00:00
[2024-05-30T06:41:42.446+0000] {processor.py:183} INFO - Processing /home/airflow/.local/lib/python3.12/site-packages/airflow/example_dags/example_branch_labels.py took 0.070 seconds
[2024-05-30T06:42:13.085+0000] {processor.py:161} INFO - Started process (PID=227) to work on /home/airflow/.local/lib/python3.12/site-packages/airflow/example_dags/example_branch_labels.py
[2024-05-30T06:42:13.086+0000] {processor.py:830} INFO - Processing file /home/airflow/.local/lib/python3.12/site-packages/airflow/example_dags/example_branch_labels.py for tasks to queue
[2024-05-30T06:42:13.087+0000] {logging_mixin.py:188} INFO - [2024-05-30T06:42:13.087+0000] {dagbag.py:545} INFO - Filling up the DagBag from /home/airflow/.local/lib/python3.12/site-packages/airflow/example_dags/example_branch_labels.py
[2024-05-30T06:42:13.094+0000] {processor.py:840} INFO - DAG(s) 'example_branch_labels' retrieved from /home/airflow/.local/lib/python3.12/site-packages/airflow/example_dags/example_branch_labels.py
[2024-05-30T06:42:13.112+0000] {logging_mixin.py:188} INFO - [2024-05-30T06:42:13.112+0000] {dag.py:3096} INFO - Sync 1 DAGs
[2024-05-30T06:42:13.134+0000] {logging_mixin.py:188} INFO - [2024-05-30T06:42:13.133+0000] {dag.py:3954} INFO - Setting next_dagrun for example_branch_labels to 2024-05-29 00:00:00+00:00, run_after=2024-05-30 00:00:00+00:00
[2024-05-30T06:42:13.150+0000] {processor.py:183} INFO - Processing /home/airflow/.local/lib/python3.12/site-packages/airflow/example_dags/example_branch_labels.py took 0.070 seconds
[2024-05-30T06:42:43.323+0000] {processor.py:161} INFO - Started process (PID=285) to work on /home/airflow/.local/lib/python3.12/site-packages/airflow/example_dags/example_branch_labels.py
[2024-05-30T06:42:43.324+0000] {processor.py:830} INFO - Processing file /home/airflow/.local/lib/python3.12/site-packages/airflow/example_dags/example_branch_labels.py for tasks to queue
[2024-05-30T06:42:43.327+0000] {logging_mixin.py:188} INFO - [2024-05-30T06:42:43.326+0000] {dagbag.py:545} INFO - Filling up the DagBag from /home/airflow/.local/lib/python3.12/site-packages/airflow/example_dags/example_branch_labels.py
[2024-05-30T06:42:43.336+0000] {processor.py:840} INFO - DAG(s) 'example_branch_labels' retrieved from /home/airflow/.local/lib/python3.12/site-packages/airflow/example_dags/example_branch_labels.py
[2024-05-30T06:42:43.360+0000] {logging_mixin.py:188} INFO - [2024-05-30T06:42:43.360+0000] {dag.py:3096} INFO - Sync 1 DAGs
[2024-05-30T06:42:43.387+0000] {logging_mixin.py:188} INFO - [2024-05-30T06:42:43.386+0000] {dag.py:3954} INFO - Setting next_dagrun for example_branch_labels to 2024-05-29 00:00:00+00:00, run_after=2024-05-30 00:00:00+00:00
[2024-05-30T06:42:43.408+0000] {processor.py:183} INFO - Processing /home/airflow/.local/lib/python3.12/site-packages/airflow/example_dags/example_branch_labels.py took 0.094 seconds
[2024-05-30T06:43:13.463+0000] {processor.py:161} INFO - Started process (PID=343) to work on /home/airflow/.local/lib/python3.12/site-packages/airflow/example_dags/example_branch_labels.py
[2024-05-30T06:43:13.464+0000] {processor.py:830} INFO - Processing file /home/airflow/.local/lib/python3.12/site-packages/airflow/example_dags/example_branch_labels.py for tasks to queue
[2024-05-30T06:43:13.466+0000] {logging_mixin.py:188} INFO - [2024-05-30T06:43:13.466+0000] {dagbag.py:545} INFO - Filling up the DagBag from /home/airflow/.local/lib/python3.12/site-packages/airflow/example_dags/example_branch_labels.py
[2024-05-30T06:43:13.473+0000] {processor.py:840} INFO - DAG(s) 'example_branch_labels' retrieved from /home/airflow/.local/lib/python3.12/site-packages/airflow/example_dags/example_branch_labels.py
[2024-05-30T06:43:13.493+0000] {logging_mixin.py:188} INFO - [2024-05-30T06:43:13.492+0000] {dag.py:3096} INFO - Sync 1 DAGs
[2024-05-30T06:43:13.514+0000] {logging_mixin.py:188} INFO - [2024-05-30T06:43:13.513+0000] {dag.py:3954} INFO - Setting next_dagrun for example_branch_labels to 2024-05-29 00:00:00+00:00, run_after=2024-05-30 00:00:00+00:00
[2024-05-30T06:43:13.531+0000] {processor.py:183} INFO - Processing /home/airflow/.local/lib/python3.12/site-packages/airflow/example_dags/example_branch_labels.py took 0.074 seconds
[2024-05-30T06:43:43.810+0000] {processor.py:161} INFO - Started process (PID=401) to work on /home/airflow/.local/lib/python3.12/site-packages/airflow/example_dags/example_branch_labels.py
[2024-05-30T06:43:43.811+0000] {processor.py:830} INFO - Processing file /home/airflow/.local/lib/python3.12/site-packages/airflow/example_dags/example_branch_labels.py for tasks to queue
[2024-05-30T06:43:43.813+0000] {logging_mixin.py:188} INFO - [2024-05-30T06:43:43.812+0000] {dagbag.py:545} INFO - Filling up the DagBag from /home/airflow/.local/lib/python3.12/site-packages/airflow/example_dags/example_branch_labels.py
[2024-05-30T06:43:43.819+0000] {processor.py:840} INFO - DAG(s) 'example_branch_labels' retrieved from /home/airflow/.local/lib/python3.12/site-packages/airflow/example_dags/example_branch_labels.py
[2024-05-30T06:43:43.838+0000] {logging_mixin.py:188} INFO - [2024-05-30T06:43:43.838+0000] {dag.py:3096} INFO - Sync 1 DAGs
[2024-05-30T06:43:43.860+0000] {logging_mixin.py:188} INFO - [2024-05-30T06:43:43.859+0000] {dag.py:3954} INFO - Setting next_dagrun for example_branch_labels to 2024-05-29 00:00:00+00:00, run_after=2024-05-30 00:00:00+00:00
[2024-05-30T06:43:43.877+0000] {processor.py:183} INFO - Processing /home/airflow/.local/lib/python3.12/site-packages/airflow/example_dags/example_branch_labels.py took 0.071 seconds
[2024-05-30T06:44:14.529+0000] {processor.py:161} INFO - Started process (PID=459) to work on /home/airflow/.local/lib/python3.12/site-packages/airflow/example_dags/example_branch_labels.py
[2024-05-30T06:44:14.530+0000] {processor.py:830} INFO - Processing file /home/airflow/.local/lib/python3.12/site-packages/airflow/example_dags/example_branch_labels.py for tasks to queue
[2024-05-30T06:44:14.531+0000] {logging_mixin.py:188} INFO - [2024-05-30T06:44:14.531+0000] {dagbag.py:545} INFO - Filling up the DagBag from /home/airflow/.local/lib/python3.12/site-packages/airflow/example_dags/example_branch_labels.py
[2024-05-30T06:44:14.538+0000] {processor.py:840} INFO - DAG(s) 'example_branch_labels' retrieved from /home/airflow/.local/lib/python3.12/site-packages/airflow/example_dags/example_branch_labels.py
[2024-05-30T06:44:14.558+0000] {logging_mixin.py:188} INFO - [2024-05-30T06:44:14.558+0000] {dag.py:3096} INFO - Sync 1 DAGs
[2024-05-30T06:44:14.580+0000] {logging_mixin.py:188} INFO - [2024-05-30T06:44:14.580+0000] {dag.py:3954} INFO - Setting next_dagrun for example_branch_labels to 2024-05-29 00:00:00+00:00, run_after=2024-05-30 00:00:00+00:00
[2024-05-30T06:44:14.597+0000] {processor.py:183} INFO - Processing /home/airflow/.local/lib/python3.12/site-packages/airflow/example_dags/example_branch_labels.py took 0.073 seconds
[2024-05-30T06:44:44.652+0000] {processor.py:161} INFO - Started process (PID=517) to work on /home/airflow/.local/lib/python3.12/site-packages/airflow/example_dags/example_branch_labels.py
[2024-05-30T06:44:44.653+0000] {processor.py:830} INFO - Processing file /home/airflow/.local/lib/python3.12/site-packages/airflow/example_dags/example_branch_labels.py for tasks to queue
[2024-05-30T06:44:44.655+0000] {logging_mixin.py:188} INFO - [2024-05-30T06:44:44.655+0000] {dagbag.py:545} INFO - Filling up the DagBag from /home/airflow/.local/lib/python3.12/site-packages/airflow/example_dags/example_branch_labels.py
[2024-05-30T06:44:44.662+0000] {processor.py:840} INFO - DAG(s) 'example_branch_labels' retrieved from /home/airflow/.local/lib/python3.12/site-packages/airflow/example_dags/example_branch_labels.py
[2024-05-30T06:44:44.680+0000] {logging_mixin.py:188} INFO - [2024-05-30T06:44:44.680+0000] {dag.py:3096} INFO - Sync 1 DAGs
[2024-05-30T06:44:44.702+0000] {logging_mixin.py:188} INFO - [2024-05-30T06:44:44.701+0000] {dag.py:3954} INFO - Setting next_dagrun for example_branch_labels to 2024-05-29 00:00:00+00:00, run_after=2024-05-30 00:00:00+00:00
[2024-05-30T06:44:44.719+0000] {processor.py:183} INFO - Processing /home/airflow/.local/lib/python3.12/site-packages/airflow/example_dags/example_branch_labels.py took 0.072 seconds
[2024-05-30T06:45:15.115+0000] {processor.py:161} INFO - Started process (PID=575) to work on /home/airflow/.local/lib/python3.12/site-packages/airflow/example_dags/example_branch_labels.py
[2024-05-30T06:45:15.116+0000] {processor.py:830} INFO - Processing file /home/airflow/.local/lib/python3.12/site-packages/airflow/example_dags/example_branch_labels.py for tasks to queue
[2024-05-30T06:45:15.118+0000] {logging_mixin.py:188} INFO - [2024-05-30T06:45:15.117+0000] {dagbag.py:545} INFO - Filling up the DagBag from /home/airflow/.local/lib/python3.12/site-packages/airflow/example_dags/example_branch_labels.py
[2024-05-30T06:45:15.125+0000] {processor.py:840} INFO - DAG(s) 'example_branch_labels' retrieved from /home/airflow/.local/lib/python3.12/site-packages/airflow/example_dags/example_branch_labels.py
[2024-05-30T06:45:15.148+0000] {logging_mixin.py:188} INFO - [2024-05-30T06:45:15.148+0000] {dag.py:3096} INFO - Sync 1 DAGs
[2024-05-30T06:45:15.171+0000] {logging_mixin.py:188} INFO - [2024-05-30T06:45:15.171+0000] {dag.py:3954} INFO - Setting next_dagrun for example_branch_labels to 2024-05-29 00:00:00+00:00, run_after=2024-05-30 00:00:00+00:00
[2024-05-30T06:45:15.188+0000] {processor.py:183} INFO - Processing /home/airflow/.local/lib/python3.12/site-packages/airflow/example_dags/example_branch_labels.py took 0.079 seconds
[2024-05-30T06:45:45.375+0000] {processor.py:161} INFO - Started process (PID=633) to work on /home/airflow/.local/lib/python3.12/site-packages/airflow/example_dags/example_branch_labels.py
[2024-05-30T06:45:45.376+0000] {processor.py:830} INFO - Processing file /home/airflow/.local/lib/python3.12/site-packages/airflow/example_dags/example_branch_labels.py for tasks to queue
[2024-05-30T06:45:45.378+0000] {logging_mixin.py:188} INFO - [2024-05-30T06:45:45.377+0000] {dagbag.py:545} INFO - Filling up the DagBag from /home/airflow/.local/lib/python3.12/site-packages/airflow/example_dags/example_branch_labels.py
[2024-05-30T06:45:45.386+0000] {processor.py:840} INFO - DAG(s) 'example_branch_labels' retrieved from /home/airflow/.local/lib/python3.12/site-packages/airflow/example_dags/example_branch_labels.py
[2024-05-30T06:45:45.408+0000] {logging_mixin.py:188} INFO - [2024-05-30T06:45:45.408+0000] {dag.py:3096} INFO - Sync 1 DAGs
[2024-05-30T06:45:45.432+0000] {logging_mixin.py:188} INFO - [2024-05-30T06:45:45.432+0000] {dag.py:3954} INFO - Setting next_dagrun for example_branch_labels to 2024-05-29 00:00:00+00:00, run_after=2024-05-30 00:00:00+00:00
[2024-05-30T06:45:45.452+0000] {processor.py:183} INFO - Processing /home/airflow/.local/lib/python3.12/site-packages/airflow/example_dags/example_branch_labels.py took 0.083 seconds
[2024-05-30T06:46:15.535+0000] {processor.py:161} INFO - Started process (PID=691) to work on /home/airflow/.local/lib/python3.12/site-packages/airflow/example_dags/example_branch_labels.py
[2024-05-30T06:46:15.536+0000] {processor.py:830} INFO - Processing file /home/airflow/.local/lib/python3.12/site-packages/airflow/example_dags/example_branch_labels.py for tasks to queue
[2024-05-30T06:46:15.538+0000] {logging_mixin.py:188} INFO - [2024-05-30T06:46:15.538+0000] {dagbag.py:545} INFO - Filling up the DagBag from /home/airflow/.local/lib/python3.12/site-packages/airflow/example_dags/example_branch_labels.py
[2024-05-30T06:46:15.547+0000] {processor.py:840} INFO - DAG(s) 'example_branch_labels' retrieved from /home/airflow/.local/lib/python3.12/site-packages/airflow/example_dags/example_branch_labels.py
[2024-05-30T06:46:15.568+0000] {logging_mixin.py:188} INFO - [2024-05-30T06:46:15.568+0000] {dag.py:3096} INFO - Sync 1 DAGs
[2024-05-30T06:46:15.594+0000] {logging_mixin.py:188} INFO - [2024-05-30T06:46:15.594+0000] {dag.py:3954} INFO - Setting next_dagrun for example_branch_labels to 2024-05-29 00:00:00+00:00, run_after=2024-05-30 00:00:00+00:00
[2024-05-30T06:46:15.617+0000] {processor.py:183} INFO - Processing /home/airflow/.local/lib/python3.12/site-packages/airflow/example_dags/example_branch_labels.py took 0.088 seconds
[2024-05-30T06:46:46.094+0000] {processor.py:161} INFO - Started process (PID=749) to work on /home/airflow/.local/lib/python3.12/site-packages/airflow/example_dags/example_branch_labels.py
[2024-05-30T06:46:46.095+0000] {processor.py:830} INFO - Processing file /home/airflow/.local/lib/python3.12/site-packages/airflow/example_dags/example_branch_labels.py for tasks to queue
[2024-05-30T06:46:46.097+0000] {logging_mixin.py:188} INFO - [2024-05-30T06:46:46.097+0000] {dagbag.py:545} INFO - Filling up the DagBag from /home/airflow/.local/lib/python3.12/site-packages/airflow/example_dags/example_branch_labels.py
[2024-05-30T06:46:46.104+0000] {processor.py:840} INFO - DAG(s) 'example_branch_labels' retrieved from /home/airflow/.local/lib/python3.12/site-packages/airflow/example_dags/example_branch_labels.py
[2024-05-30T06:46:46.123+0000] {logging_mixin.py:188} INFO - [2024-05-30T06:46:46.123+0000] {dag.py:3096} INFO - Sync 1 DAGs
[2024-05-30T06:46:46.146+0000] {logging_mixin.py:188} INFO - [2024-05-30T06:46:46.146+0000] {dag.py:3954} INFO - Setting next_dagrun for example_branch_labels to 2024-05-29 00:00:00+00:00, run_after=2024-05-30 00:00:00+00:00
[2024-05-30T06:46:46.165+0000] {processor.py:183} INFO - Processing /home/airflow/.local/lib/python3.12/site-packages/airflow/example_dags/example_branch_labels.py took 0.076 seconds
[2024-05-30T06:47:16.895+0000] {processor.py:161} INFO - Started process (PID=807) to work on /home/airflow/.local/lib/python3.12/site-packages/airflow/example_dags/example_branch_labels.py
[2024-05-30T06:47:16.895+0000] {processor.py:830} INFO - Processing file /home/airflow/.local/lib/python3.12/site-packages/airflow/example_dags/example_branch_labels.py for tasks to queue
[2024-05-30T06:47:16.897+0000] {logging_mixin.py:188} INFO - [2024-05-30T06:47:16.897+0000] {dagbag.py:545} INFO - Filling up the DagBag from /home/airflow/.local/lib/python3.12/site-packages/airflow/example_dags/example_branch_labels.py
[2024-05-30T06:47:16.904+0000] {processor.py:840} INFO - DAG(s) 'example_branch_labels' retrieved from /home/airflow/.local/lib/python3.12/site-packages/airflow/example_dags/example_branch_labels.py
[2024-05-30T06:47:16.922+0000] {logging_mixin.py:188} INFO - [2024-05-30T06:47:16.921+0000] {dag.py:3096} INFO - Sync 1 DAGs
[2024-05-30T06:47:16.943+0000] {logging_mixin.py:188} INFO - [2024-05-30T06:47:16.943+0000] {dag.py:3954} INFO - Setting next_dagrun for example_branch_labels to 2024-05-29 00:00:00+00:00, run_after=2024-05-30 00:00:00+00:00
[2024-05-30T06:47:16.960+0000] {processor.py:183} INFO - Processing /home/airflow/.local/lib/python3.12/site-packages/airflow/example_dags/example_branch_labels.py took 0.071 seconds
[2024-05-30T06:47:47.168+0000] {processor.py:161} INFO - Started process (PID=865) to work on /home/airflow/.local/lib/python3.12/site-packages/airflow/example_dags/example_branch_labels.py
[2024-05-30T06:47:47.169+0000] {processor.py:830} INFO - Processing file /home/airflow/.local/lib/python3.12/site-packages/airflow/example_dags/example_branch_labels.py for tasks to queue
[2024-05-30T06:47:47.171+0000] {logging_mixin.py:188} INFO - [2024-05-30T06:47:47.171+0000] {dagbag.py:545} INFO - Filling up the DagBag from /home/airflow/.local/lib/python3.12/site-packages/airflow/example_dags/example_branch_labels.py
[2024-05-30T06:47:47.178+0000] {processor.py:840} INFO - DAG(s) 'example_branch_labels' retrieved from /home/airflow/.local/lib/python3.12/site-packages/airflow/example_dags/example_branch_labels.py
[2024-05-30T06:47:47.196+0000] {logging_mixin.py:188} INFO - [2024-05-30T06:47:47.196+0000] {dag.py:3096} INFO - Sync 1 DAGs
[2024-05-30T06:47:47.223+0000] {logging_mixin.py:188} INFO - [2024-05-30T06:47:47.223+0000] {dag.py:3954} INFO - Setting next_dagrun for example_branch_labels to 2024-05-29 00:00:00+00:00, run_after=2024-05-30 00:00:00+00:00
[2024-05-30T06:47:47.241+0000] {processor.py:183} INFO - Processing /home/airflow/.local/lib/python3.12/site-packages/airflow/example_dags/example_branch_labels.py took 0.078 seconds
[2024-05-30T06:48:17.284+0000] {processor.py:161} INFO - Started process (PID=923) to work on /home/airflow/.local/lib/python3.12/site-packages/airflow/example_dags/example_branch_labels.py
[2024-05-30T06:48:17.284+0000] {processor.py:830} INFO - Processing file /home/airflow/.local/lib/python3.12/site-packages/airflow/example_dags/example_branch_labels.py for tasks to queue
[2024-05-30T06:48:17.286+0000] {logging_mixin.py:188} INFO - [2024-05-30T06:48:17.286+0000] {dagbag.py:545} INFO - Filling up the DagBag from /home/airflow/.local/lib/python3.12/site-packages/airflow/example_dags/example_branch_labels.py
[2024-05-30T06:48:17.293+0000] {processor.py:840} INFO - DAG(s) 'example_branch_labels' retrieved from /home/airflow/.local/lib/python3.12/site-packages/airflow/example_dags/example_branch_labels.py
[2024-05-30T06:48:17.311+0000] {logging_mixin.py:188} INFO - [2024-05-30T06:48:17.311+0000] {dag.py:3096} INFO - Sync 1 DAGs
[2024-05-30T06:48:17.332+0000] {logging_mixin.py:188} INFO - [2024-05-30T06:48:17.332+0000] {dag.py:3954} INFO - Setting next_dagrun for example_branch_labels to 2024-05-29 00:00:00+00:00, run_after=2024-05-30 00:00:00+00:00
[2024-05-30T06:48:17.349+0000] {processor.py:183} INFO - Processing /home/airflow/.local/lib/python3.12/site-packages/airflow/example_dags/example_branch_labels.py took 0.070 seconds
[2024-05-30T06:48:47.516+0000] {processor.py:161} INFO - Started process (PID=981) to work on /home/airflow/.local/lib/python3.12/site-packages/airflow/example_dags/example_branch_labels.py
[2024-05-30T06:48:47.517+0000] {processor.py:830} INFO - Processing file /home/airflow/.local/lib/python3.12/site-packages/airflow/example_dags/example_branch_labels.py for tasks to queue
[2024-05-30T06:48:47.518+0000] {logging_mixin.py:188} INFO - [2024-05-30T06:48:47.518+0000] {dagbag.py:545} INFO - Filling up the DagBag from /home/airflow/.local/lib/python3.12/site-packages/airflow/example_dags/example_branch_labels.py
[2024-05-30T06:48:47.525+0000] {processor.py:840} INFO - DAG(s) 'example_branch_labels' retrieved from /home/airflow/.local/lib/python3.12/site-packages/airflow/example_dags/example_branch_labels.py
[2024-05-30T06:48:47.544+0000] {logging_mixin.py:188} INFO - [2024-05-30T06:48:47.544+0000] {dag.py:3096} INFO - Sync 1 DAGs
[2024-05-30T06:48:47.567+0000] {logging_mixin.py:188} INFO - [2024-05-30T06:48:47.567+0000] {dag.py:3954} INFO - Setting next_dagrun for example_branch_labels to 2024-05-29 00:00:00+00:00, run_after=2024-05-30 00:00:00+00:00
[2024-05-30T06:48:47.584+0000] {processor.py:183} INFO - Processing /home/airflow/.local/lib/python3.12/site-packages/airflow/example_dags/example_branch_labels.py took 0.073 seconds
[2024-05-30T06:49:18.086+0000] {processor.py:161} INFO - Started process (PID=1045) to work on /home/airflow/.local/lib/python3.12/site-packages/airflow/example_dags/example_branch_labels.py
[2024-05-30T06:49:18.087+0000] {processor.py:830} INFO - Processing file /home/airflow/.local/lib/python3.12/site-packages/airflow/example_dags/example_branch_labels.py for tasks to queue
[2024-05-30T06:49:18.089+0000] {logging_mixin.py:188} INFO - [2024-05-30T06:49:18.089+0000] {dagbag.py:545} INFO - Filling up the DagBag from /home/airflow/.local/lib/python3.12/site-packages/airflow/example_dags/example_branch_labels.py
[2024-05-30T06:49:18.096+0000] {processor.py:840} INFO - DAG(s) 'example_branch_labels' retrieved from /home/airflow/.local/lib/python3.12/site-packages/airflow/example_dags/example_branch_labels.py
[2024-05-30T06:49:18.117+0000] {logging_mixin.py:188} INFO - [2024-05-30T06:49:18.117+0000] {dag.py:3096} INFO - Sync 1 DAGs
[2024-05-30T06:49:18.142+0000] {logging_mixin.py:188} INFO - [2024-05-30T06:49:18.141+0000] {dag.py:3954} INFO - Setting next_dagrun for example_branch_labels to 2024-05-29 00:00:00+00:00, run_after=2024-05-30 00:00:00+00:00
[2024-05-30T06:49:18.161+0000] {processor.py:183} INFO - Processing /home/airflow/.local/lib/python3.12/site-packages/airflow/example_dags/example_branch_labels.py took 0.080 seconds
[2024-05-30T06:49:49.059+0000] {processor.py:161} INFO - Started process (PID=1103) to work on /home/airflow/.local/lib/python3.12/site-packages/airflow/example_dags/example_branch_labels.py
[2024-05-30T06:49:49.060+0000] {processor.py:830} INFO - Processing file /home/airflow/.local/lib/python3.12/site-packages/airflow/example_dags/example_branch_labels.py for tasks to queue
[2024-05-30T06:49:49.062+0000] {logging_mixin.py:188} INFO - [2024-05-30T06:49:49.062+0000] {dagbag.py:545} INFO - Filling up the DagBag from /home/airflow/.local/lib/python3.12/site-packages/airflow/example_dags/example_branch_labels.py
[2024-05-30T06:49:49.069+0000] {processor.py:840} INFO - DAG(s) 'example_branch_labels' retrieved from /home/airflow/.local/lib/python3.12/site-packages/airflow/example_dags/example_branch_labels.py
[2024-05-30T06:49:49.090+0000] {logging_mixin.py:188} INFO - [2024-05-30T06:49:49.090+0000] {dag.py:3096} INFO - Sync 1 DAGs
[2024-05-30T06:49:49.111+0000] {logging_mixin.py:188} INFO - [2024-05-30T06:49:49.111+0000] {dag.py:3954} INFO - Setting next_dagrun for example_branch_labels to 2024-05-29 00:00:00+00:00, run_after=2024-05-30 00:00:00+00:00
[2024-05-30T06:49:49.129+0000] {processor.py:183} INFO - Processing /home/airflow/.local/lib/python3.12/site-packages/airflow/example_dags/example_branch_labels.py took 0.075 seconds
[2024-05-30T06:50:19.734+0000] {processor.py:161} INFO - Started process (PID=1161) to work on /home/airflow/.local/lib/python3.12/site-packages/airflow/example_dags/example_branch_labels.py
[2024-05-30T06:50:19.735+0000] {processor.py:830} INFO - Processing file /home/airflow/.local/lib/python3.12/site-packages/airflow/example_dags/example_branch_labels.py for tasks to queue
[2024-05-30T06:50:19.736+0000] {logging_mixin.py:188} INFO - [2024-05-30T06:50:19.736+0000] {dagbag.py:545} INFO - Filling up the DagBag from /home/airflow/.local/lib/python3.12/site-packages/airflow/example_dags/example_branch_labels.py
[2024-05-30T06:50:19.743+0000] {processor.py:840} INFO - DAG(s) 'example_branch_labels' retrieved from /home/airflow/.local/lib/python3.12/site-packages/airflow/example_dags/example_branch_labels.py
[2024-05-30T06:50:19.765+0000] {logging_mixin.py:188} INFO - [2024-05-30T06:50:19.765+0000] {dag.py:3096} INFO - Sync 1 DAGs
[2024-05-30T06:50:19.794+0000] {logging_mixin.py:188} INFO - [2024-05-30T06:50:19.793+0000] {dag.py:3954} INFO - Setting next_dagrun for example_branch_labels to 2024-05-29 00:00:00+00:00, run_after=2024-05-30 00:00:00+00:00
[2024-05-30T06:50:19.816+0000] {processor.py:183} INFO - Processing /home/airflow/.local/lib/python3.12/site-packages/airflow/example_dags/example_branch_labels.py took 0.088 seconds
[2024-05-30T06:50:50.460+0000] {processor.py:161} INFO - Started process (PID=1219) to work on /home/airflow/.local/lib/python3.12/site-packages/airflow/example_dags/example_branch_labels.py
[2024-05-30T06:50:50.461+0000] {processor.py:830} INFO - Processing file /home/airflow/.local/lib/python3.12/site-packages/airflow/example_dags/example_branch_labels.py for tasks to queue
[2024-05-30T06:50:50.463+0000] {logging_mixin.py:188} INFO - [2024-05-30T06:50:50.462+0000] {dagbag.py:545} INFO - Filling up the DagBag from /home/airflow/.local/lib/python3.12/site-packages/airflow/example_dags/example_branch_labels.py
[2024-05-30T06:50:50.469+0000] {processor.py:840} INFO - DAG(s) 'example_branch_labels' retrieved from /home/airflow/.local/lib/python3.12/site-packages/airflow/example_dags/example_branch_labels.py
[2024-05-30T06:50:50.488+0000] {logging_mixin.py:188} INFO - [2024-05-30T06:50:50.488+0000] {dag.py:3096} INFO - Sync 1 DAGs
[2024-05-30T06:50:50.510+0000] {logging_mixin.py:188} INFO - [2024-05-30T06:50:50.509+0000] {dag.py:3954} INFO - Setting next_dagrun for example_branch_labels to 2024-05-29 00:00:00+00:00, run_after=2024-05-30 00:00:00+00:00
[2024-05-30T06:50:50.527+0000] {processor.py:183} INFO - Processing /home/airflow/.local/lib/python3.12/site-packages/airflow/example_dags/example_branch_labels.py took 0.072 seconds
[2024-05-30T06:51:21.277+0000] {processor.py:161} INFO - Started process (PID=1277) to work on /home/airflow/.local/lib/python3.12/site-packages/airflow/example_dags/example_branch_labels.py
[2024-05-30T06:51:21.277+0000] {processor.py:830} INFO - Processing file /home/airflow/.local/lib/python3.12/site-packages/airflow/example_dags/example_branch_labels.py for tasks to queue
[2024-05-30T06:51:21.279+0000] {logging_mixin.py:188} INFO - [2024-05-30T06:51:21.279+0000] {dagbag.py:545} INFO - Filling up the DagBag from /home/airflow/.local/lib/python3.12/site-packages/airflow/example_dags/example_branch_labels.py
[2024-05-30T06:51:21.286+0000] {processor.py:840} INFO - DAG(s) 'example_branch_labels' retrieved from /home/airflow/.local/lib/python3.12/site-packages/airflow/example_dags/example_branch_labels.py
[2024-05-30T06:51:21.304+0000] {logging_mixin.py:188} INFO - [2024-05-30T06:51:21.304+0000] {dag.py:3096} INFO - Sync 1 DAGs
[2024-05-30T06:51:21.326+0000] {logging_mixin.py:188} INFO - [2024-05-30T06:51:21.325+0000] {dag.py:3954} INFO - Setting next_dagrun for example_branch_labels to 2024-05-29 00:00:00+00:00, run_after=2024-05-30 00:00:00+00:00
[2024-05-30T06:51:21.393+0000] {processor.py:183} INFO - Processing /home/airflow/.local/lib/python3.12/site-packages/airflow/example_dags/example_branch_labels.py took 0.121 seconds
[2024-05-30T06:51:52.376+0000] {processor.py:161} INFO - Started process (PID=1335) to work on /home/airflow/.local/lib/python3.12/site-packages/airflow/example_dags/example_branch_labels.py
[2024-05-30T06:51:52.377+0000] {processor.py:830} INFO - Processing file /home/airflow/.local/lib/python3.12/site-packages/airflow/example_dags/example_branch_labels.py for tasks to queue
[2024-05-30T06:51:52.379+0000] {logging_mixin.py:188} INFO - [2024-05-30T06:51:52.379+0000] {dagbag.py:545} INFO - Filling up the DagBag from /home/airflow/.local/lib/python3.12/site-packages/airflow/example_dags/example_branch_labels.py
[2024-05-30T06:51:52.386+0000] {processor.py:840} INFO - DAG(s) 'example_branch_labels' retrieved from /home/airflow/.local/lib/python3.12/site-packages/airflow/example_dags/example_branch_labels.py
[2024-05-30T06:51:52.406+0000] {logging_mixin.py:188} INFO - [2024-05-30T06:51:52.406+0000] {dag.py:3096} INFO - Sync 1 DAGs
[2024-05-30T06:51:52.525+0000] {logging_mixin.py:188} INFO - [2024-05-30T06:51:52.525+0000] {dag.py:3954} INFO - Setting next_dagrun for example_branch_labels to 2024-05-29 00:00:00+00:00, run_after=2024-05-30 00:00:00+00:00
[2024-05-30T06:51:52.542+0000] {processor.py:183} INFO - Processing /home/airflow/.local/lib/python3.12/site-packages/airflow/example_dags/example_branch_labels.py took 0.171 seconds
[2024-05-30T06:52:22.945+0000] {processor.py:161} INFO - Started process (PID=1393) to work on /home/airflow/.local/lib/python3.12/site-packages/airflow/example_dags/example_branch_labels.py
[2024-05-30T06:52:22.946+0000] {processor.py:830} INFO - Processing file /home/airflow/.local/lib/python3.12/site-packages/airflow/example_dags/example_branch_labels.py for tasks to queue
[2024-05-30T06:52:22.948+0000] {logging_mixin.py:188} INFO - [2024-05-30T06:52:22.948+0000] {dagbag.py:545} INFO - Filling up the DagBag from /home/airflow/.local/lib/python3.12/site-packages/airflow/example_dags/example_branch_labels.py
[2024-05-30T06:52:22.955+0000] {processor.py:840} INFO - DAG(s) 'example_branch_labels' retrieved from /home/airflow/.local/lib/python3.12/site-packages/airflow/example_dags/example_branch_labels.py
[2024-05-30T06:52:22.973+0000] {logging_mixin.py:188} INFO - [2024-05-30T06:52:22.973+0000] {dag.py:3096} INFO - Sync 1 DAGs
[2024-05-30T06:52:22.995+0000] {logging_mixin.py:188} INFO - [2024-05-30T06:52:22.995+0000] {dag.py:3954} INFO - Setting next_dagrun for example_branch_labels to 2024-05-29 00:00:00+00:00, run_after=2024-05-30 00:00:00+00:00
[2024-05-30T06:52:23.111+0000] {processor.py:183} INFO - Processing /home/airflow/.local/lib/python3.12/site-packages/airflow/example_dags/example_branch_labels.py took 0.171 seconds
[2024-05-30T06:52:53.354+0000] {processor.py:161} INFO - Started process (PID=1451) to work on /home/airflow/.local/lib/python3.12/site-packages/airflow/example_dags/example_branch_labels.py
[2024-05-30T06:52:53.355+0000] {processor.py:830} INFO - Processing file /home/airflow/.local/lib/python3.12/site-packages/airflow/example_dags/example_branch_labels.py for tasks to queue
[2024-05-30T06:52:53.356+0000] {logging_mixin.py:188} INFO - [2024-05-30T06:52:53.356+0000] {dagbag.py:545} INFO - Filling up the DagBag from /home/airflow/.local/lib/python3.12/site-packages/airflow/example_dags/example_branch_labels.py
[2024-05-30T06:52:53.365+0000] {processor.py:840} INFO - DAG(s) 'example_branch_labels' retrieved from /home/airflow/.local/lib/python3.12/site-packages/airflow/example_dags/example_branch_labels.py
[2024-05-30T06:52:53.387+0000] {logging_mixin.py:188} INFO - [2024-05-30T06:52:53.387+0000] {dag.py:3096} INFO - Sync 1 DAGs
[2024-05-30T06:52:53.412+0000] {logging_mixin.py:188} INFO - [2024-05-30T06:52:53.412+0000] {dag.py:3954} INFO - Setting next_dagrun for example_branch_labels to 2024-05-29 00:00:00+00:00, run_after=2024-05-30 00:00:00+00:00
[2024-05-30T06:52:53.549+0000] {processor.py:183} INFO - Processing /home/airflow/.local/lib/python3.12/site-packages/airflow/example_dags/example_branch_labels.py took 0.201 seconds
[2024-05-30T06:53:23.739+0000] {processor.py:161} INFO - Started process (PID=1509) to work on /home/airflow/.local/lib/python3.12/site-packages/airflow/example_dags/example_branch_labels.py
[2024-05-30T06:53:23.740+0000] {processor.py:830} INFO - Processing file /home/airflow/.local/lib/python3.12/site-packages/airflow/example_dags/example_branch_labels.py for tasks to queue
[2024-05-30T06:53:23.742+0000] {logging_mixin.py:188} INFO - [2024-05-30T06:53:23.742+0000] {dagbag.py:545} INFO - Filling up the DagBag from /home/airflow/.local/lib/python3.12/site-packages/airflow/example_dags/example_branch_labels.py
[2024-05-30T06:53:23.754+0000] {processor.py:840} INFO - DAG(s) 'example_branch_labels' retrieved from /home/airflow/.local/lib/python3.12/site-packages/airflow/example_dags/example_branch_labels.py
[2024-05-30T06:53:23.783+0000] {logging_mixin.py:188} INFO - [2024-05-30T06:53:23.783+0000] {dag.py:3096} INFO - Sync 1 DAGs
[2024-05-30T06:53:23.806+0000] {logging_mixin.py:188} INFO - [2024-05-30T06:53:23.806+0000] {dag.py:3954} INFO - Setting next_dagrun for example_branch_labels to 2024-05-29 00:00:00+00:00, run_after=2024-05-30 00:00:00+00:00
[2024-05-30T06:53:23.823+0000] {processor.py:183} INFO - Processing /home/airflow/.local/lib/python3.12/site-packages/airflow/example_dags/example_branch_labels.py took 0.089 seconds
[2024-05-30T06:53:54.337+0000] {processor.py:161} INFO - Started process (PID=1567) to work on /home/airflow/.local/lib/python3.12/site-packages/airflow/example_dags/example_branch_labels.py
[2024-05-30T06:53:54.338+0000] {processor.py:830} INFO - Processing file /home/airflow/.local/lib/python3.12/site-packages/airflow/example_dags/example_branch_labels.py for tasks to queue
[2024-05-30T06:53:54.340+0000] {logging_mixin.py:188} INFO - [2024-05-30T06:53:54.339+0000] {dagbag.py:545} INFO - Filling up the DagBag from /home/airflow/.local/lib/python3.12/site-packages/airflow/example_dags/example_branch_labels.py
[2024-05-30T06:53:54.346+0000] {processor.py:840} INFO - DAG(s) 'example_branch_labels' retrieved from /home/airflow/.local/lib/python3.12/site-packages/airflow/example_dags/example_branch_labels.py
[2024-05-30T06:53:54.366+0000] {logging_mixin.py:188} INFO - [2024-05-30T06:53:54.366+0000] {dag.py:3096} INFO - Sync 1 DAGs
[2024-05-30T06:53:54.387+0000] {logging_mixin.py:188} INFO - [2024-05-30T06:53:54.387+0000] {dag.py:3954} INFO - Setting next_dagrun for example_branch_labels to 2024-05-29 00:00:00+00:00, run_after=2024-05-30 00:00:00+00:00
[2024-05-30T06:53:54.404+0000] {processor.py:183} INFO - Processing /home/airflow/.local/lib/python3.12/site-packages/airflow/example_dags/example_branch_labels.py took 0.072 seconds
[2024-05-30T06:54:25.134+0000] {processor.py:161} INFO - Started process (PID=1625) to work on /home/airflow/.local/lib/python3.12/site-packages/airflow/example_dags/example_branch_labels.py
[2024-05-30T06:54:25.140+0000] {processor.py:830} INFO - Processing file /home/airflow/.local/lib/python3.12/site-packages/airflow/example_dags/example_branch_labels.py for tasks to queue
[2024-05-30T06:54:25.143+0000] {logging_mixin.py:188} INFO - [2024-05-30T06:54:25.142+0000] {dagbag.py:545} INFO - Filling up the DagBag from /home/airflow/.local/lib/python3.12/site-packages/airflow/example_dags/example_branch_labels.py
[2024-05-30T06:54:25.154+0000] {processor.py:840} INFO - DAG(s) 'example_branch_labels' retrieved from /home/airflow/.local/lib/python3.12/site-packages/airflow/example_dags/example_branch_labels.py
[2024-05-30T06:54:25.189+0000] {logging_mixin.py:188} INFO - [2024-05-30T06:54:25.188+0000] {dag.py:3096} INFO - Sync 1 DAGs
[2024-05-30T06:54:25.227+0000] {logging_mixin.py:188} INFO - [2024-05-30T06:54:25.226+0000] {dag.py:3954} INFO - Setting next_dagrun for example_branch_labels to 2024-05-29 00:00:00+00:00, run_after=2024-05-30 00:00:00+00:00
[2024-05-30T06:54:25.254+0000] {processor.py:183} INFO - Processing /home/airflow/.local/lib/python3.12/site-packages/airflow/example_dags/example_branch_labels.py took 0.130 seconds
[2024-05-30T06:54:55.618+0000] {processor.py:161} INFO - Started process (PID=1683) to work on /home/airflow/.local/lib/python3.12/site-packages/airflow/example_dags/example_branch_labels.py
[2024-05-30T06:54:55.619+0000] {processor.py:830} INFO - Processing file /home/airflow/.local/lib/python3.12/site-packages/airflow/example_dags/example_branch_labels.py for tasks to queue
[2024-05-30T06:54:55.621+0000] {logging_mixin.py:188} INFO - [2024-05-30T06:54:55.621+0000] {dagbag.py:545} INFO - Filling up the DagBag from /home/airflow/.local/lib/python3.12/site-packages/airflow/example_dags/example_branch_labels.py
[2024-05-30T06:54:55.629+0000] {processor.py:840} INFO - DAG(s) 'example_branch_labels' retrieved from /home/airflow/.local/lib/python3.12/site-packages/airflow/example_dags/example_branch_labels.py
[2024-05-30T06:54:55.649+0000] {logging_mixin.py:188} INFO - [2024-05-30T06:54:55.649+0000] {dag.py:3096} INFO - Sync 1 DAGs
[2024-05-30T06:54:55.675+0000] {logging_mixin.py:188} INFO - [2024-05-30T06:54:55.675+0000] {dag.py:3954} INFO - Setting next_dagrun for example_branch_labels to 2024-05-29 00:00:00+00:00, run_after=2024-05-30 00:00:00+00:00
[2024-05-30T06:54:55.701+0000] {processor.py:183} INFO - Processing /home/airflow/.local/lib/python3.12/site-packages/airflow/example_dags/example_branch_labels.py took 0.090 seconds
[2024-05-30T06:55:25.788+0000] {processor.py:161} INFO - Started process (PID=1741) to work on /home/airflow/.local/lib/python3.12/site-packages/airflow/example_dags/example_branch_labels.py
[2024-05-30T06:55:25.789+0000] {processor.py:830} INFO - Processing file /home/airflow/.local/lib/python3.12/site-packages/airflow/example_dags/example_branch_labels.py for tasks to queue
[2024-05-30T06:55:25.791+0000] {logging_mixin.py:188} INFO - [2024-05-30T06:55:25.790+0000] {dagbag.py:545} INFO - Filling up the DagBag from /home/airflow/.local/lib/python3.12/site-packages/airflow/example_dags/example_branch_labels.py
[2024-05-30T06:55:25.797+0000] {processor.py:840} INFO - DAG(s) 'example_branch_labels' retrieved from /home/airflow/.local/lib/python3.12/site-packages/airflow/example_dags/example_branch_labels.py
[2024-05-30T06:55:25.815+0000] {logging_mixin.py:188} INFO - [2024-05-30T06:55:25.815+0000] {dag.py:3096} INFO - Sync 1 DAGs
[2024-05-30T06:55:25.837+0000] {logging_mixin.py:188} INFO - [2024-05-30T06:55:25.837+0000] {dag.py:3954} INFO - Setting next_dagrun for example_branch_labels to 2024-05-29 00:00:00+00:00, run_after=2024-05-30 00:00:00+00:00
[2024-05-30T06:55:25.853+0000] {processor.py:183} INFO - Processing /home/airflow/.local/lib/python3.12/site-packages/airflow/example_dags/example_branch_labels.py took 0.070 seconds
[2024-05-30T06:55:55.907+0000] {processor.py:161} INFO - Started process (PID=1799) to work on /home/airflow/.local/lib/python3.12/site-packages/airflow/example_dags/example_branch_labels.py
[2024-05-30T06:55:55.908+0000] {processor.py:830} INFO - Processing file /home/airflow/.local/lib/python3.12/site-packages/airflow/example_dags/example_branch_labels.py for tasks to queue
[2024-05-30T06:55:55.909+0000] {logging_mixin.py:188} INFO - [2024-05-30T06:55:55.909+0000] {dagbag.py:545} INFO - Filling up the DagBag from /home/airflow/.local/lib/python3.12/site-packages/airflow/example_dags/example_branch_labels.py
[2024-05-30T06:55:55.916+0000] {processor.py:840} INFO - DAG(s) 'example_branch_labels' retrieved from /home/airflow/.local/lib/python3.12/site-packages/airflow/example_dags/example_branch_labels.py
[2024-05-30T06:55:55.934+0000] {logging_mixin.py:188} INFO - [2024-05-30T06:55:55.934+0000] {dag.py:3096} INFO - Sync 1 DAGs
[2024-05-30T06:55:55.956+0000] {logging_mixin.py:188} INFO - [2024-05-30T06:55:55.955+0000] {dag.py:3954} INFO - Setting next_dagrun for example_branch_labels to 2024-05-29 00:00:00+00:00, run_after=2024-05-30 00:00:00+00:00
[2024-05-30T06:55:55.972+0000] {processor.py:183} INFO - Processing /home/airflow/.local/lib/python3.12/site-packages/airflow/example_dags/example_branch_labels.py took 0.071 seconds
[2024-05-30T06:56:26.052+0000] {processor.py:161} INFO - Started process (PID=1857) to work on /home/airflow/.local/lib/python3.12/site-packages/airflow/example_dags/example_branch_labels.py
[2024-05-30T06:56:26.053+0000] {processor.py:830} INFO - Processing file /home/airflow/.local/lib/python3.12/site-packages/airflow/example_dags/example_branch_labels.py for tasks to queue
[2024-05-30T06:56:26.054+0000] {logging_mixin.py:188} INFO - [2024-05-30T06:56:26.054+0000] {dagbag.py:545} INFO - Filling up the DagBag from /home/airflow/.local/lib/python3.12/site-packages/airflow/example_dags/example_branch_labels.py
[2024-05-30T06:56:26.061+0000] {processor.py:840} INFO - DAG(s) 'example_branch_labels' retrieved from /home/airflow/.local/lib/python3.12/site-packages/airflow/example_dags/example_branch_labels.py
[2024-05-30T06:56:26.080+0000] {logging_mixin.py:188} INFO - [2024-05-30T06:56:26.080+0000] {dag.py:3096} INFO - Sync 1 DAGs
[2024-05-30T06:56:26.101+0000] {logging_mixin.py:188} INFO - [2024-05-30T06:56:26.101+0000] {dag.py:3954} INFO - Setting next_dagrun for example_branch_labels to 2024-05-29 00:00:00+00:00, run_after=2024-05-30 00:00:00+00:00
[2024-05-30T06:56:26.117+0000] {processor.py:183} INFO - Processing /home/airflow/.local/lib/python3.12/site-packages/airflow/example_dags/example_branch_labels.py took 0.070 seconds
[2024-05-30T06:56:56.155+0000] {processor.py:161} INFO - Started process (PID=1915) to work on /home/airflow/.local/lib/python3.12/site-packages/airflow/example_dags/example_branch_labels.py
[2024-05-30T06:56:56.156+0000] {processor.py:830} INFO - Processing file /home/airflow/.local/lib/python3.12/site-packages/airflow/example_dags/example_branch_labels.py for tasks to queue
[2024-05-30T06:56:56.158+0000] {logging_mixin.py:188} INFO - [2024-05-30T06:56:56.157+0000] {dagbag.py:545} INFO - Filling up the DagBag from /home/airflow/.local/lib/python3.12/site-packages/airflow/example_dags/example_branch_labels.py
[2024-05-30T06:56:56.164+0000] {processor.py:840} INFO - DAG(s) 'example_branch_labels' retrieved from /home/airflow/.local/lib/python3.12/site-packages/airflow/example_dags/example_branch_labels.py
[2024-05-30T06:56:56.184+0000] {logging_mixin.py:188} INFO - [2024-05-30T06:56:56.183+0000] {dag.py:3096} INFO - Sync 1 DAGs
[2024-05-30T06:56:56.205+0000] {logging_mixin.py:188} INFO - [2024-05-30T06:56:56.205+0000] {dag.py:3954} INFO - Setting next_dagrun for example_branch_labels to 2024-05-29 00:00:00+00:00, run_after=2024-05-30 00:00:00+00:00
[2024-05-30T06:56:56.221+0000] {processor.py:183} INFO - Processing /home/airflow/.local/lib/python3.12/site-packages/airflow/example_dags/example_branch_labels.py took 0.071 seconds
[2024-05-30T06:57:26.713+0000] {processor.py:161} INFO - Started process (PID=1973) to work on /home/airflow/.local/lib/python3.12/site-packages/airflow/example_dags/example_branch_labels.py
[2024-05-30T06:57:26.714+0000] {processor.py:830} INFO - Processing file /home/airflow/.local/lib/python3.12/site-packages/airflow/example_dags/example_branch_labels.py for tasks to queue
[2024-05-30T06:57:26.715+0000] {logging_mixin.py:188} INFO - [2024-05-30T06:57:26.715+0000] {dagbag.py:545} INFO - Filling up the DagBag from /home/airflow/.local/lib/python3.12/site-packages/airflow/example_dags/example_branch_labels.py
[2024-05-30T06:57:26.722+0000] {processor.py:840} INFO - DAG(s) 'example_branch_labels' retrieved from /home/airflow/.local/lib/python3.12/site-packages/airflow/example_dags/example_branch_labels.py
[2024-05-30T06:57:26.741+0000] {logging_mixin.py:188} INFO - [2024-05-30T06:57:26.740+0000] {dag.py:3096} INFO - Sync 1 DAGs
[2024-05-30T06:57:26.763+0000] {logging_mixin.py:188} INFO - [2024-05-30T06:57:26.762+0000] {dag.py:3954} INFO - Setting next_dagrun for example_branch_labels to 2024-05-29 00:00:00+00:00, run_after=2024-05-30 00:00:00+00:00
[2024-05-30T06:57:26.779+0000] {processor.py:183} INFO - Processing /home/airflow/.local/lib/python3.12/site-packages/airflow/example_dags/example_branch_labels.py took 0.071 seconds
[2024-05-30T06:57:57.219+0000] {processor.py:161} INFO - Started process (PID=2031) to work on /home/airflow/.local/lib/python3.12/site-packages/airflow/example_dags/example_branch_labels.py
[2024-05-30T06:57:57.219+0000] {processor.py:830} INFO - Processing file /home/airflow/.local/lib/python3.12/site-packages/airflow/example_dags/example_branch_labels.py for tasks to queue
[2024-05-30T06:57:57.221+0000] {logging_mixin.py:188} INFO - [2024-05-30T06:57:57.221+0000] {dagbag.py:545} INFO - Filling up the DagBag from /home/airflow/.local/lib/python3.12/site-packages/airflow/example_dags/example_branch_labels.py
[2024-05-30T06:57:57.228+0000] {processor.py:840} INFO - DAG(s) 'example_branch_labels' retrieved from /home/airflow/.local/lib/python3.12/site-packages/airflow/example_dags/example_branch_labels.py
[2024-05-30T06:57:57.247+0000] {logging_mixin.py:188} INFO - [2024-05-30T06:57:57.246+0000] {dag.py:3096} INFO - Sync 1 DAGs
[2024-05-30T06:57:57.269+0000] {logging_mixin.py:188} INFO - [2024-05-30T06:57:57.269+0000] {dag.py:3954} INFO - Setting next_dagrun for example_branch_labels to 2024-05-29 00:00:00+00:00, run_after=2024-05-30 00:00:00+00:00
[2024-05-30T06:57:57.287+0000] {processor.py:183} INFO - Processing /home/airflow/.local/lib/python3.12/site-packages/airflow/example_dags/example_branch_labels.py took 0.074 seconds
[2024-05-30T06:58:27.916+0000] {processor.py:161} INFO - Started process (PID=2089) to work on /home/airflow/.local/lib/python3.12/site-packages/airflow/example_dags/example_branch_labels.py
[2024-05-30T06:58:27.916+0000] {processor.py:830} INFO - Processing file /home/airflow/.local/lib/python3.12/site-packages/airflow/example_dags/example_branch_labels.py for tasks to queue
[2024-05-30T06:58:27.918+0000] {logging_mixin.py:188} INFO - [2024-05-30T06:58:27.918+0000] {dagbag.py:545} INFO - Filling up the DagBag from /home/airflow/.local/lib/python3.12/site-packages/airflow/example_dags/example_branch_labels.py
[2024-05-30T06:58:27.925+0000] {processor.py:840} INFO - DAG(s) 'example_branch_labels' retrieved from /home/airflow/.local/lib/python3.12/site-packages/airflow/example_dags/example_branch_labels.py
[2024-05-30T06:58:27.945+0000] {logging_mixin.py:188} INFO - [2024-05-30T06:58:27.945+0000] {dag.py:3096} INFO - Sync 1 DAGs
[2024-05-30T06:58:27.968+0000] {logging_mixin.py:188} INFO - [2024-05-30T06:58:27.968+0000] {dag.py:3954} INFO - Setting next_dagrun for example_branch_labels to 2024-05-29 00:00:00+00:00, run_after=2024-05-30 00:00:00+00:00
[2024-05-30T06:58:27.985+0000] {processor.py:183} INFO - Processing /home/airflow/.local/lib/python3.12/site-packages/airflow/example_dags/example_branch_labels.py took 0.075 seconds
[2024-05-30T06:58:58.537+0000] {processor.py:161} INFO - Started process (PID=2147) to work on /home/airflow/.local/lib/python3.12/site-packages/airflow/example_dags/example_branch_labels.py
[2024-05-30T06:58:58.537+0000] {processor.py:830} INFO - Processing file /home/airflow/.local/lib/python3.12/site-packages/airflow/example_dags/example_branch_labels.py for tasks to queue
[2024-05-30T06:58:58.539+0000] {logging_mixin.py:188} INFO - [2024-05-30T06:58:58.539+0000] {dagbag.py:545} INFO - Filling up the DagBag from /home/airflow/.local/lib/python3.12/site-packages/airflow/example_dags/example_branch_labels.py
[2024-05-30T06:58:58.546+0000] {processor.py:840} INFO - DAG(s) 'example_branch_labels' retrieved from /home/airflow/.local/lib/python3.12/site-packages/airflow/example_dags/example_branch_labels.py
[2024-05-30T06:58:58.566+0000] {logging_mixin.py:188} INFO - [2024-05-30T06:58:58.565+0000] {dag.py:3096} INFO - Sync 1 DAGs
[2024-05-30T06:58:58.587+0000] {logging_mixin.py:188} INFO - [2024-05-30T06:58:58.587+0000] {dag.py:3954} INFO - Setting next_dagrun for example_branch_labels to 2024-05-29 00:00:00+00:00, run_after=2024-05-30 00:00:00+00:00
[2024-05-30T06:58:58.604+0000] {processor.py:183} INFO - Processing /home/airflow/.local/lib/python3.12/site-packages/airflow/example_dags/example_branch_labels.py took 0.073 seconds
[2024-05-30T06:59:28.964+0000] {processor.py:161} INFO - Started process (PID=2205) to work on /home/airflow/.local/lib/python3.12/site-packages/airflow/example_dags/example_branch_labels.py
[2024-05-30T06:59:28.964+0000] {processor.py:830} INFO - Processing file /home/airflow/.local/lib/python3.12/site-packages/airflow/example_dags/example_branch_labels.py for tasks to queue
[2024-05-30T06:59:28.966+0000] {logging_mixin.py:188} INFO - [2024-05-30T06:59:28.966+0000] {dagbag.py:545} INFO - Filling up the DagBag from /home/airflow/.local/lib/python3.12/site-packages/airflow/example_dags/example_branch_labels.py
[2024-05-30T06:59:28.973+0000] {processor.py:840} INFO - DAG(s) 'example_branch_labels' retrieved from /home/airflow/.local/lib/python3.12/site-packages/airflow/example_dags/example_branch_labels.py
[2024-05-30T06:59:28.992+0000] {logging_mixin.py:188} INFO - [2024-05-30T06:59:28.992+0000] {dag.py:3096} INFO - Sync 1 DAGs
[2024-05-30T06:59:29.015+0000] {logging_mixin.py:188} INFO - [2024-05-30T06:59:29.015+0000] {dag.py:3954} INFO - Setting next_dagrun for example_branch_labels to 2024-05-29 00:00:00+00:00, run_after=2024-05-30 00:00:00+00:00
[2024-05-30T06:59:29.034+0000] {processor.py:183} INFO - Processing /home/airflow/.local/lib/python3.12/site-packages/airflow/example_dags/example_branch_labels.py took 0.076 seconds
[2024-05-30T06:59:59.449+0000] {processor.py:161} INFO - Started process (PID=2263) to work on /home/airflow/.local/lib/python3.12/site-packages/airflow/example_dags/example_branch_labels.py
[2024-05-30T06:59:59.450+0000] {processor.py:830} INFO - Processing file /home/airflow/.local/lib/python3.12/site-packages/airflow/example_dags/example_branch_labels.py for tasks to queue
[2024-05-30T06:59:59.452+0000] {logging_mixin.py:188} INFO - [2024-05-30T06:59:59.452+0000] {dagbag.py:545} INFO - Filling up the DagBag from /home/airflow/.local/lib/python3.12/site-packages/airflow/example_dags/example_branch_labels.py
[2024-05-30T06:59:59.459+0000] {processor.py:840} INFO - DAG(s) 'example_branch_labels' retrieved from /home/airflow/.local/lib/python3.12/site-packages/airflow/example_dags/example_branch_labels.py
[2024-05-30T06:59:59.478+0000] {logging_mixin.py:188} INFO - [2024-05-30T06:59:59.477+0000] {dag.py:3096} INFO - Sync 1 DAGs
[2024-05-30T06:59:59.499+0000] {logging_mixin.py:188} INFO - [2024-05-30T06:59:59.499+0000] {dag.py:3954} INFO - Setting next_dagrun for example_branch_labels to 2024-05-29 00:00:00+00:00, run_after=2024-05-30 00:00:00+00:00
[2024-05-30T06:59:59.517+0000] {processor.py:183} INFO - Processing /home/airflow/.local/lib/python3.12/site-packages/airflow/example_dags/example_branch_labels.py took 0.073 seconds
[2024-05-30T07:00:30.089+0000] {processor.py:161} INFO - Started process (PID=2321) to work on /home/airflow/.local/lib/python3.12/site-packages/airflow/example_dags/example_branch_labels.py
[2024-05-30T07:00:30.090+0000] {processor.py:830} INFO - Processing file /home/airflow/.local/lib/python3.12/site-packages/airflow/example_dags/example_branch_labels.py for tasks to queue
[2024-05-30T07:00:30.091+0000] {logging_mixin.py:188} INFO - [2024-05-30T07:00:30.091+0000] {dagbag.py:545} INFO - Filling up the DagBag from /home/airflow/.local/lib/python3.12/site-packages/airflow/example_dags/example_branch_labels.py
[2024-05-30T07:00:30.098+0000] {processor.py:840} INFO - DAG(s) 'example_branch_labels' retrieved from /home/airflow/.local/lib/python3.12/site-packages/airflow/example_dags/example_branch_labels.py
[2024-05-30T07:00:30.117+0000] {logging_mixin.py:188} INFO - [2024-05-30T07:00:30.116+0000] {dag.py:3096} INFO - Sync 1 DAGs
[2024-05-30T07:00:30.138+0000] {logging_mixin.py:188} INFO - [2024-05-30T07:00:30.138+0000] {dag.py:3954} INFO - Setting next_dagrun for example_branch_labels to 2024-05-29 00:00:00+00:00, run_after=2024-05-30 00:00:00+00:00
[2024-05-30T07:00:30.156+0000] {processor.py:183} INFO - Processing /home/airflow/.local/lib/python3.12/site-packages/airflow/example_dags/example_branch_labels.py took 0.072 seconds
[2024-05-30T07:01:00.666+0000] {processor.py:161} INFO - Started process (PID=2379) to work on /home/airflow/.local/lib/python3.12/site-packages/airflow/example_dags/example_branch_labels.py
[2024-05-30T07:01:00.667+0000] {processor.py:830} INFO - Processing file /home/airflow/.local/lib/python3.12/site-packages/airflow/example_dags/example_branch_labels.py for tasks to queue
[2024-05-30T07:01:00.668+0000] {logging_mixin.py:188} INFO - [2024-05-30T07:01:00.668+0000] {dagbag.py:545} INFO - Filling up the DagBag from /home/airflow/.local/lib/python3.12/site-packages/airflow/example_dags/example_branch_labels.py
[2024-05-30T07:01:00.675+0000] {processor.py:840} INFO - DAG(s) 'example_branch_labels' retrieved from /home/airflow/.local/lib/python3.12/site-packages/airflow/example_dags/example_branch_labels.py
[2024-05-30T07:01:00.693+0000] {logging_mixin.py:188} INFO - [2024-05-30T07:01:00.693+0000] {dag.py:3096} INFO - Sync 1 DAGs
[2024-05-30T07:01:00.716+0000] {logging_mixin.py:188} INFO - [2024-05-30T07:01:00.716+0000] {dag.py:3954} INFO - Setting next_dagrun for example_branch_labels to 2024-05-29 00:00:00+00:00, run_after=2024-05-30 00:00:00+00:00
[2024-05-30T07:01:00.733+0000] {processor.py:183} INFO - Processing /home/airflow/.local/lib/python3.12/site-packages/airflow/example_dags/example_branch_labels.py took 0.073 seconds
[2024-05-30T07:01:31.365+0000] {processor.py:161} INFO - Started process (PID=2437) to work on /home/airflow/.local/lib/python3.12/site-packages/airflow/example_dags/example_branch_labels.py
[2024-05-30T07:01:31.366+0000] {processor.py:830} INFO - Processing file /home/airflow/.local/lib/python3.12/site-packages/airflow/example_dags/example_branch_labels.py for tasks to queue
[2024-05-30T07:01:31.368+0000] {logging_mixin.py:188} INFO - [2024-05-30T07:01:31.368+0000] {dagbag.py:545} INFO - Filling up the DagBag from /home/airflow/.local/lib/python3.12/site-packages/airflow/example_dags/example_branch_labels.py
[2024-05-30T07:01:31.379+0000] {processor.py:840} INFO - DAG(s) 'example_branch_labels' retrieved from /home/airflow/.local/lib/python3.12/site-packages/airflow/example_dags/example_branch_labels.py
[2024-05-30T07:01:31.408+0000] {logging_mixin.py:188} INFO - [2024-05-30T07:01:31.407+0000] {dag.py:3096} INFO - Sync 1 DAGs
[2024-05-30T07:01:31.440+0000] {logging_mixin.py:188} INFO - [2024-05-30T07:01:31.439+0000] {dag.py:3954} INFO - Setting next_dagrun for example_branch_labels to 2024-05-29 00:00:00+00:00, run_after=2024-05-30 00:00:00+00:00
[2024-05-30T07:01:31.468+0000] {processor.py:183} INFO - Processing /home/airflow/.local/lib/python3.12/site-packages/airflow/example_dags/example_branch_labels.py took 0.109 seconds
