[2024-05-30T06:40:39.074+0000] {processor.py:161} INFO - Started process (PID=40) to work on /home/airflow/.local/lib/python3.12/site-packages/airflow/example_dags/example_external_task_marker_dag.py
[2024-05-30T06:40:39.074+0000] {processor.py:830} INFO - Processing file /home/airflow/.local/lib/python3.12/site-packages/airflow/example_dags/example_external_task_marker_dag.py for tasks to queue
[2024-05-30T06:40:39.076+0000] {logging_mixin.py:188} INFO - [2024-05-30T06:40:39.076+0000] {dagbag.py:545} INFO - Filling up the DagBag from /home/airflow/.local/lib/python3.12/site-packages/airflow/example_dags/example_external_task_marker_dag.py
[2024-05-30T06:40:39.084+0000] {processor.py:840} INFO - DAG(s) 'example_external_task_marker_parent', 'example_external_task_marker_child' retrieved from /home/airflow/.local/lib/python3.12/site-packages/airflow/example_dags/example_external_task_marker_dag.py
[2024-05-30T06:40:39.107+0000] {logging_mixin.py:188} INFO - [2024-05-30T06:40:39.107+0000] {dag.py:3096} INFO - Sync 2 DAGs
[2024-05-30T06:40:39.120+0000] {logging_mixin.py:188} INFO - [2024-05-30T06:40:39.120+0000] {dag.py:3954} INFO - Setting next_dagrun for example_external_task_marker_child to None, run_after=None
[2024-05-30T06:40:39.124+0000] {logging_mixin.py:188} INFO - [2024-05-30T06:40:39.124+0000] {dag.py:3954} INFO - Setting next_dagrun for example_external_task_marker_parent to None, run_after=None
[2024-05-30T06:40:39.139+0000] {processor.py:183} INFO - Processing /home/airflow/.local/lib/python3.12/site-packages/airflow/example_dags/example_external_task_marker_dag.py took 0.071 seconds
[2024-05-30T06:41:09.868+0000] {processor.py:161} INFO - Started process (PID=98) to work on /home/airflow/.local/lib/python3.12/site-packages/airflow/example_dags/example_external_task_marker_dag.py
[2024-05-30T06:41:09.869+0000] {processor.py:830} INFO - Processing file /home/airflow/.local/lib/python3.12/site-packages/airflow/example_dags/example_external_task_marker_dag.py for tasks to queue
[2024-05-30T06:41:09.871+0000] {logging_mixin.py:188} INFO - [2024-05-30T06:41:09.871+0000] {dagbag.py:545} INFO - Filling up the DagBag from /home/airflow/.local/lib/python3.12/site-packages/airflow/example_dags/example_external_task_marker_dag.py
[2024-05-30T06:41:09.878+0000] {processor.py:840} INFO - DAG(s) 'example_external_task_marker_child', 'example_external_task_marker_parent' retrieved from /home/airflow/.local/lib/python3.12/site-packages/airflow/example_dags/example_external_task_marker_dag.py
[2024-05-30T06:41:10.013+0000] {logging_mixin.py:188} INFO - [2024-05-30T06:41:10.013+0000] {dag.py:3096} INFO - Sync 2 DAGs
[2024-05-30T06:41:10.024+0000] {logging_mixin.py:188} INFO - [2024-05-30T06:41:10.024+0000] {dag.py:3954} INFO - Setting next_dagrun for example_external_task_marker_child to None, run_after=None
[2024-05-30T06:41:10.028+0000] {logging_mixin.py:188} INFO - [2024-05-30T06:41:10.027+0000] {dag.py:3954} INFO - Setting next_dagrun for example_external_task_marker_parent to None, run_after=None
[2024-05-30T06:41:10.049+0000] {processor.py:183} INFO - Processing /home/airflow/.local/lib/python3.12/site-packages/airflow/example_dags/example_external_task_marker_dag.py took 0.189 seconds
[2024-05-30T06:41:40.629+0000] {processor.py:161} INFO - Started process (PID=156) to work on /home/airflow/.local/lib/python3.12/site-packages/airflow/example_dags/example_external_task_marker_dag.py
[2024-05-30T06:41:40.630+0000] {processor.py:830} INFO - Processing file /home/airflow/.local/lib/python3.12/site-packages/airflow/example_dags/example_external_task_marker_dag.py for tasks to queue
[2024-05-30T06:41:40.632+0000] {logging_mixin.py:188} INFO - [2024-05-30T06:41:40.632+0000] {dagbag.py:545} INFO - Filling up the DagBag from /home/airflow/.local/lib/python3.12/site-packages/airflow/example_dags/example_external_task_marker_dag.py
[2024-05-30T06:41:40.637+0000] {processor.py:840} INFO - DAG(s) 'example_external_task_marker_child', 'example_external_task_marker_parent' retrieved from /home/airflow/.local/lib/python3.12/site-packages/airflow/example_dags/example_external_task_marker_dag.py
[2024-05-30T06:41:40.659+0000] {logging_mixin.py:188} INFO - [2024-05-30T06:41:40.659+0000] {dag.py:3096} INFO - Sync 2 DAGs
[2024-05-30T06:41:40.672+0000] {logging_mixin.py:188} INFO - [2024-05-30T06:41:40.671+0000] {dag.py:3954} INFO - Setting next_dagrun for example_external_task_marker_child to None, run_after=None
[2024-05-30T06:41:40.676+0000] {logging_mixin.py:188} INFO - [2024-05-30T06:41:40.675+0000] {dag.py:3954} INFO - Setting next_dagrun for example_external_task_marker_parent to None, run_after=None
[2024-05-30T06:41:40.692+0000] {processor.py:183} INFO - Processing /home/airflow/.local/lib/python3.12/site-packages/airflow/example_dags/example_external_task_marker_dag.py took 0.069 seconds
[2024-05-30T06:42:11.323+0000] {processor.py:161} INFO - Started process (PID=214) to work on /home/airflow/.local/lib/python3.12/site-packages/airflow/example_dags/example_external_task_marker_dag.py
[2024-05-30T06:42:11.324+0000] {processor.py:830} INFO - Processing file /home/airflow/.local/lib/python3.12/site-packages/airflow/example_dags/example_external_task_marker_dag.py for tasks to queue
[2024-05-30T06:42:11.325+0000] {logging_mixin.py:188} INFO - [2024-05-30T06:42:11.325+0000] {dagbag.py:545} INFO - Filling up the DagBag from /home/airflow/.local/lib/python3.12/site-packages/airflow/example_dags/example_external_task_marker_dag.py
[2024-05-30T06:42:11.331+0000] {processor.py:840} INFO - DAG(s) 'example_external_task_marker_child', 'example_external_task_marker_parent' retrieved from /home/airflow/.local/lib/python3.12/site-packages/airflow/example_dags/example_external_task_marker_dag.py
[2024-05-30T06:42:11.351+0000] {logging_mixin.py:188} INFO - [2024-05-30T06:42:11.351+0000] {dag.py:3096} INFO - Sync 2 DAGs
[2024-05-30T06:42:11.364+0000] {logging_mixin.py:188} INFO - [2024-05-30T06:42:11.363+0000] {dag.py:3954} INFO - Setting next_dagrun for example_external_task_marker_child to None, run_after=None
[2024-05-30T06:42:11.367+0000] {logging_mixin.py:188} INFO - [2024-05-30T06:42:11.367+0000] {dag.py:3954} INFO - Setting next_dagrun for example_external_task_marker_parent to None, run_after=None
[2024-05-30T06:42:11.383+0000] {processor.py:183} INFO - Processing /home/airflow/.local/lib/python3.12/site-packages/airflow/example_dags/example_external_task_marker_dag.py took 0.066 seconds
[2024-05-30T06:42:41.508+0000] {processor.py:161} INFO - Started process (PID=272) to work on /home/airflow/.local/lib/python3.12/site-packages/airflow/example_dags/example_external_task_marker_dag.py
[2024-05-30T06:42:41.509+0000] {processor.py:830} INFO - Processing file /home/airflow/.local/lib/python3.12/site-packages/airflow/example_dags/example_external_task_marker_dag.py for tasks to queue
[2024-05-30T06:42:41.511+0000] {logging_mixin.py:188} INFO - [2024-05-30T06:42:41.510+0000] {dagbag.py:545} INFO - Filling up the DagBag from /home/airflow/.local/lib/python3.12/site-packages/airflow/example_dags/example_external_task_marker_dag.py
[2024-05-30T06:42:41.517+0000] {processor.py:840} INFO - DAG(s) 'example_external_task_marker_child', 'example_external_task_marker_parent' retrieved from /home/airflow/.local/lib/python3.12/site-packages/airflow/example_dags/example_external_task_marker_dag.py
[2024-05-30T06:42:41.539+0000] {logging_mixin.py:188} INFO - [2024-05-30T06:42:41.539+0000] {dag.py:3096} INFO - Sync 2 DAGs
[2024-05-30T06:42:41.554+0000] {logging_mixin.py:188} INFO - [2024-05-30T06:42:41.553+0000] {dag.py:3954} INFO - Setting next_dagrun for example_external_task_marker_child to None, run_after=None
[2024-05-30T06:42:41.558+0000] {logging_mixin.py:188} INFO - [2024-05-30T06:42:41.557+0000] {dag.py:3954} INFO - Setting next_dagrun for example_external_task_marker_parent to None, run_after=None
[2024-05-30T06:42:41.573+0000] {processor.py:183} INFO - Processing /home/airflow/.local/lib/python3.12/site-packages/airflow/example_dags/example_external_task_marker_dag.py took 0.071 seconds
[2024-05-30T06:43:11.779+0000] {processor.py:161} INFO - Started process (PID=330) to work on /home/airflow/.local/lib/python3.12/site-packages/airflow/example_dags/example_external_task_marker_dag.py
[2024-05-30T06:43:11.780+0000] {processor.py:830} INFO - Processing file /home/airflow/.local/lib/python3.12/site-packages/airflow/example_dags/example_external_task_marker_dag.py for tasks to queue
[2024-05-30T06:43:11.781+0000] {logging_mixin.py:188} INFO - [2024-05-30T06:43:11.781+0000] {dagbag.py:545} INFO - Filling up the DagBag from /home/airflow/.local/lib/python3.12/site-packages/airflow/example_dags/example_external_task_marker_dag.py
[2024-05-30T06:43:11.786+0000] {processor.py:840} INFO - DAG(s) 'example_external_task_marker_parent', 'example_external_task_marker_child' retrieved from /home/airflow/.local/lib/python3.12/site-packages/airflow/example_dags/example_external_task_marker_dag.py
[2024-05-30T06:43:11.806+0000] {logging_mixin.py:188} INFO - [2024-05-30T06:43:11.806+0000] {dag.py:3096} INFO - Sync 2 DAGs
[2024-05-30T06:43:11.819+0000] {logging_mixin.py:188} INFO - [2024-05-30T06:43:11.818+0000] {dag.py:3954} INFO - Setting next_dagrun for example_external_task_marker_child to None, run_after=None
[2024-05-30T06:43:11.822+0000] {logging_mixin.py:188} INFO - [2024-05-30T06:43:11.822+0000] {dag.py:3954} INFO - Setting next_dagrun for example_external_task_marker_parent to None, run_after=None
[2024-05-30T06:43:11.840+0000] {processor.py:183} INFO - Processing /home/airflow/.local/lib/python3.12/site-packages/airflow/example_dags/example_external_task_marker_dag.py took 0.066 seconds
[2024-05-30T06:43:42.068+0000] {processor.py:161} INFO - Started process (PID=388) to work on /home/airflow/.local/lib/python3.12/site-packages/airflow/example_dags/example_external_task_marker_dag.py
[2024-05-30T06:43:42.069+0000] {processor.py:830} INFO - Processing file /home/airflow/.local/lib/python3.12/site-packages/airflow/example_dags/example_external_task_marker_dag.py for tasks to queue
[2024-05-30T06:43:42.071+0000] {logging_mixin.py:188} INFO - [2024-05-30T06:43:42.070+0000] {dagbag.py:545} INFO - Filling up the DagBag from /home/airflow/.local/lib/python3.12/site-packages/airflow/example_dags/example_external_task_marker_dag.py
[2024-05-30T06:43:42.076+0000] {processor.py:840} INFO - DAG(s) 'example_external_task_marker_parent', 'example_external_task_marker_child' retrieved from /home/airflow/.local/lib/python3.12/site-packages/airflow/example_dags/example_external_task_marker_dag.py
[2024-05-30T06:43:42.097+0000] {logging_mixin.py:188} INFO - [2024-05-30T06:43:42.096+0000] {dag.py:3096} INFO - Sync 2 DAGs
[2024-05-30T06:43:42.109+0000] {logging_mixin.py:188} INFO - [2024-05-30T06:43:42.109+0000] {dag.py:3954} INFO - Setting next_dagrun for example_external_task_marker_child to None, run_after=None
[2024-05-30T06:43:42.113+0000] {logging_mixin.py:188} INFO - [2024-05-30T06:43:42.113+0000] {dag.py:3954} INFO - Setting next_dagrun for example_external_task_marker_parent to None, run_after=None
[2024-05-30T06:43:42.128+0000] {processor.py:183} INFO - Processing /home/airflow/.local/lib/python3.12/site-packages/airflow/example_dags/example_external_task_marker_dag.py took 0.065 seconds
[2024-05-30T06:44:12.735+0000] {processor.py:161} INFO - Started process (PID=446) to work on /home/airflow/.local/lib/python3.12/site-packages/airflow/example_dags/example_external_task_marker_dag.py
[2024-05-30T06:44:12.736+0000] {processor.py:830} INFO - Processing file /home/airflow/.local/lib/python3.12/site-packages/airflow/example_dags/example_external_task_marker_dag.py for tasks to queue
[2024-05-30T06:44:12.738+0000] {logging_mixin.py:188} INFO - [2024-05-30T06:44:12.737+0000] {dagbag.py:545} INFO - Filling up the DagBag from /home/airflow/.local/lib/python3.12/site-packages/airflow/example_dags/example_external_task_marker_dag.py
[2024-05-30T06:44:12.743+0000] {processor.py:840} INFO - DAG(s) 'example_external_task_marker_child', 'example_external_task_marker_parent' retrieved from /home/airflow/.local/lib/python3.12/site-packages/airflow/example_dags/example_external_task_marker_dag.py
[2024-05-30T06:44:12.765+0000] {logging_mixin.py:188} INFO - [2024-05-30T06:44:12.765+0000] {dag.py:3096} INFO - Sync 2 DAGs
[2024-05-30T06:44:12.778+0000] {logging_mixin.py:188} INFO - [2024-05-30T06:44:12.778+0000] {dag.py:3954} INFO - Setting next_dagrun for example_external_task_marker_child to None, run_after=None
[2024-05-30T06:44:12.782+0000] {logging_mixin.py:188} INFO - [2024-05-30T06:44:12.782+0000] {dag.py:3954} INFO - Setting next_dagrun for example_external_task_marker_parent to None, run_after=None
[2024-05-30T06:44:12.797+0000] {processor.py:183} INFO - Processing /home/airflow/.local/lib/python3.12/site-packages/airflow/example_dags/example_external_task_marker_dag.py took 0.067 seconds
[2024-05-30T06:44:42.903+0000] {processor.py:161} INFO - Started process (PID=504) to work on /home/airflow/.local/lib/python3.12/site-packages/airflow/example_dags/example_external_task_marker_dag.py
[2024-05-30T06:44:42.904+0000] {processor.py:830} INFO - Processing file /home/airflow/.local/lib/python3.12/site-packages/airflow/example_dags/example_external_task_marker_dag.py for tasks to queue
[2024-05-30T06:44:42.906+0000] {logging_mixin.py:188} INFO - [2024-05-30T06:44:42.905+0000] {dagbag.py:545} INFO - Filling up the DagBag from /home/airflow/.local/lib/python3.12/site-packages/airflow/example_dags/example_external_task_marker_dag.py
[2024-05-30T06:44:42.911+0000] {processor.py:840} INFO - DAG(s) 'example_external_task_marker_child', 'example_external_task_marker_parent' retrieved from /home/airflow/.local/lib/python3.12/site-packages/airflow/example_dags/example_external_task_marker_dag.py
[2024-05-30T06:44:42.931+0000] {logging_mixin.py:188} INFO - [2024-05-30T06:44:42.931+0000] {dag.py:3096} INFO - Sync 2 DAGs
[2024-05-30T06:44:42.944+0000] {logging_mixin.py:188} INFO - [2024-05-30T06:44:42.944+0000] {dag.py:3954} INFO - Setting next_dagrun for example_external_task_marker_child to None, run_after=None
[2024-05-30T06:44:42.948+0000] {logging_mixin.py:188} INFO - [2024-05-30T06:44:42.947+0000] {dag.py:3954} INFO - Setting next_dagrun for example_external_task_marker_parent to None, run_after=None
[2024-05-30T06:44:42.963+0000] {processor.py:183} INFO - Processing /home/airflow/.local/lib/python3.12/site-packages/airflow/example_dags/example_external_task_marker_dag.py took 0.065 seconds
[2024-05-30T06:45:13.297+0000] {processor.py:161} INFO - Started process (PID=562) to work on /home/airflow/.local/lib/python3.12/site-packages/airflow/example_dags/example_external_task_marker_dag.py
[2024-05-30T06:45:13.298+0000] {processor.py:830} INFO - Processing file /home/airflow/.local/lib/python3.12/site-packages/airflow/example_dags/example_external_task_marker_dag.py for tasks to queue
[2024-05-30T06:45:13.299+0000] {logging_mixin.py:188} INFO - [2024-05-30T06:45:13.299+0000] {dagbag.py:545} INFO - Filling up the DagBag from /home/airflow/.local/lib/python3.12/site-packages/airflow/example_dags/example_external_task_marker_dag.py
[2024-05-30T06:45:13.305+0000] {processor.py:840} INFO - DAG(s) 'example_external_task_marker_parent', 'example_external_task_marker_child' retrieved from /home/airflow/.local/lib/python3.12/site-packages/airflow/example_dags/example_external_task_marker_dag.py
[2024-05-30T06:45:13.328+0000] {logging_mixin.py:188} INFO - [2024-05-30T06:45:13.328+0000] {dag.py:3096} INFO - Sync 2 DAGs
[2024-05-30T06:45:13.342+0000] {logging_mixin.py:188} INFO - [2024-05-30T06:45:13.341+0000] {dag.py:3954} INFO - Setting next_dagrun for example_external_task_marker_child to None, run_after=None
[2024-05-30T06:45:13.346+0000] {logging_mixin.py:188} INFO - [2024-05-30T06:45:13.346+0000] {dag.py:3954} INFO - Setting next_dagrun for example_external_task_marker_parent to None, run_after=None
[2024-05-30T06:45:13.362+0000] {processor.py:183} INFO - Processing /home/airflow/.local/lib/python3.12/site-packages/airflow/example_dags/example_external_task_marker_dag.py took 0.071 seconds
[2024-05-30T06:45:43.545+0000] {processor.py:161} INFO - Started process (PID=620) to work on /home/airflow/.local/lib/python3.12/site-packages/airflow/example_dags/example_external_task_marker_dag.py
[2024-05-30T06:45:43.546+0000] {processor.py:830} INFO - Processing file /home/airflow/.local/lib/python3.12/site-packages/airflow/example_dags/example_external_task_marker_dag.py for tasks to queue
[2024-05-30T06:45:43.548+0000] {logging_mixin.py:188} INFO - [2024-05-30T06:45:43.548+0000] {dagbag.py:545} INFO - Filling up the DagBag from /home/airflow/.local/lib/python3.12/site-packages/airflow/example_dags/example_external_task_marker_dag.py
[2024-05-30T06:45:43.554+0000] {processor.py:840} INFO - DAG(s) 'example_external_task_marker_child', 'example_external_task_marker_parent' retrieved from /home/airflow/.local/lib/python3.12/site-packages/airflow/example_dags/example_external_task_marker_dag.py
[2024-05-30T06:45:43.581+0000] {logging_mixin.py:188} INFO - [2024-05-30T06:45:43.581+0000] {dag.py:3096} INFO - Sync 2 DAGs
[2024-05-30T06:45:43.595+0000] {logging_mixin.py:188} INFO - [2024-05-30T06:45:43.595+0000] {dag.py:3954} INFO - Setting next_dagrun for example_external_task_marker_child to None, run_after=None
[2024-05-30T06:45:43.599+0000] {logging_mixin.py:188} INFO - [2024-05-30T06:45:43.599+0000] {dag.py:3954} INFO - Setting next_dagrun for example_external_task_marker_parent to None, run_after=None
[2024-05-30T06:45:43.617+0000] {processor.py:183} INFO - Processing /home/airflow/.local/lib/python3.12/site-packages/airflow/example_dags/example_external_task_marker_dag.py took 0.077 seconds
[2024-05-30T06:46:13.888+0000] {processor.py:161} INFO - Started process (PID=678) to work on /home/airflow/.local/lib/python3.12/site-packages/airflow/example_dags/example_external_task_marker_dag.py
[2024-05-30T06:46:13.889+0000] {processor.py:830} INFO - Processing file /home/airflow/.local/lib/python3.12/site-packages/airflow/example_dags/example_external_task_marker_dag.py for tasks to queue
[2024-05-30T06:46:13.890+0000] {logging_mixin.py:188} INFO - [2024-05-30T06:46:13.890+0000] {dagbag.py:545} INFO - Filling up the DagBag from /home/airflow/.local/lib/python3.12/site-packages/airflow/example_dags/example_external_task_marker_dag.py
[2024-05-30T06:46:13.896+0000] {processor.py:840} INFO - DAG(s) 'example_external_task_marker_parent', 'example_external_task_marker_child' retrieved from /home/airflow/.local/lib/python3.12/site-packages/airflow/example_dags/example_external_task_marker_dag.py
[2024-05-30T06:46:13.917+0000] {logging_mixin.py:188} INFO - [2024-05-30T06:46:13.916+0000] {dag.py:3096} INFO - Sync 2 DAGs
[2024-05-30T06:46:13.930+0000] {logging_mixin.py:188} INFO - [2024-05-30T06:46:13.929+0000] {dag.py:3954} INFO - Setting next_dagrun for example_external_task_marker_child to None, run_after=None
[2024-05-30T06:46:13.933+0000] {logging_mixin.py:188} INFO - [2024-05-30T06:46:13.933+0000] {dag.py:3954} INFO - Setting next_dagrun for example_external_task_marker_parent to None, run_after=None
[2024-05-30T06:46:13.950+0000] {processor.py:183} INFO - Processing /home/airflow/.local/lib/python3.12/site-packages/airflow/example_dags/example_external_task_marker_dag.py took 0.067 seconds
[2024-05-30T06:46:44.337+0000] {processor.py:161} INFO - Started process (PID=736) to work on /home/airflow/.local/lib/python3.12/site-packages/airflow/example_dags/example_external_task_marker_dag.py
[2024-05-30T06:46:44.338+0000] {processor.py:830} INFO - Processing file /home/airflow/.local/lib/python3.12/site-packages/airflow/example_dags/example_external_task_marker_dag.py for tasks to queue
[2024-05-30T06:46:44.340+0000] {logging_mixin.py:188} INFO - [2024-05-30T06:46:44.339+0000] {dagbag.py:545} INFO - Filling up the DagBag from /home/airflow/.local/lib/python3.12/site-packages/airflow/example_dags/example_external_task_marker_dag.py
[2024-05-30T06:46:44.345+0000] {processor.py:840} INFO - DAG(s) 'example_external_task_marker_child', 'example_external_task_marker_parent' retrieved from /home/airflow/.local/lib/python3.12/site-packages/airflow/example_dags/example_external_task_marker_dag.py
[2024-05-30T06:46:44.366+0000] {logging_mixin.py:188} INFO - [2024-05-30T06:46:44.366+0000] {dag.py:3096} INFO - Sync 2 DAGs
[2024-05-30T06:46:44.380+0000] {logging_mixin.py:188} INFO - [2024-05-30T06:46:44.380+0000] {dag.py:3954} INFO - Setting next_dagrun for example_external_task_marker_child to None, run_after=None
[2024-05-30T06:46:44.384+0000] {logging_mixin.py:188} INFO - [2024-05-30T06:46:44.384+0000] {dag.py:3954} INFO - Setting next_dagrun for example_external_task_marker_parent to None, run_after=None
[2024-05-30T06:46:44.400+0000] {processor.py:183} INFO - Processing /home/airflow/.local/lib/python3.12/site-packages/airflow/example_dags/example_external_task_marker_dag.py took 0.068 seconds
[2024-05-30T06:47:15.151+0000] {processor.py:161} INFO - Started process (PID=794) to work on /home/airflow/.local/lib/python3.12/site-packages/airflow/example_dags/example_external_task_marker_dag.py
[2024-05-30T06:47:15.152+0000] {processor.py:830} INFO - Processing file /home/airflow/.local/lib/python3.12/site-packages/airflow/example_dags/example_external_task_marker_dag.py for tasks to queue
[2024-05-30T06:47:15.154+0000] {logging_mixin.py:188} INFO - [2024-05-30T06:47:15.154+0000] {dagbag.py:545} INFO - Filling up the DagBag from /home/airflow/.local/lib/python3.12/site-packages/airflow/example_dags/example_external_task_marker_dag.py
[2024-05-30T06:47:15.160+0000] {processor.py:840} INFO - DAG(s) 'example_external_task_marker_child', 'example_external_task_marker_parent' retrieved from /home/airflow/.local/lib/python3.12/site-packages/airflow/example_dags/example_external_task_marker_dag.py
[2024-05-30T06:47:15.181+0000] {logging_mixin.py:188} INFO - [2024-05-30T06:47:15.181+0000] {dag.py:3096} INFO - Sync 2 DAGs
[2024-05-30T06:47:15.194+0000] {logging_mixin.py:188} INFO - [2024-05-30T06:47:15.194+0000] {dag.py:3954} INFO - Setting next_dagrun for example_external_task_marker_child to None, run_after=None
[2024-05-30T06:47:15.198+0000] {logging_mixin.py:188} INFO - [2024-05-30T06:47:15.198+0000] {dag.py:3954} INFO - Setting next_dagrun for example_external_task_marker_parent to None, run_after=None
[2024-05-30T06:47:15.214+0000] {processor.py:183} INFO - Processing /home/airflow/.local/lib/python3.12/site-packages/airflow/example_dags/example_external_task_marker_dag.py took 0.069 seconds
[2024-05-30T06:47:45.339+0000] {processor.py:161} INFO - Started process (PID=852) to work on /home/airflow/.local/lib/python3.12/site-packages/airflow/example_dags/example_external_task_marker_dag.py
[2024-05-30T06:47:45.340+0000] {processor.py:830} INFO - Processing file /home/airflow/.local/lib/python3.12/site-packages/airflow/example_dags/example_external_task_marker_dag.py for tasks to queue
[2024-05-30T06:47:45.341+0000] {logging_mixin.py:188} INFO - [2024-05-30T06:47:45.341+0000] {dagbag.py:545} INFO - Filling up the DagBag from /home/airflow/.local/lib/python3.12/site-packages/airflow/example_dags/example_external_task_marker_dag.py
[2024-05-30T06:47:45.346+0000] {processor.py:840} INFO - DAG(s) 'example_external_task_marker_child', 'example_external_task_marker_parent' retrieved from /home/airflow/.local/lib/python3.12/site-packages/airflow/example_dags/example_external_task_marker_dag.py
[2024-05-30T06:47:45.366+0000] {logging_mixin.py:188} INFO - [2024-05-30T06:47:45.366+0000] {dag.py:3096} INFO - Sync 2 DAGs
[2024-05-30T06:47:45.379+0000] {logging_mixin.py:188} INFO - [2024-05-30T06:47:45.379+0000] {dag.py:3954} INFO - Setting next_dagrun for example_external_task_marker_child to None, run_after=None
[2024-05-30T06:47:45.383+0000] {logging_mixin.py:188} INFO - [2024-05-30T06:47:45.382+0000] {dag.py:3954} INFO - Setting next_dagrun for example_external_task_marker_parent to None, run_after=None
[2024-05-30T06:47:45.397+0000] {processor.py:183} INFO - Processing /home/airflow/.local/lib/python3.12/site-packages/airflow/example_dags/example_external_task_marker_dag.py took 0.064 seconds
[2024-05-30T06:48:15.534+0000] {processor.py:161} INFO - Started process (PID=910) to work on /home/airflow/.local/lib/python3.12/site-packages/airflow/example_dags/example_external_task_marker_dag.py
[2024-05-30T06:48:15.535+0000] {processor.py:830} INFO - Processing file /home/airflow/.local/lib/python3.12/site-packages/airflow/example_dags/example_external_task_marker_dag.py for tasks to queue
[2024-05-30T06:48:15.536+0000] {logging_mixin.py:188} INFO - [2024-05-30T06:48:15.536+0000] {dagbag.py:545} INFO - Filling up the DagBag from /home/airflow/.local/lib/python3.12/site-packages/airflow/example_dags/example_external_task_marker_dag.py
[2024-05-30T06:48:15.542+0000] {processor.py:840} INFO - DAG(s) 'example_external_task_marker_child', 'example_external_task_marker_parent' retrieved from /home/airflow/.local/lib/python3.12/site-packages/airflow/example_dags/example_external_task_marker_dag.py
[2024-05-30T06:48:15.562+0000] {logging_mixin.py:188} INFO - [2024-05-30T06:48:15.562+0000] {dag.py:3096} INFO - Sync 2 DAGs
[2024-05-30T06:48:15.574+0000] {logging_mixin.py:188} INFO - [2024-05-30T06:48:15.574+0000] {dag.py:3954} INFO - Setting next_dagrun for example_external_task_marker_child to None, run_after=None
[2024-05-30T06:48:15.578+0000] {logging_mixin.py:188} INFO - [2024-05-30T06:48:15.578+0000] {dag.py:3954} INFO - Setting next_dagrun for example_external_task_marker_parent to None, run_after=None
[2024-05-30T06:48:15.593+0000] {processor.py:183} INFO - Processing /home/airflow/.local/lib/python3.12/site-packages/airflow/example_dags/example_external_task_marker_dag.py took 0.065 seconds
[2024-05-30T06:48:45.759+0000] {processor.py:161} INFO - Started process (PID=968) to work on /home/airflow/.local/lib/python3.12/site-packages/airflow/example_dags/example_external_task_marker_dag.py
[2024-05-30T06:48:45.759+0000] {processor.py:830} INFO - Processing file /home/airflow/.local/lib/python3.12/site-packages/airflow/example_dags/example_external_task_marker_dag.py for tasks to queue
[2024-05-30T06:48:45.761+0000] {logging_mixin.py:188} INFO - [2024-05-30T06:48:45.761+0000] {dagbag.py:545} INFO - Filling up the DagBag from /home/airflow/.local/lib/python3.12/site-packages/airflow/example_dags/example_external_task_marker_dag.py
[2024-05-30T06:48:45.767+0000] {processor.py:840} INFO - DAG(s) 'example_external_task_marker_child', 'example_external_task_marker_parent' retrieved from /home/airflow/.local/lib/python3.12/site-packages/airflow/example_dags/example_external_task_marker_dag.py
[2024-05-30T06:48:45.787+0000] {logging_mixin.py:188} INFO - [2024-05-30T06:48:45.787+0000] {dag.py:3096} INFO - Sync 2 DAGs
[2024-05-30T06:48:45.800+0000] {logging_mixin.py:188} INFO - [2024-05-30T06:48:45.799+0000] {dag.py:3954} INFO - Setting next_dagrun for example_external_task_marker_child to None, run_after=None
[2024-05-30T06:48:45.803+0000] {logging_mixin.py:188} INFO - [2024-05-30T06:48:45.803+0000] {dag.py:3954} INFO - Setting next_dagrun for example_external_task_marker_parent to None, run_after=None
[2024-05-30T06:48:45.818+0000] {processor.py:183} INFO - Processing /home/airflow/.local/lib/python3.12/site-packages/airflow/example_dags/example_external_task_marker_dag.py took 0.064 seconds
[2024-05-30T06:49:16.221+0000] {processor.py:161} INFO - Started process (PID=1026) to work on /home/airflow/.local/lib/python3.12/site-packages/airflow/example_dags/example_external_task_marker_dag.py
[2024-05-30T06:49:16.222+0000] {processor.py:830} INFO - Processing file /home/airflow/.local/lib/python3.12/site-packages/airflow/example_dags/example_external_task_marker_dag.py for tasks to queue
[2024-05-30T06:49:16.224+0000] {logging_mixin.py:188} INFO - [2024-05-30T06:49:16.223+0000] {dagbag.py:545} INFO - Filling up the DagBag from /home/airflow/.local/lib/python3.12/site-packages/airflow/example_dags/example_external_task_marker_dag.py
[2024-05-30T06:49:16.229+0000] {processor.py:840} INFO - DAG(s) 'example_external_task_marker_parent', 'example_external_task_marker_child' retrieved from /home/airflow/.local/lib/python3.12/site-packages/airflow/example_dags/example_external_task_marker_dag.py
[2024-05-30T06:49:16.249+0000] {logging_mixin.py:188} INFO - [2024-05-30T06:49:16.249+0000] {dag.py:3096} INFO - Sync 2 DAGs
[2024-05-30T06:49:16.262+0000] {logging_mixin.py:188} INFO - [2024-05-30T06:49:16.262+0000] {dag.py:3954} INFO - Setting next_dagrun for example_external_task_marker_child to None, run_after=None
[2024-05-30T06:49:16.266+0000] {logging_mixin.py:188} INFO - [2024-05-30T06:49:16.266+0000] {dag.py:3954} INFO - Setting next_dagrun for example_external_task_marker_parent to None, run_after=None
[2024-05-30T06:49:16.282+0000] {processor.py:183} INFO - Processing /home/airflow/.local/lib/python3.12/site-packages/airflow/example_dags/example_external_task_marker_dag.py took 0.066 seconds
[2024-05-30T06:49:46.311+0000] {processor.py:161} INFO - Started process (PID=1084) to work on /home/airflow/.local/lib/python3.12/site-packages/airflow/example_dags/example_external_task_marker_dag.py
[2024-05-30T06:49:46.312+0000] {processor.py:830} INFO - Processing file /home/airflow/.local/lib/python3.12/site-packages/airflow/example_dags/example_external_task_marker_dag.py for tasks to queue
[2024-05-30T06:49:46.313+0000] {logging_mixin.py:188} INFO - [2024-05-30T06:49:46.313+0000] {dagbag.py:545} INFO - Filling up the DagBag from /home/airflow/.local/lib/python3.12/site-packages/airflow/example_dags/example_external_task_marker_dag.py
[2024-05-30T06:49:46.320+0000] {processor.py:840} INFO - DAG(s) 'example_external_task_marker_parent', 'example_external_task_marker_child' retrieved from /home/airflow/.local/lib/python3.12/site-packages/airflow/example_dags/example_external_task_marker_dag.py
[2024-05-30T06:49:46.342+0000] {logging_mixin.py:188} INFO - [2024-05-30T06:49:46.342+0000] {dag.py:3096} INFO - Sync 2 DAGs
[2024-05-30T06:49:46.355+0000] {logging_mixin.py:188} INFO - [2024-05-30T06:49:46.355+0000] {dag.py:3954} INFO - Setting next_dagrun for example_external_task_marker_child to None, run_after=None
[2024-05-30T06:49:46.359+0000] {logging_mixin.py:188} INFO - [2024-05-30T06:49:46.358+0000] {dag.py:3954} INFO - Setting next_dagrun for example_external_task_marker_parent to None, run_after=None
[2024-05-30T06:49:46.374+0000] {processor.py:183} INFO - Processing /home/airflow/.local/lib/python3.12/site-packages/airflow/example_dags/example_external_task_marker_dag.py took 0.069 seconds
[2024-05-30T06:50:17.145+0000] {processor.py:161} INFO - Started process (PID=1142) to work on /home/airflow/.local/lib/python3.12/site-packages/airflow/example_dags/example_external_task_marker_dag.py
[2024-05-30T06:50:17.146+0000] {processor.py:830} INFO - Processing file /home/airflow/.local/lib/python3.12/site-packages/airflow/example_dags/example_external_task_marker_dag.py for tasks to queue
[2024-05-30T06:50:17.148+0000] {logging_mixin.py:188} INFO - [2024-05-30T06:50:17.147+0000] {dagbag.py:545} INFO - Filling up the DagBag from /home/airflow/.local/lib/python3.12/site-packages/airflow/example_dags/example_external_task_marker_dag.py
[2024-05-30T06:50:17.153+0000] {processor.py:840} INFO - DAG(s) 'example_external_task_marker_child', 'example_external_task_marker_parent' retrieved from /home/airflow/.local/lib/python3.12/site-packages/airflow/example_dags/example_external_task_marker_dag.py
[2024-05-30T06:50:17.173+0000] {logging_mixin.py:188} INFO - [2024-05-30T06:50:17.173+0000] {dag.py:3096} INFO - Sync 2 DAGs
[2024-05-30T06:50:17.186+0000] {logging_mixin.py:188} INFO - [2024-05-30T06:50:17.185+0000] {dag.py:3954} INFO - Setting next_dagrun for example_external_task_marker_child to None, run_after=None
[2024-05-30T06:50:17.189+0000] {logging_mixin.py:188} INFO - [2024-05-30T06:50:17.189+0000] {dag.py:3954} INFO - Setting next_dagrun for example_external_task_marker_parent to None, run_after=None
[2024-05-30T06:50:17.203+0000] {processor.py:183} INFO - Processing /home/airflow/.local/lib/python3.12/site-packages/airflow/example_dags/example_external_task_marker_dag.py took 0.064 seconds
[2024-05-30T06:50:47.794+0000] {processor.py:161} INFO - Started process (PID=1200) to work on /home/airflow/.local/lib/python3.12/site-packages/airflow/example_dags/example_external_task_marker_dag.py
[2024-05-30T06:50:47.795+0000] {processor.py:830} INFO - Processing file /home/airflow/.local/lib/python3.12/site-packages/airflow/example_dags/example_external_task_marker_dag.py for tasks to queue
[2024-05-30T06:50:47.797+0000] {logging_mixin.py:188} INFO - [2024-05-30T06:50:47.797+0000] {dagbag.py:545} INFO - Filling up the DagBag from /home/airflow/.local/lib/python3.12/site-packages/airflow/example_dags/example_external_task_marker_dag.py
[2024-05-30T06:50:47.806+0000] {processor.py:840} INFO - DAG(s) 'example_external_task_marker_parent', 'example_external_task_marker_child' retrieved from /home/airflow/.local/lib/python3.12/site-packages/airflow/example_dags/example_external_task_marker_dag.py
[2024-05-30T06:50:47.827+0000] {logging_mixin.py:188} INFO - [2024-05-30T06:50:47.826+0000] {dag.py:3096} INFO - Sync 2 DAGs
[2024-05-30T06:50:47.840+0000] {logging_mixin.py:188} INFO - [2024-05-30T06:50:47.839+0000] {dag.py:3954} INFO - Setting next_dagrun for example_external_task_marker_child to None, run_after=None
[2024-05-30T06:50:47.845+0000] {logging_mixin.py:188} INFO - [2024-05-30T06:50:47.845+0000] {dag.py:3954} INFO - Setting next_dagrun for example_external_task_marker_parent to None, run_after=None
[2024-05-30T06:50:47.866+0000] {processor.py:183} INFO - Processing /home/airflow/.local/lib/python3.12/site-packages/airflow/example_dags/example_external_task_marker_dag.py took 0.078 seconds
[2024-05-30T06:51:18.252+0000] {processor.py:161} INFO - Started process (PID=1264) to work on /home/airflow/.local/lib/python3.12/site-packages/airflow/example_dags/example_external_task_marker_dag.py
[2024-05-30T06:51:18.253+0000] {processor.py:830} INFO - Processing file /home/airflow/.local/lib/python3.12/site-packages/airflow/example_dags/example_external_task_marker_dag.py for tasks to queue
[2024-05-30T06:51:18.255+0000] {logging_mixin.py:188} INFO - [2024-05-30T06:51:18.255+0000] {dagbag.py:545} INFO - Filling up the DagBag from /home/airflow/.local/lib/python3.12/site-packages/airflow/example_dags/example_external_task_marker_dag.py
[2024-05-30T06:51:18.260+0000] {processor.py:840} INFO - DAG(s) 'example_external_task_marker_parent', 'example_external_task_marker_child' retrieved from /home/airflow/.local/lib/python3.12/site-packages/airflow/example_dags/example_external_task_marker_dag.py
[2024-05-30T06:51:18.280+0000] {logging_mixin.py:188} INFO - [2024-05-30T06:51:18.280+0000] {dag.py:3096} INFO - Sync 2 DAGs
[2024-05-30T06:51:18.293+0000] {logging_mixin.py:188} INFO - [2024-05-30T06:51:18.293+0000] {dag.py:3954} INFO - Setting next_dagrun for example_external_task_marker_child to None, run_after=None
[2024-05-30T06:51:18.297+0000] {logging_mixin.py:188} INFO - [2024-05-30T06:51:18.297+0000] {dag.py:3954} INFO - Setting next_dagrun for example_external_task_marker_parent to None, run_after=None
[2024-05-30T06:51:18.407+0000] {processor.py:183} INFO - Processing /home/airflow/.local/lib/python3.12/site-packages/airflow/example_dags/example_external_task_marker_dag.py took 0.160 seconds
[2024-05-30T06:51:49.387+0000] {processor.py:161} INFO - Started process (PID=1322) to work on /home/airflow/.local/lib/python3.12/site-packages/airflow/example_dags/example_external_task_marker_dag.py
[2024-05-30T06:51:49.388+0000] {processor.py:830} INFO - Processing file /home/airflow/.local/lib/python3.12/site-packages/airflow/example_dags/example_external_task_marker_dag.py for tasks to queue
[2024-05-30T06:51:49.390+0000] {logging_mixin.py:188} INFO - [2024-05-30T06:51:49.389+0000] {dagbag.py:545} INFO - Filling up the DagBag from /home/airflow/.local/lib/python3.12/site-packages/airflow/example_dags/example_external_task_marker_dag.py
[2024-05-30T06:51:49.395+0000] {processor.py:840} INFO - DAG(s) 'example_external_task_marker_parent', 'example_external_task_marker_child' retrieved from /home/airflow/.local/lib/python3.12/site-packages/airflow/example_dags/example_external_task_marker_dag.py
[2024-05-30T06:51:49.414+0000] {logging_mixin.py:188} INFO - [2024-05-30T06:51:49.413+0000] {dag.py:3096} INFO - Sync 2 DAGs
[2024-05-30T06:51:49.426+0000] {logging_mixin.py:188} INFO - [2024-05-30T06:51:49.426+0000] {dag.py:3954} INFO - Setting next_dagrun for example_external_task_marker_child to None, run_after=None
[2024-05-30T06:51:49.430+0000] {logging_mixin.py:188} INFO - [2024-05-30T06:51:49.430+0000] {dag.py:3954} INFO - Setting next_dagrun for example_external_task_marker_parent to None, run_after=None
[2024-05-30T06:51:49.446+0000] {processor.py:183} INFO - Processing /home/airflow/.local/lib/python3.12/site-packages/airflow/example_dags/example_external_task_marker_dag.py took 0.063 seconds
[2024-05-30T06:52:19.925+0000] {processor.py:161} INFO - Started process (PID=1380) to work on /home/airflow/.local/lib/python3.12/site-packages/airflow/example_dags/example_external_task_marker_dag.py
[2024-05-30T06:52:19.925+0000] {processor.py:830} INFO - Processing file /home/airflow/.local/lib/python3.12/site-packages/airflow/example_dags/example_external_task_marker_dag.py for tasks to queue
[2024-05-30T06:52:19.927+0000] {logging_mixin.py:188} INFO - [2024-05-30T06:52:19.927+0000] {dagbag.py:545} INFO - Filling up the DagBag from /home/airflow/.local/lib/python3.12/site-packages/airflow/example_dags/example_external_task_marker_dag.py
[2024-05-30T06:52:19.933+0000] {processor.py:840} INFO - DAG(s) 'example_external_task_marker_parent', 'example_external_task_marker_child' retrieved from /home/airflow/.local/lib/python3.12/site-packages/airflow/example_dags/example_external_task_marker_dag.py
[2024-05-30T06:52:19.953+0000] {logging_mixin.py:188} INFO - [2024-05-30T06:52:19.953+0000] {dag.py:3096} INFO - Sync 2 DAGs
[2024-05-30T06:52:19.966+0000] {logging_mixin.py:188} INFO - [2024-05-30T06:52:19.966+0000] {dag.py:3954} INFO - Setting next_dagrun for example_external_task_marker_child to None, run_after=None
[2024-05-30T06:52:19.970+0000] {logging_mixin.py:188} INFO - [2024-05-30T06:52:19.970+0000] {dag.py:3954} INFO - Setting next_dagrun for example_external_task_marker_parent to None, run_after=None
[2024-05-30T06:52:19.985+0000] {processor.py:183} INFO - Processing /home/airflow/.local/lib/python3.12/site-packages/airflow/example_dags/example_external_task_marker_dag.py took 0.065 seconds
[2024-05-30T06:52:50.486+0000] {processor.py:161} INFO - Started process (PID=1438) to work on /home/airflow/.local/lib/python3.12/site-packages/airflow/example_dags/example_external_task_marker_dag.py
[2024-05-30T06:52:50.487+0000] {processor.py:830} INFO - Processing file /home/airflow/.local/lib/python3.12/site-packages/airflow/example_dags/example_external_task_marker_dag.py for tasks to queue
[2024-05-30T06:52:50.489+0000] {logging_mixin.py:188} INFO - [2024-05-30T06:52:50.488+0000] {dagbag.py:545} INFO - Filling up the DagBag from /home/airflow/.local/lib/python3.12/site-packages/airflow/example_dags/example_external_task_marker_dag.py
[2024-05-30T06:52:50.495+0000] {processor.py:840} INFO - DAG(s) 'example_external_task_marker_parent', 'example_external_task_marker_child' retrieved from /home/airflow/.local/lib/python3.12/site-packages/airflow/example_dags/example_external_task_marker_dag.py
[2024-05-30T06:52:50.522+0000] {logging_mixin.py:188} INFO - [2024-05-30T06:52:50.522+0000] {dag.py:3096} INFO - Sync 2 DAGs
[2024-05-30T06:52:50.536+0000] {logging_mixin.py:188} INFO - [2024-05-30T06:52:50.536+0000] {dag.py:3954} INFO - Setting next_dagrun for example_external_task_marker_child to None, run_after=None
[2024-05-30T06:52:50.541+0000] {logging_mixin.py:188} INFO - [2024-05-30T06:52:50.541+0000] {dag.py:3954} INFO - Setting next_dagrun for example_external_task_marker_parent to None, run_after=None
[2024-05-30T06:52:50.560+0000] {processor.py:183} INFO - Processing /home/airflow/.local/lib/python3.12/site-packages/airflow/example_dags/example_external_task_marker_dag.py took 0.080 seconds
[2024-05-30T06:53:21.065+0000] {processor.py:161} INFO - Started process (PID=1496) to work on /home/airflow/.local/lib/python3.12/site-packages/airflow/example_dags/example_external_task_marker_dag.py
[2024-05-30T06:53:21.066+0000] {processor.py:830} INFO - Processing file /home/airflow/.local/lib/python3.12/site-packages/airflow/example_dags/example_external_task_marker_dag.py for tasks to queue
[2024-05-30T06:53:21.067+0000] {logging_mixin.py:188} INFO - [2024-05-30T06:53:21.067+0000] {dagbag.py:545} INFO - Filling up the DagBag from /home/airflow/.local/lib/python3.12/site-packages/airflow/example_dags/example_external_task_marker_dag.py
[2024-05-30T06:53:21.073+0000] {processor.py:840} INFO - DAG(s) 'example_external_task_marker_parent', 'example_external_task_marker_child' retrieved from /home/airflow/.local/lib/python3.12/site-packages/airflow/example_dags/example_external_task_marker_dag.py
[2024-05-30T06:53:21.095+0000] {logging_mixin.py:188} INFO - [2024-05-30T06:53:21.094+0000] {dag.py:3096} INFO - Sync 2 DAGs
[2024-05-30T06:53:21.107+0000] {logging_mixin.py:188} INFO - [2024-05-30T06:53:21.107+0000] {dag.py:3954} INFO - Setting next_dagrun for example_external_task_marker_child to None, run_after=None
[2024-05-30T06:53:21.111+0000] {logging_mixin.py:188} INFO - [2024-05-30T06:53:21.111+0000] {dag.py:3954} INFO - Setting next_dagrun for example_external_task_marker_parent to None, run_after=None
[2024-05-30T06:53:21.127+0000] {processor.py:183} INFO - Processing /home/airflow/.local/lib/python3.12/site-packages/airflow/example_dags/example_external_task_marker_dag.py took 0.068 seconds
[2024-05-30T06:53:51.483+0000] {processor.py:161} INFO - Started process (PID=1554) to work on /home/airflow/.local/lib/python3.12/site-packages/airflow/example_dags/example_external_task_marker_dag.py
[2024-05-30T06:53:51.483+0000] {processor.py:830} INFO - Processing file /home/airflow/.local/lib/python3.12/site-packages/airflow/example_dags/example_external_task_marker_dag.py for tasks to queue
[2024-05-30T06:53:51.485+0000] {logging_mixin.py:188} INFO - [2024-05-30T06:53:51.485+0000] {dagbag.py:545} INFO - Filling up the DagBag from /home/airflow/.local/lib/python3.12/site-packages/airflow/example_dags/example_external_task_marker_dag.py
[2024-05-30T06:53:51.490+0000] {processor.py:840} INFO - DAG(s) 'example_external_task_marker_parent', 'example_external_task_marker_child' retrieved from /home/airflow/.local/lib/python3.12/site-packages/airflow/example_dags/example_external_task_marker_dag.py
[2024-05-30T06:53:51.511+0000] {logging_mixin.py:188} INFO - [2024-05-30T06:53:51.511+0000] {dag.py:3096} INFO - Sync 2 DAGs
[2024-05-30T06:53:51.524+0000] {logging_mixin.py:188} INFO - [2024-05-30T06:53:51.524+0000] {dag.py:3954} INFO - Setting next_dagrun for example_external_task_marker_child to None, run_after=None
[2024-05-30T06:53:51.528+0000] {logging_mixin.py:188} INFO - [2024-05-30T06:53:51.528+0000] {dag.py:3954} INFO - Setting next_dagrun for example_external_task_marker_parent to None, run_after=None
[2024-05-30T06:53:51.544+0000] {processor.py:183} INFO - Processing /home/airflow/.local/lib/python3.12/site-packages/airflow/example_dags/example_external_task_marker_dag.py took 0.067 seconds
[2024-05-30T06:54:22.290+0000] {processor.py:161} INFO - Started process (PID=1612) to work on /home/airflow/.local/lib/python3.12/site-packages/airflow/example_dags/example_external_task_marker_dag.py
[2024-05-30T06:54:22.291+0000] {processor.py:830} INFO - Processing file /home/airflow/.local/lib/python3.12/site-packages/airflow/example_dags/example_external_task_marker_dag.py for tasks to queue
[2024-05-30T06:54:22.292+0000] {logging_mixin.py:188} INFO - [2024-05-30T06:54:22.292+0000] {dagbag.py:545} INFO - Filling up the DagBag from /home/airflow/.local/lib/python3.12/site-packages/airflow/example_dags/example_external_task_marker_dag.py
[2024-05-30T06:54:22.298+0000] {processor.py:840} INFO - DAG(s) 'example_external_task_marker_parent', 'example_external_task_marker_child' retrieved from /home/airflow/.local/lib/python3.12/site-packages/airflow/example_dags/example_external_task_marker_dag.py
[2024-05-30T06:54:22.318+0000] {logging_mixin.py:188} INFO - [2024-05-30T06:54:22.318+0000] {dag.py:3096} INFO - Sync 2 DAGs
[2024-05-30T06:54:22.330+0000] {logging_mixin.py:188} INFO - [2024-05-30T06:54:22.330+0000] {dag.py:3954} INFO - Setting next_dagrun for example_external_task_marker_child to None, run_after=None
[2024-05-30T06:54:22.334+0000] {logging_mixin.py:188} INFO - [2024-05-30T06:54:22.334+0000] {dag.py:3954} INFO - Setting next_dagrun for example_external_task_marker_parent to None, run_after=None
[2024-05-30T06:54:22.349+0000] {processor.py:183} INFO - Processing /home/airflow/.local/lib/python3.12/site-packages/airflow/example_dags/example_external_task_marker_dag.py took 0.065 seconds
[2024-05-30T06:54:52.637+0000] {processor.py:161} INFO - Started process (PID=1670) to work on /home/airflow/.local/lib/python3.12/site-packages/airflow/example_dags/example_external_task_marker_dag.py
[2024-05-30T06:54:52.637+0000] {processor.py:830} INFO - Processing file /home/airflow/.local/lib/python3.12/site-packages/airflow/example_dags/example_external_task_marker_dag.py for tasks to queue
[2024-05-30T06:54:52.639+0000] {logging_mixin.py:188} INFO - [2024-05-30T06:54:52.639+0000] {dagbag.py:545} INFO - Filling up the DagBag from /home/airflow/.local/lib/python3.12/site-packages/airflow/example_dags/example_external_task_marker_dag.py
[2024-05-30T06:54:52.644+0000] {processor.py:840} INFO - DAG(s) 'example_external_task_marker_child', 'example_external_task_marker_parent' retrieved from /home/airflow/.local/lib/python3.12/site-packages/airflow/example_dags/example_external_task_marker_dag.py
[2024-05-30T06:54:52.665+0000] {logging_mixin.py:188} INFO - [2024-05-30T06:54:52.665+0000] {dag.py:3096} INFO - Sync 2 DAGs
[2024-05-30T06:54:52.678+0000] {logging_mixin.py:188} INFO - [2024-05-30T06:54:52.678+0000] {dag.py:3954} INFO - Setting next_dagrun for example_external_task_marker_child to None, run_after=None
[2024-05-30T06:54:52.682+0000] {logging_mixin.py:188} INFO - [2024-05-30T06:54:52.682+0000] {dag.py:3954} INFO - Setting next_dagrun for example_external_task_marker_parent to None, run_after=None
[2024-05-30T06:54:52.698+0000] {processor.py:183} INFO - Processing /home/airflow/.local/lib/python3.12/site-packages/airflow/example_dags/example_external_task_marker_dag.py took 0.067 seconds
[2024-05-30T06:55:23.031+0000] {processor.py:161} INFO - Started process (PID=1728) to work on /home/airflow/.local/lib/python3.12/site-packages/airflow/example_dags/example_external_task_marker_dag.py
[2024-05-30T06:55:23.032+0000] {processor.py:830} INFO - Processing file /home/airflow/.local/lib/python3.12/site-packages/airflow/example_dags/example_external_task_marker_dag.py for tasks to queue
[2024-05-30T06:55:23.034+0000] {logging_mixin.py:188} INFO - [2024-05-30T06:55:23.033+0000] {dagbag.py:545} INFO - Filling up the DagBag from /home/airflow/.local/lib/python3.12/site-packages/airflow/example_dags/example_external_task_marker_dag.py
[2024-05-30T06:55:23.039+0000] {processor.py:840} INFO - DAG(s) 'example_external_task_marker_parent', 'example_external_task_marker_child' retrieved from /home/airflow/.local/lib/python3.12/site-packages/airflow/example_dags/example_external_task_marker_dag.py
[2024-05-30T06:55:23.059+0000] {logging_mixin.py:188} INFO - [2024-05-30T06:55:23.059+0000] {dag.py:3096} INFO - Sync 2 DAGs
[2024-05-30T06:55:23.071+0000] {logging_mixin.py:188} INFO - [2024-05-30T06:55:23.071+0000] {dag.py:3954} INFO - Setting next_dagrun for example_external_task_marker_child to None, run_after=None
[2024-05-30T06:55:23.075+0000] {logging_mixin.py:188} INFO - [2024-05-30T06:55:23.075+0000] {dag.py:3954} INFO - Setting next_dagrun for example_external_task_marker_parent to None, run_after=None
[2024-05-30T06:55:23.091+0000] {processor.py:183} INFO - Processing /home/airflow/.local/lib/python3.12/site-packages/airflow/example_dags/example_external_task_marker_dag.py took 0.065 seconds
[2024-05-30T06:55:53.216+0000] {processor.py:161} INFO - Started process (PID=1786) to work on /home/airflow/.local/lib/python3.12/site-packages/airflow/example_dags/example_external_task_marker_dag.py
[2024-05-30T06:55:53.217+0000] {processor.py:830} INFO - Processing file /home/airflow/.local/lib/python3.12/site-packages/airflow/example_dags/example_external_task_marker_dag.py for tasks to queue
[2024-05-30T06:55:53.219+0000] {logging_mixin.py:188} INFO - [2024-05-30T06:55:53.218+0000] {dagbag.py:545} INFO - Filling up the DagBag from /home/airflow/.local/lib/python3.12/site-packages/airflow/example_dags/example_external_task_marker_dag.py
[2024-05-30T06:55:53.224+0000] {processor.py:840} INFO - DAG(s) 'example_external_task_marker_child', 'example_external_task_marker_parent' retrieved from /home/airflow/.local/lib/python3.12/site-packages/airflow/example_dags/example_external_task_marker_dag.py
[2024-05-30T06:55:53.243+0000] {logging_mixin.py:188} INFO - [2024-05-30T06:55:53.243+0000] {dag.py:3096} INFO - Sync 2 DAGs
[2024-05-30T06:55:53.256+0000] {logging_mixin.py:188} INFO - [2024-05-30T06:55:53.256+0000] {dag.py:3954} INFO - Setting next_dagrun for example_external_task_marker_child to None, run_after=None
[2024-05-30T06:55:53.260+0000] {logging_mixin.py:188} INFO - [2024-05-30T06:55:53.260+0000] {dag.py:3954} INFO - Setting next_dagrun for example_external_task_marker_parent to None, run_after=None
[2024-05-30T06:55:53.276+0000] {processor.py:183} INFO - Processing /home/airflow/.local/lib/python3.12/site-packages/airflow/example_dags/example_external_task_marker_dag.py took 0.064 seconds
[2024-05-30T06:56:23.443+0000] {processor.py:161} INFO - Started process (PID=1844) to work on /home/airflow/.local/lib/python3.12/site-packages/airflow/example_dags/example_external_task_marker_dag.py
[2024-05-30T06:56:23.444+0000] {processor.py:830} INFO - Processing file /home/airflow/.local/lib/python3.12/site-packages/airflow/example_dags/example_external_task_marker_dag.py for tasks to queue
[2024-05-30T06:56:23.445+0000] {logging_mixin.py:188} INFO - [2024-05-30T06:56:23.445+0000] {dagbag.py:545} INFO - Filling up the DagBag from /home/airflow/.local/lib/python3.12/site-packages/airflow/example_dags/example_external_task_marker_dag.py
[2024-05-30T06:56:23.450+0000] {processor.py:840} INFO - DAG(s) 'example_external_task_marker_parent', 'example_external_task_marker_child' retrieved from /home/airflow/.local/lib/python3.12/site-packages/airflow/example_dags/example_external_task_marker_dag.py
[2024-05-30T06:56:23.472+0000] {logging_mixin.py:188} INFO - [2024-05-30T06:56:23.472+0000] {dag.py:3096} INFO - Sync 2 DAGs
[2024-05-30T06:56:23.485+0000] {logging_mixin.py:188} INFO - [2024-05-30T06:56:23.485+0000] {dag.py:3954} INFO - Setting next_dagrun for example_external_task_marker_child to None, run_after=None
[2024-05-30T06:56:23.489+0000] {logging_mixin.py:188} INFO - [2024-05-30T06:56:23.489+0000] {dag.py:3954} INFO - Setting next_dagrun for example_external_task_marker_parent to None, run_after=None
[2024-05-30T06:56:23.504+0000] {processor.py:183} INFO - Processing /home/airflow/.local/lib/python3.12/site-packages/airflow/example_dags/example_external_task_marker_dag.py took 0.067 seconds
[2024-05-30T06:56:53.552+0000] {processor.py:161} INFO - Started process (PID=1902) to work on /home/airflow/.local/lib/python3.12/site-packages/airflow/example_dags/example_external_task_marker_dag.py
[2024-05-30T06:56:53.553+0000] {processor.py:830} INFO - Processing file /home/airflow/.local/lib/python3.12/site-packages/airflow/example_dags/example_external_task_marker_dag.py for tasks to queue
[2024-05-30T06:56:53.555+0000] {logging_mixin.py:188} INFO - [2024-05-30T06:56:53.554+0000] {dagbag.py:545} INFO - Filling up the DagBag from /home/airflow/.local/lib/python3.12/site-packages/airflow/example_dags/example_external_task_marker_dag.py
[2024-05-30T06:56:53.560+0000] {processor.py:840} INFO - DAG(s) 'example_external_task_marker_child', 'example_external_task_marker_parent' retrieved from /home/airflow/.local/lib/python3.12/site-packages/airflow/example_dags/example_external_task_marker_dag.py
[2024-05-30T06:56:53.580+0000] {logging_mixin.py:188} INFO - [2024-05-30T06:56:53.580+0000] {dag.py:3096} INFO - Sync 2 DAGs
[2024-05-30T06:56:53.593+0000] {logging_mixin.py:188} INFO - [2024-05-30T06:56:53.593+0000] {dag.py:3954} INFO - Setting next_dagrun for example_external_task_marker_child to None, run_after=None
[2024-05-30T06:56:53.597+0000] {logging_mixin.py:188} INFO - [2024-05-30T06:56:53.597+0000] {dag.py:3954} INFO - Setting next_dagrun for example_external_task_marker_parent to None, run_after=None
[2024-05-30T06:56:53.611+0000] {processor.py:183} INFO - Processing /home/airflow/.local/lib/python3.12/site-packages/airflow/example_dags/example_external_task_marker_dag.py took 0.064 seconds
[2024-05-30T06:57:24.035+0000] {processor.py:161} INFO - Started process (PID=1960) to work on /home/airflow/.local/lib/python3.12/site-packages/airflow/example_dags/example_external_task_marker_dag.py
[2024-05-30T06:57:24.036+0000] {processor.py:830} INFO - Processing file /home/airflow/.local/lib/python3.12/site-packages/airflow/example_dags/example_external_task_marker_dag.py for tasks to queue
[2024-05-30T06:57:24.037+0000] {logging_mixin.py:188} INFO - [2024-05-30T06:57:24.037+0000] {dagbag.py:545} INFO - Filling up the DagBag from /home/airflow/.local/lib/python3.12/site-packages/airflow/example_dags/example_external_task_marker_dag.py
[2024-05-30T06:57:24.043+0000] {processor.py:840} INFO - DAG(s) 'example_external_task_marker_child', 'example_external_task_marker_parent' retrieved from /home/airflow/.local/lib/python3.12/site-packages/airflow/example_dags/example_external_task_marker_dag.py
[2024-05-30T06:57:24.062+0000] {logging_mixin.py:188} INFO - [2024-05-30T06:57:24.062+0000] {dag.py:3096} INFO - Sync 2 DAGs
[2024-05-30T06:57:24.075+0000] {logging_mixin.py:188} INFO - [2024-05-30T06:57:24.074+0000] {dag.py:3954} INFO - Setting next_dagrun for example_external_task_marker_child to None, run_after=None
[2024-05-30T06:57:24.078+0000] {logging_mixin.py:188} INFO - [2024-05-30T06:57:24.078+0000] {dag.py:3954} INFO - Setting next_dagrun for example_external_task_marker_parent to None, run_after=None
[2024-05-30T06:57:24.094+0000] {processor.py:183} INFO - Processing /home/airflow/.local/lib/python3.12/site-packages/airflow/example_dags/example_external_task_marker_dag.py took 0.064 seconds
[2024-05-30T06:57:54.629+0000] {processor.py:161} INFO - Started process (PID=2018) to work on /home/airflow/.local/lib/python3.12/site-packages/airflow/example_dags/example_external_task_marker_dag.py
[2024-05-30T06:57:54.630+0000] {processor.py:830} INFO - Processing file /home/airflow/.local/lib/python3.12/site-packages/airflow/example_dags/example_external_task_marker_dag.py for tasks to queue
[2024-05-30T06:57:54.631+0000] {logging_mixin.py:188} INFO - [2024-05-30T06:57:54.631+0000] {dagbag.py:545} INFO - Filling up the DagBag from /home/airflow/.local/lib/python3.12/site-packages/airflow/example_dags/example_external_task_marker_dag.py
[2024-05-30T06:57:54.637+0000] {processor.py:840} INFO - DAG(s) 'example_external_task_marker_child', 'example_external_task_marker_parent' retrieved from /home/airflow/.local/lib/python3.12/site-packages/airflow/example_dags/example_external_task_marker_dag.py
[2024-05-30T06:57:54.657+0000] {logging_mixin.py:188} INFO - [2024-05-30T06:57:54.657+0000] {dag.py:3096} INFO - Sync 2 DAGs
[2024-05-30T06:57:54.670+0000] {logging_mixin.py:188} INFO - [2024-05-30T06:57:54.669+0000] {dag.py:3954} INFO - Setting next_dagrun for example_external_task_marker_child to None, run_after=None
[2024-05-30T06:57:54.673+0000] {logging_mixin.py:188} INFO - [2024-05-30T06:57:54.673+0000] {dag.py:3954} INFO - Setting next_dagrun for example_external_task_marker_parent to None, run_after=None
[2024-05-30T06:57:54.688+0000] {processor.py:183} INFO - Processing /home/airflow/.local/lib/python3.12/site-packages/airflow/example_dags/example_external_task_marker_dag.py took 0.064 seconds
[2024-05-30T06:58:25.231+0000] {processor.py:161} INFO - Started process (PID=2076) to work on /home/airflow/.local/lib/python3.12/site-packages/airflow/example_dags/example_external_task_marker_dag.py
[2024-05-30T06:58:25.232+0000] {processor.py:830} INFO - Processing file /home/airflow/.local/lib/python3.12/site-packages/airflow/example_dags/example_external_task_marker_dag.py for tasks to queue
[2024-05-30T06:58:25.234+0000] {logging_mixin.py:188} INFO - [2024-05-30T06:58:25.233+0000] {dagbag.py:545} INFO - Filling up the DagBag from /home/airflow/.local/lib/python3.12/site-packages/airflow/example_dags/example_external_task_marker_dag.py
[2024-05-30T06:58:25.239+0000] {processor.py:840} INFO - DAG(s) 'example_external_task_marker_parent', 'example_external_task_marker_child' retrieved from /home/airflow/.local/lib/python3.12/site-packages/airflow/example_dags/example_external_task_marker_dag.py
[2024-05-30T06:58:25.260+0000] {logging_mixin.py:188} INFO - [2024-05-30T06:58:25.260+0000] {dag.py:3096} INFO - Sync 2 DAGs
[2024-05-30T06:58:25.274+0000] {logging_mixin.py:188} INFO - [2024-05-30T06:58:25.274+0000] {dag.py:3954} INFO - Setting next_dagrun for example_external_task_marker_child to None, run_after=None
[2024-05-30T06:58:25.278+0000] {logging_mixin.py:188} INFO - [2024-05-30T06:58:25.278+0000] {dag.py:3954} INFO - Setting next_dagrun for example_external_task_marker_parent to None, run_after=None
[2024-05-30T06:58:25.297+0000] {processor.py:183} INFO - Processing /home/airflow/.local/lib/python3.12/site-packages/airflow/example_dags/example_external_task_marker_dag.py took 0.071 seconds
[2024-05-30T06:58:55.855+0000] {processor.py:161} INFO - Started process (PID=2134) to work on /home/airflow/.local/lib/python3.12/site-packages/airflow/example_dags/example_external_task_marker_dag.py
[2024-05-30T06:58:55.856+0000] {processor.py:830} INFO - Processing file /home/airflow/.local/lib/python3.12/site-packages/airflow/example_dags/example_external_task_marker_dag.py for tasks to queue
[2024-05-30T06:58:55.857+0000] {logging_mixin.py:188} INFO - [2024-05-30T06:58:55.857+0000] {dagbag.py:545} INFO - Filling up the DagBag from /home/airflow/.local/lib/python3.12/site-packages/airflow/example_dags/example_external_task_marker_dag.py
[2024-05-30T06:58:55.862+0000] {processor.py:840} INFO - DAG(s) 'example_external_task_marker_child', 'example_external_task_marker_parent' retrieved from /home/airflow/.local/lib/python3.12/site-packages/airflow/example_dags/example_external_task_marker_dag.py
[2024-05-30T06:58:55.882+0000] {logging_mixin.py:188} INFO - [2024-05-30T06:58:55.882+0000] {dag.py:3096} INFO - Sync 2 DAGs
[2024-05-30T06:58:55.895+0000] {logging_mixin.py:188} INFO - [2024-05-30T06:58:55.895+0000] {dag.py:3954} INFO - Setting next_dagrun for example_external_task_marker_child to None, run_after=None
[2024-05-30T06:58:55.899+0000] {logging_mixin.py:188} INFO - [2024-05-30T06:58:55.898+0000] {dag.py:3954} INFO - Setting next_dagrun for example_external_task_marker_parent to None, run_after=None
[2024-05-30T06:58:55.914+0000] {processor.py:183} INFO - Processing /home/airflow/.local/lib/python3.12/site-packages/airflow/example_dags/example_external_task_marker_dag.py took 0.064 seconds
[2024-05-30T06:59:26.446+0000] {processor.py:161} INFO - Started process (PID=2192) to work on /home/airflow/.local/lib/python3.12/site-packages/airflow/example_dags/example_external_task_marker_dag.py
[2024-05-30T06:59:26.447+0000] {processor.py:830} INFO - Processing file /home/airflow/.local/lib/python3.12/site-packages/airflow/example_dags/example_external_task_marker_dag.py for tasks to queue
[2024-05-30T06:59:26.449+0000] {logging_mixin.py:188} INFO - [2024-05-30T06:59:26.449+0000] {dagbag.py:545} INFO - Filling up the DagBag from /home/airflow/.local/lib/python3.12/site-packages/airflow/example_dags/example_external_task_marker_dag.py
[2024-05-30T06:59:26.454+0000] {processor.py:840} INFO - DAG(s) 'example_external_task_marker_child', 'example_external_task_marker_parent' retrieved from /home/airflow/.local/lib/python3.12/site-packages/airflow/example_dags/example_external_task_marker_dag.py
[2024-05-30T06:59:26.474+0000] {logging_mixin.py:188} INFO - [2024-05-30T06:59:26.474+0000] {dag.py:3096} INFO - Sync 2 DAGs
[2024-05-30T06:59:26.486+0000] {logging_mixin.py:188} INFO - [2024-05-30T06:59:26.486+0000] {dag.py:3954} INFO - Setting next_dagrun for example_external_task_marker_child to None, run_after=None
[2024-05-30T06:59:26.490+0000] {logging_mixin.py:188} INFO - [2024-05-30T06:59:26.490+0000] {dag.py:3954} INFO - Setting next_dagrun for example_external_task_marker_parent to None, run_after=None
[2024-05-30T06:59:26.506+0000] {processor.py:183} INFO - Processing /home/airflow/.local/lib/python3.12/site-packages/airflow/example_dags/example_external_task_marker_dag.py took 0.064 seconds
[2024-05-30T06:59:56.835+0000] {processor.py:161} INFO - Started process (PID=2250) to work on /home/airflow/.local/lib/python3.12/site-packages/airflow/example_dags/example_external_task_marker_dag.py
[2024-05-30T06:59:56.836+0000] {processor.py:830} INFO - Processing file /home/airflow/.local/lib/python3.12/site-packages/airflow/example_dags/example_external_task_marker_dag.py for tasks to queue
[2024-05-30T06:59:56.838+0000] {logging_mixin.py:188} INFO - [2024-05-30T06:59:56.837+0000] {dagbag.py:545} INFO - Filling up the DagBag from /home/airflow/.local/lib/python3.12/site-packages/airflow/example_dags/example_external_task_marker_dag.py
[2024-05-30T06:59:56.843+0000] {processor.py:840} INFO - DAG(s) 'example_external_task_marker_child', 'example_external_task_marker_parent' retrieved from /home/airflow/.local/lib/python3.12/site-packages/airflow/example_dags/example_external_task_marker_dag.py
[2024-05-30T06:59:56.863+0000] {logging_mixin.py:188} INFO - [2024-05-30T06:59:56.863+0000] {dag.py:3096} INFO - Sync 2 DAGs
[2024-05-30T06:59:56.876+0000] {logging_mixin.py:188} INFO - [2024-05-30T06:59:56.876+0000] {dag.py:3954} INFO - Setting next_dagrun for example_external_task_marker_child to None, run_after=None
[2024-05-30T06:59:56.880+0000] {logging_mixin.py:188} INFO - [2024-05-30T06:59:56.880+0000] {dag.py:3954} INFO - Setting next_dagrun for example_external_task_marker_parent to None, run_after=None
[2024-05-30T06:59:56.895+0000] {processor.py:183} INFO - Processing /home/airflow/.local/lib/python3.12/site-packages/airflow/example_dags/example_external_task_marker_dag.py took 0.065 seconds
[2024-05-30T07:00:27.486+0000] {processor.py:161} INFO - Started process (PID=2308) to work on /home/airflow/.local/lib/python3.12/site-packages/airflow/example_dags/example_external_task_marker_dag.py
[2024-05-30T07:00:27.486+0000] {processor.py:830} INFO - Processing file /home/airflow/.local/lib/python3.12/site-packages/airflow/example_dags/example_external_task_marker_dag.py for tasks to queue
[2024-05-30T07:00:27.488+0000] {logging_mixin.py:188} INFO - [2024-05-30T07:00:27.488+0000] {dagbag.py:545} INFO - Filling up the DagBag from /home/airflow/.local/lib/python3.12/site-packages/airflow/example_dags/example_external_task_marker_dag.py
[2024-05-30T07:00:27.493+0000] {processor.py:840} INFO - DAG(s) 'example_external_task_marker_child', 'example_external_task_marker_parent' retrieved from /home/airflow/.local/lib/python3.12/site-packages/airflow/example_dags/example_external_task_marker_dag.py
[2024-05-30T07:00:27.514+0000] {logging_mixin.py:188} INFO - [2024-05-30T07:00:27.514+0000] {dag.py:3096} INFO - Sync 2 DAGs
[2024-05-30T07:00:27.526+0000] {logging_mixin.py:188} INFO - [2024-05-30T07:00:27.526+0000] {dag.py:3954} INFO - Setting next_dagrun for example_external_task_marker_child to None, run_after=None
[2024-05-30T07:00:27.530+0000] {logging_mixin.py:188} INFO - [2024-05-30T07:00:27.530+0000] {dag.py:3954} INFO - Setting next_dagrun for example_external_task_marker_parent to None, run_after=None
[2024-05-30T07:00:27.546+0000] {processor.py:183} INFO - Processing /home/airflow/.local/lib/python3.12/site-packages/airflow/example_dags/example_external_task_marker_dag.py took 0.065 seconds
[2024-05-30T07:00:58.070+0000] {processor.py:161} INFO - Started process (PID=2366) to work on /home/airflow/.local/lib/python3.12/site-packages/airflow/example_dags/example_external_task_marker_dag.py
[2024-05-30T07:00:58.071+0000] {processor.py:830} INFO - Processing file /home/airflow/.local/lib/python3.12/site-packages/airflow/example_dags/example_external_task_marker_dag.py for tasks to queue
[2024-05-30T07:00:58.072+0000] {logging_mixin.py:188} INFO - [2024-05-30T07:00:58.072+0000] {dagbag.py:545} INFO - Filling up the DagBag from /home/airflow/.local/lib/python3.12/site-packages/airflow/example_dags/example_external_task_marker_dag.py
[2024-05-30T07:00:58.078+0000] {processor.py:840} INFO - DAG(s) 'example_external_task_marker_child', 'example_external_task_marker_parent' retrieved from /home/airflow/.local/lib/python3.12/site-packages/airflow/example_dags/example_external_task_marker_dag.py
[2024-05-30T07:00:58.097+0000] {logging_mixin.py:188} INFO - [2024-05-30T07:00:58.096+0000] {dag.py:3096} INFO - Sync 2 DAGs
[2024-05-30T07:00:58.109+0000] {logging_mixin.py:188} INFO - [2024-05-30T07:00:58.109+0000] {dag.py:3954} INFO - Setting next_dagrun for example_external_task_marker_child to None, run_after=None
[2024-05-30T07:00:58.113+0000] {logging_mixin.py:188} INFO - [2024-05-30T07:00:58.113+0000] {dag.py:3954} INFO - Setting next_dagrun for example_external_task_marker_parent to None, run_after=None
[2024-05-30T07:00:58.128+0000] {processor.py:183} INFO - Processing /home/airflow/.local/lib/python3.12/site-packages/airflow/example_dags/example_external_task_marker_dag.py took 0.063 seconds
[2024-05-30T07:01:28.496+0000] {processor.py:161} INFO - Started process (PID=2424) to work on /home/airflow/.local/lib/python3.12/site-packages/airflow/example_dags/example_external_task_marker_dag.py
[2024-05-30T07:01:28.497+0000] {processor.py:830} INFO - Processing file /home/airflow/.local/lib/python3.12/site-packages/airflow/example_dags/example_external_task_marker_dag.py for tasks to queue
[2024-05-30T07:01:28.499+0000] {logging_mixin.py:188} INFO - [2024-05-30T07:01:28.498+0000] {dagbag.py:545} INFO - Filling up the DagBag from /home/airflow/.local/lib/python3.12/site-packages/airflow/example_dags/example_external_task_marker_dag.py
[2024-05-30T07:01:28.504+0000] {processor.py:840} INFO - DAG(s) 'example_external_task_marker_parent', 'example_external_task_marker_child' retrieved from /home/airflow/.local/lib/python3.12/site-packages/airflow/example_dags/example_external_task_marker_dag.py
[2024-05-30T07:01:28.527+0000] {logging_mixin.py:188} INFO - [2024-05-30T07:01:28.527+0000] {dag.py:3096} INFO - Sync 2 DAGs
[2024-05-30T07:01:28.541+0000] {logging_mixin.py:188} INFO - [2024-05-30T07:01:28.541+0000] {dag.py:3954} INFO - Setting next_dagrun for example_external_task_marker_child to None, run_after=None
[2024-05-30T07:01:28.545+0000] {logging_mixin.py:188} INFO - [2024-05-30T07:01:28.545+0000] {dag.py:3954} INFO - Setting next_dagrun for example_external_task_marker_parent to None, run_after=None
[2024-05-30T07:01:28.561+0000] {processor.py:183} INFO - Processing /home/airflow/.local/lib/python3.12/site-packages/airflow/example_dags/example_external_task_marker_dag.py took 0.070 seconds
