[2024-05-30T06:40:41.015+0000] {processor.py:161} INFO - Started process (PID=66) to work on /home/airflow/.local/lib/python3.12/site-packages/airflow/example_dags/example_python_decorator.py
[2024-05-30T06:40:41.016+0000] {processor.py:830} INFO - Processing file /home/airflow/.local/lib/python3.12/site-packages/airflow/example_dags/example_python_decorator.py for tasks to queue
[2024-05-30T06:40:41.018+0000] {logging_mixin.py:188} INFO - [2024-05-30T06:40:41.018+0000] {dagbag.py:545} INFO - Filling up the DagBag from /home/airflow/.local/lib/python3.12/site-packages/airflow/example_dags/example_python_decorator.py
[2024-05-30T06:40:41.034+0000] {processor.py:840} INFO - DAG(s) 'example_python_decorator' retrieved from /home/airflow/.local/lib/python3.12/site-packages/airflow/example_dags/example_python_decorator.py
[2024-05-30T06:40:41.044+0000] {logging_mixin.py:188} INFO - [2024-05-30T06:40:41.043+0000] {dag.py:3096} INFO - Sync 1 DAGs
[2024-05-30T06:40:41.059+0000] {logging_mixin.py:188} INFO - [2024-05-30T06:40:41.058+0000] {dag.py:3954} INFO - Setting next_dagrun for example_python_decorator to None, run_after=None
[2024-05-30T06:40:41.078+0000] {processor.py:183} INFO - Processing /home/airflow/.local/lib/python3.12/site-packages/airflow/example_dags/example_python_decorator.py took 0.068 seconds
[2024-05-30T06:41:13.342+0000] {processor.py:161} INFO - Started process (PID=124) to work on /home/airflow/.local/lib/python3.12/site-packages/airflow/example_dags/example_python_decorator.py
[2024-05-30T06:41:13.343+0000] {processor.py:830} INFO - Processing file /home/airflow/.local/lib/python3.12/site-packages/airflow/example_dags/example_python_decorator.py for tasks to queue
[2024-05-30T06:41:13.346+0000] {logging_mixin.py:188} INFO - [2024-05-30T06:41:13.346+0000] {dagbag.py:545} INFO - Filling up the DagBag from /home/airflow/.local/lib/python3.12/site-packages/airflow/example_dags/example_python_decorator.py
[2024-05-30T06:41:13.364+0000] {processor.py:840} INFO - DAG(s) 'example_python_decorator' retrieved from /home/airflow/.local/lib/python3.12/site-packages/airflow/example_dags/example_python_decorator.py
[2024-05-30T06:41:13.475+0000] {logging_mixin.py:188} INFO - [2024-05-30T06:41:13.474+0000] {dag.py:3096} INFO - Sync 1 DAGs
[2024-05-30T06:41:13.487+0000] {logging_mixin.py:188} INFO - [2024-05-30T06:41:13.487+0000] {dag.py:3954} INFO - Setting next_dagrun for example_python_decorator to None, run_after=None
[2024-05-30T06:41:13.509+0000] {processor.py:183} INFO - Processing /home/airflow/.local/lib/python3.12/site-packages/airflow/example_dags/example_python_decorator.py took 0.174 seconds
[2024-05-30T06:41:44.079+0000] {processor.py:161} INFO - Started process (PID=182) to work on /home/airflow/.local/lib/python3.12/site-packages/airflow/example_dags/example_python_decorator.py
[2024-05-30T06:41:44.080+0000] {processor.py:830} INFO - Processing file /home/airflow/.local/lib/python3.12/site-packages/airflow/example_dags/example_python_decorator.py for tasks to queue
[2024-05-30T06:41:44.083+0000] {logging_mixin.py:188} INFO - [2024-05-30T06:41:44.082+0000] {dagbag.py:545} INFO - Filling up the DagBag from /home/airflow/.local/lib/python3.12/site-packages/airflow/example_dags/example_python_decorator.py
[2024-05-30T06:41:44.103+0000] {processor.py:840} INFO - DAG(s) 'example_python_decorator' retrieved from /home/airflow/.local/lib/python3.12/site-packages/airflow/example_dags/example_python_decorator.py
[2024-05-30T06:41:44.125+0000] {logging_mixin.py:188} INFO - [2024-05-30T06:41:44.125+0000] {dag.py:3096} INFO - Sync 1 DAGs
[2024-05-30T06:41:44.138+0000] {logging_mixin.py:188} INFO - [2024-05-30T06:41:44.138+0000] {dag.py:3954} INFO - Setting next_dagrun for example_python_decorator to None, run_after=None
[2024-05-30T06:41:44.158+0000] {processor.py:183} INFO - Processing /home/airflow/.local/lib/python3.12/site-packages/airflow/example_dags/example_python_decorator.py took 0.086 seconds
[2024-05-30T06:42:14.782+0000] {processor.py:161} INFO - Started process (PID=240) to work on /home/airflow/.local/lib/python3.12/site-packages/airflow/example_dags/example_python_decorator.py
[2024-05-30T06:42:14.783+0000] {processor.py:830} INFO - Processing file /home/airflow/.local/lib/python3.12/site-packages/airflow/example_dags/example_python_decorator.py for tasks to queue
[2024-05-30T06:42:14.784+0000] {logging_mixin.py:188} INFO - [2024-05-30T06:42:14.784+0000] {dagbag.py:545} INFO - Filling up the DagBag from /home/airflow/.local/lib/python3.12/site-packages/airflow/example_dags/example_python_decorator.py
[2024-05-30T06:42:14.797+0000] {processor.py:840} INFO - DAG(s) 'example_python_decorator' retrieved from /home/airflow/.local/lib/python3.12/site-packages/airflow/example_dags/example_python_decorator.py
[2024-05-30T06:42:14.819+0000] {logging_mixin.py:188} INFO - [2024-05-30T06:42:14.819+0000] {dag.py:3096} INFO - Sync 1 DAGs
[2024-05-30T06:42:14.831+0000] {logging_mixin.py:188} INFO - [2024-05-30T06:42:14.831+0000] {dag.py:3954} INFO - Setting next_dagrun for example_python_decorator to None, run_after=None
[2024-05-30T06:42:14.850+0000] {processor.py:183} INFO - Processing /home/airflow/.local/lib/python3.12/site-packages/airflow/example_dags/example_python_decorator.py took 0.073 seconds
[2024-05-30T06:42:45.121+0000] {processor.py:161} INFO - Started process (PID=298) to work on /home/airflow/.local/lib/python3.12/site-packages/airflow/example_dags/example_python_decorator.py
[2024-05-30T06:42:45.122+0000] {processor.py:830} INFO - Processing file /home/airflow/.local/lib/python3.12/site-packages/airflow/example_dags/example_python_decorator.py for tasks to queue
[2024-05-30T06:42:45.124+0000] {logging_mixin.py:188} INFO - [2024-05-30T06:42:45.124+0000] {dagbag.py:545} INFO - Filling up the DagBag from /home/airflow/.local/lib/python3.12/site-packages/airflow/example_dags/example_python_decorator.py
[2024-05-30T06:42:45.139+0000] {processor.py:840} INFO - DAG(s) 'example_python_decorator' retrieved from /home/airflow/.local/lib/python3.12/site-packages/airflow/example_dags/example_python_decorator.py
[2024-05-30T06:42:45.163+0000] {logging_mixin.py:188} INFO - [2024-05-30T06:42:45.163+0000] {dag.py:3096} INFO - Sync 1 DAGs
[2024-05-30T06:42:45.176+0000] {logging_mixin.py:188} INFO - [2024-05-30T06:42:45.176+0000] {dag.py:3954} INFO - Setting next_dagrun for example_python_decorator to None, run_after=None
[2024-05-30T06:42:45.194+0000] {processor.py:183} INFO - Processing /home/airflow/.local/lib/python3.12/site-packages/airflow/example_dags/example_python_decorator.py took 0.079 seconds
[2024-05-30T06:43:15.240+0000] {processor.py:161} INFO - Started process (PID=355) to work on /home/airflow/.local/lib/python3.12/site-packages/airflow/example_dags/example_python_decorator.py
[2024-05-30T06:43:15.241+0000] {processor.py:830} INFO - Processing file /home/airflow/.local/lib/python3.12/site-packages/airflow/example_dags/example_python_decorator.py for tasks to queue
[2024-05-30T06:43:15.242+0000] {logging_mixin.py:188} INFO - [2024-05-30T06:43:15.242+0000] {dagbag.py:545} INFO - Filling up the DagBag from /home/airflow/.local/lib/python3.12/site-packages/airflow/example_dags/example_python_decorator.py
[2024-05-30T06:43:15.254+0000] {processor.py:840} INFO - DAG(s) 'example_python_decorator' retrieved from /home/airflow/.local/lib/python3.12/site-packages/airflow/example_dags/example_python_decorator.py
[2024-05-30T06:43:15.275+0000] {logging_mixin.py:188} INFO - [2024-05-30T06:43:15.275+0000] {dag.py:3096} INFO - Sync 1 DAGs
[2024-05-30T06:43:15.287+0000] {logging_mixin.py:188} INFO - [2024-05-30T06:43:15.287+0000] {dag.py:3954} INFO - Setting next_dagrun for example_python_decorator to None, run_after=None
[2024-05-30T06:43:15.304+0000] {processor.py:183} INFO - Processing /home/airflow/.local/lib/python3.12/site-packages/airflow/example_dags/example_python_decorator.py took 0.070 seconds
[2024-05-30T06:43:45.433+0000] {processor.py:161} INFO - Started process (PID=413) to work on /home/airflow/.local/lib/python3.12/site-packages/airflow/example_dags/example_python_decorator.py
[2024-05-30T06:43:45.434+0000] {processor.py:830} INFO - Processing file /home/airflow/.local/lib/python3.12/site-packages/airflow/example_dags/example_python_decorator.py for tasks to queue
[2024-05-30T06:43:45.436+0000] {logging_mixin.py:188} INFO - [2024-05-30T06:43:45.435+0000] {dagbag.py:545} INFO - Filling up the DagBag from /home/airflow/.local/lib/python3.12/site-packages/airflow/example_dags/example_python_decorator.py
[2024-05-30T06:43:45.448+0000] {processor.py:840} INFO - DAG(s) 'example_python_decorator' retrieved from /home/airflow/.local/lib/python3.12/site-packages/airflow/example_dags/example_python_decorator.py
[2024-05-30T06:43:45.468+0000] {logging_mixin.py:188} INFO - [2024-05-30T06:43:45.468+0000] {dag.py:3096} INFO - Sync 1 DAGs
[2024-05-30T06:43:45.481+0000] {logging_mixin.py:188} INFO - [2024-05-30T06:43:45.480+0000] {dag.py:3954} INFO - Setting next_dagrun for example_python_decorator to None, run_after=None
[2024-05-30T06:43:45.500+0000] {processor.py:183} INFO - Processing /home/airflow/.local/lib/python3.12/site-packages/airflow/example_dags/example_python_decorator.py took 0.072 seconds
[2024-05-30T06:44:16.240+0000] {processor.py:161} INFO - Started process (PID=471) to work on /home/airflow/.local/lib/python3.12/site-packages/airflow/example_dags/example_python_decorator.py
[2024-05-30T06:44:16.241+0000] {processor.py:830} INFO - Processing file /home/airflow/.local/lib/python3.12/site-packages/airflow/example_dags/example_python_decorator.py for tasks to queue
[2024-05-30T06:44:16.243+0000] {logging_mixin.py:188} INFO - [2024-05-30T06:44:16.243+0000] {dagbag.py:545} INFO - Filling up the DagBag from /home/airflow/.local/lib/python3.12/site-packages/airflow/example_dags/example_python_decorator.py
[2024-05-30T06:44:16.256+0000] {processor.py:840} INFO - DAG(s) 'example_python_decorator' retrieved from /home/airflow/.local/lib/python3.12/site-packages/airflow/example_dags/example_python_decorator.py
[2024-05-30T06:44:16.277+0000] {logging_mixin.py:188} INFO - [2024-05-30T06:44:16.277+0000] {dag.py:3096} INFO - Sync 1 DAGs
[2024-05-30T06:44:16.290+0000] {logging_mixin.py:188} INFO - [2024-05-30T06:44:16.290+0000] {dag.py:3954} INFO - Setting next_dagrun for example_python_decorator to None, run_after=None
[2024-05-30T06:44:16.312+0000] {processor.py:183} INFO - Processing /home/airflow/.local/lib/python3.12/site-packages/airflow/example_dags/example_python_decorator.py took 0.078 seconds
[2024-05-30T06:44:46.355+0000] {processor.py:161} INFO - Started process (PID=529) to work on /home/airflow/.local/lib/python3.12/site-packages/airflow/example_dags/example_python_decorator.py
[2024-05-30T06:44:46.356+0000] {processor.py:830} INFO - Processing file /home/airflow/.local/lib/python3.12/site-packages/airflow/example_dags/example_python_decorator.py for tasks to queue
[2024-05-30T06:44:46.358+0000] {logging_mixin.py:188} INFO - [2024-05-30T06:44:46.358+0000] {dagbag.py:545} INFO - Filling up the DagBag from /home/airflow/.local/lib/python3.12/site-packages/airflow/example_dags/example_python_decorator.py
[2024-05-30T06:44:46.370+0000] {processor.py:840} INFO - DAG(s) 'example_python_decorator' retrieved from /home/airflow/.local/lib/python3.12/site-packages/airflow/example_dags/example_python_decorator.py
[2024-05-30T06:44:46.391+0000] {logging_mixin.py:188} INFO - [2024-05-30T06:44:46.391+0000] {dag.py:3096} INFO - Sync 1 DAGs
[2024-05-30T06:44:46.403+0000] {logging_mixin.py:188} INFO - [2024-05-30T06:44:46.403+0000] {dag.py:3954} INFO - Setting next_dagrun for example_python_decorator to None, run_after=None
[2024-05-30T06:44:46.422+0000] {processor.py:183} INFO - Processing /home/airflow/.local/lib/python3.12/site-packages/airflow/example_dags/example_python_decorator.py took 0.072 seconds
[2024-05-30T06:45:16.714+0000] {processor.py:161} INFO - Started process (PID=587) to work on /home/airflow/.local/lib/python3.12/site-packages/airflow/example_dags/example_python_decorator.py
[2024-05-30T06:45:16.715+0000] {processor.py:830} INFO - Processing file /home/airflow/.local/lib/python3.12/site-packages/airflow/example_dags/example_python_decorator.py for tasks to queue
[2024-05-30T06:45:16.717+0000] {logging_mixin.py:188} INFO - [2024-05-30T06:45:16.717+0000] {dagbag.py:545} INFO - Filling up the DagBag from /home/airflow/.local/lib/python3.12/site-packages/airflow/example_dags/example_python_decorator.py
[2024-05-30T06:45:16.729+0000] {processor.py:840} INFO - DAG(s) 'example_python_decorator' retrieved from /home/airflow/.local/lib/python3.12/site-packages/airflow/example_dags/example_python_decorator.py
[2024-05-30T06:45:16.749+0000] {logging_mixin.py:188} INFO - [2024-05-30T06:45:16.749+0000] {dag.py:3096} INFO - Sync 1 DAGs
[2024-05-30T06:45:16.761+0000] {logging_mixin.py:188} INFO - [2024-05-30T06:45:16.761+0000] {dag.py:3954} INFO - Setting next_dagrun for example_python_decorator to None, run_after=None
[2024-05-30T06:45:16.781+0000] {processor.py:183} INFO - Processing /home/airflow/.local/lib/python3.12/site-packages/airflow/example_dags/example_python_decorator.py took 0.071 seconds
[2024-05-30T06:45:47.072+0000] {processor.py:161} INFO - Started process (PID=645) to work on /home/airflow/.local/lib/python3.12/site-packages/airflow/example_dags/example_python_decorator.py
[2024-05-30T06:45:47.073+0000] {processor.py:830} INFO - Processing file /home/airflow/.local/lib/python3.12/site-packages/airflow/example_dags/example_python_decorator.py for tasks to queue
[2024-05-30T06:45:47.075+0000] {logging_mixin.py:188} INFO - [2024-05-30T06:45:47.075+0000] {dagbag.py:545} INFO - Filling up the DagBag from /home/airflow/.local/lib/python3.12/site-packages/airflow/example_dags/example_python_decorator.py
[2024-05-30T06:45:47.088+0000] {processor.py:840} INFO - DAG(s) 'example_python_decorator' retrieved from /home/airflow/.local/lib/python3.12/site-packages/airflow/example_dags/example_python_decorator.py
[2024-05-30T06:45:47.109+0000] {logging_mixin.py:188} INFO - [2024-05-30T06:45:47.109+0000] {dag.py:3096} INFO - Sync 1 DAGs
[2024-05-30T06:45:47.123+0000] {logging_mixin.py:188} INFO - [2024-05-30T06:45:47.122+0000] {dag.py:3954} INFO - Setting next_dagrun for example_python_decorator to None, run_after=None
[2024-05-30T06:45:47.143+0000] {processor.py:183} INFO - Processing /home/airflow/.local/lib/python3.12/site-packages/airflow/example_dags/example_python_decorator.py took 0.077 seconds
[2024-05-30T06:46:17.290+0000] {processor.py:161} INFO - Started process (PID=703) to work on /home/airflow/.local/lib/python3.12/site-packages/airflow/example_dags/example_python_decorator.py
[2024-05-30T06:46:17.292+0000] {processor.py:830} INFO - Processing file /home/airflow/.local/lib/python3.12/site-packages/airflow/example_dags/example_python_decorator.py for tasks to queue
[2024-05-30T06:46:17.293+0000] {logging_mixin.py:188} INFO - [2024-05-30T06:46:17.293+0000] {dagbag.py:545} INFO - Filling up the DagBag from /home/airflow/.local/lib/python3.12/site-packages/airflow/example_dags/example_python_decorator.py
[2024-05-30T06:46:17.311+0000] {processor.py:840} INFO - DAG(s) 'example_python_decorator' retrieved from /home/airflow/.local/lib/python3.12/site-packages/airflow/example_dags/example_python_decorator.py
[2024-05-30T06:46:17.334+0000] {logging_mixin.py:188} INFO - [2024-05-30T06:46:17.334+0000] {dag.py:3096} INFO - Sync 1 DAGs
[2024-05-30T06:46:17.348+0000] {logging_mixin.py:188} INFO - [2024-05-30T06:46:17.348+0000] {dag.py:3954} INFO - Setting next_dagrun for example_python_decorator to None, run_after=None
[2024-05-30T06:46:17.368+0000] {processor.py:183} INFO - Processing /home/airflow/.local/lib/python3.12/site-packages/airflow/example_dags/example_python_decorator.py took 0.083 seconds
[2024-05-30T06:46:47.718+0000] {processor.py:161} INFO - Started process (PID=767) to work on /home/airflow/.local/lib/python3.12/site-packages/airflow/example_dags/example_python_decorator.py
[2024-05-30T06:46:47.719+0000] {processor.py:830} INFO - Processing file /home/airflow/.local/lib/python3.12/site-packages/airflow/example_dags/example_python_decorator.py for tasks to queue
[2024-05-30T06:46:47.721+0000] {logging_mixin.py:188} INFO - [2024-05-30T06:46:47.720+0000] {dagbag.py:545} INFO - Filling up the DagBag from /home/airflow/.local/lib/python3.12/site-packages/airflow/example_dags/example_python_decorator.py
[2024-05-30T06:46:47.733+0000] {processor.py:840} INFO - DAG(s) 'example_python_decorator' retrieved from /home/airflow/.local/lib/python3.12/site-packages/airflow/example_dags/example_python_decorator.py
[2024-05-30T06:46:47.754+0000] {logging_mixin.py:188} INFO - [2024-05-30T06:46:47.753+0000] {dag.py:3096} INFO - Sync 1 DAGs
[2024-05-30T06:46:47.766+0000] {logging_mixin.py:188} INFO - [2024-05-30T06:46:47.766+0000] {dag.py:3954} INFO - Setting next_dagrun for example_python_decorator to None, run_after=None
[2024-05-30T06:46:47.788+0000] {processor.py:183} INFO - Processing /home/airflow/.local/lib/python3.12/site-packages/airflow/example_dags/example_python_decorator.py took 0.075 seconds
[2024-05-30T06:47:18.656+0000] {processor.py:161} INFO - Started process (PID=825) to work on /home/airflow/.local/lib/python3.12/site-packages/airflow/example_dags/example_python_decorator.py
[2024-05-30T06:47:18.657+0000] {processor.py:830} INFO - Processing file /home/airflow/.local/lib/python3.12/site-packages/airflow/example_dags/example_python_decorator.py for tasks to queue
[2024-05-30T06:47:18.658+0000] {logging_mixin.py:188} INFO - [2024-05-30T06:47:18.658+0000] {dagbag.py:545} INFO - Filling up the DagBag from /home/airflow/.local/lib/python3.12/site-packages/airflow/example_dags/example_python_decorator.py
[2024-05-30T06:47:18.670+0000] {processor.py:840} INFO - DAG(s) 'example_python_decorator' retrieved from /home/airflow/.local/lib/python3.12/site-packages/airflow/example_dags/example_python_decorator.py
[2024-05-30T06:47:18.691+0000] {logging_mixin.py:188} INFO - [2024-05-30T06:47:18.691+0000] {dag.py:3096} INFO - Sync 1 DAGs
[2024-05-30T06:47:18.704+0000] {logging_mixin.py:188} INFO - [2024-05-30T06:47:18.704+0000] {dag.py:3954} INFO - Setting next_dagrun for example_python_decorator to None, run_after=None
[2024-05-30T06:47:18.724+0000] {processor.py:183} INFO - Processing /home/airflow/.local/lib/python3.12/site-packages/airflow/example_dags/example_python_decorator.py took 0.074 seconds
[2024-05-30T06:47:48.834+0000] {processor.py:161} INFO - Started process (PID=883) to work on /home/airflow/.local/lib/python3.12/site-packages/airflow/example_dags/example_python_decorator.py
[2024-05-30T06:47:48.835+0000] {processor.py:830} INFO - Processing file /home/airflow/.local/lib/python3.12/site-packages/airflow/example_dags/example_python_decorator.py for tasks to queue
[2024-05-30T06:47:48.837+0000] {logging_mixin.py:188} INFO - [2024-05-30T06:47:48.836+0000] {dagbag.py:545} INFO - Filling up the DagBag from /home/airflow/.local/lib/python3.12/site-packages/airflow/example_dags/example_python_decorator.py
[2024-05-30T06:47:48.848+0000] {processor.py:840} INFO - DAG(s) 'example_python_decorator' retrieved from /home/airflow/.local/lib/python3.12/site-packages/airflow/example_dags/example_python_decorator.py
[2024-05-30T06:47:48.868+0000] {logging_mixin.py:188} INFO - [2024-05-30T06:47:48.867+0000] {dag.py:3096} INFO - Sync 1 DAGs
[2024-05-30T06:47:48.880+0000] {logging_mixin.py:188} INFO - [2024-05-30T06:47:48.880+0000] {dag.py:3954} INFO - Setting next_dagrun for example_python_decorator to None, run_after=None
[2024-05-30T06:47:48.897+0000] {processor.py:183} INFO - Processing /home/airflow/.local/lib/python3.12/site-packages/airflow/example_dags/example_python_decorator.py took 0.068 seconds
[2024-05-30T06:48:19.014+0000] {processor.py:161} INFO - Started process (PID=941) to work on /home/airflow/.local/lib/python3.12/site-packages/airflow/example_dags/example_python_decorator.py
[2024-05-30T06:48:19.015+0000] {processor.py:830} INFO - Processing file /home/airflow/.local/lib/python3.12/site-packages/airflow/example_dags/example_python_decorator.py for tasks to queue
[2024-05-30T06:48:19.017+0000] {logging_mixin.py:188} INFO - [2024-05-30T06:48:19.017+0000] {dagbag.py:545} INFO - Filling up the DagBag from /home/airflow/.local/lib/python3.12/site-packages/airflow/example_dags/example_python_decorator.py
[2024-05-30T06:48:19.029+0000] {processor.py:840} INFO - DAG(s) 'example_python_decorator' retrieved from /home/airflow/.local/lib/python3.12/site-packages/airflow/example_dags/example_python_decorator.py
[2024-05-30T06:48:19.050+0000] {logging_mixin.py:188} INFO - [2024-05-30T06:48:19.050+0000] {dag.py:3096} INFO - Sync 1 DAGs
[2024-05-30T06:48:19.062+0000] {logging_mixin.py:188} INFO - [2024-05-30T06:48:19.062+0000] {dag.py:3954} INFO - Setting next_dagrun for example_python_decorator to None, run_after=None
[2024-05-30T06:48:19.079+0000] {processor.py:183} INFO - Processing /home/airflow/.local/lib/python3.12/site-packages/airflow/example_dags/example_python_decorator.py took 0.071 seconds
[2024-05-30T06:48:49.152+0000] {processor.py:161} INFO - Started process (PID=999) to work on /home/airflow/.local/lib/python3.12/site-packages/airflow/example_dags/example_python_decorator.py
[2024-05-30T06:48:49.153+0000] {processor.py:830} INFO - Processing file /home/airflow/.local/lib/python3.12/site-packages/airflow/example_dags/example_python_decorator.py for tasks to queue
[2024-05-30T06:48:49.155+0000] {logging_mixin.py:188} INFO - [2024-05-30T06:48:49.154+0000] {dagbag.py:545} INFO - Filling up the DagBag from /home/airflow/.local/lib/python3.12/site-packages/airflow/example_dags/example_python_decorator.py
[2024-05-30T06:48:49.167+0000] {processor.py:840} INFO - DAG(s) 'example_python_decorator' retrieved from /home/airflow/.local/lib/python3.12/site-packages/airflow/example_dags/example_python_decorator.py
[2024-05-30T06:48:49.190+0000] {logging_mixin.py:188} INFO - [2024-05-30T06:48:49.190+0000] {dag.py:3096} INFO - Sync 1 DAGs
[2024-05-30T06:48:49.202+0000] {logging_mixin.py:188} INFO - [2024-05-30T06:48:49.202+0000] {dag.py:3954} INFO - Setting next_dagrun for example_python_decorator to None, run_after=None
[2024-05-30T06:48:49.220+0000] {processor.py:183} INFO - Processing /home/airflow/.local/lib/python3.12/site-packages/airflow/example_dags/example_python_decorator.py took 0.074 seconds
[2024-05-30T06:49:19.758+0000] {processor.py:161} INFO - Started process (PID=1057) to work on /home/airflow/.local/lib/python3.12/site-packages/airflow/example_dags/example_python_decorator.py
[2024-05-30T06:49:19.759+0000] {processor.py:830} INFO - Processing file /home/airflow/.local/lib/python3.12/site-packages/airflow/example_dags/example_python_decorator.py for tasks to queue
[2024-05-30T06:49:19.761+0000] {logging_mixin.py:188} INFO - [2024-05-30T06:49:19.761+0000] {dagbag.py:545} INFO - Filling up the DagBag from /home/airflow/.local/lib/python3.12/site-packages/airflow/example_dags/example_python_decorator.py
[2024-05-30T06:49:19.774+0000] {processor.py:840} INFO - DAG(s) 'example_python_decorator' retrieved from /home/airflow/.local/lib/python3.12/site-packages/airflow/example_dags/example_python_decorator.py
[2024-05-30T06:49:19.796+0000] {logging_mixin.py:188} INFO - [2024-05-30T06:49:19.796+0000] {dag.py:3096} INFO - Sync 1 DAGs
[2024-05-30T06:49:19.809+0000] {logging_mixin.py:188} INFO - [2024-05-30T06:49:19.809+0000] {dag.py:3954} INFO - Setting next_dagrun for example_python_decorator to None, run_after=None
[2024-05-30T06:49:19.830+0000] {processor.py:183} INFO - Processing /home/airflow/.local/lib/python3.12/site-packages/airflow/example_dags/example_python_decorator.py took 0.077 seconds
[2024-05-30T06:49:50.762+0000] {processor.py:161} INFO - Started process (PID=1115) to work on /home/airflow/.local/lib/python3.12/site-packages/airflow/example_dags/example_python_decorator.py
[2024-05-30T06:49:50.763+0000] {processor.py:830} INFO - Processing file /home/airflow/.local/lib/python3.12/site-packages/airflow/example_dags/example_python_decorator.py for tasks to queue
[2024-05-30T06:49:50.764+0000] {logging_mixin.py:188} INFO - [2024-05-30T06:49:50.764+0000] {dagbag.py:545} INFO - Filling up the DagBag from /home/airflow/.local/lib/python3.12/site-packages/airflow/example_dags/example_python_decorator.py
[2024-05-30T06:49:50.776+0000] {processor.py:840} INFO - DAG(s) 'example_python_decorator' retrieved from /home/airflow/.local/lib/python3.12/site-packages/airflow/example_dags/example_python_decorator.py
[2024-05-30T06:49:50.797+0000] {logging_mixin.py:188} INFO - [2024-05-30T06:49:50.796+0000] {dag.py:3096} INFO - Sync 1 DAGs
[2024-05-30T06:49:50.809+0000] {logging_mixin.py:188} INFO - [2024-05-30T06:49:50.809+0000] {dag.py:3954} INFO - Setting next_dagrun for example_python_decorator to None, run_after=None
[2024-05-30T06:49:50.827+0000] {processor.py:183} INFO - Processing /home/airflow/.local/lib/python3.12/site-packages/airflow/example_dags/example_python_decorator.py took 0.071 seconds
[2024-05-30T06:50:21.368+0000] {processor.py:161} INFO - Started process (PID=1173) to work on /home/airflow/.local/lib/python3.12/site-packages/airflow/example_dags/example_python_decorator.py
[2024-05-30T06:50:21.369+0000] {processor.py:830} INFO - Processing file /home/airflow/.local/lib/python3.12/site-packages/airflow/example_dags/example_python_decorator.py for tasks to queue
[2024-05-30T06:50:21.371+0000] {logging_mixin.py:188} INFO - [2024-05-30T06:50:21.370+0000] {dagbag.py:545} INFO - Filling up the DagBag from /home/airflow/.local/lib/python3.12/site-packages/airflow/example_dags/example_python_decorator.py
[2024-05-30T06:50:21.383+0000] {processor.py:840} INFO - DAG(s) 'example_python_decorator' retrieved from /home/airflow/.local/lib/python3.12/site-packages/airflow/example_dags/example_python_decorator.py
[2024-05-30T06:50:21.405+0000] {logging_mixin.py:188} INFO - [2024-05-30T06:50:21.404+0000] {dag.py:3096} INFO - Sync 1 DAGs
[2024-05-30T06:50:21.417+0000] {logging_mixin.py:188} INFO - [2024-05-30T06:50:21.417+0000] {dag.py:3954} INFO - Setting next_dagrun for example_python_decorator to None, run_after=None
[2024-05-30T06:50:21.436+0000] {processor.py:183} INFO - Processing /home/airflow/.local/lib/python3.12/site-packages/airflow/example_dags/example_python_decorator.py took 0.074 seconds
[2024-05-30T06:50:52.072+0000] {processor.py:161} INFO - Started process (PID=1231) to work on /home/airflow/.local/lib/python3.12/site-packages/airflow/example_dags/example_python_decorator.py
[2024-05-30T06:50:52.073+0000] {processor.py:830} INFO - Processing file /home/airflow/.local/lib/python3.12/site-packages/airflow/example_dags/example_python_decorator.py for tasks to queue
[2024-05-30T06:50:52.075+0000] {logging_mixin.py:188} INFO - [2024-05-30T06:50:52.074+0000] {dagbag.py:545} INFO - Filling up the DagBag from /home/airflow/.local/lib/python3.12/site-packages/airflow/example_dags/example_python_decorator.py
[2024-05-30T06:50:52.087+0000] {processor.py:840} INFO - DAG(s) 'example_python_decorator' retrieved from /home/airflow/.local/lib/python3.12/site-packages/airflow/example_dags/example_python_decorator.py
[2024-05-30T06:50:52.109+0000] {logging_mixin.py:188} INFO - [2024-05-30T06:50:52.109+0000] {dag.py:3096} INFO - Sync 1 DAGs
[2024-05-30T06:50:52.122+0000] {logging_mixin.py:188} INFO - [2024-05-30T06:50:52.122+0000] {dag.py:3954} INFO - Setting next_dagrun for example_python_decorator to None, run_after=None
[2024-05-30T06:50:52.145+0000] {processor.py:183} INFO - Processing /home/airflow/.local/lib/python3.12/site-packages/airflow/example_dags/example_python_decorator.py took 0.079 seconds
[2024-05-30T06:51:22.951+0000] {processor.py:161} INFO - Started process (PID=1289) to work on /home/airflow/.local/lib/python3.12/site-packages/airflow/example_dags/example_python_decorator.py
[2024-05-30T06:51:22.952+0000] {processor.py:830} INFO - Processing file /home/airflow/.local/lib/python3.12/site-packages/airflow/example_dags/example_python_decorator.py for tasks to queue
[2024-05-30T06:51:22.954+0000] {logging_mixin.py:188} INFO - [2024-05-30T06:51:22.954+0000] {dagbag.py:545} INFO - Filling up the DagBag from /home/airflow/.local/lib/python3.12/site-packages/airflow/example_dags/example_python_decorator.py
[2024-05-30T06:51:22.966+0000] {processor.py:840} INFO - DAG(s) 'example_python_decorator' retrieved from /home/airflow/.local/lib/python3.12/site-packages/airflow/example_dags/example_python_decorator.py
[2024-05-30T06:51:22.987+0000] {logging_mixin.py:188} INFO - [2024-05-30T06:51:22.987+0000] {dag.py:3096} INFO - Sync 1 DAGs
[2024-05-30T06:51:23.002+0000] {logging_mixin.py:188} INFO - [2024-05-30T06:51:23.001+0000] {dag.py:3954} INFO - Setting next_dagrun for example_python_decorator to None, run_after=None
[2024-05-30T06:51:23.022+0000] {processor.py:183} INFO - Processing /home/airflow/.local/lib/python3.12/site-packages/airflow/example_dags/example_python_decorator.py took 0.076 seconds
[2024-05-30T06:51:53.128+0000] {processor.py:161} INFO - Started process (PID=1347) to work on /home/airflow/.local/lib/python3.12/site-packages/airflow/example_dags/example_python_decorator.py
[2024-05-30T06:51:53.129+0000] {processor.py:830} INFO - Processing file /home/airflow/.local/lib/python3.12/site-packages/airflow/example_dags/example_python_decorator.py for tasks to queue
[2024-05-30T06:51:53.131+0000] {logging_mixin.py:188} INFO - [2024-05-30T06:51:53.131+0000] {dagbag.py:545} INFO - Filling up the DagBag from /home/airflow/.local/lib/python3.12/site-packages/airflow/example_dags/example_python_decorator.py
[2024-05-30T06:51:53.143+0000] {processor.py:840} INFO - DAG(s) 'example_python_decorator' retrieved from /home/airflow/.local/lib/python3.12/site-packages/airflow/example_dags/example_python_decorator.py
[2024-05-30T06:51:53.163+0000] {logging_mixin.py:188} INFO - [2024-05-30T06:51:53.163+0000] {dag.py:3096} INFO - Sync 1 DAGs
[2024-05-30T06:51:53.175+0000] {logging_mixin.py:188} INFO - [2024-05-30T06:51:53.175+0000] {dag.py:3954} INFO - Setting next_dagrun for example_python_decorator to None, run_after=None
[2024-05-30T06:51:53.193+0000] {processor.py:183} INFO - Processing /home/airflow/.local/lib/python3.12/site-packages/airflow/example_dags/example_python_decorator.py took 0.070 seconds
[2024-05-30T06:52:24.026+0000] {processor.py:161} INFO - Started process (PID=1405) to work on /home/airflow/.local/lib/python3.12/site-packages/airflow/example_dags/example_python_decorator.py
[2024-05-30T06:52:24.027+0000] {processor.py:830} INFO - Processing file /home/airflow/.local/lib/python3.12/site-packages/airflow/example_dags/example_python_decorator.py for tasks to queue
[2024-05-30T06:52:24.029+0000] {logging_mixin.py:188} INFO - [2024-05-30T06:52:24.029+0000] {dagbag.py:545} INFO - Filling up the DagBag from /home/airflow/.local/lib/python3.12/site-packages/airflow/example_dags/example_python_decorator.py
[2024-05-30T06:52:24.044+0000] {processor.py:840} INFO - DAG(s) 'example_python_decorator' retrieved from /home/airflow/.local/lib/python3.12/site-packages/airflow/example_dags/example_python_decorator.py
[2024-05-30T06:52:24.067+0000] {logging_mixin.py:188} INFO - [2024-05-30T06:52:24.067+0000] {dag.py:3096} INFO - Sync 1 DAGs
[2024-05-30T06:52:24.087+0000] {logging_mixin.py:188} INFO - [2024-05-30T06:52:24.086+0000] {dag.py:3954} INFO - Setting next_dagrun for example_python_decorator to None, run_after=None
[2024-05-30T06:52:24.109+0000] {processor.py:183} INFO - Processing /home/airflow/.local/lib/python3.12/site-packages/airflow/example_dags/example_python_decorator.py took 0.089 seconds
[2024-05-30T06:52:54.991+0000] {processor.py:161} INFO - Started process (PID=1463) to work on /home/airflow/.local/lib/python3.12/site-packages/airflow/example_dags/example_python_decorator.py
[2024-05-30T06:52:54.992+0000] {processor.py:830} INFO - Processing file /home/airflow/.local/lib/python3.12/site-packages/airflow/example_dags/example_python_decorator.py for tasks to queue
[2024-05-30T06:52:54.994+0000] {logging_mixin.py:188} INFO - [2024-05-30T06:52:54.993+0000] {dagbag.py:545} INFO - Filling up the DagBag from /home/airflow/.local/lib/python3.12/site-packages/airflow/example_dags/example_python_decorator.py
[2024-05-30T06:52:55.007+0000] {processor.py:840} INFO - DAG(s) 'example_python_decorator' retrieved from /home/airflow/.local/lib/python3.12/site-packages/airflow/example_dags/example_python_decorator.py
[2024-05-30T06:52:55.146+0000] {logging_mixin.py:188} INFO - [2024-05-30T06:52:55.146+0000] {dag.py:3096} INFO - Sync 1 DAGs
[2024-05-30T06:52:55.158+0000] {logging_mixin.py:188} INFO - [2024-05-30T06:52:55.158+0000] {dag.py:3954} INFO - Setting next_dagrun for example_python_decorator to None, run_after=None
[2024-05-30T06:52:55.178+0000] {processor.py:183} INFO - Processing /home/airflow/.local/lib/python3.12/site-packages/airflow/example_dags/example_python_decorator.py took 0.192 seconds
[2024-05-30T06:53:25.391+0000] {processor.py:161} INFO - Started process (PID=1521) to work on /home/airflow/.local/lib/python3.12/site-packages/airflow/example_dags/example_python_decorator.py
[2024-05-30T06:53:25.392+0000] {processor.py:830} INFO - Processing file /home/airflow/.local/lib/python3.12/site-packages/airflow/example_dags/example_python_decorator.py for tasks to queue
[2024-05-30T06:53:25.394+0000] {logging_mixin.py:188} INFO - [2024-05-30T06:53:25.394+0000] {dagbag.py:545} INFO - Filling up the DagBag from /home/airflow/.local/lib/python3.12/site-packages/airflow/example_dags/example_python_decorator.py
[2024-05-30T06:53:25.407+0000] {processor.py:840} INFO - DAG(s) 'example_python_decorator' retrieved from /home/airflow/.local/lib/python3.12/site-packages/airflow/example_dags/example_python_decorator.py
[2024-05-30T06:53:25.427+0000] {logging_mixin.py:188} INFO - [2024-05-30T06:53:25.427+0000] {dag.py:3096} INFO - Sync 1 DAGs
[2024-05-30T06:53:25.550+0000] {logging_mixin.py:188} INFO - [2024-05-30T06:53:25.550+0000] {dag.py:3954} INFO - Setting next_dagrun for example_python_decorator to None, run_after=None
[2024-05-30T06:53:25.568+0000] {processor.py:183} INFO - Processing /home/airflow/.local/lib/python3.12/site-packages/airflow/example_dags/example_python_decorator.py took 0.182 seconds
[2024-05-30T06:53:55.944+0000] {processor.py:161} INFO - Started process (PID=1579) to work on /home/airflow/.local/lib/python3.12/site-packages/airflow/example_dags/example_python_decorator.py
[2024-05-30T06:53:55.944+0000] {processor.py:830} INFO - Processing file /home/airflow/.local/lib/python3.12/site-packages/airflow/example_dags/example_python_decorator.py for tasks to queue
[2024-05-30T06:53:55.946+0000] {logging_mixin.py:188} INFO - [2024-05-30T06:53:55.946+0000] {dagbag.py:545} INFO - Filling up the DagBag from /home/airflow/.local/lib/python3.12/site-packages/airflow/example_dags/example_python_decorator.py
[2024-05-30T06:53:55.958+0000] {processor.py:840} INFO - DAG(s) 'example_python_decorator' retrieved from /home/airflow/.local/lib/python3.12/site-packages/airflow/example_dags/example_python_decorator.py
[2024-05-30T06:53:55.979+0000] {logging_mixin.py:188} INFO - [2024-05-30T06:53:55.979+0000] {dag.py:3096} INFO - Sync 1 DAGs
[2024-05-30T06:53:55.993+0000] {logging_mixin.py:188} INFO - [2024-05-30T06:53:55.992+0000] {dag.py:3954} INFO - Setting next_dagrun for example_python_decorator to None, run_after=None
[2024-05-30T06:53:56.011+0000] {processor.py:183} INFO - Processing /home/airflow/.local/lib/python3.12/site-packages/airflow/example_dags/example_python_decorator.py took 0.073 seconds
[2024-05-30T06:54:27.028+0000] {processor.py:161} INFO - Started process (PID=1637) to work on /home/airflow/.local/lib/python3.12/site-packages/airflow/example_dags/example_python_decorator.py
[2024-05-30T06:54:27.029+0000] {processor.py:830} INFO - Processing file /home/airflow/.local/lib/python3.12/site-packages/airflow/example_dags/example_python_decorator.py for tasks to queue
[2024-05-30T06:54:27.032+0000] {logging_mixin.py:188} INFO - [2024-05-30T06:54:27.031+0000] {dagbag.py:545} INFO - Filling up the DagBag from /home/airflow/.local/lib/python3.12/site-packages/airflow/example_dags/example_python_decorator.py
[2024-05-30T06:54:27.046+0000] {processor.py:840} INFO - DAG(s) 'example_python_decorator' retrieved from /home/airflow/.local/lib/python3.12/site-packages/airflow/example_dags/example_python_decorator.py
[2024-05-30T06:54:27.070+0000] {logging_mixin.py:188} INFO - [2024-05-30T06:54:27.070+0000] {dag.py:3096} INFO - Sync 1 DAGs
[2024-05-30T06:54:27.090+0000] {logging_mixin.py:188} INFO - [2024-05-30T06:54:27.090+0000] {dag.py:3954} INFO - Setting next_dagrun for example_python_decorator to None, run_after=None
[2024-05-30T06:54:27.116+0000] {processor.py:183} INFO - Processing /home/airflow/.local/lib/python3.12/site-packages/airflow/example_dags/example_python_decorator.py took 0.094 seconds
[2024-05-30T06:54:57.342+0000] {processor.py:161} INFO - Started process (PID=1695) to work on /home/airflow/.local/lib/python3.12/site-packages/airflow/example_dags/example_python_decorator.py
[2024-05-30T06:54:57.342+0000] {processor.py:830} INFO - Processing file /home/airflow/.local/lib/python3.12/site-packages/airflow/example_dags/example_python_decorator.py for tasks to queue
[2024-05-30T06:54:57.344+0000] {logging_mixin.py:188} INFO - [2024-05-30T06:54:57.344+0000] {dagbag.py:545} INFO - Filling up the DagBag from /home/airflow/.local/lib/python3.12/site-packages/airflow/example_dags/example_python_decorator.py
[2024-05-30T06:54:57.356+0000] {processor.py:840} INFO - DAG(s) 'example_python_decorator' retrieved from /home/airflow/.local/lib/python3.12/site-packages/airflow/example_dags/example_python_decorator.py
[2024-05-30T06:54:57.378+0000] {logging_mixin.py:188} INFO - [2024-05-30T06:54:57.377+0000] {dag.py:3096} INFO - Sync 1 DAGs
[2024-05-30T06:54:57.391+0000] {logging_mixin.py:188} INFO - [2024-05-30T06:54:57.390+0000] {dag.py:3954} INFO - Setting next_dagrun for example_python_decorator to None, run_after=None
[2024-05-30T06:54:57.409+0000] {processor.py:183} INFO - Processing /home/airflow/.local/lib/python3.12/site-packages/airflow/example_dags/example_python_decorator.py took 0.073 seconds
[2024-05-30T06:55:27.510+0000] {processor.py:161} INFO - Started process (PID=1753) to work on /home/airflow/.local/lib/python3.12/site-packages/airflow/example_dags/example_python_decorator.py
[2024-05-30T06:55:27.511+0000] {processor.py:830} INFO - Processing file /home/airflow/.local/lib/python3.12/site-packages/airflow/example_dags/example_python_decorator.py for tasks to queue
[2024-05-30T06:55:27.512+0000] {logging_mixin.py:188} INFO - [2024-05-30T06:55:27.512+0000] {dagbag.py:545} INFO - Filling up the DagBag from /home/airflow/.local/lib/python3.12/site-packages/airflow/example_dags/example_python_decorator.py
[2024-05-30T06:55:27.524+0000] {processor.py:840} INFO - DAG(s) 'example_python_decorator' retrieved from /home/airflow/.local/lib/python3.12/site-packages/airflow/example_dags/example_python_decorator.py
[2024-05-30T06:55:27.544+0000] {logging_mixin.py:188} INFO - [2024-05-30T06:55:27.544+0000] {dag.py:3096} INFO - Sync 1 DAGs
[2024-05-30T06:55:27.556+0000] {logging_mixin.py:188} INFO - [2024-05-30T06:55:27.556+0000] {dag.py:3954} INFO - Setting next_dagrun for example_python_decorator to None, run_after=None
[2024-05-30T06:55:27.576+0000] {processor.py:183} INFO - Processing /home/airflow/.local/lib/python3.12/site-packages/airflow/example_dags/example_python_decorator.py took 0.072 seconds
[2024-05-30T06:55:57.639+0000] {processor.py:161} INFO - Started process (PID=1811) to work on /home/airflow/.local/lib/python3.12/site-packages/airflow/example_dags/example_python_decorator.py
[2024-05-30T06:55:57.640+0000] {processor.py:830} INFO - Processing file /home/airflow/.local/lib/python3.12/site-packages/airflow/example_dags/example_python_decorator.py for tasks to queue
[2024-05-30T06:55:57.641+0000] {logging_mixin.py:188} INFO - [2024-05-30T06:55:57.641+0000] {dagbag.py:545} INFO - Filling up the DagBag from /home/airflow/.local/lib/python3.12/site-packages/airflow/example_dags/example_python_decorator.py
[2024-05-30T06:55:57.653+0000] {processor.py:840} INFO - DAG(s) 'example_python_decorator' retrieved from /home/airflow/.local/lib/python3.12/site-packages/airflow/example_dags/example_python_decorator.py
[2024-05-30T06:55:57.673+0000] {logging_mixin.py:188} INFO - [2024-05-30T06:55:57.673+0000] {dag.py:3096} INFO - Sync 1 DAGs
[2024-05-30T06:55:57.685+0000] {logging_mixin.py:188} INFO - [2024-05-30T06:55:57.685+0000] {dag.py:3954} INFO - Setting next_dagrun for example_python_decorator to None, run_after=None
[2024-05-30T06:55:57.705+0000] {processor.py:183} INFO - Processing /home/airflow/.local/lib/python3.12/site-packages/airflow/example_dags/example_python_decorator.py took 0.072 seconds
[2024-05-30T06:56:27.777+0000] {processor.py:161} INFO - Started process (PID=1869) to work on /home/airflow/.local/lib/python3.12/site-packages/airflow/example_dags/example_python_decorator.py
[2024-05-30T06:56:27.778+0000] {processor.py:830} INFO - Processing file /home/airflow/.local/lib/python3.12/site-packages/airflow/example_dags/example_python_decorator.py for tasks to queue
[2024-05-30T06:56:27.780+0000] {logging_mixin.py:188} INFO - [2024-05-30T06:56:27.780+0000] {dagbag.py:545} INFO - Filling up the DagBag from /home/airflow/.local/lib/python3.12/site-packages/airflow/example_dags/example_python_decorator.py
[2024-05-30T06:56:27.792+0000] {processor.py:840} INFO - DAG(s) 'example_python_decorator' retrieved from /home/airflow/.local/lib/python3.12/site-packages/airflow/example_dags/example_python_decorator.py
[2024-05-30T06:56:27.812+0000] {logging_mixin.py:188} INFO - [2024-05-30T06:56:27.812+0000] {dag.py:3096} INFO - Sync 1 DAGs
[2024-05-30T06:56:27.825+0000] {logging_mixin.py:188} INFO - [2024-05-30T06:56:27.825+0000] {dag.py:3954} INFO - Setting next_dagrun for example_python_decorator to None, run_after=None
[2024-05-30T06:56:27.846+0000] {processor.py:183} INFO - Processing /home/airflow/.local/lib/python3.12/site-packages/airflow/example_dags/example_python_decorator.py took 0.074 seconds
[2024-05-30T06:56:58.750+0000] {processor.py:161} INFO - Started process (PID=1927) to work on /home/airflow/.local/lib/python3.12/site-packages/airflow/example_dags/example_python_decorator.py
[2024-05-30T06:56:58.751+0000] {processor.py:830} INFO - Processing file /home/airflow/.local/lib/python3.12/site-packages/airflow/example_dags/example_python_decorator.py for tasks to queue
[2024-05-30T06:56:58.753+0000] {logging_mixin.py:188} INFO - [2024-05-30T06:56:58.752+0000] {dagbag.py:545} INFO - Filling up the DagBag from /home/airflow/.local/lib/python3.12/site-packages/airflow/example_dags/example_python_decorator.py
[2024-05-30T06:56:58.765+0000] {processor.py:840} INFO - DAG(s) 'example_python_decorator' retrieved from /home/airflow/.local/lib/python3.12/site-packages/airflow/example_dags/example_python_decorator.py
[2024-05-30T06:56:58.786+0000] {logging_mixin.py:188} INFO - [2024-05-30T06:56:58.786+0000] {dag.py:3096} INFO - Sync 1 DAGs
[2024-05-30T06:56:58.798+0000] {logging_mixin.py:188} INFO - [2024-05-30T06:56:58.798+0000] {dag.py:3954} INFO - Setting next_dagrun for example_python_decorator to None, run_after=None
[2024-05-30T06:56:58.816+0000] {processor.py:183} INFO - Processing /home/airflow/.local/lib/python3.12/site-packages/airflow/example_dags/example_python_decorator.py took 0.071 seconds
[2024-05-30T06:57:29.333+0000] {processor.py:161} INFO - Started process (PID=1985) to work on /home/airflow/.local/lib/python3.12/site-packages/airflow/example_dags/example_python_decorator.py
[2024-05-30T06:57:29.333+0000] {processor.py:830} INFO - Processing file /home/airflow/.local/lib/python3.12/site-packages/airflow/example_dags/example_python_decorator.py for tasks to queue
[2024-05-30T06:57:29.335+0000] {logging_mixin.py:188} INFO - [2024-05-30T06:57:29.335+0000] {dagbag.py:545} INFO - Filling up the DagBag from /home/airflow/.local/lib/python3.12/site-packages/airflow/example_dags/example_python_decorator.py
[2024-05-30T06:57:29.347+0000] {processor.py:840} INFO - DAG(s) 'example_python_decorator' retrieved from /home/airflow/.local/lib/python3.12/site-packages/airflow/example_dags/example_python_decorator.py
[2024-05-30T06:57:29.368+0000] {logging_mixin.py:188} INFO - [2024-05-30T06:57:29.367+0000] {dag.py:3096} INFO - Sync 1 DAGs
[2024-05-30T06:57:29.381+0000] {logging_mixin.py:188} INFO - [2024-05-30T06:57:29.381+0000] {dag.py:3954} INFO - Setting next_dagrun for example_python_decorator to None, run_after=None
[2024-05-30T06:57:29.403+0000] {processor.py:183} INFO - Processing /home/airflow/.local/lib/python3.12/site-packages/airflow/example_dags/example_python_decorator.py took 0.075 seconds
[2024-05-30T06:57:59.848+0000] {processor.py:161} INFO - Started process (PID=2043) to work on /home/airflow/.local/lib/python3.12/site-packages/airflow/example_dags/example_python_decorator.py
[2024-05-30T06:57:59.849+0000] {processor.py:830} INFO - Processing file /home/airflow/.local/lib/python3.12/site-packages/airflow/example_dags/example_python_decorator.py for tasks to queue
[2024-05-30T06:57:59.851+0000] {logging_mixin.py:188} INFO - [2024-05-30T06:57:59.850+0000] {dagbag.py:545} INFO - Filling up the DagBag from /home/airflow/.local/lib/python3.12/site-packages/airflow/example_dags/example_python_decorator.py
[2024-05-30T06:57:59.862+0000] {processor.py:840} INFO - DAG(s) 'example_python_decorator' retrieved from /home/airflow/.local/lib/python3.12/site-packages/airflow/example_dags/example_python_decorator.py
[2024-05-30T06:57:59.883+0000] {logging_mixin.py:188} INFO - [2024-05-30T06:57:59.883+0000] {dag.py:3096} INFO - Sync 1 DAGs
[2024-05-30T06:57:59.899+0000] {logging_mixin.py:188} INFO - [2024-05-30T06:57:59.899+0000] {dag.py:3954} INFO - Setting next_dagrun for example_python_decorator to None, run_after=None
[2024-05-30T06:57:59.916+0000] {processor.py:183} INFO - Processing /home/airflow/.local/lib/python3.12/site-packages/airflow/example_dags/example_python_decorator.py took 0.074 seconds
[2024-05-30T06:58:30.574+0000] {processor.py:161} INFO - Started process (PID=2101) to work on /home/airflow/.local/lib/python3.12/site-packages/airflow/example_dags/example_python_decorator.py
[2024-05-30T06:58:30.575+0000] {processor.py:830} INFO - Processing file /home/airflow/.local/lib/python3.12/site-packages/airflow/example_dags/example_python_decorator.py for tasks to queue
[2024-05-30T06:58:30.577+0000] {logging_mixin.py:188} INFO - [2024-05-30T06:58:30.577+0000] {dagbag.py:545} INFO - Filling up the DagBag from /home/airflow/.local/lib/python3.12/site-packages/airflow/example_dags/example_python_decorator.py
[2024-05-30T06:58:30.590+0000] {processor.py:840} INFO - DAG(s) 'example_python_decorator' retrieved from /home/airflow/.local/lib/python3.12/site-packages/airflow/example_dags/example_python_decorator.py
[2024-05-30T06:58:30.614+0000] {logging_mixin.py:188} INFO - [2024-05-30T06:58:30.614+0000] {dag.py:3096} INFO - Sync 1 DAGs
[2024-05-30T06:58:30.631+0000] {logging_mixin.py:188} INFO - [2024-05-30T06:58:30.631+0000] {dag.py:3954} INFO - Setting next_dagrun for example_python_decorator to None, run_after=None
[2024-05-30T06:58:30.657+0000] {processor.py:183} INFO - Processing /home/airflow/.local/lib/python3.12/site-packages/airflow/example_dags/example_python_decorator.py took 0.089 seconds
[2024-05-30T06:59:01.159+0000] {processor.py:161} INFO - Started process (PID=2159) to work on /home/airflow/.local/lib/python3.12/site-packages/airflow/example_dags/example_python_decorator.py
[2024-05-30T06:59:01.160+0000] {processor.py:830} INFO - Processing file /home/airflow/.local/lib/python3.12/site-packages/airflow/example_dags/example_python_decorator.py for tasks to queue
[2024-05-30T06:59:01.161+0000] {logging_mixin.py:188} INFO - [2024-05-30T06:59:01.161+0000] {dagbag.py:545} INFO - Filling up the DagBag from /home/airflow/.local/lib/python3.12/site-packages/airflow/example_dags/example_python_decorator.py
[2024-05-30T06:59:01.173+0000] {processor.py:840} INFO - DAG(s) 'example_python_decorator' retrieved from /home/airflow/.local/lib/python3.12/site-packages/airflow/example_dags/example_python_decorator.py
[2024-05-30T06:59:01.194+0000] {logging_mixin.py:188} INFO - [2024-05-30T06:59:01.193+0000] {dag.py:3096} INFO - Sync 1 DAGs
[2024-05-30T06:59:01.206+0000] {logging_mixin.py:188} INFO - [2024-05-30T06:59:01.206+0000] {dag.py:3954} INFO - Setting next_dagrun for example_python_decorator to None, run_after=None
[2024-05-30T06:59:01.224+0000] {processor.py:183} INFO - Processing /home/airflow/.local/lib/python3.12/site-packages/airflow/example_dags/example_python_decorator.py took 0.071 seconds
[2024-05-30T06:59:31.593+0000] {processor.py:161} INFO - Started process (PID=2217) to work on /home/airflow/.local/lib/python3.12/site-packages/airflow/example_dags/example_python_decorator.py
[2024-05-30T06:59:31.594+0000] {processor.py:830} INFO - Processing file /home/airflow/.local/lib/python3.12/site-packages/airflow/example_dags/example_python_decorator.py for tasks to queue
[2024-05-30T06:59:31.596+0000] {logging_mixin.py:188} INFO - [2024-05-30T06:59:31.595+0000] {dagbag.py:545} INFO - Filling up the DagBag from /home/airflow/.local/lib/python3.12/site-packages/airflow/example_dags/example_python_decorator.py
[2024-05-30T06:59:31.608+0000] {processor.py:840} INFO - DAG(s) 'example_python_decorator' retrieved from /home/airflow/.local/lib/python3.12/site-packages/airflow/example_dags/example_python_decorator.py
[2024-05-30T06:59:31.627+0000] {logging_mixin.py:188} INFO - [2024-05-30T06:59:31.627+0000] {dag.py:3096} INFO - Sync 1 DAGs
[2024-05-30T06:59:31.641+0000] {logging_mixin.py:188} INFO - [2024-05-30T06:59:31.641+0000] {dag.py:3954} INFO - Setting next_dagrun for example_python_decorator to None, run_after=None
[2024-05-30T06:59:31.658+0000] {processor.py:183} INFO - Processing /home/airflow/.local/lib/python3.12/site-packages/airflow/example_dags/example_python_decorator.py took 0.071 seconds
[2024-05-30T07:00:02.069+0000] {processor.py:161} INFO - Started process (PID=2275) to work on /home/airflow/.local/lib/python3.12/site-packages/airflow/example_dags/example_python_decorator.py
[2024-05-30T07:00:02.069+0000] {processor.py:830} INFO - Processing file /home/airflow/.local/lib/python3.12/site-packages/airflow/example_dags/example_python_decorator.py for tasks to queue
[2024-05-30T07:00:02.071+0000] {logging_mixin.py:188} INFO - [2024-05-30T07:00:02.071+0000] {dagbag.py:545} INFO - Filling up the DagBag from /home/airflow/.local/lib/python3.12/site-packages/airflow/example_dags/example_python_decorator.py
[2024-05-30T07:00:02.083+0000] {processor.py:840} INFO - DAG(s) 'example_python_decorator' retrieved from /home/airflow/.local/lib/python3.12/site-packages/airflow/example_dags/example_python_decorator.py
[2024-05-30T07:00:02.124+0000] {logging_mixin.py:188} INFO - [2024-05-30T07:00:02.124+0000] {dag.py:3096} INFO - Sync 1 DAGs
[2024-05-30T07:00:02.144+0000] {logging_mixin.py:188} INFO - [2024-05-30T07:00:02.144+0000] {dag.py:3954} INFO - Setting next_dagrun for example_python_decorator to None, run_after=None
[2024-05-30T07:00:02.169+0000] {processor.py:183} INFO - Processing /home/airflow/.local/lib/python3.12/site-packages/airflow/example_dags/example_python_decorator.py took 0.105 seconds
[2024-05-30T07:00:32.728+0000] {processor.py:161} INFO - Started process (PID=2333) to work on /home/airflow/.local/lib/python3.12/site-packages/airflow/example_dags/example_python_decorator.py
[2024-05-30T07:00:32.729+0000] {processor.py:830} INFO - Processing file /home/airflow/.local/lib/python3.12/site-packages/airflow/example_dags/example_python_decorator.py for tasks to queue
[2024-05-30T07:00:32.731+0000] {logging_mixin.py:188} INFO - [2024-05-30T07:00:32.731+0000] {dagbag.py:545} INFO - Filling up the DagBag from /home/airflow/.local/lib/python3.12/site-packages/airflow/example_dags/example_python_decorator.py
[2024-05-30T07:00:32.743+0000] {processor.py:840} INFO - DAG(s) 'example_python_decorator' retrieved from /home/airflow/.local/lib/python3.12/site-packages/airflow/example_dags/example_python_decorator.py
[2024-05-30T07:00:32.764+0000] {logging_mixin.py:188} INFO - [2024-05-30T07:00:32.764+0000] {dag.py:3096} INFO - Sync 1 DAGs
[2024-05-30T07:00:32.777+0000] {logging_mixin.py:188} INFO - [2024-05-30T07:00:32.777+0000] {dag.py:3954} INFO - Setting next_dagrun for example_python_decorator to None, run_after=None
[2024-05-30T07:00:32.794+0000] {processor.py:183} INFO - Processing /home/airflow/.local/lib/python3.12/site-packages/airflow/example_dags/example_python_decorator.py took 0.071 seconds
[2024-05-30T07:01:03.248+0000] {processor.py:161} INFO - Started process (PID=2391) to work on /home/airflow/.local/lib/python3.12/site-packages/airflow/example_dags/example_python_decorator.py
[2024-05-30T07:01:03.249+0000] {processor.py:830} INFO - Processing file /home/airflow/.local/lib/python3.12/site-packages/airflow/example_dags/example_python_decorator.py for tasks to queue
[2024-05-30T07:01:03.250+0000] {logging_mixin.py:188} INFO - [2024-05-30T07:01:03.250+0000] {dagbag.py:545} INFO - Filling up the DagBag from /home/airflow/.local/lib/python3.12/site-packages/airflow/example_dags/example_python_decorator.py
[2024-05-30T07:01:03.262+0000] {processor.py:840} INFO - DAG(s) 'example_python_decorator' retrieved from /home/airflow/.local/lib/python3.12/site-packages/airflow/example_dags/example_python_decorator.py
[2024-05-30T07:01:03.284+0000] {logging_mixin.py:188} INFO - [2024-05-30T07:01:03.284+0000] {dag.py:3096} INFO - Sync 1 DAGs
[2024-05-30T07:01:03.297+0000] {logging_mixin.py:188} INFO - [2024-05-30T07:01:03.297+0000] {dag.py:3954} INFO - Setting next_dagrun for example_python_decorator to None, run_after=None
[2024-05-30T07:01:03.314+0000] {processor.py:183} INFO - Processing /home/airflow/.local/lib/python3.12/site-packages/airflow/example_dags/example_python_decorator.py took 0.072 seconds
