[2024-05-30T06:40:39.800+0000] {processor.py:161} INFO - Started process (PID=51) to work on /home/airflow/.local/lib/python3.12/site-packages/airflow/example_dags/example_task_group.py
[2024-05-30T06:40:39.801+0000] {processor.py:830} INFO - Processing file /home/airflow/.local/lib/python3.12/site-packages/airflow/example_dags/example_task_group.py for tasks to queue
[2024-05-30T06:40:39.802+0000] {logging_mixin.py:188} INFO - [2024-05-30T06:40:39.802+0000] {dagbag.py:545} INFO - Filling up the DagBag from /home/airflow/.local/lib/python3.12/site-packages/airflow/example_dags/example_task_group.py
[2024-05-30T06:40:39.813+0000] {processor.py:840} INFO - DAG(s) 'example_task_group' retrieved from /home/airflow/.local/lib/python3.12/site-packages/airflow/example_dags/example_task_group.py
[2024-05-30T06:40:39.838+0000] {logging_mixin.py:188} INFO - [2024-05-30T06:40:39.838+0000] {dag.py:3096} INFO - Sync 1 DAGs
[2024-05-30T06:40:39.863+0000] {logging_mixin.py:188} INFO - [2024-05-30T06:40:39.863+0000] {dag.py:3954} INFO - Setting next_dagrun for example_task_group to 2024-05-29 00:00:00+00:00, run_after=2024-05-30 00:00:00+00:00
[2024-05-30T06:40:39.880+0000] {processor.py:183} INFO - Processing /home/airflow/.local/lib/python3.12/site-packages/airflow/example_dags/example_task_group.py took 0.086 seconds
[2024-05-30T06:41:11.369+0000] {processor.py:161} INFO - Started process (PID=109) to work on /home/airflow/.local/lib/python3.12/site-packages/airflow/example_dags/example_task_group.py
[2024-05-30T06:41:11.370+0000] {processor.py:830} INFO - Processing file /home/airflow/.local/lib/python3.12/site-packages/airflow/example_dags/example_task_group.py for tasks to queue
[2024-05-30T06:41:11.372+0000] {logging_mixin.py:188} INFO - [2024-05-30T06:41:11.372+0000] {dagbag.py:545} INFO - Filling up the DagBag from /home/airflow/.local/lib/python3.12/site-packages/airflow/example_dags/example_task_group.py
[2024-05-30T06:41:11.380+0000] {processor.py:840} INFO - DAG(s) 'example_task_group' retrieved from /home/airflow/.local/lib/python3.12/site-packages/airflow/example_dags/example_task_group.py
[2024-05-30T06:41:11.505+0000] {logging_mixin.py:188} INFO - [2024-05-30T06:41:11.504+0000] {dag.py:3096} INFO - Sync 1 DAGs
[2024-05-30T06:41:11.533+0000] {logging_mixin.py:188} INFO - [2024-05-30T06:41:11.533+0000] {dag.py:3954} INFO - Setting next_dagrun for example_task_group to 2024-05-29 00:00:00+00:00, run_after=2024-05-30 00:00:00+00:00
[2024-05-30T06:41:11.564+0000] {processor.py:183} INFO - Processing /home/airflow/.local/lib/python3.12/site-packages/airflow/example_dags/example_task_group.py took 0.202 seconds
[2024-05-30T06:41:42.197+0000] {processor.py:161} INFO - Started process (PID=167) to work on /home/airflow/.local/lib/python3.12/site-packages/airflow/example_dags/example_task_group.py
[2024-05-30T06:41:42.198+0000] {processor.py:830} INFO - Processing file /home/airflow/.local/lib/python3.12/site-packages/airflow/example_dags/example_task_group.py for tasks to queue
[2024-05-30T06:41:42.200+0000] {logging_mixin.py:188} INFO - [2024-05-30T06:41:42.199+0000] {dagbag.py:545} INFO - Filling up the DagBag from /home/airflow/.local/lib/python3.12/site-packages/airflow/example_dags/example_task_group.py
[2024-05-30T06:41:42.206+0000] {processor.py:840} INFO - DAG(s) 'example_task_group' retrieved from /home/airflow/.local/lib/python3.12/site-packages/airflow/example_dags/example_task_group.py
[2024-05-30T06:41:42.226+0000] {logging_mixin.py:188} INFO - [2024-05-30T06:41:42.225+0000] {dag.py:3096} INFO - Sync 1 DAGs
[2024-05-30T06:41:42.246+0000] {logging_mixin.py:188} INFO - [2024-05-30T06:41:42.246+0000] {dag.py:3954} INFO - Setting next_dagrun for example_task_group to 2024-05-29 00:00:00+00:00, run_after=2024-05-30 00:00:00+00:00
[2024-05-30T06:41:42.264+0000] {processor.py:183} INFO - Processing /home/airflow/.local/lib/python3.12/site-packages/airflow/example_dags/example_task_group.py took 0.072 seconds
[2024-05-30T06:42:12.992+0000] {processor.py:161} INFO - Started process (PID=225) to work on /home/airflow/.local/lib/python3.12/site-packages/airflow/example_dags/example_task_group.py
[2024-05-30T06:42:12.993+0000] {processor.py:830} INFO - Processing file /home/airflow/.local/lib/python3.12/site-packages/airflow/example_dags/example_task_group.py for tasks to queue
[2024-05-30T06:42:12.994+0000] {logging_mixin.py:188} INFO - [2024-05-30T06:42:12.994+0000] {dagbag.py:545} INFO - Filling up the DagBag from /home/airflow/.local/lib/python3.12/site-packages/airflow/example_dags/example_task_group.py
[2024-05-30T06:42:13.001+0000] {processor.py:840} INFO - DAG(s) 'example_task_group' retrieved from /home/airflow/.local/lib/python3.12/site-packages/airflow/example_dags/example_task_group.py
[2024-05-30T06:42:13.020+0000] {logging_mixin.py:188} INFO - [2024-05-30T06:42:13.019+0000] {dag.py:3096} INFO - Sync 1 DAGs
[2024-05-30T06:42:13.040+0000] {logging_mixin.py:188} INFO - [2024-05-30T06:42:13.040+0000] {dag.py:3954} INFO - Setting next_dagrun for example_task_group to 2024-05-29 00:00:00+00:00, run_after=2024-05-30 00:00:00+00:00
[2024-05-30T06:42:13.057+0000] {processor.py:183} INFO - Processing /home/airflow/.local/lib/python3.12/site-packages/airflow/example_dags/example_task_group.py took 0.070 seconds
[2024-05-30T06:42:43.200+0000] {processor.py:161} INFO - Started process (PID=283) to work on /home/airflow/.local/lib/python3.12/site-packages/airflow/example_dags/example_task_group.py
[2024-05-30T06:42:43.202+0000] {processor.py:830} INFO - Processing file /home/airflow/.local/lib/python3.12/site-packages/airflow/example_dags/example_task_group.py for tasks to queue
[2024-05-30T06:42:43.205+0000] {logging_mixin.py:188} INFO - [2024-05-30T06:42:43.204+0000] {dagbag.py:545} INFO - Filling up the DagBag from /home/airflow/.local/lib/python3.12/site-packages/airflow/example_dags/example_task_group.py
[2024-05-30T06:42:43.215+0000] {processor.py:840} INFO - DAG(s) 'example_task_group' retrieved from /home/airflow/.local/lib/python3.12/site-packages/airflow/example_dags/example_task_group.py
[2024-05-30T06:42:43.241+0000] {logging_mixin.py:188} INFO - [2024-05-30T06:42:43.241+0000] {dag.py:3096} INFO - Sync 1 DAGs
[2024-05-30T06:42:43.269+0000] {logging_mixin.py:188} INFO - [2024-05-30T06:42:43.268+0000] {dag.py:3954} INFO - Setting next_dagrun for example_task_group to 2024-05-29 00:00:00+00:00, run_after=2024-05-30 00:00:00+00:00
[2024-05-30T06:42:43.291+0000] {processor.py:183} INFO - Processing /home/airflow/.local/lib/python3.12/site-packages/airflow/example_dags/example_task_group.py took 0.100 seconds
[2024-05-30T06:43:13.357+0000] {processor.py:161} INFO - Started process (PID=341) to work on /home/airflow/.local/lib/python3.12/site-packages/airflow/example_dags/example_task_group.py
[2024-05-30T06:43:13.358+0000] {processor.py:830} INFO - Processing file /home/airflow/.local/lib/python3.12/site-packages/airflow/example_dags/example_task_group.py for tasks to queue
[2024-05-30T06:43:13.359+0000] {logging_mixin.py:188} INFO - [2024-05-30T06:43:13.359+0000] {dagbag.py:545} INFO - Filling up the DagBag from /home/airflow/.local/lib/python3.12/site-packages/airflow/example_dags/example_task_group.py
[2024-05-30T06:43:13.366+0000] {processor.py:840} INFO - DAG(s) 'example_task_group' retrieved from /home/airflow/.local/lib/python3.12/site-packages/airflow/example_dags/example_task_group.py
[2024-05-30T06:43:13.386+0000] {logging_mixin.py:188} INFO - [2024-05-30T06:43:13.386+0000] {dag.py:3096} INFO - Sync 1 DAGs
[2024-05-30T06:43:13.407+0000] {logging_mixin.py:188} INFO - [2024-05-30T06:43:13.407+0000] {dag.py:3954} INFO - Setting next_dagrun for example_task_group to 2024-05-29 00:00:00+00:00, run_after=2024-05-30 00:00:00+00:00
[2024-05-30T06:43:13.424+0000] {processor.py:183} INFO - Processing /home/airflow/.local/lib/python3.12/site-packages/airflow/example_dags/example_task_group.py took 0.072 seconds
[2024-05-30T06:43:43.637+0000] {processor.py:161} INFO - Started process (PID=399) to work on /home/airflow/.local/lib/python3.12/site-packages/airflow/example_dags/example_task_group.py
[2024-05-30T06:43:43.638+0000] {processor.py:830} INFO - Processing file /home/airflow/.local/lib/python3.12/site-packages/airflow/example_dags/example_task_group.py for tasks to queue
[2024-05-30T06:43:43.640+0000] {logging_mixin.py:188} INFO - [2024-05-30T06:43:43.640+0000] {dagbag.py:545} INFO - Filling up the DagBag from /home/airflow/.local/lib/python3.12/site-packages/airflow/example_dags/example_task_group.py
[2024-05-30T06:43:43.646+0000] {processor.py:840} INFO - DAG(s) 'example_task_group' retrieved from /home/airflow/.local/lib/python3.12/site-packages/airflow/example_dags/example_task_group.py
[2024-05-30T06:43:43.665+0000] {logging_mixin.py:188} INFO - [2024-05-30T06:43:43.664+0000] {dag.py:3096} INFO - Sync 1 DAGs
[2024-05-30T06:43:43.684+0000] {logging_mixin.py:188} INFO - [2024-05-30T06:43:43.684+0000] {dag.py:3954} INFO - Setting next_dagrun for example_task_group to 2024-05-29 00:00:00+00:00, run_after=2024-05-30 00:00:00+00:00
[2024-05-30T06:43:43.701+0000] {processor.py:183} INFO - Processing /home/airflow/.local/lib/python3.12/site-packages/airflow/example_dags/example_task_group.py took 0.069 seconds
[2024-05-30T06:44:14.434+0000] {processor.py:161} INFO - Started process (PID=457) to work on /home/airflow/.local/lib/python3.12/site-packages/airflow/example_dags/example_task_group.py
[2024-05-30T06:44:14.435+0000] {processor.py:830} INFO - Processing file /home/airflow/.local/lib/python3.12/site-packages/airflow/example_dags/example_task_group.py for tasks to queue
[2024-05-30T06:44:14.437+0000] {logging_mixin.py:188} INFO - [2024-05-30T06:44:14.437+0000] {dagbag.py:545} INFO - Filling up the DagBag from /home/airflow/.local/lib/python3.12/site-packages/airflow/example_dags/example_task_group.py
[2024-05-30T06:44:14.443+0000] {processor.py:840} INFO - DAG(s) 'example_task_group' retrieved from /home/airflow/.local/lib/python3.12/site-packages/airflow/example_dags/example_task_group.py
[2024-05-30T06:44:14.463+0000] {logging_mixin.py:188} INFO - [2024-05-30T06:44:14.462+0000] {dag.py:3096} INFO - Sync 1 DAGs
[2024-05-30T06:44:14.483+0000] {logging_mixin.py:188} INFO - [2024-05-30T06:44:14.483+0000] {dag.py:3954} INFO - Setting next_dagrun for example_task_group to 2024-05-29 00:00:00+00:00, run_after=2024-05-30 00:00:00+00:00
[2024-05-30T06:44:14.501+0000] {processor.py:183} INFO - Processing /home/airflow/.local/lib/python3.12/site-packages/airflow/example_dags/example_task_group.py took 0.072 seconds
[2024-05-30T06:44:44.560+0000] {processor.py:161} INFO - Started process (PID=515) to work on /home/airflow/.local/lib/python3.12/site-packages/airflow/example_dags/example_task_group.py
[2024-05-30T06:44:44.561+0000] {processor.py:830} INFO - Processing file /home/airflow/.local/lib/python3.12/site-packages/airflow/example_dags/example_task_group.py for tasks to queue
[2024-05-30T06:44:44.562+0000] {logging_mixin.py:188} INFO - [2024-05-30T06:44:44.562+0000] {dagbag.py:545} INFO - Filling up the DagBag from /home/airflow/.local/lib/python3.12/site-packages/airflow/example_dags/example_task_group.py
[2024-05-30T06:44:44.569+0000] {processor.py:840} INFO - DAG(s) 'example_task_group' retrieved from /home/airflow/.local/lib/python3.12/site-packages/airflow/example_dags/example_task_group.py
[2024-05-30T06:44:44.588+0000] {logging_mixin.py:188} INFO - [2024-05-30T06:44:44.588+0000] {dag.py:3096} INFO - Sync 1 DAGs
[2024-05-30T06:44:44.608+0000] {logging_mixin.py:188} INFO - [2024-05-30T06:44:44.608+0000] {dag.py:3954} INFO - Setting next_dagrun for example_task_group to 2024-05-29 00:00:00+00:00, run_after=2024-05-30 00:00:00+00:00
[2024-05-30T06:44:44.626+0000] {processor.py:183} INFO - Processing /home/airflow/.local/lib/python3.12/site-packages/airflow/example_dags/example_task_group.py took 0.071 seconds
[2024-05-30T06:45:14.913+0000] {processor.py:161} INFO - Started process (PID=573) to work on /home/airflow/.local/lib/python3.12/site-packages/airflow/example_dags/example_task_group.py
[2024-05-30T06:45:14.914+0000] {processor.py:830} INFO - Processing file /home/airflow/.local/lib/python3.12/site-packages/airflow/example_dags/example_task_group.py for tasks to queue
[2024-05-30T06:45:14.916+0000] {logging_mixin.py:188} INFO - [2024-05-30T06:45:14.916+0000] {dagbag.py:545} INFO - Filling up the DagBag from /home/airflow/.local/lib/python3.12/site-packages/airflow/example_dags/example_task_group.py
[2024-05-30T06:45:14.923+0000] {processor.py:840} INFO - DAG(s) 'example_task_group' retrieved from /home/airflow/.local/lib/python3.12/site-packages/airflow/example_dags/example_task_group.py
[2024-05-30T06:45:14.946+0000] {logging_mixin.py:188} INFO - [2024-05-30T06:45:14.945+0000] {dag.py:3096} INFO - Sync 1 DAGs
[2024-05-30T06:45:14.967+0000] {logging_mixin.py:188} INFO - [2024-05-30T06:45:14.967+0000] {dag.py:3954} INFO - Setting next_dagrun for example_task_group to 2024-05-29 00:00:00+00:00, run_after=2024-05-30 00:00:00+00:00
[2024-05-30T06:45:14.986+0000] {processor.py:183} INFO - Processing /home/airflow/.local/lib/python3.12/site-packages/airflow/example_dags/example_task_group.py took 0.078 seconds
[2024-05-30T06:45:45.253+0000] {processor.py:161} INFO - Started process (PID=631) to work on /home/airflow/.local/lib/python3.12/site-packages/airflow/example_dags/example_task_group.py
[2024-05-30T06:45:45.254+0000] {processor.py:830} INFO - Processing file /home/airflow/.local/lib/python3.12/site-packages/airflow/example_dags/example_task_group.py for tasks to queue
[2024-05-30T06:45:45.256+0000] {logging_mixin.py:188} INFO - [2024-05-30T06:45:45.255+0000] {dagbag.py:545} INFO - Filling up the DagBag from /home/airflow/.local/lib/python3.12/site-packages/airflow/example_dags/example_task_group.py
[2024-05-30T06:45:45.263+0000] {processor.py:840} INFO - DAG(s) 'example_task_group' retrieved from /home/airflow/.local/lib/python3.12/site-packages/airflow/example_dags/example_task_group.py
[2024-05-30T06:45:45.284+0000] {logging_mixin.py:188} INFO - [2024-05-30T06:45:45.283+0000] {dag.py:3096} INFO - Sync 1 DAGs
[2024-05-30T06:45:45.309+0000] {logging_mixin.py:188} INFO - [2024-05-30T06:45:45.309+0000] {dag.py:3954} INFO - Setting next_dagrun for example_task_group to 2024-05-29 00:00:00+00:00, run_after=2024-05-30 00:00:00+00:00
[2024-05-30T06:45:45.331+0000] {processor.py:183} INFO - Processing /home/airflow/.local/lib/python3.12/site-packages/airflow/example_dags/example_task_group.py took 0.084 seconds
[2024-05-30T06:46:15.368+0000] {processor.py:161} INFO - Started process (PID=688) to work on /home/airflow/.local/lib/python3.12/site-packages/airflow/example_dags/example_task_group.py
[2024-05-30T06:46:15.369+0000] {processor.py:830} INFO - Processing file /home/airflow/.local/lib/python3.12/site-packages/airflow/example_dags/example_task_group.py for tasks to queue
[2024-05-30T06:46:15.371+0000] {logging_mixin.py:188} INFO - [2024-05-30T06:46:15.371+0000] {dagbag.py:545} INFO - Filling up the DagBag from /home/airflow/.local/lib/python3.12/site-packages/airflow/example_dags/example_task_group.py
[2024-05-30T06:46:15.378+0000] {processor.py:840} INFO - DAG(s) 'example_task_group' retrieved from /home/airflow/.local/lib/python3.12/site-packages/airflow/example_dags/example_task_group.py
[2024-05-30T06:46:15.399+0000] {logging_mixin.py:188} INFO - [2024-05-30T06:46:15.399+0000] {dag.py:3096} INFO - Sync 1 DAGs
[2024-05-30T06:46:15.426+0000] {logging_mixin.py:188} INFO - [2024-05-30T06:46:15.426+0000] {dag.py:3954} INFO - Setting next_dagrun for example_task_group to 2024-05-29 00:00:00+00:00, run_after=2024-05-30 00:00:00+00:00
[2024-05-30T06:46:15.448+0000] {processor.py:183} INFO - Processing /home/airflow/.local/lib/python3.12/site-packages/airflow/example_dags/example_task_group.py took 0.085 seconds
[2024-05-30T06:46:45.897+0000] {processor.py:161} INFO - Started process (PID=747) to work on /home/airflow/.local/lib/python3.12/site-packages/airflow/example_dags/example_task_group.py
[2024-05-30T06:46:45.898+0000] {processor.py:830} INFO - Processing file /home/airflow/.local/lib/python3.12/site-packages/airflow/example_dags/example_task_group.py for tasks to queue
[2024-05-30T06:46:45.900+0000] {logging_mixin.py:188} INFO - [2024-05-30T06:46:45.899+0000] {dagbag.py:545} INFO - Filling up the DagBag from /home/airflow/.local/lib/python3.12/site-packages/airflow/example_dags/example_task_group.py
[2024-05-30T06:46:45.906+0000] {processor.py:840} INFO - DAG(s) 'example_task_group' retrieved from /home/airflow/.local/lib/python3.12/site-packages/airflow/example_dags/example_task_group.py
[2024-05-30T06:46:45.929+0000] {logging_mixin.py:188} INFO - [2024-05-30T06:46:45.929+0000] {dag.py:3096} INFO - Sync 1 DAGs
[2024-05-30T06:46:45.951+0000] {logging_mixin.py:188} INFO - [2024-05-30T06:46:45.951+0000] {dag.py:3954} INFO - Setting next_dagrun for example_task_group to 2024-05-29 00:00:00+00:00, run_after=2024-05-30 00:00:00+00:00
[2024-05-30T06:46:45.970+0000] {processor.py:183} INFO - Processing /home/airflow/.local/lib/python3.12/site-packages/airflow/example_dags/example_task_group.py took 0.079 seconds
[2024-05-30T06:47:16.803+0000] {processor.py:161} INFO - Started process (PID=805) to work on /home/airflow/.local/lib/python3.12/site-packages/airflow/example_dags/example_task_group.py
[2024-05-30T06:47:16.804+0000] {processor.py:830} INFO - Processing file /home/airflow/.local/lib/python3.12/site-packages/airflow/example_dags/example_task_group.py for tasks to queue
[2024-05-30T06:47:16.806+0000] {logging_mixin.py:188} INFO - [2024-05-30T06:47:16.805+0000] {dagbag.py:545} INFO - Filling up the DagBag from /home/airflow/.local/lib/python3.12/site-packages/airflow/example_dags/example_task_group.py
[2024-05-30T06:47:16.812+0000] {processor.py:840} INFO - DAG(s) 'example_task_group' retrieved from /home/airflow/.local/lib/python3.12/site-packages/airflow/example_dags/example_task_group.py
[2024-05-30T06:47:16.831+0000] {logging_mixin.py:188} INFO - [2024-05-30T06:47:16.831+0000] {dag.py:3096} INFO - Sync 1 DAGs
[2024-05-30T06:47:16.851+0000] {logging_mixin.py:188} INFO - [2024-05-30T06:47:16.851+0000] {dag.py:3954} INFO - Setting next_dagrun for example_task_group to 2024-05-29 00:00:00+00:00, run_after=2024-05-30 00:00:00+00:00
[2024-05-30T06:47:16.868+0000] {processor.py:183} INFO - Processing /home/airflow/.local/lib/python3.12/site-packages/airflow/example_dags/example_task_group.py took 0.070 seconds
[2024-05-30T06:47:46.984+0000] {processor.py:161} INFO - Started process (PID=863) to work on /home/airflow/.local/lib/python3.12/site-packages/airflow/example_dags/example_task_group.py
[2024-05-30T06:47:46.984+0000] {processor.py:830} INFO - Processing file /home/airflow/.local/lib/python3.12/site-packages/airflow/example_dags/example_task_group.py for tasks to queue
[2024-05-30T06:47:46.986+0000] {logging_mixin.py:188} INFO - [2024-05-30T06:47:46.986+0000] {dagbag.py:545} INFO - Filling up the DagBag from /home/airflow/.local/lib/python3.12/site-packages/airflow/example_dags/example_task_group.py
[2024-05-30T06:47:46.992+0000] {processor.py:840} INFO - DAG(s) 'example_task_group' retrieved from /home/airflow/.local/lib/python3.12/site-packages/airflow/example_dags/example_task_group.py
[2024-05-30T06:47:47.013+0000] {logging_mixin.py:188} INFO - [2024-05-30T06:47:47.012+0000] {dag.py:3096} INFO - Sync 1 DAGs
[2024-05-30T06:47:47.033+0000] {logging_mixin.py:188} INFO - [2024-05-30T06:47:47.033+0000] {dag.py:3954} INFO - Setting next_dagrun for example_task_group to 2024-05-29 00:00:00+00:00, run_after=2024-05-30 00:00:00+00:00
[2024-05-30T06:47:47.050+0000] {processor.py:183} INFO - Processing /home/airflow/.local/lib/python3.12/site-packages/airflow/example_dags/example_task_group.py took 0.071 seconds
[2024-05-30T06:48:17.190+0000] {processor.py:161} INFO - Started process (PID=921) to work on /home/airflow/.local/lib/python3.12/site-packages/airflow/example_dags/example_task_group.py
[2024-05-30T06:48:17.191+0000] {processor.py:830} INFO - Processing file /home/airflow/.local/lib/python3.12/site-packages/airflow/example_dags/example_task_group.py for tasks to queue
[2024-05-30T06:48:17.193+0000] {logging_mixin.py:188} INFO - [2024-05-30T06:48:17.192+0000] {dagbag.py:545} INFO - Filling up the DagBag from /home/airflow/.local/lib/python3.12/site-packages/airflow/example_dags/example_task_group.py
[2024-05-30T06:48:17.199+0000] {processor.py:840} INFO - DAG(s) 'example_task_group' retrieved from /home/airflow/.local/lib/python3.12/site-packages/airflow/example_dags/example_task_group.py
[2024-05-30T06:48:17.218+0000] {logging_mixin.py:188} INFO - [2024-05-30T06:48:17.217+0000] {dag.py:3096} INFO - Sync 1 DAGs
[2024-05-30T06:48:17.238+0000] {logging_mixin.py:188} INFO - [2024-05-30T06:48:17.238+0000] {dag.py:3954} INFO - Setting next_dagrun for example_task_group to 2024-05-29 00:00:00+00:00, run_after=2024-05-30 00:00:00+00:00
[2024-05-30T06:48:17.255+0000] {processor.py:183} INFO - Processing /home/airflow/.local/lib/python3.12/site-packages/airflow/example_dags/example_task_group.py took 0.070 seconds
[2024-05-30T06:48:47.423+0000] {processor.py:161} INFO - Started process (PID=979) to work on /home/airflow/.local/lib/python3.12/site-packages/airflow/example_dags/example_task_group.py
[2024-05-30T06:48:47.424+0000] {processor.py:830} INFO - Processing file /home/airflow/.local/lib/python3.12/site-packages/airflow/example_dags/example_task_group.py for tasks to queue
[2024-05-30T06:48:47.425+0000] {logging_mixin.py:188} INFO - [2024-05-30T06:48:47.425+0000] {dagbag.py:545} INFO - Filling up the DagBag from /home/airflow/.local/lib/python3.12/site-packages/airflow/example_dags/example_task_group.py
[2024-05-30T06:48:47.432+0000] {processor.py:840} INFO - DAG(s) 'example_task_group' retrieved from /home/airflow/.local/lib/python3.12/site-packages/airflow/example_dags/example_task_group.py
[2024-05-30T06:48:47.451+0000] {logging_mixin.py:188} INFO - [2024-05-30T06:48:47.451+0000] {dag.py:3096} INFO - Sync 1 DAGs
[2024-05-30T06:48:47.472+0000] {logging_mixin.py:188} INFO - [2024-05-30T06:48:47.471+0000] {dag.py:3954} INFO - Setting next_dagrun for example_task_group to 2024-05-29 00:00:00+00:00, run_after=2024-05-30 00:00:00+00:00
[2024-05-30T06:48:47.489+0000] {processor.py:183} INFO - Processing /home/airflow/.local/lib/python3.12/site-packages/airflow/example_dags/example_task_group.py took 0.071 seconds
[2024-05-30T06:49:17.989+0000] {processor.py:161} INFO - Started process (PID=1043) to work on /home/airflow/.local/lib/python3.12/site-packages/airflow/example_dags/example_task_group.py
[2024-05-30T06:49:17.990+0000] {processor.py:830} INFO - Processing file /home/airflow/.local/lib/python3.12/site-packages/airflow/example_dags/example_task_group.py for tasks to queue
[2024-05-30T06:49:17.992+0000] {logging_mixin.py:188} INFO - [2024-05-30T06:49:17.992+0000] {dagbag.py:545} INFO - Filling up the DagBag from /home/airflow/.local/lib/python3.12/site-packages/airflow/example_dags/example_task_group.py
[2024-05-30T06:49:18.000+0000] {processor.py:840} INFO - DAG(s) 'example_task_group' retrieved from /home/airflow/.local/lib/python3.12/site-packages/airflow/example_dags/example_task_group.py
[2024-05-30T06:49:18.020+0000] {logging_mixin.py:188} INFO - [2024-05-30T06:49:18.019+0000] {dag.py:3096} INFO - Sync 1 DAGs
[2024-05-30T06:49:18.040+0000] {logging_mixin.py:188} INFO - [2024-05-30T06:49:18.040+0000] {dag.py:3954} INFO - Setting next_dagrun for example_task_group to 2024-05-29 00:00:00+00:00, run_after=2024-05-30 00:00:00+00:00
[2024-05-30T06:49:18.057+0000] {processor.py:183} INFO - Processing /home/airflow/.local/lib/python3.12/site-packages/airflow/example_dags/example_task_group.py took 0.073 seconds
[2024-05-30T06:49:48.964+0000] {processor.py:161} INFO - Started process (PID=1101) to work on /home/airflow/.local/lib/python3.12/site-packages/airflow/example_dags/example_task_group.py
[2024-05-30T06:49:48.965+0000] {processor.py:830} INFO - Processing file /home/airflow/.local/lib/python3.12/site-packages/airflow/example_dags/example_task_group.py for tasks to queue
[2024-05-30T06:49:48.966+0000] {logging_mixin.py:188} INFO - [2024-05-30T06:49:48.966+0000] {dagbag.py:545} INFO - Filling up the DagBag from /home/airflow/.local/lib/python3.12/site-packages/airflow/example_dags/example_task_group.py
[2024-05-30T06:49:48.973+0000] {processor.py:840} INFO - DAG(s) 'example_task_group' retrieved from /home/airflow/.local/lib/python3.12/site-packages/airflow/example_dags/example_task_group.py
[2024-05-30T06:49:48.992+0000] {logging_mixin.py:188} INFO - [2024-05-30T06:49:48.991+0000] {dag.py:3096} INFO - Sync 1 DAGs
[2024-05-30T06:49:49.013+0000] {logging_mixin.py:188} INFO - [2024-05-30T06:49:49.012+0000] {dag.py:3954} INFO - Setting next_dagrun for example_task_group to 2024-05-29 00:00:00+00:00, run_after=2024-05-30 00:00:00+00:00
[2024-05-30T06:49:49.030+0000] {processor.py:183} INFO - Processing /home/airflow/.local/lib/python3.12/site-packages/airflow/example_dags/example_task_group.py took 0.072 seconds
[2024-05-30T06:50:19.640+0000] {processor.py:161} INFO - Started process (PID=1159) to work on /home/airflow/.local/lib/python3.12/site-packages/airflow/example_dags/example_task_group.py
[2024-05-30T06:50:19.641+0000] {processor.py:830} INFO - Processing file /home/airflow/.local/lib/python3.12/site-packages/airflow/example_dags/example_task_group.py for tasks to queue
[2024-05-30T06:50:19.643+0000] {logging_mixin.py:188} INFO - [2024-05-30T06:50:19.642+0000] {dagbag.py:545} INFO - Filling up the DagBag from /home/airflow/.local/lib/python3.12/site-packages/airflow/example_dags/example_task_group.py
[2024-05-30T06:50:19.649+0000] {processor.py:840} INFO - DAG(s) 'example_task_group' retrieved from /home/airflow/.local/lib/python3.12/site-packages/airflow/example_dags/example_task_group.py
[2024-05-30T06:50:19.669+0000] {logging_mixin.py:188} INFO - [2024-05-30T06:50:19.668+0000] {dag.py:3096} INFO - Sync 1 DAGs
[2024-05-30T06:50:19.689+0000] {logging_mixin.py:188} INFO - [2024-05-30T06:50:19.689+0000] {dag.py:3954} INFO - Setting next_dagrun for example_task_group to 2024-05-29 00:00:00+00:00, run_after=2024-05-30 00:00:00+00:00
[2024-05-30T06:50:19.707+0000] {processor.py:183} INFO - Processing /home/airflow/.local/lib/python3.12/site-packages/airflow/example_dags/example_task_group.py took 0.072 seconds
[2024-05-30T06:50:50.368+0000] {processor.py:161} INFO - Started process (PID=1217) to work on /home/airflow/.local/lib/python3.12/site-packages/airflow/example_dags/example_task_group.py
[2024-05-30T06:50:50.369+0000] {processor.py:830} INFO - Processing file /home/airflow/.local/lib/python3.12/site-packages/airflow/example_dags/example_task_group.py for tasks to queue
[2024-05-30T06:50:50.371+0000] {logging_mixin.py:188} INFO - [2024-05-30T06:50:50.371+0000] {dagbag.py:545} INFO - Filling up the DagBag from /home/airflow/.local/lib/python3.12/site-packages/airflow/example_dags/example_task_group.py
[2024-05-30T06:50:50.377+0000] {processor.py:840} INFO - DAG(s) 'example_task_group' retrieved from /home/airflow/.local/lib/python3.12/site-packages/airflow/example_dags/example_task_group.py
[2024-05-30T06:50:50.396+0000] {logging_mixin.py:188} INFO - [2024-05-30T06:50:50.396+0000] {dag.py:3096} INFO - Sync 1 DAGs
[2024-05-30T06:50:50.418+0000] {logging_mixin.py:188} INFO - [2024-05-30T06:50:50.418+0000] {dag.py:3954} INFO - Setting next_dagrun for example_task_group to 2024-05-29 00:00:00+00:00, run_after=2024-05-30 00:00:00+00:00
[2024-05-30T06:50:50.434+0000] {processor.py:183} INFO - Processing /home/airflow/.local/lib/python3.12/site-packages/airflow/example_dags/example_task_group.py took 0.072 seconds
[2024-05-30T06:51:21.182+0000] {processor.py:161} INFO - Started process (PID=1275) to work on /home/airflow/.local/lib/python3.12/site-packages/airflow/example_dags/example_task_group.py
[2024-05-30T06:51:21.183+0000] {processor.py:830} INFO - Processing file /home/airflow/.local/lib/python3.12/site-packages/airflow/example_dags/example_task_group.py for tasks to queue
[2024-05-30T06:51:21.185+0000] {logging_mixin.py:188} INFO - [2024-05-30T06:51:21.185+0000] {dagbag.py:545} INFO - Filling up the DagBag from /home/airflow/.local/lib/python3.12/site-packages/airflow/example_dags/example_task_group.py
[2024-05-30T06:51:21.191+0000] {processor.py:840} INFO - DAG(s) 'example_task_group' retrieved from /home/airflow/.local/lib/python3.12/site-packages/airflow/example_dags/example_task_group.py
[2024-05-30T06:51:21.211+0000] {logging_mixin.py:188} INFO - [2024-05-30T06:51:21.210+0000] {dag.py:3096} INFO - Sync 1 DAGs
[2024-05-30T06:51:21.231+0000] {logging_mixin.py:188} INFO - [2024-05-30T06:51:21.231+0000] {dag.py:3954} INFO - Setting next_dagrun for example_task_group to 2024-05-29 00:00:00+00:00, run_after=2024-05-30 00:00:00+00:00
[2024-05-30T06:51:21.248+0000] {processor.py:183} INFO - Processing /home/airflow/.local/lib/python3.12/site-packages/airflow/example_dags/example_task_group.py took 0.071 seconds
[2024-05-30T06:51:52.182+0000] {processor.py:161} INFO - Started process (PID=1333) to work on /home/airflow/.local/lib/python3.12/site-packages/airflow/example_dags/example_task_group.py
[2024-05-30T06:51:52.183+0000] {processor.py:830} INFO - Processing file /home/airflow/.local/lib/python3.12/site-packages/airflow/example_dags/example_task_group.py for tasks to queue
[2024-05-30T06:51:52.185+0000] {logging_mixin.py:188} INFO - [2024-05-30T06:51:52.185+0000] {dagbag.py:545} INFO - Filling up the DagBag from /home/airflow/.local/lib/python3.12/site-packages/airflow/example_dags/example_task_group.py
[2024-05-30T06:51:52.192+0000] {processor.py:840} INFO - DAG(s) 'example_task_group' retrieved from /home/airflow/.local/lib/python3.12/site-packages/airflow/example_dags/example_task_group.py
[2024-05-30T06:51:52.214+0000] {logging_mixin.py:188} INFO - [2024-05-30T06:51:52.214+0000] {dag.py:3096} INFO - Sync 1 DAGs
[2024-05-30T06:51:52.334+0000] {logging_mixin.py:188} INFO - [2024-05-30T06:51:52.334+0000] {dag.py:3954} INFO - Setting next_dagrun for example_task_group to 2024-05-29 00:00:00+00:00, run_after=2024-05-30 00:00:00+00:00
[2024-05-30T06:51:52.349+0000] {processor.py:183} INFO - Processing /home/airflow/.local/lib/python3.12/site-packages/airflow/example_dags/example_task_group.py took 0.172 seconds
[2024-05-30T06:52:22.553+0000] {processor.py:161} INFO - Started process (PID=1391) to work on /home/airflow/.local/lib/python3.12/site-packages/airflow/example_dags/example_task_group.py
[2024-05-30T06:52:22.554+0000] {processor.py:830} INFO - Processing file /home/airflow/.local/lib/python3.12/site-packages/airflow/example_dags/example_task_group.py for tasks to queue
[2024-05-30T06:52:22.556+0000] {logging_mixin.py:188} INFO - [2024-05-30T06:52:22.556+0000] {dagbag.py:545} INFO - Filling up the DagBag from /home/airflow/.local/lib/python3.12/site-packages/airflow/example_dags/example_task_group.py
[2024-05-30T06:52:22.562+0000] {processor.py:840} INFO - DAG(s) 'example_task_group' retrieved from /home/airflow/.local/lib/python3.12/site-packages/airflow/example_dags/example_task_group.py
[2024-05-30T06:52:22.582+0000] {logging_mixin.py:188} INFO - [2024-05-30T06:52:22.582+0000] {dag.py:3096} INFO - Sync 1 DAGs
[2024-05-30T06:52:22.603+0000] {logging_mixin.py:188} INFO - [2024-05-30T06:52:22.603+0000] {dag.py:3954} INFO - Setting next_dagrun for example_task_group to 2024-05-29 00:00:00+00:00, run_after=2024-05-30 00:00:00+00:00
[2024-05-30T06:52:22.725+0000] {processor.py:183} INFO - Processing /home/airflow/.local/lib/python3.12/site-packages/airflow/example_dags/example_task_group.py took 0.177 seconds
[2024-05-30T06:52:53.128+0000] {processor.py:161} INFO - Started process (PID=1449) to work on /home/airflow/.local/lib/python3.12/site-packages/airflow/example_dags/example_task_group.py
[2024-05-30T06:52:53.129+0000] {processor.py:830} INFO - Processing file /home/airflow/.local/lib/python3.12/site-packages/airflow/example_dags/example_task_group.py for tasks to queue
[2024-05-30T06:52:53.131+0000] {logging_mixin.py:188} INFO - [2024-05-30T06:52:53.131+0000] {dagbag.py:545} INFO - Filling up the DagBag from /home/airflow/.local/lib/python3.12/site-packages/airflow/example_dags/example_task_group.py
[2024-05-30T06:52:53.140+0000] {processor.py:840} INFO - DAG(s) 'example_task_group' retrieved from /home/airflow/.local/lib/python3.12/site-packages/airflow/example_dags/example_task_group.py
[2024-05-30T06:52:53.161+0000] {logging_mixin.py:188} INFO - [2024-05-30T06:52:53.161+0000] {dag.py:3096} INFO - Sync 1 DAGs
[2024-05-30T06:52:53.189+0000] {logging_mixin.py:188} INFO - [2024-05-30T06:52:53.189+0000] {dag.py:3954} INFO - Setting next_dagrun for example_task_group to 2024-05-29 00:00:00+00:00, run_after=2024-05-30 00:00:00+00:00
[2024-05-30T06:52:53.324+0000] {processor.py:183} INFO - Processing /home/airflow/.local/lib/python3.12/site-packages/airflow/example_dags/example_task_group.py took 0.202 seconds
[2024-05-30T06:53:23.640+0000] {processor.py:161} INFO - Started process (PID=1507) to work on /home/airflow/.local/lib/python3.12/site-packages/airflow/example_dags/example_task_group.py
[2024-05-30T06:53:23.641+0000] {processor.py:830} INFO - Processing file /home/airflow/.local/lib/python3.12/site-packages/airflow/example_dags/example_task_group.py for tasks to queue
[2024-05-30T06:53:23.643+0000] {logging_mixin.py:188} INFO - [2024-05-30T06:53:23.642+0000] {dagbag.py:545} INFO - Filling up the DagBag from /home/airflow/.local/lib/python3.12/site-packages/airflow/example_dags/example_task_group.py
[2024-05-30T06:53:23.649+0000] {processor.py:840} INFO - DAG(s) 'example_task_group' retrieved from /home/airflow/.local/lib/python3.12/site-packages/airflow/example_dags/example_task_group.py
[2024-05-30T06:53:23.669+0000] {logging_mixin.py:188} INFO - [2024-05-30T06:53:23.668+0000] {dag.py:3096} INFO - Sync 1 DAGs
[2024-05-30T06:53:23.690+0000] {logging_mixin.py:188} INFO - [2024-05-30T06:53:23.690+0000] {dag.py:3954} INFO - Setting next_dagrun for example_task_group to 2024-05-29 00:00:00+00:00, run_after=2024-05-30 00:00:00+00:00
[2024-05-30T06:53:23.710+0000] {processor.py:183} INFO - Processing /home/airflow/.local/lib/python3.12/site-packages/airflow/example_dags/example_task_group.py took 0.076 seconds
[2024-05-30T06:53:54.149+0000] {processor.py:161} INFO - Started process (PID=1565) to work on /home/airflow/.local/lib/python3.12/site-packages/airflow/example_dags/example_task_group.py
[2024-05-30T06:53:54.149+0000] {processor.py:830} INFO - Processing file /home/airflow/.local/lib/python3.12/site-packages/airflow/example_dags/example_task_group.py for tasks to queue
[2024-05-30T06:53:54.151+0000] {logging_mixin.py:188} INFO - [2024-05-30T06:53:54.151+0000] {dagbag.py:545} INFO - Filling up the DagBag from /home/airflow/.local/lib/python3.12/site-packages/airflow/example_dags/example_task_group.py
[2024-05-30T06:53:54.158+0000] {processor.py:840} INFO - DAG(s) 'example_task_group' retrieved from /home/airflow/.local/lib/python3.12/site-packages/airflow/example_dags/example_task_group.py
[2024-05-30T06:53:54.178+0000] {logging_mixin.py:188} INFO - [2024-05-30T06:53:54.178+0000] {dag.py:3096} INFO - Sync 1 DAGs
[2024-05-30T06:53:54.199+0000] {logging_mixin.py:188} INFO - [2024-05-30T06:53:54.199+0000] {dag.py:3954} INFO - Setting next_dagrun for example_task_group to 2024-05-29 00:00:00+00:00, run_after=2024-05-30 00:00:00+00:00
[2024-05-30T06:53:54.219+0000] {processor.py:183} INFO - Processing /home/airflow/.local/lib/python3.12/site-packages/airflow/example_dags/example_task_group.py took 0.075 seconds
[2024-05-30T06:54:24.952+0000] {processor.py:161} INFO - Started process (PID=1623) to work on /home/airflow/.local/lib/python3.12/site-packages/airflow/example_dags/example_task_group.py
[2024-05-30T06:54:24.954+0000] {processor.py:830} INFO - Processing file /home/airflow/.local/lib/python3.12/site-packages/airflow/example_dags/example_task_group.py for tasks to queue
[2024-05-30T06:54:24.956+0000] {logging_mixin.py:188} INFO - [2024-05-30T06:54:24.956+0000] {dagbag.py:545} INFO - Filling up the DagBag from /home/airflow/.local/lib/python3.12/site-packages/airflow/example_dags/example_task_group.py
[2024-05-30T06:54:24.966+0000] {processor.py:840} INFO - DAG(s) 'example_task_group' retrieved from /home/airflow/.local/lib/python3.12/site-packages/airflow/example_dags/example_task_group.py
[2024-05-30T06:54:25.003+0000] {logging_mixin.py:188} INFO - [2024-05-30T06:54:25.003+0000] {dag.py:3096} INFO - Sync 1 DAGs
[2024-05-30T06:54:25.056+0000] {logging_mixin.py:188} INFO - [2024-05-30T06:54:25.055+0000] {dag.py:3954} INFO - Setting next_dagrun for example_task_group to 2024-05-29 00:00:00+00:00, run_after=2024-05-30 00:00:00+00:00
[2024-05-30T06:54:25.090+0000] {processor.py:183} INFO - Processing /home/airflow/.local/lib/python3.12/site-packages/airflow/example_dags/example_task_group.py took 0.148 seconds
[2024-05-30T06:54:55.318+0000] {processor.py:161} INFO - Started process (PID=1681) to work on /home/airflow/.local/lib/python3.12/site-packages/airflow/example_dags/example_task_group.py
[2024-05-30T06:54:55.319+0000] {processor.py:830} INFO - Processing file /home/airflow/.local/lib/python3.12/site-packages/airflow/example_dags/example_task_group.py for tasks to queue
[2024-05-30T06:54:55.321+0000] {logging_mixin.py:188} INFO - [2024-05-30T06:54:55.321+0000] {dagbag.py:545} INFO - Filling up the DagBag from /home/airflow/.local/lib/python3.12/site-packages/airflow/example_dags/example_task_group.py
[2024-05-30T06:54:55.328+0000] {processor.py:840} INFO - DAG(s) 'example_task_group' retrieved from /home/airflow/.local/lib/python3.12/site-packages/airflow/example_dags/example_task_group.py
[2024-05-30T06:54:55.348+0000] {logging_mixin.py:188} INFO - [2024-05-30T06:54:55.348+0000] {dag.py:3096} INFO - Sync 1 DAGs
[2024-05-30T06:54:55.368+0000] {logging_mixin.py:188} INFO - [2024-05-30T06:54:55.368+0000] {dag.py:3954} INFO - Setting next_dagrun for example_task_group to 2024-05-29 00:00:00+00:00, run_after=2024-05-30 00:00:00+00:00
[2024-05-30T06:54:55.388+0000] {processor.py:183} INFO - Processing /home/airflow/.local/lib/python3.12/site-packages/airflow/example_dags/example_task_group.py took 0.075 seconds
[2024-05-30T06:55:25.601+0000] {processor.py:161} INFO - Started process (PID=1739) to work on /home/airflow/.local/lib/python3.12/site-packages/airflow/example_dags/example_task_group.py
[2024-05-30T06:55:25.602+0000] {processor.py:830} INFO - Processing file /home/airflow/.local/lib/python3.12/site-packages/airflow/example_dags/example_task_group.py for tasks to queue
[2024-05-30T06:55:25.603+0000] {logging_mixin.py:188} INFO - [2024-05-30T06:55:25.603+0000] {dagbag.py:545} INFO - Filling up the DagBag from /home/airflow/.local/lib/python3.12/site-packages/airflow/example_dags/example_task_group.py
[2024-05-30T06:55:25.610+0000] {processor.py:840} INFO - DAG(s) 'example_task_group' retrieved from /home/airflow/.local/lib/python3.12/site-packages/airflow/example_dags/example_task_group.py
[2024-05-30T06:55:25.628+0000] {logging_mixin.py:188} INFO - [2024-05-30T06:55:25.628+0000] {dag.py:3096} INFO - Sync 1 DAGs
[2024-05-30T06:55:25.649+0000] {logging_mixin.py:188} INFO - [2024-05-30T06:55:25.648+0000] {dag.py:3954} INFO - Setting next_dagrun for example_task_group to 2024-05-29 00:00:00+00:00, run_after=2024-05-30 00:00:00+00:00
[2024-05-30T06:55:25.666+0000] {processor.py:183} INFO - Processing /home/airflow/.local/lib/python3.12/site-packages/airflow/example_dags/example_task_group.py took 0.070 seconds
[2024-05-30T06:55:55.720+0000] {processor.py:161} INFO - Started process (PID=1797) to work on /home/airflow/.local/lib/python3.12/site-packages/airflow/example_dags/example_task_group.py
[2024-05-30T06:55:55.721+0000] {processor.py:830} INFO - Processing file /home/airflow/.local/lib/python3.12/site-packages/airflow/example_dags/example_task_group.py for tasks to queue
[2024-05-30T06:55:55.722+0000] {logging_mixin.py:188} INFO - [2024-05-30T06:55:55.722+0000] {dagbag.py:545} INFO - Filling up the DagBag from /home/airflow/.local/lib/python3.12/site-packages/airflow/example_dags/example_task_group.py
[2024-05-30T06:55:55.729+0000] {processor.py:840} INFO - DAG(s) 'example_task_group' retrieved from /home/airflow/.local/lib/python3.12/site-packages/airflow/example_dags/example_task_group.py
[2024-05-30T06:55:55.747+0000] {logging_mixin.py:188} INFO - [2024-05-30T06:55:55.747+0000] {dag.py:3096} INFO - Sync 1 DAGs
[2024-05-30T06:55:55.770+0000] {logging_mixin.py:188} INFO - [2024-05-30T06:55:55.770+0000] {dag.py:3954} INFO - Setting next_dagrun for example_task_group to 2024-05-29 00:00:00+00:00, run_after=2024-05-30 00:00:00+00:00
[2024-05-30T06:55:55.789+0000] {processor.py:183} INFO - Processing /home/airflow/.local/lib/python3.12/site-packages/airflow/example_dags/example_task_group.py took 0.074 seconds
[2024-05-30T06:56:25.867+0000] {processor.py:161} INFO - Started process (PID=1855) to work on /home/airflow/.local/lib/python3.12/site-packages/airflow/example_dags/example_task_group.py
[2024-05-30T06:56:25.867+0000] {processor.py:830} INFO - Processing file /home/airflow/.local/lib/python3.12/site-packages/airflow/example_dags/example_task_group.py for tasks to queue
[2024-05-30T06:56:25.869+0000] {logging_mixin.py:188} INFO - [2024-05-30T06:56:25.869+0000] {dagbag.py:545} INFO - Filling up the DagBag from /home/airflow/.local/lib/python3.12/site-packages/airflow/example_dags/example_task_group.py
[2024-05-30T06:56:25.876+0000] {processor.py:840} INFO - DAG(s) 'example_task_group' retrieved from /home/airflow/.local/lib/python3.12/site-packages/airflow/example_dags/example_task_group.py
[2024-05-30T06:56:25.894+0000] {logging_mixin.py:188} INFO - [2024-05-30T06:56:25.894+0000] {dag.py:3096} INFO - Sync 1 DAGs
[2024-05-30T06:56:25.914+0000] {logging_mixin.py:188} INFO - [2024-05-30T06:56:25.914+0000] {dag.py:3954} INFO - Setting next_dagrun for example_task_group to 2024-05-29 00:00:00+00:00, run_after=2024-05-30 00:00:00+00:00
[2024-05-30T06:56:25.931+0000] {processor.py:183} INFO - Processing /home/airflow/.local/lib/python3.12/site-packages/airflow/example_dags/example_task_group.py took 0.070 seconds
[2024-05-30T06:56:55.968+0000] {processor.py:161} INFO - Started process (PID=1913) to work on /home/airflow/.local/lib/python3.12/site-packages/airflow/example_dags/example_task_group.py
[2024-05-30T06:56:55.969+0000] {processor.py:830} INFO - Processing file /home/airflow/.local/lib/python3.12/site-packages/airflow/example_dags/example_task_group.py for tasks to queue
[2024-05-30T06:56:55.971+0000] {logging_mixin.py:188} INFO - [2024-05-30T06:56:55.971+0000] {dagbag.py:545} INFO - Filling up the DagBag from /home/airflow/.local/lib/python3.12/site-packages/airflow/example_dags/example_task_group.py
[2024-05-30T06:56:55.977+0000] {processor.py:840} INFO - DAG(s) 'example_task_group' retrieved from /home/airflow/.local/lib/python3.12/site-packages/airflow/example_dags/example_task_group.py
[2024-05-30T06:56:55.997+0000] {logging_mixin.py:188} INFO - [2024-05-30T06:56:55.997+0000] {dag.py:3096} INFO - Sync 1 DAGs
[2024-05-30T06:56:56.019+0000] {logging_mixin.py:188} INFO - [2024-05-30T06:56:56.019+0000] {dag.py:3954} INFO - Setting next_dagrun for example_task_group to 2024-05-29 00:00:00+00:00, run_after=2024-05-30 00:00:00+00:00
[2024-05-30T06:56:56.036+0000] {processor.py:183} INFO - Processing /home/airflow/.local/lib/python3.12/site-packages/airflow/example_dags/example_task_group.py took 0.073 seconds
[2024-05-30T06:57:26.526+0000] {processor.py:161} INFO - Started process (PID=1971) to work on /home/airflow/.local/lib/python3.12/site-packages/airflow/example_dags/example_task_group.py
[2024-05-30T06:57:26.527+0000] {processor.py:830} INFO - Processing file /home/airflow/.local/lib/python3.12/site-packages/airflow/example_dags/example_task_group.py for tasks to queue
[2024-05-30T06:57:26.528+0000] {logging_mixin.py:188} INFO - [2024-05-30T06:57:26.528+0000] {dagbag.py:545} INFO - Filling up the DagBag from /home/airflow/.local/lib/python3.12/site-packages/airflow/example_dags/example_task_group.py
[2024-05-30T06:57:26.536+0000] {processor.py:840} INFO - DAG(s) 'example_task_group' retrieved from /home/airflow/.local/lib/python3.12/site-packages/airflow/example_dags/example_task_group.py
[2024-05-30T06:57:26.555+0000] {logging_mixin.py:188} INFO - [2024-05-30T06:57:26.555+0000] {dag.py:3096} INFO - Sync 1 DAGs
[2024-05-30T06:57:26.576+0000] {logging_mixin.py:188} INFO - [2024-05-30T06:57:26.576+0000] {dag.py:3954} INFO - Setting next_dagrun for example_task_group to 2024-05-29 00:00:00+00:00, run_after=2024-05-30 00:00:00+00:00
[2024-05-30T06:57:26.593+0000] {processor.py:183} INFO - Processing /home/airflow/.local/lib/python3.12/site-packages/airflow/example_dags/example_task_group.py took 0.073 seconds
[2024-05-30T06:57:57.116+0000] {processor.py:161} INFO - Started process (PID=2029) to work on /home/airflow/.local/lib/python3.12/site-packages/airflow/example_dags/example_task_group.py
[2024-05-30T06:57:57.117+0000] {processor.py:830} INFO - Processing file /home/airflow/.local/lib/python3.12/site-packages/airflow/example_dags/example_task_group.py for tasks to queue
[2024-05-30T06:57:57.119+0000] {logging_mixin.py:188} INFO - [2024-05-30T06:57:57.118+0000] {dagbag.py:545} INFO - Filling up the DagBag from /home/airflow/.local/lib/python3.12/site-packages/airflow/example_dags/example_task_group.py
[2024-05-30T06:57:57.125+0000] {processor.py:840} INFO - DAG(s) 'example_task_group' retrieved from /home/airflow/.local/lib/python3.12/site-packages/airflow/example_dags/example_task_group.py
[2024-05-30T06:57:57.145+0000] {logging_mixin.py:188} INFO - [2024-05-30T06:57:57.144+0000] {dag.py:3096} INFO - Sync 1 DAGs
[2024-05-30T06:57:57.166+0000] {logging_mixin.py:188} INFO - [2024-05-30T06:57:57.166+0000] {dag.py:3954} INFO - Setting next_dagrun for example_task_group to 2024-05-29 00:00:00+00:00, run_after=2024-05-30 00:00:00+00:00
[2024-05-30T06:57:57.184+0000] {processor.py:183} INFO - Processing /home/airflow/.local/lib/python3.12/site-packages/airflow/example_dags/example_task_group.py took 0.073 seconds
[2024-05-30T06:58:27.818+0000] {processor.py:161} INFO - Started process (PID=2087) to work on /home/airflow/.local/lib/python3.12/site-packages/airflow/example_dags/example_task_group.py
[2024-05-30T06:58:27.818+0000] {processor.py:830} INFO - Processing file /home/airflow/.local/lib/python3.12/site-packages/airflow/example_dags/example_task_group.py for tasks to queue
[2024-05-30T06:58:27.820+0000] {logging_mixin.py:188} INFO - [2024-05-30T06:58:27.820+0000] {dagbag.py:545} INFO - Filling up the DagBag from /home/airflow/.local/lib/python3.12/site-packages/airflow/example_dags/example_task_group.py
[2024-05-30T06:58:27.827+0000] {processor.py:840} INFO - DAG(s) 'example_task_group' retrieved from /home/airflow/.local/lib/python3.12/site-packages/airflow/example_dags/example_task_group.py
[2024-05-30T06:58:27.846+0000] {logging_mixin.py:188} INFO - [2024-05-30T06:58:27.846+0000] {dag.py:3096} INFO - Sync 1 DAGs
[2024-05-30T06:58:27.868+0000] {logging_mixin.py:188} INFO - [2024-05-30T06:58:27.868+0000] {dag.py:3954} INFO - Setting next_dagrun for example_task_group to 2024-05-29 00:00:00+00:00, run_after=2024-05-30 00:00:00+00:00
[2024-05-30T06:58:27.886+0000] {processor.py:183} INFO - Processing /home/airflow/.local/lib/python3.12/site-packages/airflow/example_dags/example_task_group.py took 0.074 seconds
[2024-05-30T06:58:58.353+0000] {processor.py:161} INFO - Started process (PID=2145) to work on /home/airflow/.local/lib/python3.12/site-packages/airflow/example_dags/example_task_group.py
[2024-05-30T06:58:58.353+0000] {processor.py:830} INFO - Processing file /home/airflow/.local/lib/python3.12/site-packages/airflow/example_dags/example_task_group.py for tasks to queue
[2024-05-30T06:58:58.355+0000] {logging_mixin.py:188} INFO - [2024-05-30T06:58:58.355+0000] {dagbag.py:545} INFO - Filling up the DagBag from /home/airflow/.local/lib/python3.12/site-packages/airflow/example_dags/example_task_group.py
[2024-05-30T06:58:58.362+0000] {processor.py:840} INFO - DAG(s) 'example_task_group' retrieved from /home/airflow/.local/lib/python3.12/site-packages/airflow/example_dags/example_task_group.py
[2024-05-30T06:58:58.381+0000] {logging_mixin.py:188} INFO - [2024-05-30T06:58:58.381+0000] {dag.py:3096} INFO - Sync 1 DAGs
[2024-05-30T06:58:58.402+0000] {logging_mixin.py:188} INFO - [2024-05-30T06:58:58.402+0000] {dag.py:3954} INFO - Setting next_dagrun for example_task_group to 2024-05-29 00:00:00+00:00, run_after=2024-05-30 00:00:00+00:00
[2024-05-30T06:58:58.420+0000] {processor.py:183} INFO - Processing /home/airflow/.local/lib/python3.12/site-packages/airflow/example_dags/example_task_group.py took 0.073 seconds
[2024-05-30T06:59:28.862+0000] {processor.py:161} INFO - Started process (PID=2203) to work on /home/airflow/.local/lib/python3.12/site-packages/airflow/example_dags/example_task_group.py
[2024-05-30T06:59:28.863+0000] {processor.py:830} INFO - Processing file /home/airflow/.local/lib/python3.12/site-packages/airflow/example_dags/example_task_group.py for tasks to queue
[2024-05-30T06:59:28.864+0000] {logging_mixin.py:188} INFO - [2024-05-30T06:59:28.864+0000] {dagbag.py:545} INFO - Filling up the DagBag from /home/airflow/.local/lib/python3.12/site-packages/airflow/example_dags/example_task_group.py
[2024-05-30T06:59:28.871+0000] {processor.py:840} INFO - DAG(s) 'example_task_group' retrieved from /home/airflow/.local/lib/python3.12/site-packages/airflow/example_dags/example_task_group.py
[2024-05-30T06:59:28.890+0000] {logging_mixin.py:188} INFO - [2024-05-30T06:59:28.890+0000] {dag.py:3096} INFO - Sync 1 DAGs
[2024-05-30T06:59:28.911+0000] {logging_mixin.py:188} INFO - [2024-05-30T06:59:28.911+0000] {dag.py:3954} INFO - Setting next_dagrun for example_task_group to 2024-05-29 00:00:00+00:00, run_after=2024-05-30 00:00:00+00:00
[2024-05-30T06:59:28.928+0000] {processor.py:183} INFO - Processing /home/airflow/.local/lib/python3.12/site-packages/airflow/example_dags/example_task_group.py took 0.071 seconds
[2024-05-30T06:59:59.345+0000] {processor.py:161} INFO - Started process (PID=2261) to work on /home/airflow/.local/lib/python3.12/site-packages/airflow/example_dags/example_task_group.py
[2024-05-30T06:59:59.346+0000] {processor.py:830} INFO - Processing file /home/airflow/.local/lib/python3.12/site-packages/airflow/example_dags/example_task_group.py for tasks to queue
[2024-05-30T06:59:59.347+0000] {logging_mixin.py:188} INFO - [2024-05-30T06:59:59.347+0000] {dagbag.py:545} INFO - Filling up the DagBag from /home/airflow/.local/lib/python3.12/site-packages/airflow/example_dags/example_task_group.py
[2024-05-30T06:59:59.354+0000] {processor.py:840} INFO - DAG(s) 'example_task_group' retrieved from /home/airflow/.local/lib/python3.12/site-packages/airflow/example_dags/example_task_group.py
[2024-05-30T06:59:59.373+0000] {logging_mixin.py:188} INFO - [2024-05-30T06:59:59.373+0000] {dag.py:3096} INFO - Sync 1 DAGs
[2024-05-30T06:59:59.394+0000] {logging_mixin.py:188} INFO - [2024-05-30T06:59:59.394+0000] {dag.py:3954} INFO - Setting next_dagrun for example_task_group to 2024-05-29 00:00:00+00:00, run_after=2024-05-30 00:00:00+00:00
[2024-05-30T06:59:59.412+0000] {processor.py:183} INFO - Processing /home/airflow/.local/lib/python3.12/site-packages/airflow/example_dags/example_task_group.py took 0.072 seconds
[2024-05-30T07:00:29.984+0000] {processor.py:161} INFO - Started process (PID=2319) to work on /home/airflow/.local/lib/python3.12/site-packages/airflow/example_dags/example_task_group.py
[2024-05-30T07:00:29.984+0000] {processor.py:830} INFO - Processing file /home/airflow/.local/lib/python3.12/site-packages/airflow/example_dags/example_task_group.py for tasks to queue
[2024-05-30T07:00:29.986+0000] {logging_mixin.py:188} INFO - [2024-05-30T07:00:29.986+0000] {dagbag.py:545} INFO - Filling up the DagBag from /home/airflow/.local/lib/python3.12/site-packages/airflow/example_dags/example_task_group.py
[2024-05-30T07:00:29.992+0000] {processor.py:840} INFO - DAG(s) 'example_task_group' retrieved from /home/airflow/.local/lib/python3.12/site-packages/airflow/example_dags/example_task_group.py
[2024-05-30T07:00:30.013+0000] {logging_mixin.py:188} INFO - [2024-05-30T07:00:30.013+0000] {dag.py:3096} INFO - Sync 1 DAGs
[2024-05-30T07:00:30.034+0000] {logging_mixin.py:188} INFO - [2024-05-30T07:00:30.034+0000] {dag.py:3954} INFO - Setting next_dagrun for example_task_group to 2024-05-29 00:00:00+00:00, run_after=2024-05-30 00:00:00+00:00
[2024-05-30T07:00:30.052+0000] {processor.py:183} INFO - Processing /home/airflow/.local/lib/python3.12/site-packages/airflow/example_dags/example_task_group.py took 0.073 seconds
[2024-05-30T07:01:00.563+0000] {processor.py:161} INFO - Started process (PID=2377) to work on /home/airflow/.local/lib/python3.12/site-packages/airflow/example_dags/example_task_group.py
[2024-05-30T07:01:00.564+0000] {processor.py:830} INFO - Processing file /home/airflow/.local/lib/python3.12/site-packages/airflow/example_dags/example_task_group.py for tasks to queue
[2024-05-30T07:01:00.565+0000] {logging_mixin.py:188} INFO - [2024-05-30T07:01:00.565+0000] {dagbag.py:545} INFO - Filling up the DagBag from /home/airflow/.local/lib/python3.12/site-packages/airflow/example_dags/example_task_group.py
[2024-05-30T07:01:00.572+0000] {processor.py:840} INFO - DAG(s) 'example_task_group' retrieved from /home/airflow/.local/lib/python3.12/site-packages/airflow/example_dags/example_task_group.py
[2024-05-30T07:01:00.591+0000] {logging_mixin.py:188} INFO - [2024-05-30T07:01:00.590+0000] {dag.py:3096} INFO - Sync 1 DAGs
[2024-05-30T07:01:00.612+0000] {logging_mixin.py:188} INFO - [2024-05-30T07:01:00.612+0000] {dag.py:3954} INFO - Setting next_dagrun for example_task_group to 2024-05-29 00:00:00+00:00, run_after=2024-05-30 00:00:00+00:00
[2024-05-30T07:01:00.630+0000] {processor.py:183} INFO - Processing /home/airflow/.local/lib/python3.12/site-packages/airflow/example_dags/example_task_group.py took 0.072 seconds
[2024-05-30T07:01:31.241+0000] {processor.py:161} INFO - Started process (PID=2435) to work on /home/airflow/.local/lib/python3.12/site-packages/airflow/example_dags/example_task_group.py
[2024-05-30T07:01:31.242+0000] {processor.py:830} INFO - Processing file /home/airflow/.local/lib/python3.12/site-packages/airflow/example_dags/example_task_group.py for tasks to queue
[2024-05-30T07:01:31.244+0000] {logging_mixin.py:188} INFO - [2024-05-30T07:01:31.243+0000] {dagbag.py:545} INFO - Filling up the DagBag from /home/airflow/.local/lib/python3.12/site-packages/airflow/example_dags/example_task_group.py
[2024-05-30T07:01:31.253+0000] {processor.py:840} INFO - DAG(s) 'example_task_group' retrieved from /home/airflow/.local/lib/python3.12/site-packages/airflow/example_dags/example_task_group.py
[2024-05-30T07:01:31.279+0000] {logging_mixin.py:188} INFO - [2024-05-30T07:01:31.279+0000] {dag.py:3096} INFO - Sync 1 DAGs
[2024-05-30T07:01:31.305+0000] {logging_mixin.py:188} INFO - [2024-05-30T07:01:31.305+0000] {dag.py:3954} INFO - Setting next_dagrun for example_task_group to 2024-05-29 00:00:00+00:00, run_after=2024-05-30 00:00:00+00:00
[2024-05-30T07:01:31.333+0000] {processor.py:183} INFO - Processing /home/airflow/.local/lib/python3.12/site-packages/airflow/example_dags/example_task_group.py took 0.099 seconds
