[2024-05-30T06:40:36.032+0000] {processor.py:161} INFO - Started process (PID=33) to work on /home/airflow/.local/lib/python3.12/site-packages/airflow/example_dags/example_setup_teardown.py
[2024-05-30T06:40:36.033+0000] {processor.py:830} INFO - Processing file /home/airflow/.local/lib/python3.12/site-packages/airflow/example_dags/example_setup_teardown.py for tasks to queue
[2024-05-30T06:40:36.035+0000] {logging_mixin.py:188} INFO - [2024-05-30T06:40:36.035+0000] {dagbag.py:545} INFO - Filling up the DagBag from /home/airflow/.local/lib/python3.12/site-packages/airflow/example_dags/example_setup_teardown.py
[2024-05-30T06:40:36.046+0000] {processor.py:840} INFO - DAG(s) 'example_setup_teardown' retrieved from /home/airflow/.local/lib/python3.12/site-packages/airflow/example_dags/example_setup_teardown.py
[2024-05-30T06:40:36.083+0000] {logging_mixin.py:188} INFO - [2024-05-30T06:40:36.082+0000] {dag.py:3096} INFO - Sync 1 DAGs
[2024-05-30T06:40:36.123+0000] {logging_mixin.py:188} INFO - [2024-05-30T06:40:36.122+0000] {dag.py:3954} INFO - Setting next_dagrun for example_setup_teardown to 2024-05-29 00:00:00+00:00, run_after=2024-05-30 00:00:00+00:00
[2024-05-30T06:40:36.147+0000] {processor.py:183} INFO - Processing /home/airflow/.local/lib/python3.12/site-packages/airflow/example_dags/example_setup_teardown.py took 0.119 seconds
[2024-05-30T06:41:06.424+0000] {processor.py:161} INFO - Started process (PID=91) to work on /home/airflow/.local/lib/python3.12/site-packages/airflow/example_dags/example_setup_teardown.py
[2024-05-30T06:41:06.425+0000] {processor.py:830} INFO - Processing file /home/airflow/.local/lib/python3.12/site-packages/airflow/example_dags/example_setup_teardown.py for tasks to queue
[2024-05-30T06:41:06.427+0000] {logging_mixin.py:188} INFO - [2024-05-30T06:41:06.427+0000] {dagbag.py:545} INFO - Filling up the DagBag from /home/airflow/.local/lib/python3.12/site-packages/airflow/example_dags/example_setup_teardown.py
[2024-05-30T06:41:06.434+0000] {processor.py:840} INFO - DAG(s) 'example_setup_teardown' retrieved from /home/airflow/.local/lib/python3.12/site-packages/airflow/example_dags/example_setup_teardown.py
[2024-05-30T06:41:06.445+0000] {logging_mixin.py:188} INFO - [2024-05-30T06:41:06.445+0000] {dag.py:3096} INFO - Sync 1 DAGs
[2024-05-30T06:41:06.471+0000] {logging_mixin.py:188} INFO - [2024-05-30T06:41:06.470+0000] {dag.py:3954} INFO - Setting next_dagrun for example_setup_teardown to 2024-05-29 00:00:00+00:00, run_after=2024-05-30 00:00:00+00:00
[2024-05-30T06:41:06.496+0000] {processor.py:183} INFO - Processing /home/airflow/.local/lib/python3.12/site-packages/airflow/example_dags/example_setup_teardown.py took 0.078 seconds
[2024-05-30T06:41:36.840+0000] {processor.py:161} INFO - Started process (PID=149) to work on /home/airflow/.local/lib/python3.12/site-packages/airflow/example_dags/example_setup_teardown.py
[2024-05-30T06:41:36.841+0000] {processor.py:830} INFO - Processing file /home/airflow/.local/lib/python3.12/site-packages/airflow/example_dags/example_setup_teardown.py for tasks to queue
[2024-05-30T06:41:36.843+0000] {logging_mixin.py:188} INFO - [2024-05-30T06:41:36.843+0000] {dagbag.py:545} INFO - Filling up the DagBag from /home/airflow/.local/lib/python3.12/site-packages/airflow/example_dags/example_setup_teardown.py
[2024-05-30T06:41:36.849+0000] {processor.py:840} INFO - DAG(s) 'example_setup_teardown' retrieved from /home/airflow/.local/lib/python3.12/site-packages/airflow/example_dags/example_setup_teardown.py
[2024-05-30T06:41:36.945+0000] {logging_mixin.py:188} INFO - [2024-05-30T06:41:36.944+0000] {dag.py:3096} INFO - Sync 1 DAGs
[2024-05-30T06:41:36.963+0000] {logging_mixin.py:188} INFO - [2024-05-30T06:41:36.963+0000] {dag.py:3954} INFO - Setting next_dagrun for example_setup_teardown to 2024-05-29 00:00:00+00:00, run_after=2024-05-30 00:00:00+00:00
[2024-05-30T06:41:36.982+0000] {processor.py:183} INFO - Processing /home/airflow/.local/lib/python3.12/site-packages/airflow/example_dags/example_setup_teardown.py took 0.146 seconds
[2024-05-30T06:42:07.949+0000] {processor.py:161} INFO - Started process (PID=207) to work on /home/airflow/.local/lib/python3.12/site-packages/airflow/example_dags/example_setup_teardown.py
[2024-05-30T06:42:07.950+0000] {processor.py:830} INFO - Processing file /home/airflow/.local/lib/python3.12/site-packages/airflow/example_dags/example_setup_teardown.py for tasks to queue
[2024-05-30T06:42:07.952+0000] {logging_mixin.py:188} INFO - [2024-05-30T06:42:07.951+0000] {dagbag.py:545} INFO - Filling up the DagBag from /home/airflow/.local/lib/python3.12/site-packages/airflow/example_dags/example_setup_teardown.py
[2024-05-30T06:42:07.958+0000] {processor.py:840} INFO - DAG(s) 'example_setup_teardown' retrieved from /home/airflow/.local/lib/python3.12/site-packages/airflow/example_dags/example_setup_teardown.py
[2024-05-30T06:42:07.977+0000] {logging_mixin.py:188} INFO - [2024-05-30T06:42:07.977+0000] {dag.py:3096} INFO - Sync 1 DAGs
[2024-05-30T06:42:07.997+0000] {logging_mixin.py:188} INFO - [2024-05-30T06:42:07.997+0000] {dag.py:3954} INFO - Setting next_dagrun for example_setup_teardown to 2024-05-29 00:00:00+00:00, run_after=2024-05-30 00:00:00+00:00
[2024-05-30T06:42:08.016+0000] {processor.py:183} INFO - Processing /home/airflow/.local/lib/python3.12/site-packages/airflow/example_dags/example_setup_teardown.py took 0.071 seconds
[2024-05-30T06:42:38.121+0000] {processor.py:161} INFO - Started process (PID=265) to work on /home/airflow/.local/lib/python3.12/site-packages/airflow/example_dags/example_setup_teardown.py
[2024-05-30T06:42:38.122+0000] {processor.py:830} INFO - Processing file /home/airflow/.local/lib/python3.12/site-packages/airflow/example_dags/example_setup_teardown.py for tasks to queue
[2024-05-30T06:42:38.124+0000] {logging_mixin.py:188} INFO - [2024-05-30T06:42:38.124+0000] {dagbag.py:545} INFO - Filling up the DagBag from /home/airflow/.local/lib/python3.12/site-packages/airflow/example_dags/example_setup_teardown.py
[2024-05-30T06:42:38.130+0000] {processor.py:840} INFO - DAG(s) 'example_setup_teardown' retrieved from /home/airflow/.local/lib/python3.12/site-packages/airflow/example_dags/example_setup_teardown.py
[2024-05-30T06:42:38.149+0000] {logging_mixin.py:188} INFO - [2024-05-30T06:42:38.148+0000] {dag.py:3096} INFO - Sync 1 DAGs
[2024-05-30T06:42:38.171+0000] {logging_mixin.py:188} INFO - [2024-05-30T06:42:38.170+0000] {dag.py:3954} INFO - Setting next_dagrun for example_setup_teardown to 2024-05-29 00:00:00+00:00, run_after=2024-05-30 00:00:00+00:00
[2024-05-30T06:42:38.190+0000] {processor.py:183} INFO - Processing /home/airflow/.local/lib/python3.12/site-packages/airflow/example_dags/example_setup_teardown.py took 0.073 seconds
[2024-05-30T06:43:08.417+0000] {processor.py:161} INFO - Started process (PID=323) to work on /home/airflow/.local/lib/python3.12/site-packages/airflow/example_dags/example_setup_teardown.py
[2024-05-30T06:43:08.418+0000] {processor.py:830} INFO - Processing file /home/airflow/.local/lib/python3.12/site-packages/airflow/example_dags/example_setup_teardown.py for tasks to queue
[2024-05-30T06:43:08.420+0000] {logging_mixin.py:188} INFO - [2024-05-30T06:43:08.419+0000] {dagbag.py:545} INFO - Filling up the DagBag from /home/airflow/.local/lib/python3.12/site-packages/airflow/example_dags/example_setup_teardown.py
[2024-05-30T06:43:08.426+0000] {processor.py:840} INFO - DAG(s) 'example_setup_teardown' retrieved from /home/airflow/.local/lib/python3.12/site-packages/airflow/example_dags/example_setup_teardown.py
[2024-05-30T06:43:08.444+0000] {logging_mixin.py:188} INFO - [2024-05-30T06:43:08.444+0000] {dag.py:3096} INFO - Sync 1 DAGs
[2024-05-30T06:43:08.464+0000] {logging_mixin.py:188} INFO - [2024-05-30T06:43:08.464+0000] {dag.py:3954} INFO - Setting next_dagrun for example_setup_teardown to 2024-05-29 00:00:00+00:00, run_after=2024-05-30 00:00:00+00:00
[2024-05-30T06:43:08.481+0000] {processor.py:183} INFO - Processing /home/airflow/.local/lib/python3.12/site-packages/airflow/example_dags/example_setup_teardown.py took 0.069 seconds
[2024-05-30T06:43:38.705+0000] {processor.py:161} INFO - Started process (PID=381) to work on /home/airflow/.local/lib/python3.12/site-packages/airflow/example_dags/example_setup_teardown.py
[2024-05-30T06:43:38.706+0000] {processor.py:830} INFO - Processing file /home/airflow/.local/lib/python3.12/site-packages/airflow/example_dags/example_setup_teardown.py for tasks to queue
[2024-05-30T06:43:38.708+0000] {logging_mixin.py:188} INFO - [2024-05-30T06:43:38.708+0000] {dagbag.py:545} INFO - Filling up the DagBag from /home/airflow/.local/lib/python3.12/site-packages/airflow/example_dags/example_setup_teardown.py
[2024-05-30T06:43:38.715+0000] {processor.py:840} INFO - DAG(s) 'example_setup_teardown' retrieved from /home/airflow/.local/lib/python3.12/site-packages/airflow/example_dags/example_setup_teardown.py
[2024-05-30T06:43:38.735+0000] {logging_mixin.py:188} INFO - [2024-05-30T06:43:38.735+0000] {dag.py:3096} INFO - Sync 1 DAGs
[2024-05-30T06:43:38.756+0000] {logging_mixin.py:188} INFO - [2024-05-30T06:43:38.756+0000] {dag.py:3954} INFO - Setting next_dagrun for example_setup_teardown to 2024-05-29 00:00:00+00:00, run_after=2024-05-30 00:00:00+00:00
[2024-05-30T06:43:38.774+0000] {processor.py:183} INFO - Processing /home/airflow/.local/lib/python3.12/site-packages/airflow/example_dags/example_setup_teardown.py took 0.074 seconds
[2024-05-30T06:44:09.340+0000] {processor.py:161} INFO - Started process (PID=439) to work on /home/airflow/.local/lib/python3.12/site-packages/airflow/example_dags/example_setup_teardown.py
[2024-05-30T06:44:09.341+0000] {processor.py:830} INFO - Processing file /home/airflow/.local/lib/python3.12/site-packages/airflow/example_dags/example_setup_teardown.py for tasks to queue
[2024-05-30T06:44:09.342+0000] {logging_mixin.py:188} INFO - [2024-05-30T06:44:09.342+0000] {dagbag.py:545} INFO - Filling up the DagBag from /home/airflow/.local/lib/python3.12/site-packages/airflow/example_dags/example_setup_teardown.py
[2024-05-30T06:44:09.348+0000] {processor.py:840} INFO - DAG(s) 'example_setup_teardown' retrieved from /home/airflow/.local/lib/python3.12/site-packages/airflow/example_dags/example_setup_teardown.py
[2024-05-30T06:44:09.368+0000] {logging_mixin.py:188} INFO - [2024-05-30T06:44:09.367+0000] {dag.py:3096} INFO - Sync 1 DAGs
[2024-05-30T06:44:09.389+0000] {logging_mixin.py:188} INFO - [2024-05-30T06:44:09.388+0000] {dag.py:3954} INFO - Setting next_dagrun for example_setup_teardown to 2024-05-29 00:00:00+00:00, run_after=2024-05-30 00:00:00+00:00
[2024-05-30T06:44:09.406+0000] {processor.py:183} INFO - Processing /home/airflow/.local/lib/python3.12/site-packages/airflow/example_dags/example_setup_teardown.py took 0.071 seconds
[2024-05-30T06:44:39.538+0000] {processor.py:161} INFO - Started process (PID=497) to work on /home/airflow/.local/lib/python3.12/site-packages/airflow/example_dags/example_setup_teardown.py
[2024-05-30T06:44:39.539+0000] {processor.py:830} INFO - Processing file /home/airflow/.local/lib/python3.12/site-packages/airflow/example_dags/example_setup_teardown.py for tasks to queue
[2024-05-30T06:44:39.540+0000] {logging_mixin.py:188} INFO - [2024-05-30T06:44:39.540+0000] {dagbag.py:545} INFO - Filling up the DagBag from /home/airflow/.local/lib/python3.12/site-packages/airflow/example_dags/example_setup_teardown.py
[2024-05-30T06:44:39.546+0000] {processor.py:840} INFO - DAG(s) 'example_setup_teardown' retrieved from /home/airflow/.local/lib/python3.12/site-packages/airflow/example_dags/example_setup_teardown.py
[2024-05-30T06:44:39.565+0000] {logging_mixin.py:188} INFO - [2024-05-30T06:44:39.565+0000] {dag.py:3096} INFO - Sync 1 DAGs
[2024-05-30T06:44:39.585+0000] {logging_mixin.py:188} INFO - [2024-05-30T06:44:39.585+0000] {dag.py:3954} INFO - Setting next_dagrun for example_setup_teardown to 2024-05-29 00:00:00+00:00, run_after=2024-05-30 00:00:00+00:00
[2024-05-30T06:44:39.605+0000] {processor.py:183} INFO - Processing /home/airflow/.local/lib/python3.12/site-packages/airflow/example_dags/example_setup_teardown.py took 0.072 seconds
[2024-05-30T06:45:09.778+0000] {processor.py:161} INFO - Started process (PID=555) to work on /home/airflow/.local/lib/python3.12/site-packages/airflow/example_dags/example_setup_teardown.py
[2024-05-30T06:45:09.778+0000] {processor.py:830} INFO - Processing file /home/airflow/.local/lib/python3.12/site-packages/airflow/example_dags/example_setup_teardown.py for tasks to queue
[2024-05-30T06:45:09.780+0000] {logging_mixin.py:188} INFO - [2024-05-30T06:45:09.780+0000] {dagbag.py:545} INFO - Filling up the DagBag from /home/airflow/.local/lib/python3.12/site-packages/airflow/example_dags/example_setup_teardown.py
[2024-05-30T06:45:09.788+0000] {processor.py:840} INFO - DAG(s) 'example_setup_teardown' retrieved from /home/airflow/.local/lib/python3.12/site-packages/airflow/example_dags/example_setup_teardown.py
[2024-05-30T06:45:09.809+0000] {logging_mixin.py:188} INFO - [2024-05-30T06:45:09.809+0000] {dag.py:3096} INFO - Sync 1 DAGs
[2024-05-30T06:45:09.833+0000] {logging_mixin.py:188} INFO - [2024-05-30T06:45:09.833+0000] {dag.py:3954} INFO - Setting next_dagrun for example_setup_teardown to 2024-05-29 00:00:00+00:00, run_after=2024-05-30 00:00:00+00:00
[2024-05-30T06:45:09.855+0000] {processor.py:183} INFO - Processing /home/airflow/.local/lib/python3.12/site-packages/airflow/example_dags/example_setup_teardown.py took 0.083 seconds
[2024-05-30T06:45:40.166+0000] {processor.py:161} INFO - Started process (PID=613) to work on /home/airflow/.local/lib/python3.12/site-packages/airflow/example_dags/example_setup_teardown.py
[2024-05-30T06:45:40.167+0000] {processor.py:830} INFO - Processing file /home/airflow/.local/lib/python3.12/site-packages/airflow/example_dags/example_setup_teardown.py for tasks to queue
[2024-05-30T06:45:40.169+0000] {logging_mixin.py:188} INFO - [2024-05-30T06:45:40.169+0000] {dagbag.py:545} INFO - Filling up the DagBag from /home/airflow/.local/lib/python3.12/site-packages/airflow/example_dags/example_setup_teardown.py
[2024-05-30T06:45:40.175+0000] {processor.py:840} INFO - DAG(s) 'example_setup_teardown' retrieved from /home/airflow/.local/lib/python3.12/site-packages/airflow/example_dags/example_setup_teardown.py
[2024-05-30T06:45:40.193+0000] {logging_mixin.py:188} INFO - [2024-05-30T06:45:40.193+0000] {dag.py:3096} INFO - Sync 1 DAGs
[2024-05-30T06:45:40.215+0000] {logging_mixin.py:188} INFO - [2024-05-30T06:45:40.214+0000] {dag.py:3954} INFO - Setting next_dagrun for example_setup_teardown to 2024-05-29 00:00:00+00:00, run_after=2024-05-30 00:00:00+00:00
[2024-05-30T06:45:40.235+0000] {processor.py:183} INFO - Processing /home/airflow/.local/lib/python3.12/site-packages/airflow/example_dags/example_setup_teardown.py took 0.074 seconds
[2024-05-30T06:46:10.522+0000] {processor.py:161} INFO - Started process (PID=671) to work on /home/airflow/.local/lib/python3.12/site-packages/airflow/example_dags/example_setup_teardown.py
[2024-05-30T06:46:10.523+0000] {processor.py:830} INFO - Processing file /home/airflow/.local/lib/python3.12/site-packages/airflow/example_dags/example_setup_teardown.py for tasks to queue
[2024-05-30T06:46:10.525+0000] {logging_mixin.py:188} INFO - [2024-05-30T06:46:10.525+0000] {dagbag.py:545} INFO - Filling up the DagBag from /home/airflow/.local/lib/python3.12/site-packages/airflow/example_dags/example_setup_teardown.py
[2024-05-30T06:46:10.531+0000] {processor.py:840} INFO - DAG(s) 'example_setup_teardown' retrieved from /home/airflow/.local/lib/python3.12/site-packages/airflow/example_dags/example_setup_teardown.py
[2024-05-30T06:46:10.549+0000] {logging_mixin.py:188} INFO - [2024-05-30T06:46:10.549+0000] {dag.py:3096} INFO - Sync 1 DAGs
[2024-05-30T06:46:10.570+0000] {logging_mixin.py:188} INFO - [2024-05-30T06:46:10.570+0000] {dag.py:3954} INFO - Setting next_dagrun for example_setup_teardown to 2024-05-29 00:00:00+00:00, run_after=2024-05-30 00:00:00+00:00
[2024-05-30T06:46:10.588+0000] {processor.py:183} INFO - Processing /home/airflow/.local/lib/python3.12/site-packages/airflow/example_dags/example_setup_teardown.py took 0.071 seconds
[2024-05-30T06:46:40.974+0000] {processor.py:161} INFO - Started process (PID=729) to work on /home/airflow/.local/lib/python3.12/site-packages/airflow/example_dags/example_setup_teardown.py
[2024-05-30T06:46:40.975+0000] {processor.py:830} INFO - Processing file /home/airflow/.local/lib/python3.12/site-packages/airflow/example_dags/example_setup_teardown.py for tasks to queue
[2024-05-30T06:46:40.977+0000] {logging_mixin.py:188} INFO - [2024-05-30T06:46:40.976+0000] {dagbag.py:545} INFO - Filling up the DagBag from /home/airflow/.local/lib/python3.12/site-packages/airflow/example_dags/example_setup_teardown.py
[2024-05-30T06:46:40.983+0000] {processor.py:840} INFO - DAG(s) 'example_setup_teardown' retrieved from /home/airflow/.local/lib/python3.12/site-packages/airflow/example_dags/example_setup_teardown.py
[2024-05-30T06:46:41.002+0000] {logging_mixin.py:188} INFO - [2024-05-30T06:46:41.001+0000] {dag.py:3096} INFO - Sync 1 DAGs
[2024-05-30T06:46:41.023+0000] {logging_mixin.py:188} INFO - [2024-05-30T06:46:41.023+0000] {dag.py:3954} INFO - Setting next_dagrun for example_setup_teardown to 2024-05-29 00:00:00+00:00, run_after=2024-05-30 00:00:00+00:00
[2024-05-30T06:46:41.041+0000] {processor.py:183} INFO - Processing /home/airflow/.local/lib/python3.12/site-packages/airflow/example_dags/example_setup_teardown.py took 0.072 seconds
[2024-05-30T06:47:11.723+0000] {processor.py:161} INFO - Started process (PID=787) to work on /home/airflow/.local/lib/python3.12/site-packages/airflow/example_dags/example_setup_teardown.py
[2024-05-30T06:47:11.724+0000] {processor.py:830} INFO - Processing file /home/airflow/.local/lib/python3.12/site-packages/airflow/example_dags/example_setup_teardown.py for tasks to queue
[2024-05-30T06:47:11.725+0000] {logging_mixin.py:188} INFO - [2024-05-30T06:47:11.725+0000] {dagbag.py:545} INFO - Filling up the DagBag from /home/airflow/.local/lib/python3.12/site-packages/airflow/example_dags/example_setup_teardown.py
[2024-05-30T06:47:11.732+0000] {processor.py:840} INFO - DAG(s) 'example_setup_teardown' retrieved from /home/airflow/.local/lib/python3.12/site-packages/airflow/example_dags/example_setup_teardown.py
[2024-05-30T06:47:11.753+0000] {logging_mixin.py:188} INFO - [2024-05-30T06:47:11.752+0000] {dag.py:3096} INFO - Sync 1 DAGs
[2024-05-30T06:47:11.826+0000] {logging_mixin.py:188} INFO - [2024-05-30T06:47:11.826+0000] {dag.py:3954} INFO - Setting next_dagrun for example_setup_teardown to 2024-05-29 00:00:00+00:00, run_after=2024-05-30 00:00:00+00:00
[2024-05-30T06:47:11.853+0000] {processor.py:183} INFO - Processing /home/airflow/.local/lib/python3.12/site-packages/airflow/example_dags/example_setup_teardown.py took 0.135 seconds
[2024-05-30T06:47:41.979+0000] {processor.py:161} INFO - Started process (PID=845) to work on /home/airflow/.local/lib/python3.12/site-packages/airflow/example_dags/example_setup_teardown.py
[2024-05-30T06:47:41.980+0000] {processor.py:830} INFO - Processing file /home/airflow/.local/lib/python3.12/site-packages/airflow/example_dags/example_setup_teardown.py for tasks to queue
[2024-05-30T06:47:41.982+0000] {logging_mixin.py:188} INFO - [2024-05-30T06:47:41.981+0000] {dagbag.py:545} INFO - Filling up the DagBag from /home/airflow/.local/lib/python3.12/site-packages/airflow/example_dags/example_setup_teardown.py
[2024-05-30T06:47:41.988+0000] {processor.py:840} INFO - DAG(s) 'example_setup_teardown' retrieved from /home/airflow/.local/lib/python3.12/site-packages/airflow/example_dags/example_setup_teardown.py
[2024-05-30T06:47:42.006+0000] {logging_mixin.py:188} INFO - [2024-05-30T06:47:42.006+0000] {dag.py:3096} INFO - Sync 1 DAGs
[2024-05-30T06:47:42.027+0000] {logging_mixin.py:188} INFO - [2024-05-30T06:47:42.027+0000] {dag.py:3954} INFO - Setting next_dagrun for example_setup_teardown to 2024-05-29 00:00:00+00:00, run_after=2024-05-30 00:00:00+00:00
[2024-05-30T06:47:42.045+0000] {processor.py:183} INFO - Processing /home/airflow/.local/lib/python3.12/site-packages/airflow/example_dags/example_setup_teardown.py took 0.071 seconds
[2024-05-30T06:48:12.174+0000] {processor.py:161} INFO - Started process (PID=903) to work on /home/airflow/.local/lib/python3.12/site-packages/airflow/example_dags/example_setup_teardown.py
[2024-05-30T06:48:12.175+0000] {processor.py:830} INFO - Processing file /home/airflow/.local/lib/python3.12/site-packages/airflow/example_dags/example_setup_teardown.py for tasks to queue
[2024-05-30T06:48:12.176+0000] {logging_mixin.py:188} INFO - [2024-05-30T06:48:12.176+0000] {dagbag.py:545} INFO - Filling up the DagBag from /home/airflow/.local/lib/python3.12/site-packages/airflow/example_dags/example_setup_teardown.py
[2024-05-30T06:48:12.182+0000] {processor.py:840} INFO - DAG(s) 'example_setup_teardown' retrieved from /home/airflow/.local/lib/python3.12/site-packages/airflow/example_dags/example_setup_teardown.py
[2024-05-30T06:48:12.201+0000] {logging_mixin.py:188} INFO - [2024-05-30T06:48:12.201+0000] {dag.py:3096} INFO - Sync 1 DAGs
[2024-05-30T06:48:12.221+0000] {logging_mixin.py:188} INFO - [2024-05-30T06:48:12.221+0000] {dag.py:3954} INFO - Setting next_dagrun for example_setup_teardown to 2024-05-29 00:00:00+00:00, run_after=2024-05-30 00:00:00+00:00
[2024-05-30T06:48:12.239+0000] {processor.py:183} INFO - Processing /home/airflow/.local/lib/python3.12/site-packages/airflow/example_dags/example_setup_teardown.py took 0.070 seconds
[2024-05-30T06:48:42.389+0000] {processor.py:161} INFO - Started process (PID=961) to work on /home/airflow/.local/lib/python3.12/site-packages/airflow/example_dags/example_setup_teardown.py
[2024-05-30T06:48:42.390+0000] {processor.py:830} INFO - Processing file /home/airflow/.local/lib/python3.12/site-packages/airflow/example_dags/example_setup_teardown.py for tasks to queue
[2024-05-30T06:48:42.391+0000] {logging_mixin.py:188} INFO - [2024-05-30T06:48:42.391+0000] {dagbag.py:545} INFO - Filling up the DagBag from /home/airflow/.local/lib/python3.12/site-packages/airflow/example_dags/example_setup_teardown.py
[2024-05-30T06:48:42.397+0000] {processor.py:840} INFO - DAG(s) 'example_setup_teardown' retrieved from /home/airflow/.local/lib/python3.12/site-packages/airflow/example_dags/example_setup_teardown.py
[2024-05-30T06:48:42.416+0000] {logging_mixin.py:188} INFO - [2024-05-30T06:48:42.415+0000] {dag.py:3096} INFO - Sync 1 DAGs
[2024-05-30T06:48:42.437+0000] {logging_mixin.py:188} INFO - [2024-05-30T06:48:42.437+0000] {dag.py:3954} INFO - Setting next_dagrun for example_setup_teardown to 2024-05-29 00:00:00+00:00, run_after=2024-05-30 00:00:00+00:00
[2024-05-30T06:48:42.455+0000] {processor.py:183} INFO - Processing /home/airflow/.local/lib/python3.12/site-packages/airflow/example_dags/example_setup_teardown.py took 0.071 seconds
[2024-05-30T06:49:12.851+0000] {processor.py:161} INFO - Started process (PID=1019) to work on /home/airflow/.local/lib/python3.12/site-packages/airflow/example_dags/example_setup_teardown.py
[2024-05-30T06:49:12.852+0000] {processor.py:830} INFO - Processing file /home/airflow/.local/lib/python3.12/site-packages/airflow/example_dags/example_setup_teardown.py for tasks to queue
[2024-05-30T06:49:12.854+0000] {logging_mixin.py:188} INFO - [2024-05-30T06:49:12.853+0000] {dagbag.py:545} INFO - Filling up the DagBag from /home/airflow/.local/lib/python3.12/site-packages/airflow/example_dags/example_setup_teardown.py
[2024-05-30T06:49:12.860+0000] {processor.py:840} INFO - DAG(s) 'example_setup_teardown' retrieved from /home/airflow/.local/lib/python3.12/site-packages/airflow/example_dags/example_setup_teardown.py
[2024-05-30T06:49:12.879+0000] {logging_mixin.py:188} INFO - [2024-05-30T06:49:12.879+0000] {dag.py:3096} INFO - Sync 1 DAGs
[2024-05-30T06:49:12.901+0000] {logging_mixin.py:188} INFO - [2024-05-30T06:49:12.900+0000] {dag.py:3954} INFO - Setting next_dagrun for example_setup_teardown to 2024-05-29 00:00:00+00:00, run_after=2024-05-30 00:00:00+00:00
[2024-05-30T06:49:12.918+0000] {processor.py:183} INFO - Processing /home/airflow/.local/lib/python3.12/site-packages/airflow/example_dags/example_setup_teardown.py took 0.071 seconds
[2024-05-30T06:49:42.998+0000] {processor.py:161} INFO - Started process (PID=1077) to work on /home/airflow/.local/lib/python3.12/site-packages/airflow/example_dags/example_setup_teardown.py
[2024-05-30T06:49:42.999+0000] {processor.py:830} INFO - Processing file /home/airflow/.local/lib/python3.12/site-packages/airflow/example_dags/example_setup_teardown.py for tasks to queue
[2024-05-30T06:49:43.001+0000] {logging_mixin.py:188} INFO - [2024-05-30T06:49:43.001+0000] {dagbag.py:545} INFO - Filling up the DagBag from /home/airflow/.local/lib/python3.12/site-packages/airflow/example_dags/example_setup_teardown.py
[2024-05-30T06:49:43.007+0000] {processor.py:840} INFO - DAG(s) 'example_setup_teardown' retrieved from /home/airflow/.local/lib/python3.12/site-packages/airflow/example_dags/example_setup_teardown.py
[2024-05-30T06:49:43.026+0000] {logging_mixin.py:188} INFO - [2024-05-30T06:49:43.025+0000] {dag.py:3096} INFO - Sync 1 DAGs
[2024-05-30T06:49:43.047+0000] {logging_mixin.py:188} INFO - [2024-05-30T06:49:43.046+0000] {dag.py:3954} INFO - Setting next_dagrun for example_setup_teardown to 2024-05-29 00:00:00+00:00, run_after=2024-05-30 00:00:00+00:00
[2024-05-30T06:49:43.065+0000] {processor.py:183} INFO - Processing /home/airflow/.local/lib/python3.12/site-packages/airflow/example_dags/example_setup_teardown.py took 0.071 seconds
[2024-05-30T06:50:13.782+0000] {processor.py:161} INFO - Started process (PID=1135) to work on /home/airflow/.local/lib/python3.12/site-packages/airflow/example_dags/example_setup_teardown.py
[2024-05-30T06:50:13.783+0000] {processor.py:830} INFO - Processing file /home/airflow/.local/lib/python3.12/site-packages/airflow/example_dags/example_setup_teardown.py for tasks to queue
[2024-05-30T06:50:13.784+0000] {logging_mixin.py:188} INFO - [2024-05-30T06:50:13.784+0000] {dagbag.py:545} INFO - Filling up the DagBag from /home/airflow/.local/lib/python3.12/site-packages/airflow/example_dags/example_setup_teardown.py
[2024-05-30T06:50:13.790+0000] {processor.py:840} INFO - DAG(s) 'example_setup_teardown' retrieved from /home/airflow/.local/lib/python3.12/site-packages/airflow/example_dags/example_setup_teardown.py
[2024-05-30T06:50:13.809+0000] {logging_mixin.py:188} INFO - [2024-05-30T06:50:13.809+0000] {dag.py:3096} INFO - Sync 1 DAGs
[2024-05-30T06:50:13.830+0000] {logging_mixin.py:188} INFO - [2024-05-30T06:50:13.830+0000] {dag.py:3954} INFO - Setting next_dagrun for example_setup_teardown to 2024-05-29 00:00:00+00:00, run_after=2024-05-30 00:00:00+00:00
[2024-05-30T06:50:13.847+0000] {processor.py:183} INFO - Processing /home/airflow/.local/lib/python3.12/site-packages/airflow/example_dags/example_setup_teardown.py took 0.070 seconds
[2024-05-30T06:50:44.407+0000] {processor.py:161} INFO - Started process (PID=1193) to work on /home/airflow/.local/lib/python3.12/site-packages/airflow/example_dags/example_setup_teardown.py
[2024-05-30T06:50:44.408+0000] {processor.py:830} INFO - Processing file /home/airflow/.local/lib/python3.12/site-packages/airflow/example_dags/example_setup_teardown.py for tasks to queue
[2024-05-30T06:50:44.410+0000] {logging_mixin.py:188} INFO - [2024-05-30T06:50:44.409+0000] {dagbag.py:545} INFO - Filling up the DagBag from /home/airflow/.local/lib/python3.12/site-packages/airflow/example_dags/example_setup_teardown.py
[2024-05-30T06:50:44.416+0000] {processor.py:840} INFO - DAG(s) 'example_setup_teardown' retrieved from /home/airflow/.local/lib/python3.12/site-packages/airflow/example_dags/example_setup_teardown.py
[2024-05-30T06:50:44.435+0000] {logging_mixin.py:188} INFO - [2024-05-30T06:50:44.435+0000] {dag.py:3096} INFO - Sync 1 DAGs
[2024-05-30T06:50:44.456+0000] {logging_mixin.py:188} INFO - [2024-05-30T06:50:44.456+0000] {dag.py:3954} INFO - Setting next_dagrun for example_setup_teardown to 2024-05-29 00:00:00+00:00, run_after=2024-05-30 00:00:00+00:00
[2024-05-30T06:50:44.474+0000] {processor.py:183} INFO - Processing /home/airflow/.local/lib/python3.12/site-packages/airflow/example_dags/example_setup_teardown.py took 0.073 seconds
[2024-05-30T06:51:14.502+0000] {processor.py:161} INFO - Started process (PID=1250) to work on /home/airflow/.local/lib/python3.12/site-packages/airflow/example_dags/example_setup_teardown.py
[2024-05-30T06:51:14.503+0000] {processor.py:830} INFO - Processing file /home/airflow/.local/lib/python3.12/site-packages/airflow/example_dags/example_setup_teardown.py for tasks to queue
[2024-05-30T06:51:14.504+0000] {logging_mixin.py:188} INFO - [2024-05-30T06:51:14.504+0000] {dagbag.py:545} INFO - Filling up the DagBag from /home/airflow/.local/lib/python3.12/site-packages/airflow/example_dags/example_setup_teardown.py
[2024-05-30T06:51:14.510+0000] {processor.py:840} INFO - DAG(s) 'example_setup_teardown' retrieved from /home/airflow/.local/lib/python3.12/site-packages/airflow/example_dags/example_setup_teardown.py
[2024-05-30T06:51:14.528+0000] {logging_mixin.py:188} INFO - [2024-05-30T06:51:14.528+0000] {dag.py:3096} INFO - Sync 1 DAGs
[2024-05-30T06:51:14.549+0000] {logging_mixin.py:188} INFO - [2024-05-30T06:51:14.548+0000] {dag.py:3954} INFO - Setting next_dagrun for example_setup_teardown to 2024-05-29 00:00:00+00:00, run_after=2024-05-30 00:00:00+00:00
[2024-05-30T06:51:14.666+0000] {processor.py:183} INFO - Processing /home/airflow/.local/lib/python3.12/site-packages/airflow/example_dags/example_setup_teardown.py took 0.170 seconds
[2024-05-30T06:51:45.013+0000] {processor.py:161} INFO - Started process (PID=1309) to work on /home/airflow/.local/lib/python3.12/site-packages/airflow/example_dags/example_setup_teardown.py
[2024-05-30T06:51:45.014+0000] {processor.py:830} INFO - Processing file /home/airflow/.local/lib/python3.12/site-packages/airflow/example_dags/example_setup_teardown.py for tasks to queue
[2024-05-30T06:51:45.016+0000] {logging_mixin.py:188} INFO - [2024-05-30T06:51:45.015+0000] {dagbag.py:545} INFO - Filling up the DagBag from /home/airflow/.local/lib/python3.12/site-packages/airflow/example_dags/example_setup_teardown.py
[2024-05-30T06:51:45.021+0000] {processor.py:840} INFO - DAG(s) 'example_setup_teardown' retrieved from /home/airflow/.local/lib/python3.12/site-packages/airflow/example_dags/example_setup_teardown.py
[2024-05-30T06:51:45.041+0000] {logging_mixin.py:188} INFO - [2024-05-30T06:51:45.040+0000] {dag.py:3096} INFO - Sync 1 DAGs
[2024-05-30T06:51:45.063+0000] {logging_mixin.py:188} INFO - [2024-05-30T06:51:45.063+0000] {dag.py:3954} INFO - Setting next_dagrun for example_setup_teardown to 2024-05-29 00:00:00+00:00, run_after=2024-05-30 00:00:00+00:00
[2024-05-30T06:51:45.082+0000] {processor.py:183} INFO - Processing /home/airflow/.local/lib/python3.12/site-packages/airflow/example_dags/example_setup_teardown.py took 0.074 seconds
[2024-05-30T06:52:15.548+0000] {processor.py:161} INFO - Started process (PID=1367) to work on /home/airflow/.local/lib/python3.12/site-packages/airflow/example_dags/example_setup_teardown.py
[2024-05-30T06:52:15.549+0000] {processor.py:830} INFO - Processing file /home/airflow/.local/lib/python3.12/site-packages/airflow/example_dags/example_setup_teardown.py for tasks to queue
[2024-05-30T06:52:15.551+0000] {logging_mixin.py:188} INFO - [2024-05-30T06:52:15.551+0000] {dagbag.py:545} INFO - Filling up the DagBag from /home/airflow/.local/lib/python3.12/site-packages/airflow/example_dags/example_setup_teardown.py
[2024-05-30T06:52:15.558+0000] {processor.py:840} INFO - DAG(s) 'example_setup_teardown' retrieved from /home/airflow/.local/lib/python3.12/site-packages/airflow/example_dags/example_setup_teardown.py
[2024-05-30T06:52:15.579+0000] {logging_mixin.py:188} INFO - [2024-05-30T06:52:15.578+0000] {dag.py:3096} INFO - Sync 1 DAGs
[2024-05-30T06:52:15.600+0000] {logging_mixin.py:188} INFO - [2024-05-30T06:52:15.600+0000] {dag.py:3954} INFO - Setting next_dagrun for example_setup_teardown to 2024-05-29 00:00:00+00:00, run_after=2024-05-30 00:00:00+00:00
[2024-05-30T06:52:15.619+0000] {processor.py:183} INFO - Processing /home/airflow/.local/lib/python3.12/site-packages/airflow/example_dags/example_setup_teardown.py took 0.076 seconds
[2024-05-30T06:52:46.092+0000] {processor.py:161} INFO - Started process (PID=1425) to work on /home/airflow/.local/lib/python3.12/site-packages/airflow/example_dags/example_setup_teardown.py
[2024-05-30T06:52:46.093+0000] {processor.py:830} INFO - Processing file /home/airflow/.local/lib/python3.12/site-packages/airflow/example_dags/example_setup_teardown.py for tasks to queue
[2024-05-30T06:52:46.095+0000] {logging_mixin.py:188} INFO - [2024-05-30T06:52:46.095+0000] {dagbag.py:545} INFO - Filling up the DagBag from /home/airflow/.local/lib/python3.12/site-packages/airflow/example_dags/example_setup_teardown.py
[2024-05-30T06:52:46.102+0000] {processor.py:840} INFO - DAG(s) 'example_setup_teardown' retrieved from /home/airflow/.local/lib/python3.12/site-packages/airflow/example_dags/example_setup_teardown.py
[2024-05-30T06:52:46.121+0000] {logging_mixin.py:188} INFO - [2024-05-30T06:52:46.121+0000] {dag.py:3096} INFO - Sync 1 DAGs
[2024-05-30T06:52:46.142+0000] {logging_mixin.py:188} INFO - [2024-05-30T06:52:46.142+0000] {dag.py:3954} INFO - Setting next_dagrun for example_setup_teardown to 2024-05-29 00:00:00+00:00, run_after=2024-05-30 00:00:00+00:00
[2024-05-30T06:52:46.161+0000] {processor.py:183} INFO - Processing /home/airflow/.local/lib/python3.12/site-packages/airflow/example_dags/example_setup_teardown.py took 0.074 seconds
[2024-05-30T06:53:16.704+0000] {processor.py:161} INFO - Started process (PID=1483) to work on /home/airflow/.local/lib/python3.12/site-packages/airflow/example_dags/example_setup_teardown.py
[2024-05-30T06:53:16.705+0000] {processor.py:830} INFO - Processing file /home/airflow/.local/lib/python3.12/site-packages/airflow/example_dags/example_setup_teardown.py for tasks to queue
[2024-05-30T06:53:16.706+0000] {logging_mixin.py:188} INFO - [2024-05-30T06:53:16.706+0000] {dagbag.py:545} INFO - Filling up the DagBag from /home/airflow/.local/lib/python3.12/site-packages/airflow/example_dags/example_setup_teardown.py
[2024-05-30T06:53:16.713+0000] {processor.py:840} INFO - DAG(s) 'example_setup_teardown' retrieved from /home/airflow/.local/lib/python3.12/site-packages/airflow/example_dags/example_setup_teardown.py
[2024-05-30T06:53:16.732+0000] {logging_mixin.py:188} INFO - [2024-05-30T06:53:16.732+0000] {dag.py:3096} INFO - Sync 1 DAGs
[2024-05-30T06:53:16.756+0000] {logging_mixin.py:188} INFO - [2024-05-30T06:53:16.756+0000] {dag.py:3954} INFO - Setting next_dagrun for example_setup_teardown to 2024-05-29 00:00:00+00:00, run_after=2024-05-30 00:00:00+00:00
[2024-05-30T06:53:16.775+0000] {processor.py:183} INFO - Processing /home/airflow/.local/lib/python3.12/site-packages/airflow/example_dags/example_setup_teardown.py took 0.076 seconds
[2024-05-30T06:53:47.170+0000] {processor.py:161} INFO - Started process (PID=1541) to work on /home/airflow/.local/lib/python3.12/site-packages/airflow/example_dags/example_setup_teardown.py
[2024-05-30T06:53:47.171+0000] {processor.py:830} INFO - Processing file /home/airflow/.local/lib/python3.12/site-packages/airflow/example_dags/example_setup_teardown.py for tasks to queue
[2024-05-30T06:53:47.172+0000] {logging_mixin.py:188} INFO - [2024-05-30T06:53:47.172+0000] {dagbag.py:545} INFO - Filling up the DagBag from /home/airflow/.local/lib/python3.12/site-packages/airflow/example_dags/example_setup_teardown.py
[2024-05-30T06:53:47.178+0000] {processor.py:840} INFO - DAG(s) 'example_setup_teardown' retrieved from /home/airflow/.local/lib/python3.12/site-packages/airflow/example_dags/example_setup_teardown.py
[2024-05-30T06:53:47.197+0000] {logging_mixin.py:188} INFO - [2024-05-30T06:53:47.196+0000] {dag.py:3096} INFO - Sync 1 DAGs
[2024-05-30T06:53:47.218+0000] {logging_mixin.py:188} INFO - [2024-05-30T06:53:47.217+0000] {dag.py:3954} INFO - Setting next_dagrun for example_setup_teardown to 2024-05-29 00:00:00+00:00, run_after=2024-05-30 00:00:00+00:00
[2024-05-30T06:53:47.235+0000] {processor.py:183} INFO - Processing /home/airflow/.local/lib/python3.12/site-packages/airflow/example_dags/example_setup_teardown.py took 0.070 seconds
[2024-05-30T06:54:17.846+0000] {processor.py:161} INFO - Started process (PID=1599) to work on /home/airflow/.local/lib/python3.12/site-packages/airflow/example_dags/example_setup_teardown.py
[2024-05-30T06:54:17.847+0000] {processor.py:830} INFO - Processing file /home/airflow/.local/lib/python3.12/site-packages/airflow/example_dags/example_setup_teardown.py for tasks to queue
[2024-05-30T06:54:17.849+0000] {logging_mixin.py:188} INFO - [2024-05-30T06:54:17.848+0000] {dagbag.py:545} INFO - Filling up the DagBag from /home/airflow/.local/lib/python3.12/site-packages/airflow/example_dags/example_setup_teardown.py
[2024-05-30T06:54:17.855+0000] {processor.py:840} INFO - DAG(s) 'example_setup_teardown' retrieved from /home/airflow/.local/lib/python3.12/site-packages/airflow/example_dags/example_setup_teardown.py
[2024-05-30T06:54:17.875+0000] {logging_mixin.py:188} INFO - [2024-05-30T06:54:17.875+0000] {dag.py:3096} INFO - Sync 1 DAGs
[2024-05-30T06:54:17.898+0000] {logging_mixin.py:188} INFO - [2024-05-30T06:54:17.897+0000] {dag.py:3954} INFO - Setting next_dagrun for example_setup_teardown to 2024-05-29 00:00:00+00:00, run_after=2024-05-30 00:00:00+00:00
[2024-05-30T06:54:17.917+0000] {processor.py:183} INFO - Processing /home/airflow/.local/lib/python3.12/site-packages/airflow/example_dags/example_setup_teardown.py took 0.077 seconds
[2024-05-30T06:54:48.324+0000] {processor.py:161} INFO - Started process (PID=1663) to work on /home/airflow/.local/lib/python3.12/site-packages/airflow/example_dags/example_setup_teardown.py
[2024-05-30T06:54:48.325+0000] {processor.py:830} INFO - Processing file /home/airflow/.local/lib/python3.12/site-packages/airflow/example_dags/example_setup_teardown.py for tasks to queue
[2024-05-30T06:54:48.327+0000] {logging_mixin.py:188} INFO - [2024-05-30T06:54:48.326+0000] {dagbag.py:545} INFO - Filling up the DagBag from /home/airflow/.local/lib/python3.12/site-packages/airflow/example_dags/example_setup_teardown.py
[2024-05-30T06:54:48.332+0000] {processor.py:840} INFO - DAG(s) 'example_setup_teardown' retrieved from /home/airflow/.local/lib/python3.12/site-packages/airflow/example_dags/example_setup_teardown.py
[2024-05-30T06:54:48.353+0000] {logging_mixin.py:188} INFO - [2024-05-30T06:54:48.352+0000] {dag.py:3096} INFO - Sync 1 DAGs
[2024-05-30T06:54:48.374+0000] {logging_mixin.py:188} INFO - [2024-05-30T06:54:48.374+0000] {dag.py:3954} INFO - Setting next_dagrun for example_setup_teardown to 2024-05-29 00:00:00+00:00, run_after=2024-05-30 00:00:00+00:00
[2024-05-30T06:54:48.391+0000] {processor.py:183} INFO - Processing /home/airflow/.local/lib/python3.12/site-packages/airflow/example_dags/example_setup_teardown.py took 0.071 seconds
[2024-05-30T06:55:18.718+0000] {processor.py:161} INFO - Started process (PID=1721) to work on /home/airflow/.local/lib/python3.12/site-packages/airflow/example_dags/example_setup_teardown.py
[2024-05-30T06:55:18.719+0000] {processor.py:830} INFO - Processing file /home/airflow/.local/lib/python3.12/site-packages/airflow/example_dags/example_setup_teardown.py for tasks to queue
[2024-05-30T06:55:18.721+0000] {logging_mixin.py:188} INFO - [2024-05-30T06:55:18.720+0000] {dagbag.py:545} INFO - Filling up the DagBag from /home/airflow/.local/lib/python3.12/site-packages/airflow/example_dags/example_setup_teardown.py
[2024-05-30T06:55:18.727+0000] {processor.py:840} INFO - DAG(s) 'example_setup_teardown' retrieved from /home/airflow/.local/lib/python3.12/site-packages/airflow/example_dags/example_setup_teardown.py
[2024-05-30T06:55:18.745+0000] {logging_mixin.py:188} INFO - [2024-05-30T06:55:18.745+0000] {dag.py:3096} INFO - Sync 1 DAGs
[2024-05-30T06:55:18.766+0000] {logging_mixin.py:188} INFO - [2024-05-30T06:55:18.766+0000] {dag.py:3954} INFO - Setting next_dagrun for example_setup_teardown to 2024-05-29 00:00:00+00:00, run_after=2024-05-30 00:00:00+00:00
[2024-05-30T06:55:18.784+0000] {processor.py:183} INFO - Processing /home/airflow/.local/lib/python3.12/site-packages/airflow/example_dags/example_setup_teardown.py took 0.070 seconds
[2024-05-30T06:55:48.843+0000] {processor.py:161} INFO - Started process (PID=1779) to work on /home/airflow/.local/lib/python3.12/site-packages/airflow/example_dags/example_setup_teardown.py
[2024-05-30T06:55:48.844+0000] {processor.py:830} INFO - Processing file /home/airflow/.local/lib/python3.12/site-packages/airflow/example_dags/example_setup_teardown.py for tasks to queue
[2024-05-30T06:55:48.845+0000] {logging_mixin.py:188} INFO - [2024-05-30T06:55:48.845+0000] {dagbag.py:545} INFO - Filling up the DagBag from /home/airflow/.local/lib/python3.12/site-packages/airflow/example_dags/example_setup_teardown.py
[2024-05-30T06:55:48.851+0000] {processor.py:840} INFO - DAG(s) 'example_setup_teardown' retrieved from /home/airflow/.local/lib/python3.12/site-packages/airflow/example_dags/example_setup_teardown.py
[2024-05-30T06:55:48.870+0000] {logging_mixin.py:188} INFO - [2024-05-30T06:55:48.870+0000] {dag.py:3096} INFO - Sync 1 DAGs
[2024-05-30T06:55:48.890+0000] {logging_mixin.py:188} INFO - [2024-05-30T06:55:48.890+0000] {dag.py:3954} INFO - Setting next_dagrun for example_setup_teardown to 2024-05-29 00:00:00+00:00, run_after=2024-05-30 00:00:00+00:00
[2024-05-30T06:55:48.908+0000] {processor.py:183} INFO - Processing /home/airflow/.local/lib/python3.12/site-packages/airflow/example_dags/example_setup_teardown.py took 0.070 seconds
[2024-05-30T06:56:18.939+0000] {processor.py:161} INFO - Started process (PID=1836) to work on /home/airflow/.local/lib/python3.12/site-packages/airflow/example_dags/example_setup_teardown.py
[2024-05-30T06:56:18.940+0000] {processor.py:830} INFO - Processing file /home/airflow/.local/lib/python3.12/site-packages/airflow/example_dags/example_setup_teardown.py for tasks to queue
[2024-05-30T06:56:18.941+0000] {logging_mixin.py:188} INFO - [2024-05-30T06:56:18.941+0000] {dagbag.py:545} INFO - Filling up the DagBag from /home/airflow/.local/lib/python3.12/site-packages/airflow/example_dags/example_setup_teardown.py
[2024-05-30T06:56:18.947+0000] {processor.py:840} INFO - DAG(s) 'example_setup_teardown' retrieved from /home/airflow/.local/lib/python3.12/site-packages/airflow/example_dags/example_setup_teardown.py
[2024-05-30T06:56:18.966+0000] {logging_mixin.py:188} INFO - [2024-05-30T06:56:18.965+0000] {dag.py:3096} INFO - Sync 1 DAGs
[2024-05-30T06:56:18.986+0000] {logging_mixin.py:188} INFO - [2024-05-30T06:56:18.986+0000] {dag.py:3954} INFO - Setting next_dagrun for example_setup_teardown to 2024-05-29 00:00:00+00:00, run_after=2024-05-30 00:00:00+00:00
[2024-05-30T06:56:19.003+0000] {processor.py:183} INFO - Processing /home/airflow/.local/lib/python3.12/site-packages/airflow/example_dags/example_setup_teardown.py took 0.069 seconds
[2024-05-30T06:56:49.044+0000] {processor.py:161} INFO - Started process (PID=1894) to work on /home/airflow/.local/lib/python3.12/site-packages/airflow/example_dags/example_setup_teardown.py
[2024-05-30T06:56:49.045+0000] {processor.py:830} INFO - Processing file /home/airflow/.local/lib/python3.12/site-packages/airflow/example_dags/example_setup_teardown.py for tasks to queue
[2024-05-30T06:56:49.047+0000] {logging_mixin.py:188} INFO - [2024-05-30T06:56:49.046+0000] {dagbag.py:545} INFO - Filling up the DagBag from /home/airflow/.local/lib/python3.12/site-packages/airflow/example_dags/example_setup_teardown.py
[2024-05-30T06:56:49.053+0000] {processor.py:840} INFO - DAG(s) 'example_setup_teardown' retrieved from /home/airflow/.local/lib/python3.12/site-packages/airflow/example_dags/example_setup_teardown.py
[2024-05-30T06:56:49.070+0000] {logging_mixin.py:188} INFO - [2024-05-30T06:56:49.069+0000] {dag.py:3096} INFO - Sync 1 DAGs
[2024-05-30T06:56:49.091+0000] {logging_mixin.py:188} INFO - [2024-05-30T06:56:49.091+0000] {dag.py:3954} INFO - Setting next_dagrun for example_setup_teardown to 2024-05-29 00:00:00+00:00, run_after=2024-05-30 00:00:00+00:00
[2024-05-30T06:56:49.107+0000] {processor.py:183} INFO - Processing /home/airflow/.local/lib/python3.12/site-packages/airflow/example_dags/example_setup_teardown.py took 0.068 seconds
[2024-05-30T06:57:19.660+0000] {processor.py:161} INFO - Started process (PID=1953) to work on /home/airflow/.local/lib/python3.12/site-packages/airflow/example_dags/example_setup_teardown.py
[2024-05-30T06:57:19.660+0000] {processor.py:830} INFO - Processing file /home/airflow/.local/lib/python3.12/site-packages/airflow/example_dags/example_setup_teardown.py for tasks to queue
[2024-05-30T06:57:19.662+0000] {logging_mixin.py:188} INFO - [2024-05-30T06:57:19.662+0000] {dagbag.py:545} INFO - Filling up the DagBag from /home/airflow/.local/lib/python3.12/site-packages/airflow/example_dags/example_setup_teardown.py
[2024-05-30T06:57:19.668+0000] {processor.py:840} INFO - DAG(s) 'example_setup_teardown' retrieved from /home/airflow/.local/lib/python3.12/site-packages/airflow/example_dags/example_setup_teardown.py
[2024-05-30T06:57:19.687+0000] {logging_mixin.py:188} INFO - [2024-05-30T06:57:19.686+0000] {dag.py:3096} INFO - Sync 1 DAGs
[2024-05-30T06:57:19.707+0000] {logging_mixin.py:188} INFO - [2024-05-30T06:57:19.707+0000] {dag.py:3954} INFO - Setting next_dagrun for example_setup_teardown to 2024-05-29 00:00:00+00:00, run_after=2024-05-30 00:00:00+00:00
[2024-05-30T06:57:19.724+0000] {processor.py:183} INFO - Processing /home/airflow/.local/lib/python3.12/site-packages/airflow/example_dags/example_setup_teardown.py took 0.070 seconds
[2024-05-30T06:57:50.257+0000] {processor.py:161} INFO - Started process (PID=2011) to work on /home/airflow/.local/lib/python3.12/site-packages/airflow/example_dags/example_setup_teardown.py
[2024-05-30T06:57:50.258+0000] {processor.py:830} INFO - Processing file /home/airflow/.local/lib/python3.12/site-packages/airflow/example_dags/example_setup_teardown.py for tasks to queue
[2024-05-30T06:57:50.259+0000] {logging_mixin.py:188} INFO - [2024-05-30T06:57:50.259+0000] {dagbag.py:545} INFO - Filling up the DagBag from /home/airflow/.local/lib/python3.12/site-packages/airflow/example_dags/example_setup_teardown.py
[2024-05-30T06:57:50.265+0000] {processor.py:840} INFO - DAG(s) 'example_setup_teardown' retrieved from /home/airflow/.local/lib/python3.12/site-packages/airflow/example_dags/example_setup_teardown.py
[2024-05-30T06:57:50.284+0000] {logging_mixin.py:188} INFO - [2024-05-30T06:57:50.284+0000] {dag.py:3096} INFO - Sync 1 DAGs
[2024-05-30T06:57:50.305+0000] {logging_mixin.py:188} INFO - [2024-05-30T06:57:50.305+0000] {dag.py:3954} INFO - Setting next_dagrun for example_setup_teardown to 2024-05-29 00:00:00+00:00, run_after=2024-05-30 00:00:00+00:00
[2024-05-30T06:57:50.323+0000] {processor.py:183} INFO - Processing /home/airflow/.local/lib/python3.12/site-packages/airflow/example_dags/example_setup_teardown.py took 0.071 seconds
[2024-05-30T06:58:20.815+0000] {processor.py:161} INFO - Started process (PID=2069) to work on /home/airflow/.local/lib/python3.12/site-packages/airflow/example_dags/example_setup_teardown.py
[2024-05-30T06:58:20.816+0000] {processor.py:830} INFO - Processing file /home/airflow/.local/lib/python3.12/site-packages/airflow/example_dags/example_setup_teardown.py for tasks to queue
[2024-05-30T06:58:20.818+0000] {logging_mixin.py:188} INFO - [2024-05-30T06:58:20.818+0000] {dagbag.py:545} INFO - Filling up the DagBag from /home/airflow/.local/lib/python3.12/site-packages/airflow/example_dags/example_setup_teardown.py
[2024-05-30T06:58:20.825+0000] {processor.py:840} INFO - DAG(s) 'example_setup_teardown' retrieved from /home/airflow/.local/lib/python3.12/site-packages/airflow/example_dags/example_setup_teardown.py
[2024-05-30T06:58:20.844+0000] {logging_mixin.py:188} INFO - [2024-05-30T06:58:20.843+0000] {dag.py:3096} INFO - Sync 1 DAGs
[2024-05-30T06:58:20.865+0000] {logging_mixin.py:188} INFO - [2024-05-30T06:58:20.865+0000] {dag.py:3954} INFO - Setting next_dagrun for example_setup_teardown to 2024-05-29 00:00:00+00:00, run_after=2024-05-30 00:00:00+00:00
[2024-05-30T06:58:20.885+0000] {processor.py:183} INFO - Processing /home/airflow/.local/lib/python3.12/site-packages/airflow/example_dags/example_setup_teardown.py took 0.074 seconds
[2024-05-30T06:58:51.544+0000] {processor.py:161} INFO - Started process (PID=2127) to work on /home/airflow/.local/lib/python3.12/site-packages/airflow/example_dags/example_setup_teardown.py
[2024-05-30T06:58:51.545+0000] {processor.py:830} INFO - Processing file /home/airflow/.local/lib/python3.12/site-packages/airflow/example_dags/example_setup_teardown.py for tasks to queue
[2024-05-30T06:58:51.546+0000] {logging_mixin.py:188} INFO - [2024-05-30T06:58:51.546+0000] {dagbag.py:545} INFO - Filling up the DagBag from /home/airflow/.local/lib/python3.12/site-packages/airflow/example_dags/example_setup_teardown.py
[2024-05-30T06:58:51.552+0000] {processor.py:840} INFO - DAG(s) 'example_setup_teardown' retrieved from /home/airflow/.local/lib/python3.12/site-packages/airflow/example_dags/example_setup_teardown.py
[2024-05-30T06:58:51.571+0000] {logging_mixin.py:188} INFO - [2024-05-30T06:58:51.571+0000] {dag.py:3096} INFO - Sync 1 DAGs
[2024-05-30T06:58:51.593+0000] {logging_mixin.py:188} INFO - [2024-05-30T06:58:51.593+0000] {dag.py:3954} INFO - Setting next_dagrun for example_setup_teardown to 2024-05-29 00:00:00+00:00, run_after=2024-05-30 00:00:00+00:00
[2024-05-30T06:58:51.612+0000] {processor.py:183} INFO - Processing /home/airflow/.local/lib/python3.12/site-packages/airflow/example_dags/example_setup_teardown.py took 0.073 seconds
[2024-05-30T06:59:22.067+0000] {processor.py:161} INFO - Started process (PID=2185) to work on /home/airflow/.local/lib/python3.12/site-packages/airflow/example_dags/example_setup_teardown.py
[2024-05-30T06:59:22.068+0000] {processor.py:830} INFO - Processing file /home/airflow/.local/lib/python3.12/site-packages/airflow/example_dags/example_setup_teardown.py for tasks to queue
[2024-05-30T06:59:22.069+0000] {logging_mixin.py:188} INFO - [2024-05-30T06:59:22.069+0000] {dagbag.py:545} INFO - Filling up the DagBag from /home/airflow/.local/lib/python3.12/site-packages/airflow/example_dags/example_setup_teardown.py
[2024-05-30T06:59:22.075+0000] {processor.py:840} INFO - DAG(s) 'example_setup_teardown' retrieved from /home/airflow/.local/lib/python3.12/site-packages/airflow/example_dags/example_setup_teardown.py
[2024-05-30T06:59:22.094+0000] {logging_mixin.py:188} INFO - [2024-05-30T06:59:22.094+0000] {dag.py:3096} INFO - Sync 1 DAGs
[2024-05-30T06:59:22.115+0000] {logging_mixin.py:188} INFO - [2024-05-30T06:59:22.115+0000] {dag.py:3954} INFO - Setting next_dagrun for example_setup_teardown to 2024-05-29 00:00:00+00:00, run_after=2024-05-30 00:00:00+00:00
[2024-05-30T06:59:22.133+0000] {processor.py:183} INFO - Processing /home/airflow/.local/lib/python3.12/site-packages/airflow/example_dags/example_setup_teardown.py took 0.071 seconds
[2024-05-30T06:59:52.521+0000] {processor.py:161} INFO - Started process (PID=2243) to work on /home/airflow/.local/lib/python3.12/site-packages/airflow/example_dags/example_setup_teardown.py
[2024-05-30T06:59:52.522+0000] {processor.py:830} INFO - Processing file /home/airflow/.local/lib/python3.12/site-packages/airflow/example_dags/example_setup_teardown.py for tasks to queue
[2024-05-30T06:59:52.523+0000] {logging_mixin.py:188} INFO - [2024-05-30T06:59:52.523+0000] {dagbag.py:545} INFO - Filling up the DagBag from /home/airflow/.local/lib/python3.12/site-packages/airflow/example_dags/example_setup_teardown.py
[2024-05-30T06:59:52.529+0000] {processor.py:840} INFO - DAG(s) 'example_setup_teardown' retrieved from /home/airflow/.local/lib/python3.12/site-packages/airflow/example_dags/example_setup_teardown.py
[2024-05-30T06:59:52.548+0000] {logging_mixin.py:188} INFO - [2024-05-30T06:59:52.548+0000] {dag.py:3096} INFO - Sync 1 DAGs
[2024-05-30T06:59:52.569+0000] {logging_mixin.py:188} INFO - [2024-05-30T06:59:52.569+0000] {dag.py:3954} INFO - Setting next_dagrun for example_setup_teardown to 2024-05-29 00:00:00+00:00, run_after=2024-05-30 00:00:00+00:00
[2024-05-30T06:59:52.588+0000] {processor.py:183} INFO - Processing /home/airflow/.local/lib/python3.12/site-packages/airflow/example_dags/example_setup_teardown.py took 0.072 seconds
[2024-05-30T07:00:23.108+0000] {processor.py:161} INFO - Started process (PID=2301) to work on /home/airflow/.local/lib/python3.12/site-packages/airflow/example_dags/example_setup_teardown.py
[2024-05-30T07:00:23.109+0000] {processor.py:830} INFO - Processing file /home/airflow/.local/lib/python3.12/site-packages/airflow/example_dags/example_setup_teardown.py for tasks to queue
[2024-05-30T07:00:23.111+0000] {logging_mixin.py:188} INFO - [2024-05-30T07:00:23.110+0000] {dagbag.py:545} INFO - Filling up the DagBag from /home/airflow/.local/lib/python3.12/site-packages/airflow/example_dags/example_setup_teardown.py
[2024-05-30T07:00:23.117+0000] {processor.py:840} INFO - DAG(s) 'example_setup_teardown' retrieved from /home/airflow/.local/lib/python3.12/site-packages/airflow/example_dags/example_setup_teardown.py
[2024-05-30T07:00:23.136+0000] {logging_mixin.py:188} INFO - [2024-05-30T07:00:23.136+0000] {dag.py:3096} INFO - Sync 1 DAGs
[2024-05-30T07:00:23.157+0000] {logging_mixin.py:188} INFO - [2024-05-30T07:00:23.157+0000] {dag.py:3954} INFO - Setting next_dagrun for example_setup_teardown to 2024-05-29 00:00:00+00:00, run_after=2024-05-30 00:00:00+00:00
[2024-05-30T07:00:23.176+0000] {processor.py:183} INFO - Processing /home/airflow/.local/lib/python3.12/site-packages/airflow/example_dags/example_setup_teardown.py took 0.072 seconds
[2024-05-30T07:00:53.686+0000] {processor.py:161} INFO - Started process (PID=2359) to work on /home/airflow/.local/lib/python3.12/site-packages/airflow/example_dags/example_setup_teardown.py
[2024-05-30T07:00:53.687+0000] {processor.py:830} INFO - Processing file /home/airflow/.local/lib/python3.12/site-packages/airflow/example_dags/example_setup_teardown.py for tasks to queue
[2024-05-30T07:00:53.688+0000] {logging_mixin.py:188} INFO - [2024-05-30T07:00:53.688+0000] {dagbag.py:545} INFO - Filling up the DagBag from /home/airflow/.local/lib/python3.12/site-packages/airflow/example_dags/example_setup_teardown.py
[2024-05-30T07:00:53.694+0000] {processor.py:840} INFO - DAG(s) 'example_setup_teardown' retrieved from /home/airflow/.local/lib/python3.12/site-packages/airflow/example_dags/example_setup_teardown.py
[2024-05-30T07:00:53.714+0000] {logging_mixin.py:188} INFO - [2024-05-30T07:00:53.713+0000] {dag.py:3096} INFO - Sync 1 DAGs
[2024-05-30T07:00:53.734+0000] {logging_mixin.py:188} INFO - [2024-05-30T07:00:53.734+0000] {dag.py:3954} INFO - Setting next_dagrun for example_setup_teardown to 2024-05-29 00:00:00+00:00, run_after=2024-05-30 00:00:00+00:00
[2024-05-30T07:00:53.753+0000] {processor.py:183} INFO - Processing /home/airflow/.local/lib/python3.12/site-packages/airflow/example_dags/example_setup_teardown.py took 0.072 seconds
[2024-05-30T07:01:24.166+0000] {processor.py:161} INFO - Started process (PID=2417) to work on /home/airflow/.local/lib/python3.12/site-packages/airflow/example_dags/example_setup_teardown.py
[2024-05-30T07:01:24.167+0000] {processor.py:830} INFO - Processing file /home/airflow/.local/lib/python3.12/site-packages/airflow/example_dags/example_setup_teardown.py for tasks to queue
[2024-05-30T07:01:24.169+0000] {logging_mixin.py:188} INFO - [2024-05-30T07:01:24.168+0000] {dagbag.py:545} INFO - Filling up the DagBag from /home/airflow/.local/lib/python3.12/site-packages/airflow/example_dags/example_setup_teardown.py
[2024-05-30T07:01:24.177+0000] {processor.py:840} INFO - DAG(s) 'example_setup_teardown' retrieved from /home/airflow/.local/lib/python3.12/site-packages/airflow/example_dags/example_setup_teardown.py
[2024-05-30T07:01:24.201+0000] {logging_mixin.py:188} INFO - [2024-05-30T07:01:24.200+0000] {dag.py:3096} INFO - Sync 1 DAGs
[2024-05-30T07:01:24.224+0000] {logging_mixin.py:188} INFO - [2024-05-30T07:01:24.224+0000] {dag.py:3954} INFO - Setting next_dagrun for example_setup_teardown to 2024-05-29 00:00:00+00:00, run_after=2024-05-30 00:00:00+00:00
[2024-05-30T07:01:24.242+0000] {processor.py:183} INFO - Processing /home/airflow/.local/lib/python3.12/site-packages/airflow/example_dags/example_setup_teardown.py took 0.082 seconds
