[2024-05-30T06:40:40.919+0000] {processor.py:161} INFO - Started process (PID=65) to work on /home/airflow/.local/lib/python3.12/site-packages/airflow/example_dags/example_branch_python_dop_operator_3.py
[2024-05-30T06:40:40.920+0000] {processor.py:830} INFO - Processing file /home/airflow/.local/lib/python3.12/site-packages/airflow/example_dags/example_branch_python_dop_operator_3.py for tasks to queue
[2024-05-30T06:40:40.922+0000] {logging_mixin.py:188} INFO - [2024-05-30T06:40:40.921+0000] {dagbag.py:545} INFO - Filling up the DagBag from /home/airflow/.local/lib/python3.12/site-packages/airflow/example_dags/example_branch_python_dop_operator_3.py
[2024-05-30T06:40:40.932+0000] {processor.py:840} INFO - DAG(s) 'example_branch_dop_operator_v3' retrieved from /home/airflow/.local/lib/python3.12/site-packages/airflow/example_dags/example_branch_python_dop_operator_3.py
[2024-05-30T06:40:40.943+0000] {logging_mixin.py:188} INFO - [2024-05-30T06:40:40.943+0000] {dag.py:3096} INFO - Sync 1 DAGs
[2024-05-30T06:40:40.970+0000] {logging_mixin.py:188} INFO - [2024-05-30T06:40:40.970+0000] {dag.py:3954} INFO - Setting next_dagrun for example_branch_dop_operator_v3 to 2024-05-30 06:39:00+00:00, run_after=2024-05-30 06:40:00+00:00
[2024-05-30T06:40:40.988+0000] {processor.py:183} INFO - Processing /home/airflow/.local/lib/python3.12/site-packages/airflow/example_dags/example_branch_python_dop_operator_3.py took 0.075 seconds
[2024-05-30T06:41:13.218+0000] {processor.py:161} INFO - Started process (PID=123) to work on /home/airflow/.local/lib/python3.12/site-packages/airflow/example_dags/example_branch_python_dop_operator_3.py
[2024-05-30T06:41:13.219+0000] {processor.py:830} INFO - Processing file /home/airflow/.local/lib/python3.12/site-packages/airflow/example_dags/example_branch_python_dop_operator_3.py for tasks to queue
[2024-05-30T06:41:13.221+0000] {logging_mixin.py:188} INFO - [2024-05-30T06:41:13.220+0000] {dagbag.py:545} INFO - Filling up the DagBag from /home/airflow/.local/lib/python3.12/site-packages/airflow/example_dags/example_branch_python_dop_operator_3.py
[2024-05-30T06:41:13.229+0000] {processor.py:840} INFO - DAG(s) 'example_branch_dop_operator_v3' retrieved from /home/airflow/.local/lib/python3.12/site-packages/airflow/example_dags/example_branch_python_dop_operator_3.py
[2024-05-30T06:41:13.376+0000] {logging_mixin.py:188} INFO - [2024-05-30T06:41:13.376+0000] {dag.py:3096} INFO - Sync 1 DAGs
[2024-05-30T06:41:13.401+0000] {logging_mixin.py:188} INFO - [2024-05-30T06:41:13.401+0000] {dag.py:3954} INFO - Setting next_dagrun for example_branch_dop_operator_v3 to 2024-05-30 06:40:00+00:00, run_after=2024-05-30 06:41:00+00:00
[2024-05-30T06:41:13.419+0000] {processor.py:183} INFO - Processing /home/airflow/.local/lib/python3.12/site-packages/airflow/example_dags/example_branch_python_dop_operator_3.py took 0.207 seconds
[2024-05-30T06:41:43.980+0000] {processor.py:161} INFO - Started process (PID=181) to work on /home/airflow/.local/lib/python3.12/site-packages/airflow/example_dags/example_branch_python_dop_operator_3.py
[2024-05-30T06:41:43.981+0000] {processor.py:830} INFO - Processing file /home/airflow/.local/lib/python3.12/site-packages/airflow/example_dags/example_branch_python_dop_operator_3.py for tasks to queue
[2024-05-30T06:41:43.983+0000] {logging_mixin.py:188} INFO - [2024-05-30T06:41:43.982+0000] {dagbag.py:545} INFO - Filling up the DagBag from /home/airflow/.local/lib/python3.12/site-packages/airflow/example_dags/example_branch_python_dop_operator_3.py
[2024-05-30T06:41:43.990+0000] {processor.py:840} INFO - DAG(s) 'example_branch_dop_operator_v3' retrieved from /home/airflow/.local/lib/python3.12/site-packages/airflow/example_dags/example_branch_python_dop_operator_3.py
[2024-05-30T06:41:44.008+0000] {logging_mixin.py:188} INFO - [2024-05-30T06:41:44.008+0000] {dag.py:3096} INFO - Sync 1 DAGs
[2024-05-30T06:41:44.033+0000] {logging_mixin.py:188} INFO - [2024-05-30T06:41:44.033+0000] {dag.py:3954} INFO - Setting next_dagrun for example_branch_dop_operator_v3 to 2024-05-30 06:40:00+00:00, run_after=2024-05-30 06:41:00+00:00
[2024-05-30T06:41:44.052+0000] {processor.py:183} INFO - Processing /home/airflow/.local/lib/python3.12/site-packages/airflow/example_dags/example_branch_python_dop_operator_3.py took 0.077 seconds
[2024-05-30T06:42:14.691+0000] {processor.py:161} INFO - Started process (PID=239) to work on /home/airflow/.local/lib/python3.12/site-packages/airflow/example_dags/example_branch_python_dop_operator_3.py
[2024-05-30T06:42:14.692+0000] {processor.py:830} INFO - Processing file /home/airflow/.local/lib/python3.12/site-packages/airflow/example_dags/example_branch_python_dop_operator_3.py for tasks to queue
[2024-05-30T06:42:14.693+0000] {logging_mixin.py:188} INFO - [2024-05-30T06:42:14.693+0000] {dagbag.py:545} INFO - Filling up the DagBag from /home/airflow/.local/lib/python3.12/site-packages/airflow/example_dags/example_branch_python_dop_operator_3.py
[2024-05-30T06:42:14.701+0000] {processor.py:840} INFO - DAG(s) 'example_branch_dop_operator_v3' retrieved from /home/airflow/.local/lib/python3.12/site-packages/airflow/example_dags/example_branch_python_dop_operator_3.py
[2024-05-30T06:42:14.718+0000] {logging_mixin.py:188} INFO - [2024-05-30T06:42:14.718+0000] {dag.py:3096} INFO - Sync 1 DAGs
[2024-05-30T06:42:14.742+0000] {logging_mixin.py:188} INFO - [2024-05-30T06:42:14.741+0000] {dag.py:3954} INFO - Setting next_dagrun for example_branch_dop_operator_v3 to 2024-05-30 06:41:00+00:00, run_after=2024-05-30 06:42:00+00:00
[2024-05-30T06:42:14.759+0000] {processor.py:183} INFO - Processing /home/airflow/.local/lib/python3.12/site-packages/airflow/example_dags/example_branch_python_dop_operator_3.py took 0.073 seconds
[2024-05-30T06:42:45.021+0000] {processor.py:161} INFO - Started process (PID=297) to work on /home/airflow/.local/lib/python3.12/site-packages/airflow/example_dags/example_branch_python_dop_operator_3.py
[2024-05-30T06:42:45.022+0000] {processor.py:830} INFO - Processing file /home/airflow/.local/lib/python3.12/site-packages/airflow/example_dags/example_branch_python_dop_operator_3.py for tasks to queue
[2024-05-30T06:42:45.024+0000] {logging_mixin.py:188} INFO - [2024-05-30T06:42:45.023+0000] {dagbag.py:545} INFO - Filling up the DagBag from /home/airflow/.local/lib/python3.12/site-packages/airflow/example_dags/example_branch_python_dop_operator_3.py
[2024-05-30T06:42:45.031+0000] {processor.py:840} INFO - DAG(s) 'example_branch_dop_operator_v3' retrieved from /home/airflow/.local/lib/python3.12/site-packages/airflow/example_dags/example_branch_python_dop_operator_3.py
[2024-05-30T06:42:45.049+0000] {logging_mixin.py:188} INFO - [2024-05-30T06:42:45.049+0000] {dag.py:3096} INFO - Sync 1 DAGs
[2024-05-30T06:42:45.076+0000] {logging_mixin.py:188} INFO - [2024-05-30T06:42:45.076+0000] {dag.py:3954} INFO - Setting next_dagrun for example_branch_dop_operator_v3 to 2024-05-30 06:41:00+00:00, run_after=2024-05-30 06:42:00+00:00
[2024-05-30T06:42:45.095+0000] {processor.py:183} INFO - Processing /home/airflow/.local/lib/python3.12/site-packages/airflow/example_dags/example_branch_python_dop_operator_3.py took 0.080 seconds
[2024-05-30T06:43:15.140+0000] {processor.py:161} INFO - Started process (PID=354) to work on /home/airflow/.local/lib/python3.12/site-packages/airflow/example_dags/example_branch_python_dop_operator_3.py
[2024-05-30T06:43:15.141+0000] {processor.py:830} INFO - Processing file /home/airflow/.local/lib/python3.12/site-packages/airflow/example_dags/example_branch_python_dop_operator_3.py for tasks to queue
[2024-05-30T06:43:15.143+0000] {logging_mixin.py:188} INFO - [2024-05-30T06:43:15.142+0000] {dagbag.py:545} INFO - Filling up the DagBag from /home/airflow/.local/lib/python3.12/site-packages/airflow/example_dags/example_branch_python_dop_operator_3.py
[2024-05-30T06:43:15.151+0000] {processor.py:840} INFO - DAG(s) 'example_branch_dop_operator_v3' retrieved from /home/airflow/.local/lib/python3.12/site-packages/airflow/example_dags/example_branch_python_dop_operator_3.py
[2024-05-30T06:43:15.168+0000] {logging_mixin.py:188} INFO - [2024-05-30T06:43:15.168+0000] {dag.py:3096} INFO - Sync 1 DAGs
[2024-05-30T06:43:15.193+0000] {logging_mixin.py:188} INFO - [2024-05-30T06:43:15.193+0000] {dag.py:3954} INFO - Setting next_dagrun for example_branch_dop_operator_v3 to 2024-05-30 06:42:00+00:00, run_after=2024-05-30 06:43:00+00:00
[2024-05-30T06:43:15.211+0000] {processor.py:183} INFO - Processing /home/airflow/.local/lib/python3.12/site-packages/airflow/example_dags/example_branch_python_dop_operator_3.py took 0.076 seconds
[2024-05-30T06:43:45.409+0000] {processor.py:161} INFO - Started process (PID=412) to work on /home/airflow/.local/lib/python3.12/site-packages/airflow/example_dags/example_branch_python_dop_operator_3.py
[2024-05-30T06:43:45.409+0000] {processor.py:830} INFO - Processing file /home/airflow/.local/lib/python3.12/site-packages/airflow/example_dags/example_branch_python_dop_operator_3.py for tasks to queue
[2024-05-30T06:43:45.411+0000] {logging_mixin.py:188} INFO - [2024-05-30T06:43:45.411+0000] {dagbag.py:545} INFO - Filling up the DagBag from /home/airflow/.local/lib/python3.12/site-packages/airflow/example_dags/example_branch_python_dop_operator_3.py
[2024-05-30T06:43:45.419+0000] {processor.py:840} INFO - DAG(s) 'example_branch_dop_operator_v3' retrieved from /home/airflow/.local/lib/python3.12/site-packages/airflow/example_dags/example_branch_python_dop_operator_3.py
[2024-05-30T06:43:45.437+0000] {logging_mixin.py:188} INFO - [2024-05-30T06:43:45.437+0000] {dag.py:3096} INFO - Sync 1 DAGs
[2024-05-30T06:43:45.462+0000] {logging_mixin.py:188} INFO - [2024-05-30T06:43:45.461+0000] {dag.py:3954} INFO - Setting next_dagrun for example_branch_dop_operator_v3 to 2024-05-30 06:42:00+00:00, run_after=2024-05-30 06:43:00+00:00
[2024-05-30T06:43:45.480+0000] {processor.py:183} INFO - Processing /home/airflow/.local/lib/python3.12/site-packages/airflow/example_dags/example_branch_python_dop_operator_3.py took 0.077 seconds
[2024-05-30T06:44:16.208+0000] {processor.py:161} INFO - Started process (PID=470) to work on /home/airflow/.local/lib/python3.12/site-packages/airflow/example_dags/example_branch_python_dop_operator_3.py
[2024-05-30T06:44:16.209+0000] {processor.py:830} INFO - Processing file /home/airflow/.local/lib/python3.12/site-packages/airflow/example_dags/example_branch_python_dop_operator_3.py for tasks to queue
[2024-05-30T06:44:16.212+0000] {logging_mixin.py:188} INFO - [2024-05-30T06:44:16.211+0000] {dagbag.py:545} INFO - Filling up the DagBag from /home/airflow/.local/lib/python3.12/site-packages/airflow/example_dags/example_branch_python_dop_operator_3.py
[2024-05-30T06:44:16.222+0000] {processor.py:840} INFO - DAG(s) 'example_branch_dop_operator_v3' retrieved from /home/airflow/.local/lib/python3.12/site-packages/airflow/example_dags/example_branch_python_dop_operator_3.py
[2024-05-30T06:44:16.243+0000] {logging_mixin.py:188} INFO - [2024-05-30T06:44:16.243+0000] {dag.py:3096} INFO - Sync 1 DAGs
[2024-05-30T06:44:16.269+0000] {logging_mixin.py:188} INFO - [2024-05-30T06:44:16.269+0000] {dag.py:3954} INFO - Setting next_dagrun for example_branch_dop_operator_v3 to 2024-05-30 06:43:00+00:00, run_after=2024-05-30 06:44:00+00:00
[2024-05-30T06:44:16.288+0000] {processor.py:183} INFO - Processing /home/airflow/.local/lib/python3.12/site-packages/airflow/example_dags/example_branch_python_dop_operator_3.py took 0.086 seconds
[2024-05-30T06:44:46.331+0000] {processor.py:161} INFO - Started process (PID=528) to work on /home/airflow/.local/lib/python3.12/site-packages/airflow/example_dags/example_branch_python_dop_operator_3.py
[2024-05-30T06:44:46.332+0000] {processor.py:830} INFO - Processing file /home/airflow/.local/lib/python3.12/site-packages/airflow/example_dags/example_branch_python_dop_operator_3.py for tasks to queue
[2024-05-30T06:44:46.333+0000] {logging_mixin.py:188} INFO - [2024-05-30T06:44:46.333+0000] {dagbag.py:545} INFO - Filling up the DagBag from /home/airflow/.local/lib/python3.12/site-packages/airflow/example_dags/example_branch_python_dop_operator_3.py
[2024-05-30T06:44:46.342+0000] {processor.py:840} INFO - DAG(s) 'example_branch_dop_operator_v3' retrieved from /home/airflow/.local/lib/python3.12/site-packages/airflow/example_dags/example_branch_python_dop_operator_3.py
[2024-05-30T06:44:46.359+0000] {logging_mixin.py:188} INFO - [2024-05-30T06:44:46.359+0000] {dag.py:3096} INFO - Sync 1 DAGs
[2024-05-30T06:44:46.382+0000] {logging_mixin.py:188} INFO - [2024-05-30T06:44:46.382+0000] {dag.py:3954} INFO - Setting next_dagrun for example_branch_dop_operator_v3 to 2024-05-30 06:43:00+00:00, run_after=2024-05-30 06:44:00+00:00
[2024-05-30T06:44:46.399+0000] {processor.py:183} INFO - Processing /home/airflow/.local/lib/python3.12/site-packages/airflow/example_dags/example_branch_python_dop_operator_3.py took 0.073 seconds
[2024-05-30T06:45:16.692+0000] {processor.py:161} INFO - Started process (PID=586) to work on /home/airflow/.local/lib/python3.12/site-packages/airflow/example_dags/example_branch_python_dop_operator_3.py
[2024-05-30T06:45:16.693+0000] {processor.py:830} INFO - Processing file /home/airflow/.local/lib/python3.12/site-packages/airflow/example_dags/example_branch_python_dop_operator_3.py for tasks to queue
[2024-05-30T06:45:16.695+0000] {logging_mixin.py:188} INFO - [2024-05-30T06:45:16.694+0000] {dagbag.py:545} INFO - Filling up the DagBag from /home/airflow/.local/lib/python3.12/site-packages/airflow/example_dags/example_branch_python_dop_operator_3.py
[2024-05-30T06:45:16.703+0000] {processor.py:840} INFO - DAG(s) 'example_branch_dop_operator_v3' retrieved from /home/airflow/.local/lib/python3.12/site-packages/airflow/example_dags/example_branch_python_dop_operator_3.py
[2024-05-30T06:45:16.721+0000] {logging_mixin.py:188} INFO - [2024-05-30T06:45:16.720+0000] {dag.py:3096} INFO - Sync 1 DAGs
[2024-05-30T06:45:16.745+0000] {logging_mixin.py:188} INFO - [2024-05-30T06:45:16.745+0000] {dag.py:3954} INFO - Setting next_dagrun for example_branch_dop_operator_v3 to 2024-05-30 06:44:00+00:00, run_after=2024-05-30 06:45:00+00:00
[2024-05-30T06:45:16.764+0000] {processor.py:183} INFO - Processing /home/airflow/.local/lib/python3.12/site-packages/airflow/example_dags/example_branch_python_dop_operator_3.py took 0.077 seconds
[2024-05-30T06:45:47.042+0000] {processor.py:161} INFO - Started process (PID=644) to work on /home/airflow/.local/lib/python3.12/site-packages/airflow/example_dags/example_branch_python_dop_operator_3.py
[2024-05-30T06:45:47.043+0000] {processor.py:830} INFO - Processing file /home/airflow/.local/lib/python3.12/site-packages/airflow/example_dags/example_branch_python_dop_operator_3.py for tasks to queue
[2024-05-30T06:45:47.045+0000] {logging_mixin.py:188} INFO - [2024-05-30T06:45:47.044+0000] {dagbag.py:545} INFO - Filling up the DagBag from /home/airflow/.local/lib/python3.12/site-packages/airflow/example_dags/example_branch_python_dop_operator_3.py
[2024-05-30T06:45:47.054+0000] {processor.py:840} INFO - DAG(s) 'example_branch_dop_operator_v3' retrieved from /home/airflow/.local/lib/python3.12/site-packages/airflow/example_dags/example_branch_python_dop_operator_3.py
[2024-05-30T06:45:47.075+0000] {logging_mixin.py:188} INFO - [2024-05-30T06:45:47.074+0000] {dag.py:3096} INFO - Sync 1 DAGs
[2024-05-30T06:45:47.102+0000] {logging_mixin.py:188} INFO - [2024-05-30T06:45:47.102+0000] {dag.py:3954} INFO - Setting next_dagrun for example_branch_dop_operator_v3 to 2024-05-30 06:44:00+00:00, run_after=2024-05-30 06:45:00+00:00
[2024-05-30T06:45:47.120+0000] {processor.py:183} INFO - Processing /home/airflow/.local/lib/python3.12/site-packages/airflow/example_dags/example_branch_python_dop_operator_3.py took 0.085 seconds
[2024-05-30T06:46:17.262+0000] {processor.py:161} INFO - Started process (PID=702) to work on /home/airflow/.local/lib/python3.12/site-packages/airflow/example_dags/example_branch_python_dop_operator_3.py
[2024-05-30T06:46:17.263+0000] {processor.py:830} INFO - Processing file /home/airflow/.local/lib/python3.12/site-packages/airflow/example_dags/example_branch_python_dop_operator_3.py for tasks to queue
[2024-05-30T06:46:17.264+0000] {logging_mixin.py:188} INFO - [2024-05-30T06:46:17.264+0000] {dagbag.py:545} INFO - Filling up the DagBag from /home/airflow/.local/lib/python3.12/site-packages/airflow/example_dags/example_branch_python_dop_operator_3.py
[2024-05-30T06:46:17.273+0000] {processor.py:840} INFO - DAG(s) 'example_branch_dop_operator_v3' retrieved from /home/airflow/.local/lib/python3.12/site-packages/airflow/example_dags/example_branch_python_dop_operator_3.py
[2024-05-30T06:46:17.293+0000] {logging_mixin.py:188} INFO - [2024-05-30T06:46:17.293+0000] {dag.py:3096} INFO - Sync 1 DAGs
[2024-05-30T06:46:17.324+0000] {logging_mixin.py:188} INFO - [2024-05-30T06:46:17.323+0000] {dag.py:3954} INFO - Setting next_dagrun for example_branch_dop_operator_v3 to 2024-05-30 06:45:00+00:00, run_after=2024-05-30 06:46:00+00:00
[2024-05-30T06:46:17.343+0000] {processor.py:183} INFO - Processing /home/airflow/.local/lib/python3.12/site-packages/airflow/example_dags/example_branch_python_dop_operator_3.py took 0.086 seconds
[2024-05-30T06:46:47.683+0000] {processor.py:161} INFO - Started process (PID=766) to work on /home/airflow/.local/lib/python3.12/site-packages/airflow/example_dags/example_branch_python_dop_operator_3.py
[2024-05-30T06:46:47.684+0000] {processor.py:830} INFO - Processing file /home/airflow/.local/lib/python3.12/site-packages/airflow/example_dags/example_branch_python_dop_operator_3.py for tasks to queue
[2024-05-30T06:46:47.686+0000] {logging_mixin.py:188} INFO - [2024-05-30T06:46:47.686+0000] {dagbag.py:545} INFO - Filling up the DagBag from /home/airflow/.local/lib/python3.12/site-packages/airflow/example_dags/example_branch_python_dop_operator_3.py
[2024-05-30T06:46:47.695+0000] {processor.py:840} INFO - DAG(s) 'example_branch_dop_operator_v3' retrieved from /home/airflow/.local/lib/python3.12/site-packages/airflow/example_dags/example_branch_python_dop_operator_3.py
[2024-05-30T06:46:47.718+0000] {logging_mixin.py:188} INFO - [2024-05-30T06:46:47.717+0000] {dag.py:3096} INFO - Sync 1 DAGs
[2024-05-30T06:46:47.754+0000] {logging_mixin.py:188} INFO - [2024-05-30T06:46:47.754+0000] {dag.py:3954} INFO - Setting next_dagrun for example_branch_dop_operator_v3 to 2024-05-30 06:45:00+00:00, run_after=2024-05-30 06:46:00+00:00
[2024-05-30T06:46:47.775+0000] {processor.py:183} INFO - Processing /home/airflow/.local/lib/python3.12/site-packages/airflow/example_dags/example_branch_python_dop_operator_3.py took 0.097 seconds
[2024-05-30T06:47:18.636+0000] {processor.py:161} INFO - Started process (PID=824) to work on /home/airflow/.local/lib/python3.12/site-packages/airflow/example_dags/example_branch_python_dop_operator_3.py
[2024-05-30T06:47:18.637+0000] {processor.py:830} INFO - Processing file /home/airflow/.local/lib/python3.12/site-packages/airflow/example_dags/example_branch_python_dop_operator_3.py for tasks to queue
[2024-05-30T06:47:18.639+0000] {logging_mixin.py:188} INFO - [2024-05-30T06:47:18.639+0000] {dagbag.py:545} INFO - Filling up the DagBag from /home/airflow/.local/lib/python3.12/site-packages/airflow/example_dags/example_branch_python_dop_operator_3.py
[2024-05-30T06:47:18.648+0000] {processor.py:840} INFO - DAG(s) 'example_branch_dop_operator_v3' retrieved from /home/airflow/.local/lib/python3.12/site-packages/airflow/example_dags/example_branch_python_dop_operator_3.py
[2024-05-30T06:47:18.666+0000] {logging_mixin.py:188} INFO - [2024-05-30T06:47:18.666+0000] {dag.py:3096} INFO - Sync 1 DAGs
[2024-05-30T06:47:18.691+0000] {logging_mixin.py:188} INFO - [2024-05-30T06:47:18.691+0000] {dag.py:3954} INFO - Setting next_dagrun for example_branch_dop_operator_v3 to 2024-05-30 06:46:00+00:00, run_after=2024-05-30 06:47:00+00:00
[2024-05-30T06:47:18.709+0000] {processor.py:183} INFO - Processing /home/airflow/.local/lib/python3.12/site-packages/airflow/example_dags/example_branch_python_dop_operator_3.py took 0.079 seconds
[2024-05-30T06:47:48.751+0000] {processor.py:161} INFO - Started process (PID=882) to work on /home/airflow/.local/lib/python3.12/site-packages/airflow/example_dags/example_branch_python_dop_operator_3.py
[2024-05-30T06:47:48.752+0000] {processor.py:830} INFO - Processing file /home/airflow/.local/lib/python3.12/site-packages/airflow/example_dags/example_branch_python_dop_operator_3.py for tasks to queue
[2024-05-30T06:47:48.754+0000] {logging_mixin.py:188} INFO - [2024-05-30T06:47:48.754+0000] {dagbag.py:545} INFO - Filling up the DagBag from /home/airflow/.local/lib/python3.12/site-packages/airflow/example_dags/example_branch_python_dop_operator_3.py
[2024-05-30T06:47:48.762+0000] {processor.py:840} INFO - DAG(s) 'example_branch_dop_operator_v3' retrieved from /home/airflow/.local/lib/python3.12/site-packages/airflow/example_dags/example_branch_python_dop_operator_3.py
[2024-05-30T06:47:48.779+0000] {logging_mixin.py:188} INFO - [2024-05-30T06:47:48.779+0000] {dag.py:3096} INFO - Sync 1 DAGs
[2024-05-30T06:47:48.803+0000] {logging_mixin.py:188} INFO - [2024-05-30T06:47:48.803+0000] {dag.py:3954} INFO - Setting next_dagrun for example_branch_dop_operator_v3 to 2024-05-30 06:46:00+00:00, run_after=2024-05-30 06:47:00+00:00
[2024-05-30T06:47:48.820+0000] {processor.py:183} INFO - Processing /home/airflow/.local/lib/python3.12/site-packages/airflow/example_dags/example_branch_python_dop_operator_3.py took 0.075 seconds
[2024-05-30T06:48:18.952+0000] {processor.py:161} INFO - Started process (PID=940) to work on /home/airflow/.local/lib/python3.12/site-packages/airflow/example_dags/example_branch_python_dop_operator_3.py
[2024-05-30T06:48:18.953+0000] {processor.py:830} INFO - Processing file /home/airflow/.local/lib/python3.12/site-packages/airflow/example_dags/example_branch_python_dop_operator_3.py for tasks to queue
[2024-05-30T06:48:18.955+0000] {logging_mixin.py:188} INFO - [2024-05-30T06:48:18.955+0000] {dagbag.py:545} INFO - Filling up the DagBag from /home/airflow/.local/lib/python3.12/site-packages/airflow/example_dags/example_branch_python_dop_operator_3.py
[2024-05-30T06:48:18.963+0000] {processor.py:840} INFO - DAG(s) 'example_branch_dop_operator_v3' retrieved from /home/airflow/.local/lib/python3.12/site-packages/airflow/example_dags/example_branch_python_dop_operator_3.py
[2024-05-30T06:48:18.981+0000] {logging_mixin.py:188} INFO - [2024-05-30T06:48:18.980+0000] {dag.py:3096} INFO - Sync 1 DAGs
[2024-05-30T06:48:19.006+0000] {logging_mixin.py:188} INFO - [2024-05-30T06:48:19.006+0000] {dag.py:3954} INFO - Setting next_dagrun for example_branch_dop_operator_v3 to 2024-05-30 06:47:00+00:00, run_after=2024-05-30 06:48:00+00:00
[2024-05-30T06:48:19.024+0000] {processor.py:183} INFO - Processing /home/airflow/.local/lib/python3.12/site-packages/airflow/example_dags/example_branch_python_dop_operator_3.py took 0.077 seconds
[2024-05-30T06:48:49.087+0000] {processor.py:161} INFO - Started process (PID=998) to work on /home/airflow/.local/lib/python3.12/site-packages/airflow/example_dags/example_branch_python_dop_operator_3.py
[2024-05-30T06:48:49.088+0000] {processor.py:830} INFO - Processing file /home/airflow/.local/lib/python3.12/site-packages/airflow/example_dags/example_branch_python_dop_operator_3.py for tasks to queue
[2024-05-30T06:48:49.090+0000] {logging_mixin.py:188} INFO - [2024-05-30T06:48:49.090+0000] {dagbag.py:545} INFO - Filling up the DagBag from /home/airflow/.local/lib/python3.12/site-packages/airflow/example_dags/example_branch_python_dop_operator_3.py
[2024-05-30T06:48:49.098+0000] {processor.py:840} INFO - DAG(s) 'example_branch_dop_operator_v3' retrieved from /home/airflow/.local/lib/python3.12/site-packages/airflow/example_dags/example_branch_python_dop_operator_3.py
[2024-05-30T06:48:49.118+0000] {logging_mixin.py:188} INFO - [2024-05-30T06:48:49.118+0000] {dag.py:3096} INFO - Sync 1 DAGs
[2024-05-30T06:48:49.145+0000] {logging_mixin.py:188} INFO - [2024-05-30T06:48:49.145+0000] {dag.py:3954} INFO - Setting next_dagrun for example_branch_dop_operator_v3 to 2024-05-30 06:47:00+00:00, run_after=2024-05-30 06:48:00+00:00
[2024-05-30T06:48:49.163+0000] {processor.py:183} INFO - Processing /home/airflow/.local/lib/python3.12/site-packages/airflow/example_dags/example_branch_python_dop_operator_3.py took 0.081 seconds
[2024-05-30T06:49:19.733+0000] {processor.py:161} INFO - Started process (PID=1056) to work on /home/airflow/.local/lib/python3.12/site-packages/airflow/example_dags/example_branch_python_dop_operator_3.py
[2024-05-30T06:49:19.734+0000] {processor.py:830} INFO - Processing file /home/airflow/.local/lib/python3.12/site-packages/airflow/example_dags/example_branch_python_dop_operator_3.py for tasks to queue
[2024-05-30T06:49:19.736+0000] {logging_mixin.py:188} INFO - [2024-05-30T06:49:19.736+0000] {dagbag.py:545} INFO - Filling up the DagBag from /home/airflow/.local/lib/python3.12/site-packages/airflow/example_dags/example_branch_python_dop_operator_3.py
[2024-05-30T06:49:19.745+0000] {processor.py:840} INFO - DAG(s) 'example_branch_dop_operator_v3' retrieved from /home/airflow/.local/lib/python3.12/site-packages/airflow/example_dags/example_branch_python_dop_operator_3.py
[2024-05-30T06:49:19.764+0000] {logging_mixin.py:188} INFO - [2024-05-30T06:49:19.764+0000] {dag.py:3096} INFO - Sync 1 DAGs
[2024-05-30T06:49:19.790+0000] {logging_mixin.py:188} INFO - [2024-05-30T06:49:19.789+0000] {dag.py:3954} INFO - Setting next_dagrun for example_branch_dop_operator_v3 to 2024-05-30 06:48:00+00:00, run_after=2024-05-30 06:49:00+00:00
[2024-05-30T06:49:19.807+0000] {processor.py:183} INFO - Processing /home/airflow/.local/lib/python3.12/site-packages/airflow/example_dags/example_branch_python_dop_operator_3.py took 0.080 seconds
[2024-05-30T06:49:50.738+0000] {processor.py:161} INFO - Started process (PID=1114) to work on /home/airflow/.local/lib/python3.12/site-packages/airflow/example_dags/example_branch_python_dop_operator_3.py
[2024-05-30T06:49:50.739+0000] {processor.py:830} INFO - Processing file /home/airflow/.local/lib/python3.12/site-packages/airflow/example_dags/example_branch_python_dop_operator_3.py for tasks to queue
[2024-05-30T06:49:50.741+0000] {logging_mixin.py:188} INFO - [2024-05-30T06:49:50.740+0000] {dagbag.py:545} INFO - Filling up the DagBag from /home/airflow/.local/lib/python3.12/site-packages/airflow/example_dags/example_branch_python_dop_operator_3.py
[2024-05-30T06:49:50.749+0000] {processor.py:840} INFO - DAG(s) 'example_branch_dop_operator_v3' retrieved from /home/airflow/.local/lib/python3.12/site-packages/airflow/example_dags/example_branch_python_dop_operator_3.py
[2024-05-30T06:49:50.766+0000] {logging_mixin.py:188} INFO - [2024-05-30T06:49:50.766+0000] {dag.py:3096} INFO - Sync 1 DAGs
[2024-05-30T06:49:50.790+0000] {logging_mixin.py:188} INFO - [2024-05-30T06:49:50.790+0000] {dag.py:3954} INFO - Setting next_dagrun for example_branch_dop_operator_v3 to 2024-05-30 06:48:00+00:00, run_after=2024-05-30 06:49:00+00:00
[2024-05-30T06:49:50.807+0000] {processor.py:183} INFO - Processing /home/airflow/.local/lib/python3.12/site-packages/airflow/example_dags/example_branch_python_dop_operator_3.py took 0.074 seconds
[2024-05-30T06:50:21.345+0000] {processor.py:161} INFO - Started process (PID=1172) to work on /home/airflow/.local/lib/python3.12/site-packages/airflow/example_dags/example_branch_python_dop_operator_3.py
[2024-05-30T06:50:21.346+0000] {processor.py:830} INFO - Processing file /home/airflow/.local/lib/python3.12/site-packages/airflow/example_dags/example_branch_python_dop_operator_3.py for tasks to queue
[2024-05-30T06:50:21.347+0000] {logging_mixin.py:188} INFO - [2024-05-30T06:50:21.347+0000] {dagbag.py:545} INFO - Filling up the DagBag from /home/airflow/.local/lib/python3.12/site-packages/airflow/example_dags/example_branch_python_dop_operator_3.py
[2024-05-30T06:50:21.357+0000] {processor.py:840} INFO - DAG(s) 'example_branch_dop_operator_v3' retrieved from /home/airflow/.local/lib/python3.12/site-packages/airflow/example_dags/example_branch_python_dop_operator_3.py
[2024-05-30T06:50:21.377+0000] {logging_mixin.py:188} INFO - [2024-05-30T06:50:21.377+0000] {dag.py:3096} INFO - Sync 1 DAGs
[2024-05-30T06:50:21.402+0000] {logging_mixin.py:188} INFO - [2024-05-30T06:50:21.402+0000] {dag.py:3954} INFO - Setting next_dagrun for example_branch_dop_operator_v3 to 2024-05-30 06:49:00+00:00, run_after=2024-05-30 06:50:00+00:00
[2024-05-30T06:50:21.420+0000] {processor.py:183} INFO - Processing /home/airflow/.local/lib/python3.12/site-packages/airflow/example_dags/example_branch_python_dop_operator_3.py took 0.080 seconds
[2024-05-30T06:50:52.047+0000] {processor.py:161} INFO - Started process (PID=1230) to work on /home/airflow/.local/lib/python3.12/site-packages/airflow/example_dags/example_branch_python_dop_operator_3.py
[2024-05-30T06:50:52.048+0000] {processor.py:830} INFO - Processing file /home/airflow/.local/lib/python3.12/site-packages/airflow/example_dags/example_branch_python_dop_operator_3.py for tasks to queue
[2024-05-30T06:50:52.049+0000] {logging_mixin.py:188} INFO - [2024-05-30T06:50:52.049+0000] {dagbag.py:545} INFO - Filling up the DagBag from /home/airflow/.local/lib/python3.12/site-packages/airflow/example_dags/example_branch_python_dop_operator_3.py
[2024-05-30T06:50:52.057+0000] {processor.py:840} INFO - DAG(s) 'example_branch_dop_operator_v3' retrieved from /home/airflow/.local/lib/python3.12/site-packages/airflow/example_dags/example_branch_python_dop_operator_3.py
[2024-05-30T06:50:52.075+0000] {logging_mixin.py:188} INFO - [2024-05-30T06:50:52.075+0000] {dag.py:3096} INFO - Sync 1 DAGs
[2024-05-30T06:50:52.100+0000] {logging_mixin.py:188} INFO - [2024-05-30T06:50:52.099+0000] {dag.py:3954} INFO - Setting next_dagrun for example_branch_dop_operator_v3 to 2024-05-30 06:49:00+00:00, run_after=2024-05-30 06:50:00+00:00
[2024-05-30T06:50:52.145+0000] {processor.py:183} INFO - Processing /home/airflow/.local/lib/python3.12/site-packages/airflow/example_dags/example_branch_python_dop_operator_3.py took 0.104 seconds
[2024-05-30T06:51:22.927+0000] {processor.py:161} INFO - Started process (PID=1288) to work on /home/airflow/.local/lib/python3.12/site-packages/airflow/example_dags/example_branch_python_dop_operator_3.py
[2024-05-30T06:51:22.928+0000] {processor.py:830} INFO - Processing file /home/airflow/.local/lib/python3.12/site-packages/airflow/example_dags/example_branch_python_dop_operator_3.py for tasks to queue
[2024-05-30T06:51:22.930+0000] {logging_mixin.py:188} INFO - [2024-05-30T06:51:22.930+0000] {dagbag.py:545} INFO - Filling up the DagBag from /home/airflow/.local/lib/python3.12/site-packages/airflow/example_dags/example_branch_python_dop_operator_3.py
[2024-05-30T06:51:22.938+0000] {processor.py:840} INFO - DAG(s) 'example_branch_dop_operator_v3' retrieved from /home/airflow/.local/lib/python3.12/site-packages/airflow/example_dags/example_branch_python_dop_operator_3.py
[2024-05-30T06:51:22.956+0000] {logging_mixin.py:188} INFO - [2024-05-30T06:51:22.955+0000] {dag.py:3096} INFO - Sync 1 DAGs
[2024-05-30T06:51:22.980+0000] {logging_mixin.py:188} INFO - [2024-05-30T06:51:22.980+0000] {dag.py:3954} INFO - Setting next_dagrun for example_branch_dop_operator_v3 to 2024-05-30 06:50:00+00:00, run_after=2024-05-30 06:51:00+00:00
[2024-05-30T06:51:22.997+0000] {processor.py:183} INFO - Processing /home/airflow/.local/lib/python3.12/site-packages/airflow/example_dags/example_branch_python_dop_operator_3.py took 0.076 seconds
[2024-05-30T06:51:53.047+0000] {processor.py:161} INFO - Started process (PID=1346) to work on /home/airflow/.local/lib/python3.12/site-packages/airflow/example_dags/example_branch_python_dop_operator_3.py
[2024-05-30T06:51:53.047+0000] {processor.py:830} INFO - Processing file /home/airflow/.local/lib/python3.12/site-packages/airflow/example_dags/example_branch_python_dop_operator_3.py for tasks to queue
[2024-05-30T06:51:53.049+0000] {logging_mixin.py:188} INFO - [2024-05-30T06:51:53.049+0000] {dagbag.py:545} INFO - Filling up the DagBag from /home/airflow/.local/lib/python3.12/site-packages/airflow/example_dags/example_branch_python_dop_operator_3.py
[2024-05-30T06:51:53.058+0000] {processor.py:840} INFO - DAG(s) 'example_branch_dop_operator_v3' retrieved from /home/airflow/.local/lib/python3.12/site-packages/airflow/example_dags/example_branch_python_dop_operator_3.py
[2024-05-30T06:51:53.077+0000] {logging_mixin.py:188} INFO - [2024-05-30T06:51:53.077+0000] {dag.py:3096} INFO - Sync 1 DAGs
[2024-05-30T06:51:53.100+0000] {logging_mixin.py:188} INFO - [2024-05-30T06:51:53.100+0000] {dag.py:3954} INFO - Setting next_dagrun for example_branch_dop_operator_v3 to 2024-05-30 06:50:00+00:00, run_after=2024-05-30 06:51:00+00:00
[2024-05-30T06:51:53.118+0000] {processor.py:183} INFO - Processing /home/airflow/.local/lib/python3.12/site-packages/airflow/example_dags/example_branch_python_dop_operator_3.py took 0.077 seconds
[2024-05-30T06:52:23.988+0000] {processor.py:161} INFO - Started process (PID=1404) to work on /home/airflow/.local/lib/python3.12/site-packages/airflow/example_dags/example_branch_python_dop_operator_3.py
[2024-05-30T06:52:23.990+0000] {processor.py:830} INFO - Processing file /home/airflow/.local/lib/python3.12/site-packages/airflow/example_dags/example_branch_python_dop_operator_3.py for tasks to queue
[2024-05-30T06:52:23.992+0000] {logging_mixin.py:188} INFO - [2024-05-30T06:52:23.992+0000] {dagbag.py:545} INFO - Filling up the DagBag from /home/airflow/.local/lib/python3.12/site-packages/airflow/example_dags/example_branch_python_dop_operator_3.py
[2024-05-30T06:52:24.001+0000] {processor.py:840} INFO - DAG(s) 'example_branch_dop_operator_v3' retrieved from /home/airflow/.local/lib/python3.12/site-packages/airflow/example_dags/example_branch_python_dop_operator_3.py
[2024-05-30T06:52:24.023+0000] {logging_mixin.py:188} INFO - [2024-05-30T06:52:24.023+0000] {dag.py:3096} INFO - Sync 1 DAGs
[2024-05-30T06:52:24.051+0000] {logging_mixin.py:188} INFO - [2024-05-30T06:52:24.051+0000] {dag.py:3954} INFO - Setting next_dagrun for example_branch_dop_operator_v3 to 2024-05-30 06:51:00+00:00, run_after=2024-05-30 06:52:00+00:00
[2024-05-30T06:52:24.073+0000] {processor.py:183} INFO - Processing /home/airflow/.local/lib/python3.12/site-packages/airflow/example_dags/example_branch_python_dop_operator_3.py took 0.091 seconds
[2024-05-30T06:52:54.723+0000] {processor.py:161} INFO - Started process (PID=1462) to work on /home/airflow/.local/lib/python3.12/site-packages/airflow/example_dags/example_branch_python_dop_operator_3.py
[2024-05-30T06:52:54.723+0000] {processor.py:830} INFO - Processing file /home/airflow/.local/lib/python3.12/site-packages/airflow/example_dags/example_branch_python_dop_operator_3.py for tasks to queue
[2024-05-30T06:52:54.725+0000] {logging_mixin.py:188} INFO - [2024-05-30T06:52:54.725+0000] {dagbag.py:545} INFO - Filling up the DagBag from /home/airflow/.local/lib/python3.12/site-packages/airflow/example_dags/example_branch_python_dop_operator_3.py
[2024-05-30T06:52:54.733+0000] {processor.py:840} INFO - DAG(s) 'example_branch_dop_operator_v3' retrieved from /home/airflow/.local/lib/python3.12/site-packages/airflow/example_dags/example_branch_python_dop_operator_3.py
[2024-05-30T06:52:54.753+0000] {logging_mixin.py:188} INFO - [2024-05-30T06:52:54.753+0000] {dag.py:3096} INFO - Sync 1 DAGs
[2024-05-30T06:52:54.893+0000] {logging_mixin.py:188} INFO - [2024-05-30T06:52:54.893+0000] {dag.py:3954} INFO - Setting next_dagrun for example_branch_dop_operator_v3 to 2024-05-30 06:51:00+00:00, run_after=2024-05-30 06:52:00+00:00
[2024-05-30T06:52:54.956+0000] {processor.py:183} INFO - Processing /home/airflow/.local/lib/python3.12/site-packages/airflow/example_dags/example_branch_python_dop_operator_3.py took 0.239 seconds
[2024-05-30T06:53:25.191+0000] {processor.py:161} INFO - Started process (PID=1520) to work on /home/airflow/.local/lib/python3.12/site-packages/airflow/example_dags/example_branch_python_dop_operator_3.py
[2024-05-30T06:53:25.192+0000] {processor.py:830} INFO - Processing file /home/airflow/.local/lib/python3.12/site-packages/airflow/example_dags/example_branch_python_dop_operator_3.py for tasks to queue
[2024-05-30T06:53:25.193+0000] {logging_mixin.py:188} INFO - [2024-05-30T06:53:25.193+0000] {dagbag.py:545} INFO - Filling up the DagBag from /home/airflow/.local/lib/python3.12/site-packages/airflow/example_dags/example_branch_python_dop_operator_3.py
[2024-05-30T06:53:25.201+0000] {processor.py:840} INFO - DAG(s) 'example_branch_dop_operator_v3' retrieved from /home/airflow/.local/lib/python3.12/site-packages/airflow/example_dags/example_branch_python_dop_operator_3.py
[2024-05-30T06:53:25.220+0000] {logging_mixin.py:188} INFO - [2024-05-30T06:53:25.220+0000] {dag.py:3096} INFO - Sync 1 DAGs
[2024-05-30T06:53:25.356+0000] {logging_mixin.py:188} INFO - [2024-05-30T06:53:25.356+0000] {dag.py:3954} INFO - Setting next_dagrun for example_branch_dop_operator_v3 to 2024-05-30 06:52:00+00:00, run_after=2024-05-30 06:53:00+00:00
[2024-05-30T06:53:25.374+0000] {processor.py:183} INFO - Processing /home/airflow/.local/lib/python3.12/site-packages/airflow/example_dags/example_branch_python_dop_operator_3.py took 0.189 seconds
[2024-05-30T06:53:55.914+0000] {processor.py:161} INFO - Started process (PID=1578) to work on /home/airflow/.local/lib/python3.12/site-packages/airflow/example_dags/example_branch_python_dop_operator_3.py
[2024-05-30T06:53:55.915+0000] {processor.py:830} INFO - Processing file /home/airflow/.local/lib/python3.12/site-packages/airflow/example_dags/example_branch_python_dop_operator_3.py for tasks to queue
[2024-05-30T06:53:55.917+0000] {logging_mixin.py:188} INFO - [2024-05-30T06:53:55.916+0000] {dagbag.py:545} INFO - Filling up the DagBag from /home/airflow/.local/lib/python3.12/site-packages/airflow/example_dags/example_branch_python_dop_operator_3.py
[2024-05-30T06:53:55.925+0000] {processor.py:840} INFO - DAG(s) 'example_branch_dop_operator_v3' retrieved from /home/airflow/.local/lib/python3.12/site-packages/airflow/example_dags/example_branch_python_dop_operator_3.py
[2024-05-30T06:53:55.943+0000] {logging_mixin.py:188} INFO - [2024-05-30T06:53:55.942+0000] {dag.py:3096} INFO - Sync 1 DAGs
[2024-05-30T06:53:55.967+0000] {logging_mixin.py:188} INFO - [2024-05-30T06:53:55.967+0000] {dag.py:3954} INFO - Setting next_dagrun for example_branch_dop_operator_v3 to 2024-05-30 06:52:00+00:00, run_after=2024-05-30 06:53:00+00:00
[2024-05-30T06:53:55.983+0000] {processor.py:183} INFO - Processing /home/airflow/.local/lib/python3.12/site-packages/airflow/example_dags/example_branch_python_dop_operator_3.py took 0.075 seconds
[2024-05-30T06:54:27.013+0000] {processor.py:161} INFO - Started process (PID=1636) to work on /home/airflow/.local/lib/python3.12/site-packages/airflow/example_dags/example_branch_python_dop_operator_3.py
[2024-05-30T06:54:27.014+0000] {processor.py:830} INFO - Processing file /home/airflow/.local/lib/python3.12/site-packages/airflow/example_dags/example_branch_python_dop_operator_3.py for tasks to queue
[2024-05-30T06:54:27.017+0000] {logging_mixin.py:188} INFO - [2024-05-30T06:54:27.017+0000] {dagbag.py:545} INFO - Filling up the DagBag from /home/airflow/.local/lib/python3.12/site-packages/airflow/example_dags/example_branch_python_dop_operator_3.py
[2024-05-30T06:54:27.026+0000] {processor.py:840} INFO - DAG(s) 'example_branch_dop_operator_v3' retrieved from /home/airflow/.local/lib/python3.12/site-packages/airflow/example_dags/example_branch_python_dop_operator_3.py
[2024-05-30T06:54:27.049+0000] {logging_mixin.py:188} INFO - [2024-05-30T06:54:27.049+0000] {dag.py:3096} INFO - Sync 1 DAGs
[2024-05-30T06:54:27.083+0000] {logging_mixin.py:188} INFO - [2024-05-30T06:54:27.083+0000] {dag.py:3954} INFO - Setting next_dagrun for example_branch_dop_operator_v3 to 2024-05-30 06:53:00+00:00, run_after=2024-05-30 06:54:00+00:00
[2024-05-30T06:54:27.109+0000] {processor.py:183} INFO - Processing /home/airflow/.local/lib/python3.12/site-packages/airflow/example_dags/example_branch_python_dop_operator_3.py took 0.104 seconds
[2024-05-30T06:54:57.307+0000] {processor.py:161} INFO - Started process (PID=1694) to work on /home/airflow/.local/lib/python3.12/site-packages/airflow/example_dags/example_branch_python_dop_operator_3.py
[2024-05-30T06:54:57.308+0000] {processor.py:830} INFO - Processing file /home/airflow/.local/lib/python3.12/site-packages/airflow/example_dags/example_branch_python_dop_operator_3.py for tasks to queue
[2024-05-30T06:54:57.310+0000] {logging_mixin.py:188} INFO - [2024-05-30T06:54:57.309+0000] {dagbag.py:545} INFO - Filling up the DagBag from /home/airflow/.local/lib/python3.12/site-packages/airflow/example_dags/example_branch_python_dop_operator_3.py
[2024-05-30T06:54:57.319+0000] {processor.py:840} INFO - DAG(s) 'example_branch_dop_operator_v3' retrieved from /home/airflow/.local/lib/python3.12/site-packages/airflow/example_dags/example_branch_python_dop_operator_3.py
[2024-05-30T06:54:57.338+0000] {logging_mixin.py:188} INFO - [2024-05-30T06:54:57.338+0000] {dag.py:3096} INFO - Sync 1 DAGs
[2024-05-30T06:54:57.364+0000] {logging_mixin.py:188} INFO - [2024-05-30T06:54:57.364+0000] {dag.py:3954} INFO - Setting next_dagrun for example_branch_dop_operator_v3 to 2024-05-30 06:53:00+00:00, run_after=2024-05-30 06:54:00+00:00
[2024-05-30T06:54:57.381+0000] {processor.py:183} INFO - Processing /home/airflow/.local/lib/python3.12/site-packages/airflow/example_dags/example_branch_python_dop_operator_3.py took 0.080 seconds
[2024-05-30T06:55:27.491+0000] {processor.py:161} INFO - Started process (PID=1752) to work on /home/airflow/.local/lib/python3.12/site-packages/airflow/example_dags/example_branch_python_dop_operator_3.py
[2024-05-30T06:55:27.492+0000] {processor.py:830} INFO - Processing file /home/airflow/.local/lib/python3.12/site-packages/airflow/example_dags/example_branch_python_dop_operator_3.py for tasks to queue
[2024-05-30T06:55:27.494+0000] {logging_mixin.py:188} INFO - [2024-05-30T06:55:27.494+0000] {dagbag.py:545} INFO - Filling up the DagBag from /home/airflow/.local/lib/python3.12/site-packages/airflow/example_dags/example_branch_python_dop_operator_3.py
[2024-05-30T06:55:27.502+0000] {processor.py:840} INFO - DAG(s) 'example_branch_dop_operator_v3' retrieved from /home/airflow/.local/lib/python3.12/site-packages/airflow/example_dags/example_branch_python_dop_operator_3.py
[2024-05-30T06:55:27.519+0000] {logging_mixin.py:188} INFO - [2024-05-30T06:55:27.518+0000] {dag.py:3096} INFO - Sync 1 DAGs
[2024-05-30T06:55:27.542+0000] {logging_mixin.py:188} INFO - [2024-05-30T06:55:27.542+0000] {dag.py:3954} INFO - Setting next_dagrun for example_branch_dop_operator_v3 to 2024-05-30 06:54:00+00:00, run_after=2024-05-30 06:55:00+00:00
[2024-05-30T06:55:27.561+0000] {processor.py:183} INFO - Processing /home/airflow/.local/lib/python3.12/site-packages/airflow/example_dags/example_branch_python_dop_operator_3.py took 0.076 seconds
[2024-05-30T06:55:57.616+0000] {processor.py:161} INFO - Started process (PID=1810) to work on /home/airflow/.local/lib/python3.12/site-packages/airflow/example_dags/example_branch_python_dop_operator_3.py
[2024-05-30T06:55:57.617+0000] {processor.py:830} INFO - Processing file /home/airflow/.local/lib/python3.12/site-packages/airflow/example_dags/example_branch_python_dop_operator_3.py for tasks to queue
[2024-05-30T06:55:57.619+0000] {logging_mixin.py:188} INFO - [2024-05-30T06:55:57.618+0000] {dagbag.py:545} INFO - Filling up the DagBag from /home/airflow/.local/lib/python3.12/site-packages/airflow/example_dags/example_branch_python_dop_operator_3.py
[2024-05-30T06:55:57.627+0000] {processor.py:840} INFO - DAG(s) 'example_branch_dop_operator_v3' retrieved from /home/airflow/.local/lib/python3.12/site-packages/airflow/example_dags/example_branch_python_dop_operator_3.py
[2024-05-30T06:55:57.644+0000] {logging_mixin.py:188} INFO - [2024-05-30T06:55:57.643+0000] {dag.py:3096} INFO - Sync 1 DAGs
[2024-05-30T06:55:57.667+0000] {logging_mixin.py:188} INFO - [2024-05-30T06:55:57.667+0000] {dag.py:3954} INFO - Setting next_dagrun for example_branch_dop_operator_v3 to 2024-05-30 06:54:00+00:00, run_after=2024-05-30 06:55:00+00:00
[2024-05-30T06:55:57.683+0000] {processor.py:183} INFO - Processing /home/airflow/.local/lib/python3.12/site-packages/airflow/example_dags/example_branch_python_dop_operator_3.py took 0.072 seconds
[2024-05-30T06:56:27.759+0000] {processor.py:161} INFO - Started process (PID=1868) to work on /home/airflow/.local/lib/python3.12/site-packages/airflow/example_dags/example_branch_python_dop_operator_3.py
[2024-05-30T06:56:27.760+0000] {processor.py:830} INFO - Processing file /home/airflow/.local/lib/python3.12/site-packages/airflow/example_dags/example_branch_python_dop_operator_3.py for tasks to queue
[2024-05-30T06:56:27.762+0000] {logging_mixin.py:188} INFO - [2024-05-30T06:56:27.761+0000] {dagbag.py:545} INFO - Filling up the DagBag from /home/airflow/.local/lib/python3.12/site-packages/airflow/example_dags/example_branch_python_dop_operator_3.py
[2024-05-30T06:56:27.770+0000] {processor.py:840} INFO - DAG(s) 'example_branch_dop_operator_v3' retrieved from /home/airflow/.local/lib/python3.12/site-packages/airflow/example_dags/example_branch_python_dop_operator_3.py
[2024-05-30T06:56:27.786+0000] {logging_mixin.py:188} INFO - [2024-05-30T06:56:27.786+0000] {dag.py:3096} INFO - Sync 1 DAGs
[2024-05-30T06:56:27.810+0000] {logging_mixin.py:188} INFO - [2024-05-30T06:56:27.810+0000] {dag.py:3954} INFO - Setting next_dagrun for example_branch_dop_operator_v3 to 2024-05-30 06:55:00+00:00, run_after=2024-05-30 06:56:00+00:00
[2024-05-30T06:56:27.828+0000] {processor.py:183} INFO - Processing /home/airflow/.local/lib/python3.12/site-packages/airflow/example_dags/example_branch_python_dop_operator_3.py took 0.074 seconds
[2024-05-30T06:56:58.695+0000] {processor.py:161} INFO - Started process (PID=1926) to work on /home/airflow/.local/lib/python3.12/site-packages/airflow/example_dags/example_branch_python_dop_operator_3.py
[2024-05-30T06:56:58.696+0000] {processor.py:830} INFO - Processing file /home/airflow/.local/lib/python3.12/site-packages/airflow/example_dags/example_branch_python_dop_operator_3.py for tasks to queue
[2024-05-30T06:56:58.698+0000] {logging_mixin.py:188} INFO - [2024-05-30T06:56:58.698+0000] {dagbag.py:545} INFO - Filling up the DagBag from /home/airflow/.local/lib/python3.12/site-packages/airflow/example_dags/example_branch_python_dop_operator_3.py
[2024-05-30T06:56:58.706+0000] {processor.py:840} INFO - DAG(s) 'example_branch_dop_operator_v3' retrieved from /home/airflow/.local/lib/python3.12/site-packages/airflow/example_dags/example_branch_python_dop_operator_3.py
[2024-05-30T06:56:58.723+0000] {logging_mixin.py:188} INFO - [2024-05-30T06:56:58.723+0000] {dag.py:3096} INFO - Sync 1 DAGs
[2024-05-30T06:56:58.748+0000] {logging_mixin.py:188} INFO - [2024-05-30T06:56:58.748+0000] {dag.py:3954} INFO - Setting next_dagrun for example_branch_dop_operator_v3 to 2024-05-30 06:55:00+00:00, run_after=2024-05-30 06:56:00+00:00
[2024-05-30T06:56:58.766+0000] {processor.py:183} INFO - Processing /home/airflow/.local/lib/python3.12/site-packages/airflow/example_dags/example_branch_python_dop_operator_3.py took 0.076 seconds
[2024-05-30T06:57:29.292+0000] {processor.py:161} INFO - Started process (PID=1984) to work on /home/airflow/.local/lib/python3.12/site-packages/airflow/example_dags/example_branch_python_dop_operator_3.py
[2024-05-30T06:57:29.293+0000] {processor.py:830} INFO - Processing file /home/airflow/.local/lib/python3.12/site-packages/airflow/example_dags/example_branch_python_dop_operator_3.py for tasks to queue
[2024-05-30T06:57:29.295+0000] {logging_mixin.py:188} INFO - [2024-05-30T06:57:29.295+0000] {dagbag.py:545} INFO - Filling up the DagBag from /home/airflow/.local/lib/python3.12/site-packages/airflow/example_dags/example_branch_python_dop_operator_3.py
[2024-05-30T06:57:29.303+0000] {processor.py:840} INFO - DAG(s) 'example_branch_dop_operator_v3' retrieved from /home/airflow/.local/lib/python3.12/site-packages/airflow/example_dags/example_branch_python_dop_operator_3.py
[2024-05-30T06:57:29.322+0000] {logging_mixin.py:188} INFO - [2024-05-30T06:57:29.322+0000] {dag.py:3096} INFO - Sync 1 DAGs
[2024-05-30T06:57:29.346+0000] {logging_mixin.py:188} INFO - [2024-05-30T06:57:29.346+0000] {dag.py:3954} INFO - Setting next_dagrun for example_branch_dop_operator_v3 to 2024-05-30 06:56:00+00:00, run_after=2024-05-30 06:57:00+00:00
[2024-05-30T06:57:29.364+0000] {processor.py:183} INFO - Processing /home/airflow/.local/lib/python3.12/site-packages/airflow/example_dags/example_branch_python_dop_operator_3.py took 0.077 seconds
[2024-05-30T06:57:59.809+0000] {processor.py:161} INFO - Started process (PID=2042) to work on /home/airflow/.local/lib/python3.12/site-packages/airflow/example_dags/example_branch_python_dop_operator_3.py
[2024-05-30T06:57:59.810+0000] {processor.py:830} INFO - Processing file /home/airflow/.local/lib/python3.12/site-packages/airflow/example_dags/example_branch_python_dop_operator_3.py for tasks to queue
[2024-05-30T06:57:59.812+0000] {logging_mixin.py:188} INFO - [2024-05-30T06:57:59.812+0000] {dagbag.py:545} INFO - Filling up the DagBag from /home/airflow/.local/lib/python3.12/site-packages/airflow/example_dags/example_branch_python_dop_operator_3.py
[2024-05-30T06:57:59.819+0000] {processor.py:840} INFO - DAG(s) 'example_branch_dop_operator_v3' retrieved from /home/airflow/.local/lib/python3.12/site-packages/airflow/example_dags/example_branch_python_dop_operator_3.py
[2024-05-30T06:57:59.838+0000] {logging_mixin.py:188} INFO - [2024-05-30T06:57:59.837+0000] {dag.py:3096} INFO - Sync 1 DAGs
[2024-05-30T06:57:59.862+0000] {logging_mixin.py:188} INFO - [2024-05-30T06:57:59.862+0000] {dag.py:3954} INFO - Setting next_dagrun for example_branch_dop_operator_v3 to 2024-05-30 06:56:00+00:00, run_after=2024-05-30 06:57:00+00:00
[2024-05-30T06:57:59.879+0000] {processor.py:183} INFO - Processing /home/airflow/.local/lib/python3.12/site-packages/airflow/example_dags/example_branch_python_dop_operator_3.py took 0.075 seconds
[2024-05-30T06:58:30.532+0000] {processor.py:161} INFO - Started process (PID=2100) to work on /home/airflow/.local/lib/python3.12/site-packages/airflow/example_dags/example_branch_python_dop_operator_3.py
[2024-05-30T06:58:30.533+0000] {processor.py:830} INFO - Processing file /home/airflow/.local/lib/python3.12/site-packages/airflow/example_dags/example_branch_python_dop_operator_3.py for tasks to queue
[2024-05-30T06:58:30.535+0000] {logging_mixin.py:188} INFO - [2024-05-30T06:58:30.534+0000] {dagbag.py:545} INFO - Filling up the DagBag from /home/airflow/.local/lib/python3.12/site-packages/airflow/example_dags/example_branch_python_dop_operator_3.py
[2024-05-30T06:58:30.543+0000] {processor.py:840} INFO - DAG(s) 'example_branch_dop_operator_v3' retrieved from /home/airflow/.local/lib/python3.12/site-packages/airflow/example_dags/example_branch_python_dop_operator_3.py
[2024-05-30T06:58:30.563+0000] {logging_mixin.py:188} INFO - [2024-05-30T06:58:30.562+0000] {dag.py:3096} INFO - Sync 1 DAGs
[2024-05-30T06:58:30.590+0000] {logging_mixin.py:188} INFO - [2024-05-30T06:58:30.590+0000] {dag.py:3954} INFO - Setting next_dagrun for example_branch_dop_operator_v3 to 2024-05-30 06:57:00+00:00, run_after=2024-05-30 06:58:00+00:00
[2024-05-30T06:58:30.612+0000] {processor.py:183} INFO - Processing /home/airflow/.local/lib/python3.12/site-packages/airflow/example_dags/example_branch_python_dop_operator_3.py took 0.085 seconds
[2024-05-30T06:59:01.115+0000] {processor.py:161} INFO - Started process (PID=2158) to work on /home/airflow/.local/lib/python3.12/site-packages/airflow/example_dags/example_branch_python_dop_operator_3.py
[2024-05-30T06:59:01.116+0000] {processor.py:830} INFO - Processing file /home/airflow/.local/lib/python3.12/site-packages/airflow/example_dags/example_branch_python_dop_operator_3.py for tasks to queue
[2024-05-30T06:59:01.118+0000] {logging_mixin.py:188} INFO - [2024-05-30T06:59:01.117+0000] {dagbag.py:545} INFO - Filling up the DagBag from /home/airflow/.local/lib/python3.12/site-packages/airflow/example_dags/example_branch_python_dop_operator_3.py
[2024-05-30T06:59:01.125+0000] {processor.py:840} INFO - DAG(s) 'example_branch_dop_operator_v3' retrieved from /home/airflow/.local/lib/python3.12/site-packages/airflow/example_dags/example_branch_python_dop_operator_3.py
[2024-05-30T06:59:01.143+0000] {logging_mixin.py:188} INFO - [2024-05-30T06:59:01.143+0000] {dag.py:3096} INFO - Sync 1 DAGs
[2024-05-30T06:59:01.168+0000] {logging_mixin.py:188} INFO - [2024-05-30T06:59:01.167+0000] {dag.py:3954} INFO - Setting next_dagrun for example_branch_dop_operator_v3 to 2024-05-30 06:58:00+00:00, run_after=2024-05-30 06:59:00+00:00
[2024-05-30T06:59:01.185+0000] {processor.py:183} INFO - Processing /home/airflow/.local/lib/python3.12/site-packages/airflow/example_dags/example_branch_python_dop_operator_3.py took 0.076 seconds
[2024-05-30T06:59:31.553+0000] {processor.py:161} INFO - Started process (PID=2216) to work on /home/airflow/.local/lib/python3.12/site-packages/airflow/example_dags/example_branch_python_dop_operator_3.py
[2024-05-30T06:59:31.554+0000] {processor.py:830} INFO - Processing file /home/airflow/.local/lib/python3.12/site-packages/airflow/example_dags/example_branch_python_dop_operator_3.py for tasks to queue
[2024-05-30T06:59:31.555+0000] {logging_mixin.py:188} INFO - [2024-05-30T06:59:31.555+0000] {dagbag.py:545} INFO - Filling up the DagBag from /home/airflow/.local/lib/python3.12/site-packages/airflow/example_dags/example_branch_python_dop_operator_3.py
[2024-05-30T06:59:31.563+0000] {processor.py:840} INFO - DAG(s) 'example_branch_dop_operator_v3' retrieved from /home/airflow/.local/lib/python3.12/site-packages/airflow/example_dags/example_branch_python_dop_operator_3.py
[2024-05-30T06:59:31.583+0000] {logging_mixin.py:188} INFO - [2024-05-30T06:59:31.583+0000] {dag.py:3096} INFO - Sync 1 DAGs
[2024-05-30T06:59:31.608+0000] {logging_mixin.py:188} INFO - [2024-05-30T06:59:31.608+0000] {dag.py:3954} INFO - Setting next_dagrun for example_branch_dop_operator_v3 to 2024-05-30 06:58:00+00:00, run_after=2024-05-30 06:59:00+00:00
[2024-05-30T06:59:31.625+0000] {processor.py:183} INFO - Processing /home/airflow/.local/lib/python3.12/site-packages/airflow/example_dags/example_branch_python_dop_operator_3.py took 0.078 seconds
[2024-05-30T07:00:02.012+0000] {processor.py:161} INFO - Started process (PID=2274) to work on /home/airflow/.local/lib/python3.12/site-packages/airflow/example_dags/example_branch_python_dop_operator_3.py
[2024-05-30T07:00:02.013+0000] {processor.py:830} INFO - Processing file /home/airflow/.local/lib/python3.12/site-packages/airflow/example_dags/example_branch_python_dop_operator_3.py for tasks to queue
[2024-05-30T07:00:02.014+0000] {logging_mixin.py:188} INFO - [2024-05-30T07:00:02.014+0000] {dagbag.py:545} INFO - Filling up the DagBag from /home/airflow/.local/lib/python3.12/site-packages/airflow/example_dags/example_branch_python_dop_operator_3.py
[2024-05-30T07:00:02.022+0000] {processor.py:840} INFO - DAG(s) 'example_branch_dop_operator_v3' retrieved from /home/airflow/.local/lib/python3.12/site-packages/airflow/example_dags/example_branch_python_dop_operator_3.py
[2024-05-30T07:00:02.040+0000] {logging_mixin.py:188} INFO - [2024-05-30T07:00:02.039+0000] {dag.py:3096} INFO - Sync 1 DAGs
[2024-05-30T07:00:02.066+0000] {logging_mixin.py:188} INFO - [2024-05-30T07:00:02.066+0000] {dag.py:3954} INFO - Setting next_dagrun for example_branch_dop_operator_v3 to 2024-05-30 06:59:00+00:00, run_after=2024-05-30 07:00:00+00:00
[2024-05-30T07:00:02.083+0000] {processor.py:183} INFO - Processing /home/airflow/.local/lib/python3.12/site-packages/airflow/example_dags/example_branch_python_dop_operator_3.py took 0.077 seconds
[2024-05-30T07:00:32.687+0000] {processor.py:161} INFO - Started process (PID=2332) to work on /home/airflow/.local/lib/python3.12/site-packages/airflow/example_dags/example_branch_python_dop_operator_3.py
[2024-05-30T07:00:32.688+0000] {processor.py:830} INFO - Processing file /home/airflow/.local/lib/python3.12/site-packages/airflow/example_dags/example_branch_python_dop_operator_3.py for tasks to queue
[2024-05-30T07:00:32.689+0000] {logging_mixin.py:188} INFO - [2024-05-30T07:00:32.689+0000] {dagbag.py:545} INFO - Filling up the DagBag from /home/airflow/.local/lib/python3.12/site-packages/airflow/example_dags/example_branch_python_dop_operator_3.py
[2024-05-30T07:00:32.697+0000] {processor.py:840} INFO - DAG(s) 'example_branch_dop_operator_v3' retrieved from /home/airflow/.local/lib/python3.12/site-packages/airflow/example_dags/example_branch_python_dop_operator_3.py
[2024-05-30T07:00:32.715+0000] {logging_mixin.py:188} INFO - [2024-05-30T07:00:32.714+0000] {dag.py:3096} INFO - Sync 1 DAGs
[2024-05-30T07:00:32.738+0000] {logging_mixin.py:188} INFO - [2024-05-30T07:00:32.738+0000] {dag.py:3954} INFO - Setting next_dagrun for example_branch_dop_operator_v3 to 2024-05-30 06:59:00+00:00, run_after=2024-05-30 07:00:00+00:00
[2024-05-30T07:00:32.755+0000] {processor.py:183} INFO - Processing /home/airflow/.local/lib/python3.12/site-packages/airflow/example_dags/example_branch_python_dop_operator_3.py took 0.074 seconds
[2024-05-30T07:01:03.198+0000] {processor.py:161} INFO - Started process (PID=2390) to work on /home/airflow/.local/lib/python3.12/site-packages/airflow/example_dags/example_branch_python_dop_operator_3.py
[2024-05-30T07:01:03.198+0000] {processor.py:830} INFO - Processing file /home/airflow/.local/lib/python3.12/site-packages/airflow/example_dags/example_branch_python_dop_operator_3.py for tasks to queue
[2024-05-30T07:01:03.200+0000] {logging_mixin.py:188} INFO - [2024-05-30T07:01:03.200+0000] {dagbag.py:545} INFO - Filling up the DagBag from /home/airflow/.local/lib/python3.12/site-packages/airflow/example_dags/example_branch_python_dop_operator_3.py
[2024-05-30T07:01:03.208+0000] {processor.py:840} INFO - DAG(s) 'example_branch_dop_operator_v3' retrieved from /home/airflow/.local/lib/python3.12/site-packages/airflow/example_dags/example_branch_python_dop_operator_3.py
[2024-05-30T07:01:03.225+0000] {logging_mixin.py:188} INFO - [2024-05-30T07:01:03.225+0000] {dag.py:3096} INFO - Sync 1 DAGs
[2024-05-30T07:01:03.250+0000] {logging_mixin.py:188} INFO - [2024-05-30T07:01:03.250+0000] {dag.py:3954} INFO - Setting next_dagrun for example_branch_dop_operator_v3 to 2024-05-30 07:00:00+00:00, run_after=2024-05-30 07:01:00+00:00
[2024-05-30T07:01:03.266+0000] {processor.py:183} INFO - Processing /home/airflow/.local/lib/python3.12/site-packages/airflow/example_dags/example_branch_python_dop_operator_3.py took 0.074 seconds
