[2024-05-30T06:40:41.316+0000] {processor.py:161} INFO - Started process (PID=71) to work on /home/airflow/.local/lib/python3.12/site-packages/airflow/example_dags/example_skip_dag.py
[2024-05-30T06:40:41.317+0000] {processor.py:830} INFO - Processing file /home/airflow/.local/lib/python3.12/site-packages/airflow/example_dags/example_skip_dag.py for tasks to queue
[2024-05-30T06:40:41.319+0000] {logging_mixin.py:188} INFO - [2024-05-30T06:40:41.318+0000] {dagbag.py:545} INFO - Filling up the DagBag from /home/airflow/.local/lib/python3.12/site-packages/airflow/example_dags/example_skip_dag.py
[2024-05-30T06:40:41.325+0000] {processor.py:840} INFO - DAG(s) 'example_skip_dag' retrieved from /home/airflow/.local/lib/python3.12/site-packages/airflow/example_dags/example_skip_dag.py
[2024-05-30T06:40:41.339+0000] {logging_mixin.py:188} INFO - [2024-05-30T06:40:41.339+0000] {dag.py:3096} INFO - Sync 1 DAGs
[2024-05-30T06:40:41.365+0000] {logging_mixin.py:188} INFO - [2024-05-30T06:40:41.365+0000] {dag.py:3954} INFO - Setting next_dagrun for example_skip_dag to 2024-05-29 00:00:00+00:00, run_after=2024-05-30 00:00:00+00:00
[2024-05-30T06:40:41.383+0000] {processor.py:183} INFO - Processing /home/airflow/.local/lib/python3.12/site-packages/airflow/example_dags/example_skip_dag.py took 0.072 seconds
[2024-05-30T06:41:13.840+0000] {processor.py:161} INFO - Started process (PID=129) to work on /home/airflow/.local/lib/python3.12/site-packages/airflow/example_dags/example_skip_dag.py
[2024-05-30T06:41:13.841+0000] {processor.py:830} INFO - Processing file /home/airflow/.local/lib/python3.12/site-packages/airflow/example_dags/example_skip_dag.py for tasks to queue
[2024-05-30T06:41:13.843+0000] {logging_mixin.py:188} INFO - [2024-05-30T06:41:13.843+0000] {dagbag.py:545} INFO - Filling up the DagBag from /home/airflow/.local/lib/python3.12/site-packages/airflow/example_dags/example_skip_dag.py
[2024-05-30T06:41:13.851+0000] {processor.py:840} INFO - DAG(s) 'example_skip_dag' retrieved from /home/airflow/.local/lib/python3.12/site-packages/airflow/example_dags/example_skip_dag.py
[2024-05-30T06:41:13.974+0000] {logging_mixin.py:188} INFO - [2024-05-30T06:41:13.974+0000] {dag.py:3096} INFO - Sync 1 DAGs
[2024-05-30T06:41:14.000+0000] {logging_mixin.py:188} INFO - [2024-05-30T06:41:14.000+0000] {dag.py:3954} INFO - Setting next_dagrun for example_skip_dag to 2024-05-29 00:00:00+00:00, run_after=2024-05-30 00:00:00+00:00
[2024-05-30T06:41:14.024+0000] {processor.py:183} INFO - Processing /home/airflow/.local/lib/python3.12/site-packages/airflow/example_dags/example_skip_dag.py took 0.189 seconds
[2024-05-30T06:41:44.374+0000] {processor.py:161} INFO - Started process (PID=187) to work on /home/airflow/.local/lib/python3.12/site-packages/airflow/example_dags/example_skip_dag.py
[2024-05-30T06:41:44.375+0000] {processor.py:830} INFO - Processing file /home/airflow/.local/lib/python3.12/site-packages/airflow/example_dags/example_skip_dag.py for tasks to queue
[2024-05-30T06:41:44.377+0000] {logging_mixin.py:188} INFO - [2024-05-30T06:41:44.377+0000] {dagbag.py:545} INFO - Filling up the DagBag from /home/airflow/.local/lib/python3.12/site-packages/airflow/example_dags/example_skip_dag.py
[2024-05-30T06:41:44.386+0000] {processor.py:840} INFO - DAG(s) 'example_skip_dag' retrieved from /home/airflow/.local/lib/python3.12/site-packages/airflow/example_dags/example_skip_dag.py
[2024-05-30T06:41:44.405+0000] {logging_mixin.py:188} INFO - [2024-05-30T06:41:44.405+0000] {dag.py:3096} INFO - Sync 1 DAGs
[2024-05-30T06:41:44.427+0000] {logging_mixin.py:188} INFO - [2024-05-30T06:41:44.427+0000] {dag.py:3954} INFO - Setting next_dagrun for example_skip_dag to 2024-05-29 00:00:00+00:00, run_after=2024-05-30 00:00:00+00:00
[2024-05-30T06:41:44.445+0000] {processor.py:183} INFO - Processing /home/airflow/.local/lib/python3.12/site-packages/airflow/example_dags/example_skip_dag.py took 0.078 seconds
[2024-05-30T06:42:15.051+0000] {processor.py:161} INFO - Started process (PID=245) to work on /home/airflow/.local/lib/python3.12/site-packages/airflow/example_dags/example_skip_dag.py
[2024-05-30T06:42:15.052+0000] {processor.py:830} INFO - Processing file /home/airflow/.local/lib/python3.12/site-packages/airflow/example_dags/example_skip_dag.py for tasks to queue
[2024-05-30T06:42:15.054+0000] {logging_mixin.py:188} INFO - [2024-05-30T06:42:15.053+0000] {dagbag.py:545} INFO - Filling up the DagBag from /home/airflow/.local/lib/python3.12/site-packages/airflow/example_dags/example_skip_dag.py
[2024-05-30T06:42:15.059+0000] {processor.py:840} INFO - DAG(s) 'example_skip_dag' retrieved from /home/airflow/.local/lib/python3.12/site-packages/airflow/example_dags/example_skip_dag.py
[2024-05-30T06:42:15.080+0000] {logging_mixin.py:188} INFO - [2024-05-30T06:42:15.079+0000] {dag.py:3096} INFO - Sync 1 DAGs
[2024-05-30T06:42:15.101+0000] {logging_mixin.py:188} INFO - [2024-05-30T06:42:15.101+0000] {dag.py:3954} INFO - Setting next_dagrun for example_skip_dag to 2024-05-29 00:00:00+00:00, run_after=2024-05-30 00:00:00+00:00
[2024-05-30T06:42:15.122+0000] {processor.py:183} INFO - Processing /home/airflow/.local/lib/python3.12/site-packages/airflow/example_dags/example_skip_dag.py took 0.077 seconds
[2024-05-30T06:42:45.484+0000] {processor.py:161} INFO - Started process (PID=303) to work on /home/airflow/.local/lib/python3.12/site-packages/airflow/example_dags/example_skip_dag.py
[2024-05-30T06:42:45.485+0000] {processor.py:830} INFO - Processing file /home/airflow/.local/lib/python3.12/site-packages/airflow/example_dags/example_skip_dag.py for tasks to queue
[2024-05-30T06:42:45.486+0000] {logging_mixin.py:188} INFO - [2024-05-30T06:42:45.486+0000] {dagbag.py:545} INFO - Filling up the DagBag from /home/airflow/.local/lib/python3.12/site-packages/airflow/example_dags/example_skip_dag.py
[2024-05-30T06:42:45.492+0000] {processor.py:840} INFO - DAG(s) 'example_skip_dag' retrieved from /home/airflow/.local/lib/python3.12/site-packages/airflow/example_dags/example_skip_dag.py
[2024-05-30T06:42:45.513+0000] {logging_mixin.py:188} INFO - [2024-05-30T06:42:45.512+0000] {dag.py:3096} INFO - Sync 1 DAGs
[2024-05-30T06:42:45.534+0000] {logging_mixin.py:188} INFO - [2024-05-30T06:42:45.534+0000] {dag.py:3954} INFO - Setting next_dagrun for example_skip_dag to 2024-05-29 00:00:00+00:00, run_after=2024-05-30 00:00:00+00:00
[2024-05-30T06:42:45.552+0000] {processor.py:183} INFO - Processing /home/airflow/.local/lib/python3.12/site-packages/airflow/example_dags/example_skip_dag.py took 0.074 seconds
[2024-05-30T06:43:15.782+0000] {processor.py:161} INFO - Started process (PID=361) to work on /home/airflow/.local/lib/python3.12/site-packages/airflow/example_dags/example_skip_dag.py
[2024-05-30T06:43:15.783+0000] {processor.py:830} INFO - Processing file /home/airflow/.local/lib/python3.12/site-packages/airflow/example_dags/example_skip_dag.py for tasks to queue
[2024-05-30T06:43:15.784+0000] {logging_mixin.py:188} INFO - [2024-05-30T06:43:15.784+0000] {dagbag.py:545} INFO - Filling up the DagBag from /home/airflow/.local/lib/python3.12/site-packages/airflow/example_dags/example_skip_dag.py
[2024-05-30T06:43:15.790+0000] {processor.py:840} INFO - DAG(s) 'example_skip_dag' retrieved from /home/airflow/.local/lib/python3.12/site-packages/airflow/example_dags/example_skip_dag.py
[2024-05-30T06:43:15.809+0000] {logging_mixin.py:188} INFO - [2024-05-30T06:43:15.809+0000] {dag.py:3096} INFO - Sync 1 DAGs
[2024-05-30T06:43:15.830+0000] {logging_mixin.py:188} INFO - [2024-05-30T06:43:15.830+0000] {dag.py:3954} INFO - Setting next_dagrun for example_skip_dag to 2024-05-29 00:00:00+00:00, run_after=2024-05-30 00:00:00+00:00
[2024-05-30T06:43:15.850+0000] {processor.py:183} INFO - Processing /home/airflow/.local/lib/python3.12/site-packages/airflow/example_dags/example_skip_dag.py took 0.074 seconds
[2024-05-30T06:43:46.777+0000] {processor.py:161} INFO - Started process (PID=419) to work on /home/airflow/.local/lib/python3.12/site-packages/airflow/example_dags/example_skip_dag.py
[2024-05-30T06:43:46.778+0000] {processor.py:830} INFO - Processing file /home/airflow/.local/lib/python3.12/site-packages/airflow/example_dags/example_skip_dag.py for tasks to queue
[2024-05-30T06:43:46.780+0000] {logging_mixin.py:188} INFO - [2024-05-30T06:43:46.779+0000] {dagbag.py:545} INFO - Filling up the DagBag from /home/airflow/.local/lib/python3.12/site-packages/airflow/example_dags/example_skip_dag.py
[2024-05-30T06:43:46.786+0000] {processor.py:840} INFO - DAG(s) 'example_skip_dag' retrieved from /home/airflow/.local/lib/python3.12/site-packages/airflow/example_dags/example_skip_dag.py
[2024-05-30T06:43:46.804+0000] {logging_mixin.py:188} INFO - [2024-05-30T06:43:46.804+0000] {dag.py:3096} INFO - Sync 1 DAGs
[2024-05-30T06:43:46.827+0000] {logging_mixin.py:188} INFO - [2024-05-30T06:43:46.827+0000] {dag.py:3954} INFO - Setting next_dagrun for example_skip_dag to 2024-05-29 00:00:00+00:00, run_after=2024-05-30 00:00:00+00:00
[2024-05-30T06:43:46.846+0000] {processor.py:183} INFO - Processing /home/airflow/.local/lib/python3.12/site-packages/airflow/example_dags/example_skip_dag.py took 0.074 seconds
[2024-05-30T06:44:17.631+0000] {processor.py:161} INFO - Started process (PID=483) to work on /home/airflow/.local/lib/python3.12/site-packages/airflow/example_dags/example_skip_dag.py
[2024-05-30T06:44:17.632+0000] {processor.py:830} INFO - Processing file /home/airflow/.local/lib/python3.12/site-packages/airflow/example_dags/example_skip_dag.py for tasks to queue
[2024-05-30T06:44:17.634+0000] {logging_mixin.py:188} INFO - [2024-05-30T06:44:17.633+0000] {dagbag.py:545} INFO - Filling up the DagBag from /home/airflow/.local/lib/python3.12/site-packages/airflow/example_dags/example_skip_dag.py
[2024-05-30T06:44:17.642+0000] {processor.py:840} INFO - DAG(s) 'example_skip_dag' retrieved from /home/airflow/.local/lib/python3.12/site-packages/airflow/example_dags/example_skip_dag.py
[2024-05-30T06:44:17.668+0000] {logging_mixin.py:188} INFO - [2024-05-30T06:44:17.667+0000] {dag.py:3096} INFO - Sync 1 DAGs
[2024-05-30T06:44:17.689+0000] {logging_mixin.py:188} INFO - [2024-05-30T06:44:17.689+0000] {dag.py:3954} INFO - Setting next_dagrun for example_skip_dag to 2024-05-29 00:00:00+00:00, run_after=2024-05-30 00:00:00+00:00
[2024-05-30T06:44:17.709+0000] {processor.py:183} INFO - Processing /home/airflow/.local/lib/python3.12/site-packages/airflow/example_dags/example_skip_dag.py took 0.083 seconds
[2024-05-30T06:44:47.820+0000] {processor.py:161} INFO - Started process (PID=541) to work on /home/airflow/.local/lib/python3.12/site-packages/airflow/example_dags/example_skip_dag.py
[2024-05-30T06:44:47.821+0000] {processor.py:830} INFO - Processing file /home/airflow/.local/lib/python3.12/site-packages/airflow/example_dags/example_skip_dag.py for tasks to queue
[2024-05-30T06:44:47.823+0000] {logging_mixin.py:188} INFO - [2024-05-30T06:44:47.822+0000] {dagbag.py:545} INFO - Filling up the DagBag from /home/airflow/.local/lib/python3.12/site-packages/airflow/example_dags/example_skip_dag.py
[2024-05-30T06:44:47.829+0000] {processor.py:840} INFO - DAG(s) 'example_skip_dag' retrieved from /home/airflow/.local/lib/python3.12/site-packages/airflow/example_dags/example_skip_dag.py
[2024-05-30T06:44:47.847+0000] {logging_mixin.py:188} INFO - [2024-05-30T06:44:47.846+0000] {dag.py:3096} INFO - Sync 1 DAGs
[2024-05-30T06:44:47.867+0000] {logging_mixin.py:188} INFO - [2024-05-30T06:44:47.866+0000] {dag.py:3954} INFO - Setting next_dagrun for example_skip_dag to 2024-05-29 00:00:00+00:00, run_after=2024-05-30 00:00:00+00:00
[2024-05-30T06:44:47.883+0000] {processor.py:183} INFO - Processing /home/airflow/.local/lib/python3.12/site-packages/airflow/example_dags/example_skip_dag.py took 0.068 seconds
[2024-05-30T06:45:17.927+0000] {processor.py:161} INFO - Started process (PID=598) to work on /home/airflow/.local/lib/python3.12/site-packages/airflow/example_dags/example_skip_dag.py
[2024-05-30T06:45:17.928+0000] {processor.py:830} INFO - Processing file /home/airflow/.local/lib/python3.12/site-packages/airflow/example_dags/example_skip_dag.py for tasks to queue
[2024-05-30T06:45:17.929+0000] {logging_mixin.py:188} INFO - [2024-05-30T06:45:17.929+0000] {dagbag.py:545} INFO - Filling up the DagBag from /home/airflow/.local/lib/python3.12/site-packages/airflow/example_dags/example_skip_dag.py
[2024-05-30T06:45:17.935+0000] {processor.py:840} INFO - DAG(s) 'example_skip_dag' retrieved from /home/airflow/.local/lib/python3.12/site-packages/airflow/example_dags/example_skip_dag.py
[2024-05-30T06:45:17.955+0000] {logging_mixin.py:188} INFO - [2024-05-30T06:45:17.955+0000] {dag.py:3096} INFO - Sync 1 DAGs
[2024-05-30T06:45:17.976+0000] {logging_mixin.py:188} INFO - [2024-05-30T06:45:17.975+0000] {dag.py:3954} INFO - Setting next_dagrun for example_skip_dag to 2024-05-29 00:00:00+00:00, run_after=2024-05-30 00:00:00+00:00
[2024-05-30T06:45:17.994+0000] {processor.py:183} INFO - Processing /home/airflow/.local/lib/python3.12/site-packages/airflow/example_dags/example_skip_dag.py took 0.072 seconds
[2024-05-30T06:45:48.357+0000] {processor.py:161} INFO - Started process (PID=656) to work on /home/airflow/.local/lib/python3.12/site-packages/airflow/example_dags/example_skip_dag.py
[2024-05-30T06:45:48.359+0000] {processor.py:830} INFO - Processing file /home/airflow/.local/lib/python3.12/site-packages/airflow/example_dags/example_skip_dag.py for tasks to queue
[2024-05-30T06:45:48.361+0000] {logging_mixin.py:188} INFO - [2024-05-30T06:45:48.361+0000] {dagbag.py:545} INFO - Filling up the DagBag from /home/airflow/.local/lib/python3.12/site-packages/airflow/example_dags/example_skip_dag.py
[2024-05-30T06:45:48.371+0000] {processor.py:840} INFO - DAG(s) 'example_skip_dag' retrieved from /home/airflow/.local/lib/python3.12/site-packages/airflow/example_dags/example_skip_dag.py
[2024-05-30T06:45:48.401+0000] {logging_mixin.py:188} INFO - [2024-05-30T06:45:48.401+0000] {dag.py:3096} INFO - Sync 1 DAGs
[2024-05-30T06:45:48.428+0000] {logging_mixin.py:188} INFO - [2024-05-30T06:45:48.427+0000] {dag.py:3954} INFO - Setting next_dagrun for example_skip_dag to 2024-05-29 00:00:00+00:00, run_after=2024-05-30 00:00:00+00:00
[2024-05-30T06:45:48.448+0000] {processor.py:183} INFO - Processing /home/airflow/.local/lib/python3.12/site-packages/airflow/example_dags/example_skip_dag.py took 0.099 seconds
[2024-05-30T06:46:18.533+0000] {processor.py:161} INFO - Started process (PID=714) to work on /home/airflow/.local/lib/python3.12/site-packages/airflow/example_dags/example_skip_dag.py
[2024-05-30T06:46:18.534+0000] {processor.py:830} INFO - Processing file /home/airflow/.local/lib/python3.12/site-packages/airflow/example_dags/example_skip_dag.py for tasks to queue
[2024-05-30T06:46:18.535+0000] {logging_mixin.py:188} INFO - [2024-05-30T06:46:18.535+0000] {dagbag.py:545} INFO - Filling up the DagBag from /home/airflow/.local/lib/python3.12/site-packages/airflow/example_dags/example_skip_dag.py
[2024-05-30T06:46:18.541+0000] {processor.py:840} INFO - DAG(s) 'example_skip_dag' retrieved from /home/airflow/.local/lib/python3.12/site-packages/airflow/example_dags/example_skip_dag.py
[2024-05-30T06:46:18.563+0000] {logging_mixin.py:188} INFO - [2024-05-30T06:46:18.563+0000] {dag.py:3096} INFO - Sync 1 DAGs
[2024-05-30T06:46:18.598+0000] {logging_mixin.py:188} INFO - [2024-05-30T06:46:18.598+0000] {dag.py:3954} INFO - Setting next_dagrun for example_skip_dag to 2024-05-29 00:00:00+00:00, run_after=2024-05-30 00:00:00+00:00
[2024-05-30T06:46:18.617+0000] {processor.py:183} INFO - Processing /home/airflow/.local/lib/python3.12/site-packages/airflow/example_dags/example_skip_dag.py took 0.090 seconds
[2024-05-30T06:46:48.944+0000] {processor.py:161} INFO - Started process (PID=772) to work on /home/airflow/.local/lib/python3.12/site-packages/airflow/example_dags/example_skip_dag.py
[2024-05-30T06:46:48.945+0000] {processor.py:830} INFO - Processing file /home/airflow/.local/lib/python3.12/site-packages/airflow/example_dags/example_skip_dag.py for tasks to queue
[2024-05-30T06:46:48.947+0000] {logging_mixin.py:188} INFO - [2024-05-30T06:46:48.947+0000] {dagbag.py:545} INFO - Filling up the DagBag from /home/airflow/.local/lib/python3.12/site-packages/airflow/example_dags/example_skip_dag.py
[2024-05-30T06:46:48.953+0000] {processor.py:840} INFO - DAG(s) 'example_skip_dag' retrieved from /home/airflow/.local/lib/python3.12/site-packages/airflow/example_dags/example_skip_dag.py
[2024-05-30T06:46:48.972+0000] {logging_mixin.py:188} INFO - [2024-05-30T06:46:48.972+0000] {dag.py:3096} INFO - Sync 1 DAGs
[2024-05-30T06:46:48.997+0000] {logging_mixin.py:188} INFO - [2024-05-30T06:46:48.996+0000] {dag.py:3954} INFO - Setting next_dagrun for example_skip_dag to 2024-05-29 00:00:00+00:00, run_after=2024-05-30 00:00:00+00:00
[2024-05-30T06:46:49.017+0000] {processor.py:183} INFO - Processing /home/airflow/.local/lib/python3.12/site-packages/airflow/example_dags/example_skip_dag.py took 0.078 seconds
[2024-05-30T06:47:19.884+0000] {processor.py:161} INFO - Started process (PID=830) to work on /home/airflow/.local/lib/python3.12/site-packages/airflow/example_dags/example_skip_dag.py
[2024-05-30T06:47:19.885+0000] {processor.py:830} INFO - Processing file /home/airflow/.local/lib/python3.12/site-packages/airflow/example_dags/example_skip_dag.py for tasks to queue
[2024-05-30T06:47:19.886+0000] {logging_mixin.py:188} INFO - [2024-05-30T06:47:19.886+0000] {dagbag.py:545} INFO - Filling up the DagBag from /home/airflow/.local/lib/python3.12/site-packages/airflow/example_dags/example_skip_dag.py
[2024-05-30T06:47:19.892+0000] {processor.py:840} INFO - DAG(s) 'example_skip_dag' retrieved from /home/airflow/.local/lib/python3.12/site-packages/airflow/example_dags/example_skip_dag.py
[2024-05-30T06:47:19.914+0000] {logging_mixin.py:188} INFO - [2024-05-30T06:47:19.914+0000] {dag.py:3096} INFO - Sync 1 DAGs
[2024-05-30T06:47:19.939+0000] {logging_mixin.py:188} INFO - [2024-05-30T06:47:19.939+0000] {dag.py:3954} INFO - Setting next_dagrun for example_skip_dag to 2024-05-29 00:00:00+00:00, run_after=2024-05-30 00:00:00+00:00
[2024-05-30T06:47:19.962+0000] {processor.py:183} INFO - Processing /home/airflow/.local/lib/python3.12/site-packages/airflow/example_dags/example_skip_dag.py took 0.083 seconds
[2024-05-30T06:47:50.040+0000] {processor.py:161} INFO - Started process (PID=888) to work on /home/airflow/.local/lib/python3.12/site-packages/airflow/example_dags/example_skip_dag.py
[2024-05-30T06:47:50.041+0000] {processor.py:830} INFO - Processing file /home/airflow/.local/lib/python3.12/site-packages/airflow/example_dags/example_skip_dag.py for tasks to queue
[2024-05-30T06:47:50.042+0000] {logging_mixin.py:188} INFO - [2024-05-30T06:47:50.042+0000] {dagbag.py:545} INFO - Filling up the DagBag from /home/airflow/.local/lib/python3.12/site-packages/airflow/example_dags/example_skip_dag.py
[2024-05-30T06:47:50.048+0000] {processor.py:840} INFO - DAG(s) 'example_skip_dag' retrieved from /home/airflow/.local/lib/python3.12/site-packages/airflow/example_dags/example_skip_dag.py
[2024-05-30T06:47:50.068+0000] {logging_mixin.py:188} INFO - [2024-05-30T06:47:50.067+0000] {dag.py:3096} INFO - Sync 1 DAGs
[2024-05-30T06:47:50.090+0000] {logging_mixin.py:188} INFO - [2024-05-30T06:47:50.090+0000] {dag.py:3954} INFO - Setting next_dagrun for example_skip_dag to 2024-05-29 00:00:00+00:00, run_after=2024-05-30 00:00:00+00:00
[2024-05-30T06:47:50.113+0000] {processor.py:183} INFO - Processing /home/airflow/.local/lib/python3.12/site-packages/airflow/example_dags/example_skip_dag.py took 0.078 seconds
[2024-05-30T06:48:20.316+0000] {processor.py:161} INFO - Started process (PID=946) to work on /home/airflow/.local/lib/python3.12/site-packages/airflow/example_dags/example_skip_dag.py
[2024-05-30T06:48:20.317+0000] {processor.py:830} INFO - Processing file /home/airflow/.local/lib/python3.12/site-packages/airflow/example_dags/example_skip_dag.py for tasks to queue
[2024-05-30T06:48:20.319+0000] {logging_mixin.py:188} INFO - [2024-05-30T06:48:20.318+0000] {dagbag.py:545} INFO - Filling up the DagBag from /home/airflow/.local/lib/python3.12/site-packages/airflow/example_dags/example_skip_dag.py
[2024-05-30T06:48:20.324+0000] {processor.py:840} INFO - DAG(s) 'example_skip_dag' retrieved from /home/airflow/.local/lib/python3.12/site-packages/airflow/example_dags/example_skip_dag.py
[2024-05-30T06:48:20.343+0000] {logging_mixin.py:188} INFO - [2024-05-30T06:48:20.343+0000] {dag.py:3096} INFO - Sync 1 DAGs
[2024-05-30T06:48:20.366+0000] {logging_mixin.py:188} INFO - [2024-05-30T06:48:20.365+0000] {dag.py:3954} INFO - Setting next_dagrun for example_skip_dag to 2024-05-29 00:00:00+00:00, run_after=2024-05-30 00:00:00+00:00
[2024-05-30T06:48:20.384+0000] {processor.py:183} INFO - Processing /home/airflow/.local/lib/python3.12/site-packages/airflow/example_dags/example_skip_dag.py took 0.073 seconds
[2024-05-30T06:48:51.381+0000] {processor.py:161} INFO - Started process (PID=1004) to work on /home/airflow/.local/lib/python3.12/site-packages/airflow/example_dags/example_skip_dag.py
[2024-05-30T06:48:51.382+0000] {processor.py:830} INFO - Processing file /home/airflow/.local/lib/python3.12/site-packages/airflow/example_dags/example_skip_dag.py for tasks to queue
[2024-05-30T06:48:51.384+0000] {logging_mixin.py:188} INFO - [2024-05-30T06:48:51.384+0000] {dagbag.py:545} INFO - Filling up the DagBag from /home/airflow/.local/lib/python3.12/site-packages/airflow/example_dags/example_skip_dag.py
[2024-05-30T06:48:51.392+0000] {processor.py:840} INFO - DAG(s) 'example_skip_dag' retrieved from /home/airflow/.local/lib/python3.12/site-packages/airflow/example_dags/example_skip_dag.py
[2024-05-30T06:48:51.414+0000] {logging_mixin.py:188} INFO - [2024-05-30T06:48:51.414+0000] {dag.py:3096} INFO - Sync 1 DAGs
[2024-05-30T06:48:51.441+0000] {logging_mixin.py:188} INFO - [2024-05-30T06:48:51.441+0000] {dag.py:3954} INFO - Setting next_dagrun for example_skip_dag to 2024-05-29 00:00:00+00:00, run_after=2024-05-30 00:00:00+00:00
[2024-05-30T06:48:51.472+0000] {processor.py:183} INFO - Processing /home/airflow/.local/lib/python3.12/site-packages/airflow/example_dags/example_skip_dag.py took 0.097 seconds
[2024-05-30T06:49:21.989+0000] {processor.py:161} INFO - Started process (PID=1062) to work on /home/airflow/.local/lib/python3.12/site-packages/airflow/example_dags/example_skip_dag.py
[2024-05-30T06:49:21.990+0000] {processor.py:830} INFO - Processing file /home/airflow/.local/lib/python3.12/site-packages/airflow/example_dags/example_skip_dag.py for tasks to queue
[2024-05-30T06:49:21.992+0000] {logging_mixin.py:188} INFO - [2024-05-30T06:49:21.992+0000] {dagbag.py:545} INFO - Filling up the DagBag from /home/airflow/.local/lib/python3.12/site-packages/airflow/example_dags/example_skip_dag.py
[2024-05-30T06:49:21.998+0000] {processor.py:840} INFO - DAG(s) 'example_skip_dag' retrieved from /home/airflow/.local/lib/python3.12/site-packages/airflow/example_dags/example_skip_dag.py
[2024-05-30T06:49:22.017+0000] {logging_mixin.py:188} INFO - [2024-05-30T06:49:22.017+0000] {dag.py:3096} INFO - Sync 1 DAGs
[2024-05-30T06:49:22.038+0000] {logging_mixin.py:188} INFO - [2024-05-30T06:49:22.038+0000] {dag.py:3954} INFO - Setting next_dagrun for example_skip_dag to 2024-05-29 00:00:00+00:00, run_after=2024-05-30 00:00:00+00:00
[2024-05-30T06:49:22.057+0000] {processor.py:183} INFO - Processing /home/airflow/.local/lib/python3.12/site-packages/airflow/example_dags/example_skip_dag.py took 0.073 seconds
[2024-05-30T06:49:52.978+0000] {processor.py:161} INFO - Started process (PID=1120) to work on /home/airflow/.local/lib/python3.12/site-packages/airflow/example_dags/example_skip_dag.py
[2024-05-30T06:49:52.979+0000] {processor.py:830} INFO - Processing file /home/airflow/.local/lib/python3.12/site-packages/airflow/example_dags/example_skip_dag.py for tasks to queue
[2024-05-30T06:49:52.980+0000] {logging_mixin.py:188} INFO - [2024-05-30T06:49:52.980+0000] {dagbag.py:545} INFO - Filling up the DagBag from /home/airflow/.local/lib/python3.12/site-packages/airflow/example_dags/example_skip_dag.py
[2024-05-30T06:49:52.989+0000] {processor.py:840} INFO - DAG(s) 'example_skip_dag' retrieved from /home/airflow/.local/lib/python3.12/site-packages/airflow/example_dags/example_skip_dag.py
[2024-05-30T06:49:53.008+0000] {logging_mixin.py:188} INFO - [2024-05-30T06:49:53.007+0000] {dag.py:3096} INFO - Sync 1 DAGs
[2024-05-30T06:49:53.029+0000] {logging_mixin.py:188} INFO - [2024-05-30T06:49:53.029+0000] {dag.py:3954} INFO - Setting next_dagrun for example_skip_dag to 2024-05-29 00:00:00+00:00, run_after=2024-05-30 00:00:00+00:00
[2024-05-30T06:49:53.048+0000] {processor.py:183} INFO - Processing /home/airflow/.local/lib/python3.12/site-packages/airflow/example_dags/example_skip_dag.py took 0.075 seconds
[2024-05-30T06:50:23.587+0000] {processor.py:161} INFO - Started process (PID=1178) to work on /home/airflow/.local/lib/python3.12/site-packages/airflow/example_dags/example_skip_dag.py
[2024-05-30T06:50:23.588+0000] {processor.py:830} INFO - Processing file /home/airflow/.local/lib/python3.12/site-packages/airflow/example_dags/example_skip_dag.py for tasks to queue
[2024-05-30T06:50:23.590+0000] {logging_mixin.py:188} INFO - [2024-05-30T06:50:23.589+0000] {dagbag.py:545} INFO - Filling up the DagBag from /home/airflow/.local/lib/python3.12/site-packages/airflow/example_dags/example_skip_dag.py
[2024-05-30T06:50:23.596+0000] {processor.py:840} INFO - DAG(s) 'example_skip_dag' retrieved from /home/airflow/.local/lib/python3.12/site-packages/airflow/example_dags/example_skip_dag.py
[2024-05-30T06:50:23.616+0000] {logging_mixin.py:188} INFO - [2024-05-30T06:50:23.616+0000] {dag.py:3096} INFO - Sync 1 DAGs
[2024-05-30T06:50:23.636+0000] {logging_mixin.py:188} INFO - [2024-05-30T06:50:23.636+0000] {dag.py:3954} INFO - Setting next_dagrun for example_skip_dag to 2024-05-29 00:00:00+00:00, run_after=2024-05-30 00:00:00+00:00
[2024-05-30T06:50:23.655+0000] {processor.py:183} INFO - Processing /home/airflow/.local/lib/python3.12/site-packages/airflow/example_dags/example_skip_dag.py took 0.074 seconds
[2024-05-30T06:50:54.298+0000] {processor.py:161} INFO - Started process (PID=1236) to work on /home/airflow/.local/lib/python3.12/site-packages/airflow/example_dags/example_skip_dag.py
[2024-05-30T06:50:54.299+0000] {processor.py:830} INFO - Processing file /home/airflow/.local/lib/python3.12/site-packages/airflow/example_dags/example_skip_dag.py for tasks to queue
[2024-05-30T06:50:54.300+0000] {logging_mixin.py:188} INFO - [2024-05-30T06:50:54.300+0000] {dagbag.py:545} INFO - Filling up the DagBag from /home/airflow/.local/lib/python3.12/site-packages/airflow/example_dags/example_skip_dag.py
[2024-05-30T06:50:54.306+0000] {processor.py:840} INFO - DAG(s) 'example_skip_dag' retrieved from /home/airflow/.local/lib/python3.12/site-packages/airflow/example_dags/example_skip_dag.py
[2024-05-30T06:50:54.325+0000] {logging_mixin.py:188} INFO - [2024-05-30T06:50:54.325+0000] {dag.py:3096} INFO - Sync 1 DAGs
[2024-05-30T06:50:54.350+0000] {logging_mixin.py:188} INFO - [2024-05-30T06:50:54.349+0000] {dag.py:3954} INFO - Setting next_dagrun for example_skip_dag to 2024-05-29 00:00:00+00:00, run_after=2024-05-30 00:00:00+00:00
[2024-05-30T06:50:54.391+0000] {processor.py:183} INFO - Processing /home/airflow/.local/lib/python3.12/site-packages/airflow/example_dags/example_skip_dag.py took 0.098 seconds
[2024-05-30T06:51:25.196+0000] {processor.py:161} INFO - Started process (PID=1294) to work on /home/airflow/.local/lib/python3.12/site-packages/airflow/example_dags/example_skip_dag.py
[2024-05-30T06:51:25.197+0000] {processor.py:830} INFO - Processing file /home/airflow/.local/lib/python3.12/site-packages/airflow/example_dags/example_skip_dag.py for tasks to queue
[2024-05-30T06:51:25.199+0000] {logging_mixin.py:188} INFO - [2024-05-30T06:51:25.198+0000] {dagbag.py:545} INFO - Filling up the DagBag from /home/airflow/.local/lib/python3.12/site-packages/airflow/example_dags/example_skip_dag.py
[2024-05-30T06:51:25.205+0000] {processor.py:840} INFO - DAG(s) 'example_skip_dag' retrieved from /home/airflow/.local/lib/python3.12/site-packages/airflow/example_dags/example_skip_dag.py
[2024-05-30T06:51:25.223+0000] {logging_mixin.py:188} INFO - [2024-05-30T06:51:25.223+0000] {dag.py:3096} INFO - Sync 1 DAGs
[2024-05-30T06:51:25.245+0000] {logging_mixin.py:188} INFO - [2024-05-30T06:51:25.245+0000] {dag.py:3954} INFO - Setting next_dagrun for example_skip_dag to 2024-05-29 00:00:00+00:00, run_after=2024-05-30 00:00:00+00:00
[2024-05-30T06:51:25.265+0000] {processor.py:183} INFO - Processing /home/airflow/.local/lib/python3.12/site-packages/airflow/example_dags/example_skip_dag.py took 0.075 seconds
[2024-05-30T06:51:55.340+0000] {processor.py:161} INFO - Started process (PID=1352) to work on /home/airflow/.local/lib/python3.12/site-packages/airflow/example_dags/example_skip_dag.py
[2024-05-30T06:51:55.341+0000] {processor.py:830} INFO - Processing file /home/airflow/.local/lib/python3.12/site-packages/airflow/example_dags/example_skip_dag.py for tasks to queue
[2024-05-30T06:51:55.343+0000] {logging_mixin.py:188} INFO - [2024-05-30T06:51:55.343+0000] {dagbag.py:545} INFO - Filling up the DagBag from /home/airflow/.local/lib/python3.12/site-packages/airflow/example_dags/example_skip_dag.py
[2024-05-30T06:51:55.349+0000] {processor.py:840} INFO - DAG(s) 'example_skip_dag' retrieved from /home/airflow/.local/lib/python3.12/site-packages/airflow/example_dags/example_skip_dag.py
[2024-05-30T06:51:55.368+0000] {logging_mixin.py:188} INFO - [2024-05-30T06:51:55.367+0000] {dag.py:3096} INFO - Sync 1 DAGs
[2024-05-30T06:51:55.389+0000] {logging_mixin.py:188} INFO - [2024-05-30T06:51:55.388+0000] {dag.py:3954} INFO - Setting next_dagrun for example_skip_dag to 2024-05-29 00:00:00+00:00, run_after=2024-05-30 00:00:00+00:00
[2024-05-30T06:51:55.494+0000] {processor.py:183} INFO - Processing /home/airflow/.local/lib/python3.12/site-packages/airflow/example_dags/example_skip_dag.py took 0.159 seconds
[2024-05-30T06:52:26.264+0000] {processor.py:161} INFO - Started process (PID=1410) to work on /home/airflow/.local/lib/python3.12/site-packages/airflow/example_dags/example_skip_dag.py
[2024-05-30T06:52:26.265+0000] {processor.py:830} INFO - Processing file /home/airflow/.local/lib/python3.12/site-packages/airflow/example_dags/example_skip_dag.py for tasks to queue
[2024-05-30T06:52:26.267+0000] {logging_mixin.py:188} INFO - [2024-05-30T06:52:26.266+0000] {dagbag.py:545} INFO - Filling up the DagBag from /home/airflow/.local/lib/python3.12/site-packages/airflow/example_dags/example_skip_dag.py
[2024-05-30T06:52:26.273+0000] {processor.py:840} INFO - DAG(s) 'example_skip_dag' retrieved from /home/airflow/.local/lib/python3.12/site-packages/airflow/example_dags/example_skip_dag.py
[2024-05-30T06:52:26.293+0000] {logging_mixin.py:188} INFO - [2024-05-30T06:52:26.293+0000] {dag.py:3096} INFO - Sync 1 DAGs
[2024-05-30T06:52:26.316+0000] {logging_mixin.py:188} INFO - [2024-05-30T06:52:26.315+0000] {dag.py:3954} INFO - Setting next_dagrun for example_skip_dag to 2024-05-29 00:00:00+00:00, run_after=2024-05-30 00:00:00+00:00
[2024-05-30T06:52:26.336+0000] {processor.py:183} INFO - Processing /home/airflow/.local/lib/python3.12/site-packages/airflow/example_dags/example_skip_dag.py took 0.078 seconds
[2024-05-30T06:52:57.450+0000] {processor.py:161} INFO - Started process (PID=1468) to work on /home/airflow/.local/lib/python3.12/site-packages/airflow/example_dags/example_skip_dag.py
[2024-05-30T06:52:57.451+0000] {processor.py:830} INFO - Processing file /home/airflow/.local/lib/python3.12/site-packages/airflow/example_dags/example_skip_dag.py for tasks to queue
[2024-05-30T06:52:57.453+0000] {logging_mixin.py:188} INFO - [2024-05-30T06:52:57.453+0000] {dagbag.py:545} INFO - Filling up the DagBag from /home/airflow/.local/lib/python3.12/site-packages/airflow/example_dags/example_skip_dag.py
[2024-05-30T06:52:57.459+0000] {processor.py:840} INFO - DAG(s) 'example_skip_dag' retrieved from /home/airflow/.local/lib/python3.12/site-packages/airflow/example_dags/example_skip_dag.py
[2024-05-30T06:52:57.598+0000] {logging_mixin.py:188} INFO - [2024-05-30T06:52:57.598+0000] {dag.py:3096} INFO - Sync 1 DAGs
[2024-05-30T06:52:57.617+0000] {logging_mixin.py:188} INFO - [2024-05-30T06:52:57.617+0000] {dag.py:3954} INFO - Setting next_dagrun for example_skip_dag to 2024-05-29 00:00:00+00:00, run_after=2024-05-30 00:00:00+00:00
[2024-05-30T06:52:57.636+0000] {processor.py:183} INFO - Processing /home/airflow/.local/lib/python3.12/site-packages/airflow/example_dags/example_skip_dag.py took 0.191 seconds
[2024-05-30T06:53:27.818+0000] {processor.py:161} INFO - Started process (PID=1526) to work on /home/airflow/.local/lib/python3.12/site-packages/airflow/example_dags/example_skip_dag.py
[2024-05-30T06:53:27.819+0000] {processor.py:830} INFO - Processing file /home/airflow/.local/lib/python3.12/site-packages/airflow/example_dags/example_skip_dag.py for tasks to queue
[2024-05-30T06:53:27.821+0000] {logging_mixin.py:188} INFO - [2024-05-30T06:53:27.820+0000] {dagbag.py:545} INFO - Filling up the DagBag from /home/airflow/.local/lib/python3.12/site-packages/airflow/example_dags/example_skip_dag.py
[2024-05-30T06:53:27.826+0000] {processor.py:840} INFO - DAG(s) 'example_skip_dag' retrieved from /home/airflow/.local/lib/python3.12/site-packages/airflow/example_dags/example_skip_dag.py
[2024-05-30T06:53:27.846+0000] {logging_mixin.py:188} INFO - [2024-05-30T06:53:27.846+0000] {dag.py:3096} INFO - Sync 1 DAGs
[2024-05-30T06:53:27.963+0000] {logging_mixin.py:188} INFO - [2024-05-30T06:53:27.963+0000] {dag.py:3954} INFO - Setting next_dagrun for example_skip_dag to 2024-05-29 00:00:00+00:00, run_after=2024-05-30 00:00:00+00:00
[2024-05-30T06:53:27.980+0000] {processor.py:183} INFO - Processing /home/airflow/.local/lib/python3.12/site-packages/airflow/example_dags/example_skip_dag.py took 0.167 seconds
[2024-05-30T06:53:58.162+0000] {processor.py:161} INFO - Started process (PID=1584) to work on /home/airflow/.local/lib/python3.12/site-packages/airflow/example_dags/example_skip_dag.py
[2024-05-30T06:53:58.163+0000] {processor.py:830} INFO - Processing file /home/airflow/.local/lib/python3.12/site-packages/airflow/example_dags/example_skip_dag.py for tasks to queue
[2024-05-30T06:53:58.165+0000] {logging_mixin.py:188} INFO - [2024-05-30T06:53:58.164+0000] {dagbag.py:545} INFO - Filling up the DagBag from /home/airflow/.local/lib/python3.12/site-packages/airflow/example_dags/example_skip_dag.py
[2024-05-30T06:53:58.170+0000] {processor.py:840} INFO - DAG(s) 'example_skip_dag' retrieved from /home/airflow/.local/lib/python3.12/site-packages/airflow/example_dags/example_skip_dag.py
[2024-05-30T06:53:58.188+0000] {logging_mixin.py:188} INFO - [2024-05-30T06:53:58.188+0000] {dag.py:3096} INFO - Sync 1 DAGs
[2024-05-30T06:53:58.210+0000] {logging_mixin.py:188} INFO - [2024-05-30T06:53:58.210+0000] {dag.py:3954} INFO - Setting next_dagrun for example_skip_dag to 2024-05-29 00:00:00+00:00, run_after=2024-05-30 00:00:00+00:00
[2024-05-30T06:53:58.227+0000] {processor.py:183} INFO - Processing /home/airflow/.local/lib/python3.12/site-packages/airflow/example_dags/example_skip_dag.py took 0.071 seconds
[2024-05-30T06:54:28.517+0000] {processor.py:161} INFO - Started process (PID=1642) to work on /home/airflow/.local/lib/python3.12/site-packages/airflow/example_dags/example_skip_dag.py
[2024-05-30T06:54:28.518+0000] {processor.py:830} INFO - Processing file /home/airflow/.local/lib/python3.12/site-packages/airflow/example_dags/example_skip_dag.py for tasks to queue
[2024-05-30T06:54:28.519+0000] {logging_mixin.py:188} INFO - [2024-05-30T06:54:28.519+0000] {dagbag.py:545} INFO - Filling up the DagBag from /home/airflow/.local/lib/python3.12/site-packages/airflow/example_dags/example_skip_dag.py
[2024-05-30T06:54:28.525+0000] {processor.py:840} INFO - DAG(s) 'example_skip_dag' retrieved from /home/airflow/.local/lib/python3.12/site-packages/airflow/example_dags/example_skip_dag.py
[2024-05-30T06:54:28.544+0000] {logging_mixin.py:188} INFO - [2024-05-30T06:54:28.544+0000] {dag.py:3096} INFO - Sync 1 DAGs
[2024-05-30T06:54:28.570+0000] {logging_mixin.py:188} INFO - [2024-05-30T06:54:28.570+0000] {dag.py:3954} INFO - Setting next_dagrun for example_skip_dag to 2024-05-29 00:00:00+00:00, run_after=2024-05-30 00:00:00+00:00
[2024-05-30T06:54:28.589+0000] {processor.py:183} INFO - Processing /home/airflow/.local/lib/python3.12/site-packages/airflow/example_dags/example_skip_dag.py took 0.077 seconds
[2024-05-30T06:54:58.659+0000] {processor.py:161} INFO - Started process (PID=1700) to work on /home/airflow/.local/lib/python3.12/site-packages/airflow/example_dags/example_skip_dag.py
[2024-05-30T06:54:58.660+0000] {processor.py:830} INFO - Processing file /home/airflow/.local/lib/python3.12/site-packages/airflow/example_dags/example_skip_dag.py for tasks to queue
[2024-05-30T06:54:58.662+0000] {logging_mixin.py:188} INFO - [2024-05-30T06:54:58.662+0000] {dagbag.py:545} INFO - Filling up the DagBag from /home/airflow/.local/lib/python3.12/site-packages/airflow/example_dags/example_skip_dag.py
[2024-05-30T06:54:58.670+0000] {processor.py:840} INFO - DAG(s) 'example_skip_dag' retrieved from /home/airflow/.local/lib/python3.12/site-packages/airflow/example_dags/example_skip_dag.py
[2024-05-30T06:54:58.693+0000] {logging_mixin.py:188} INFO - [2024-05-30T06:54:58.692+0000] {dag.py:3096} INFO - Sync 1 DAGs
[2024-05-30T06:54:58.718+0000] {logging_mixin.py:188} INFO - [2024-05-30T06:54:58.718+0000] {dag.py:3954} INFO - Setting next_dagrun for example_skip_dag to 2024-05-29 00:00:00+00:00, run_after=2024-05-30 00:00:00+00:00
[2024-05-30T06:54:58.737+0000] {processor.py:183} INFO - Processing /home/airflow/.local/lib/python3.12/site-packages/airflow/example_dags/example_skip_dag.py took 0.086 seconds
[2024-05-30T06:55:28.807+0000] {processor.py:161} INFO - Started process (PID=1758) to work on /home/airflow/.local/lib/python3.12/site-packages/airflow/example_dags/example_skip_dag.py
[2024-05-30T06:55:28.808+0000] {processor.py:830} INFO - Processing file /home/airflow/.local/lib/python3.12/site-packages/airflow/example_dags/example_skip_dag.py for tasks to queue
[2024-05-30T06:55:28.810+0000] {logging_mixin.py:188} INFO - [2024-05-30T06:55:28.809+0000] {dagbag.py:545} INFO - Filling up the DagBag from /home/airflow/.local/lib/python3.12/site-packages/airflow/example_dags/example_skip_dag.py
[2024-05-30T06:55:28.816+0000] {processor.py:840} INFO - DAG(s) 'example_skip_dag' retrieved from /home/airflow/.local/lib/python3.12/site-packages/airflow/example_dags/example_skip_dag.py
[2024-05-30T06:55:28.836+0000] {logging_mixin.py:188} INFO - [2024-05-30T06:55:28.836+0000] {dag.py:3096} INFO - Sync 1 DAGs
[2024-05-30T06:55:28.857+0000] {logging_mixin.py:188} INFO - [2024-05-30T06:55:28.857+0000] {dag.py:3954} INFO - Setting next_dagrun for example_skip_dag to 2024-05-29 00:00:00+00:00, run_after=2024-05-30 00:00:00+00:00
[2024-05-30T06:55:28.875+0000] {processor.py:183} INFO - Processing /home/airflow/.local/lib/python3.12/site-packages/airflow/example_dags/example_skip_dag.py took 0.074 seconds
[2024-05-30T06:55:58.933+0000] {processor.py:161} INFO - Started process (PID=1816) to work on /home/airflow/.local/lib/python3.12/site-packages/airflow/example_dags/example_skip_dag.py
[2024-05-30T06:55:58.934+0000] {processor.py:830} INFO - Processing file /home/airflow/.local/lib/python3.12/site-packages/airflow/example_dags/example_skip_dag.py for tasks to queue
[2024-05-30T06:55:58.935+0000] {logging_mixin.py:188} INFO - [2024-05-30T06:55:58.935+0000] {dagbag.py:545} INFO - Filling up the DagBag from /home/airflow/.local/lib/python3.12/site-packages/airflow/example_dags/example_skip_dag.py
[2024-05-30T06:55:58.941+0000] {processor.py:840} INFO - DAG(s) 'example_skip_dag' retrieved from /home/airflow/.local/lib/python3.12/site-packages/airflow/example_dags/example_skip_dag.py
[2024-05-30T06:55:58.960+0000] {logging_mixin.py:188} INFO - [2024-05-30T06:55:58.959+0000] {dag.py:3096} INFO - Sync 1 DAGs
[2024-05-30T06:55:58.980+0000] {logging_mixin.py:188} INFO - [2024-05-30T06:55:58.980+0000] {dag.py:3954} INFO - Setting next_dagrun for example_skip_dag to 2024-05-29 00:00:00+00:00, run_after=2024-05-30 00:00:00+00:00
[2024-05-30T06:55:58.999+0000] {processor.py:183} INFO - Processing /home/airflow/.local/lib/python3.12/site-packages/airflow/example_dags/example_skip_dag.py took 0.071 seconds
[2024-05-30T06:56:29.081+0000] {processor.py:161} INFO - Started process (PID=1874) to work on /home/airflow/.local/lib/python3.12/site-packages/airflow/example_dags/example_skip_dag.py
[2024-05-30T06:56:29.082+0000] {processor.py:830} INFO - Processing file /home/airflow/.local/lib/python3.12/site-packages/airflow/example_dags/example_skip_dag.py for tasks to queue
[2024-05-30T06:56:29.084+0000] {logging_mixin.py:188} INFO - [2024-05-30T06:56:29.083+0000] {dagbag.py:545} INFO - Filling up the DagBag from /home/airflow/.local/lib/python3.12/site-packages/airflow/example_dags/example_skip_dag.py
[2024-05-30T06:56:29.090+0000] {processor.py:840} INFO - DAG(s) 'example_skip_dag' retrieved from /home/airflow/.local/lib/python3.12/site-packages/airflow/example_dags/example_skip_dag.py
[2024-05-30T06:56:29.110+0000] {logging_mixin.py:188} INFO - [2024-05-30T06:56:29.110+0000] {dag.py:3096} INFO - Sync 1 DAGs
[2024-05-30T06:56:29.131+0000] {logging_mixin.py:188} INFO - [2024-05-30T06:56:29.131+0000] {dag.py:3954} INFO - Setting next_dagrun for example_skip_dag to 2024-05-29 00:00:00+00:00, run_after=2024-05-30 00:00:00+00:00
[2024-05-30T06:56:29.148+0000] {processor.py:183} INFO - Processing /home/airflow/.local/lib/python3.12/site-packages/airflow/example_dags/example_skip_dag.py took 0.072 seconds
[2024-05-30T06:56:59.961+0000] {processor.py:161} INFO - Started process (PID=1932) to work on /home/airflow/.local/lib/python3.12/site-packages/airflow/example_dags/example_skip_dag.py
[2024-05-30T06:56:59.962+0000] {processor.py:830} INFO - Processing file /home/airflow/.local/lib/python3.12/site-packages/airflow/example_dags/example_skip_dag.py for tasks to queue
[2024-05-30T06:56:59.963+0000] {logging_mixin.py:188} INFO - [2024-05-30T06:56:59.963+0000] {dagbag.py:545} INFO - Filling up the DagBag from /home/airflow/.local/lib/python3.12/site-packages/airflow/example_dags/example_skip_dag.py
[2024-05-30T06:56:59.969+0000] {processor.py:840} INFO - DAG(s) 'example_skip_dag' retrieved from /home/airflow/.local/lib/python3.12/site-packages/airflow/example_dags/example_skip_dag.py
[2024-05-30T06:56:59.988+0000] {logging_mixin.py:188} INFO - [2024-05-30T06:56:59.988+0000] {dag.py:3096} INFO - Sync 1 DAGs
[2024-05-30T06:57:00.010+0000] {logging_mixin.py:188} INFO - [2024-05-30T06:57:00.009+0000] {dag.py:3954} INFO - Setting next_dagrun for example_skip_dag to 2024-05-29 00:00:00+00:00, run_after=2024-05-30 00:00:00+00:00
[2024-05-30T06:57:00.031+0000] {processor.py:183} INFO - Processing /home/airflow/.local/lib/python3.12/site-packages/airflow/example_dags/example_skip_dag.py took 0.076 seconds
[2024-05-30T06:57:30.551+0000] {processor.py:161} INFO - Started process (PID=1990) to work on /home/airflow/.local/lib/python3.12/site-packages/airflow/example_dags/example_skip_dag.py
[2024-05-30T06:57:30.552+0000] {processor.py:830} INFO - Processing file /home/airflow/.local/lib/python3.12/site-packages/airflow/example_dags/example_skip_dag.py for tasks to queue
[2024-05-30T06:57:30.554+0000] {logging_mixin.py:188} INFO - [2024-05-30T06:57:30.553+0000] {dagbag.py:545} INFO - Filling up the DagBag from /home/airflow/.local/lib/python3.12/site-packages/airflow/example_dags/example_skip_dag.py
[2024-05-30T06:57:30.559+0000] {processor.py:840} INFO - DAG(s) 'example_skip_dag' retrieved from /home/airflow/.local/lib/python3.12/site-packages/airflow/example_dags/example_skip_dag.py
[2024-05-30T06:57:30.578+0000] {logging_mixin.py:188} INFO - [2024-05-30T06:57:30.578+0000] {dag.py:3096} INFO - Sync 1 DAGs
[2024-05-30T06:57:30.599+0000] {logging_mixin.py:188} INFO - [2024-05-30T06:57:30.598+0000] {dag.py:3954} INFO - Setting next_dagrun for example_skip_dag to 2024-05-29 00:00:00+00:00, run_after=2024-05-30 00:00:00+00:00
[2024-05-30T06:57:30.616+0000] {processor.py:183} INFO - Processing /home/airflow/.local/lib/python3.12/site-packages/airflow/example_dags/example_skip_dag.py took 0.070 seconds
[2024-05-30T06:58:01.065+0000] {processor.py:161} INFO - Started process (PID=2048) to work on /home/airflow/.local/lib/python3.12/site-packages/airflow/example_dags/example_skip_dag.py
[2024-05-30T06:58:01.066+0000] {processor.py:830} INFO - Processing file /home/airflow/.local/lib/python3.12/site-packages/airflow/example_dags/example_skip_dag.py for tasks to queue
[2024-05-30T06:58:01.067+0000] {logging_mixin.py:188} INFO - [2024-05-30T06:58:01.067+0000] {dagbag.py:545} INFO - Filling up the DagBag from /home/airflow/.local/lib/python3.12/site-packages/airflow/example_dags/example_skip_dag.py
[2024-05-30T06:58:01.073+0000] {processor.py:840} INFO - DAG(s) 'example_skip_dag' retrieved from /home/airflow/.local/lib/python3.12/site-packages/airflow/example_dags/example_skip_dag.py
[2024-05-30T06:58:01.092+0000] {logging_mixin.py:188} INFO - [2024-05-30T06:58:01.092+0000] {dag.py:3096} INFO - Sync 1 DAGs
[2024-05-30T06:58:01.114+0000] {logging_mixin.py:188} INFO - [2024-05-30T06:58:01.114+0000] {dag.py:3954} INFO - Setting next_dagrun for example_skip_dag to 2024-05-29 00:00:00+00:00, run_after=2024-05-30 00:00:00+00:00
[2024-05-30T06:58:01.133+0000] {processor.py:183} INFO - Processing /home/airflow/.local/lib/python3.12/site-packages/airflow/example_dags/example_skip_dag.py took 0.074 seconds
[2024-05-30T06:58:31.814+0000] {processor.py:161} INFO - Started process (PID=2106) to work on /home/airflow/.local/lib/python3.12/site-packages/airflow/example_dags/example_skip_dag.py
[2024-05-30T06:58:31.815+0000] {processor.py:830} INFO - Processing file /home/airflow/.local/lib/python3.12/site-packages/airflow/example_dags/example_skip_dag.py for tasks to queue
[2024-05-30T06:58:31.817+0000] {logging_mixin.py:188} INFO - [2024-05-30T06:58:31.817+0000] {dagbag.py:545} INFO - Filling up the DagBag from /home/airflow/.local/lib/python3.12/site-packages/airflow/example_dags/example_skip_dag.py
[2024-05-30T06:58:31.823+0000] {processor.py:840} INFO - DAG(s) 'example_skip_dag' retrieved from /home/airflow/.local/lib/python3.12/site-packages/airflow/example_dags/example_skip_dag.py
[2024-05-30T06:58:31.842+0000] {logging_mixin.py:188} INFO - [2024-05-30T06:58:31.841+0000] {dag.py:3096} INFO - Sync 1 DAGs
[2024-05-30T06:58:31.863+0000] {logging_mixin.py:188} INFO - [2024-05-30T06:58:31.863+0000] {dag.py:3954} INFO - Setting next_dagrun for example_skip_dag to 2024-05-29 00:00:00+00:00, run_after=2024-05-30 00:00:00+00:00
[2024-05-30T06:58:31.884+0000] {processor.py:183} INFO - Processing /home/airflow/.local/lib/python3.12/site-packages/airflow/example_dags/example_skip_dag.py took 0.075 seconds
[2024-05-30T06:59:02.371+0000] {processor.py:161} INFO - Started process (PID=2164) to work on /home/airflow/.local/lib/python3.12/site-packages/airflow/example_dags/example_skip_dag.py
[2024-05-30T06:59:02.372+0000] {processor.py:830} INFO - Processing file /home/airflow/.local/lib/python3.12/site-packages/airflow/example_dags/example_skip_dag.py for tasks to queue
[2024-05-30T06:59:02.374+0000] {logging_mixin.py:188} INFO - [2024-05-30T06:59:02.374+0000] {dagbag.py:545} INFO - Filling up the DagBag from /home/airflow/.local/lib/python3.12/site-packages/airflow/example_dags/example_skip_dag.py
[2024-05-30T06:59:02.380+0000] {processor.py:840} INFO - DAG(s) 'example_skip_dag' retrieved from /home/airflow/.local/lib/python3.12/site-packages/airflow/example_dags/example_skip_dag.py
[2024-05-30T06:59:02.399+0000] {logging_mixin.py:188} INFO - [2024-05-30T06:59:02.399+0000] {dag.py:3096} INFO - Sync 1 DAGs
[2024-05-30T06:59:02.420+0000] {logging_mixin.py:188} INFO - [2024-05-30T06:59:02.420+0000] {dag.py:3954} INFO - Setting next_dagrun for example_skip_dag to 2024-05-29 00:00:00+00:00, run_after=2024-05-30 00:00:00+00:00
[2024-05-30T06:59:02.440+0000] {processor.py:183} INFO - Processing /home/airflow/.local/lib/python3.12/site-packages/airflow/example_dags/example_skip_dag.py took 0.074 seconds
[2024-05-30T06:59:32.801+0000] {processor.py:161} INFO - Started process (PID=2222) to work on /home/airflow/.local/lib/python3.12/site-packages/airflow/example_dags/example_skip_dag.py
[2024-05-30T06:59:32.802+0000] {processor.py:830} INFO - Processing file /home/airflow/.local/lib/python3.12/site-packages/airflow/example_dags/example_skip_dag.py for tasks to queue
[2024-05-30T06:59:32.804+0000] {logging_mixin.py:188} INFO - [2024-05-30T06:59:32.803+0000] {dagbag.py:545} INFO - Filling up the DagBag from /home/airflow/.local/lib/python3.12/site-packages/airflow/example_dags/example_skip_dag.py
[2024-05-30T06:59:32.810+0000] {processor.py:840} INFO - DAG(s) 'example_skip_dag' retrieved from /home/airflow/.local/lib/python3.12/site-packages/airflow/example_dags/example_skip_dag.py
[2024-05-30T06:59:32.828+0000] {logging_mixin.py:188} INFO - [2024-05-30T06:59:32.828+0000] {dag.py:3096} INFO - Sync 1 DAGs
[2024-05-30T06:59:32.848+0000] {logging_mixin.py:188} INFO - [2024-05-30T06:59:32.848+0000] {dag.py:3954} INFO - Setting next_dagrun for example_skip_dag to 2024-05-29 00:00:00+00:00, run_after=2024-05-30 00:00:00+00:00
[2024-05-30T06:59:32.867+0000] {processor.py:183} INFO - Processing /home/airflow/.local/lib/python3.12/site-packages/airflow/example_dags/example_skip_dag.py took 0.070 seconds
[2024-05-30T07:00:03.335+0000] {processor.py:161} INFO - Started process (PID=2280) to work on /home/airflow/.local/lib/python3.12/site-packages/airflow/example_dags/example_skip_dag.py
[2024-05-30T07:00:03.336+0000] {processor.py:830} INFO - Processing file /home/airflow/.local/lib/python3.12/site-packages/airflow/example_dags/example_skip_dag.py for tasks to queue
[2024-05-30T07:00:03.337+0000] {logging_mixin.py:188} INFO - [2024-05-30T07:00:03.337+0000] {dagbag.py:545} INFO - Filling up the DagBag from /home/airflow/.local/lib/python3.12/site-packages/airflow/example_dags/example_skip_dag.py
[2024-05-30T07:00:03.344+0000] {processor.py:840} INFO - DAG(s) 'example_skip_dag' retrieved from /home/airflow/.local/lib/python3.12/site-packages/airflow/example_dags/example_skip_dag.py
[2024-05-30T07:00:03.367+0000] {logging_mixin.py:188} INFO - [2024-05-30T07:00:03.366+0000] {dag.py:3096} INFO - Sync 1 DAGs
[2024-05-30T07:00:03.391+0000] {logging_mixin.py:188} INFO - [2024-05-30T07:00:03.391+0000] {dag.py:3954} INFO - Setting next_dagrun for example_skip_dag to 2024-05-29 00:00:00+00:00, run_after=2024-05-30 00:00:00+00:00
[2024-05-30T07:00:03.414+0000] {processor.py:183} INFO - Processing /home/airflow/.local/lib/python3.12/site-packages/airflow/example_dags/example_skip_dag.py took 0.085 seconds
[2024-05-30T07:00:33.945+0000] {processor.py:161} INFO - Started process (PID=2338) to work on /home/airflow/.local/lib/python3.12/site-packages/airflow/example_dags/example_skip_dag.py
[2024-05-30T07:00:33.946+0000] {processor.py:830} INFO - Processing file /home/airflow/.local/lib/python3.12/site-packages/airflow/example_dags/example_skip_dag.py for tasks to queue
[2024-05-30T07:00:33.947+0000] {logging_mixin.py:188} INFO - [2024-05-30T07:00:33.947+0000] {dagbag.py:545} INFO - Filling up the DagBag from /home/airflow/.local/lib/python3.12/site-packages/airflow/example_dags/example_skip_dag.py
[2024-05-30T07:00:33.953+0000] {processor.py:840} INFO - DAG(s) 'example_skip_dag' retrieved from /home/airflow/.local/lib/python3.12/site-packages/airflow/example_dags/example_skip_dag.py
[2024-05-30T07:00:33.971+0000] {logging_mixin.py:188} INFO - [2024-05-30T07:00:33.971+0000] {dag.py:3096} INFO - Sync 1 DAGs
[2024-05-30T07:00:33.992+0000] {logging_mixin.py:188} INFO - [2024-05-30T07:00:33.992+0000] {dag.py:3954} INFO - Setting next_dagrun for example_skip_dag to 2024-05-29 00:00:00+00:00, run_after=2024-05-30 00:00:00+00:00
[2024-05-30T07:00:34.012+0000] {processor.py:183} INFO - Processing /home/airflow/.local/lib/python3.12/site-packages/airflow/example_dags/example_skip_dag.py took 0.072 seconds
[2024-05-30T07:01:04.458+0000] {processor.py:161} INFO - Started process (PID=2396) to work on /home/airflow/.local/lib/python3.12/site-packages/airflow/example_dags/example_skip_dag.py
[2024-05-30T07:01:04.459+0000] {processor.py:830} INFO - Processing file /home/airflow/.local/lib/python3.12/site-packages/airflow/example_dags/example_skip_dag.py for tasks to queue
[2024-05-30T07:01:04.461+0000] {logging_mixin.py:188} INFO - [2024-05-30T07:01:04.460+0000] {dagbag.py:545} INFO - Filling up the DagBag from /home/airflow/.local/lib/python3.12/site-packages/airflow/example_dags/example_skip_dag.py
[2024-05-30T07:01:04.467+0000] {processor.py:840} INFO - DAG(s) 'example_skip_dag' retrieved from /home/airflow/.local/lib/python3.12/site-packages/airflow/example_dags/example_skip_dag.py
[2024-05-30T07:01:04.485+0000] {logging_mixin.py:188} INFO - [2024-05-30T07:01:04.485+0000] {dag.py:3096} INFO - Sync 1 DAGs
[2024-05-30T07:01:04.506+0000] {logging_mixin.py:188} INFO - [2024-05-30T07:01:04.506+0000] {dag.py:3954} INFO - Setting next_dagrun for example_skip_dag to 2024-05-29 00:00:00+00:00, run_after=2024-05-30 00:00:00+00:00
[2024-05-30T07:01:04.524+0000] {processor.py:183} INFO - Processing /home/airflow/.local/lib/python3.12/site-packages/airflow/example_dags/example_skip_dag.py took 0.072 seconds
