[2024-05-30T06:40:40.835+0000] {processor.py:161} INFO - Started process (PID=64) to work on /home/airflow/.local/lib/python3.12/site-packages/airflow/example_dags/example_dag_decorator.py
[2024-05-30T06:40:40.837+0000] {processor.py:830} INFO - Processing file /home/airflow/.local/lib/python3.12/site-packages/airflow/example_dags/example_dag_decorator.py for tasks to queue
[2024-05-30T06:40:40.838+0000] {logging_mixin.py:188} INFO - [2024-05-30T06:40:40.838+0000] {dagbag.py:545} INFO - Filling up the DagBag from /home/airflow/.local/lib/python3.12/site-packages/airflow/example_dags/example_dag_decorator.py
[2024-05-30T06:40:40.970+0000] {processor.py:840} INFO - DAG(s) 'example_dag_decorator' retrieved from /home/airflow/.local/lib/python3.12/site-packages/airflow/example_dags/example_dag_decorator.py
[2024-05-30T06:40:40.980+0000] {logging_mixin.py:188} INFO - [2024-05-30T06:40:40.979+0000] {dag.py:3096} INFO - Sync 1 DAGs
[2024-05-30T06:40:40.993+0000] {logging_mixin.py:188} INFO - [2024-05-30T06:40:40.992+0000] {dag.py:3954} INFO - Setting next_dagrun for example_dag_decorator to None, run_after=None
[2024-05-30T06:40:41.013+0000] {processor.py:183} INFO - Processing /home/airflow/.local/lib/python3.12/site-packages/airflow/example_dags/example_dag_decorator.py took 0.185 seconds
[2024-05-30T06:41:13.040+0000] {processor.py:161} INFO - Started process (PID=122) to work on /home/airflow/.local/lib/python3.12/site-packages/airflow/example_dags/example_dag_decorator.py
[2024-05-30T06:41:13.041+0000] {processor.py:830} INFO - Processing file /home/airflow/.local/lib/python3.12/site-packages/airflow/example_dags/example_dag_decorator.py for tasks to queue
[2024-05-30T06:41:13.043+0000] {logging_mixin.py:188} INFO - [2024-05-30T06:41:13.043+0000] {dagbag.py:545} INFO - Filling up the DagBag from /home/airflow/.local/lib/python3.12/site-packages/airflow/example_dags/example_dag_decorator.py
[2024-05-30T06:41:13.143+0000] {processor.py:840} INFO - DAG(s) 'example_dag_decorator' retrieved from /home/airflow/.local/lib/python3.12/site-packages/airflow/example_dags/example_dag_decorator.py
[2024-05-30T06:41:13.264+0000] {logging_mixin.py:188} INFO - [2024-05-30T06:41:13.264+0000] {dag.py:3096} INFO - Sync 1 DAGs
[2024-05-30T06:41:13.280+0000] {logging_mixin.py:188} INFO - [2024-05-30T06:41:13.280+0000] {dag.py:3954} INFO - Setting next_dagrun for example_dag_decorator to None, run_after=None
[2024-05-30T06:41:13.307+0000] {processor.py:183} INFO - Processing /home/airflow/.local/lib/python3.12/site-packages/airflow/example_dags/example_dag_decorator.py took 0.272 seconds
[2024-05-30T06:41:43.957+0000] {processor.py:161} INFO - Started process (PID=180) to work on /home/airflow/.local/lib/python3.12/site-packages/airflow/example_dags/example_dag_decorator.py
[2024-05-30T06:41:43.958+0000] {processor.py:830} INFO - Processing file /home/airflow/.local/lib/python3.12/site-packages/airflow/example_dags/example_dag_decorator.py for tasks to queue
[2024-05-30T06:41:43.960+0000] {logging_mixin.py:188} INFO - [2024-05-30T06:41:43.960+0000] {dagbag.py:545} INFO - Filling up the DagBag from /home/airflow/.local/lib/python3.12/site-packages/airflow/example_dags/example_dag_decorator.py
[2024-05-30T06:41:44.063+0000] {processor.py:840} INFO - DAG(s) 'example_dag_decorator' retrieved from /home/airflow/.local/lib/python3.12/site-packages/airflow/example_dags/example_dag_decorator.py
[2024-05-30T06:41:44.170+0000] {logging_mixin.py:188} INFO - [2024-05-30T06:41:44.170+0000] {dag.py:3096} INFO - Sync 1 DAGs
[2024-05-30T06:41:44.182+0000] {logging_mixin.py:188} INFO - [2024-05-30T06:41:44.181+0000] {dag.py:3954} INFO - Setting next_dagrun for example_dag_decorator to None, run_after=None
[2024-05-30T06:41:44.200+0000] {processor.py:183} INFO - Processing /home/airflow/.local/lib/python3.12/site-packages/airflow/example_dags/example_dag_decorator.py took 0.248 seconds
[2024-05-30T06:42:14.666+0000] {processor.py:161} INFO - Started process (PID=238) to work on /home/airflow/.local/lib/python3.12/site-packages/airflow/example_dags/example_dag_decorator.py
[2024-05-30T06:42:14.667+0000] {processor.py:830} INFO - Processing file /home/airflow/.local/lib/python3.12/site-packages/airflow/example_dags/example_dag_decorator.py for tasks to queue
[2024-05-30T06:42:14.668+0000] {logging_mixin.py:188} INFO - [2024-05-30T06:42:14.668+0000] {dagbag.py:545} INFO - Filling up the DagBag from /home/airflow/.local/lib/python3.12/site-packages/airflow/example_dags/example_dag_decorator.py
[2024-05-30T06:42:14.757+0000] {processor.py:840} INFO - DAG(s) 'example_dag_decorator' retrieved from /home/airflow/.local/lib/python3.12/site-packages/airflow/example_dags/example_dag_decorator.py
[2024-05-30T06:42:14.864+0000] {logging_mixin.py:188} INFO - [2024-05-30T06:42:14.864+0000] {dag.py:3096} INFO - Sync 1 DAGs
[2024-05-30T06:42:14.876+0000] {logging_mixin.py:188} INFO - [2024-05-30T06:42:14.875+0000] {dag.py:3954} INFO - Setting next_dagrun for example_dag_decorator to None, run_after=None
[2024-05-30T06:42:14.894+0000] {processor.py:183} INFO - Processing /home/airflow/.local/lib/python3.12/site-packages/airflow/example_dags/example_dag_decorator.py took 0.234 seconds
[2024-05-30T06:42:44.997+0000] {processor.py:161} INFO - Started process (PID=296) to work on /home/airflow/.local/lib/python3.12/site-packages/airflow/example_dags/example_dag_decorator.py
[2024-05-30T06:42:44.998+0000] {processor.py:830} INFO - Processing file /home/airflow/.local/lib/python3.12/site-packages/airflow/example_dags/example_dag_decorator.py for tasks to queue
[2024-05-30T06:42:45.000+0000] {logging_mixin.py:188} INFO - [2024-05-30T06:42:45.000+0000] {dagbag.py:545} INFO - Filling up the DagBag from /home/airflow/.local/lib/python3.12/site-packages/airflow/example_dags/example_dag_decorator.py
[2024-05-30T06:42:45.096+0000] {processor.py:840} INFO - DAG(s) 'example_dag_decorator' retrieved from /home/airflow/.local/lib/python3.12/site-packages/airflow/example_dags/example_dag_decorator.py
[2024-05-30T06:42:45.208+0000] {logging_mixin.py:188} INFO - [2024-05-30T06:42:45.208+0000] {dag.py:3096} INFO - Sync 1 DAGs
[2024-05-30T06:42:45.220+0000] {logging_mixin.py:188} INFO - [2024-05-30T06:42:45.220+0000] {dag.py:3954} INFO - Setting next_dagrun for example_dag_decorator to None, run_after=None
[2024-05-30T06:42:45.354+0000] {processor.py:183} INFO - Processing /home/airflow/.local/lib/python3.12/site-packages/airflow/example_dags/example_dag_decorator.py took 0.363 seconds
[2024-05-30T06:43:15.421+0000] {processor.py:161} INFO - Started process (PID=357) to work on /home/airflow/.local/lib/python3.12/site-packages/airflow/example_dags/example_dag_decorator.py
[2024-05-30T06:43:15.422+0000] {processor.py:830} INFO - Processing file /home/airflow/.local/lib/python3.12/site-packages/airflow/example_dags/example_dag_decorator.py for tasks to queue
[2024-05-30T06:43:15.423+0000] {logging_mixin.py:188} INFO - [2024-05-30T06:43:15.423+0000] {dagbag.py:545} INFO - Filling up the DagBag from /home/airflow/.local/lib/python3.12/site-packages/airflow/example_dags/example_dag_decorator.py
[2024-05-30T06:43:15.510+0000] {processor.py:840} INFO - DAG(s) 'example_dag_decorator' retrieved from /home/airflow/.local/lib/python3.12/site-packages/airflow/example_dags/example_dag_decorator.py
[2024-05-30T06:43:15.608+0000] {logging_mixin.py:188} INFO - [2024-05-30T06:43:15.608+0000] {dag.py:3096} INFO - Sync 1 DAGs
[2024-05-30T06:43:15.618+0000] {logging_mixin.py:188} INFO - [2024-05-30T06:43:15.618+0000] {dag.py:3954} INFO - Setting next_dagrun for example_dag_decorator to None, run_after=None
[2024-05-30T06:43:15.638+0000] {processor.py:183} INFO - Processing /home/airflow/.local/lib/python3.12/site-packages/airflow/example_dags/example_dag_decorator.py took 0.223 seconds
[2024-05-30T06:43:46.532+0000] {processor.py:161} INFO - Started process (PID=415) to work on /home/airflow/.local/lib/python3.12/site-packages/airflow/example_dags/example_dag_decorator.py
[2024-05-30T06:43:46.533+0000] {processor.py:830} INFO - Processing file /home/airflow/.local/lib/python3.12/site-packages/airflow/example_dags/example_dag_decorator.py for tasks to queue
[2024-05-30T06:43:46.535+0000] {logging_mixin.py:188} INFO - [2024-05-30T06:43:46.534+0000] {dagbag.py:545} INFO - Filling up the DagBag from /home/airflow/.local/lib/python3.12/site-packages/airflow/example_dags/example_dag_decorator.py
[2024-05-30T06:43:46.625+0000] {processor.py:840} INFO - DAG(s) 'example_dag_decorator' retrieved from /home/airflow/.local/lib/python3.12/site-packages/airflow/example_dags/example_dag_decorator.py
[2024-05-30T06:43:46.723+0000] {logging_mixin.py:188} INFO - [2024-05-30T06:43:46.723+0000] {dag.py:3096} INFO - Sync 1 DAGs
[2024-05-30T06:43:46.736+0000] {logging_mixin.py:188} INFO - [2024-05-30T06:43:46.735+0000] {dag.py:3954} INFO - Setting next_dagrun for example_dag_decorator to None, run_after=None
[2024-05-30T06:43:46.753+0000] {processor.py:183} INFO - Processing /home/airflow/.local/lib/python3.12/site-packages/airflow/example_dags/example_dag_decorator.py took 0.226 seconds
[2024-05-30T06:44:17.343+0000] {processor.py:161} INFO - Started process (PID=473) to work on /home/airflow/.local/lib/python3.12/site-packages/airflow/example_dags/example_dag_decorator.py
[2024-05-30T06:44:17.344+0000] {processor.py:830} INFO - Processing file /home/airflow/.local/lib/python3.12/site-packages/airflow/example_dags/example_dag_decorator.py for tasks to queue
[2024-05-30T06:44:17.345+0000] {logging_mixin.py:188} INFO - [2024-05-30T06:44:17.345+0000] {dagbag.py:545} INFO - Filling up the DagBag from /home/airflow/.local/lib/python3.12/site-packages/airflow/example_dags/example_dag_decorator.py
[2024-05-30T06:44:17.469+0000] {processor.py:840} INFO - DAG(s) 'example_dag_decorator' retrieved from /home/airflow/.local/lib/python3.12/site-packages/airflow/example_dags/example_dag_decorator.py
[2024-05-30T06:44:17.578+0000] {logging_mixin.py:188} INFO - [2024-05-30T06:44:17.578+0000] {dag.py:3096} INFO - Sync 1 DAGs
[2024-05-30T06:44:17.589+0000] {logging_mixin.py:188} INFO - [2024-05-30T06:44:17.588+0000] {dag.py:3954} INFO - Setting next_dagrun for example_dag_decorator to None, run_after=None
[2024-05-30T06:44:17.607+0000] {processor.py:183} INFO - Processing /home/airflow/.local/lib/python3.12/site-packages/airflow/example_dags/example_dag_decorator.py took 0.269 seconds
[2024-05-30T06:44:47.727+0000] {processor.py:161} INFO - Started process (PID=539) to work on /home/airflow/.local/lib/python3.12/site-packages/airflow/example_dags/example_dag_decorator.py
[2024-05-30T06:44:47.728+0000] {processor.py:830} INFO - Processing file /home/airflow/.local/lib/python3.12/site-packages/airflow/example_dags/example_dag_decorator.py for tasks to queue
[2024-05-30T06:44:47.730+0000] {logging_mixin.py:188} INFO - [2024-05-30T06:44:47.730+0000] {dagbag.py:545} INFO - Filling up the DagBag from /home/airflow/.local/lib/python3.12/site-packages/airflow/example_dags/example_dag_decorator.py
[2024-05-30T06:44:47.819+0000] {processor.py:840} INFO - DAG(s) 'example_dag_decorator' retrieved from /home/airflow/.local/lib/python3.12/site-packages/airflow/example_dags/example_dag_decorator.py
[2024-05-30T06:44:47.915+0000] {logging_mixin.py:188} INFO - [2024-05-30T06:44:47.915+0000] {dag.py:3096} INFO - Sync 1 DAGs
[2024-05-30T06:44:47.926+0000] {logging_mixin.py:188} INFO - [2024-05-30T06:44:47.926+0000] {dag.py:3954} INFO - Setting next_dagrun for example_dag_decorator to None, run_after=None
[2024-05-30T06:44:47.946+0000] {processor.py:183} INFO - Processing /home/airflow/.local/lib/python3.12/site-packages/airflow/example_dags/example_dag_decorator.py took 0.224 seconds
[2024-05-30T06:45:18.004+0000] {processor.py:161} INFO - Started process (PID=599) to work on /home/airflow/.local/lib/python3.12/site-packages/airflow/example_dags/example_dag_decorator.py
[2024-05-30T06:45:18.005+0000] {processor.py:830} INFO - Processing file /home/airflow/.local/lib/python3.12/site-packages/airflow/example_dags/example_dag_decorator.py for tasks to queue
[2024-05-30T06:45:18.007+0000] {logging_mixin.py:188} INFO - [2024-05-30T06:45:18.006+0000] {dagbag.py:545} INFO - Filling up the DagBag from /home/airflow/.local/lib/python3.12/site-packages/airflow/example_dags/example_dag_decorator.py
[2024-05-30T06:45:18.102+0000] {processor.py:840} INFO - DAG(s) 'example_dag_decorator' retrieved from /home/airflow/.local/lib/python3.12/site-packages/airflow/example_dags/example_dag_decorator.py
[2024-05-30T06:45:18.320+0000] {logging_mixin.py:188} INFO - [2024-05-30T06:45:18.319+0000] {dag.py:3096} INFO - Sync 1 DAGs
[2024-05-30T06:45:18.332+0000] {logging_mixin.py:188} INFO - [2024-05-30T06:45:18.331+0000] {dag.py:3954} INFO - Setting next_dagrun for example_dag_decorator to None, run_after=None
[2024-05-30T06:45:18.357+0000] {processor.py:183} INFO - Processing /home/airflow/.local/lib/python3.12/site-packages/airflow/example_dags/example_dag_decorator.py took 0.360 seconds
[2024-05-30T06:45:48.481+0000] {processor.py:161} INFO - Started process (PID=658) to work on /home/airflow/.local/lib/python3.12/site-packages/airflow/example_dags/example_dag_decorator.py
[2024-05-30T06:45:48.483+0000] {processor.py:830} INFO - Processing file /home/airflow/.local/lib/python3.12/site-packages/airflow/example_dags/example_dag_decorator.py for tasks to queue
[2024-05-30T06:45:48.486+0000] {logging_mixin.py:188} INFO - [2024-05-30T06:45:48.486+0000] {dagbag.py:545} INFO - Filling up the DagBag from /home/airflow/.local/lib/python3.12/site-packages/airflow/example_dags/example_dag_decorator.py
[2024-05-30T06:45:48.611+0000] {processor.py:840} INFO - DAG(s) 'example_dag_decorator' retrieved from /home/airflow/.local/lib/python3.12/site-packages/airflow/example_dags/example_dag_decorator.py
[2024-05-30T06:45:48.840+0000] {logging_mixin.py:188} INFO - [2024-05-30T06:45:48.839+0000] {dag.py:3096} INFO - Sync 1 DAGs
[2024-05-30T06:45:48.850+0000] {logging_mixin.py:188} INFO - [2024-05-30T06:45:48.850+0000] {dag.py:3954} INFO - Setting next_dagrun for example_dag_decorator to None, run_after=None
[2024-05-30T06:45:48.866+0000] {processor.py:183} INFO - Processing /home/airflow/.local/lib/python3.12/site-packages/airflow/example_dags/example_dag_decorator.py took 0.393 seconds
[2024-05-30T06:46:18.910+0000] {processor.py:161} INFO - Started process (PID=720) to work on /home/airflow/.local/lib/python3.12/site-packages/airflow/example_dags/example_dag_decorator.py
[2024-05-30T06:46:18.911+0000] {processor.py:830} INFO - Processing file /home/airflow/.local/lib/python3.12/site-packages/airflow/example_dags/example_dag_decorator.py for tasks to queue
[2024-05-30T06:46:18.913+0000] {logging_mixin.py:188} INFO - [2024-05-30T06:46:18.912+0000] {dagbag.py:545} INFO - Filling up the DagBag from /home/airflow/.local/lib/python3.12/site-packages/airflow/example_dags/example_dag_decorator.py
[2024-05-30T06:46:19.005+0000] {processor.py:840} INFO - DAG(s) 'example_dag_decorator' retrieved from /home/airflow/.local/lib/python3.12/site-packages/airflow/example_dags/example_dag_decorator.py
[2024-05-30T06:46:19.208+0000] {logging_mixin.py:188} INFO - [2024-05-30T06:46:19.207+0000] {dag.py:3096} INFO - Sync 1 DAGs
[2024-05-30T06:46:19.218+0000] {logging_mixin.py:188} INFO - [2024-05-30T06:46:19.217+0000] {dag.py:3954} INFO - Setting next_dagrun for example_dag_decorator to None, run_after=None
[2024-05-30T06:46:19.234+0000] {processor.py:183} INFO - Processing /home/airflow/.local/lib/python3.12/site-packages/airflow/example_dags/example_dag_decorator.py took 0.330 seconds
[2024-05-30T06:46:50.214+0000] {processor.py:161} INFO - Started process (PID=778) to work on /home/airflow/.local/lib/python3.12/site-packages/airflow/example_dags/example_dag_decorator.py
[2024-05-30T06:46:50.215+0000] {processor.py:830} INFO - Processing file /home/airflow/.local/lib/python3.12/site-packages/airflow/example_dags/example_dag_decorator.py for tasks to queue
[2024-05-30T06:46:50.216+0000] {logging_mixin.py:188} INFO - [2024-05-30T06:46:50.216+0000] {dagbag.py:545} INFO - Filling up the DagBag from /home/airflow/.local/lib/python3.12/site-packages/airflow/example_dags/example_dag_decorator.py
[2024-05-30T06:46:50.304+0000] {processor.py:840} INFO - DAG(s) 'example_dag_decorator' retrieved from /home/airflow/.local/lib/python3.12/site-packages/airflow/example_dags/example_dag_decorator.py
[2024-05-30T06:46:50.508+0000] {logging_mixin.py:188} INFO - [2024-05-30T06:46:50.508+0000] {dag.py:3096} INFO - Sync 1 DAGs
[2024-05-30T06:46:50.518+0000] {logging_mixin.py:188} INFO - [2024-05-30T06:46:50.517+0000] {dag.py:3954} INFO - Setting next_dagrun for example_dag_decorator to None, run_after=None
[2024-05-30T06:46:50.533+0000] {processor.py:183} INFO - Processing /home/airflow/.local/lib/python3.12/site-packages/airflow/example_dags/example_dag_decorator.py took 0.324 seconds
[2024-05-30T06:47:21.179+0000] {processor.py:161} INFO - Started process (PID=836) to work on /home/airflow/.local/lib/python3.12/site-packages/airflow/example_dags/example_dag_decorator.py
[2024-05-30T06:47:21.180+0000] {processor.py:830} INFO - Processing file /home/airflow/.local/lib/python3.12/site-packages/airflow/example_dags/example_dag_decorator.py for tasks to queue
[2024-05-30T06:47:21.181+0000] {logging_mixin.py:188} INFO - [2024-05-30T06:47:21.181+0000] {dagbag.py:545} INFO - Filling up the DagBag from /home/airflow/.local/lib/python3.12/site-packages/airflow/example_dags/example_dag_decorator.py
[2024-05-30T06:47:21.273+0000] {processor.py:840} INFO - DAG(s) 'example_dag_decorator' retrieved from /home/airflow/.local/lib/python3.12/site-packages/airflow/example_dags/example_dag_decorator.py
[2024-05-30T06:47:21.372+0000] {logging_mixin.py:188} INFO - [2024-05-30T06:47:21.372+0000] {dag.py:3096} INFO - Sync 1 DAGs
[2024-05-30T06:47:21.483+0000] {logging_mixin.py:188} INFO - [2024-05-30T06:47:21.483+0000] {dag.py:3954} INFO - Setting next_dagrun for example_dag_decorator to None, run_after=None
[2024-05-30T06:47:21.499+0000] {processor.py:183} INFO - Processing /home/airflow/.local/lib/python3.12/site-packages/airflow/example_dags/example_dag_decorator.py took 0.325 seconds
[2024-05-30T06:47:51.535+0000] {processor.py:161} INFO - Started process (PID=897) to work on /home/airflow/.local/lib/python3.12/site-packages/airflow/example_dags/example_dag_decorator.py
[2024-05-30T06:47:51.536+0000] {processor.py:830} INFO - Processing file /home/airflow/.local/lib/python3.12/site-packages/airflow/example_dags/example_dag_decorator.py for tasks to queue
[2024-05-30T06:47:51.538+0000] {logging_mixin.py:188} INFO - [2024-05-30T06:47:51.537+0000] {dagbag.py:545} INFO - Filling up the DagBag from /home/airflow/.local/lib/python3.12/site-packages/airflow/example_dags/example_dag_decorator.py
[2024-05-30T06:47:51.647+0000] {processor.py:840} INFO - DAG(s) 'example_dag_decorator' retrieved from /home/airflow/.local/lib/python3.12/site-packages/airflow/example_dags/example_dag_decorator.py
[2024-05-30T06:47:51.931+0000] {logging_mixin.py:188} INFO - [2024-05-30T06:47:51.930+0000] {dag.py:3096} INFO - Sync 1 DAGs
[2024-05-30T06:47:51.941+0000] {logging_mixin.py:188} INFO - [2024-05-30T06:47:51.941+0000] {dag.py:3954} INFO - Setting next_dagrun for example_dag_decorator to None, run_after=None
[2024-05-30T06:47:51.963+0000] {processor.py:183} INFO - Processing /home/airflow/.local/lib/python3.12/site-packages/airflow/example_dags/example_dag_decorator.py took 0.435 seconds
[2024-05-30T06:48:22.685+0000] {processor.py:161} INFO - Started process (PID=955) to work on /home/airflow/.local/lib/python3.12/site-packages/airflow/example_dags/example_dag_decorator.py
[2024-05-30T06:48:22.686+0000] {processor.py:830} INFO - Processing file /home/airflow/.local/lib/python3.12/site-packages/airflow/example_dags/example_dag_decorator.py for tasks to queue
[2024-05-30T06:48:22.687+0000] {logging_mixin.py:188} INFO - [2024-05-30T06:48:22.687+0000] {dagbag.py:545} INFO - Filling up the DagBag from /home/airflow/.local/lib/python3.12/site-packages/airflow/example_dags/example_dag_decorator.py
[2024-05-30T06:48:22.775+0000] {processor.py:840} INFO - DAG(s) 'example_dag_decorator' retrieved from /home/airflow/.local/lib/python3.12/site-packages/airflow/example_dags/example_dag_decorator.py
[2024-05-30T06:48:22.963+0000] {logging_mixin.py:188} INFO - [2024-05-30T06:48:22.962+0000] {dag.py:3096} INFO - Sync 1 DAGs
[2024-05-30T06:48:22.973+0000] {logging_mixin.py:188} INFO - [2024-05-30T06:48:22.973+0000] {dag.py:3954} INFO - Setting next_dagrun for example_dag_decorator to None, run_after=None
[2024-05-30T06:48:22.990+0000] {processor.py:183} INFO - Processing /home/airflow/.local/lib/python3.12/site-packages/airflow/example_dags/example_dag_decorator.py took 0.311 seconds
[2024-05-30T06:48:53.815+0000] {processor.py:161} INFO - Started process (PID=1013) to work on /home/airflow/.local/lib/python3.12/site-packages/airflow/example_dags/example_dag_decorator.py
[2024-05-30T06:48:53.816+0000] {processor.py:830} INFO - Processing file /home/airflow/.local/lib/python3.12/site-packages/airflow/example_dags/example_dag_decorator.py for tasks to queue
[2024-05-30T06:48:53.818+0000] {logging_mixin.py:188} INFO - [2024-05-30T06:48:53.818+0000] {dagbag.py:545} INFO - Filling up the DagBag from /home/airflow/.local/lib/python3.12/site-packages/airflow/example_dags/example_dag_decorator.py
[2024-05-30T06:48:53.914+0000] {processor.py:840} INFO - DAG(s) 'example_dag_decorator' retrieved from /home/airflow/.local/lib/python3.12/site-packages/airflow/example_dags/example_dag_decorator.py
[2024-05-30T06:48:54.112+0000] {logging_mixin.py:188} INFO - [2024-05-30T06:48:54.112+0000] {dag.py:3096} INFO - Sync 1 DAGs
[2024-05-30T06:48:54.122+0000] {logging_mixin.py:188} INFO - [2024-05-30T06:48:54.122+0000] {dag.py:3954} INFO - Setting next_dagrun for example_dag_decorator to None, run_after=None
[2024-05-30T06:48:54.139+0000] {processor.py:183} INFO - Processing /home/airflow/.local/lib/python3.12/site-packages/airflow/example_dags/example_dag_decorator.py took 0.330 seconds
[2024-05-30T06:49:24.309+0000] {processor.py:161} INFO - Started process (PID=1071) to work on /home/airflow/.local/lib/python3.12/site-packages/airflow/example_dags/example_dag_decorator.py
[2024-05-30T06:49:24.310+0000] {processor.py:830} INFO - Processing file /home/airflow/.local/lib/python3.12/site-packages/airflow/example_dags/example_dag_decorator.py for tasks to queue
[2024-05-30T06:49:24.312+0000] {logging_mixin.py:188} INFO - [2024-05-30T06:49:24.312+0000] {dagbag.py:545} INFO - Filling up the DagBag from /home/airflow/.local/lib/python3.12/site-packages/airflow/example_dags/example_dag_decorator.py
[2024-05-30T06:49:24.399+0000] {processor.py:840} INFO - DAG(s) 'example_dag_decorator' retrieved from /home/airflow/.local/lib/python3.12/site-packages/airflow/example_dags/example_dag_decorator.py
[2024-05-30T06:49:24.609+0000] {logging_mixin.py:188} INFO - [2024-05-30T06:49:24.609+0000] {dag.py:3096} INFO - Sync 1 DAGs
[2024-05-30T06:49:24.618+0000] {logging_mixin.py:188} INFO - [2024-05-30T06:49:24.618+0000] {dag.py:3954} INFO - Setting next_dagrun for example_dag_decorator to None, run_after=None
[2024-05-30T06:49:24.635+0000] {processor.py:183} INFO - Processing /home/airflow/.local/lib/python3.12/site-packages/airflow/example_dags/example_dag_decorator.py took 0.332 seconds
[2024-05-30T06:49:55.301+0000] {processor.py:161} INFO - Started process (PID=1129) to work on /home/airflow/.local/lib/python3.12/site-packages/airflow/example_dags/example_dag_decorator.py
[2024-05-30T06:49:55.302+0000] {processor.py:830} INFO - Processing file /home/airflow/.local/lib/python3.12/site-packages/airflow/example_dags/example_dag_decorator.py for tasks to queue
[2024-05-30T06:49:55.304+0000] {logging_mixin.py:188} INFO - [2024-05-30T06:49:55.304+0000] {dagbag.py:545} INFO - Filling up the DagBag from /home/airflow/.local/lib/python3.12/site-packages/airflow/example_dags/example_dag_decorator.py
[2024-05-30T06:49:55.391+0000] {processor.py:840} INFO - DAG(s) 'example_dag_decorator' retrieved from /home/airflow/.local/lib/python3.12/site-packages/airflow/example_dags/example_dag_decorator.py
[2024-05-30T06:49:55.578+0000] {logging_mixin.py:188} INFO - [2024-05-30T06:49:55.578+0000] {dag.py:3096} INFO - Sync 1 DAGs
[2024-05-30T06:49:55.587+0000] {logging_mixin.py:188} INFO - [2024-05-30T06:49:55.587+0000] {dag.py:3954} INFO - Setting next_dagrun for example_dag_decorator to None, run_after=None
[2024-05-30T06:49:55.603+0000] {processor.py:183} INFO - Processing /home/airflow/.local/lib/python3.12/site-packages/airflow/example_dags/example_dag_decorator.py took 0.308 seconds
[2024-05-30T06:50:25.902+0000] {processor.py:161} INFO - Started process (PID=1187) to work on /home/airflow/.local/lib/python3.12/site-packages/airflow/example_dags/example_dag_decorator.py
[2024-05-30T06:50:25.903+0000] {processor.py:830} INFO - Processing file /home/airflow/.local/lib/python3.12/site-packages/airflow/example_dags/example_dag_decorator.py for tasks to queue
[2024-05-30T06:50:25.904+0000] {logging_mixin.py:188} INFO - [2024-05-30T06:50:25.904+0000] {dagbag.py:545} INFO - Filling up the DagBag from /home/airflow/.local/lib/python3.12/site-packages/airflow/example_dags/example_dag_decorator.py
[2024-05-30T06:50:25.990+0000] {processor.py:840} INFO - DAG(s) 'example_dag_decorator' retrieved from /home/airflow/.local/lib/python3.12/site-packages/airflow/example_dags/example_dag_decorator.py
[2024-05-30T06:50:26.179+0000] {logging_mixin.py:188} INFO - [2024-05-30T06:50:26.179+0000] {dag.py:3096} INFO - Sync 1 DAGs
[2024-05-30T06:50:26.189+0000] {logging_mixin.py:188} INFO - [2024-05-30T06:50:26.188+0000] {dag.py:3954} INFO - Setting next_dagrun for example_dag_decorator to None, run_after=None
[2024-05-30T06:50:26.205+0000] {processor.py:183} INFO - Processing /home/airflow/.local/lib/python3.12/site-packages/airflow/example_dags/example_dag_decorator.py took 0.308 seconds
[2024-05-30T06:50:56.712+0000] {processor.py:161} INFO - Started process (PID=1245) to work on /home/airflow/.local/lib/python3.12/site-packages/airflow/example_dags/example_dag_decorator.py
[2024-05-30T06:50:56.713+0000] {processor.py:830} INFO - Processing file /home/airflow/.local/lib/python3.12/site-packages/airflow/example_dags/example_dag_decorator.py for tasks to queue
[2024-05-30T06:50:56.715+0000] {logging_mixin.py:188} INFO - [2024-05-30T06:50:56.715+0000] {dagbag.py:545} INFO - Filling up the DagBag from /home/airflow/.local/lib/python3.12/site-packages/airflow/example_dags/example_dag_decorator.py
[2024-05-30T06:50:56.948+0000] {processor.py:840} INFO - DAG(s) 'example_dag_decorator' retrieved from /home/airflow/.local/lib/python3.12/site-packages/airflow/example_dags/example_dag_decorator.py
[2024-05-30T06:50:57.042+0000] {logging_mixin.py:188} INFO - [2024-05-30T06:50:57.042+0000] {dag.py:3096} INFO - Sync 1 DAGs
[2024-05-30T06:50:57.053+0000] {logging_mixin.py:188} INFO - [2024-05-30T06:50:57.052+0000] {dag.py:3954} INFO - Setting next_dagrun for example_dag_decorator to None, run_after=None
[2024-05-30T06:50:57.072+0000] {processor.py:183} INFO - Processing /home/airflow/.local/lib/python3.12/site-packages/airflow/example_dags/example_dag_decorator.py took 0.367 seconds
[2024-05-30T06:51:27.531+0000] {processor.py:161} INFO - Started process (PID=1303) to work on /home/airflow/.local/lib/python3.12/site-packages/airflow/example_dags/example_dag_decorator.py
[2024-05-30T06:51:27.532+0000] {processor.py:830} INFO - Processing file /home/airflow/.local/lib/python3.12/site-packages/airflow/example_dags/example_dag_decorator.py for tasks to queue
[2024-05-30T06:51:27.533+0000] {logging_mixin.py:188} INFO - [2024-05-30T06:51:27.533+0000] {dagbag.py:545} INFO - Filling up the DagBag from /home/airflow/.local/lib/python3.12/site-packages/airflow/example_dags/example_dag_decorator.py
[2024-05-30T06:51:27.724+0000] {processor.py:840} INFO - DAG(s) 'example_dag_decorator' retrieved from /home/airflow/.local/lib/python3.12/site-packages/airflow/example_dags/example_dag_decorator.py
[2024-05-30T06:51:27.809+0000] {logging_mixin.py:188} INFO - [2024-05-30T06:51:27.808+0000] {dag.py:3096} INFO - Sync 1 DAGs
[2024-05-30T06:51:27.817+0000] {logging_mixin.py:188} INFO - [2024-05-30T06:51:27.817+0000] {dag.py:3954} INFO - Setting next_dagrun for example_dag_decorator to None, run_after=None
[2024-05-30T06:51:27.833+0000] {processor.py:183} INFO - Processing /home/airflow/.local/lib/python3.12/site-packages/airflow/example_dags/example_dag_decorator.py took 0.307 seconds
[2024-05-30T06:51:58.056+0000] {processor.py:161} INFO - Started process (PID=1361) to work on /home/airflow/.local/lib/python3.12/site-packages/airflow/example_dags/example_dag_decorator.py
[2024-05-30T06:51:58.057+0000] {processor.py:830} INFO - Processing file /home/airflow/.local/lib/python3.12/site-packages/airflow/example_dags/example_dag_decorator.py for tasks to queue
[2024-05-30T06:51:58.059+0000] {logging_mixin.py:188} INFO - [2024-05-30T06:51:58.058+0000] {dagbag.py:545} INFO - Filling up the DagBag from /home/airflow/.local/lib/python3.12/site-packages/airflow/example_dags/example_dag_decorator.py
[2024-05-30T06:51:58.238+0000] {processor.py:840} INFO - DAG(s) 'example_dag_decorator' retrieved from /home/airflow/.local/lib/python3.12/site-packages/airflow/example_dags/example_dag_decorator.py
[2024-05-30T06:51:58.324+0000] {logging_mixin.py:188} INFO - [2024-05-30T06:51:58.324+0000] {dag.py:3096} INFO - Sync 1 DAGs
[2024-05-30T06:51:58.333+0000] {logging_mixin.py:188} INFO - [2024-05-30T06:51:58.333+0000] {dag.py:3954} INFO - Setting next_dagrun for example_dag_decorator to None, run_after=None
[2024-05-30T06:51:58.350+0000] {processor.py:183} INFO - Processing /home/airflow/.local/lib/python3.12/site-packages/airflow/example_dags/example_dag_decorator.py took 0.299 seconds
[2024-05-30T06:52:28.600+0000] {processor.py:161} INFO - Started process (PID=1419) to work on /home/airflow/.local/lib/python3.12/site-packages/airflow/example_dags/example_dag_decorator.py
[2024-05-30T06:52:28.601+0000] {processor.py:830} INFO - Processing file /home/airflow/.local/lib/python3.12/site-packages/airflow/example_dags/example_dag_decorator.py for tasks to queue
[2024-05-30T06:52:28.602+0000] {logging_mixin.py:188} INFO - [2024-05-30T06:52:28.602+0000] {dagbag.py:545} INFO - Filling up the DagBag from /home/airflow/.local/lib/python3.12/site-packages/airflow/example_dags/example_dag_decorator.py
[2024-05-30T06:52:28.795+0000] {processor.py:840} INFO - DAG(s) 'example_dag_decorator' retrieved from /home/airflow/.local/lib/python3.12/site-packages/airflow/example_dags/example_dag_decorator.py
[2024-05-30T06:52:28.883+0000] {logging_mixin.py:188} INFO - [2024-05-30T06:52:28.883+0000] {dag.py:3096} INFO - Sync 1 DAGs
[2024-05-30T06:52:28.892+0000] {logging_mixin.py:188} INFO - [2024-05-30T06:52:28.892+0000] {dag.py:3954} INFO - Setting next_dagrun for example_dag_decorator to None, run_after=None
[2024-05-30T06:52:28.908+0000] {processor.py:183} INFO - Processing /home/airflow/.local/lib/python3.12/site-packages/airflow/example_dags/example_dag_decorator.py took 0.313 seconds
[2024-05-30T06:52:59.212+0000] {processor.py:161} INFO - Started process (PID=1477) to work on /home/airflow/.local/lib/python3.12/site-packages/airflow/example_dags/example_dag_decorator.py
[2024-05-30T06:52:59.213+0000] {processor.py:830} INFO - Processing file /home/airflow/.local/lib/python3.12/site-packages/airflow/example_dags/example_dag_decorator.py for tasks to queue
[2024-05-30T06:52:59.215+0000] {logging_mixin.py:188} INFO - [2024-05-30T06:52:59.215+0000] {dagbag.py:545} INFO - Filling up the DagBag from /home/airflow/.local/lib/python3.12/site-packages/airflow/example_dags/example_dag_decorator.py
[2024-05-30T06:52:59.304+0000] {processor.py:840} INFO - DAG(s) 'example_dag_decorator' retrieved from /home/airflow/.local/lib/python3.12/site-packages/airflow/example_dags/example_dag_decorator.py
[2024-05-30T06:52:59.500+0000] {logging_mixin.py:188} INFO - [2024-05-30T06:52:59.500+0000] {dag.py:3096} INFO - Sync 1 DAGs
[2024-05-30T06:52:59.510+0000] {logging_mixin.py:188} INFO - [2024-05-30T06:52:59.510+0000] {dag.py:3954} INFO - Setting next_dagrun for example_dag_decorator to None, run_after=None
[2024-05-30T06:52:59.527+0000] {processor.py:183} INFO - Processing /home/airflow/.local/lib/python3.12/site-packages/airflow/example_dags/example_dag_decorator.py took 0.321 seconds
[2024-05-30T06:53:29.604+0000] {processor.py:161} INFO - Started process (PID=1535) to work on /home/airflow/.local/lib/python3.12/site-packages/airflow/example_dags/example_dag_decorator.py
[2024-05-30T06:53:29.605+0000] {processor.py:830} INFO - Processing file /home/airflow/.local/lib/python3.12/site-packages/airflow/example_dags/example_dag_decorator.py for tasks to queue
[2024-05-30T06:53:29.607+0000] {logging_mixin.py:188} INFO - [2024-05-30T06:53:29.607+0000] {dagbag.py:545} INFO - Filling up the DagBag from /home/airflow/.local/lib/python3.12/site-packages/airflow/example_dags/example_dag_decorator.py
[2024-05-30T06:53:29.784+0000] {processor.py:840} INFO - DAG(s) 'example_dag_decorator' retrieved from /home/airflow/.local/lib/python3.12/site-packages/airflow/example_dags/example_dag_decorator.py
[2024-05-30T06:53:29.872+0000] {logging_mixin.py:188} INFO - [2024-05-30T06:53:29.872+0000] {dag.py:3096} INFO - Sync 1 DAGs
[2024-05-30T06:53:29.881+0000] {logging_mixin.py:188} INFO - [2024-05-30T06:53:29.881+0000] {dag.py:3954} INFO - Setting next_dagrun for example_dag_decorator to None, run_after=None
[2024-05-30T06:53:29.897+0000] {processor.py:183} INFO - Processing /home/airflow/.local/lib/python3.12/site-packages/airflow/example_dags/example_dag_decorator.py took 0.298 seconds
[2024-05-30T06:54:00.460+0000] {processor.py:161} INFO - Started process (PID=1592) to work on /home/airflow/.local/lib/python3.12/site-packages/airflow/example_dags/example_dag_decorator.py
[2024-05-30T06:54:00.461+0000] {processor.py:830} INFO - Processing file /home/airflow/.local/lib/python3.12/site-packages/airflow/example_dags/example_dag_decorator.py for tasks to queue
[2024-05-30T06:54:00.462+0000] {logging_mixin.py:188} INFO - [2024-05-30T06:54:00.462+0000] {dagbag.py:545} INFO - Filling up the DagBag from /home/airflow/.local/lib/python3.12/site-packages/airflow/example_dags/example_dag_decorator.py
[2024-05-30T06:54:00.550+0000] {processor.py:840} INFO - DAG(s) 'example_dag_decorator' retrieved from /home/airflow/.local/lib/python3.12/site-packages/airflow/example_dags/example_dag_decorator.py
[2024-05-30T06:54:00.646+0000] {logging_mixin.py:188} INFO - [2024-05-30T06:54:00.646+0000] {dag.py:3096} INFO - Sync 1 DAGs
[2024-05-30T06:54:00.656+0000] {logging_mixin.py:188} INFO - [2024-05-30T06:54:00.655+0000] {dag.py:3954} INFO - Setting next_dagrun for example_dag_decorator to None, run_after=None
[2024-05-30T06:54:00.672+0000] {processor.py:183} INFO - Processing /home/airflow/.local/lib/python3.12/site-packages/airflow/example_dags/example_dag_decorator.py took 0.218 seconds
[2024-05-30T06:54:30.902+0000] {processor.py:161} INFO - Started process (PID=1650) to work on /home/airflow/.local/lib/python3.12/site-packages/airflow/example_dags/example_dag_decorator.py
[2024-05-30T06:54:30.903+0000] {processor.py:830} INFO - Processing file /home/airflow/.local/lib/python3.12/site-packages/airflow/example_dags/example_dag_decorator.py for tasks to queue
[2024-05-30T06:54:30.905+0000] {logging_mixin.py:188} INFO - [2024-05-30T06:54:30.905+0000] {dagbag.py:545} INFO - Filling up the DagBag from /home/airflow/.local/lib/python3.12/site-packages/airflow/example_dags/example_dag_decorator.py
[2024-05-30T06:54:31.010+0000] {processor.py:840} INFO - DAG(s) 'example_dag_decorator' retrieved from /home/airflow/.local/lib/python3.12/site-packages/airflow/example_dags/example_dag_decorator.py
[2024-05-30T06:54:31.119+0000] {logging_mixin.py:188} INFO - [2024-05-30T06:54:31.118+0000] {dag.py:3096} INFO - Sync 1 DAGs
[2024-05-30T06:54:31.130+0000] {logging_mixin.py:188} INFO - [2024-05-30T06:54:31.130+0000] {dag.py:3954} INFO - Setting next_dagrun for example_dag_decorator to None, run_after=None
[2024-05-30T06:54:31.150+0000] {processor.py:183} INFO - Processing /home/airflow/.local/lib/python3.12/site-packages/airflow/example_dags/example_dag_decorator.py took 0.253 seconds
[2024-05-30T06:55:01.315+0000] {processor.py:161} INFO - Started process (PID=1709) to work on /home/airflow/.local/lib/python3.12/site-packages/airflow/example_dags/example_dag_decorator.py
[2024-05-30T06:55:01.315+0000] {processor.py:830} INFO - Processing file /home/airflow/.local/lib/python3.12/site-packages/airflow/example_dags/example_dag_decorator.py for tasks to queue
[2024-05-30T06:55:01.317+0000] {logging_mixin.py:188} INFO - [2024-05-30T06:55:01.317+0000] {dagbag.py:545} INFO - Filling up the DagBag from /home/airflow/.local/lib/python3.12/site-packages/airflow/example_dags/example_dag_decorator.py
[2024-05-30T06:55:01.408+0000] {processor.py:840} INFO - DAG(s) 'example_dag_decorator' retrieved from /home/airflow/.local/lib/python3.12/site-packages/airflow/example_dags/example_dag_decorator.py
[2024-05-30T06:55:01.509+0000] {logging_mixin.py:188} INFO - [2024-05-30T06:55:01.509+0000] {dag.py:3096} INFO - Sync 1 DAGs
[2024-05-30T06:55:01.520+0000] {logging_mixin.py:188} INFO - [2024-05-30T06:55:01.519+0000] {dag.py:3954} INFO - Setting next_dagrun for example_dag_decorator to None, run_after=None
[2024-05-30T06:55:01.538+0000] {processor.py:183} INFO - Processing /home/airflow/.local/lib/python3.12/site-packages/airflow/example_dags/example_dag_decorator.py took 0.229 seconds
[2024-05-30T06:55:32.205+0000] {processor.py:161} INFO - Started process (PID=1766) to work on /home/airflow/.local/lib/python3.12/site-packages/airflow/example_dags/example_dag_decorator.py
[2024-05-30T06:55:32.206+0000] {processor.py:830} INFO - Processing file /home/airflow/.local/lib/python3.12/site-packages/airflow/example_dags/example_dag_decorator.py for tasks to queue
[2024-05-30T06:55:32.208+0000] {logging_mixin.py:188} INFO - [2024-05-30T06:55:32.208+0000] {dagbag.py:545} INFO - Filling up the DagBag from /home/airflow/.local/lib/python3.12/site-packages/airflow/example_dags/example_dag_decorator.py
[2024-05-30T06:55:32.309+0000] {processor.py:840} INFO - DAG(s) 'example_dag_decorator' retrieved from /home/airflow/.local/lib/python3.12/site-packages/airflow/example_dags/example_dag_decorator.py
[2024-05-30T06:55:32.409+0000] {logging_mixin.py:188} INFO - [2024-05-30T06:55:32.409+0000] {dag.py:3096} INFO - Sync 1 DAGs
[2024-05-30T06:55:32.420+0000] {logging_mixin.py:188} INFO - [2024-05-30T06:55:32.420+0000] {dag.py:3954} INFO - Setting next_dagrun for example_dag_decorator to None, run_after=None
[2024-05-30T06:55:32.437+0000] {processor.py:183} INFO - Processing /home/airflow/.local/lib/python3.12/site-packages/airflow/example_dags/example_dag_decorator.py took 0.237 seconds
[2024-05-30T06:56:03.334+0000] {processor.py:161} INFO - Started process (PID=1824) to work on /home/airflow/.local/lib/python3.12/site-packages/airflow/example_dags/example_dag_decorator.py
[2024-05-30T06:56:03.335+0000] {processor.py:830} INFO - Processing file /home/airflow/.local/lib/python3.12/site-packages/airflow/example_dags/example_dag_decorator.py for tasks to queue
[2024-05-30T06:56:03.337+0000] {logging_mixin.py:188} INFO - [2024-05-30T06:56:03.337+0000] {dagbag.py:545} INFO - Filling up the DagBag from /home/airflow/.local/lib/python3.12/site-packages/airflow/example_dags/example_dag_decorator.py
[2024-05-30T06:56:03.430+0000] {processor.py:840} INFO - DAG(s) 'example_dag_decorator' retrieved from /home/airflow/.local/lib/python3.12/site-packages/airflow/example_dags/example_dag_decorator.py
[2024-05-30T06:56:03.528+0000] {logging_mixin.py:188} INFO - [2024-05-30T06:56:03.527+0000] {dag.py:3096} INFO - Sync 1 DAGs
[2024-05-30T06:56:03.539+0000] {logging_mixin.py:188} INFO - [2024-05-30T06:56:03.538+0000] {dag.py:3954} INFO - Setting next_dagrun for example_dag_decorator to None, run_after=None
[2024-05-30T06:56:03.555+0000] {processor.py:183} INFO - Processing /home/airflow/.local/lib/python3.12/site-packages/airflow/example_dags/example_dag_decorator.py took 0.228 seconds
[2024-05-30T06:56:34.442+0000] {processor.py:161} INFO - Started process (PID=1882) to work on /home/airflow/.local/lib/python3.12/site-packages/airflow/example_dags/example_dag_decorator.py
[2024-05-30T06:56:34.443+0000] {processor.py:830} INFO - Processing file /home/airflow/.local/lib/python3.12/site-packages/airflow/example_dags/example_dag_decorator.py for tasks to queue
[2024-05-30T06:56:34.444+0000] {logging_mixin.py:188} INFO - [2024-05-30T06:56:34.444+0000] {dagbag.py:545} INFO - Filling up the DagBag from /home/airflow/.local/lib/python3.12/site-packages/airflow/example_dags/example_dag_decorator.py
[2024-05-30T06:56:34.540+0000] {processor.py:840} INFO - DAG(s) 'example_dag_decorator' retrieved from /home/airflow/.local/lib/python3.12/site-packages/airflow/example_dags/example_dag_decorator.py
[2024-05-30T06:56:34.639+0000] {logging_mixin.py:188} INFO - [2024-05-30T06:56:34.638+0000] {dag.py:3096} INFO - Sync 1 DAGs
[2024-05-30T06:56:34.649+0000] {logging_mixin.py:188} INFO - [2024-05-30T06:56:34.648+0000] {dag.py:3954} INFO - Setting next_dagrun for example_dag_decorator to None, run_after=None
[2024-05-30T06:56:34.667+0000] {processor.py:183} INFO - Processing /home/airflow/.local/lib/python3.12/site-packages/airflow/example_dags/example_dag_decorator.py took 0.231 seconds
[2024-05-30T06:57:05.280+0000] {processor.py:161} INFO - Started process (PID=1940) to work on /home/airflow/.local/lib/python3.12/site-packages/airflow/example_dags/example_dag_decorator.py
[2024-05-30T06:57:05.281+0000] {processor.py:830} INFO - Processing file /home/airflow/.local/lib/python3.12/site-packages/airflow/example_dags/example_dag_decorator.py for tasks to queue
[2024-05-30T06:57:05.283+0000] {logging_mixin.py:188} INFO - [2024-05-30T06:57:05.283+0000] {dagbag.py:545} INFO - Filling up the DagBag from /home/airflow/.local/lib/python3.12/site-packages/airflow/example_dags/example_dag_decorator.py
[2024-05-30T06:57:05.371+0000] {processor.py:840} INFO - DAG(s) 'example_dag_decorator' retrieved from /home/airflow/.local/lib/python3.12/site-packages/airflow/example_dags/example_dag_decorator.py
[2024-05-30T06:57:05.467+0000] {logging_mixin.py:188} INFO - [2024-05-30T06:57:05.467+0000] {dag.py:3096} INFO - Sync 1 DAGs
[2024-05-30T06:57:05.477+0000] {logging_mixin.py:188} INFO - [2024-05-30T06:57:05.477+0000] {dag.py:3954} INFO - Setting next_dagrun for example_dag_decorator to None, run_after=None
[2024-05-30T06:57:05.494+0000] {processor.py:183} INFO - Processing /home/airflow/.local/lib/python3.12/site-packages/airflow/example_dags/example_dag_decorator.py took 0.219 seconds
[2024-05-30T06:57:35.884+0000] {processor.py:161} INFO - Started process (PID=1998) to work on /home/airflow/.local/lib/python3.12/site-packages/airflow/example_dags/example_dag_decorator.py
[2024-05-30T06:57:35.885+0000] {processor.py:830} INFO - Processing file /home/airflow/.local/lib/python3.12/site-packages/airflow/example_dags/example_dag_decorator.py for tasks to queue
[2024-05-30T06:57:35.886+0000] {logging_mixin.py:188} INFO - [2024-05-30T06:57:35.886+0000] {dagbag.py:545} INFO - Filling up the DagBag from /home/airflow/.local/lib/python3.12/site-packages/airflow/example_dags/example_dag_decorator.py
[2024-05-30T06:57:35.974+0000] {processor.py:840} INFO - DAG(s) 'example_dag_decorator' retrieved from /home/airflow/.local/lib/python3.12/site-packages/airflow/example_dags/example_dag_decorator.py
[2024-05-30T06:57:36.067+0000] {logging_mixin.py:188} INFO - [2024-05-30T06:57:36.067+0000] {dag.py:3096} INFO - Sync 1 DAGs
[2024-05-30T06:57:36.077+0000] {logging_mixin.py:188} INFO - [2024-05-30T06:57:36.077+0000] {dag.py:3954} INFO - Setting next_dagrun for example_dag_decorator to None, run_after=None
[2024-05-30T06:57:36.093+0000] {processor.py:183} INFO - Processing /home/airflow/.local/lib/python3.12/site-packages/airflow/example_dags/example_dag_decorator.py took 0.214 seconds
[2024-05-30T06:58:06.418+0000] {processor.py:161} INFO - Started process (PID=2056) to work on /home/airflow/.local/lib/python3.12/site-packages/airflow/example_dags/example_dag_decorator.py
[2024-05-30T06:58:06.419+0000] {processor.py:830} INFO - Processing file /home/airflow/.local/lib/python3.12/site-packages/airflow/example_dags/example_dag_decorator.py for tasks to queue
[2024-05-30T06:58:06.421+0000] {logging_mixin.py:188} INFO - [2024-05-30T06:58:06.421+0000] {dagbag.py:545} INFO - Filling up the DagBag from /home/airflow/.local/lib/python3.12/site-packages/airflow/example_dags/example_dag_decorator.py
[2024-05-30T06:58:06.510+0000] {processor.py:840} INFO - DAG(s) 'example_dag_decorator' retrieved from /home/airflow/.local/lib/python3.12/site-packages/airflow/example_dags/example_dag_decorator.py
[2024-05-30T06:58:06.615+0000] {logging_mixin.py:188} INFO - [2024-05-30T06:58:06.615+0000] {dag.py:3096} INFO - Sync 1 DAGs
[2024-05-30T06:58:06.626+0000] {logging_mixin.py:188} INFO - [2024-05-30T06:58:06.626+0000] {dag.py:3954} INFO - Setting next_dagrun for example_dag_decorator to None, run_after=None
[2024-05-30T06:58:06.645+0000] {processor.py:183} INFO - Processing /home/airflow/.local/lib/python3.12/site-packages/airflow/example_dags/example_dag_decorator.py took 0.235 seconds
[2024-05-30T06:58:37.166+0000] {processor.py:161} INFO - Started process (PID=2114) to work on /home/airflow/.local/lib/python3.12/site-packages/airflow/example_dags/example_dag_decorator.py
[2024-05-30T06:58:37.167+0000] {processor.py:830} INFO - Processing file /home/airflow/.local/lib/python3.12/site-packages/airflow/example_dags/example_dag_decorator.py for tasks to queue
[2024-05-30T06:58:37.169+0000] {logging_mixin.py:188} INFO - [2024-05-30T06:58:37.168+0000] {dagbag.py:545} INFO - Filling up the DagBag from /home/airflow/.local/lib/python3.12/site-packages/airflow/example_dags/example_dag_decorator.py
[2024-05-30T06:58:37.257+0000] {processor.py:840} INFO - DAG(s) 'example_dag_decorator' retrieved from /home/airflow/.local/lib/python3.12/site-packages/airflow/example_dags/example_dag_decorator.py
[2024-05-30T06:58:37.353+0000] {logging_mixin.py:188} INFO - [2024-05-30T06:58:37.353+0000] {dag.py:3096} INFO - Sync 1 DAGs
[2024-05-30T06:58:37.363+0000] {logging_mixin.py:188} INFO - [2024-05-30T06:58:37.363+0000] {dag.py:3954} INFO - Setting next_dagrun for example_dag_decorator to None, run_after=None
[2024-05-30T06:58:37.379+0000] {processor.py:183} INFO - Processing /home/airflow/.local/lib/python3.12/site-packages/airflow/example_dags/example_dag_decorator.py took 0.218 seconds
[2024-05-30T06:59:07.689+0000] {processor.py:161} INFO - Started process (PID=2172) to work on /home/airflow/.local/lib/python3.12/site-packages/airflow/example_dags/example_dag_decorator.py
[2024-05-30T06:59:07.690+0000] {processor.py:830} INFO - Processing file /home/airflow/.local/lib/python3.12/site-packages/airflow/example_dags/example_dag_decorator.py for tasks to queue
[2024-05-30T06:59:07.691+0000] {logging_mixin.py:188} INFO - [2024-05-30T06:59:07.691+0000] {dagbag.py:545} INFO - Filling up the DagBag from /home/airflow/.local/lib/python3.12/site-packages/airflow/example_dags/example_dag_decorator.py
[2024-05-30T06:59:07.780+0000] {processor.py:840} INFO - DAG(s) 'example_dag_decorator' retrieved from /home/airflow/.local/lib/python3.12/site-packages/airflow/example_dags/example_dag_decorator.py
[2024-05-30T06:59:07.876+0000] {logging_mixin.py:188} INFO - [2024-05-30T06:59:07.876+0000] {dag.py:3096} INFO - Sync 1 DAGs
[2024-05-30T06:59:07.887+0000] {logging_mixin.py:188} INFO - [2024-05-30T06:59:07.887+0000] {dag.py:3954} INFO - Setting next_dagrun for example_dag_decorator to None, run_after=None
[2024-05-30T06:59:07.903+0000] {processor.py:183} INFO - Processing /home/airflow/.local/lib/python3.12/site-packages/airflow/example_dags/example_dag_decorator.py took 0.219 seconds
[2024-05-30T06:59:38.131+0000] {processor.py:161} INFO - Started process (PID=2230) to work on /home/airflow/.local/lib/python3.12/site-packages/airflow/example_dags/example_dag_decorator.py
[2024-05-30T06:59:38.132+0000] {processor.py:830} INFO - Processing file /home/airflow/.local/lib/python3.12/site-packages/airflow/example_dags/example_dag_decorator.py for tasks to queue
[2024-05-30T06:59:38.134+0000] {logging_mixin.py:188} INFO - [2024-05-30T06:59:38.133+0000] {dagbag.py:545} INFO - Filling up the DagBag from /home/airflow/.local/lib/python3.12/site-packages/airflow/example_dags/example_dag_decorator.py
[2024-05-30T06:59:38.221+0000] {processor.py:840} INFO - DAG(s) 'example_dag_decorator' retrieved from /home/airflow/.local/lib/python3.12/site-packages/airflow/example_dags/example_dag_decorator.py
[2024-05-30T06:59:38.320+0000] {logging_mixin.py:188} INFO - [2024-05-30T06:59:38.320+0000] {dag.py:3096} INFO - Sync 1 DAGs
[2024-05-30T06:59:38.331+0000] {logging_mixin.py:188} INFO - [2024-05-30T06:59:38.331+0000] {dag.py:3954} INFO - Setting next_dagrun for example_dag_decorator to None, run_after=None
[2024-05-30T06:59:38.351+0000] {processor.py:183} INFO - Processing /home/airflow/.local/lib/python3.12/site-packages/airflow/example_dags/example_dag_decorator.py took 0.225 seconds
[2024-05-30T07:00:08.725+0000] {processor.py:161} INFO - Started process (PID=2288) to work on /home/airflow/.local/lib/python3.12/site-packages/airflow/example_dags/example_dag_decorator.py
[2024-05-30T07:00:08.726+0000] {processor.py:830} INFO - Processing file /home/airflow/.local/lib/python3.12/site-packages/airflow/example_dags/example_dag_decorator.py for tasks to queue
[2024-05-30T07:00:08.727+0000] {logging_mixin.py:188} INFO - [2024-05-30T07:00:08.727+0000] {dagbag.py:545} INFO - Filling up the DagBag from /home/airflow/.local/lib/python3.12/site-packages/airflow/example_dags/example_dag_decorator.py
[2024-05-30T07:00:08.813+0000] {processor.py:840} INFO - DAG(s) 'example_dag_decorator' retrieved from /home/airflow/.local/lib/python3.12/site-packages/airflow/example_dags/example_dag_decorator.py
[2024-05-30T07:00:08.908+0000] {logging_mixin.py:188} INFO - [2024-05-30T07:00:08.908+0000] {dag.py:3096} INFO - Sync 1 DAGs
[2024-05-30T07:00:08.918+0000] {logging_mixin.py:188} INFO - [2024-05-30T07:00:08.918+0000] {dag.py:3954} INFO - Setting next_dagrun for example_dag_decorator to None, run_after=None
[2024-05-30T07:00:08.936+0000] {processor.py:183} INFO - Processing /home/airflow/.local/lib/python3.12/site-packages/airflow/example_dags/example_dag_decorator.py took 0.217 seconds
[2024-05-30T07:00:39.300+0000] {processor.py:161} INFO - Started process (PID=2346) to work on /home/airflow/.local/lib/python3.12/site-packages/airflow/example_dags/example_dag_decorator.py
[2024-05-30T07:00:39.302+0000] {processor.py:830} INFO - Processing file /home/airflow/.local/lib/python3.12/site-packages/airflow/example_dags/example_dag_decorator.py for tasks to queue
[2024-05-30T07:00:39.304+0000] {logging_mixin.py:188} INFO - [2024-05-30T07:00:39.304+0000] {dagbag.py:545} INFO - Filling up the DagBag from /home/airflow/.local/lib/python3.12/site-packages/airflow/example_dags/example_dag_decorator.py
[2024-05-30T07:00:39.391+0000] {processor.py:840} INFO - DAG(s) 'example_dag_decorator' retrieved from /home/airflow/.local/lib/python3.12/site-packages/airflow/example_dags/example_dag_decorator.py
[2024-05-30T07:00:39.486+0000] {logging_mixin.py:188} INFO - [2024-05-30T07:00:39.485+0000] {dag.py:3096} INFO - Sync 1 DAGs
[2024-05-30T07:00:39.496+0000] {logging_mixin.py:188} INFO - [2024-05-30T07:00:39.495+0000] {dag.py:3954} INFO - Setting next_dagrun for example_dag_decorator to None, run_after=None
[2024-05-30T07:00:39.514+0000] {processor.py:183} INFO - Processing /home/airflow/.local/lib/python3.12/site-packages/airflow/example_dags/example_dag_decorator.py took 0.236 seconds
[2024-05-30T07:01:09.780+0000] {processor.py:161} INFO - Started process (PID=2404) to work on /home/airflow/.local/lib/python3.12/site-packages/airflow/example_dags/example_dag_decorator.py
[2024-05-30T07:01:09.781+0000] {processor.py:830} INFO - Processing file /home/airflow/.local/lib/python3.12/site-packages/airflow/example_dags/example_dag_decorator.py for tasks to queue
[2024-05-30T07:01:09.783+0000] {logging_mixin.py:188} INFO - [2024-05-30T07:01:09.782+0000] {dagbag.py:545} INFO - Filling up the DagBag from /home/airflow/.local/lib/python3.12/site-packages/airflow/example_dags/example_dag_decorator.py
[2024-05-30T07:01:09.877+0000] {processor.py:840} INFO - DAG(s) 'example_dag_decorator' retrieved from /home/airflow/.local/lib/python3.12/site-packages/airflow/example_dags/example_dag_decorator.py
[2024-05-30T07:01:09.973+0000] {logging_mixin.py:188} INFO - [2024-05-30T07:01:09.973+0000] {dag.py:3096} INFO - Sync 1 DAGs
[2024-05-30T07:01:09.983+0000] {logging_mixin.py:188} INFO - [2024-05-30T07:01:09.982+0000] {dag.py:3954} INFO - Setting next_dagrun for example_dag_decorator to None, run_after=None
[2024-05-30T07:01:09.999+0000] {processor.py:183} INFO - Processing /home/airflow/.local/lib/python3.12/site-packages/airflow/example_dags/example_dag_decorator.py took 0.224 seconds
