[2024-05-30T06:40:40.103+0000] {processor.py:161} INFO - Started process (PID=56) to work on /home/airflow/.local/lib/python3.12/site-packages/airflow/example_dags/example_local_kubernetes_executor.py
[2024-05-30T06:40:40.103+0000] {processor.py:830} INFO - Processing file /home/airflow/.local/lib/python3.12/site-packages/airflow/example_dags/example_local_kubernetes_executor.py for tasks to queue
[2024-05-30T06:40:40.105+0000] {logging_mixin.py:188} INFO - [2024-05-30T06:40:40.105+0000] {dagbag.py:545} INFO - Filling up the DagBag from /home/airflow/.local/lib/python3.12/site-packages/airflow/example_dags/example_local_kubernetes_executor.py
[2024-05-30T06:40:40.115+0000] {processor.py:840} INFO - DAG(s) 'example_local_kubernetes_executor' retrieved from /home/airflow/.local/lib/python3.12/site-packages/airflow/example_dags/example_local_kubernetes_executor.py
[2024-05-30T06:40:40.152+0000] {logging_mixin.py:188} INFO - [2024-05-30T06:40:40.151+0000] {dag.py:3096} INFO - Sync 1 DAGs
[2024-05-30T06:40:40.169+0000] {logging_mixin.py:188} INFO - [2024-05-30T06:40:40.169+0000] {dag.py:3954} INFO - Setting next_dagrun for example_local_kubernetes_executor to None, run_after=None
[2024-05-30T06:40:40.188+0000] {processor.py:183} INFO - Processing /home/airflow/.local/lib/python3.12/site-packages/airflow/example_dags/example_local_kubernetes_executor.py took 0.091 seconds
[2024-05-30T06:41:12.117+0000] {processor.py:161} INFO - Started process (PID=114) to work on /home/airflow/.local/lib/python3.12/site-packages/airflow/example_dags/example_local_kubernetes_executor.py
[2024-05-30T06:41:12.118+0000] {processor.py:830} INFO - Processing file /home/airflow/.local/lib/python3.12/site-packages/airflow/example_dags/example_local_kubernetes_executor.py for tasks to queue
[2024-05-30T06:41:12.120+0000] {logging_mixin.py:188} INFO - [2024-05-30T06:41:12.120+0000] {dagbag.py:545} INFO - Filling up the DagBag from /home/airflow/.local/lib/python3.12/site-packages/airflow/example_dags/example_local_kubernetes_executor.py
[2024-05-30T06:41:12.130+0000] {processor.py:840} INFO - DAG(s) 'example_local_kubernetes_executor' retrieved from /home/airflow/.local/lib/python3.12/site-packages/airflow/example_dags/example_local_kubernetes_executor.py
[2024-05-30T06:41:12.271+0000] {logging_mixin.py:188} INFO - [2024-05-30T06:41:12.271+0000] {dag.py:3096} INFO - Sync 1 DAGs
[2024-05-30T06:41:12.285+0000] {logging_mixin.py:188} INFO - [2024-05-30T06:41:12.285+0000] {dag.py:3954} INFO - Setting next_dagrun for example_local_kubernetes_executor to None, run_after=None
[2024-05-30T06:41:12.308+0000] {processor.py:183} INFO - Processing /home/airflow/.local/lib/python3.12/site-packages/airflow/example_dags/example_local_kubernetes_executor.py took 0.198 seconds
[2024-05-30T06:41:42.562+0000] {processor.py:161} INFO - Started process (PID=172) to work on /home/airflow/.local/lib/python3.12/site-packages/airflow/example_dags/example_local_kubernetes_executor.py
[2024-05-30T06:41:42.563+0000] {processor.py:830} INFO - Processing file /home/airflow/.local/lib/python3.12/site-packages/airflow/example_dags/example_local_kubernetes_executor.py for tasks to queue
[2024-05-30T06:41:42.565+0000] {logging_mixin.py:188} INFO - [2024-05-30T06:41:42.565+0000] {dagbag.py:545} INFO - Filling up the DagBag from /home/airflow/.local/lib/python3.12/site-packages/airflow/example_dags/example_local_kubernetes_executor.py
[2024-05-30T06:41:42.572+0000] {processor.py:840} INFO - DAG(s) 'example_local_kubernetes_executor' retrieved from /home/airflow/.local/lib/python3.12/site-packages/airflow/example_dags/example_local_kubernetes_executor.py
[2024-05-30T06:41:42.600+0000] {logging_mixin.py:188} INFO - [2024-05-30T06:41:42.600+0000] {dag.py:3096} INFO - Sync 1 DAGs
[2024-05-30T06:41:42.613+0000] {logging_mixin.py:188} INFO - [2024-05-30T06:41:42.613+0000] {dag.py:3954} INFO - Setting next_dagrun for example_local_kubernetes_executor to None, run_after=None
[2024-05-30T06:41:42.630+0000] {processor.py:183} INFO - Processing /home/airflow/.local/lib/python3.12/site-packages/airflow/example_dags/example_local_kubernetes_executor.py took 0.073 seconds
[2024-05-30T06:42:13.263+0000] {processor.py:161} INFO - Started process (PID=230) to work on /home/airflow/.local/lib/python3.12/site-packages/airflow/example_dags/example_local_kubernetes_executor.py
[2024-05-30T06:42:13.264+0000] {processor.py:830} INFO - Processing file /home/airflow/.local/lib/python3.12/site-packages/airflow/example_dags/example_local_kubernetes_executor.py for tasks to queue
[2024-05-30T06:42:13.266+0000] {logging_mixin.py:188} INFO - [2024-05-30T06:42:13.265+0000] {dagbag.py:545} INFO - Filling up the DagBag from /home/airflow/.local/lib/python3.12/site-packages/airflow/example_dags/example_local_kubernetes_executor.py
[2024-05-30T06:42:13.274+0000] {processor.py:840} INFO - DAG(s) 'example_local_kubernetes_executor' retrieved from /home/airflow/.local/lib/python3.12/site-packages/airflow/example_dags/example_local_kubernetes_executor.py
[2024-05-30T06:42:13.302+0000] {logging_mixin.py:188} INFO - [2024-05-30T06:42:13.302+0000] {dag.py:3096} INFO - Sync 1 DAGs
[2024-05-30T06:42:13.314+0000] {logging_mixin.py:188} INFO - [2024-05-30T06:42:13.314+0000] {dag.py:3954} INFO - Setting next_dagrun for example_local_kubernetes_executor to None, run_after=None
[2024-05-30T06:42:13.331+0000] {processor.py:183} INFO - Processing /home/airflow/.local/lib/python3.12/site-packages/airflow/example_dags/example_local_kubernetes_executor.py took 0.073 seconds
[2024-05-30T06:42:43.535+0000] {processor.py:161} INFO - Started process (PID=288) to work on /home/airflow/.local/lib/python3.12/site-packages/airflow/example_dags/example_local_kubernetes_executor.py
[2024-05-30T06:42:43.536+0000] {processor.py:830} INFO - Processing file /home/airflow/.local/lib/python3.12/site-packages/airflow/example_dags/example_local_kubernetes_executor.py for tasks to queue
[2024-05-30T06:42:43.539+0000] {logging_mixin.py:188} INFO - [2024-05-30T06:42:43.538+0000] {dagbag.py:545} INFO - Filling up the DagBag from /home/airflow/.local/lib/python3.12/site-packages/airflow/example_dags/example_local_kubernetes_executor.py
[2024-05-30T06:42:43.546+0000] {processor.py:840} INFO - DAG(s) 'example_local_kubernetes_executor' retrieved from /home/airflow/.local/lib/python3.12/site-packages/airflow/example_dags/example_local_kubernetes_executor.py
[2024-05-30T06:42:43.583+0000] {logging_mixin.py:188} INFO - [2024-05-30T06:42:43.583+0000] {dag.py:3096} INFO - Sync 1 DAGs
[2024-05-30T06:42:43.600+0000] {logging_mixin.py:188} INFO - [2024-05-30T06:42:43.600+0000] {dag.py:3954} INFO - Setting next_dagrun for example_local_kubernetes_executor to None, run_after=None
[2024-05-30T06:42:43.625+0000] {processor.py:183} INFO - Processing /home/airflow/.local/lib/python3.12/site-packages/airflow/example_dags/example_local_kubernetes_executor.py took 0.096 seconds
[2024-05-30T06:43:13.674+0000] {processor.py:161} INFO - Started process (PID=346) to work on /home/airflow/.local/lib/python3.12/site-packages/airflow/example_dags/example_local_kubernetes_executor.py
[2024-05-30T06:43:13.674+0000] {processor.py:830} INFO - Processing file /home/airflow/.local/lib/python3.12/site-packages/airflow/example_dags/example_local_kubernetes_executor.py for tasks to queue
[2024-05-30T06:43:13.676+0000] {logging_mixin.py:188} INFO - [2024-05-30T06:43:13.676+0000] {dagbag.py:545} INFO - Filling up the DagBag from /home/airflow/.local/lib/python3.12/site-packages/airflow/example_dags/example_local_kubernetes_executor.py
[2024-05-30T06:43:13.682+0000] {processor.py:840} INFO - DAG(s) 'example_local_kubernetes_executor' retrieved from /home/airflow/.local/lib/python3.12/site-packages/airflow/example_dags/example_local_kubernetes_executor.py
[2024-05-30T06:43:13.711+0000] {logging_mixin.py:188} INFO - [2024-05-30T06:43:13.711+0000] {dag.py:3096} INFO - Sync 1 DAGs
[2024-05-30T06:43:13.723+0000] {logging_mixin.py:188} INFO - [2024-05-30T06:43:13.723+0000] {dag.py:3954} INFO - Setting next_dagrun for example_local_kubernetes_executor to None, run_after=None
[2024-05-30T06:43:13.740+0000] {processor.py:183} INFO - Processing /home/airflow/.local/lib/python3.12/site-packages/airflow/example_dags/example_local_kubernetes_executor.py took 0.072 seconds
[2024-05-30T06:43:43.991+0000] {processor.py:161} INFO - Started process (PID=404) to work on /home/airflow/.local/lib/python3.12/site-packages/airflow/example_dags/example_local_kubernetes_executor.py
[2024-05-30T06:43:43.992+0000] {processor.py:830} INFO - Processing file /home/airflow/.local/lib/python3.12/site-packages/airflow/example_dags/example_local_kubernetes_executor.py for tasks to queue
[2024-05-30T06:43:43.994+0000] {logging_mixin.py:188} INFO - [2024-05-30T06:43:43.994+0000] {dagbag.py:545} INFO - Filling up the DagBag from /home/airflow/.local/lib/python3.12/site-packages/airflow/example_dags/example_local_kubernetes_executor.py
[2024-05-30T06:43:44.000+0000] {processor.py:840} INFO - DAG(s) 'example_local_kubernetes_executor' retrieved from /home/airflow/.local/lib/python3.12/site-packages/airflow/example_dags/example_local_kubernetes_executor.py
[2024-05-30T06:43:44.028+0000] {logging_mixin.py:188} INFO - [2024-05-30T06:43:44.028+0000] {dag.py:3096} INFO - Sync 1 DAGs
[2024-05-30T06:43:44.040+0000] {logging_mixin.py:188} INFO - [2024-05-30T06:43:44.040+0000] {dag.py:3954} INFO - Setting next_dagrun for example_local_kubernetes_executor to None, run_after=None
[2024-05-30T06:43:44.056+0000] {processor.py:183} INFO - Processing /home/airflow/.local/lib/python3.12/site-packages/airflow/example_dags/example_local_kubernetes_executor.py took 0.070 seconds
[2024-05-30T06:44:14.729+0000] {processor.py:161} INFO - Started process (PID=462) to work on /home/airflow/.local/lib/python3.12/site-packages/airflow/example_dags/example_local_kubernetes_executor.py
[2024-05-30T06:44:14.730+0000] {processor.py:830} INFO - Processing file /home/airflow/.local/lib/python3.12/site-packages/airflow/example_dags/example_local_kubernetes_executor.py for tasks to queue
[2024-05-30T06:44:14.731+0000] {logging_mixin.py:188} INFO - [2024-05-30T06:44:14.731+0000] {dagbag.py:545} INFO - Filling up the DagBag from /home/airflow/.local/lib/python3.12/site-packages/airflow/example_dags/example_local_kubernetes_executor.py
[2024-05-30T06:44:14.737+0000] {processor.py:840} INFO - DAG(s) 'example_local_kubernetes_executor' retrieved from /home/airflow/.local/lib/python3.12/site-packages/airflow/example_dags/example_local_kubernetes_executor.py
[2024-05-30T06:44:14.765+0000] {logging_mixin.py:188} INFO - [2024-05-30T06:44:14.765+0000] {dag.py:3096} INFO - Sync 1 DAGs
[2024-05-30T06:44:14.777+0000] {logging_mixin.py:188} INFO - [2024-05-30T06:44:14.777+0000] {dag.py:3954} INFO - Setting next_dagrun for example_local_kubernetes_executor to None, run_after=None
[2024-05-30T06:44:14.794+0000] {processor.py:183} INFO - Processing /home/airflow/.local/lib/python3.12/site-packages/airflow/example_dags/example_local_kubernetes_executor.py took 0.070 seconds
[2024-05-30T06:44:44.871+0000] {processor.py:161} INFO - Started process (PID=520) to work on /home/airflow/.local/lib/python3.12/site-packages/airflow/example_dags/example_local_kubernetes_executor.py
[2024-05-30T06:44:44.872+0000] {processor.py:830} INFO - Processing file /home/airflow/.local/lib/python3.12/site-packages/airflow/example_dags/example_local_kubernetes_executor.py for tasks to queue
[2024-05-30T06:44:44.874+0000] {logging_mixin.py:188} INFO - [2024-05-30T06:44:44.873+0000] {dagbag.py:545} INFO - Filling up the DagBag from /home/airflow/.local/lib/python3.12/site-packages/airflow/example_dags/example_local_kubernetes_executor.py
[2024-05-30T06:44:44.880+0000] {processor.py:840} INFO - DAG(s) 'example_local_kubernetes_executor' retrieved from /home/airflow/.local/lib/python3.12/site-packages/airflow/example_dags/example_local_kubernetes_executor.py
[2024-05-30T06:44:44.909+0000] {logging_mixin.py:188} INFO - [2024-05-30T06:44:44.909+0000] {dag.py:3096} INFO - Sync 1 DAGs
[2024-05-30T06:44:44.922+0000] {logging_mixin.py:188} INFO - [2024-05-30T06:44:44.922+0000] {dag.py:3954} INFO - Setting next_dagrun for example_local_kubernetes_executor to None, run_after=None
[2024-05-30T06:44:44.940+0000] {processor.py:183} INFO - Processing /home/airflow/.local/lib/python3.12/site-packages/airflow/example_dags/example_local_kubernetes_executor.py took 0.074 seconds
[2024-05-30T06:45:15.235+0000] {processor.py:161} INFO - Started process (PID=578) to work on /home/airflow/.local/lib/python3.12/site-packages/airflow/example_dags/example_local_kubernetes_executor.py
[2024-05-30T06:45:15.236+0000] {processor.py:830} INFO - Processing file /home/airflow/.local/lib/python3.12/site-packages/airflow/example_dags/example_local_kubernetes_executor.py for tasks to queue
[2024-05-30T06:45:15.238+0000] {logging_mixin.py:188} INFO - [2024-05-30T06:45:15.238+0000] {dagbag.py:545} INFO - Filling up the DagBag from /home/airflow/.local/lib/python3.12/site-packages/airflow/example_dags/example_local_kubernetes_executor.py
[2024-05-30T06:45:15.244+0000] {processor.py:840} INFO - DAG(s) 'example_local_kubernetes_executor' retrieved from /home/airflow/.local/lib/python3.12/site-packages/airflow/example_dags/example_local_kubernetes_executor.py
[2024-05-30T06:45:15.275+0000] {logging_mixin.py:188} INFO - [2024-05-30T06:45:15.274+0000] {dag.py:3096} INFO - Sync 1 DAGs
[2024-05-30T06:45:15.289+0000] {logging_mixin.py:188} INFO - [2024-05-30T06:45:15.289+0000] {dag.py:3954} INFO - Setting next_dagrun for example_local_kubernetes_executor to None, run_after=None
[2024-05-30T06:45:15.311+0000] {processor.py:183} INFO - Processing /home/airflow/.local/lib/python3.12/site-packages/airflow/example_dags/example_local_kubernetes_executor.py took 0.082 seconds
[2024-05-30T06:45:45.570+0000] {processor.py:161} INFO - Started process (PID=636) to work on /home/airflow/.local/lib/python3.12/site-packages/airflow/example_dags/example_local_kubernetes_executor.py
[2024-05-30T06:45:45.571+0000] {processor.py:830} INFO - Processing file /home/airflow/.local/lib/python3.12/site-packages/airflow/example_dags/example_local_kubernetes_executor.py for tasks to queue
[2024-05-30T06:45:45.573+0000] {logging_mixin.py:188} INFO - [2024-05-30T06:45:45.572+0000] {dagbag.py:545} INFO - Filling up the DagBag from /home/airflow/.local/lib/python3.12/site-packages/airflow/example_dags/example_local_kubernetes_executor.py
[2024-05-30T06:45:45.580+0000] {processor.py:840} INFO - DAG(s) 'example_local_kubernetes_executor' retrieved from /home/airflow/.local/lib/python3.12/site-packages/airflow/example_dags/example_local_kubernetes_executor.py
[2024-05-30T06:45:45.611+0000] {logging_mixin.py:188} INFO - [2024-05-30T06:45:45.610+0000] {dag.py:3096} INFO - Sync 1 DAGs
[2024-05-30T06:45:45.623+0000] {logging_mixin.py:188} INFO - [2024-05-30T06:45:45.623+0000] {dag.py:3954} INFO - Setting next_dagrun for example_local_kubernetes_executor to None, run_after=None
[2024-05-30T06:45:45.641+0000] {processor.py:183} INFO - Processing /home/airflow/.local/lib/python3.12/site-packages/airflow/example_dags/example_local_kubernetes_executor.py took 0.077 seconds
[2024-05-30T06:46:15.712+0000] {processor.py:161} INFO - Started process (PID=694) to work on /home/airflow/.local/lib/python3.12/site-packages/airflow/example_dags/example_local_kubernetes_executor.py
[2024-05-30T06:46:15.713+0000] {processor.py:830} INFO - Processing file /home/airflow/.local/lib/python3.12/site-packages/airflow/example_dags/example_local_kubernetes_executor.py for tasks to queue
[2024-05-30T06:46:15.715+0000] {logging_mixin.py:188} INFO - [2024-05-30T06:46:15.715+0000] {dagbag.py:545} INFO - Filling up the DagBag from /home/airflow/.local/lib/python3.12/site-packages/airflow/example_dags/example_local_kubernetes_executor.py
[2024-05-30T06:46:15.722+0000] {processor.py:840} INFO - DAG(s) 'example_local_kubernetes_executor' retrieved from /home/airflow/.local/lib/python3.12/site-packages/airflow/example_dags/example_local_kubernetes_executor.py
[2024-05-30T06:46:15.763+0000] {logging_mixin.py:188} INFO - [2024-05-30T06:46:15.762+0000] {dag.py:3096} INFO - Sync 1 DAGs
[2024-05-30T06:46:15.780+0000] {logging_mixin.py:188} INFO - [2024-05-30T06:46:15.780+0000] {dag.py:3954} INFO - Setting next_dagrun for example_local_kubernetes_executor to None, run_after=None
[2024-05-30T06:46:15.799+0000] {processor.py:183} INFO - Processing /home/airflow/.local/lib/python3.12/site-packages/airflow/example_dags/example_local_kubernetes_executor.py took 0.095 seconds
[2024-05-30T06:46:46.213+0000] {processor.py:161} INFO - Started process (PID=752) to work on /home/airflow/.local/lib/python3.12/site-packages/airflow/example_dags/example_local_kubernetes_executor.py
[2024-05-30T06:46:46.214+0000] {processor.py:830} INFO - Processing file /home/airflow/.local/lib/python3.12/site-packages/airflow/example_dags/example_local_kubernetes_executor.py for tasks to queue
[2024-05-30T06:46:46.215+0000] {logging_mixin.py:188} INFO - [2024-05-30T06:46:46.215+0000] {dagbag.py:545} INFO - Filling up the DagBag from /home/airflow/.local/lib/python3.12/site-packages/airflow/example_dags/example_local_kubernetes_executor.py
[2024-05-30T06:46:46.222+0000] {processor.py:840} INFO - DAG(s) 'example_local_kubernetes_executor' retrieved from /home/airflow/.local/lib/python3.12/site-packages/airflow/example_dags/example_local_kubernetes_executor.py
[2024-05-30T06:46:46.252+0000] {logging_mixin.py:188} INFO - [2024-05-30T06:46:46.251+0000] {dag.py:3096} INFO - Sync 1 DAGs
[2024-05-30T06:46:46.265+0000] {logging_mixin.py:188} INFO - [2024-05-30T06:46:46.265+0000] {dag.py:3954} INFO - Setting next_dagrun for example_local_kubernetes_executor to None, run_after=None
[2024-05-30T06:46:46.283+0000] {processor.py:183} INFO - Processing /home/airflow/.local/lib/python3.12/site-packages/airflow/example_dags/example_local_kubernetes_executor.py took 0.077 seconds
[2024-05-30T06:47:17.098+0000] {processor.py:161} INFO - Started process (PID=810) to work on /home/airflow/.local/lib/python3.12/site-packages/airflow/example_dags/example_local_kubernetes_executor.py
[2024-05-30T06:47:17.098+0000] {processor.py:830} INFO - Processing file /home/airflow/.local/lib/python3.12/site-packages/airflow/example_dags/example_local_kubernetes_executor.py for tasks to queue
[2024-05-30T06:47:17.100+0000] {logging_mixin.py:188} INFO - [2024-05-30T06:47:17.100+0000] {dagbag.py:545} INFO - Filling up the DagBag from /home/airflow/.local/lib/python3.12/site-packages/airflow/example_dags/example_local_kubernetes_executor.py
[2024-05-30T06:47:17.106+0000] {processor.py:840} INFO - DAG(s) 'example_local_kubernetes_executor' retrieved from /home/airflow/.local/lib/python3.12/site-packages/airflow/example_dags/example_local_kubernetes_executor.py
[2024-05-30T06:47:17.134+0000] {logging_mixin.py:188} INFO - [2024-05-30T06:47:17.133+0000] {dag.py:3096} INFO - Sync 1 DAGs
[2024-05-30T06:47:17.146+0000] {logging_mixin.py:188} INFO - [2024-05-30T06:47:17.146+0000] {dag.py:3954} INFO - Setting next_dagrun for example_local_kubernetes_executor to None, run_after=None
[2024-05-30T06:47:17.163+0000] {processor.py:183} INFO - Processing /home/airflow/.local/lib/python3.12/site-packages/airflow/example_dags/example_local_kubernetes_executor.py took 0.071 seconds
[2024-05-30T06:47:47.284+0000] {processor.py:161} INFO - Started process (PID=868) to work on /home/airflow/.local/lib/python3.12/site-packages/airflow/example_dags/example_local_kubernetes_executor.py
[2024-05-30T06:47:47.284+0000] {processor.py:830} INFO - Processing file /home/airflow/.local/lib/python3.12/site-packages/airflow/example_dags/example_local_kubernetes_executor.py for tasks to queue
[2024-05-30T06:47:47.286+0000] {logging_mixin.py:188} INFO - [2024-05-30T06:47:47.286+0000] {dagbag.py:545} INFO - Filling up the DagBag from /home/airflow/.local/lib/python3.12/site-packages/airflow/example_dags/example_local_kubernetes_executor.py
[2024-05-30T06:47:47.293+0000] {processor.py:840} INFO - DAG(s) 'example_local_kubernetes_executor' retrieved from /home/airflow/.local/lib/python3.12/site-packages/airflow/example_dags/example_local_kubernetes_executor.py
[2024-05-30T06:47:47.321+0000] {logging_mixin.py:188} INFO - [2024-05-30T06:47:47.321+0000] {dag.py:3096} INFO - Sync 1 DAGs
[2024-05-30T06:47:47.333+0000] {logging_mixin.py:188} INFO - [2024-05-30T06:47:47.333+0000] {dag.py:3954} INFO - Setting next_dagrun for example_local_kubernetes_executor to None, run_after=None
[2024-05-30T06:47:47.351+0000] {processor.py:183} INFO - Processing /home/airflow/.local/lib/python3.12/site-packages/airflow/example_dags/example_local_kubernetes_executor.py took 0.072 seconds
[2024-05-30T06:48:17.573+0000] {processor.py:161} INFO - Started process (PID=926) to work on /home/airflow/.local/lib/python3.12/site-packages/airflow/example_dags/example_local_kubernetes_executor.py
[2024-05-30T06:48:17.574+0000] {processor.py:830} INFO - Processing file /home/airflow/.local/lib/python3.12/site-packages/airflow/example_dags/example_local_kubernetes_executor.py for tasks to queue
[2024-05-30T06:48:17.576+0000] {logging_mixin.py:188} INFO - [2024-05-30T06:48:17.575+0000] {dagbag.py:545} INFO - Filling up the DagBag from /home/airflow/.local/lib/python3.12/site-packages/airflow/example_dags/example_local_kubernetes_executor.py
[2024-05-30T06:48:17.582+0000] {processor.py:840} INFO - DAG(s) 'example_local_kubernetes_executor' retrieved from /home/airflow/.local/lib/python3.12/site-packages/airflow/example_dags/example_local_kubernetes_executor.py
[2024-05-30T06:48:17.611+0000] {logging_mixin.py:188} INFO - [2024-05-30T06:48:17.610+0000] {dag.py:3096} INFO - Sync 1 DAGs
[2024-05-30T06:48:17.628+0000] {logging_mixin.py:188} INFO - [2024-05-30T06:48:17.628+0000] {dag.py:3954} INFO - Setting next_dagrun for example_local_kubernetes_executor to None, run_after=None
[2024-05-30T06:48:17.648+0000] {processor.py:183} INFO - Processing /home/airflow/.local/lib/python3.12/site-packages/airflow/example_dags/example_local_kubernetes_executor.py took 0.080 seconds
[2024-05-30T06:48:47.712+0000] {processor.py:161} INFO - Started process (PID=990) to work on /home/airflow/.local/lib/python3.12/site-packages/airflow/example_dags/example_local_kubernetes_executor.py
[2024-05-30T06:48:47.713+0000] {processor.py:830} INFO - Processing file /home/airflow/.local/lib/python3.12/site-packages/airflow/example_dags/example_local_kubernetes_executor.py for tasks to queue
[2024-05-30T06:48:47.715+0000] {logging_mixin.py:188} INFO - [2024-05-30T06:48:47.715+0000] {dagbag.py:545} INFO - Filling up the DagBag from /home/airflow/.local/lib/python3.12/site-packages/airflow/example_dags/example_local_kubernetes_executor.py
[2024-05-30T06:48:47.728+0000] {processor.py:840} INFO - DAG(s) 'example_local_kubernetes_executor' retrieved from /home/airflow/.local/lib/python3.12/site-packages/airflow/example_dags/example_local_kubernetes_executor.py
[2024-05-30T06:48:47.762+0000] {logging_mixin.py:188} INFO - [2024-05-30T06:48:47.762+0000] {dag.py:3096} INFO - Sync 1 DAGs
[2024-05-30T06:48:47.776+0000] {logging_mixin.py:188} INFO - [2024-05-30T06:48:47.775+0000] {dag.py:3954} INFO - Setting next_dagrun for example_local_kubernetes_executor to None, run_after=None
[2024-05-30T06:48:47.792+0000] {processor.py:183} INFO - Processing /home/airflow/.local/lib/python3.12/site-packages/airflow/example_dags/example_local_kubernetes_executor.py took 0.086 seconds
[2024-05-30T06:49:18.291+0000] {processor.py:161} INFO - Started process (PID=1048) to work on /home/airflow/.local/lib/python3.12/site-packages/airflow/example_dags/example_local_kubernetes_executor.py
[2024-05-30T06:49:18.292+0000] {processor.py:830} INFO - Processing file /home/airflow/.local/lib/python3.12/site-packages/airflow/example_dags/example_local_kubernetes_executor.py for tasks to queue
[2024-05-30T06:49:18.294+0000] {logging_mixin.py:188} INFO - [2024-05-30T06:49:18.294+0000] {dagbag.py:545} INFO - Filling up the DagBag from /home/airflow/.local/lib/python3.12/site-packages/airflow/example_dags/example_local_kubernetes_executor.py
[2024-05-30T06:49:18.302+0000] {processor.py:840} INFO - DAG(s) 'example_local_kubernetes_executor' retrieved from /home/airflow/.local/lib/python3.12/site-packages/airflow/example_dags/example_local_kubernetes_executor.py
[2024-05-30T06:49:18.341+0000] {logging_mixin.py:188} INFO - [2024-05-30T06:49:18.340+0000] {dag.py:3096} INFO - Sync 1 DAGs
[2024-05-30T06:49:18.358+0000] {logging_mixin.py:188} INFO - [2024-05-30T06:49:18.358+0000] {dag.py:3954} INFO - Setting next_dagrun for example_local_kubernetes_executor to None, run_after=None
[2024-05-30T06:49:18.374+0000] {processor.py:183} INFO - Processing /home/airflow/.local/lib/python3.12/site-packages/airflow/example_dags/example_local_kubernetes_executor.py took 0.089 seconds
[2024-05-30T06:49:49.269+0000] {processor.py:161} INFO - Started process (PID=1106) to work on /home/airflow/.local/lib/python3.12/site-packages/airflow/example_dags/example_local_kubernetes_executor.py
[2024-05-30T06:49:49.270+0000] {processor.py:830} INFO - Processing file /home/airflow/.local/lib/python3.12/site-packages/airflow/example_dags/example_local_kubernetes_executor.py for tasks to queue
[2024-05-30T06:49:49.271+0000] {logging_mixin.py:188} INFO - [2024-05-30T06:49:49.271+0000] {dagbag.py:545} INFO - Filling up the DagBag from /home/airflow/.local/lib/python3.12/site-packages/airflow/example_dags/example_local_kubernetes_executor.py
[2024-05-30T06:49:49.278+0000] {processor.py:840} INFO - DAG(s) 'example_local_kubernetes_executor' retrieved from /home/airflow/.local/lib/python3.12/site-packages/airflow/example_dags/example_local_kubernetes_executor.py
[2024-05-30T06:49:49.306+0000] {logging_mixin.py:188} INFO - [2024-05-30T06:49:49.306+0000] {dag.py:3096} INFO - Sync 1 DAGs
[2024-05-30T06:49:49.318+0000] {logging_mixin.py:188} INFO - [2024-05-30T06:49:49.318+0000] {dag.py:3954} INFO - Setting next_dagrun for example_local_kubernetes_executor to None, run_after=None
[2024-05-30T06:49:49.336+0000] {processor.py:183} INFO - Processing /home/airflow/.local/lib/python3.12/site-packages/airflow/example_dags/example_local_kubernetes_executor.py took 0.072 seconds
[2024-05-30T06:50:19.933+0000] {processor.py:161} INFO - Started process (PID=1164) to work on /home/airflow/.local/lib/python3.12/site-packages/airflow/example_dags/example_local_kubernetes_executor.py
[2024-05-30T06:50:19.934+0000] {processor.py:830} INFO - Processing file /home/airflow/.local/lib/python3.12/site-packages/airflow/example_dags/example_local_kubernetes_executor.py for tasks to queue
[2024-05-30T06:50:19.935+0000] {logging_mixin.py:188} INFO - [2024-05-30T06:50:19.935+0000] {dagbag.py:545} INFO - Filling up the DagBag from /home/airflow/.local/lib/python3.12/site-packages/airflow/example_dags/example_local_kubernetes_executor.py
[2024-05-30T06:50:19.941+0000] {processor.py:840} INFO - DAG(s) 'example_local_kubernetes_executor' retrieved from /home/airflow/.local/lib/python3.12/site-packages/airflow/example_dags/example_local_kubernetes_executor.py
[2024-05-30T06:50:19.969+0000] {logging_mixin.py:188} INFO - [2024-05-30T06:50:19.969+0000] {dag.py:3096} INFO - Sync 1 DAGs
[2024-05-30T06:50:19.982+0000] {logging_mixin.py:188} INFO - [2024-05-30T06:50:19.981+0000] {dag.py:3954} INFO - Setting next_dagrun for example_local_kubernetes_executor to None, run_after=None
[2024-05-30T06:50:19.998+0000] {processor.py:183} INFO - Processing /home/airflow/.local/lib/python3.12/site-packages/airflow/example_dags/example_local_kubernetes_executor.py took 0.071 seconds
[2024-05-30T06:50:50.643+0000] {processor.py:161} INFO - Started process (PID=1222) to work on /home/airflow/.local/lib/python3.12/site-packages/airflow/example_dags/example_local_kubernetes_executor.py
[2024-05-30T06:50:50.644+0000] {processor.py:830} INFO - Processing file /home/airflow/.local/lib/python3.12/site-packages/airflow/example_dags/example_local_kubernetes_executor.py for tasks to queue
[2024-05-30T06:50:50.646+0000] {logging_mixin.py:188} INFO - [2024-05-30T06:50:50.645+0000] {dagbag.py:545} INFO - Filling up the DagBag from /home/airflow/.local/lib/python3.12/site-packages/airflow/example_dags/example_local_kubernetes_executor.py
[2024-05-30T06:50:50.652+0000] {processor.py:840} INFO - DAG(s) 'example_local_kubernetes_executor' retrieved from /home/airflow/.local/lib/python3.12/site-packages/airflow/example_dags/example_local_kubernetes_executor.py
[2024-05-30T06:50:50.682+0000] {logging_mixin.py:188} INFO - [2024-05-30T06:50:50.682+0000] {dag.py:3096} INFO - Sync 1 DAGs
[2024-05-30T06:50:50.695+0000] {logging_mixin.py:188} INFO - [2024-05-30T06:50:50.694+0000] {dag.py:3954} INFO - Setting next_dagrun for example_local_kubernetes_executor to None, run_after=None
[2024-05-30T06:50:50.712+0000] {processor.py:183} INFO - Processing /home/airflow/.local/lib/python3.12/site-packages/airflow/example_dags/example_local_kubernetes_executor.py took 0.074 seconds
[2024-05-30T06:51:21.512+0000] {processor.py:161} INFO - Started process (PID=1280) to work on /home/airflow/.local/lib/python3.12/site-packages/airflow/example_dags/example_local_kubernetes_executor.py
[2024-05-30T06:51:21.513+0000] {processor.py:830} INFO - Processing file /home/airflow/.local/lib/python3.12/site-packages/airflow/example_dags/example_local_kubernetes_executor.py for tasks to queue
[2024-05-30T06:51:21.514+0000] {logging_mixin.py:188} INFO - [2024-05-30T06:51:21.514+0000] {dagbag.py:545} INFO - Filling up the DagBag from /home/airflow/.local/lib/python3.12/site-packages/airflow/example_dags/example_local_kubernetes_executor.py
[2024-05-30T06:51:21.521+0000] {processor.py:840} INFO - DAG(s) 'example_local_kubernetes_executor' retrieved from /home/airflow/.local/lib/python3.12/site-packages/airflow/example_dags/example_local_kubernetes_executor.py
[2024-05-30T06:51:21.550+0000] {logging_mixin.py:188} INFO - [2024-05-30T06:51:21.549+0000] {dag.py:3096} INFO - Sync 1 DAGs
[2024-05-30T06:51:21.562+0000] {logging_mixin.py:188} INFO - [2024-05-30T06:51:21.562+0000] {dag.py:3954} INFO - Setting next_dagrun for example_local_kubernetes_executor to None, run_after=None
[2024-05-30T06:51:21.577+0000] {processor.py:183} INFO - Processing /home/airflow/.local/lib/python3.12/site-packages/airflow/example_dags/example_local_kubernetes_executor.py took 0.071 seconds
[2024-05-30T06:51:52.611+0000] {processor.py:161} INFO - Started process (PID=1338) to work on /home/airflow/.local/lib/python3.12/site-packages/airflow/example_dags/example_local_kubernetes_executor.py
[2024-05-30T06:51:52.612+0000] {processor.py:830} INFO - Processing file /home/airflow/.local/lib/python3.12/site-packages/airflow/example_dags/example_local_kubernetes_executor.py for tasks to queue
[2024-05-30T06:51:52.613+0000] {logging_mixin.py:188} INFO - [2024-05-30T06:51:52.613+0000] {dagbag.py:545} INFO - Filling up the DagBag from /home/airflow/.local/lib/python3.12/site-packages/airflow/example_dags/example_local_kubernetes_executor.py
[2024-05-30T06:51:52.620+0000] {processor.py:840} INFO - DAG(s) 'example_local_kubernetes_executor' retrieved from /home/airflow/.local/lib/python3.12/site-packages/airflow/example_dags/example_local_kubernetes_executor.py
[2024-05-30T06:51:52.650+0000] {logging_mixin.py:188} INFO - [2024-05-30T06:51:52.650+0000] {dag.py:3096} INFO - Sync 1 DAGs
[2024-05-30T06:51:52.662+0000] {logging_mixin.py:188} INFO - [2024-05-30T06:51:52.662+0000] {dag.py:3954} INFO - Setting next_dagrun for example_local_kubernetes_executor to None, run_after=None
[2024-05-30T06:51:52.680+0000] {processor.py:183} INFO - Processing /home/airflow/.local/lib/python3.12/site-packages/airflow/example_dags/example_local_kubernetes_executor.py took 0.075 seconds
[2024-05-30T06:52:23.161+0000] {processor.py:161} INFO - Started process (PID=1396) to work on /home/airflow/.local/lib/python3.12/site-packages/airflow/example_dags/example_local_kubernetes_executor.py
[2024-05-30T06:52:23.162+0000] {processor.py:830} INFO - Processing file /home/airflow/.local/lib/python3.12/site-packages/airflow/example_dags/example_local_kubernetes_executor.py for tasks to queue
[2024-05-30T06:52:23.164+0000] {logging_mixin.py:188} INFO - [2024-05-30T06:52:23.164+0000] {dagbag.py:545} INFO - Filling up the DagBag from /home/airflow/.local/lib/python3.12/site-packages/airflow/example_dags/example_local_kubernetes_executor.py
[2024-05-30T06:52:23.170+0000] {processor.py:840} INFO - DAG(s) 'example_local_kubernetes_executor' retrieved from /home/airflow/.local/lib/python3.12/site-packages/airflow/example_dags/example_local_kubernetes_executor.py
[2024-05-30T06:52:23.201+0000] {logging_mixin.py:188} INFO - [2024-05-30T06:52:23.201+0000] {dag.py:3096} INFO - Sync 1 DAGs
[2024-05-30T06:52:23.313+0000] {logging_mixin.py:188} INFO - [2024-05-30T06:52:23.313+0000] {dag.py:3954} INFO - Setting next_dagrun for example_local_kubernetes_executor to None, run_after=None
[2024-05-30T06:52:23.330+0000] {processor.py:183} INFO - Processing /home/airflow/.local/lib/python3.12/site-packages/airflow/example_dags/example_local_kubernetes_executor.py took 0.174 seconds
[2024-05-30T06:52:53.739+0000] {processor.py:161} INFO - Started process (PID=1454) to work on /home/airflow/.local/lib/python3.12/site-packages/airflow/example_dags/example_local_kubernetes_executor.py
[2024-05-30T06:52:53.740+0000] {processor.py:830} INFO - Processing file /home/airflow/.local/lib/python3.12/site-packages/airflow/example_dags/example_local_kubernetes_executor.py for tasks to queue
[2024-05-30T06:52:53.742+0000] {logging_mixin.py:188} INFO - [2024-05-30T06:52:53.742+0000] {dagbag.py:545} INFO - Filling up the DagBag from /home/airflow/.local/lib/python3.12/site-packages/airflow/example_dags/example_local_kubernetes_executor.py
[2024-05-30T06:52:53.750+0000] {processor.py:840} INFO - DAG(s) 'example_local_kubernetes_executor' retrieved from /home/airflow/.local/lib/python3.12/site-packages/airflow/example_dags/example_local_kubernetes_executor.py
[2024-05-30T06:52:53.784+0000] {logging_mixin.py:188} INFO - [2024-05-30T06:52:53.784+0000] {dag.py:3096} INFO - Sync 1 DAGs
[2024-05-30T06:52:53.916+0000] {logging_mixin.py:188} INFO - [2024-05-30T06:52:53.916+0000] {dag.py:3954} INFO - Setting next_dagrun for example_local_kubernetes_executor to None, run_after=None
[2024-05-30T06:52:53.935+0000] {processor.py:183} INFO - Processing /home/airflow/.local/lib/python3.12/site-packages/airflow/example_dags/example_local_kubernetes_executor.py took 0.202 seconds
[2024-05-30T06:53:24.282+0000] {processor.py:161} INFO - Started process (PID=1512) to work on /home/airflow/.local/lib/python3.12/site-packages/airflow/example_dags/example_local_kubernetes_executor.py
[2024-05-30T06:53:24.283+0000] {processor.py:830} INFO - Processing file /home/airflow/.local/lib/python3.12/site-packages/airflow/example_dags/example_local_kubernetes_executor.py for tasks to queue
[2024-05-30T06:53:24.285+0000] {logging_mixin.py:188} INFO - [2024-05-30T06:53:24.285+0000] {dagbag.py:545} INFO - Filling up the DagBag from /home/airflow/.local/lib/python3.12/site-packages/airflow/example_dags/example_local_kubernetes_executor.py
[2024-05-30T06:53:24.291+0000] {processor.py:840} INFO - DAG(s) 'example_local_kubernetes_executor' retrieved from /home/airflow/.local/lib/python3.12/site-packages/airflow/example_dags/example_local_kubernetes_executor.py
[2024-05-30T06:53:24.321+0000] {logging_mixin.py:188} INFO - [2024-05-30T06:53:24.321+0000] {dag.py:3096} INFO - Sync 1 DAGs
[2024-05-30T06:53:24.334+0000] {logging_mixin.py:188} INFO - [2024-05-30T06:53:24.334+0000] {dag.py:3954} INFO - Setting next_dagrun for example_local_kubernetes_executor to None, run_after=None
[2024-05-30T06:53:24.482+0000] {processor.py:183} INFO - Processing /home/airflow/.local/lib/python3.12/site-packages/airflow/example_dags/example_local_kubernetes_executor.py took 0.205 seconds
[2024-05-30T06:53:54.519+0000] {processor.py:161} INFO - Started process (PID=1570) to work on /home/airflow/.local/lib/python3.12/site-packages/airflow/example_dags/example_local_kubernetes_executor.py
[2024-05-30T06:53:54.520+0000] {processor.py:830} INFO - Processing file /home/airflow/.local/lib/python3.12/site-packages/airflow/example_dags/example_local_kubernetes_executor.py for tasks to queue
[2024-05-30T06:53:54.521+0000] {logging_mixin.py:188} INFO - [2024-05-30T06:53:54.521+0000] {dagbag.py:545} INFO - Filling up the DagBag from /home/airflow/.local/lib/python3.12/site-packages/airflow/example_dags/example_local_kubernetes_executor.py
[2024-05-30T06:53:54.528+0000] {processor.py:840} INFO - DAG(s) 'example_local_kubernetes_executor' retrieved from /home/airflow/.local/lib/python3.12/site-packages/airflow/example_dags/example_local_kubernetes_executor.py
[2024-05-30T06:53:54.557+0000] {logging_mixin.py:188} INFO - [2024-05-30T06:53:54.557+0000] {dag.py:3096} INFO - Sync 1 DAGs
[2024-05-30T06:53:54.569+0000] {logging_mixin.py:188} INFO - [2024-05-30T06:53:54.569+0000] {dag.py:3954} INFO - Setting next_dagrun for example_local_kubernetes_executor to None, run_after=None
[2024-05-30T06:53:54.586+0000] {processor.py:183} INFO - Processing /home/airflow/.local/lib/python3.12/site-packages/airflow/example_dags/example_local_kubernetes_executor.py took 0.073 seconds
[2024-05-30T06:54:25.419+0000] {processor.py:161} INFO - Started process (PID=1628) to work on /home/airflow/.local/lib/python3.12/site-packages/airflow/example_dags/example_local_kubernetes_executor.py
[2024-05-30T06:54:25.420+0000] {processor.py:830} INFO - Processing file /home/airflow/.local/lib/python3.12/site-packages/airflow/example_dags/example_local_kubernetes_executor.py for tasks to queue
[2024-05-30T06:54:25.423+0000] {logging_mixin.py:188} INFO - [2024-05-30T06:54:25.423+0000] {dagbag.py:545} INFO - Filling up the DagBag from /home/airflow/.local/lib/python3.12/site-packages/airflow/example_dags/example_local_kubernetes_executor.py
[2024-05-30T06:54:25.430+0000] {processor.py:840} INFO - DAG(s) 'example_local_kubernetes_executor' retrieved from /home/airflow/.local/lib/python3.12/site-packages/airflow/example_dags/example_local_kubernetes_executor.py
[2024-05-30T06:54:25.466+0000] {logging_mixin.py:188} INFO - [2024-05-30T06:54:25.466+0000] {dag.py:3096} INFO - Sync 1 DAGs
[2024-05-30T06:54:25.481+0000] {logging_mixin.py:188} INFO - [2024-05-30T06:54:25.481+0000] {dag.py:3954} INFO - Setting next_dagrun for example_local_kubernetes_executor to None, run_after=None
[2024-05-30T06:54:25.504+0000] {processor.py:183} INFO - Processing /home/airflow/.local/lib/python3.12/site-packages/airflow/example_dags/example_local_kubernetes_executor.py took 0.094 seconds
[2024-05-30T06:54:55.859+0000] {processor.py:161} INFO - Started process (PID=1686) to work on /home/airflow/.local/lib/python3.12/site-packages/airflow/example_dags/example_local_kubernetes_executor.py
[2024-05-30T06:54:55.860+0000] {processor.py:830} INFO - Processing file /home/airflow/.local/lib/python3.12/site-packages/airflow/example_dags/example_local_kubernetes_executor.py for tasks to queue
[2024-05-30T06:54:55.862+0000] {logging_mixin.py:188} INFO - [2024-05-30T06:54:55.862+0000] {dagbag.py:545} INFO - Filling up the DagBag from /home/airflow/.local/lib/python3.12/site-packages/airflow/example_dags/example_local_kubernetes_executor.py
[2024-05-30T06:54:55.872+0000] {processor.py:840} INFO - DAG(s) 'example_local_kubernetes_executor' retrieved from /home/airflow/.local/lib/python3.12/site-packages/airflow/example_dags/example_local_kubernetes_executor.py
[2024-05-30T06:54:55.910+0000] {logging_mixin.py:188} INFO - [2024-05-30T06:54:55.910+0000] {dag.py:3096} INFO - Sync 1 DAGs
[2024-05-30T06:54:55.926+0000] {logging_mixin.py:188} INFO - [2024-05-30T06:54:55.925+0000] {dag.py:3954} INFO - Setting next_dagrun for example_local_kubernetes_executor to None, run_after=None
[2024-05-30T06:54:55.945+0000] {processor.py:183} INFO - Processing /home/airflow/.local/lib/python3.12/site-packages/airflow/example_dags/example_local_kubernetes_executor.py took 0.094 seconds
[2024-05-30T06:55:26.083+0000] {processor.py:161} INFO - Started process (PID=1744) to work on /home/airflow/.local/lib/python3.12/site-packages/airflow/example_dags/example_local_kubernetes_executor.py
[2024-05-30T06:55:26.084+0000] {processor.py:830} INFO - Processing file /home/airflow/.local/lib/python3.12/site-packages/airflow/example_dags/example_local_kubernetes_executor.py for tasks to queue
[2024-05-30T06:55:26.085+0000] {logging_mixin.py:188} INFO - [2024-05-30T06:55:26.085+0000] {dagbag.py:545} INFO - Filling up the DagBag from /home/airflow/.local/lib/python3.12/site-packages/airflow/example_dags/example_local_kubernetes_executor.py
[2024-05-30T06:55:26.092+0000] {processor.py:840} INFO - DAG(s) 'example_local_kubernetes_executor' retrieved from /home/airflow/.local/lib/python3.12/site-packages/airflow/example_dags/example_local_kubernetes_executor.py
[2024-05-30T06:55:26.120+0000] {logging_mixin.py:188} INFO - [2024-05-30T06:55:26.120+0000] {dag.py:3096} INFO - Sync 1 DAGs
[2024-05-30T06:55:26.132+0000] {logging_mixin.py:188} INFO - [2024-05-30T06:55:26.131+0000] {dag.py:3954} INFO - Setting next_dagrun for example_local_kubernetes_executor to None, run_after=None
[2024-05-30T06:55:26.149+0000] {processor.py:183} INFO - Processing /home/airflow/.local/lib/python3.12/site-packages/airflow/example_dags/example_local_kubernetes_executor.py took 0.071 seconds
[2024-05-30T06:55:56.203+0000] {processor.py:161} INFO - Started process (PID=1802) to work on /home/airflow/.local/lib/python3.12/site-packages/airflow/example_dags/example_local_kubernetes_executor.py
[2024-05-30T06:55:56.204+0000] {processor.py:830} INFO - Processing file /home/airflow/.local/lib/python3.12/site-packages/airflow/example_dags/example_local_kubernetes_executor.py for tasks to queue
[2024-05-30T06:55:56.206+0000] {logging_mixin.py:188} INFO - [2024-05-30T06:55:56.205+0000] {dagbag.py:545} INFO - Filling up the DagBag from /home/airflow/.local/lib/python3.12/site-packages/airflow/example_dags/example_local_kubernetes_executor.py
[2024-05-30T06:55:56.212+0000] {processor.py:840} INFO - DAG(s) 'example_local_kubernetes_executor' retrieved from /home/airflow/.local/lib/python3.12/site-packages/airflow/example_dags/example_local_kubernetes_executor.py
[2024-05-30T06:55:56.240+0000] {logging_mixin.py:188} INFO - [2024-05-30T06:55:56.240+0000] {dag.py:3096} INFO - Sync 1 DAGs
[2024-05-30T06:55:56.252+0000] {logging_mixin.py:188} INFO - [2024-05-30T06:55:56.252+0000] {dag.py:3954} INFO - Setting next_dagrun for example_local_kubernetes_executor to None, run_after=None
[2024-05-30T06:55:56.269+0000] {processor.py:183} INFO - Processing /home/airflow/.local/lib/python3.12/site-packages/airflow/example_dags/example_local_kubernetes_executor.py took 0.071 seconds
[2024-05-30T06:56:26.347+0000] {processor.py:161} INFO - Started process (PID=1860) to work on /home/airflow/.local/lib/python3.12/site-packages/airflow/example_dags/example_local_kubernetes_executor.py
[2024-05-30T06:56:26.347+0000] {processor.py:830} INFO - Processing file /home/airflow/.local/lib/python3.12/site-packages/airflow/example_dags/example_local_kubernetes_executor.py for tasks to queue
[2024-05-30T06:56:26.349+0000] {logging_mixin.py:188} INFO - [2024-05-30T06:56:26.349+0000] {dagbag.py:545} INFO - Filling up the DagBag from /home/airflow/.local/lib/python3.12/site-packages/airflow/example_dags/example_local_kubernetes_executor.py
[2024-05-30T06:56:26.355+0000] {processor.py:840} INFO - DAG(s) 'example_local_kubernetes_executor' retrieved from /home/airflow/.local/lib/python3.12/site-packages/airflow/example_dags/example_local_kubernetes_executor.py
[2024-05-30T06:56:26.384+0000] {logging_mixin.py:188} INFO - [2024-05-30T06:56:26.383+0000] {dag.py:3096} INFO - Sync 1 DAGs
[2024-05-30T06:56:26.396+0000] {logging_mixin.py:188} INFO - [2024-05-30T06:56:26.395+0000] {dag.py:3954} INFO - Setting next_dagrun for example_local_kubernetes_executor to None, run_after=None
[2024-05-30T06:56:26.412+0000] {processor.py:183} INFO - Processing /home/airflow/.local/lib/python3.12/site-packages/airflow/example_dags/example_local_kubernetes_executor.py took 0.071 seconds
[2024-05-30T06:56:57.259+0000] {processor.py:161} INFO - Started process (PID=1918) to work on /home/airflow/.local/lib/python3.12/site-packages/airflow/example_dags/example_local_kubernetes_executor.py
[2024-05-30T06:56:57.260+0000] {processor.py:830} INFO - Processing file /home/airflow/.local/lib/python3.12/site-packages/airflow/example_dags/example_local_kubernetes_executor.py for tasks to queue
[2024-05-30T06:56:57.261+0000] {logging_mixin.py:188} INFO - [2024-05-30T06:56:57.261+0000] {dagbag.py:545} INFO - Filling up the DagBag from /home/airflow/.local/lib/python3.12/site-packages/airflow/example_dags/example_local_kubernetes_executor.py
[2024-05-30T06:56:57.267+0000] {processor.py:840} INFO - DAG(s) 'example_local_kubernetes_executor' retrieved from /home/airflow/.local/lib/python3.12/site-packages/airflow/example_dags/example_local_kubernetes_executor.py
[2024-05-30T06:56:57.297+0000] {logging_mixin.py:188} INFO - [2024-05-30T06:56:57.297+0000] {dag.py:3096} INFO - Sync 1 DAGs
[2024-05-30T06:56:57.309+0000] {logging_mixin.py:188} INFO - [2024-05-30T06:56:57.309+0000] {dag.py:3954} INFO - Setting next_dagrun for example_local_kubernetes_executor to None, run_after=None
[2024-05-30T06:56:57.326+0000] {processor.py:183} INFO - Processing /home/airflow/.local/lib/python3.12/site-packages/airflow/example_dags/example_local_kubernetes_executor.py took 0.072 seconds
[2024-05-30T06:57:27.809+0000] {processor.py:161} INFO - Started process (PID=1976) to work on /home/airflow/.local/lib/python3.12/site-packages/airflow/example_dags/example_local_kubernetes_executor.py
[2024-05-30T06:57:27.810+0000] {processor.py:830} INFO - Processing file /home/airflow/.local/lib/python3.12/site-packages/airflow/example_dags/example_local_kubernetes_executor.py for tasks to queue
[2024-05-30T06:57:27.811+0000] {logging_mixin.py:188} INFO - [2024-05-30T06:57:27.811+0000] {dagbag.py:545} INFO - Filling up the DagBag from /home/airflow/.local/lib/python3.12/site-packages/airflow/example_dags/example_local_kubernetes_executor.py
[2024-05-30T06:57:27.817+0000] {processor.py:840} INFO - DAG(s) 'example_local_kubernetes_executor' retrieved from /home/airflow/.local/lib/python3.12/site-packages/airflow/example_dags/example_local_kubernetes_executor.py
[2024-05-30T06:57:27.847+0000] {logging_mixin.py:188} INFO - [2024-05-30T06:57:27.846+0000] {dag.py:3096} INFO - Sync 1 DAGs
[2024-05-30T06:57:27.860+0000] {logging_mixin.py:188} INFO - [2024-05-30T06:57:27.859+0000] {dag.py:3954} INFO - Setting next_dagrun for example_local_kubernetes_executor to None, run_after=None
[2024-05-30T06:57:27.876+0000] {processor.py:183} INFO - Processing /home/airflow/.local/lib/python3.12/site-packages/airflow/example_dags/example_local_kubernetes_executor.py took 0.072 seconds
[2024-05-30T06:57:58.323+0000] {processor.py:161} INFO - Started process (PID=2034) to work on /home/airflow/.local/lib/python3.12/site-packages/airflow/example_dags/example_local_kubernetes_executor.py
[2024-05-30T06:57:58.324+0000] {processor.py:830} INFO - Processing file /home/airflow/.local/lib/python3.12/site-packages/airflow/example_dags/example_local_kubernetes_executor.py for tasks to queue
[2024-05-30T06:57:58.325+0000] {logging_mixin.py:188} INFO - [2024-05-30T06:57:58.325+0000] {dagbag.py:545} INFO - Filling up the DagBag from /home/airflow/.local/lib/python3.12/site-packages/airflow/example_dags/example_local_kubernetes_executor.py
[2024-05-30T06:57:58.331+0000] {processor.py:840} INFO - DAG(s) 'example_local_kubernetes_executor' retrieved from /home/airflow/.local/lib/python3.12/site-packages/airflow/example_dags/example_local_kubernetes_executor.py
[2024-05-30T06:57:58.361+0000] {logging_mixin.py:188} INFO - [2024-05-30T06:57:58.361+0000] {dag.py:3096} INFO - Sync 1 DAGs
[2024-05-30T06:57:58.374+0000] {logging_mixin.py:188} INFO - [2024-05-30T06:57:58.373+0000] {dag.py:3954} INFO - Setting next_dagrun for example_local_kubernetes_executor to None, run_after=None
[2024-05-30T06:57:58.391+0000] {processor.py:183} INFO - Processing /home/airflow/.local/lib/python3.12/site-packages/airflow/example_dags/example_local_kubernetes_executor.py took 0.073 seconds
[2024-05-30T06:58:29.024+0000] {processor.py:161} INFO - Started process (PID=2092) to work on /home/airflow/.local/lib/python3.12/site-packages/airflow/example_dags/example_local_kubernetes_executor.py
[2024-05-30T06:58:29.025+0000] {processor.py:830} INFO - Processing file /home/airflow/.local/lib/python3.12/site-packages/airflow/example_dags/example_local_kubernetes_executor.py for tasks to queue
[2024-05-30T06:58:29.027+0000] {logging_mixin.py:188} INFO - [2024-05-30T06:58:29.026+0000] {dagbag.py:545} INFO - Filling up the DagBag from /home/airflow/.local/lib/python3.12/site-packages/airflow/example_dags/example_local_kubernetes_executor.py
[2024-05-30T06:58:29.033+0000] {processor.py:840} INFO - DAG(s) 'example_local_kubernetes_executor' retrieved from /home/airflow/.local/lib/python3.12/site-packages/airflow/example_dags/example_local_kubernetes_executor.py
[2024-05-30T06:58:29.064+0000] {logging_mixin.py:188} INFO - [2024-05-30T06:58:29.063+0000] {dag.py:3096} INFO - Sync 1 DAGs
[2024-05-30T06:58:29.077+0000] {logging_mixin.py:188} INFO - [2024-05-30T06:58:29.077+0000] {dag.py:3954} INFO - Setting next_dagrun for example_local_kubernetes_executor to None, run_after=None
[2024-05-30T06:58:29.095+0000] {processor.py:183} INFO - Processing /home/airflow/.local/lib/python3.12/site-packages/airflow/example_dags/example_local_kubernetes_executor.py took 0.077 seconds
[2024-05-30T06:58:59.633+0000] {processor.py:161} INFO - Started process (PID=2150) to work on /home/airflow/.local/lib/python3.12/site-packages/airflow/example_dags/example_local_kubernetes_executor.py
[2024-05-30T06:58:59.633+0000] {processor.py:830} INFO - Processing file /home/airflow/.local/lib/python3.12/site-packages/airflow/example_dags/example_local_kubernetes_executor.py for tasks to queue
[2024-05-30T06:58:59.635+0000] {logging_mixin.py:188} INFO - [2024-05-30T06:58:59.635+0000] {dagbag.py:545} INFO - Filling up the DagBag from /home/airflow/.local/lib/python3.12/site-packages/airflow/example_dags/example_local_kubernetes_executor.py
[2024-05-30T06:58:59.641+0000] {processor.py:840} INFO - DAG(s) 'example_local_kubernetes_executor' retrieved from /home/airflow/.local/lib/python3.12/site-packages/airflow/example_dags/example_local_kubernetes_executor.py
[2024-05-30T06:58:59.670+0000] {logging_mixin.py:188} INFO - [2024-05-30T06:58:59.670+0000] {dag.py:3096} INFO - Sync 1 DAGs
[2024-05-30T06:58:59.683+0000] {logging_mixin.py:188} INFO - [2024-05-30T06:58:59.682+0000] {dag.py:3954} INFO - Setting next_dagrun for example_local_kubernetes_executor to None, run_after=None
[2024-05-30T06:58:59.700+0000] {processor.py:183} INFO - Processing /home/airflow/.local/lib/python3.12/site-packages/airflow/example_dags/example_local_kubernetes_executor.py took 0.072 seconds
[2024-05-30T06:59:30.069+0000] {processor.py:161} INFO - Started process (PID=2208) to work on /home/airflow/.local/lib/python3.12/site-packages/airflow/example_dags/example_local_kubernetes_executor.py
[2024-05-30T06:59:30.070+0000] {processor.py:830} INFO - Processing file /home/airflow/.local/lib/python3.12/site-packages/airflow/example_dags/example_local_kubernetes_executor.py for tasks to queue
[2024-05-30T06:59:30.071+0000] {logging_mixin.py:188} INFO - [2024-05-30T06:59:30.071+0000] {dagbag.py:545} INFO - Filling up the DagBag from /home/airflow/.local/lib/python3.12/site-packages/airflow/example_dags/example_local_kubernetes_executor.py
[2024-05-30T06:59:30.078+0000] {processor.py:840} INFO - DAG(s) 'example_local_kubernetes_executor' retrieved from /home/airflow/.local/lib/python3.12/site-packages/airflow/example_dags/example_local_kubernetes_executor.py
[2024-05-30T06:59:30.106+0000] {logging_mixin.py:188} INFO - [2024-05-30T06:59:30.106+0000] {dag.py:3096} INFO - Sync 1 DAGs
[2024-05-30T06:59:30.118+0000] {logging_mixin.py:188} INFO - [2024-05-30T06:59:30.118+0000] {dag.py:3954} INFO - Setting next_dagrun for example_local_kubernetes_executor to None, run_after=None
[2024-05-30T06:59:30.136+0000] {processor.py:183} INFO - Processing /home/airflow/.local/lib/python3.12/site-packages/airflow/example_dags/example_local_kubernetes_executor.py took 0.072 seconds
[2024-05-30T07:00:00.552+0000] {processor.py:161} INFO - Started process (PID=2266) to work on /home/airflow/.local/lib/python3.12/site-packages/airflow/example_dags/example_local_kubernetes_executor.py
[2024-05-30T07:00:00.553+0000] {processor.py:830} INFO - Processing file /home/airflow/.local/lib/python3.12/site-packages/airflow/example_dags/example_local_kubernetes_executor.py for tasks to queue
[2024-05-30T07:00:00.554+0000] {logging_mixin.py:188} INFO - [2024-05-30T07:00:00.554+0000] {dagbag.py:545} INFO - Filling up the DagBag from /home/airflow/.local/lib/python3.12/site-packages/airflow/example_dags/example_local_kubernetes_executor.py
[2024-05-30T07:00:00.561+0000] {processor.py:840} INFO - DAG(s) 'example_local_kubernetes_executor' retrieved from /home/airflow/.local/lib/python3.12/site-packages/airflow/example_dags/example_local_kubernetes_executor.py
[2024-05-30T07:00:00.591+0000] {logging_mixin.py:188} INFO - [2024-05-30T07:00:00.590+0000] {dag.py:3096} INFO - Sync 1 DAGs
[2024-05-30T07:00:00.603+0000] {logging_mixin.py:188} INFO - [2024-05-30T07:00:00.603+0000] {dag.py:3954} INFO - Setting next_dagrun for example_local_kubernetes_executor to None, run_after=None
[2024-05-30T07:00:00.622+0000] {processor.py:183} INFO - Processing /home/airflow/.local/lib/python3.12/site-packages/airflow/example_dags/example_local_kubernetes_executor.py took 0.075 seconds
[2024-05-30T07:00:31.192+0000] {processor.py:161} INFO - Started process (PID=2324) to work on /home/airflow/.local/lib/python3.12/site-packages/airflow/example_dags/example_local_kubernetes_executor.py
[2024-05-30T07:00:31.193+0000] {processor.py:830} INFO - Processing file /home/airflow/.local/lib/python3.12/site-packages/airflow/example_dags/example_local_kubernetes_executor.py for tasks to queue
[2024-05-30T07:00:31.194+0000] {logging_mixin.py:188} INFO - [2024-05-30T07:00:31.194+0000] {dagbag.py:545} INFO - Filling up the DagBag from /home/airflow/.local/lib/python3.12/site-packages/airflow/example_dags/example_local_kubernetes_executor.py
[2024-05-30T07:00:31.200+0000] {processor.py:840} INFO - DAG(s) 'example_local_kubernetes_executor' retrieved from /home/airflow/.local/lib/python3.12/site-packages/airflow/example_dags/example_local_kubernetes_executor.py
[2024-05-30T07:00:31.230+0000] {logging_mixin.py:188} INFO - [2024-05-30T07:00:31.230+0000] {dag.py:3096} INFO - Sync 1 DAGs
[2024-05-30T07:00:31.242+0000] {logging_mixin.py:188} INFO - [2024-05-30T07:00:31.242+0000] {dag.py:3954} INFO - Setting next_dagrun for example_local_kubernetes_executor to None, run_after=None
[2024-05-30T07:00:31.259+0000] {processor.py:183} INFO - Processing /home/airflow/.local/lib/python3.12/site-packages/airflow/example_dags/example_local_kubernetes_executor.py took 0.073 seconds
[2024-05-30T07:01:01.769+0000] {processor.py:161} INFO - Started process (PID=2382) to work on /home/airflow/.local/lib/python3.12/site-packages/airflow/example_dags/example_local_kubernetes_executor.py
[2024-05-30T07:01:01.769+0000] {processor.py:830} INFO - Processing file /home/airflow/.local/lib/python3.12/site-packages/airflow/example_dags/example_local_kubernetes_executor.py for tasks to queue
[2024-05-30T07:01:01.771+0000] {logging_mixin.py:188} INFO - [2024-05-30T07:01:01.771+0000] {dagbag.py:545} INFO - Filling up the DagBag from /home/airflow/.local/lib/python3.12/site-packages/airflow/example_dags/example_local_kubernetes_executor.py
[2024-05-30T07:01:01.777+0000] {processor.py:840} INFO - DAG(s) 'example_local_kubernetes_executor' retrieved from /home/airflow/.local/lib/python3.12/site-packages/airflow/example_dags/example_local_kubernetes_executor.py
[2024-05-30T07:01:01.806+0000] {logging_mixin.py:188} INFO - [2024-05-30T07:01:01.806+0000] {dag.py:3096} INFO - Sync 1 DAGs
[2024-05-30T07:01:01.818+0000] {logging_mixin.py:188} INFO - [2024-05-30T07:01:01.818+0000] {dag.py:3954} INFO - Setting next_dagrun for example_local_kubernetes_executor to None, run_after=None
[2024-05-30T07:01:01.837+0000] {processor.py:183} INFO - Processing /home/airflow/.local/lib/python3.12/site-packages/airflow/example_dags/example_local_kubernetes_executor.py took 0.073 seconds
