[2024-05-30T06:40:39.410+0000] {processor.py:161} INFO - Started process (PID=44) to work on /home/airflow/.local/lib/python3.12/site-packages/airflow/example_dags/example_xcomargs.py
[2024-05-30T06:40:39.411+0000] {processor.py:830} INFO - Processing file /home/airflow/.local/lib/python3.12/site-packages/airflow/example_dags/example_xcomargs.py for tasks to queue
[2024-05-30T06:40:39.412+0000] {logging_mixin.py:188} INFO - [2024-05-30T06:40:39.412+0000] {dagbag.py:545} INFO - Filling up the DagBag from /home/airflow/.local/lib/python3.12/site-packages/airflow/example_dags/example_xcomargs.py
[2024-05-30T06:40:39.424+0000] {processor.py:840} INFO - DAG(s) 'example_xcom_args', 'example_xcom_args_with_operators' retrieved from /home/airflow/.local/lib/python3.12/site-packages/airflow/example_dags/example_xcomargs.py
[2024-05-30T06:40:39.451+0000] {logging_mixin.py:188} INFO - [2024-05-30T06:40:39.451+0000] {dag.py:3096} INFO - Sync 2 DAGs
[2024-05-30T06:40:39.466+0000] {logging_mixin.py:188} INFO - [2024-05-30T06:40:39.466+0000] {dag.py:3954} INFO - Setting next_dagrun for example_xcom_args to None, run_after=None
[2024-05-30T06:40:39.471+0000] {logging_mixin.py:188} INFO - [2024-05-30T06:40:39.470+0000] {dag.py:3954} INFO - Setting next_dagrun for example_xcom_args_with_operators to None, run_after=None
[2024-05-30T06:40:39.488+0000] {processor.py:183} INFO - Processing /home/airflow/.local/lib/python3.12/site-packages/airflow/example_dags/example_xcomargs.py took 0.083 seconds
[2024-05-30T06:41:10.581+0000] {processor.py:161} INFO - Started process (PID=102) to work on /home/airflow/.local/lib/python3.12/site-packages/airflow/example_dags/example_xcomargs.py
[2024-05-30T06:41:10.582+0000] {processor.py:830} INFO - Processing file /home/airflow/.local/lib/python3.12/site-packages/airflow/example_dags/example_xcomargs.py for tasks to queue
[2024-05-30T06:41:10.584+0000] {logging_mixin.py:188} INFO - [2024-05-30T06:41:10.584+0000] {dagbag.py:545} INFO - Filling up the DagBag from /home/airflow/.local/lib/python3.12/site-packages/airflow/example_dags/example_xcomargs.py
[2024-05-30T06:41:10.594+0000] {processor.py:840} INFO - DAG(s) 'example_xcom_args', 'example_xcom_args_with_operators' retrieved from /home/airflow/.local/lib/python3.12/site-packages/airflow/example_dags/example_xcomargs.py
[2024-05-30T06:41:10.755+0000] {logging_mixin.py:188} INFO - [2024-05-30T06:41:10.755+0000] {dag.py:3096} INFO - Sync 2 DAGs
[2024-05-30T06:41:10.769+0000] {logging_mixin.py:188} INFO - [2024-05-30T06:41:10.769+0000] {dag.py:3954} INFO - Setting next_dagrun for example_xcom_args to None, run_after=None
[2024-05-30T06:41:10.774+0000] {logging_mixin.py:188} INFO - [2024-05-30T06:41:10.774+0000] {dag.py:3954} INFO - Setting next_dagrun for example_xcom_args_with_operators to None, run_after=None
[2024-05-30T06:41:10.797+0000] {processor.py:183} INFO - Processing /home/airflow/.local/lib/python3.12/site-packages/airflow/example_dags/example_xcomargs.py took 0.222 seconds
[2024-05-30T06:41:40.912+0000] {processor.py:161} INFO - Started process (PID=160) to work on /home/airflow/.local/lib/python3.12/site-packages/airflow/example_dags/example_xcomargs.py
[2024-05-30T06:41:40.913+0000] {processor.py:830} INFO - Processing file /home/airflow/.local/lib/python3.12/site-packages/airflow/example_dags/example_xcomargs.py for tasks to queue
[2024-05-30T06:41:40.915+0000] {logging_mixin.py:188} INFO - [2024-05-30T06:41:40.914+0000] {dagbag.py:545} INFO - Filling up the DagBag from /home/airflow/.local/lib/python3.12/site-packages/airflow/example_dags/example_xcomargs.py
[2024-05-30T06:41:40.922+0000] {processor.py:840} INFO - DAG(s) 'example_xcom_args', 'example_xcom_args_with_operators' retrieved from /home/airflow/.local/lib/python3.12/site-packages/airflow/example_dags/example_xcomargs.py
[2024-05-30T06:41:40.943+0000] {logging_mixin.py:188} INFO - [2024-05-30T06:41:40.942+0000] {dag.py:3096} INFO - Sync 2 DAGs
[2024-05-30T06:41:40.955+0000] {logging_mixin.py:188} INFO - [2024-05-30T06:41:40.955+0000] {dag.py:3954} INFO - Setting next_dagrun for example_xcom_args to None, run_after=None
[2024-05-30T06:41:40.959+0000] {logging_mixin.py:188} INFO - [2024-05-30T06:41:40.959+0000] {dag.py:3954} INFO - Setting next_dagrun for example_xcom_args_with_operators to None, run_after=None
[2024-05-30T06:41:40.975+0000] {processor.py:183} INFO - Processing /home/airflow/.local/lib/python3.12/site-packages/airflow/example_dags/example_xcomargs.py took 0.068 seconds
[2024-05-30T06:42:11.626+0000] {processor.py:161} INFO - Started process (PID=218) to work on /home/airflow/.local/lib/python3.12/site-packages/airflow/example_dags/example_xcomargs.py
[2024-05-30T06:42:11.627+0000] {processor.py:830} INFO - Processing file /home/airflow/.local/lib/python3.12/site-packages/airflow/example_dags/example_xcomargs.py for tasks to queue
[2024-05-30T06:42:11.629+0000] {logging_mixin.py:188} INFO - [2024-05-30T06:42:11.628+0000] {dagbag.py:545} INFO - Filling up the DagBag from /home/airflow/.local/lib/python3.12/site-packages/airflow/example_dags/example_xcomargs.py
[2024-05-30T06:42:11.636+0000] {processor.py:840} INFO - DAG(s) 'example_xcom_args_with_operators', 'example_xcom_args' retrieved from /home/airflow/.local/lib/python3.12/site-packages/airflow/example_dags/example_xcomargs.py
[2024-05-30T06:42:11.657+0000] {logging_mixin.py:188} INFO - [2024-05-30T06:42:11.657+0000] {dag.py:3096} INFO - Sync 2 DAGs
[2024-05-30T06:42:11.670+0000] {logging_mixin.py:188} INFO - [2024-05-30T06:42:11.670+0000] {dag.py:3954} INFO - Setting next_dagrun for example_xcom_args to None, run_after=None
[2024-05-30T06:42:11.674+0000] {logging_mixin.py:188} INFO - [2024-05-30T06:42:11.673+0000] {dag.py:3954} INFO - Setting next_dagrun for example_xcom_args_with_operators to None, run_after=None
[2024-05-30T06:42:11.690+0000] {processor.py:183} INFO - Processing /home/airflow/.local/lib/python3.12/site-packages/airflow/example_dags/example_xcomargs.py took 0.069 seconds
[2024-05-30T06:42:41.806+0000] {processor.py:161} INFO - Started process (PID=276) to work on /home/airflow/.local/lib/python3.12/site-packages/airflow/example_dags/example_xcomargs.py
[2024-05-30T06:42:41.807+0000] {processor.py:830} INFO - Processing file /home/airflow/.local/lib/python3.12/site-packages/airflow/example_dags/example_xcomargs.py for tasks to queue
[2024-05-30T06:42:41.809+0000] {logging_mixin.py:188} INFO - [2024-05-30T06:42:41.809+0000] {dagbag.py:545} INFO - Filling up the DagBag from /home/airflow/.local/lib/python3.12/site-packages/airflow/example_dags/example_xcomargs.py
[2024-05-30T06:42:41.818+0000] {processor.py:840} INFO - DAG(s) 'example_xcom_args_with_operators', 'example_xcom_args' retrieved from /home/airflow/.local/lib/python3.12/site-packages/airflow/example_dags/example_xcomargs.py
[2024-05-30T06:42:41.843+0000] {logging_mixin.py:188} INFO - [2024-05-30T06:42:41.842+0000] {dag.py:3096} INFO - Sync 2 DAGs
[2024-05-30T06:42:41.857+0000] {logging_mixin.py:188} INFO - [2024-05-30T06:42:41.857+0000] {dag.py:3954} INFO - Setting next_dagrun for example_xcom_args to None, run_after=None
[2024-05-30T06:42:41.862+0000] {logging_mixin.py:188} INFO - [2024-05-30T06:42:41.861+0000] {dag.py:3954} INFO - Setting next_dagrun for example_xcom_args_with_operators to None, run_after=None
[2024-05-30T06:42:41.880+0000] {processor.py:183} INFO - Processing /home/airflow/.local/lib/python3.12/site-packages/airflow/example_dags/example_xcomargs.py took 0.080 seconds
[2024-05-30T06:43:11.952+0000] {processor.py:161} INFO - Started process (PID=334) to work on /home/airflow/.local/lib/python3.12/site-packages/airflow/example_dags/example_xcomargs.py
[2024-05-30T06:43:11.953+0000] {processor.py:830} INFO - Processing file /home/airflow/.local/lib/python3.12/site-packages/airflow/example_dags/example_xcomargs.py for tasks to queue
[2024-05-30T06:43:11.954+0000] {logging_mixin.py:188} INFO - [2024-05-30T06:43:11.954+0000] {dagbag.py:545} INFO - Filling up the DagBag from /home/airflow/.local/lib/python3.12/site-packages/airflow/example_dags/example_xcomargs.py
[2024-05-30T06:43:11.961+0000] {processor.py:840} INFO - DAG(s) 'example_xcom_args_with_operators', 'example_xcom_args' retrieved from /home/airflow/.local/lib/python3.12/site-packages/airflow/example_dags/example_xcomargs.py
[2024-05-30T06:43:11.984+0000] {logging_mixin.py:188} INFO - [2024-05-30T06:43:11.984+0000] {dag.py:3096} INFO - Sync 2 DAGs
[2024-05-30T06:43:11.997+0000] {logging_mixin.py:188} INFO - [2024-05-30T06:43:11.997+0000] {dag.py:3954} INFO - Setting next_dagrun for example_xcom_args to None, run_after=None
[2024-05-30T06:43:12.001+0000] {logging_mixin.py:188} INFO - [2024-05-30T06:43:12.001+0000] {dag.py:3954} INFO - Setting next_dagrun for example_xcom_args_with_operators to None, run_after=None
[2024-05-30T06:43:12.017+0000] {processor.py:183} INFO - Processing /home/airflow/.local/lib/python3.12/site-packages/airflow/example_dags/example_xcomargs.py took 0.070 seconds
[2024-05-30T06:43:42.345+0000] {processor.py:161} INFO - Started process (PID=392) to work on /home/airflow/.local/lib/python3.12/site-packages/airflow/example_dags/example_xcomargs.py
[2024-05-30T06:43:42.346+0000] {processor.py:830} INFO - Processing file /home/airflow/.local/lib/python3.12/site-packages/airflow/example_dags/example_xcomargs.py for tasks to queue
[2024-05-30T06:43:42.347+0000] {logging_mixin.py:188} INFO - [2024-05-30T06:43:42.347+0000] {dagbag.py:545} INFO - Filling up the DagBag from /home/airflow/.local/lib/python3.12/site-packages/airflow/example_dags/example_xcomargs.py
[2024-05-30T06:43:42.354+0000] {processor.py:840} INFO - DAG(s) 'example_xcom_args_with_operators', 'example_xcom_args' retrieved from /home/airflow/.local/lib/python3.12/site-packages/airflow/example_dags/example_xcomargs.py
[2024-05-30T06:43:42.375+0000] {logging_mixin.py:188} INFO - [2024-05-30T06:43:42.375+0000] {dag.py:3096} INFO - Sync 2 DAGs
[2024-05-30T06:43:42.388+0000] {logging_mixin.py:188} INFO - [2024-05-30T06:43:42.388+0000] {dag.py:3954} INFO - Setting next_dagrun for example_xcom_args to None, run_after=None
[2024-05-30T06:43:42.392+0000] {logging_mixin.py:188} INFO - [2024-05-30T06:43:42.392+0000] {dag.py:3954} INFO - Setting next_dagrun for example_xcom_args_with_operators to None, run_after=None
[2024-05-30T06:43:42.414+0000] {processor.py:183} INFO - Processing /home/airflow/.local/lib/python3.12/site-packages/airflow/example_dags/example_xcomargs.py took 0.074 seconds
[2024-05-30T06:44:13.039+0000] {processor.py:161} INFO - Started process (PID=450) to work on /home/airflow/.local/lib/python3.12/site-packages/airflow/example_dags/example_xcomargs.py
[2024-05-30T06:44:13.040+0000] {processor.py:830} INFO - Processing file /home/airflow/.local/lib/python3.12/site-packages/airflow/example_dags/example_xcomargs.py for tasks to queue
[2024-05-30T06:44:13.042+0000] {logging_mixin.py:188} INFO - [2024-05-30T06:44:13.042+0000] {dagbag.py:545} INFO - Filling up the DagBag from /home/airflow/.local/lib/python3.12/site-packages/airflow/example_dags/example_xcomargs.py
[2024-05-30T06:44:13.049+0000] {processor.py:840} INFO - DAG(s) 'example_xcom_args', 'example_xcom_args_with_operators' retrieved from /home/airflow/.local/lib/python3.12/site-packages/airflow/example_dags/example_xcomargs.py
[2024-05-30T06:44:13.070+0000] {logging_mixin.py:188} INFO - [2024-05-30T06:44:13.070+0000] {dag.py:3096} INFO - Sync 2 DAGs
[2024-05-30T06:44:13.084+0000] {logging_mixin.py:188} INFO - [2024-05-30T06:44:13.083+0000] {dag.py:3954} INFO - Setting next_dagrun for example_xcom_args to None, run_after=None
[2024-05-30T06:44:13.088+0000] {logging_mixin.py:188} INFO - [2024-05-30T06:44:13.088+0000] {dag.py:3954} INFO - Setting next_dagrun for example_xcom_args_with_operators to None, run_after=None
[2024-05-30T06:44:13.105+0000] {processor.py:183} INFO - Processing /home/airflow/.local/lib/python3.12/site-packages/airflow/example_dags/example_xcomargs.py took 0.070 seconds
[2024-05-30T06:44:43.179+0000] {processor.py:161} INFO - Started process (PID=508) to work on /home/airflow/.local/lib/python3.12/site-packages/airflow/example_dags/example_xcomargs.py
[2024-05-30T06:44:43.180+0000] {processor.py:830} INFO - Processing file /home/airflow/.local/lib/python3.12/site-packages/airflow/example_dags/example_xcomargs.py for tasks to queue
[2024-05-30T06:44:43.182+0000] {logging_mixin.py:188} INFO - [2024-05-30T06:44:43.181+0000] {dagbag.py:545} INFO - Filling up the DagBag from /home/airflow/.local/lib/python3.12/site-packages/airflow/example_dags/example_xcomargs.py
[2024-05-30T06:44:43.189+0000] {processor.py:840} INFO - DAG(s) 'example_xcom_args', 'example_xcom_args_with_operators' retrieved from /home/airflow/.local/lib/python3.12/site-packages/airflow/example_dags/example_xcomargs.py
[2024-05-30T06:44:43.211+0000] {logging_mixin.py:188} INFO - [2024-05-30T06:44:43.210+0000] {dag.py:3096} INFO - Sync 2 DAGs
[2024-05-30T06:44:43.225+0000] {logging_mixin.py:188} INFO - [2024-05-30T06:44:43.224+0000] {dag.py:3954} INFO - Setting next_dagrun for example_xcom_args to None, run_after=None
[2024-05-30T06:44:43.228+0000] {logging_mixin.py:188} INFO - [2024-05-30T06:44:43.228+0000] {dag.py:3954} INFO - Setting next_dagrun for example_xcom_args_with_operators to None, run_after=None
[2024-05-30T06:44:43.244+0000] {processor.py:183} INFO - Processing /home/airflow/.local/lib/python3.12/site-packages/airflow/example_dags/example_xcomargs.py took 0.070 seconds
[2024-05-30T06:45:13.602+0000] {processor.py:161} INFO - Started process (PID=566) to work on /home/airflow/.local/lib/python3.12/site-packages/airflow/example_dags/example_xcomargs.py
[2024-05-30T06:45:13.603+0000] {processor.py:830} INFO - Processing file /home/airflow/.local/lib/python3.12/site-packages/airflow/example_dags/example_xcomargs.py for tasks to queue
[2024-05-30T06:45:13.605+0000] {logging_mixin.py:188} INFO - [2024-05-30T06:45:13.604+0000] {dagbag.py:545} INFO - Filling up the DagBag from /home/airflow/.local/lib/python3.12/site-packages/airflow/example_dags/example_xcomargs.py
[2024-05-30T06:45:13.613+0000] {processor.py:840} INFO - DAG(s) 'example_xcom_args', 'example_xcom_args_with_operators' retrieved from /home/airflow/.local/lib/python3.12/site-packages/airflow/example_dags/example_xcomargs.py
[2024-05-30T06:45:13.636+0000] {logging_mixin.py:188} INFO - [2024-05-30T06:45:13.636+0000] {dag.py:3096} INFO - Sync 2 DAGs
[2024-05-30T06:45:13.650+0000] {logging_mixin.py:188} INFO - [2024-05-30T06:45:13.649+0000] {dag.py:3954} INFO - Setting next_dagrun for example_xcom_args to None, run_after=None
[2024-05-30T06:45:13.654+0000] {logging_mixin.py:188} INFO - [2024-05-30T06:45:13.653+0000] {dag.py:3954} INFO - Setting next_dagrun for example_xcom_args_with_operators to None, run_after=None
[2024-05-30T06:45:13.673+0000] {processor.py:183} INFO - Processing /home/airflow/.local/lib/python3.12/site-packages/airflow/example_dags/example_xcomargs.py took 0.076 seconds
[2024-05-30T06:45:43.861+0000] {processor.py:161} INFO - Started process (PID=624) to work on /home/airflow/.local/lib/python3.12/site-packages/airflow/example_dags/example_xcomargs.py
[2024-05-30T06:45:43.862+0000] {processor.py:830} INFO - Processing file /home/airflow/.local/lib/python3.12/site-packages/airflow/example_dags/example_xcomargs.py for tasks to queue
[2024-05-30T06:45:43.863+0000] {logging_mixin.py:188} INFO - [2024-05-30T06:45:43.863+0000] {dagbag.py:545} INFO - Filling up the DagBag from /home/airflow/.local/lib/python3.12/site-packages/airflow/example_dags/example_xcomargs.py
[2024-05-30T06:45:43.872+0000] {processor.py:840} INFO - DAG(s) 'example_xcom_args', 'example_xcom_args_with_operators' retrieved from /home/airflow/.local/lib/python3.12/site-packages/airflow/example_dags/example_xcomargs.py
[2024-05-30T06:45:43.897+0000] {logging_mixin.py:188} INFO - [2024-05-30T06:45:43.897+0000] {dag.py:3096} INFO - Sync 2 DAGs
[2024-05-30T06:45:43.912+0000] {logging_mixin.py:188} INFO - [2024-05-30T06:45:43.912+0000] {dag.py:3954} INFO - Setting next_dagrun for example_xcom_args to None, run_after=None
[2024-05-30T06:45:43.916+0000] {logging_mixin.py:188} INFO - [2024-05-30T06:45:43.916+0000] {dag.py:3954} INFO - Setting next_dagrun for example_xcom_args_with_operators to None, run_after=None
[2024-05-30T06:45:43.932+0000] {processor.py:183} INFO - Processing /home/airflow/.local/lib/python3.12/site-packages/airflow/example_dags/example_xcomargs.py took 0.078 seconds
[2024-05-30T06:46:14.057+0000] {processor.py:161} INFO - Started process (PID=682) to work on /home/airflow/.local/lib/python3.12/site-packages/airflow/example_dags/example_xcomargs.py
[2024-05-30T06:46:14.058+0000] {processor.py:830} INFO - Processing file /home/airflow/.local/lib/python3.12/site-packages/airflow/example_dags/example_xcomargs.py for tasks to queue
[2024-05-30T06:46:14.060+0000] {logging_mixin.py:188} INFO - [2024-05-30T06:46:14.060+0000] {dagbag.py:545} INFO - Filling up the DagBag from /home/airflow/.local/lib/python3.12/site-packages/airflow/example_dags/example_xcomargs.py
[2024-05-30T06:46:14.068+0000] {processor.py:840} INFO - DAG(s) 'example_xcom_args', 'example_xcom_args_with_operators' retrieved from /home/airflow/.local/lib/python3.12/site-packages/airflow/example_dags/example_xcomargs.py
[2024-05-30T06:46:14.090+0000] {logging_mixin.py:188} INFO - [2024-05-30T06:46:14.090+0000] {dag.py:3096} INFO - Sync 2 DAGs
[2024-05-30T06:46:14.103+0000] {logging_mixin.py:188} INFO - [2024-05-30T06:46:14.103+0000] {dag.py:3954} INFO - Setting next_dagrun for example_xcom_args to None, run_after=None
[2024-05-30T06:46:14.107+0000] {logging_mixin.py:188} INFO - [2024-05-30T06:46:14.107+0000] {dag.py:3954} INFO - Setting next_dagrun for example_xcom_args_with_operators to None, run_after=None
[2024-05-30T06:46:14.122+0000] {processor.py:183} INFO - Processing /home/airflow/.local/lib/python3.12/site-packages/airflow/example_dags/example_xcomargs.py took 0.070 seconds
[2024-05-30T06:46:44.508+0000] {processor.py:161} INFO - Started process (PID=740) to work on /home/airflow/.local/lib/python3.12/site-packages/airflow/example_dags/example_xcomargs.py
[2024-05-30T06:46:44.508+0000] {processor.py:830} INFO - Processing file /home/airflow/.local/lib/python3.12/site-packages/airflow/example_dags/example_xcomargs.py for tasks to queue
[2024-05-30T06:46:44.510+0000] {logging_mixin.py:188} INFO - [2024-05-30T06:46:44.510+0000] {dagbag.py:545} INFO - Filling up the DagBag from /home/airflow/.local/lib/python3.12/site-packages/airflow/example_dags/example_xcomargs.py
[2024-05-30T06:46:44.517+0000] {processor.py:840} INFO - DAG(s) 'example_xcom_args', 'example_xcom_args_with_operators' retrieved from /home/airflow/.local/lib/python3.12/site-packages/airflow/example_dags/example_xcomargs.py
[2024-05-30T06:46:44.539+0000] {logging_mixin.py:188} INFO - [2024-05-30T06:46:44.539+0000] {dag.py:3096} INFO - Sync 2 DAGs
[2024-05-30T06:46:44.552+0000] {logging_mixin.py:188} INFO - [2024-05-30T06:46:44.551+0000] {dag.py:3954} INFO - Setting next_dagrun for example_xcom_args to None, run_after=None
[2024-05-30T06:46:44.555+0000] {logging_mixin.py:188} INFO - [2024-05-30T06:46:44.555+0000] {dag.py:3954} INFO - Setting next_dagrun for example_xcom_args_with_operators to None, run_after=None
[2024-05-30T06:46:44.571+0000] {processor.py:183} INFO - Processing /home/airflow/.local/lib/python3.12/site-packages/airflow/example_dags/example_xcomargs.py took 0.068 seconds
[2024-05-30T06:47:15.430+0000] {processor.py:161} INFO - Started process (PID=798) to work on /home/airflow/.local/lib/python3.12/site-packages/airflow/example_dags/example_xcomargs.py
[2024-05-30T06:47:15.431+0000] {processor.py:830} INFO - Processing file /home/airflow/.local/lib/python3.12/site-packages/airflow/example_dags/example_xcomargs.py for tasks to queue
[2024-05-30T06:47:15.433+0000] {logging_mixin.py:188} INFO - [2024-05-30T06:47:15.433+0000] {dagbag.py:545} INFO - Filling up the DagBag from /home/airflow/.local/lib/python3.12/site-packages/airflow/example_dags/example_xcomargs.py
[2024-05-30T06:47:15.440+0000] {processor.py:840} INFO - DAG(s) 'example_xcom_args_with_operators', 'example_xcom_args' retrieved from /home/airflow/.local/lib/python3.12/site-packages/airflow/example_dags/example_xcomargs.py
[2024-05-30T06:47:15.461+0000] {logging_mixin.py:188} INFO - [2024-05-30T06:47:15.461+0000] {dag.py:3096} INFO - Sync 2 DAGs
[2024-05-30T06:47:15.474+0000] {logging_mixin.py:188} INFO - [2024-05-30T06:47:15.473+0000] {dag.py:3954} INFO - Setting next_dagrun for example_xcom_args to None, run_after=None
[2024-05-30T06:47:15.477+0000] {logging_mixin.py:188} INFO - [2024-05-30T06:47:15.477+0000] {dag.py:3954} INFO - Setting next_dagrun for example_xcom_args_with_operators to None, run_after=None
[2024-05-30T06:47:15.493+0000] {processor.py:183} INFO - Processing /home/airflow/.local/lib/python3.12/site-packages/airflow/example_dags/example_xcomargs.py took 0.068 seconds
[2024-05-30T06:47:45.612+0000] {processor.py:161} INFO - Started process (PID=856) to work on /home/airflow/.local/lib/python3.12/site-packages/airflow/example_dags/example_xcomargs.py
[2024-05-30T06:47:45.613+0000] {processor.py:830} INFO - Processing file /home/airflow/.local/lib/python3.12/site-packages/airflow/example_dags/example_xcomargs.py for tasks to queue
[2024-05-30T06:47:45.615+0000] {logging_mixin.py:188} INFO - [2024-05-30T06:47:45.615+0000] {dagbag.py:545} INFO - Filling up the DagBag from /home/airflow/.local/lib/python3.12/site-packages/airflow/example_dags/example_xcomargs.py
[2024-05-30T06:47:45.622+0000] {processor.py:840} INFO - DAG(s) 'example_xcom_args', 'example_xcom_args_with_operators' retrieved from /home/airflow/.local/lib/python3.12/site-packages/airflow/example_dags/example_xcomargs.py
[2024-05-30T06:47:45.644+0000] {logging_mixin.py:188} INFO - [2024-05-30T06:47:45.644+0000] {dag.py:3096} INFO - Sync 2 DAGs
[2024-05-30T06:47:45.656+0000] {logging_mixin.py:188} INFO - [2024-05-30T06:47:45.656+0000] {dag.py:3954} INFO - Setting next_dagrun for example_xcom_args to None, run_after=None
[2024-05-30T06:47:45.660+0000] {logging_mixin.py:188} INFO - [2024-05-30T06:47:45.660+0000] {dag.py:3954} INFO - Setting next_dagrun for example_xcom_args_with_operators to None, run_after=None
[2024-05-30T06:47:45.676+0000] {processor.py:183} INFO - Processing /home/airflow/.local/lib/python3.12/site-packages/airflow/example_dags/example_xcomargs.py took 0.070 seconds
[2024-05-30T06:48:15.814+0000] {processor.py:161} INFO - Started process (PID=914) to work on /home/airflow/.local/lib/python3.12/site-packages/airflow/example_dags/example_xcomargs.py
[2024-05-30T06:48:15.815+0000] {processor.py:830} INFO - Processing file /home/airflow/.local/lib/python3.12/site-packages/airflow/example_dags/example_xcomargs.py for tasks to queue
[2024-05-30T06:48:15.816+0000] {logging_mixin.py:188} INFO - [2024-05-30T06:48:15.816+0000] {dagbag.py:545} INFO - Filling up the DagBag from /home/airflow/.local/lib/python3.12/site-packages/airflow/example_dags/example_xcomargs.py
[2024-05-30T06:48:15.824+0000] {processor.py:840} INFO - DAG(s) 'example_xcom_args_with_operators', 'example_xcom_args' retrieved from /home/airflow/.local/lib/python3.12/site-packages/airflow/example_dags/example_xcomargs.py
[2024-05-30T06:48:15.846+0000] {logging_mixin.py:188} INFO - [2024-05-30T06:48:15.846+0000] {dag.py:3096} INFO - Sync 2 DAGs
[2024-05-30T06:48:15.858+0000] {logging_mixin.py:188} INFO - [2024-05-30T06:48:15.858+0000] {dag.py:3954} INFO - Setting next_dagrun for example_xcom_args to None, run_after=None
[2024-05-30T06:48:15.862+0000] {logging_mixin.py:188} INFO - [2024-05-30T06:48:15.862+0000] {dag.py:3954} INFO - Setting next_dagrun for example_xcom_args_with_operators to None, run_after=None
[2024-05-30T06:48:15.878+0000] {processor.py:183} INFO - Processing /home/airflow/.local/lib/python3.12/site-packages/airflow/example_dags/example_xcomargs.py took 0.070 seconds
[2024-05-30T06:48:46.039+0000] {processor.py:161} INFO - Started process (PID=972) to work on /home/airflow/.local/lib/python3.12/site-packages/airflow/example_dags/example_xcomargs.py
[2024-05-30T06:48:46.040+0000] {processor.py:830} INFO - Processing file /home/airflow/.local/lib/python3.12/site-packages/airflow/example_dags/example_xcomargs.py for tasks to queue
[2024-05-30T06:48:46.041+0000] {logging_mixin.py:188} INFO - [2024-05-30T06:48:46.041+0000] {dagbag.py:545} INFO - Filling up the DagBag from /home/airflow/.local/lib/python3.12/site-packages/airflow/example_dags/example_xcomargs.py
[2024-05-30T06:48:46.050+0000] {processor.py:840} INFO - DAG(s) 'example_xcom_args_with_operators', 'example_xcom_args' retrieved from /home/airflow/.local/lib/python3.12/site-packages/airflow/example_dags/example_xcomargs.py
[2024-05-30T06:48:46.074+0000] {logging_mixin.py:188} INFO - [2024-05-30T06:48:46.073+0000] {dag.py:3096} INFO - Sync 2 DAGs
[2024-05-30T06:48:46.086+0000] {logging_mixin.py:188} INFO - [2024-05-30T06:48:46.086+0000] {dag.py:3954} INFO - Setting next_dagrun for example_xcom_args to None, run_after=None
[2024-05-30T06:48:46.090+0000] {logging_mixin.py:188} INFO - [2024-05-30T06:48:46.090+0000] {dag.py:3954} INFO - Setting next_dagrun for example_xcom_args_with_operators to None, run_after=None
[2024-05-30T06:48:46.105+0000] {processor.py:183} INFO - Processing /home/airflow/.local/lib/python3.12/site-packages/airflow/example_dags/example_xcomargs.py took 0.073 seconds
[2024-05-30T06:49:16.544+0000] {processor.py:161} INFO - Started process (PID=1030) to work on /home/airflow/.local/lib/python3.12/site-packages/airflow/example_dags/example_xcomargs.py
[2024-05-30T06:49:16.545+0000] {processor.py:830} INFO - Processing file /home/airflow/.local/lib/python3.12/site-packages/airflow/example_dags/example_xcomargs.py for tasks to queue
[2024-05-30T06:49:16.547+0000] {logging_mixin.py:188} INFO - [2024-05-30T06:49:16.546+0000] {dagbag.py:545} INFO - Filling up the DagBag from /home/airflow/.local/lib/python3.12/site-packages/airflow/example_dags/example_xcomargs.py
[2024-05-30T06:49:16.555+0000] {processor.py:840} INFO - DAG(s) 'example_xcom_args_with_operators', 'example_xcom_args' retrieved from /home/airflow/.local/lib/python3.12/site-packages/airflow/example_dags/example_xcomargs.py
[2024-05-30T06:49:16.577+0000] {logging_mixin.py:188} INFO - [2024-05-30T06:49:16.577+0000] {dag.py:3096} INFO - Sync 2 DAGs
[2024-05-30T06:49:16.591+0000] {logging_mixin.py:188} INFO - [2024-05-30T06:49:16.591+0000] {dag.py:3954} INFO - Setting next_dagrun for example_xcom_args to None, run_after=None
[2024-05-30T06:49:16.595+0000] {logging_mixin.py:188} INFO - [2024-05-30T06:49:16.595+0000] {dag.py:3954} INFO - Setting next_dagrun for example_xcom_args_with_operators to None, run_after=None
[2024-05-30T06:49:16.612+0000] {processor.py:183} INFO - Processing /home/airflow/.local/lib/python3.12/site-packages/airflow/example_dags/example_xcomargs.py took 0.075 seconds
[2024-05-30T06:49:47.586+0000] {processor.py:161} INFO - Started process (PID=1088) to work on /home/airflow/.local/lib/python3.12/site-packages/airflow/example_dags/example_xcomargs.py
[2024-05-30T06:49:47.587+0000] {processor.py:830} INFO - Processing file /home/airflow/.local/lib/python3.12/site-packages/airflow/example_dags/example_xcomargs.py for tasks to queue
[2024-05-30T06:49:47.588+0000] {logging_mixin.py:188} INFO - [2024-05-30T06:49:47.588+0000] {dagbag.py:545} INFO - Filling up the DagBag from /home/airflow/.local/lib/python3.12/site-packages/airflow/example_dags/example_xcomargs.py
[2024-05-30T06:49:47.595+0000] {processor.py:840} INFO - DAG(s) 'example_xcom_args_with_operators', 'example_xcom_args' retrieved from /home/airflow/.local/lib/python3.12/site-packages/airflow/example_dags/example_xcomargs.py
[2024-05-30T06:49:47.617+0000] {logging_mixin.py:188} INFO - [2024-05-30T06:49:47.616+0000] {dag.py:3096} INFO - Sync 2 DAGs
[2024-05-30T06:49:47.629+0000] {logging_mixin.py:188} INFO - [2024-05-30T06:49:47.629+0000] {dag.py:3954} INFO - Setting next_dagrun for example_xcom_args to None, run_after=None
[2024-05-30T06:49:47.633+0000] {logging_mixin.py:188} INFO - [2024-05-30T06:49:47.633+0000] {dag.py:3954} INFO - Setting next_dagrun for example_xcom_args_with_operators to None, run_after=None
[2024-05-30T06:49:47.649+0000] {processor.py:183} INFO - Processing /home/airflow/.local/lib/python3.12/site-packages/airflow/example_dags/example_xcomargs.py took 0.069 seconds
[2024-05-30T06:50:18.342+0000] {processor.py:161} INFO - Started process (PID=1152) to work on /home/airflow/.local/lib/python3.12/site-packages/airflow/example_dags/example_xcomargs.py
[2024-05-30T06:50:18.343+0000] {processor.py:830} INFO - Processing file /home/airflow/.local/lib/python3.12/site-packages/airflow/example_dags/example_xcomargs.py for tasks to queue
[2024-05-30T06:50:18.345+0000] {logging_mixin.py:188} INFO - [2024-05-30T06:50:18.345+0000] {dagbag.py:545} INFO - Filling up the DagBag from /home/airflow/.local/lib/python3.12/site-packages/airflow/example_dags/example_xcomargs.py
[2024-05-30T06:50:18.352+0000] {processor.py:840} INFO - DAG(s) 'example_xcom_args_with_operators', 'example_xcom_args' retrieved from /home/airflow/.local/lib/python3.12/site-packages/airflow/example_dags/example_xcomargs.py
[2024-05-30T06:50:18.374+0000] {logging_mixin.py:188} INFO - [2024-05-30T06:50:18.374+0000] {dag.py:3096} INFO - Sync 2 DAGs
[2024-05-30T06:50:18.388+0000] {logging_mixin.py:188} INFO - [2024-05-30T06:50:18.388+0000] {dag.py:3954} INFO - Setting next_dagrun for example_xcom_args to None, run_after=None
[2024-05-30T06:50:18.392+0000] {logging_mixin.py:188} INFO - [2024-05-30T06:50:18.392+0000] {dag.py:3954} INFO - Setting next_dagrun for example_xcom_args_with_operators to None, run_after=None
[2024-05-30T06:50:18.408+0000] {processor.py:183} INFO - Processing /home/airflow/.local/lib/python3.12/site-packages/airflow/example_dags/example_xcomargs.py took 0.071 seconds
[2024-05-30T06:50:48.988+0000] {processor.py:161} INFO - Started process (PID=1210) to work on /home/airflow/.local/lib/python3.12/site-packages/airflow/example_dags/example_xcomargs.py
[2024-05-30T06:50:48.989+0000] {processor.py:830} INFO - Processing file /home/airflow/.local/lib/python3.12/site-packages/airflow/example_dags/example_xcomargs.py for tasks to queue
[2024-05-30T06:50:48.990+0000] {logging_mixin.py:188} INFO - [2024-05-30T06:50:48.990+0000] {dagbag.py:545} INFO - Filling up the DagBag from /home/airflow/.local/lib/python3.12/site-packages/airflow/example_dags/example_xcomargs.py
[2024-05-30T06:50:48.997+0000] {processor.py:840} INFO - DAG(s) 'example_xcom_args_with_operators', 'example_xcom_args' retrieved from /home/airflow/.local/lib/python3.12/site-packages/airflow/example_dags/example_xcomargs.py
[2024-05-30T06:50:49.020+0000] {logging_mixin.py:188} INFO - [2024-05-30T06:50:49.020+0000] {dag.py:3096} INFO - Sync 2 DAGs
[2024-05-30T06:50:49.033+0000] {logging_mixin.py:188} INFO - [2024-05-30T06:50:49.033+0000] {dag.py:3954} INFO - Setting next_dagrun for example_xcom_args to None, run_after=None
[2024-05-30T06:50:49.037+0000] {logging_mixin.py:188} INFO - [2024-05-30T06:50:49.037+0000] {dag.py:3954} INFO - Setting next_dagrun for example_xcom_args_with_operators to None, run_after=None
[2024-05-30T06:50:49.054+0000] {processor.py:183} INFO - Processing /home/airflow/.local/lib/python3.12/site-packages/airflow/example_dags/example_xcomargs.py took 0.071 seconds
[2024-05-30T06:51:19.564+0000] {processor.py:161} INFO - Started process (PID=1268) to work on /home/airflow/.local/lib/python3.12/site-packages/airflow/example_dags/example_xcomargs.py
[2024-05-30T06:51:19.565+0000] {processor.py:830} INFO - Processing file /home/airflow/.local/lib/python3.12/site-packages/airflow/example_dags/example_xcomargs.py for tasks to queue
[2024-05-30T06:51:19.567+0000] {logging_mixin.py:188} INFO - [2024-05-30T06:51:19.566+0000] {dagbag.py:545} INFO - Filling up the DagBag from /home/airflow/.local/lib/python3.12/site-packages/airflow/example_dags/example_xcomargs.py
[2024-05-30T06:51:19.574+0000] {processor.py:840} INFO - DAG(s) 'example_xcom_args', 'example_xcom_args_with_operators' retrieved from /home/airflow/.local/lib/python3.12/site-packages/airflow/example_dags/example_xcomargs.py
[2024-05-30T06:51:19.596+0000] {logging_mixin.py:188} INFO - [2024-05-30T06:51:19.595+0000] {dag.py:3096} INFO - Sync 2 DAGs
[2024-05-30T06:51:19.609+0000] {logging_mixin.py:188} INFO - [2024-05-30T06:51:19.609+0000] {dag.py:3954} INFO - Setting next_dagrun for example_xcom_args to None, run_after=None
[2024-05-30T06:51:19.613+0000] {logging_mixin.py:188} INFO - [2024-05-30T06:51:19.613+0000] {dag.py:3954} INFO - Setting next_dagrun for example_xcom_args_with_operators to None, run_after=None
[2024-05-30T06:51:19.860+0000] {processor.py:183} INFO - Processing /home/airflow/.local/lib/python3.12/site-packages/airflow/example_dags/example_xcomargs.py took 0.301 seconds
[2024-05-30T06:51:50.692+0000] {processor.py:161} INFO - Started process (PID=1326) to work on /home/airflow/.local/lib/python3.12/site-packages/airflow/example_dags/example_xcomargs.py
[2024-05-30T06:51:50.693+0000] {processor.py:830} INFO - Processing file /home/airflow/.local/lib/python3.12/site-packages/airflow/example_dags/example_xcomargs.py for tasks to queue
[2024-05-30T06:51:50.695+0000] {logging_mixin.py:188} INFO - [2024-05-30T06:51:50.695+0000] {dagbag.py:545} INFO - Filling up the DagBag from /home/airflow/.local/lib/python3.12/site-packages/airflow/example_dags/example_xcomargs.py
[2024-05-30T06:51:50.702+0000] {processor.py:840} INFO - DAG(s) 'example_xcom_args_with_operators', 'example_xcom_args' retrieved from /home/airflow/.local/lib/python3.12/site-packages/airflow/example_dags/example_xcomargs.py
[2024-05-30T06:51:50.724+0000] {logging_mixin.py:188} INFO - [2024-05-30T06:51:50.723+0000] {dag.py:3096} INFO - Sync 2 DAGs
[2024-05-30T06:51:50.739+0000] {logging_mixin.py:188} INFO - [2024-05-30T06:51:50.739+0000] {dag.py:3954} INFO - Setting next_dagrun for example_xcom_args to None, run_after=None
[2024-05-30T06:51:50.743+0000] {logging_mixin.py:188} INFO - [2024-05-30T06:51:50.743+0000] {dag.py:3954} INFO - Setting next_dagrun for example_xcom_args_with_operators to None, run_after=None
[2024-05-30T06:51:50.760+0000] {processor.py:183} INFO - Processing /home/airflow/.local/lib/python3.12/site-packages/airflow/example_dags/example_xcomargs.py took 0.073 seconds
[2024-05-30T06:52:21.018+0000] {processor.py:161} INFO - Started process (PID=1384) to work on /home/airflow/.local/lib/python3.12/site-packages/airflow/example_dags/example_xcomargs.py
[2024-05-30T06:52:21.019+0000] {processor.py:830} INFO - Processing file /home/airflow/.local/lib/python3.12/site-packages/airflow/example_dags/example_xcomargs.py for tasks to queue
[2024-05-30T06:52:21.020+0000] {logging_mixin.py:188} INFO - [2024-05-30T06:52:21.020+0000] {dagbag.py:545} INFO - Filling up the DagBag from /home/airflow/.local/lib/python3.12/site-packages/airflow/example_dags/example_xcomargs.py
[2024-05-30T06:52:21.028+0000] {processor.py:840} INFO - DAG(s) 'example_xcom_args', 'example_xcom_args_with_operators' retrieved from /home/airflow/.local/lib/python3.12/site-packages/airflow/example_dags/example_xcomargs.py
[2024-05-30T06:52:21.049+0000] {logging_mixin.py:188} INFO - [2024-05-30T06:52:21.049+0000] {dag.py:3096} INFO - Sync 2 DAGs
[2024-05-30T06:52:21.061+0000] {logging_mixin.py:188} INFO - [2024-05-30T06:52:21.061+0000] {dag.py:3954} INFO - Setting next_dagrun for example_xcom_args to None, run_after=None
[2024-05-30T06:52:21.065+0000] {logging_mixin.py:188} INFO - [2024-05-30T06:52:21.065+0000] {dag.py:3954} INFO - Setting next_dagrun for example_xcom_args_with_operators to None, run_after=None
[2024-05-30T06:52:21.081+0000] {processor.py:183} INFO - Processing /home/airflow/.local/lib/python3.12/site-packages/airflow/example_dags/example_xcomargs.py took 0.068 seconds
[2024-05-30T06:52:51.711+0000] {processor.py:161} INFO - Started process (PID=1442) to work on /home/airflow/.local/lib/python3.12/site-packages/airflow/example_dags/example_xcomargs.py
[2024-05-30T06:52:51.712+0000] {processor.py:830} INFO - Processing file /home/airflow/.local/lib/python3.12/site-packages/airflow/example_dags/example_xcomargs.py for tasks to queue
[2024-05-30T06:52:51.714+0000] {logging_mixin.py:188} INFO - [2024-05-30T06:52:51.713+0000] {dagbag.py:545} INFO - Filling up the DagBag from /home/airflow/.local/lib/python3.12/site-packages/airflow/example_dags/example_xcomargs.py
[2024-05-30T06:52:51.722+0000] {processor.py:840} INFO - DAG(s) 'example_xcom_args', 'example_xcom_args_with_operators' retrieved from /home/airflow/.local/lib/python3.12/site-packages/airflow/example_dags/example_xcomargs.py
[2024-05-30T06:52:51.746+0000] {logging_mixin.py:188} INFO - [2024-05-30T06:52:51.746+0000] {dag.py:3096} INFO - Sync 2 DAGs
[2024-05-30T06:52:51.760+0000] {logging_mixin.py:188} INFO - [2024-05-30T06:52:51.760+0000] {dag.py:3954} INFO - Setting next_dagrun for example_xcom_args to None, run_after=None
[2024-05-30T06:52:51.764+0000] {logging_mixin.py:188} INFO - [2024-05-30T06:52:51.764+0000] {dag.py:3954} INFO - Setting next_dagrun for example_xcom_args_with_operators to None, run_after=None
[2024-05-30T06:52:51.781+0000] {processor.py:183} INFO - Processing /home/airflow/.local/lib/python3.12/site-packages/airflow/example_dags/example_xcomargs.py took 0.076 seconds
[2024-05-30T06:53:22.215+0000] {processor.py:161} INFO - Started process (PID=1500) to work on /home/airflow/.local/lib/python3.12/site-packages/airflow/example_dags/example_xcomargs.py
[2024-05-30T06:53:22.216+0000] {processor.py:830} INFO - Processing file /home/airflow/.local/lib/python3.12/site-packages/airflow/example_dags/example_xcomargs.py for tasks to queue
[2024-05-30T06:53:22.218+0000] {logging_mixin.py:188} INFO - [2024-05-30T06:53:22.218+0000] {dagbag.py:545} INFO - Filling up the DagBag from /home/airflow/.local/lib/python3.12/site-packages/airflow/example_dags/example_xcomargs.py
[2024-05-30T06:53:22.227+0000] {processor.py:840} INFO - DAG(s) 'example_xcom_args_with_operators', 'example_xcom_args' retrieved from /home/airflow/.local/lib/python3.12/site-packages/airflow/example_dags/example_xcomargs.py
[2024-05-30T06:53:22.251+0000] {logging_mixin.py:188} INFO - [2024-05-30T06:53:22.251+0000] {dag.py:3096} INFO - Sync 2 DAGs
[2024-05-30T06:53:22.264+0000] {logging_mixin.py:188} INFO - [2024-05-30T06:53:22.264+0000] {dag.py:3954} INFO - Setting next_dagrun for example_xcom_args to None, run_after=None
[2024-05-30T06:53:22.268+0000] {logging_mixin.py:188} INFO - [2024-05-30T06:53:22.268+0000] {dag.py:3954} INFO - Setting next_dagrun for example_xcom_args_with_operators to None, run_after=None
[2024-05-30T06:53:22.284+0000] {processor.py:183} INFO - Processing /home/airflow/.local/lib/python3.12/site-packages/airflow/example_dags/example_xcomargs.py took 0.074 seconds
[2024-05-30T06:53:52.754+0000] {processor.py:161} INFO - Started process (PID=1558) to work on /home/airflow/.local/lib/python3.12/site-packages/airflow/example_dags/example_xcomargs.py
[2024-05-30T06:53:52.755+0000] {processor.py:830} INFO - Processing file /home/airflow/.local/lib/python3.12/site-packages/airflow/example_dags/example_xcomargs.py for tasks to queue
[2024-05-30T06:53:52.757+0000] {logging_mixin.py:188} INFO - [2024-05-30T06:53:52.757+0000] {dagbag.py:545} INFO - Filling up the DagBag from /home/airflow/.local/lib/python3.12/site-packages/airflow/example_dags/example_xcomargs.py
[2024-05-30T06:53:52.764+0000] {processor.py:840} INFO - DAG(s) 'example_xcom_args_with_operators', 'example_xcom_args' retrieved from /home/airflow/.local/lib/python3.12/site-packages/airflow/example_dags/example_xcomargs.py
[2024-05-30T06:53:52.786+0000] {logging_mixin.py:188} INFO - [2024-05-30T06:53:52.786+0000] {dag.py:3096} INFO - Sync 2 DAGs
[2024-05-30T06:53:52.799+0000] {logging_mixin.py:188} INFO - [2024-05-30T06:53:52.798+0000] {dag.py:3954} INFO - Setting next_dagrun for example_xcom_args to None, run_after=None
[2024-05-30T06:53:52.803+0000] {logging_mixin.py:188} INFO - [2024-05-30T06:53:52.803+0000] {dag.py:3954} INFO - Setting next_dagrun for example_xcom_args_with_operators to None, run_after=None
[2024-05-30T06:53:52.819+0000] {processor.py:183} INFO - Processing /home/airflow/.local/lib/python3.12/site-packages/airflow/example_dags/example_xcomargs.py took 0.072 seconds
[2024-05-30T06:54:23.503+0000] {processor.py:161} INFO - Started process (PID=1616) to work on /home/airflow/.local/lib/python3.12/site-packages/airflow/example_dags/example_xcomargs.py
[2024-05-30T06:54:23.504+0000] {processor.py:830} INFO - Processing file /home/airflow/.local/lib/python3.12/site-packages/airflow/example_dags/example_xcomargs.py for tasks to queue
[2024-05-30T06:54:23.506+0000] {logging_mixin.py:188} INFO - [2024-05-30T06:54:23.506+0000] {dagbag.py:545} INFO - Filling up the DagBag from /home/airflow/.local/lib/python3.12/site-packages/airflow/example_dags/example_xcomargs.py
[2024-05-30T06:54:23.514+0000] {processor.py:840} INFO - DAG(s) 'example_xcom_args_with_operators', 'example_xcom_args' retrieved from /home/airflow/.local/lib/python3.12/site-packages/airflow/example_dags/example_xcomargs.py
[2024-05-30T06:54:23.536+0000] {logging_mixin.py:188} INFO - [2024-05-30T06:54:23.536+0000] {dag.py:3096} INFO - Sync 2 DAGs
[2024-05-30T06:54:23.554+0000] {logging_mixin.py:188} INFO - [2024-05-30T06:54:23.554+0000] {dag.py:3954} INFO - Setting next_dagrun for example_xcom_args to None, run_after=None
[2024-05-30T06:54:23.559+0000] {logging_mixin.py:188} INFO - [2024-05-30T06:54:23.559+0000] {dag.py:3954} INFO - Setting next_dagrun for example_xcom_args_with_operators to None, run_after=None
[2024-05-30T06:54:23.576+0000] {processor.py:183} INFO - Processing /home/airflow/.local/lib/python3.12/site-packages/airflow/example_dags/example_xcomargs.py took 0.079 seconds
[2024-05-30T06:54:53.812+0000] {processor.py:161} INFO - Started process (PID=1674) to work on /home/airflow/.local/lib/python3.12/site-packages/airflow/example_dags/example_xcomargs.py
[2024-05-30T06:54:53.813+0000] {processor.py:830} INFO - Processing file /home/airflow/.local/lib/python3.12/site-packages/airflow/example_dags/example_xcomargs.py for tasks to queue
[2024-05-30T06:54:53.814+0000] {logging_mixin.py:188} INFO - [2024-05-30T06:54:53.814+0000] {dagbag.py:545} INFO - Filling up the DagBag from /home/airflow/.local/lib/python3.12/site-packages/airflow/example_dags/example_xcomargs.py
[2024-05-30T06:54:53.823+0000] {processor.py:840} INFO - DAG(s) 'example_xcom_args', 'example_xcom_args_with_operators' retrieved from /home/airflow/.local/lib/python3.12/site-packages/airflow/example_dags/example_xcomargs.py
[2024-05-30T06:54:53.847+0000] {logging_mixin.py:188} INFO - [2024-05-30T06:54:53.847+0000] {dag.py:3096} INFO - Sync 2 DAGs
[2024-05-30T06:54:53.862+0000] {logging_mixin.py:188} INFO - [2024-05-30T06:54:53.862+0000] {dag.py:3954} INFO - Setting next_dagrun for example_xcom_args to None, run_after=None
[2024-05-30T06:54:53.867+0000] {logging_mixin.py:188} INFO - [2024-05-30T06:54:53.867+0000] {dag.py:3954} INFO - Setting next_dagrun for example_xcom_args_with_operators to None, run_after=None
[2024-05-30T06:54:53.887+0000] {processor.py:183} INFO - Processing /home/airflow/.local/lib/python3.12/site-packages/airflow/example_dags/example_xcomargs.py took 0.082 seconds
[2024-05-30T06:55:24.195+0000] {processor.py:161} INFO - Started process (PID=1732) to work on /home/airflow/.local/lib/python3.12/site-packages/airflow/example_dags/example_xcomargs.py
[2024-05-30T06:55:24.196+0000] {processor.py:830} INFO - Processing file /home/airflow/.local/lib/python3.12/site-packages/airflow/example_dags/example_xcomargs.py for tasks to queue
[2024-05-30T06:55:24.197+0000] {logging_mixin.py:188} INFO - [2024-05-30T06:55:24.197+0000] {dagbag.py:545} INFO - Filling up the DagBag from /home/airflow/.local/lib/python3.12/site-packages/airflow/example_dags/example_xcomargs.py
[2024-05-30T06:55:24.205+0000] {processor.py:840} INFO - DAG(s) 'example_xcom_args_with_operators', 'example_xcom_args' retrieved from /home/airflow/.local/lib/python3.12/site-packages/airflow/example_dags/example_xcomargs.py
[2024-05-30T06:55:24.225+0000] {logging_mixin.py:188} INFO - [2024-05-30T06:55:24.225+0000] {dag.py:3096} INFO - Sync 2 DAGs
[2024-05-30T06:55:24.238+0000] {logging_mixin.py:188} INFO - [2024-05-30T06:55:24.238+0000] {dag.py:3954} INFO - Setting next_dagrun for example_xcom_args to None, run_after=None
[2024-05-30T06:55:24.242+0000] {logging_mixin.py:188} INFO - [2024-05-30T06:55:24.241+0000] {dag.py:3954} INFO - Setting next_dagrun for example_xcom_args_with_operators to None, run_after=None
[2024-05-30T06:55:24.256+0000] {processor.py:183} INFO - Processing /home/airflow/.local/lib/python3.12/site-packages/airflow/example_dags/example_xcomargs.py took 0.066 seconds
[2024-05-30T06:55:55.244+0000] {processor.py:161} INFO - Started process (PID=1790) to work on /home/airflow/.local/lib/python3.12/site-packages/airflow/example_dags/example_xcomargs.py
[2024-05-30T06:55:55.244+0000] {processor.py:830} INFO - Processing file /home/airflow/.local/lib/python3.12/site-packages/airflow/example_dags/example_xcomargs.py for tasks to queue
[2024-05-30T06:55:55.246+0000] {logging_mixin.py:188} INFO - [2024-05-30T06:55:55.246+0000] {dagbag.py:545} INFO - Filling up the DagBag from /home/airflow/.local/lib/python3.12/site-packages/airflow/example_dags/example_xcomargs.py
[2024-05-30T06:55:55.253+0000] {processor.py:840} INFO - DAG(s) 'example_xcom_args_with_operators', 'example_xcom_args' retrieved from /home/airflow/.local/lib/python3.12/site-packages/airflow/example_dags/example_xcomargs.py
[2024-05-30T06:55:55.274+0000] {logging_mixin.py:188} INFO - [2024-05-30T06:55:55.274+0000] {dag.py:3096} INFO - Sync 2 DAGs
[2024-05-30T06:55:55.287+0000] {logging_mixin.py:188} INFO - [2024-05-30T06:55:55.287+0000] {dag.py:3954} INFO - Setting next_dagrun for example_xcom_args to None, run_after=None
[2024-05-30T06:55:55.291+0000] {logging_mixin.py:188} INFO - [2024-05-30T06:55:55.291+0000] {dag.py:3954} INFO - Setting next_dagrun for example_xcom_args_with_operators to None, run_after=None
[2024-05-30T06:55:55.307+0000] {processor.py:183} INFO - Processing /home/airflow/.local/lib/python3.12/site-packages/airflow/example_dags/example_xcomargs.py took 0.069 seconds
[2024-05-30T06:56:25.470+0000] {processor.py:161} INFO - Started process (PID=1848) to work on /home/airflow/.local/lib/python3.12/site-packages/airflow/example_dags/example_xcomargs.py
[2024-05-30T06:56:25.471+0000] {processor.py:830} INFO - Processing file /home/airflow/.local/lib/python3.12/site-packages/airflow/example_dags/example_xcomargs.py for tasks to queue
[2024-05-30T06:56:25.473+0000] {logging_mixin.py:188} INFO - [2024-05-30T06:56:25.472+0000] {dagbag.py:545} INFO - Filling up the DagBag from /home/airflow/.local/lib/python3.12/site-packages/airflow/example_dags/example_xcomargs.py
[2024-05-30T06:56:25.480+0000] {processor.py:840} INFO - DAG(s) 'example_xcom_args_with_operators', 'example_xcom_args' retrieved from /home/airflow/.local/lib/python3.12/site-packages/airflow/example_dags/example_xcomargs.py
[2024-05-30T06:56:25.501+0000] {logging_mixin.py:188} INFO - [2024-05-30T06:56:25.501+0000] {dag.py:3096} INFO - Sync 2 DAGs
[2024-05-30T06:56:25.514+0000] {logging_mixin.py:188} INFO - [2024-05-30T06:56:25.514+0000] {dag.py:3954} INFO - Setting next_dagrun for example_xcom_args to None, run_after=None
[2024-05-30T06:56:25.518+0000] {logging_mixin.py:188} INFO - [2024-05-30T06:56:25.518+0000] {dag.py:3954} INFO - Setting next_dagrun for example_xcom_args_with_operators to None, run_after=None
[2024-05-30T06:56:25.535+0000] {processor.py:183} INFO - Processing /home/airflow/.local/lib/python3.12/site-packages/airflow/example_dags/example_xcomargs.py took 0.070 seconds
[2024-05-30T06:56:55.579+0000] {processor.py:161} INFO - Started process (PID=1905) to work on /home/airflow/.local/lib/python3.12/site-packages/airflow/example_dags/example_xcomargs.py
[2024-05-30T06:56:55.579+0000] {processor.py:830} INFO - Processing file /home/airflow/.local/lib/python3.12/site-packages/airflow/example_dags/example_xcomargs.py for tasks to queue
[2024-05-30T06:56:55.581+0000] {logging_mixin.py:188} INFO - [2024-05-30T06:56:55.581+0000] {dagbag.py:545} INFO - Filling up the DagBag from /home/airflow/.local/lib/python3.12/site-packages/airflow/example_dags/example_xcomargs.py
[2024-05-30T06:56:55.588+0000] {processor.py:840} INFO - DAG(s) 'example_xcom_args', 'example_xcom_args_with_operators' retrieved from /home/airflow/.local/lib/python3.12/site-packages/airflow/example_dags/example_xcomargs.py
[2024-05-30T06:56:55.609+0000] {logging_mixin.py:188} INFO - [2024-05-30T06:56:55.609+0000] {dag.py:3096} INFO - Sync 2 DAGs
[2024-05-30T06:56:55.622+0000] {logging_mixin.py:188} INFO - [2024-05-30T06:56:55.621+0000] {dag.py:3954} INFO - Setting next_dagrun for example_xcom_args to None, run_after=None
[2024-05-30T06:56:55.626+0000] {logging_mixin.py:188} INFO - [2024-05-30T06:56:55.626+0000] {dag.py:3954} INFO - Setting next_dagrun for example_xcom_args_with_operators to None, run_after=None
[2024-05-30T06:56:55.641+0000] {processor.py:183} INFO - Processing /home/airflow/.local/lib/python3.12/site-packages/airflow/example_dags/example_xcomargs.py took 0.067 seconds
[2024-05-30T06:57:26.131+0000] {processor.py:161} INFO - Started process (PID=1964) to work on /home/airflow/.local/lib/python3.12/site-packages/airflow/example_dags/example_xcomargs.py
[2024-05-30T06:57:26.132+0000] {processor.py:830} INFO - Processing file /home/airflow/.local/lib/python3.12/site-packages/airflow/example_dags/example_xcomargs.py for tasks to queue
[2024-05-30T06:57:26.133+0000] {logging_mixin.py:188} INFO - [2024-05-30T06:57:26.133+0000] {dagbag.py:545} INFO - Filling up the DagBag from /home/airflow/.local/lib/python3.12/site-packages/airflow/example_dags/example_xcomargs.py
[2024-05-30T06:57:26.141+0000] {processor.py:840} INFO - DAG(s) 'example_xcom_args', 'example_xcom_args_with_operators' retrieved from /home/airflow/.local/lib/python3.12/site-packages/airflow/example_dags/example_xcomargs.py
[2024-05-30T06:57:26.162+0000] {logging_mixin.py:188} INFO - [2024-05-30T06:57:26.162+0000] {dag.py:3096} INFO - Sync 2 DAGs
[2024-05-30T06:57:26.175+0000] {logging_mixin.py:188} INFO - [2024-05-30T06:57:26.175+0000] {dag.py:3954} INFO - Setting next_dagrun for example_xcom_args to None, run_after=None
[2024-05-30T06:57:26.179+0000] {logging_mixin.py:188} INFO - [2024-05-30T06:57:26.179+0000] {dag.py:3954} INFO - Setting next_dagrun for example_xcom_args_with_operators to None, run_after=None
[2024-05-30T06:57:26.196+0000] {processor.py:183} INFO - Processing /home/airflow/.local/lib/python3.12/site-packages/airflow/example_dags/example_xcomargs.py took 0.069 seconds
[2024-05-30T06:57:56.725+0000] {processor.py:161} INFO - Started process (PID=2022) to work on /home/airflow/.local/lib/python3.12/site-packages/airflow/example_dags/example_xcomargs.py
[2024-05-30T06:57:56.726+0000] {processor.py:830} INFO - Processing file /home/airflow/.local/lib/python3.12/site-packages/airflow/example_dags/example_xcomargs.py for tasks to queue
[2024-05-30T06:57:56.728+0000] {logging_mixin.py:188} INFO - [2024-05-30T06:57:56.727+0000] {dagbag.py:545} INFO - Filling up the DagBag from /home/airflow/.local/lib/python3.12/site-packages/airflow/example_dags/example_xcomargs.py
[2024-05-30T06:57:56.735+0000] {processor.py:840} INFO - DAG(s) 'example_xcom_args_with_operators', 'example_xcom_args' retrieved from /home/airflow/.local/lib/python3.12/site-packages/airflow/example_dags/example_xcomargs.py
[2024-05-30T06:57:56.757+0000] {logging_mixin.py:188} INFO - [2024-05-30T06:57:56.757+0000] {dag.py:3096} INFO - Sync 2 DAGs
[2024-05-30T06:57:56.770+0000] {logging_mixin.py:188} INFO - [2024-05-30T06:57:56.770+0000] {dag.py:3954} INFO - Setting next_dagrun for example_xcom_args to None, run_after=None
[2024-05-30T06:57:56.774+0000] {logging_mixin.py:188} INFO - [2024-05-30T06:57:56.773+0000] {dag.py:3954} INFO - Setting next_dagrun for example_xcom_args_with_operators to None, run_after=None
[2024-05-30T06:57:56.790+0000] {processor.py:183} INFO - Processing /home/airflow/.local/lib/python3.12/site-packages/airflow/example_dags/example_xcomargs.py took 0.069 seconds
[2024-05-30T06:58:27.334+0000] {processor.py:161} INFO - Started process (PID=2080) to work on /home/airflow/.local/lib/python3.12/site-packages/airflow/example_dags/example_xcomargs.py
[2024-05-30T06:58:27.335+0000] {processor.py:830} INFO - Processing file /home/airflow/.local/lib/python3.12/site-packages/airflow/example_dags/example_xcomargs.py for tasks to queue
[2024-05-30T06:58:27.337+0000] {logging_mixin.py:188} INFO - [2024-05-30T06:58:27.337+0000] {dagbag.py:545} INFO - Filling up the DagBag from /home/airflow/.local/lib/python3.12/site-packages/airflow/example_dags/example_xcomargs.py
[2024-05-30T06:58:27.345+0000] {processor.py:840} INFO - DAG(s) 'example_xcom_args_with_operators', 'example_xcom_args' retrieved from /home/airflow/.local/lib/python3.12/site-packages/airflow/example_dags/example_xcomargs.py
[2024-05-30T06:58:27.369+0000] {logging_mixin.py:188} INFO - [2024-05-30T06:58:27.369+0000] {dag.py:3096} INFO - Sync 2 DAGs
[2024-05-30T06:58:27.384+0000] {logging_mixin.py:188} INFO - [2024-05-30T06:58:27.384+0000] {dag.py:3954} INFO - Setting next_dagrun for example_xcom_args to None, run_after=None
[2024-05-30T06:58:27.389+0000] {logging_mixin.py:188} INFO - [2024-05-30T06:58:27.388+0000] {dag.py:3954} INFO - Setting next_dagrun for example_xcom_args_with_operators to None, run_after=None
[2024-05-30T06:58:27.408+0000] {processor.py:183} INFO - Processing /home/airflow/.local/lib/python3.12/site-packages/airflow/example_dags/example_xcomargs.py took 0.079 seconds
[2024-05-30T06:58:57.951+0000] {processor.py:161} INFO - Started process (PID=2138) to work on /home/airflow/.local/lib/python3.12/site-packages/airflow/example_dags/example_xcomargs.py
[2024-05-30T06:58:57.952+0000] {processor.py:830} INFO - Processing file /home/airflow/.local/lib/python3.12/site-packages/airflow/example_dags/example_xcomargs.py for tasks to queue
[2024-05-30T06:58:57.953+0000] {logging_mixin.py:188} INFO - [2024-05-30T06:58:57.953+0000] {dagbag.py:545} INFO - Filling up the DagBag from /home/airflow/.local/lib/python3.12/site-packages/airflow/example_dags/example_xcomargs.py
[2024-05-30T06:58:57.960+0000] {processor.py:840} INFO - DAG(s) 'example_xcom_args_with_operators', 'example_xcom_args' retrieved from /home/airflow/.local/lib/python3.12/site-packages/airflow/example_dags/example_xcomargs.py
[2024-05-30T06:58:57.982+0000] {logging_mixin.py:188} INFO - [2024-05-30T06:58:57.981+0000] {dag.py:3096} INFO - Sync 2 DAGs
[2024-05-30T06:58:57.994+0000] {logging_mixin.py:188} INFO - [2024-05-30T06:58:57.994+0000] {dag.py:3954} INFO - Setting next_dagrun for example_xcom_args to None, run_after=None
[2024-05-30T06:58:57.998+0000] {logging_mixin.py:188} INFO - [2024-05-30T06:58:57.998+0000] {dag.py:3954} INFO - Setting next_dagrun for example_xcom_args_with_operators to None, run_after=None
[2024-05-30T06:58:58.016+0000] {processor.py:183} INFO - Processing /home/airflow/.local/lib/python3.12/site-packages/airflow/example_dags/example_xcomargs.py took 0.070 seconds
[2024-05-30T06:59:28.476+0000] {processor.py:161} INFO - Started process (PID=2196) to work on /home/airflow/.local/lib/python3.12/site-packages/airflow/example_dags/example_xcomargs.py
[2024-05-30T06:59:28.477+0000] {processor.py:830} INFO - Processing file /home/airflow/.local/lib/python3.12/site-packages/airflow/example_dags/example_xcomargs.py for tasks to queue
[2024-05-30T06:59:28.478+0000] {logging_mixin.py:188} INFO - [2024-05-30T06:59:28.478+0000] {dagbag.py:545} INFO - Filling up the DagBag from /home/airflow/.local/lib/python3.12/site-packages/airflow/example_dags/example_xcomargs.py
[2024-05-30T06:59:28.485+0000] {processor.py:840} INFO - DAG(s) 'example_xcom_args_with_operators', 'example_xcom_args' retrieved from /home/airflow/.local/lib/python3.12/site-packages/airflow/example_dags/example_xcomargs.py
[2024-05-30T06:59:28.507+0000] {logging_mixin.py:188} INFO - [2024-05-30T06:59:28.506+0000] {dag.py:3096} INFO - Sync 2 DAGs
[2024-05-30T06:59:28.520+0000] {logging_mixin.py:188} INFO - [2024-05-30T06:59:28.519+0000] {dag.py:3954} INFO - Setting next_dagrun for example_xcom_args to None, run_after=None
[2024-05-30T06:59:28.524+0000] {logging_mixin.py:188} INFO - [2024-05-30T06:59:28.523+0000] {dag.py:3954} INFO - Setting next_dagrun for example_xcom_args_with_operators to None, run_after=None
[2024-05-30T06:59:28.539+0000] {processor.py:183} INFO - Processing /home/airflow/.local/lib/python3.12/site-packages/airflow/example_dags/example_xcomargs.py took 0.070 seconds
[2024-05-30T06:59:58.933+0000] {processor.py:161} INFO - Started process (PID=2254) to work on /home/airflow/.local/lib/python3.12/site-packages/airflow/example_dags/example_xcomargs.py
[2024-05-30T06:59:58.934+0000] {processor.py:830} INFO - Processing file /home/airflow/.local/lib/python3.12/site-packages/airflow/example_dags/example_xcomargs.py for tasks to queue
[2024-05-30T06:59:58.935+0000] {logging_mixin.py:188} INFO - [2024-05-30T06:59:58.935+0000] {dagbag.py:545} INFO - Filling up the DagBag from /home/airflow/.local/lib/python3.12/site-packages/airflow/example_dags/example_xcomargs.py
[2024-05-30T06:59:58.943+0000] {processor.py:840} INFO - DAG(s) 'example_xcom_args_with_operators', 'example_xcom_args' retrieved from /home/airflow/.local/lib/python3.12/site-packages/airflow/example_dags/example_xcomargs.py
[2024-05-30T06:59:58.964+0000] {logging_mixin.py:188} INFO - [2024-05-30T06:59:58.964+0000] {dag.py:3096} INFO - Sync 2 DAGs
[2024-05-30T06:59:58.977+0000] {logging_mixin.py:188} INFO - [2024-05-30T06:59:58.977+0000] {dag.py:3954} INFO - Setting next_dagrun for example_xcom_args to None, run_after=None
[2024-05-30T06:59:58.981+0000] {logging_mixin.py:188} INFO - [2024-05-30T06:59:58.980+0000] {dag.py:3954} INFO - Setting next_dagrun for example_xcom_args_with_operators to None, run_after=None
[2024-05-30T06:59:58.995+0000] {processor.py:183} INFO - Processing /home/airflow/.local/lib/python3.12/site-packages/airflow/example_dags/example_xcomargs.py took 0.067 seconds
[2024-05-30T07:00:29.583+0000] {processor.py:161} INFO - Started process (PID=2312) to work on /home/airflow/.local/lib/python3.12/site-packages/airflow/example_dags/example_xcomargs.py
[2024-05-30T07:00:29.583+0000] {processor.py:830} INFO - Processing file /home/airflow/.local/lib/python3.12/site-packages/airflow/example_dags/example_xcomargs.py for tasks to queue
[2024-05-30T07:00:29.585+0000] {logging_mixin.py:188} INFO - [2024-05-30T07:00:29.585+0000] {dagbag.py:545} INFO - Filling up the DagBag from /home/airflow/.local/lib/python3.12/site-packages/airflow/example_dags/example_xcomargs.py
[2024-05-30T07:00:29.593+0000] {processor.py:840} INFO - DAG(s) 'example_xcom_args_with_operators', 'example_xcom_args' retrieved from /home/airflow/.local/lib/python3.12/site-packages/airflow/example_dags/example_xcomargs.py
[2024-05-30T07:00:29.614+0000] {logging_mixin.py:188} INFO - [2024-05-30T07:00:29.614+0000] {dag.py:3096} INFO - Sync 2 DAGs
[2024-05-30T07:00:29.627+0000] {logging_mixin.py:188} INFO - [2024-05-30T07:00:29.627+0000] {dag.py:3954} INFO - Setting next_dagrun for example_xcom_args to None, run_after=None
[2024-05-30T07:00:29.631+0000] {logging_mixin.py:188} INFO - [2024-05-30T07:00:29.631+0000] {dag.py:3954} INFO - Setting next_dagrun for example_xcom_args_with_operators to None, run_after=None
[2024-05-30T07:00:29.647+0000] {processor.py:183} INFO - Processing /home/airflow/.local/lib/python3.12/site-packages/airflow/example_dags/example_xcomargs.py took 0.070 seconds
[2024-05-30T07:01:00.172+0000] {processor.py:161} INFO - Started process (PID=2370) to work on /home/airflow/.local/lib/python3.12/site-packages/airflow/example_dags/example_xcomargs.py
[2024-05-30T07:01:00.172+0000] {processor.py:830} INFO - Processing file /home/airflow/.local/lib/python3.12/site-packages/airflow/example_dags/example_xcomargs.py for tasks to queue
[2024-05-30T07:01:00.174+0000] {logging_mixin.py:188} INFO - [2024-05-30T07:01:00.174+0000] {dagbag.py:545} INFO - Filling up the DagBag from /home/airflow/.local/lib/python3.12/site-packages/airflow/example_dags/example_xcomargs.py
[2024-05-30T07:01:00.181+0000] {processor.py:840} INFO - DAG(s) 'example_xcom_args_with_operators', 'example_xcom_args' retrieved from /home/airflow/.local/lib/python3.12/site-packages/airflow/example_dags/example_xcomargs.py
[2024-05-30T07:01:00.201+0000] {logging_mixin.py:188} INFO - [2024-05-30T07:01:00.201+0000] {dag.py:3096} INFO - Sync 2 DAGs
[2024-05-30T07:01:00.214+0000] {logging_mixin.py:188} INFO - [2024-05-30T07:01:00.213+0000] {dag.py:3954} INFO - Setting next_dagrun for example_xcom_args to None, run_after=None
[2024-05-30T07:01:00.218+0000] {logging_mixin.py:188} INFO - [2024-05-30T07:01:00.217+0000] {dag.py:3954} INFO - Setting next_dagrun for example_xcom_args_with_operators to None, run_after=None
[2024-05-30T07:01:00.233+0000] {processor.py:183} INFO - Processing /home/airflow/.local/lib/python3.12/site-packages/airflow/example_dags/example_xcomargs.py took 0.066 seconds
[2024-05-30T07:01:30.753+0000] {processor.py:161} INFO - Started process (PID=2428) to work on /home/airflow/.local/lib/python3.12/site-packages/airflow/example_dags/example_xcomargs.py
[2024-05-30T07:01:30.754+0000] {processor.py:830} INFO - Processing file /home/airflow/.local/lib/python3.12/site-packages/airflow/example_dags/example_xcomargs.py for tasks to queue
[2024-05-30T07:01:30.756+0000] {logging_mixin.py:188} INFO - [2024-05-30T07:01:30.755+0000] {dagbag.py:545} INFO - Filling up the DagBag from /home/airflow/.local/lib/python3.12/site-packages/airflow/example_dags/example_xcomargs.py
[2024-05-30T07:01:30.767+0000] {processor.py:840} INFO - DAG(s) 'example_xcom_args_with_operators', 'example_xcom_args' retrieved from /home/airflow/.local/lib/python3.12/site-packages/airflow/example_dags/example_xcomargs.py
[2024-05-30T07:01:30.795+0000] {logging_mixin.py:188} INFO - [2024-05-30T07:01:30.795+0000] {dag.py:3096} INFO - Sync 2 DAGs
[2024-05-30T07:01:30.809+0000] {logging_mixin.py:188} INFO - [2024-05-30T07:01:30.809+0000] {dag.py:3954} INFO - Setting next_dagrun for example_xcom_args to None, run_after=None
[2024-05-30T07:01:30.813+0000] {logging_mixin.py:188} INFO - [2024-05-30T07:01:30.813+0000] {dag.py:3954} INFO - Setting next_dagrun for example_xcom_args_with_operators to None, run_after=None
[2024-05-30T07:01:30.831+0000] {processor.py:183} INFO - Processing /home/airflow/.local/lib/python3.12/site-packages/airflow/example_dags/example_xcomargs.py took 0.086 seconds
