[2024-05-30T06:40:35.895+0000] {processor.py:161} INFO - Started process (PID=31) to work on /home/airflow/.local/lib/python3.12/site-packages/airflow/example_dags/example_sensors.py
[2024-05-30T06:40:35.896+0000] {processor.py:830} INFO - Processing file /home/airflow/.local/lib/python3.12/site-packages/airflow/example_dags/example_sensors.py for tasks to queue
[2024-05-30T06:40:35.899+0000] {logging_mixin.py:188} INFO - [2024-05-30T06:40:35.898+0000] {dagbag.py:545} INFO - Filling up the DagBag from /home/airflow/.local/lib/python3.12/site-packages/airflow/example_dags/example_sensors.py
[2024-05-30T06:40:35.914+0000] {processor.py:840} INFO - DAG(s) 'example_sensors' retrieved from /home/airflow/.local/lib/python3.12/site-packages/airflow/example_dags/example_sensors.py
[2024-05-30T06:40:35.960+0000] {logging_mixin.py:188} INFO - [2024-05-30T06:40:35.960+0000] {dag.py:3096} INFO - Sync 1 DAGs
[2024-05-30T06:40:35.979+0000] {logging_mixin.py:188} INFO - [2024-05-30T06:40:35.979+0000] {dag.py:3954} INFO - Setting next_dagrun for example_sensors to None, run_after=None
[2024-05-30T06:40:36.003+0000] {processor.py:183} INFO - Processing /home/airflow/.local/lib/python3.12/site-packages/airflow/example_dags/example_sensors.py took 0.116 seconds
[2024-05-30T06:41:06.314+0000] {processor.py:161} INFO - Started process (PID=89) to work on /home/airflow/.local/lib/python3.12/site-packages/airflow/example_dags/example_sensors.py
[2024-05-30T06:41:06.316+0000] {processor.py:830} INFO - Processing file /home/airflow/.local/lib/python3.12/site-packages/airflow/example_dags/example_sensors.py for tasks to queue
[2024-05-30T06:41:06.319+0000] {logging_mixin.py:188} INFO - [2024-05-30T06:41:06.318+0000] {dagbag.py:545} INFO - Filling up the DagBag from /home/airflow/.local/lib/python3.12/site-packages/airflow/example_dags/example_sensors.py
[2024-05-30T06:41:06.333+0000] {processor.py:840} INFO - DAG(s) 'example_sensors' retrieved from /home/airflow/.local/lib/python3.12/site-packages/airflow/example_dags/example_sensors.py
[2024-05-30T06:41:06.345+0000] {logging_mixin.py:188} INFO - [2024-05-30T06:41:06.345+0000] {dag.py:3096} INFO - Sync 1 DAGs
[2024-05-30T06:41:06.364+0000] {logging_mixin.py:188} INFO - [2024-05-30T06:41:06.364+0000] {dag.py:3954} INFO - Setting next_dagrun for example_sensors to None, run_after=None
[2024-05-30T06:41:06.394+0000] {processor.py:183} INFO - Processing /home/airflow/.local/lib/python3.12/site-packages/airflow/example_dags/example_sensors.py took 0.089 seconds
[2024-05-30T06:41:36.671+0000] {processor.py:161} INFO - Started process (PID=147) to work on /home/airflow/.local/lib/python3.12/site-packages/airflow/example_dags/example_sensors.py
[2024-05-30T06:41:36.672+0000] {processor.py:830} INFO - Processing file /home/airflow/.local/lib/python3.12/site-packages/airflow/example_dags/example_sensors.py for tasks to queue
[2024-05-30T06:41:36.673+0000] {logging_mixin.py:188} INFO - [2024-05-30T06:41:36.673+0000] {dagbag.py:545} INFO - Filling up the DagBag from /home/airflow/.local/lib/python3.12/site-packages/airflow/example_dags/example_sensors.py
[2024-05-30T06:41:36.682+0000] {processor.py:840} INFO - DAG(s) 'example_sensors' retrieved from /home/airflow/.local/lib/python3.12/site-packages/airflow/example_dags/example_sensors.py
[2024-05-30T06:41:36.783+0000] {logging_mixin.py:188} INFO - [2024-05-30T06:41:36.783+0000] {dag.py:3096} INFO - Sync 1 DAGs
[2024-05-30T06:41:36.794+0000] {logging_mixin.py:188} INFO - [2024-05-30T06:41:36.794+0000] {dag.py:3954} INFO - Setting next_dagrun for example_sensors to None, run_after=None
[2024-05-30T06:41:36.814+0000] {processor.py:183} INFO - Processing /home/airflow/.local/lib/python3.12/site-packages/airflow/example_dags/example_sensors.py took 0.149 seconds
[2024-05-30T06:42:06.860+0000] {processor.py:161} INFO - Started process (PID=205) to work on /home/airflow/.local/lib/python3.12/site-packages/airflow/example_dags/example_sensors.py
[2024-05-30T06:42:06.861+0000] {processor.py:830} INFO - Processing file /home/airflow/.local/lib/python3.12/site-packages/airflow/example_dags/example_sensors.py for tasks to queue
[2024-05-30T06:42:06.863+0000] {logging_mixin.py:188} INFO - [2024-05-30T06:42:06.862+0000] {dagbag.py:545} INFO - Filling up the DagBag from /home/airflow/.local/lib/python3.12/site-packages/airflow/example_dags/example_sensors.py
[2024-05-30T06:42:06.871+0000] {processor.py:840} INFO - DAG(s) 'example_sensors' retrieved from /home/airflow/.local/lib/python3.12/site-packages/airflow/example_dags/example_sensors.py
[2024-05-30T06:42:06.895+0000] {logging_mixin.py:188} INFO - [2024-05-30T06:42:06.894+0000] {dag.py:3096} INFO - Sync 1 DAGs
[2024-05-30T06:42:06.908+0000] {logging_mixin.py:188} INFO - [2024-05-30T06:42:06.908+0000] {dag.py:3954} INFO - Setting next_dagrun for example_sensors to None, run_after=None
[2024-05-30T06:42:06.927+0000] {processor.py:183} INFO - Processing /home/airflow/.local/lib/python3.12/site-packages/airflow/example_dags/example_sensors.py took 0.072 seconds
[2024-05-30T06:42:37.028+0000] {processor.py:161} INFO - Started process (PID=263) to work on /home/airflow/.local/lib/python3.12/site-packages/airflow/example_dags/example_sensors.py
[2024-05-30T06:42:37.029+0000] {processor.py:830} INFO - Processing file /home/airflow/.local/lib/python3.12/site-packages/airflow/example_dags/example_sensors.py for tasks to queue
[2024-05-30T06:42:37.030+0000] {logging_mixin.py:188} INFO - [2024-05-30T06:42:37.030+0000] {dagbag.py:545} INFO - Filling up the DagBag from /home/airflow/.local/lib/python3.12/site-packages/airflow/example_dags/example_sensors.py
[2024-05-30T06:42:37.038+0000] {processor.py:840} INFO - DAG(s) 'example_sensors' retrieved from /home/airflow/.local/lib/python3.12/site-packages/airflow/example_dags/example_sensors.py
[2024-05-30T06:42:37.062+0000] {logging_mixin.py:188} INFO - [2024-05-30T06:42:37.062+0000] {dag.py:3096} INFO - Sync 1 DAGs
[2024-05-30T06:42:37.074+0000] {logging_mixin.py:188} INFO - [2024-05-30T06:42:37.074+0000] {dag.py:3954} INFO - Setting next_dagrun for example_sensors to None, run_after=None
[2024-05-30T06:42:37.091+0000] {processor.py:183} INFO - Processing /home/airflow/.local/lib/python3.12/site-packages/airflow/example_dags/example_sensors.py took 0.068 seconds
[2024-05-30T06:43:07.339+0000] {processor.py:161} INFO - Started process (PID=321) to work on /home/airflow/.local/lib/python3.12/site-packages/airflow/example_dags/example_sensors.py
[2024-05-30T06:43:07.340+0000] {processor.py:830} INFO - Processing file /home/airflow/.local/lib/python3.12/site-packages/airflow/example_dags/example_sensors.py for tasks to queue
[2024-05-30T06:43:07.342+0000] {logging_mixin.py:188} INFO - [2024-05-30T06:43:07.342+0000] {dagbag.py:545} INFO - Filling up the DagBag from /home/airflow/.local/lib/python3.12/site-packages/airflow/example_dags/example_sensors.py
[2024-05-30T06:43:07.350+0000] {processor.py:840} INFO - DAG(s) 'example_sensors' retrieved from /home/airflow/.local/lib/python3.12/site-packages/airflow/example_dags/example_sensors.py
[2024-05-30T06:43:07.374+0000] {logging_mixin.py:188} INFO - [2024-05-30T06:43:07.374+0000] {dag.py:3096} INFO - Sync 1 DAGs
[2024-05-30T06:43:07.386+0000] {logging_mixin.py:188} INFO - [2024-05-30T06:43:07.386+0000] {dag.py:3954} INFO - Setting next_dagrun for example_sensors to None, run_after=None
[2024-05-30T06:43:07.404+0000] {processor.py:183} INFO - Processing /home/airflow/.local/lib/python3.12/site-packages/airflow/example_dags/example_sensors.py took 0.070 seconds
[2024-05-30T06:43:37.619+0000] {processor.py:161} INFO - Started process (PID=379) to work on /home/airflow/.local/lib/python3.12/site-packages/airflow/example_dags/example_sensors.py
[2024-05-30T06:43:37.620+0000] {processor.py:830} INFO - Processing file /home/airflow/.local/lib/python3.12/site-packages/airflow/example_dags/example_sensors.py for tasks to queue
[2024-05-30T06:43:37.622+0000] {logging_mixin.py:188} INFO - [2024-05-30T06:43:37.621+0000] {dagbag.py:545} INFO - Filling up the DagBag from /home/airflow/.local/lib/python3.12/site-packages/airflow/example_dags/example_sensors.py
[2024-05-30T06:43:37.630+0000] {processor.py:840} INFO - DAG(s) 'example_sensors' retrieved from /home/airflow/.local/lib/python3.12/site-packages/airflow/example_dags/example_sensors.py
[2024-05-30T06:43:37.653+0000] {logging_mixin.py:188} INFO - [2024-05-30T06:43:37.653+0000] {dag.py:3096} INFO - Sync 1 DAGs
[2024-05-30T06:43:37.666+0000] {logging_mixin.py:188} INFO - [2024-05-30T06:43:37.666+0000] {dag.py:3954} INFO - Setting next_dagrun for example_sensors to None, run_after=None
[2024-05-30T06:43:37.684+0000] {processor.py:183} INFO - Processing /home/airflow/.local/lib/python3.12/site-packages/airflow/example_dags/example_sensors.py took 0.070 seconds
[2024-05-30T06:44:08.254+0000] {processor.py:161} INFO - Started process (PID=437) to work on /home/airflow/.local/lib/python3.12/site-packages/airflow/example_dags/example_sensors.py
[2024-05-30T06:44:08.254+0000] {processor.py:830} INFO - Processing file /home/airflow/.local/lib/python3.12/site-packages/airflow/example_dags/example_sensors.py for tasks to queue
[2024-05-30T06:44:08.256+0000] {logging_mixin.py:188} INFO - [2024-05-30T06:44:08.256+0000] {dagbag.py:545} INFO - Filling up the DagBag from /home/airflow/.local/lib/python3.12/site-packages/airflow/example_dags/example_sensors.py
[2024-05-30T06:44:08.264+0000] {processor.py:840} INFO - DAG(s) 'example_sensors' retrieved from /home/airflow/.local/lib/python3.12/site-packages/airflow/example_dags/example_sensors.py
[2024-05-30T06:44:08.287+0000] {logging_mixin.py:188} INFO - [2024-05-30T06:44:08.287+0000] {dag.py:3096} INFO - Sync 1 DAGs
[2024-05-30T06:44:08.299+0000] {logging_mixin.py:188} INFO - [2024-05-30T06:44:08.299+0000] {dag.py:3954} INFO - Setting next_dagrun for example_sensors to None, run_after=None
[2024-05-30T06:44:08.317+0000] {processor.py:183} INFO - Processing /home/airflow/.local/lib/python3.12/site-packages/airflow/example_dags/example_sensors.py took 0.068 seconds
[2024-05-30T06:44:38.450+0000] {processor.py:161} INFO - Started process (PID=495) to work on /home/airflow/.local/lib/python3.12/site-packages/airflow/example_dags/example_sensors.py
[2024-05-30T06:44:38.450+0000] {processor.py:830} INFO - Processing file /home/airflow/.local/lib/python3.12/site-packages/airflow/example_dags/example_sensors.py for tasks to queue
[2024-05-30T06:44:38.452+0000] {logging_mixin.py:188} INFO - [2024-05-30T06:44:38.452+0000] {dagbag.py:545} INFO - Filling up the DagBag from /home/airflow/.local/lib/python3.12/site-packages/airflow/example_dags/example_sensors.py
[2024-05-30T06:44:38.460+0000] {processor.py:840} INFO - DAG(s) 'example_sensors' retrieved from /home/airflow/.local/lib/python3.12/site-packages/airflow/example_dags/example_sensors.py
[2024-05-30T06:44:38.483+0000] {logging_mixin.py:188} INFO - [2024-05-30T06:44:38.483+0000] {dag.py:3096} INFO - Sync 1 DAGs
[2024-05-30T06:44:38.495+0000] {logging_mixin.py:188} INFO - [2024-05-30T06:44:38.495+0000] {dag.py:3954} INFO - Setting next_dagrun for example_sensors to None, run_after=None
[2024-05-30T06:44:38.515+0000] {processor.py:183} INFO - Processing /home/airflow/.local/lib/python3.12/site-packages/airflow/example_dags/example_sensors.py took 0.070 seconds
[2024-05-30T06:45:08.691+0000] {processor.py:161} INFO - Started process (PID=553) to work on /home/airflow/.local/lib/python3.12/site-packages/airflow/example_dags/example_sensors.py
[2024-05-30T06:45:08.691+0000] {processor.py:830} INFO - Processing file /home/airflow/.local/lib/python3.12/site-packages/airflow/example_dags/example_sensors.py for tasks to queue
[2024-05-30T06:45:08.693+0000] {logging_mixin.py:188} INFO - [2024-05-30T06:45:08.693+0000] {dagbag.py:545} INFO - Filling up the DagBag from /home/airflow/.local/lib/python3.12/site-packages/airflow/example_dags/example_sensors.py
[2024-05-30T06:45:08.705+0000] {processor.py:840} INFO - DAG(s) 'example_sensors' retrieved from /home/airflow/.local/lib/python3.12/site-packages/airflow/example_dags/example_sensors.py
[2024-05-30T06:45:08.729+0000] {logging_mixin.py:188} INFO - [2024-05-30T06:45:08.728+0000] {dag.py:3096} INFO - Sync 1 DAGs
[2024-05-30T06:45:08.741+0000] {logging_mixin.py:188} INFO - [2024-05-30T06:45:08.741+0000] {dag.py:3954} INFO - Setting next_dagrun for example_sensors to None, run_after=None
[2024-05-30T06:45:08.761+0000] {processor.py:183} INFO - Processing /home/airflow/.local/lib/python3.12/site-packages/airflow/example_dags/example_sensors.py took 0.076 seconds
[2024-05-30T06:45:39.055+0000] {processor.py:161} INFO - Started process (PID=611) to work on /home/airflow/.local/lib/python3.12/site-packages/airflow/example_dags/example_sensors.py
[2024-05-30T06:45:39.056+0000] {processor.py:830} INFO - Processing file /home/airflow/.local/lib/python3.12/site-packages/airflow/example_dags/example_sensors.py for tasks to queue
[2024-05-30T06:45:39.058+0000] {logging_mixin.py:188} INFO - [2024-05-30T06:45:39.057+0000] {dagbag.py:545} INFO - Filling up the DagBag from /home/airflow/.local/lib/python3.12/site-packages/airflow/example_dags/example_sensors.py
[2024-05-30T06:45:39.068+0000] {processor.py:840} INFO - DAG(s) 'example_sensors' retrieved from /home/airflow/.local/lib/python3.12/site-packages/airflow/example_dags/example_sensors.py
[2024-05-30T06:45:39.103+0000] {logging_mixin.py:188} INFO - [2024-05-30T06:45:39.103+0000] {dag.py:3096} INFO - Sync 1 DAGs
[2024-05-30T06:45:39.122+0000] {logging_mixin.py:188} INFO - [2024-05-30T06:45:39.122+0000] {dag.py:3954} INFO - Setting next_dagrun for example_sensors to None, run_after=None
[2024-05-30T06:45:39.144+0000] {processor.py:183} INFO - Processing /home/airflow/.local/lib/python3.12/site-packages/airflow/example_dags/example_sensors.py took 0.095 seconds
[2024-05-30T06:46:09.434+0000] {processor.py:161} INFO - Started process (PID=669) to work on /home/airflow/.local/lib/python3.12/site-packages/airflow/example_dags/example_sensors.py
[2024-05-30T06:46:09.434+0000] {processor.py:830} INFO - Processing file /home/airflow/.local/lib/python3.12/site-packages/airflow/example_dags/example_sensors.py for tasks to queue
[2024-05-30T06:46:09.436+0000] {logging_mixin.py:188} INFO - [2024-05-30T06:46:09.436+0000] {dagbag.py:545} INFO - Filling up the DagBag from /home/airflow/.local/lib/python3.12/site-packages/airflow/example_dags/example_sensors.py
[2024-05-30T06:46:09.444+0000] {processor.py:840} INFO - DAG(s) 'example_sensors' retrieved from /home/airflow/.local/lib/python3.12/site-packages/airflow/example_dags/example_sensors.py
[2024-05-30T06:46:09.467+0000] {logging_mixin.py:188} INFO - [2024-05-30T06:46:09.467+0000] {dag.py:3096} INFO - Sync 1 DAGs
[2024-05-30T06:46:09.480+0000] {logging_mixin.py:188} INFO - [2024-05-30T06:46:09.480+0000] {dag.py:3954} INFO - Setting next_dagrun for example_sensors to None, run_after=None
[2024-05-30T06:46:09.499+0000] {processor.py:183} INFO - Processing /home/airflow/.local/lib/python3.12/site-packages/airflow/example_dags/example_sensors.py took 0.070 seconds
[2024-05-30T06:46:39.890+0000] {processor.py:161} INFO - Started process (PID=727) to work on /home/airflow/.local/lib/python3.12/site-packages/airflow/example_dags/example_sensors.py
[2024-05-30T06:46:39.891+0000] {processor.py:830} INFO - Processing file /home/airflow/.local/lib/python3.12/site-packages/airflow/example_dags/example_sensors.py for tasks to queue
[2024-05-30T06:46:39.892+0000] {logging_mixin.py:188} INFO - [2024-05-30T06:46:39.892+0000] {dagbag.py:545} INFO - Filling up the DagBag from /home/airflow/.local/lib/python3.12/site-packages/airflow/example_dags/example_sensors.py
[2024-05-30T06:46:39.900+0000] {processor.py:840} INFO - DAG(s) 'example_sensors' retrieved from /home/airflow/.local/lib/python3.12/site-packages/airflow/example_dags/example_sensors.py
[2024-05-30T06:46:39.924+0000] {logging_mixin.py:188} INFO - [2024-05-30T06:46:39.923+0000] {dag.py:3096} INFO - Sync 1 DAGs
[2024-05-30T06:46:39.936+0000] {logging_mixin.py:188} INFO - [2024-05-30T06:46:39.935+0000] {dag.py:3954} INFO - Setting next_dagrun for example_sensors to None, run_after=None
[2024-05-30T06:46:39.953+0000] {processor.py:183} INFO - Processing /home/airflow/.local/lib/python3.12/site-packages/airflow/example_dags/example_sensors.py took 0.069 seconds
[2024-05-30T06:47:10.635+0000] {processor.py:161} INFO - Started process (PID=785) to work on /home/airflow/.local/lib/python3.12/site-packages/airflow/example_dags/example_sensors.py
[2024-05-30T06:47:10.636+0000] {processor.py:830} INFO - Processing file /home/airflow/.local/lib/python3.12/site-packages/airflow/example_dags/example_sensors.py for tasks to queue
[2024-05-30T06:47:10.637+0000] {logging_mixin.py:188} INFO - [2024-05-30T06:47:10.637+0000] {dagbag.py:545} INFO - Filling up the DagBag from /home/airflow/.local/lib/python3.12/site-packages/airflow/example_dags/example_sensors.py
[2024-05-30T06:47:10.646+0000] {processor.py:840} INFO - DAG(s) 'example_sensors' retrieved from /home/airflow/.local/lib/python3.12/site-packages/airflow/example_dags/example_sensors.py
[2024-05-30T06:47:10.672+0000] {logging_mixin.py:188} INFO - [2024-05-30T06:47:10.672+0000] {dag.py:3096} INFO - Sync 1 DAGs
[2024-05-30T06:47:10.685+0000] {logging_mixin.py:188} INFO - [2024-05-30T06:47:10.684+0000] {dag.py:3954} INFO - Setting next_dagrun for example_sensors to None, run_after=None
[2024-05-30T06:47:10.703+0000] {processor.py:183} INFO - Processing /home/airflow/.local/lib/python3.12/site-packages/airflow/example_dags/example_sensors.py took 0.073 seconds
[2024-05-30T06:47:40.893+0000] {processor.py:161} INFO - Started process (PID=843) to work on /home/airflow/.local/lib/python3.12/site-packages/airflow/example_dags/example_sensors.py
[2024-05-30T06:47:40.894+0000] {processor.py:830} INFO - Processing file /home/airflow/.local/lib/python3.12/site-packages/airflow/example_dags/example_sensors.py for tasks to queue
[2024-05-30T06:47:40.895+0000] {logging_mixin.py:188} INFO - [2024-05-30T06:47:40.895+0000] {dagbag.py:545} INFO - Filling up the DagBag from /home/airflow/.local/lib/python3.12/site-packages/airflow/example_dags/example_sensors.py
[2024-05-30T06:47:40.904+0000] {processor.py:840} INFO - DAG(s) 'example_sensors' retrieved from /home/airflow/.local/lib/python3.12/site-packages/airflow/example_dags/example_sensors.py
[2024-05-30T06:47:40.927+0000] {logging_mixin.py:188} INFO - [2024-05-30T06:47:40.927+0000] {dag.py:3096} INFO - Sync 1 DAGs
[2024-05-30T06:47:40.939+0000] {logging_mixin.py:188} INFO - [2024-05-30T06:47:40.939+0000] {dag.py:3954} INFO - Setting next_dagrun for example_sensors to None, run_after=None
[2024-05-30T06:47:40.957+0000] {processor.py:183} INFO - Processing /home/airflow/.local/lib/python3.12/site-packages/airflow/example_dags/example_sensors.py took 0.070 seconds
[2024-05-30T06:48:11.082+0000] {processor.py:161} INFO - Started process (PID=901) to work on /home/airflow/.local/lib/python3.12/site-packages/airflow/example_dags/example_sensors.py
[2024-05-30T06:48:11.083+0000] {processor.py:830} INFO - Processing file /home/airflow/.local/lib/python3.12/site-packages/airflow/example_dags/example_sensors.py for tasks to queue
[2024-05-30T06:48:11.085+0000] {logging_mixin.py:188} INFO - [2024-05-30T06:48:11.085+0000] {dagbag.py:545} INFO - Filling up the DagBag from /home/airflow/.local/lib/python3.12/site-packages/airflow/example_dags/example_sensors.py
[2024-05-30T06:48:11.094+0000] {processor.py:840} INFO - DAG(s) 'example_sensors' retrieved from /home/airflow/.local/lib/python3.12/site-packages/airflow/example_dags/example_sensors.py
[2024-05-30T06:48:11.118+0000] {logging_mixin.py:188} INFO - [2024-05-30T06:48:11.118+0000] {dag.py:3096} INFO - Sync 1 DAGs
[2024-05-30T06:48:11.130+0000] {logging_mixin.py:188} INFO - [2024-05-30T06:48:11.130+0000] {dag.py:3954} INFO - Setting next_dagrun for example_sensors to None, run_after=None
[2024-05-30T06:48:11.150+0000] {processor.py:183} INFO - Processing /home/airflow/.local/lib/python3.12/site-packages/airflow/example_dags/example_sensors.py took 0.073 seconds
[2024-05-30T06:48:41.303+0000] {processor.py:161} INFO - Started process (PID=959) to work on /home/airflow/.local/lib/python3.12/site-packages/airflow/example_dags/example_sensors.py
[2024-05-30T06:48:41.304+0000] {processor.py:830} INFO - Processing file /home/airflow/.local/lib/python3.12/site-packages/airflow/example_dags/example_sensors.py for tasks to queue
[2024-05-30T06:48:41.306+0000] {logging_mixin.py:188} INFO - [2024-05-30T06:48:41.306+0000] {dagbag.py:545} INFO - Filling up the DagBag from /home/airflow/.local/lib/python3.12/site-packages/airflow/example_dags/example_sensors.py
[2024-05-30T06:48:41.316+0000] {processor.py:840} INFO - DAG(s) 'example_sensors' retrieved from /home/airflow/.local/lib/python3.12/site-packages/airflow/example_dags/example_sensors.py
[2024-05-30T06:48:41.342+0000] {logging_mixin.py:188} INFO - [2024-05-30T06:48:41.341+0000] {dag.py:3096} INFO - Sync 1 DAGs
[2024-05-30T06:48:41.355+0000] {logging_mixin.py:188} INFO - [2024-05-30T06:48:41.355+0000] {dag.py:3954} INFO - Setting next_dagrun for example_sensors to None, run_after=None
[2024-05-30T06:48:41.372+0000] {processor.py:183} INFO - Processing /home/airflow/.local/lib/python3.12/site-packages/airflow/example_dags/example_sensors.py took 0.076 seconds
[2024-05-30T06:49:11.764+0000] {processor.py:161} INFO - Started process (PID=1017) to work on /home/airflow/.local/lib/python3.12/site-packages/airflow/example_dags/example_sensors.py
[2024-05-30T06:49:11.765+0000] {processor.py:830} INFO - Processing file /home/airflow/.local/lib/python3.12/site-packages/airflow/example_dags/example_sensors.py for tasks to queue
[2024-05-30T06:49:11.766+0000] {logging_mixin.py:188} INFO - [2024-05-30T06:49:11.766+0000] {dagbag.py:545} INFO - Filling up the DagBag from /home/airflow/.local/lib/python3.12/site-packages/airflow/example_dags/example_sensors.py
[2024-05-30T06:49:11.775+0000] {processor.py:840} INFO - DAG(s) 'example_sensors' retrieved from /home/airflow/.local/lib/python3.12/site-packages/airflow/example_dags/example_sensors.py
[2024-05-30T06:49:11.798+0000] {logging_mixin.py:188} INFO - [2024-05-30T06:49:11.798+0000] {dag.py:3096} INFO - Sync 1 DAGs
[2024-05-30T06:49:11.810+0000] {logging_mixin.py:188} INFO - [2024-05-30T06:49:11.810+0000] {dag.py:3954} INFO - Setting next_dagrun for example_sensors to None, run_after=None
[2024-05-30T06:49:11.829+0000] {processor.py:183} INFO - Processing /home/airflow/.local/lib/python3.12/site-packages/airflow/example_dags/example_sensors.py took 0.072 seconds
[2024-05-30T06:49:41.913+0000] {processor.py:161} INFO - Started process (PID=1075) to work on /home/airflow/.local/lib/python3.12/site-packages/airflow/example_dags/example_sensors.py
[2024-05-30T06:49:41.914+0000] {processor.py:830} INFO - Processing file /home/airflow/.local/lib/python3.12/site-packages/airflow/example_dags/example_sensors.py for tasks to queue
[2024-05-30T06:49:41.915+0000] {logging_mixin.py:188} INFO - [2024-05-30T06:49:41.915+0000] {dagbag.py:545} INFO - Filling up the DagBag from /home/airflow/.local/lib/python3.12/site-packages/airflow/example_dags/example_sensors.py
[2024-05-30T06:49:41.924+0000] {processor.py:840} INFO - DAG(s) 'example_sensors' retrieved from /home/airflow/.local/lib/python3.12/site-packages/airflow/example_dags/example_sensors.py
[2024-05-30T06:49:41.948+0000] {logging_mixin.py:188} INFO - [2024-05-30T06:49:41.948+0000] {dag.py:3096} INFO - Sync 1 DAGs
[2024-05-30T06:49:41.961+0000] {logging_mixin.py:188} INFO - [2024-05-30T06:49:41.961+0000] {dag.py:3954} INFO - Setting next_dagrun for example_sensors to None, run_after=None
[2024-05-30T06:49:41.980+0000] {processor.py:183} INFO - Processing /home/airflow/.local/lib/python3.12/site-packages/airflow/example_dags/example_sensors.py took 0.072 seconds
[2024-05-30T06:50:12.694+0000] {processor.py:161} INFO - Started process (PID=1133) to work on /home/airflow/.local/lib/python3.12/site-packages/airflow/example_dags/example_sensors.py
[2024-05-30T06:50:12.695+0000] {processor.py:830} INFO - Processing file /home/airflow/.local/lib/python3.12/site-packages/airflow/example_dags/example_sensors.py for tasks to queue
[2024-05-30T06:50:12.696+0000] {logging_mixin.py:188} INFO - [2024-05-30T06:50:12.696+0000] {dagbag.py:545} INFO - Filling up the DagBag from /home/airflow/.local/lib/python3.12/site-packages/airflow/example_dags/example_sensors.py
[2024-05-30T06:50:12.706+0000] {processor.py:840} INFO - DAG(s) 'example_sensors' retrieved from /home/airflow/.local/lib/python3.12/site-packages/airflow/example_dags/example_sensors.py
[2024-05-30T06:50:12.730+0000] {logging_mixin.py:188} INFO - [2024-05-30T06:50:12.730+0000] {dag.py:3096} INFO - Sync 1 DAGs
[2024-05-30T06:50:12.744+0000] {logging_mixin.py:188} INFO - [2024-05-30T06:50:12.744+0000] {dag.py:3954} INFO - Setting next_dagrun for example_sensors to None, run_after=None
[2024-05-30T06:50:12.762+0000] {processor.py:183} INFO - Processing /home/airflow/.local/lib/python3.12/site-packages/airflow/example_dags/example_sensors.py took 0.075 seconds
[2024-05-30T06:50:43.318+0000] {processor.py:161} INFO - Started process (PID=1191) to work on /home/airflow/.local/lib/python3.12/site-packages/airflow/example_dags/example_sensors.py
[2024-05-30T06:50:43.319+0000] {processor.py:830} INFO - Processing file /home/airflow/.local/lib/python3.12/site-packages/airflow/example_dags/example_sensors.py for tasks to queue
[2024-05-30T06:50:43.321+0000] {logging_mixin.py:188} INFO - [2024-05-30T06:50:43.320+0000] {dagbag.py:545} INFO - Filling up the DagBag from /home/airflow/.local/lib/python3.12/site-packages/airflow/example_dags/example_sensors.py
[2024-05-30T06:50:43.329+0000] {processor.py:840} INFO - DAG(s) 'example_sensors' retrieved from /home/airflow/.local/lib/python3.12/site-packages/airflow/example_dags/example_sensors.py
[2024-05-30T06:50:43.354+0000] {logging_mixin.py:188} INFO - [2024-05-30T06:50:43.353+0000] {dag.py:3096} INFO - Sync 1 DAGs
[2024-05-30T06:50:43.367+0000] {logging_mixin.py:188} INFO - [2024-05-30T06:50:43.366+0000] {dag.py:3954} INFO - Setting next_dagrun for example_sensors to None, run_after=None
[2024-05-30T06:50:43.385+0000] {processor.py:183} INFO - Processing /home/airflow/.local/lib/python3.12/site-packages/airflow/example_dags/example_sensors.py took 0.072 seconds
[2024-05-30T06:51:13.494+0000] {processor.py:161} INFO - Started process (PID=1249) to work on /home/airflow/.local/lib/python3.12/site-packages/airflow/example_dags/example_sensors.py
[2024-05-30T06:51:13.495+0000] {processor.py:830} INFO - Processing file /home/airflow/.local/lib/python3.12/site-packages/airflow/example_dags/example_sensors.py for tasks to queue
[2024-05-30T06:51:13.496+0000] {logging_mixin.py:188} INFO - [2024-05-30T06:51:13.496+0000] {dagbag.py:545} INFO - Filling up the DagBag from /home/airflow/.local/lib/python3.12/site-packages/airflow/example_dags/example_sensors.py
[2024-05-30T06:51:13.505+0000] {processor.py:840} INFO - DAG(s) 'example_sensors' retrieved from /home/airflow/.local/lib/python3.12/site-packages/airflow/example_dags/example_sensors.py
[2024-05-30T06:51:13.529+0000] {logging_mixin.py:188} INFO - [2024-05-30T06:51:13.529+0000] {dag.py:3096} INFO - Sync 1 DAGs
[2024-05-30T06:51:13.541+0000] {logging_mixin.py:188} INFO - [2024-05-30T06:51:13.541+0000] {dag.py:3954} INFO - Setting next_dagrun for example_sensors to None, run_after=None
[2024-05-30T06:51:13.559+0000] {processor.py:183} INFO - Processing /home/airflow/.local/lib/python3.12/site-packages/airflow/example_dags/example_sensors.py took 0.070 seconds
[2024-05-30T06:51:43.924+0000] {processor.py:161} INFO - Started process (PID=1307) to work on /home/airflow/.local/lib/python3.12/site-packages/airflow/example_dags/example_sensors.py
[2024-05-30T06:51:43.925+0000] {processor.py:830} INFO - Processing file /home/airflow/.local/lib/python3.12/site-packages/airflow/example_dags/example_sensors.py for tasks to queue
[2024-05-30T06:51:43.926+0000] {logging_mixin.py:188} INFO - [2024-05-30T06:51:43.926+0000] {dagbag.py:545} INFO - Filling up the DagBag from /home/airflow/.local/lib/python3.12/site-packages/airflow/example_dags/example_sensors.py
[2024-05-30T06:51:43.935+0000] {processor.py:840} INFO - DAG(s) 'example_sensors' retrieved from /home/airflow/.local/lib/python3.12/site-packages/airflow/example_dags/example_sensors.py
[2024-05-30T06:51:43.958+0000] {logging_mixin.py:188} INFO - [2024-05-30T06:51:43.958+0000] {dag.py:3096} INFO - Sync 1 DAGs
[2024-05-30T06:51:43.971+0000] {logging_mixin.py:188} INFO - [2024-05-30T06:51:43.971+0000] {dag.py:3954} INFO - Setting next_dagrun for example_sensors to None, run_after=None
[2024-05-30T06:51:43.990+0000] {processor.py:183} INFO - Processing /home/airflow/.local/lib/python3.12/site-packages/airflow/example_dags/example_sensors.py took 0.071 seconds
[2024-05-30T06:52:14.449+0000] {processor.py:161} INFO - Started process (PID=1365) to work on /home/airflow/.local/lib/python3.12/site-packages/airflow/example_dags/example_sensors.py
[2024-05-30T06:52:14.450+0000] {processor.py:830} INFO - Processing file /home/airflow/.local/lib/python3.12/site-packages/airflow/example_dags/example_sensors.py for tasks to queue
[2024-05-30T06:52:14.452+0000] {logging_mixin.py:188} INFO - [2024-05-30T06:52:14.452+0000] {dagbag.py:545} INFO - Filling up the DagBag from /home/airflow/.local/lib/python3.12/site-packages/airflow/example_dags/example_sensors.py
[2024-05-30T06:52:14.464+0000] {processor.py:840} INFO - DAG(s) 'example_sensors' retrieved from /home/airflow/.local/lib/python3.12/site-packages/airflow/example_dags/example_sensors.py
[2024-05-30T06:52:14.499+0000] {logging_mixin.py:188} INFO - [2024-05-30T06:52:14.498+0000] {dag.py:3096} INFO - Sync 1 DAGs
[2024-05-30T06:52:14.513+0000] {logging_mixin.py:188} INFO - [2024-05-30T06:52:14.513+0000] {dag.py:3954} INFO - Setting next_dagrun for example_sensors to None, run_after=None
[2024-05-30T06:52:14.534+0000] {processor.py:183} INFO - Processing /home/airflow/.local/lib/python3.12/site-packages/airflow/example_dags/example_sensors.py took 0.093 seconds
[2024-05-30T06:52:45.000+0000] {processor.py:161} INFO - Started process (PID=1423) to work on /home/airflow/.local/lib/python3.12/site-packages/airflow/example_dags/example_sensors.py
[2024-05-30T06:52:45.001+0000] {processor.py:830} INFO - Processing file /home/airflow/.local/lib/python3.12/site-packages/airflow/example_dags/example_sensors.py for tasks to queue
[2024-05-30T06:52:45.003+0000] {logging_mixin.py:188} INFO - [2024-05-30T06:52:45.002+0000] {dagbag.py:545} INFO - Filling up the DagBag from /home/airflow/.local/lib/python3.12/site-packages/airflow/example_dags/example_sensors.py
[2024-05-30T06:52:45.012+0000] {processor.py:840} INFO - DAG(s) 'example_sensors' retrieved from /home/airflow/.local/lib/python3.12/site-packages/airflow/example_dags/example_sensors.py
[2024-05-30T06:52:45.036+0000] {logging_mixin.py:188} INFO - [2024-05-30T06:52:45.036+0000] {dag.py:3096} INFO - Sync 1 DAGs
[2024-05-30T06:52:45.052+0000] {logging_mixin.py:188} INFO - [2024-05-30T06:52:45.051+0000] {dag.py:3954} INFO - Setting next_dagrun for example_sensors to None, run_after=None
[2024-05-30T06:52:45.071+0000] {processor.py:183} INFO - Processing /home/airflow/.local/lib/python3.12/site-packages/airflow/example_dags/example_sensors.py took 0.076 seconds
[2024-05-30T06:53:15.612+0000] {processor.py:161} INFO - Started process (PID=1481) to work on /home/airflow/.local/lib/python3.12/site-packages/airflow/example_dags/example_sensors.py
[2024-05-30T06:53:15.613+0000] {processor.py:830} INFO - Processing file /home/airflow/.local/lib/python3.12/site-packages/airflow/example_dags/example_sensors.py for tasks to queue
[2024-05-30T06:53:15.615+0000] {logging_mixin.py:188} INFO - [2024-05-30T06:53:15.615+0000] {dagbag.py:545} INFO - Filling up the DagBag from /home/airflow/.local/lib/python3.12/site-packages/airflow/example_dags/example_sensors.py
[2024-05-30T06:53:15.624+0000] {processor.py:840} INFO - DAG(s) 'example_sensors' retrieved from /home/airflow/.local/lib/python3.12/site-packages/airflow/example_dags/example_sensors.py
[2024-05-30T06:53:15.651+0000] {logging_mixin.py:188} INFO - [2024-05-30T06:53:15.651+0000] {dag.py:3096} INFO - Sync 1 DAGs
[2024-05-30T06:53:15.664+0000] {logging_mixin.py:188} INFO - [2024-05-30T06:53:15.664+0000] {dag.py:3954} INFO - Setting next_dagrun for example_sensors to None, run_after=None
[2024-05-30T06:53:15.683+0000] {processor.py:183} INFO - Processing /home/airflow/.local/lib/python3.12/site-packages/airflow/example_dags/example_sensors.py took 0.076 seconds
[2024-05-30T06:53:46.084+0000] {processor.py:161} INFO - Started process (PID=1539) to work on /home/airflow/.local/lib/python3.12/site-packages/airflow/example_dags/example_sensors.py
[2024-05-30T06:53:46.084+0000] {processor.py:830} INFO - Processing file /home/airflow/.local/lib/python3.12/site-packages/airflow/example_dags/example_sensors.py for tasks to queue
[2024-05-30T06:53:46.086+0000] {logging_mixin.py:188} INFO - [2024-05-30T06:53:46.086+0000] {dagbag.py:545} INFO - Filling up the DagBag from /home/airflow/.local/lib/python3.12/site-packages/airflow/example_dags/example_sensors.py
[2024-05-30T06:53:46.094+0000] {processor.py:840} INFO - DAG(s) 'example_sensors' retrieved from /home/airflow/.local/lib/python3.12/site-packages/airflow/example_dags/example_sensors.py
[2024-05-30T06:53:46.117+0000] {logging_mixin.py:188} INFO - [2024-05-30T06:53:46.117+0000] {dag.py:3096} INFO - Sync 1 DAGs
[2024-05-30T06:53:46.129+0000] {logging_mixin.py:188} INFO - [2024-05-30T06:53:46.129+0000] {dag.py:3954} INFO - Setting next_dagrun for example_sensors to None, run_after=None
[2024-05-30T06:53:46.148+0000] {processor.py:183} INFO - Processing /home/airflow/.local/lib/python3.12/site-packages/airflow/example_dags/example_sensors.py took 0.069 seconds
[2024-05-30T06:54:16.757+0000] {processor.py:161} INFO - Started process (PID=1597) to work on /home/airflow/.local/lib/python3.12/site-packages/airflow/example_dags/example_sensors.py
[2024-05-30T06:54:16.758+0000] {processor.py:830} INFO - Processing file /home/airflow/.local/lib/python3.12/site-packages/airflow/example_dags/example_sensors.py for tasks to queue
[2024-05-30T06:54:16.760+0000] {logging_mixin.py:188} INFO - [2024-05-30T06:54:16.759+0000] {dagbag.py:545} INFO - Filling up the DagBag from /home/airflow/.local/lib/python3.12/site-packages/airflow/example_dags/example_sensors.py
[2024-05-30T06:54:16.768+0000] {processor.py:840} INFO - DAG(s) 'example_sensors' retrieved from /home/airflow/.local/lib/python3.12/site-packages/airflow/example_dags/example_sensors.py
[2024-05-30T06:54:16.791+0000] {logging_mixin.py:188} INFO - [2024-05-30T06:54:16.791+0000] {dag.py:3096} INFO - Sync 1 DAGs
[2024-05-30T06:54:16.804+0000] {logging_mixin.py:188} INFO - [2024-05-30T06:54:16.803+0000] {dag.py:3954} INFO - Setting next_dagrun for example_sensors to None, run_after=None
[2024-05-30T06:54:16.821+0000] {processor.py:183} INFO - Processing /home/airflow/.local/lib/python3.12/site-packages/airflow/example_dags/example_sensors.py took 0.069 seconds
[2024-05-30T06:54:47.236+0000] {processor.py:161} INFO - Started process (PID=1655) to work on /home/airflow/.local/lib/python3.12/site-packages/airflow/example_dags/example_sensors.py
[2024-05-30T06:54:47.237+0000] {processor.py:830} INFO - Processing file /home/airflow/.local/lib/python3.12/site-packages/airflow/example_dags/example_sensors.py for tasks to queue
[2024-05-30T06:54:47.239+0000] {logging_mixin.py:188} INFO - [2024-05-30T06:54:47.238+0000] {dagbag.py:545} INFO - Filling up the DagBag from /home/airflow/.local/lib/python3.12/site-packages/airflow/example_dags/example_sensors.py
[2024-05-30T06:54:47.247+0000] {processor.py:840} INFO - DAG(s) 'example_sensors' retrieved from /home/airflow/.local/lib/python3.12/site-packages/airflow/example_dags/example_sensors.py
[2024-05-30T06:54:47.271+0000] {logging_mixin.py:188} INFO - [2024-05-30T06:54:47.270+0000] {dag.py:3096} INFO - Sync 1 DAGs
[2024-05-30T06:54:47.283+0000] {logging_mixin.py:188} INFO - [2024-05-30T06:54:47.283+0000] {dag.py:3954} INFO - Setting next_dagrun for example_sensors to None, run_after=None
[2024-05-30T06:54:47.301+0000] {processor.py:183} INFO - Processing /home/airflow/.local/lib/python3.12/site-packages/airflow/example_dags/example_sensors.py took 0.070 seconds
[2024-05-30T06:55:17.629+0000] {processor.py:161} INFO - Started process (PID=1713) to work on /home/airflow/.local/lib/python3.12/site-packages/airflow/example_dags/example_sensors.py
[2024-05-30T06:55:17.630+0000] {processor.py:830} INFO - Processing file /home/airflow/.local/lib/python3.12/site-packages/airflow/example_dags/example_sensors.py for tasks to queue
[2024-05-30T06:55:17.632+0000] {logging_mixin.py:188} INFO - [2024-05-30T06:55:17.631+0000] {dagbag.py:545} INFO - Filling up the DagBag from /home/airflow/.local/lib/python3.12/site-packages/airflow/example_dags/example_sensors.py
[2024-05-30T06:55:17.640+0000] {processor.py:840} INFO - DAG(s) 'example_sensors' retrieved from /home/airflow/.local/lib/python3.12/site-packages/airflow/example_dags/example_sensors.py
[2024-05-30T06:55:17.663+0000] {logging_mixin.py:188} INFO - [2024-05-30T06:55:17.663+0000] {dag.py:3096} INFO - Sync 1 DAGs
[2024-05-30T06:55:17.676+0000] {logging_mixin.py:188} INFO - [2024-05-30T06:55:17.676+0000] {dag.py:3954} INFO - Setting next_dagrun for example_sensors to None, run_after=None
[2024-05-30T06:55:17.699+0000] {processor.py:183} INFO - Processing /home/airflow/.local/lib/python3.12/site-packages/airflow/example_dags/example_sensors.py took 0.075 seconds
[2024-05-30T06:55:47.756+0000] {processor.py:161} INFO - Started process (PID=1771) to work on /home/airflow/.local/lib/python3.12/site-packages/airflow/example_dags/example_sensors.py
[2024-05-30T06:55:47.757+0000] {processor.py:830} INFO - Processing file /home/airflow/.local/lib/python3.12/site-packages/airflow/example_dags/example_sensors.py for tasks to queue
[2024-05-30T06:55:47.758+0000] {logging_mixin.py:188} INFO - [2024-05-30T06:55:47.758+0000] {dagbag.py:545} INFO - Filling up the DagBag from /home/airflow/.local/lib/python3.12/site-packages/airflow/example_dags/example_sensors.py
[2024-05-30T06:55:47.766+0000] {processor.py:840} INFO - DAG(s) 'example_sensors' retrieved from /home/airflow/.local/lib/python3.12/site-packages/airflow/example_dags/example_sensors.py
[2024-05-30T06:55:47.792+0000] {logging_mixin.py:188} INFO - [2024-05-30T06:55:47.792+0000] {dag.py:3096} INFO - Sync 1 DAGs
[2024-05-30T06:55:47.805+0000] {logging_mixin.py:188} INFO - [2024-05-30T06:55:47.805+0000] {dag.py:3954} INFO - Setting next_dagrun for example_sensors to None, run_after=None
[2024-05-30T06:55:47.824+0000] {processor.py:183} INFO - Processing /home/airflow/.local/lib/python3.12/site-packages/airflow/example_dags/example_sensors.py took 0.073 seconds
[2024-05-30T06:56:17.930+0000] {processor.py:161} INFO - Started process (PID=1829) to work on /home/airflow/.local/lib/python3.12/site-packages/airflow/example_dags/example_sensors.py
[2024-05-30T06:56:17.931+0000] {processor.py:830} INFO - Processing file /home/airflow/.local/lib/python3.12/site-packages/airflow/example_dags/example_sensors.py for tasks to queue
[2024-05-30T06:56:17.933+0000] {logging_mixin.py:188} INFO - [2024-05-30T06:56:17.933+0000] {dagbag.py:545} INFO - Filling up the DagBag from /home/airflow/.local/lib/python3.12/site-packages/airflow/example_dags/example_sensors.py
[2024-05-30T06:56:17.941+0000] {processor.py:840} INFO - DAG(s) 'example_sensors' retrieved from /home/airflow/.local/lib/python3.12/site-packages/airflow/example_dags/example_sensors.py
[2024-05-30T06:56:17.965+0000] {logging_mixin.py:188} INFO - [2024-05-30T06:56:17.964+0000] {dag.py:3096} INFO - Sync 1 DAGs
[2024-05-30T06:56:17.977+0000] {logging_mixin.py:188} INFO - [2024-05-30T06:56:17.976+0000] {dag.py:3954} INFO - Setting next_dagrun for example_sensors to None, run_after=None
[2024-05-30T06:56:17.992+0000] {processor.py:183} INFO - Processing /home/airflow/.local/lib/python3.12/site-packages/airflow/example_dags/example_sensors.py took 0.067 seconds
[2024-05-30T06:56:48.035+0000] {processor.py:161} INFO - Started process (PID=1887) to work on /home/airflow/.local/lib/python3.12/site-packages/airflow/example_dags/example_sensors.py
[2024-05-30T06:56:48.035+0000] {processor.py:830} INFO - Processing file /home/airflow/.local/lib/python3.12/site-packages/airflow/example_dags/example_sensors.py for tasks to queue
[2024-05-30T06:56:48.037+0000] {logging_mixin.py:188} INFO - [2024-05-30T06:56:48.037+0000] {dagbag.py:545} INFO - Filling up the DagBag from /home/airflow/.local/lib/python3.12/site-packages/airflow/example_dags/example_sensors.py
[2024-05-30T06:56:48.045+0000] {processor.py:840} INFO - DAG(s) 'example_sensors' retrieved from /home/airflow/.local/lib/python3.12/site-packages/airflow/example_dags/example_sensors.py
[2024-05-30T06:56:48.068+0000] {logging_mixin.py:188} INFO - [2024-05-30T06:56:48.068+0000] {dag.py:3096} INFO - Sync 1 DAGs
[2024-05-30T06:56:48.081+0000] {logging_mixin.py:188} INFO - [2024-05-30T06:56:48.080+0000] {dag.py:3954} INFO - Setting next_dagrun for example_sensors to None, run_after=None
[2024-05-30T06:56:48.098+0000] {processor.py:183} INFO - Processing /home/airflow/.local/lib/python3.12/site-packages/airflow/example_dags/example_sensors.py took 0.069 seconds
[2024-05-30T06:57:18.571+0000] {processor.py:161} INFO - Started process (PID=1951) to work on /home/airflow/.local/lib/python3.12/site-packages/airflow/example_dags/example_sensors.py
[2024-05-30T06:57:18.572+0000] {processor.py:830} INFO - Processing file /home/airflow/.local/lib/python3.12/site-packages/airflow/example_dags/example_sensors.py for tasks to queue
[2024-05-30T06:57:18.573+0000] {logging_mixin.py:188} INFO - [2024-05-30T06:57:18.573+0000] {dagbag.py:545} INFO - Filling up the DagBag from /home/airflow/.local/lib/python3.12/site-packages/airflow/example_dags/example_sensors.py
[2024-05-30T06:57:18.582+0000] {processor.py:840} INFO - DAG(s) 'example_sensors' retrieved from /home/airflow/.local/lib/python3.12/site-packages/airflow/example_dags/example_sensors.py
[2024-05-30T06:57:18.605+0000] {logging_mixin.py:188} INFO - [2024-05-30T06:57:18.605+0000] {dag.py:3096} INFO - Sync 1 DAGs
[2024-05-30T06:57:18.617+0000] {logging_mixin.py:188} INFO - [2024-05-30T06:57:18.617+0000] {dag.py:3954} INFO - Setting next_dagrun for example_sensors to None, run_after=None
[2024-05-30T06:57:18.637+0000] {processor.py:183} INFO - Processing /home/airflow/.local/lib/python3.12/site-packages/airflow/example_dags/example_sensors.py took 0.073 seconds
[2024-05-30T06:57:49.169+0000] {processor.py:161} INFO - Started process (PID=2009) to work on /home/airflow/.local/lib/python3.12/site-packages/airflow/example_dags/example_sensors.py
[2024-05-30T06:57:49.169+0000] {processor.py:830} INFO - Processing file /home/airflow/.local/lib/python3.12/site-packages/airflow/example_dags/example_sensors.py for tasks to queue
[2024-05-30T06:57:49.171+0000] {logging_mixin.py:188} INFO - [2024-05-30T06:57:49.171+0000] {dagbag.py:545} INFO - Filling up the DagBag from /home/airflow/.local/lib/python3.12/site-packages/airflow/example_dags/example_sensors.py
[2024-05-30T06:57:49.179+0000] {processor.py:840} INFO - DAG(s) 'example_sensors' retrieved from /home/airflow/.local/lib/python3.12/site-packages/airflow/example_dags/example_sensors.py
[2024-05-30T06:57:49.202+0000] {logging_mixin.py:188} INFO - [2024-05-30T06:57:49.202+0000] {dag.py:3096} INFO - Sync 1 DAGs
[2024-05-30T06:57:49.215+0000] {logging_mixin.py:188} INFO - [2024-05-30T06:57:49.214+0000] {dag.py:3954} INFO - Setting next_dagrun for example_sensors to None, run_after=None
[2024-05-30T06:57:49.233+0000] {processor.py:183} INFO - Processing /home/airflow/.local/lib/python3.12/site-packages/airflow/example_dags/example_sensors.py took 0.070 seconds
[2024-05-30T06:58:19.724+0000] {processor.py:161} INFO - Started process (PID=2067) to work on /home/airflow/.local/lib/python3.12/site-packages/airflow/example_dags/example_sensors.py
[2024-05-30T06:58:19.725+0000] {processor.py:830} INFO - Processing file /home/airflow/.local/lib/python3.12/site-packages/airflow/example_dags/example_sensors.py for tasks to queue
[2024-05-30T06:58:19.727+0000] {logging_mixin.py:188} INFO - [2024-05-30T06:58:19.727+0000] {dagbag.py:545} INFO - Filling up the DagBag from /home/airflow/.local/lib/python3.12/site-packages/airflow/example_dags/example_sensors.py
[2024-05-30T06:58:19.736+0000] {processor.py:840} INFO - DAG(s) 'example_sensors' retrieved from /home/airflow/.local/lib/python3.12/site-packages/airflow/example_dags/example_sensors.py
[2024-05-30T06:58:19.761+0000] {logging_mixin.py:188} INFO - [2024-05-30T06:58:19.761+0000] {dag.py:3096} INFO - Sync 1 DAGs
[2024-05-30T06:58:19.774+0000] {logging_mixin.py:188} INFO - [2024-05-30T06:58:19.773+0000] {dag.py:3954} INFO - Setting next_dagrun for example_sensors to None, run_after=None
[2024-05-30T06:58:19.793+0000] {processor.py:183} INFO - Processing /home/airflow/.local/lib/python3.12/site-packages/airflow/example_dags/example_sensors.py took 0.074 seconds
[2024-05-30T06:58:50.456+0000] {processor.py:161} INFO - Started process (PID=2125) to work on /home/airflow/.local/lib/python3.12/site-packages/airflow/example_dags/example_sensors.py
[2024-05-30T06:58:50.456+0000] {processor.py:830} INFO - Processing file /home/airflow/.local/lib/python3.12/site-packages/airflow/example_dags/example_sensors.py for tasks to queue
[2024-05-30T06:58:50.458+0000] {logging_mixin.py:188} INFO - [2024-05-30T06:58:50.458+0000] {dagbag.py:545} INFO - Filling up the DagBag from /home/airflow/.local/lib/python3.12/site-packages/airflow/example_dags/example_sensors.py
[2024-05-30T06:58:50.467+0000] {processor.py:840} INFO - DAG(s) 'example_sensors' retrieved from /home/airflow/.local/lib/python3.12/site-packages/airflow/example_dags/example_sensors.py
[2024-05-30T06:58:50.491+0000] {logging_mixin.py:188} INFO - [2024-05-30T06:58:50.491+0000] {dag.py:3096} INFO - Sync 1 DAGs
[2024-05-30T06:58:50.504+0000] {logging_mixin.py:188} INFO - [2024-05-30T06:58:50.504+0000] {dag.py:3954} INFO - Setting next_dagrun for example_sensors to None, run_after=None
[2024-05-30T06:58:50.524+0000] {processor.py:183} INFO - Processing /home/airflow/.local/lib/python3.12/site-packages/airflow/example_dags/example_sensors.py took 0.074 seconds
[2024-05-30T06:59:20.979+0000] {processor.py:161} INFO - Started process (PID=2183) to work on /home/airflow/.local/lib/python3.12/site-packages/airflow/example_dags/example_sensors.py
[2024-05-30T06:59:20.980+0000] {processor.py:830} INFO - Processing file /home/airflow/.local/lib/python3.12/site-packages/airflow/example_dags/example_sensors.py for tasks to queue
[2024-05-30T06:59:20.981+0000] {logging_mixin.py:188} INFO - [2024-05-30T06:59:20.981+0000] {dagbag.py:545} INFO - Filling up the DagBag from /home/airflow/.local/lib/python3.12/site-packages/airflow/example_dags/example_sensors.py
[2024-05-30T06:59:20.989+0000] {processor.py:840} INFO - DAG(s) 'example_sensors' retrieved from /home/airflow/.local/lib/python3.12/site-packages/airflow/example_dags/example_sensors.py
[2024-05-30T06:59:21.013+0000] {logging_mixin.py:188} INFO - [2024-05-30T06:59:21.012+0000] {dag.py:3096} INFO - Sync 1 DAGs
[2024-05-30T06:59:21.025+0000] {logging_mixin.py:188} INFO - [2024-05-30T06:59:21.025+0000] {dag.py:3954} INFO - Setting next_dagrun for example_sensors to None, run_after=None
[2024-05-30T06:59:21.043+0000] {processor.py:183} INFO - Processing /home/airflow/.local/lib/python3.12/site-packages/airflow/example_dags/example_sensors.py took 0.069 seconds
[2024-05-30T06:59:51.430+0000] {processor.py:161} INFO - Started process (PID=2241) to work on /home/airflow/.local/lib/python3.12/site-packages/airflow/example_dags/example_sensors.py
[2024-05-30T06:59:51.431+0000] {processor.py:830} INFO - Processing file /home/airflow/.local/lib/python3.12/site-packages/airflow/example_dags/example_sensors.py for tasks to queue
[2024-05-30T06:59:51.433+0000] {logging_mixin.py:188} INFO - [2024-05-30T06:59:51.432+0000] {dagbag.py:545} INFO - Filling up the DagBag from /home/airflow/.local/lib/python3.12/site-packages/airflow/example_dags/example_sensors.py
[2024-05-30T06:59:51.443+0000] {processor.py:840} INFO - DAG(s) 'example_sensors' retrieved from /home/airflow/.local/lib/python3.12/site-packages/airflow/example_dags/example_sensors.py
[2024-05-30T06:59:51.473+0000] {logging_mixin.py:188} INFO - [2024-05-30T06:59:51.472+0000] {dag.py:3096} INFO - Sync 1 DAGs
[2024-05-30T06:59:51.486+0000] {logging_mixin.py:188} INFO - [2024-05-30T06:59:51.486+0000] {dag.py:3954} INFO - Setting next_dagrun for example_sensors to None, run_after=None
[2024-05-30T06:59:51.505+0000] {processor.py:183} INFO - Processing /home/airflow/.local/lib/python3.12/site-packages/airflow/example_dags/example_sensors.py took 0.081 seconds
[2024-05-30T07:00:22.014+0000] {processor.py:161} INFO - Started process (PID=2299) to work on /home/airflow/.local/lib/python3.12/site-packages/airflow/example_dags/example_sensors.py
[2024-05-30T07:00:22.014+0000] {processor.py:830} INFO - Processing file /home/airflow/.local/lib/python3.12/site-packages/airflow/example_dags/example_sensors.py for tasks to queue
[2024-05-30T07:00:22.016+0000] {logging_mixin.py:188} INFO - [2024-05-30T07:00:22.016+0000] {dagbag.py:545} INFO - Filling up the DagBag from /home/airflow/.local/lib/python3.12/site-packages/airflow/example_dags/example_sensors.py
[2024-05-30T07:00:22.030+0000] {processor.py:840} INFO - DAG(s) 'example_sensors' retrieved from /home/airflow/.local/lib/python3.12/site-packages/airflow/example_dags/example_sensors.py
[2024-05-30T07:00:22.055+0000] {logging_mixin.py:188} INFO - [2024-05-30T07:00:22.055+0000] {dag.py:3096} INFO - Sync 1 DAGs
[2024-05-30T07:00:22.068+0000] {logging_mixin.py:188} INFO - [2024-05-30T07:00:22.068+0000] {dag.py:3954} INFO - Setting next_dagrun for example_sensors to None, run_after=None
[2024-05-30T07:00:22.088+0000] {processor.py:183} INFO - Processing /home/airflow/.local/lib/python3.12/site-packages/airflow/example_dags/example_sensors.py took 0.079 seconds
[2024-05-30T07:00:52.591+0000] {processor.py:161} INFO - Started process (PID=2357) to work on /home/airflow/.local/lib/python3.12/site-packages/airflow/example_dags/example_sensors.py
[2024-05-30T07:00:52.592+0000] {processor.py:830} INFO - Processing file /home/airflow/.local/lib/python3.12/site-packages/airflow/example_dags/example_sensors.py for tasks to queue
[2024-05-30T07:00:52.593+0000] {logging_mixin.py:188} INFO - [2024-05-30T07:00:52.593+0000] {dagbag.py:545} INFO - Filling up the DagBag from /home/airflow/.local/lib/python3.12/site-packages/airflow/example_dags/example_sensors.py
[2024-05-30T07:00:52.602+0000] {processor.py:840} INFO - DAG(s) 'example_sensors' retrieved from /home/airflow/.local/lib/python3.12/site-packages/airflow/example_dags/example_sensors.py
[2024-05-30T07:00:52.630+0000] {logging_mixin.py:188} INFO - [2024-05-30T07:00:52.630+0000] {dag.py:3096} INFO - Sync 1 DAGs
[2024-05-30T07:00:52.648+0000] {logging_mixin.py:188} INFO - [2024-05-30T07:00:52.648+0000] {dag.py:3954} INFO - Setting next_dagrun for example_sensors to None, run_after=None
[2024-05-30T07:00:52.671+0000] {processor.py:183} INFO - Processing /home/airflow/.local/lib/python3.12/site-packages/airflow/example_dags/example_sensors.py took 0.085 seconds
[2024-05-30T07:01:23.074+0000] {processor.py:161} INFO - Started process (PID=2415) to work on /home/airflow/.local/lib/python3.12/site-packages/airflow/example_dags/example_sensors.py
[2024-05-30T07:01:23.075+0000] {processor.py:830} INFO - Processing file /home/airflow/.local/lib/python3.12/site-packages/airflow/example_dags/example_sensors.py for tasks to queue
[2024-05-30T07:01:23.077+0000] {logging_mixin.py:188} INFO - [2024-05-30T07:01:23.077+0000] {dagbag.py:545} INFO - Filling up the DagBag from /home/airflow/.local/lib/python3.12/site-packages/airflow/example_dags/example_sensors.py
[2024-05-30T07:01:23.085+0000] {processor.py:840} INFO - DAG(s) 'example_sensors' retrieved from /home/airflow/.local/lib/python3.12/site-packages/airflow/example_dags/example_sensors.py
[2024-05-30T07:01:23.109+0000] {logging_mixin.py:188} INFO - [2024-05-30T07:01:23.109+0000] {dag.py:3096} INFO - Sync 1 DAGs
[2024-05-30T07:01:23.122+0000] {logging_mixin.py:188} INFO - [2024-05-30T07:01:23.122+0000] {dag.py:3954} INFO - Setting next_dagrun for example_sensors to None, run_after=None
[2024-05-30T07:01:23.141+0000] {processor.py:183} INFO - Processing /home/airflow/.local/lib/python3.12/site-packages/airflow/example_dags/example_sensors.py took 0.071 seconds
