[2024-05-30T06:40:41.227+0000] {processor.py:161} INFO - Started process (PID=70) to work on /home/airflow/.local/lib/python3.12/site-packages/airflow/example_dags/example_short_circuit_operator.py
[2024-05-30T06:40:41.228+0000] {processor.py:830} INFO - Processing file /home/airflow/.local/lib/python3.12/site-packages/airflow/example_dags/example_short_circuit_operator.py for tasks to queue
[2024-05-30T06:40:41.229+0000] {logging_mixin.py:188} INFO - [2024-05-30T06:40:41.229+0000] {dagbag.py:545} INFO - Filling up the DagBag from /home/airflow/.local/lib/python3.12/site-packages/airflow/example_dags/example_short_circuit_operator.py
[2024-05-30T06:40:41.239+0000] {processor.py:840} INFO - DAG(s) 'example_short_circuit_operator' retrieved from /home/airflow/.local/lib/python3.12/site-packages/airflow/example_dags/example_short_circuit_operator.py
[2024-05-30T06:40:41.249+0000] {logging_mixin.py:188} INFO - [2024-05-30T06:40:41.249+0000] {dag.py:3096} INFO - Sync 1 DAGs
[2024-05-30T06:40:41.271+0000] {logging_mixin.py:188} INFO - [2024-05-30T06:40:41.271+0000] {dag.py:3954} INFO - Setting next_dagrun for example_short_circuit_operator to 2024-05-29 00:00:00+00:00, run_after=2024-05-30 00:00:00+00:00
[2024-05-30T06:40:41.287+0000] {processor.py:183} INFO - Processing /home/airflow/.local/lib/python3.12/site-packages/airflow/example_dags/example_short_circuit_operator.py took 0.066 seconds
[2024-05-30T06:41:13.758+0000] {processor.py:161} INFO - Started process (PID=128) to work on /home/airflow/.local/lib/python3.12/site-packages/airflow/example_dags/example_short_circuit_operator.py
[2024-05-30T06:41:13.759+0000] {processor.py:830} INFO - Processing file /home/airflow/.local/lib/python3.12/site-packages/airflow/example_dags/example_short_circuit_operator.py for tasks to queue
[2024-05-30T06:41:13.760+0000] {logging_mixin.py:188} INFO - [2024-05-30T06:41:13.760+0000] {dagbag.py:545} INFO - Filling up the DagBag from /home/airflow/.local/lib/python3.12/site-packages/airflow/example_dags/example_short_circuit_operator.py
[2024-05-30T06:41:13.769+0000] {processor.py:840} INFO - DAG(s) 'example_short_circuit_operator' retrieved from /home/airflow/.local/lib/python3.12/site-packages/airflow/example_dags/example_short_circuit_operator.py
[2024-05-30T06:41:13.889+0000] {logging_mixin.py:188} INFO - [2024-05-30T06:41:13.889+0000] {dag.py:3096} INFO - Sync 1 DAGs
[2024-05-30T06:41:13.909+0000] {logging_mixin.py:188} INFO - [2024-05-30T06:41:13.909+0000] {dag.py:3954} INFO - Setting next_dagrun for example_short_circuit_operator to 2024-05-29 00:00:00+00:00, run_after=2024-05-30 00:00:00+00:00
[2024-05-30T06:41:13.926+0000] {processor.py:183} INFO - Processing /home/airflow/.local/lib/python3.12/site-packages/airflow/example_dags/example_short_circuit_operator.py took 0.174 seconds
[2024-05-30T06:41:44.352+0000] {processor.py:161} INFO - Started process (PID=186) to work on /home/airflow/.local/lib/python3.12/site-packages/airflow/example_dags/example_short_circuit_operator.py
[2024-05-30T06:41:44.353+0000] {processor.py:830} INFO - Processing file /home/airflow/.local/lib/python3.12/site-packages/airflow/example_dags/example_short_circuit_operator.py for tasks to queue
[2024-05-30T06:41:44.355+0000] {logging_mixin.py:188} INFO - [2024-05-30T06:41:44.355+0000] {dagbag.py:545} INFO - Filling up the DagBag from /home/airflow/.local/lib/python3.12/site-packages/airflow/example_dags/example_short_circuit_operator.py
[2024-05-30T06:41:44.363+0000] {processor.py:840} INFO - DAG(s) 'example_short_circuit_operator' retrieved from /home/airflow/.local/lib/python3.12/site-packages/airflow/example_dags/example_short_circuit_operator.py
[2024-05-30T06:41:44.391+0000] {logging_mixin.py:188} INFO - [2024-05-30T06:41:44.391+0000] {dag.py:3096} INFO - Sync 1 DAGs
[2024-05-30T06:41:44.413+0000] {logging_mixin.py:188} INFO - [2024-05-30T06:41:44.412+0000] {dag.py:3954} INFO - Setting next_dagrun for example_short_circuit_operator to 2024-05-29 00:00:00+00:00, run_after=2024-05-30 00:00:00+00:00
[2024-05-30T06:41:44.430+0000] {processor.py:183} INFO - Processing /home/airflow/.local/lib/python3.12/site-packages/airflow/example_dags/example_short_circuit_operator.py took 0.083 seconds
[2024-05-30T06:42:15.027+0000] {processor.py:161} INFO - Started process (PID=244) to work on /home/airflow/.local/lib/python3.12/site-packages/airflow/example_dags/example_short_circuit_operator.py
[2024-05-30T06:42:15.028+0000] {processor.py:830} INFO - Processing file /home/airflow/.local/lib/python3.12/site-packages/airflow/example_dags/example_short_circuit_operator.py for tasks to queue
[2024-05-30T06:42:15.030+0000] {logging_mixin.py:188} INFO - [2024-05-30T06:42:15.030+0000] {dagbag.py:545} INFO - Filling up the DagBag from /home/airflow/.local/lib/python3.12/site-packages/airflow/example_dags/example_short_circuit_operator.py
[2024-05-30T06:42:15.037+0000] {processor.py:840} INFO - DAG(s) 'example_short_circuit_operator' retrieved from /home/airflow/.local/lib/python3.12/site-packages/airflow/example_dags/example_short_circuit_operator.py
[2024-05-30T06:42:15.059+0000] {logging_mixin.py:188} INFO - [2024-05-30T06:42:15.059+0000] {dag.py:3096} INFO - Sync 1 DAGs
[2024-05-30T06:42:15.083+0000] {logging_mixin.py:188} INFO - [2024-05-30T06:42:15.083+0000] {dag.py:3954} INFO - Setting next_dagrun for example_short_circuit_operator to 2024-05-29 00:00:00+00:00, run_after=2024-05-30 00:00:00+00:00
[2024-05-30T06:42:15.101+0000] {processor.py:183} INFO - Processing /home/airflow/.local/lib/python3.12/site-packages/airflow/example_dags/example_short_circuit_operator.py took 0.080 seconds
[2024-05-30T06:42:45.421+0000] {processor.py:161} INFO - Started process (PID=302) to work on /home/airflow/.local/lib/python3.12/site-packages/airflow/example_dags/example_short_circuit_operator.py
[2024-05-30T06:42:45.422+0000] {processor.py:830} INFO - Processing file /home/airflow/.local/lib/python3.12/site-packages/airflow/example_dags/example_short_circuit_operator.py for tasks to queue
[2024-05-30T06:42:45.423+0000] {logging_mixin.py:188} INFO - [2024-05-30T06:42:45.423+0000] {dagbag.py:545} INFO - Filling up the DagBag from /home/airflow/.local/lib/python3.12/site-packages/airflow/example_dags/example_short_circuit_operator.py
[2024-05-30T06:42:45.431+0000] {processor.py:840} INFO - DAG(s) 'example_short_circuit_operator' retrieved from /home/airflow/.local/lib/python3.12/site-packages/airflow/example_dags/example_short_circuit_operator.py
[2024-05-30T06:42:45.452+0000] {logging_mixin.py:188} INFO - [2024-05-30T06:42:45.452+0000] {dag.py:3096} INFO - Sync 1 DAGs
[2024-05-30T06:42:45.474+0000] {logging_mixin.py:188} INFO - [2024-05-30T06:42:45.474+0000] {dag.py:3954} INFO - Setting next_dagrun for example_short_circuit_operator to 2024-05-29 00:00:00+00:00, run_after=2024-05-30 00:00:00+00:00
[2024-05-30T06:42:45.492+0000] {processor.py:183} INFO - Processing /home/airflow/.local/lib/python3.12/site-packages/airflow/example_dags/example_short_circuit_operator.py took 0.077 seconds
[2024-05-30T06:43:15.764+0000] {processor.py:161} INFO - Started process (PID=360) to work on /home/airflow/.local/lib/python3.12/site-packages/airflow/example_dags/example_short_circuit_operator.py
[2024-05-30T06:43:15.765+0000] {processor.py:830} INFO - Processing file /home/airflow/.local/lib/python3.12/site-packages/airflow/example_dags/example_short_circuit_operator.py for tasks to queue
[2024-05-30T06:43:15.767+0000] {logging_mixin.py:188} INFO - [2024-05-30T06:43:15.766+0000] {dagbag.py:545} INFO - Filling up the DagBag from /home/airflow/.local/lib/python3.12/site-packages/airflow/example_dags/example_short_circuit_operator.py
[2024-05-30T06:43:15.774+0000] {processor.py:840} INFO - DAG(s) 'example_short_circuit_operator' retrieved from /home/airflow/.local/lib/python3.12/site-packages/airflow/example_dags/example_short_circuit_operator.py
[2024-05-30T06:43:15.795+0000] {logging_mixin.py:188} INFO - [2024-05-30T06:43:15.795+0000] {dag.py:3096} INFO - Sync 1 DAGs
[2024-05-30T06:43:15.816+0000] {logging_mixin.py:188} INFO - [2024-05-30T06:43:15.816+0000] {dag.py:3954} INFO - Setting next_dagrun for example_short_circuit_operator to 2024-05-29 00:00:00+00:00, run_after=2024-05-30 00:00:00+00:00
[2024-05-30T06:43:15.834+0000] {processor.py:183} INFO - Processing /home/airflow/.local/lib/python3.12/site-packages/airflow/example_dags/example_short_circuit_operator.py took 0.076 seconds
[2024-05-30T06:43:46.742+0000] {processor.py:161} INFO - Started process (PID=418) to work on /home/airflow/.local/lib/python3.12/site-packages/airflow/example_dags/example_short_circuit_operator.py
[2024-05-30T06:43:46.743+0000] {processor.py:830} INFO - Processing file /home/airflow/.local/lib/python3.12/site-packages/airflow/example_dags/example_short_circuit_operator.py for tasks to queue
[2024-05-30T06:43:46.745+0000] {logging_mixin.py:188} INFO - [2024-05-30T06:43:46.745+0000] {dagbag.py:545} INFO - Filling up the DagBag from /home/airflow/.local/lib/python3.12/site-packages/airflow/example_dags/example_short_circuit_operator.py
[2024-05-30T06:43:46.752+0000] {processor.py:840} INFO - DAG(s) 'example_short_circuit_operator' retrieved from /home/airflow/.local/lib/python3.12/site-packages/airflow/example_dags/example_short_circuit_operator.py
[2024-05-30T06:43:46.775+0000] {logging_mixin.py:188} INFO - [2024-05-30T06:43:46.774+0000] {dag.py:3096} INFO - Sync 1 DAGs
[2024-05-30T06:43:46.796+0000] {logging_mixin.py:188} INFO - [2024-05-30T06:43:46.796+0000] {dag.py:3954} INFO - Setting next_dagrun for example_short_circuit_operator to 2024-05-29 00:00:00+00:00, run_after=2024-05-30 00:00:00+00:00
[2024-05-30T06:43:46.814+0000] {processor.py:183} INFO - Processing /home/airflow/.local/lib/python3.12/site-packages/airflow/example_dags/example_short_circuit_operator.py took 0.076 seconds
[2024-05-30T06:44:17.602+0000] {processor.py:161} INFO - Started process (PID=482) to work on /home/airflow/.local/lib/python3.12/site-packages/airflow/example_dags/example_short_circuit_operator.py
[2024-05-30T06:44:17.603+0000] {processor.py:830} INFO - Processing file /home/airflow/.local/lib/python3.12/site-packages/airflow/example_dags/example_short_circuit_operator.py for tasks to queue
[2024-05-30T06:44:17.605+0000] {logging_mixin.py:188} INFO - [2024-05-30T06:44:17.604+0000] {dagbag.py:545} INFO - Filling up the DagBag from /home/airflow/.local/lib/python3.12/site-packages/airflow/example_dags/example_short_circuit_operator.py
[2024-05-30T06:44:17.612+0000] {processor.py:840} INFO - DAG(s) 'example_short_circuit_operator' retrieved from /home/airflow/.local/lib/python3.12/site-packages/airflow/example_dags/example_short_circuit_operator.py
[2024-05-30T06:44:17.633+0000] {logging_mixin.py:188} INFO - [2024-05-30T06:44:17.633+0000] {dag.py:3096} INFO - Sync 1 DAGs
[2024-05-30T06:44:17.661+0000] {logging_mixin.py:188} INFO - [2024-05-30T06:44:17.661+0000] {dag.py:3954} INFO - Setting next_dagrun for example_short_circuit_operator to 2024-05-29 00:00:00+00:00, run_after=2024-05-30 00:00:00+00:00
[2024-05-30T06:44:17.679+0000] {processor.py:183} INFO - Processing /home/airflow/.local/lib/python3.12/site-packages/airflow/example_dags/example_short_circuit_operator.py took 0.082 seconds
[2024-05-30T06:44:47.727+0000] {processor.py:161} INFO - Started process (PID=540) to work on /home/airflow/.local/lib/python3.12/site-packages/airflow/example_dags/example_short_circuit_operator.py
[2024-05-30T06:44:47.728+0000] {processor.py:830} INFO - Processing file /home/airflow/.local/lib/python3.12/site-packages/airflow/example_dags/example_short_circuit_operator.py for tasks to queue
[2024-05-30T06:44:47.730+0000] {logging_mixin.py:188} INFO - [2024-05-30T06:44:47.730+0000] {dagbag.py:545} INFO - Filling up the DagBag from /home/airflow/.local/lib/python3.12/site-packages/airflow/example_dags/example_short_circuit_operator.py
[2024-05-30T06:44:47.739+0000] {processor.py:840} INFO - DAG(s) 'example_short_circuit_operator' retrieved from /home/airflow/.local/lib/python3.12/site-packages/airflow/example_dags/example_short_circuit_operator.py
[2024-05-30T06:44:47.760+0000] {logging_mixin.py:188} INFO - [2024-05-30T06:44:47.760+0000] {dag.py:3096} INFO - Sync 1 DAGs
[2024-05-30T06:44:47.780+0000] {logging_mixin.py:188} INFO - [2024-05-30T06:44:47.780+0000] {dag.py:3954} INFO - Setting next_dagrun for example_short_circuit_operator to 2024-05-29 00:00:00+00:00, run_after=2024-05-30 00:00:00+00:00
[2024-05-30T06:44:47.797+0000] {processor.py:183} INFO - Processing /home/airflow/.local/lib/python3.12/site-packages/airflow/example_dags/example_short_circuit_operator.py took 0.076 seconds
[2024-05-30T06:45:17.910+0000] {processor.py:161} INFO - Started process (PID=597) to work on /home/airflow/.local/lib/python3.12/site-packages/airflow/example_dags/example_short_circuit_operator.py
[2024-05-30T06:45:17.911+0000] {processor.py:830} INFO - Processing file /home/airflow/.local/lib/python3.12/site-packages/airflow/example_dags/example_short_circuit_operator.py for tasks to queue
[2024-05-30T06:45:17.912+0000] {logging_mixin.py:188} INFO - [2024-05-30T06:45:17.912+0000] {dagbag.py:545} INFO - Filling up the DagBag from /home/airflow/.local/lib/python3.12/site-packages/airflow/example_dags/example_short_circuit_operator.py
[2024-05-30T06:45:17.919+0000] {processor.py:840} INFO - DAG(s) 'example_short_circuit_operator' retrieved from /home/airflow/.local/lib/python3.12/site-packages/airflow/example_dags/example_short_circuit_operator.py
[2024-05-30T06:45:17.939+0000] {logging_mixin.py:188} INFO - [2024-05-30T06:45:17.938+0000] {dag.py:3096} INFO - Sync 1 DAGs
[2024-05-30T06:45:17.961+0000] {logging_mixin.py:188} INFO - [2024-05-30T06:45:17.961+0000] {dag.py:3954} INFO - Setting next_dagrun for example_short_circuit_operator to 2024-05-29 00:00:00+00:00, run_after=2024-05-30 00:00:00+00:00
[2024-05-30T06:45:17.978+0000] {processor.py:183} INFO - Processing /home/airflow/.local/lib/python3.12/site-packages/airflow/example_dags/example_short_circuit_operator.py took 0.074 seconds
[2024-05-30T06:45:48.318+0000] {processor.py:161} INFO - Started process (PID=655) to work on /home/airflow/.local/lib/python3.12/site-packages/airflow/example_dags/example_short_circuit_operator.py
[2024-05-30T06:45:48.325+0000] {processor.py:830} INFO - Processing file /home/airflow/.local/lib/python3.12/site-packages/airflow/example_dags/example_short_circuit_operator.py for tasks to queue
[2024-05-30T06:45:48.329+0000] {logging_mixin.py:188} INFO - [2024-05-30T06:45:48.329+0000] {dagbag.py:545} INFO - Filling up the DagBag from /home/airflow/.local/lib/python3.12/site-packages/airflow/example_dags/example_short_circuit_operator.py
[2024-05-30T06:45:48.340+0000] {processor.py:840} INFO - DAG(s) 'example_short_circuit_operator' retrieved from /home/airflow/.local/lib/python3.12/site-packages/airflow/example_dags/example_short_circuit_operator.py
[2024-05-30T06:45:48.371+0000] {logging_mixin.py:188} INFO - [2024-05-30T06:45:48.371+0000] {dag.py:3096} INFO - Sync 1 DAGs
[2024-05-30T06:45:48.400+0000] {logging_mixin.py:188} INFO - [2024-05-30T06:45:48.400+0000] {dag.py:3954} INFO - Setting next_dagrun for example_short_circuit_operator to 2024-05-29 00:00:00+00:00, run_after=2024-05-30 00:00:00+00:00
[2024-05-30T06:45:48.421+0000] {processor.py:183} INFO - Processing /home/airflow/.local/lib/python3.12/site-packages/airflow/example_dags/example_short_circuit_operator.py took 0.112 seconds
[2024-05-30T06:46:18.516+0000] {processor.py:161} INFO - Started process (PID=713) to work on /home/airflow/.local/lib/python3.12/site-packages/airflow/example_dags/example_short_circuit_operator.py
[2024-05-30T06:46:18.517+0000] {processor.py:830} INFO - Processing file /home/airflow/.local/lib/python3.12/site-packages/airflow/example_dags/example_short_circuit_operator.py for tasks to queue
[2024-05-30T06:46:18.518+0000] {logging_mixin.py:188} INFO - [2024-05-30T06:46:18.518+0000] {dagbag.py:545} INFO - Filling up the DagBag from /home/airflow/.local/lib/python3.12/site-packages/airflow/example_dags/example_short_circuit_operator.py
[2024-05-30T06:46:18.525+0000] {processor.py:840} INFO - DAG(s) 'example_short_circuit_operator' retrieved from /home/airflow/.local/lib/python3.12/site-packages/airflow/example_dags/example_short_circuit_operator.py
[2024-05-30T06:46:18.545+0000] {logging_mixin.py:188} INFO - [2024-05-30T06:46:18.545+0000] {dag.py:3096} INFO - Sync 1 DAGs
[2024-05-30T06:46:18.570+0000] {logging_mixin.py:188} INFO - [2024-05-30T06:46:18.570+0000] {dag.py:3954} INFO - Setting next_dagrun for example_short_circuit_operator to 2024-05-29 00:00:00+00:00, run_after=2024-05-30 00:00:00+00:00
[2024-05-30T06:46:18.595+0000] {processor.py:183} INFO - Processing /home/airflow/.local/lib/python3.12/site-packages/airflow/example_dags/example_short_circuit_operator.py took 0.085 seconds
[2024-05-30T06:46:48.928+0000] {processor.py:161} INFO - Started process (PID=771) to work on /home/airflow/.local/lib/python3.12/site-packages/airflow/example_dags/example_short_circuit_operator.py
[2024-05-30T06:46:48.929+0000] {processor.py:830} INFO - Processing file /home/airflow/.local/lib/python3.12/site-packages/airflow/example_dags/example_short_circuit_operator.py for tasks to queue
[2024-05-30T06:46:48.931+0000] {logging_mixin.py:188} INFO - [2024-05-30T06:46:48.930+0000] {dagbag.py:545} INFO - Filling up the DagBag from /home/airflow/.local/lib/python3.12/site-packages/airflow/example_dags/example_short_circuit_operator.py
[2024-05-30T06:46:48.937+0000] {processor.py:840} INFO - DAG(s) 'example_short_circuit_operator' retrieved from /home/airflow/.local/lib/python3.12/site-packages/airflow/example_dags/example_short_circuit_operator.py
[2024-05-30T06:46:48.958+0000] {logging_mixin.py:188} INFO - [2024-05-30T06:46:48.958+0000] {dag.py:3096} INFO - Sync 1 DAGs
[2024-05-30T06:46:48.979+0000] {logging_mixin.py:188} INFO - [2024-05-30T06:46:48.979+0000] {dag.py:3954} INFO - Setting next_dagrun for example_short_circuit_operator to 2024-05-29 00:00:00+00:00, run_after=2024-05-30 00:00:00+00:00
[2024-05-30T06:46:48.999+0000] {processor.py:183} INFO - Processing /home/airflow/.local/lib/python3.12/site-packages/airflow/example_dags/example_short_circuit_operator.py took 0.076 seconds
[2024-05-30T06:47:19.864+0000] {processor.py:161} INFO - Started process (PID=829) to work on /home/airflow/.local/lib/python3.12/site-packages/airflow/example_dags/example_short_circuit_operator.py
[2024-05-30T06:47:19.865+0000] {processor.py:830} INFO - Processing file /home/airflow/.local/lib/python3.12/site-packages/airflow/example_dags/example_short_circuit_operator.py for tasks to queue
[2024-05-30T06:47:19.867+0000] {logging_mixin.py:188} INFO - [2024-05-30T06:47:19.866+0000] {dagbag.py:545} INFO - Filling up the DagBag from /home/airflow/.local/lib/python3.12/site-packages/airflow/example_dags/example_short_circuit_operator.py
[2024-05-30T06:47:19.875+0000] {processor.py:840} INFO - DAG(s) 'example_short_circuit_operator' retrieved from /home/airflow/.local/lib/python3.12/site-packages/airflow/example_dags/example_short_circuit_operator.py
[2024-05-30T06:47:19.899+0000] {logging_mixin.py:188} INFO - [2024-05-30T06:47:19.899+0000] {dag.py:3096} INFO - Sync 1 DAGs
[2024-05-30T06:47:19.921+0000] {logging_mixin.py:188} INFO - [2024-05-30T06:47:19.921+0000] {dag.py:3954} INFO - Setting next_dagrun for example_short_circuit_operator to 2024-05-29 00:00:00+00:00, run_after=2024-05-30 00:00:00+00:00
[2024-05-30T06:47:19.942+0000] {processor.py:183} INFO - Processing /home/airflow/.local/lib/python3.12/site-packages/airflow/example_dags/example_short_circuit_operator.py took 0.084 seconds
[2024-05-30T06:47:50.023+0000] {processor.py:161} INFO - Started process (PID=887) to work on /home/airflow/.local/lib/python3.12/site-packages/airflow/example_dags/example_short_circuit_operator.py
[2024-05-30T06:47:50.024+0000] {processor.py:830} INFO - Processing file /home/airflow/.local/lib/python3.12/site-packages/airflow/example_dags/example_short_circuit_operator.py for tasks to queue
[2024-05-30T06:47:50.026+0000] {logging_mixin.py:188} INFO - [2024-05-30T06:47:50.025+0000] {dagbag.py:545} INFO - Filling up the DagBag from /home/airflow/.local/lib/python3.12/site-packages/airflow/example_dags/example_short_circuit_operator.py
[2024-05-30T06:47:50.034+0000] {processor.py:840} INFO - DAG(s) 'example_short_circuit_operator' retrieved from /home/airflow/.local/lib/python3.12/site-packages/airflow/example_dags/example_short_circuit_operator.py
[2024-05-30T06:47:50.054+0000] {logging_mixin.py:188} INFO - [2024-05-30T06:47:50.054+0000] {dag.py:3096} INFO - Sync 1 DAGs
[2024-05-30T06:47:50.076+0000] {logging_mixin.py:188} INFO - [2024-05-30T06:47:50.076+0000] {dag.py:3954} INFO - Setting next_dagrun for example_short_circuit_operator to 2024-05-29 00:00:00+00:00, run_after=2024-05-30 00:00:00+00:00
[2024-05-30T06:47:50.096+0000] {processor.py:183} INFO - Processing /home/airflow/.local/lib/python3.12/site-packages/airflow/example_dags/example_short_circuit_operator.py took 0.079 seconds
[2024-05-30T06:48:20.296+0000] {processor.py:161} INFO - Started process (PID=945) to work on /home/airflow/.local/lib/python3.12/site-packages/airflow/example_dags/example_short_circuit_operator.py
[2024-05-30T06:48:20.296+0000] {processor.py:830} INFO - Processing file /home/airflow/.local/lib/python3.12/site-packages/airflow/example_dags/example_short_circuit_operator.py for tasks to queue
[2024-05-30T06:48:20.298+0000] {logging_mixin.py:188} INFO - [2024-05-30T06:48:20.298+0000] {dagbag.py:545} INFO - Filling up the DagBag from /home/airflow/.local/lib/python3.12/site-packages/airflow/example_dags/example_short_circuit_operator.py
[2024-05-30T06:48:20.306+0000] {processor.py:840} INFO - DAG(s) 'example_short_circuit_operator' retrieved from /home/airflow/.local/lib/python3.12/site-packages/airflow/example_dags/example_short_circuit_operator.py
[2024-05-30T06:48:20.327+0000] {logging_mixin.py:188} INFO - [2024-05-30T06:48:20.327+0000] {dag.py:3096} INFO - Sync 1 DAGs
[2024-05-30T06:48:20.349+0000] {logging_mixin.py:188} INFO - [2024-05-30T06:48:20.349+0000] {dag.py:3954} INFO - Setting next_dagrun for example_short_circuit_operator to 2024-05-29 00:00:00+00:00, run_after=2024-05-30 00:00:00+00:00
[2024-05-30T06:48:20.368+0000] {processor.py:183} INFO - Processing /home/airflow/.local/lib/python3.12/site-packages/airflow/example_dags/example_short_circuit_operator.py took 0.078 seconds
[2024-05-30T06:48:51.360+0000] {processor.py:161} INFO - Started process (PID=1003) to work on /home/airflow/.local/lib/python3.12/site-packages/airflow/example_dags/example_short_circuit_operator.py
[2024-05-30T06:48:51.361+0000] {processor.py:830} INFO - Processing file /home/airflow/.local/lib/python3.12/site-packages/airflow/example_dags/example_short_circuit_operator.py for tasks to queue
[2024-05-30T06:48:51.364+0000] {logging_mixin.py:188} INFO - [2024-05-30T06:48:51.364+0000] {dagbag.py:545} INFO - Filling up the DagBag from /home/airflow/.local/lib/python3.12/site-packages/airflow/example_dags/example_short_circuit_operator.py
[2024-05-30T06:48:51.373+0000] {processor.py:840} INFO - DAG(s) 'example_short_circuit_operator' retrieved from /home/airflow/.local/lib/python3.12/site-packages/airflow/example_dags/example_short_circuit_operator.py
[2024-05-30T06:48:51.397+0000] {logging_mixin.py:188} INFO - [2024-05-30T06:48:51.396+0000] {dag.py:3096} INFO - Sync 1 DAGs
[2024-05-30T06:48:51.423+0000] {logging_mixin.py:188} INFO - [2024-05-30T06:48:51.423+0000] {dag.py:3954} INFO - Setting next_dagrun for example_short_circuit_operator to 2024-05-29 00:00:00+00:00, run_after=2024-05-30 00:00:00+00:00
[2024-05-30T06:48:51.450+0000] {processor.py:183} INFO - Processing /home/airflow/.local/lib/python3.12/site-packages/airflow/example_dags/example_short_circuit_operator.py took 0.097 seconds
[2024-05-30T06:49:21.973+0000] {processor.py:161} INFO - Started process (PID=1061) to work on /home/airflow/.local/lib/python3.12/site-packages/airflow/example_dags/example_short_circuit_operator.py
[2024-05-30T06:49:21.974+0000] {processor.py:830} INFO - Processing file /home/airflow/.local/lib/python3.12/site-packages/airflow/example_dags/example_short_circuit_operator.py for tasks to queue
[2024-05-30T06:49:21.976+0000] {logging_mixin.py:188} INFO - [2024-05-30T06:49:21.976+0000] {dagbag.py:545} INFO - Filling up the DagBag from /home/airflow/.local/lib/python3.12/site-packages/airflow/example_dags/example_short_circuit_operator.py
[2024-05-30T06:49:21.984+0000] {processor.py:840} INFO - DAG(s) 'example_short_circuit_operator' retrieved from /home/airflow/.local/lib/python3.12/site-packages/airflow/example_dags/example_short_circuit_operator.py
[2024-05-30T06:49:22.005+0000] {logging_mixin.py:188} INFO - [2024-05-30T06:49:22.005+0000] {dag.py:3096} INFO - Sync 1 DAGs
[2024-05-30T06:49:22.026+0000] {logging_mixin.py:188} INFO - [2024-05-30T06:49:22.026+0000] {dag.py:3954} INFO - Setting next_dagrun for example_short_circuit_operator to 2024-05-29 00:00:00+00:00, run_after=2024-05-30 00:00:00+00:00
[2024-05-30T06:49:22.043+0000] {processor.py:183} INFO - Processing /home/airflow/.local/lib/python3.12/site-packages/airflow/example_dags/example_short_circuit_operator.py took 0.076 seconds
[2024-05-30T06:49:52.960+0000] {processor.py:161} INFO - Started process (PID=1119) to work on /home/airflow/.local/lib/python3.12/site-packages/airflow/example_dags/example_short_circuit_operator.py
[2024-05-30T06:49:52.962+0000] {processor.py:830} INFO - Processing file /home/airflow/.local/lib/python3.12/site-packages/airflow/example_dags/example_short_circuit_operator.py for tasks to queue
[2024-05-30T06:49:52.963+0000] {logging_mixin.py:188} INFO - [2024-05-30T06:49:52.963+0000] {dagbag.py:545} INFO - Filling up the DagBag from /home/airflow/.local/lib/python3.12/site-packages/airflow/example_dags/example_short_circuit_operator.py
[2024-05-30T06:49:52.970+0000] {processor.py:840} INFO - DAG(s) 'example_short_circuit_operator' retrieved from /home/airflow/.local/lib/python3.12/site-packages/airflow/example_dags/example_short_circuit_operator.py
[2024-05-30T06:49:52.993+0000] {logging_mixin.py:188} INFO - [2024-05-30T06:49:52.993+0000] {dag.py:3096} INFO - Sync 1 DAGs
[2024-05-30T06:49:53.014+0000] {logging_mixin.py:188} INFO - [2024-05-30T06:49:53.014+0000] {dag.py:3954} INFO - Setting next_dagrun for example_short_circuit_operator to 2024-05-29 00:00:00+00:00, run_after=2024-05-30 00:00:00+00:00
[2024-05-30T06:49:53.032+0000] {processor.py:183} INFO - Processing /home/airflow/.local/lib/python3.12/site-packages/airflow/example_dags/example_short_circuit_operator.py took 0.078 seconds
[2024-05-30T06:50:23.567+0000] {processor.py:161} INFO - Started process (PID=1177) to work on /home/airflow/.local/lib/python3.12/site-packages/airflow/example_dags/example_short_circuit_operator.py
[2024-05-30T06:50:23.568+0000] {processor.py:830} INFO - Processing file /home/airflow/.local/lib/python3.12/site-packages/airflow/example_dags/example_short_circuit_operator.py for tasks to queue
[2024-05-30T06:50:23.570+0000] {logging_mixin.py:188} INFO - [2024-05-30T06:50:23.569+0000] {dagbag.py:545} INFO - Filling up the DagBag from /home/airflow/.local/lib/python3.12/site-packages/airflow/example_dags/example_short_circuit_operator.py
[2024-05-30T06:50:23.578+0000] {processor.py:840} INFO - DAG(s) 'example_short_circuit_operator' retrieved from /home/airflow/.local/lib/python3.12/site-packages/airflow/example_dags/example_short_circuit_operator.py
[2024-05-30T06:50:23.600+0000] {logging_mixin.py:188} INFO - [2024-05-30T06:50:23.600+0000] {dag.py:3096} INFO - Sync 1 DAGs
[2024-05-30T06:50:23.622+0000] {logging_mixin.py:188} INFO - [2024-05-30T06:50:23.622+0000] {dag.py:3954} INFO - Setting next_dagrun for example_short_circuit_operator to 2024-05-29 00:00:00+00:00, run_after=2024-05-30 00:00:00+00:00
[2024-05-30T06:50:23.639+0000] {processor.py:183} INFO - Processing /home/airflow/.local/lib/python3.12/site-packages/airflow/example_dags/example_short_circuit_operator.py took 0.078 seconds
[2024-05-30T06:50:54.279+0000] {processor.py:161} INFO - Started process (PID=1235) to work on /home/airflow/.local/lib/python3.12/site-packages/airflow/example_dags/example_short_circuit_operator.py
[2024-05-30T06:50:54.280+0000] {processor.py:830} INFO - Processing file /home/airflow/.local/lib/python3.12/site-packages/airflow/example_dags/example_short_circuit_operator.py for tasks to queue
[2024-05-30T06:50:54.281+0000] {logging_mixin.py:188} INFO - [2024-05-30T06:50:54.281+0000] {dagbag.py:545} INFO - Filling up the DagBag from /home/airflow/.local/lib/python3.12/site-packages/airflow/example_dags/example_short_circuit_operator.py
[2024-05-30T06:50:54.290+0000] {processor.py:840} INFO - DAG(s) 'example_short_circuit_operator' retrieved from /home/airflow/.local/lib/python3.12/site-packages/airflow/example_dags/example_short_circuit_operator.py
[2024-05-30T06:50:54.310+0000] {logging_mixin.py:188} INFO - [2024-05-30T06:50:54.310+0000] {dag.py:3096} INFO - Sync 1 DAGs
[2024-05-30T06:50:54.332+0000] {logging_mixin.py:188} INFO - [2024-05-30T06:50:54.332+0000] {dag.py:3954} INFO - Setting next_dagrun for example_short_circuit_operator to 2024-05-29 00:00:00+00:00, run_after=2024-05-30 00:00:00+00:00
[2024-05-30T06:50:54.358+0000] {processor.py:183} INFO - Processing /home/airflow/.local/lib/python3.12/site-packages/airflow/example_dags/example_short_circuit_operator.py took 0.085 seconds
[2024-05-30T06:51:25.178+0000] {processor.py:161} INFO - Started process (PID=1293) to work on /home/airflow/.local/lib/python3.12/site-packages/airflow/example_dags/example_short_circuit_operator.py
[2024-05-30T06:51:25.180+0000] {processor.py:830} INFO - Processing file /home/airflow/.local/lib/python3.12/site-packages/airflow/example_dags/example_short_circuit_operator.py for tasks to queue
[2024-05-30T06:51:25.182+0000] {logging_mixin.py:188} INFO - [2024-05-30T06:51:25.181+0000] {dagbag.py:545} INFO - Filling up the DagBag from /home/airflow/.local/lib/python3.12/site-packages/airflow/example_dags/example_short_circuit_operator.py
[2024-05-30T06:51:25.190+0000] {processor.py:840} INFO - DAG(s) 'example_short_circuit_operator' retrieved from /home/airflow/.local/lib/python3.12/site-packages/airflow/example_dags/example_short_circuit_operator.py
[2024-05-30T06:51:25.211+0000] {logging_mixin.py:188} INFO - [2024-05-30T06:51:25.211+0000] {dag.py:3096} INFO - Sync 1 DAGs
[2024-05-30T06:51:25.233+0000] {logging_mixin.py:188} INFO - [2024-05-30T06:51:25.233+0000] {dag.py:3954} INFO - Setting next_dagrun for example_short_circuit_operator to 2024-05-29 00:00:00+00:00, run_after=2024-05-30 00:00:00+00:00
[2024-05-30T06:51:25.250+0000] {processor.py:183} INFO - Processing /home/airflow/.local/lib/python3.12/site-packages/airflow/example_dags/example_short_circuit_operator.py took 0.078 seconds
[2024-05-30T06:51:55.323+0000] {processor.py:161} INFO - Started process (PID=1351) to work on /home/airflow/.local/lib/python3.12/site-packages/airflow/example_dags/example_short_circuit_operator.py
[2024-05-30T06:51:55.324+0000] {processor.py:830} INFO - Processing file /home/airflow/.local/lib/python3.12/site-packages/airflow/example_dags/example_short_circuit_operator.py for tasks to queue
[2024-05-30T06:51:55.326+0000] {logging_mixin.py:188} INFO - [2024-05-30T06:51:55.326+0000] {dagbag.py:545} INFO - Filling up the DagBag from /home/airflow/.local/lib/python3.12/site-packages/airflow/example_dags/example_short_circuit_operator.py
[2024-05-30T06:51:55.333+0000] {processor.py:840} INFO - DAG(s) 'example_short_circuit_operator' retrieved from /home/airflow/.local/lib/python3.12/site-packages/airflow/example_dags/example_short_circuit_operator.py
[2024-05-30T06:51:55.354+0000] {logging_mixin.py:188} INFO - [2024-05-30T06:51:55.354+0000] {dag.py:3096} INFO - Sync 1 DAGs
[2024-05-30T06:51:55.375+0000] {logging_mixin.py:188} INFO - [2024-05-30T06:51:55.375+0000] {dag.py:3954} INFO - Setting next_dagrun for example_short_circuit_operator to 2024-05-29 00:00:00+00:00, run_after=2024-05-30 00:00:00+00:00
[2024-05-30T06:51:55.494+0000] {processor.py:183} INFO - Processing /home/airflow/.local/lib/python3.12/site-packages/airflow/example_dags/example_short_circuit_operator.py took 0.176 seconds
[2024-05-30T06:52:26.247+0000] {processor.py:161} INFO - Started process (PID=1409) to work on /home/airflow/.local/lib/python3.12/site-packages/airflow/example_dags/example_short_circuit_operator.py
[2024-05-30T06:52:26.248+0000] {processor.py:830} INFO - Processing file /home/airflow/.local/lib/python3.12/site-packages/airflow/example_dags/example_short_circuit_operator.py for tasks to queue
[2024-05-30T06:52:26.250+0000] {logging_mixin.py:188} INFO - [2024-05-30T06:52:26.250+0000] {dagbag.py:545} INFO - Filling up the DagBag from /home/airflow/.local/lib/python3.12/site-packages/airflow/example_dags/example_short_circuit_operator.py
[2024-05-30T06:52:26.258+0000] {processor.py:840} INFO - DAG(s) 'example_short_circuit_operator' retrieved from /home/airflow/.local/lib/python3.12/site-packages/airflow/example_dags/example_short_circuit_operator.py
[2024-05-30T06:52:26.280+0000] {logging_mixin.py:188} INFO - [2024-05-30T06:52:26.279+0000] {dag.py:3096} INFO - Sync 1 DAGs
[2024-05-30T06:52:26.302+0000] {logging_mixin.py:188} INFO - [2024-05-30T06:52:26.302+0000] {dag.py:3954} INFO - Setting next_dagrun for example_short_circuit_operator to 2024-05-29 00:00:00+00:00, run_after=2024-05-30 00:00:00+00:00
[2024-05-30T06:52:26.320+0000] {processor.py:183} INFO - Processing /home/airflow/.local/lib/python3.12/site-packages/airflow/example_dags/example_short_circuit_operator.py took 0.079 seconds
[2024-05-30T06:52:57.435+0000] {processor.py:161} INFO - Started process (PID=1467) to work on /home/airflow/.local/lib/python3.12/site-packages/airflow/example_dags/example_short_circuit_operator.py
[2024-05-30T06:52:57.436+0000] {processor.py:830} INFO - Processing file /home/airflow/.local/lib/python3.12/site-packages/airflow/example_dags/example_short_circuit_operator.py for tasks to queue
[2024-05-30T06:52:57.438+0000] {logging_mixin.py:188} INFO - [2024-05-30T06:52:57.437+0000] {dagbag.py:545} INFO - Filling up the DagBag from /home/airflow/.local/lib/python3.12/site-packages/airflow/example_dags/example_short_circuit_operator.py
[2024-05-30T06:52:57.445+0000] {processor.py:840} INFO - DAG(s) 'example_short_circuit_operator' retrieved from /home/airflow/.local/lib/python3.12/site-packages/airflow/example_dags/example_short_circuit_operator.py
[2024-05-30T06:52:57.587+0000] {logging_mixin.py:188} INFO - [2024-05-30T06:52:57.587+0000] {dag.py:3096} INFO - Sync 1 DAGs
[2024-05-30T06:52:57.606+0000] {logging_mixin.py:188} INFO - [2024-05-30T06:52:57.606+0000] {dag.py:3954} INFO - Setting next_dagrun for example_short_circuit_operator to 2024-05-29 00:00:00+00:00, run_after=2024-05-30 00:00:00+00:00
[2024-05-30T06:52:57.624+0000] {processor.py:183} INFO - Processing /home/airflow/.local/lib/python3.12/site-packages/airflow/example_dags/example_short_circuit_operator.py took 0.195 seconds
[2024-05-30T06:53:27.799+0000] {processor.py:161} INFO - Started process (PID=1525) to work on /home/airflow/.local/lib/python3.12/site-packages/airflow/example_dags/example_short_circuit_operator.py
[2024-05-30T06:53:27.800+0000] {processor.py:830} INFO - Processing file /home/airflow/.local/lib/python3.12/site-packages/airflow/example_dags/example_short_circuit_operator.py for tasks to queue
[2024-05-30T06:53:27.802+0000] {logging_mixin.py:188} INFO - [2024-05-30T06:53:27.801+0000] {dagbag.py:545} INFO - Filling up the DagBag from /home/airflow/.local/lib/python3.12/site-packages/airflow/example_dags/example_short_circuit_operator.py
[2024-05-30T06:53:27.809+0000] {processor.py:840} INFO - DAG(s) 'example_short_circuit_operator' retrieved from /home/airflow/.local/lib/python3.12/site-packages/airflow/example_dags/example_short_circuit_operator.py
[2024-05-30T06:53:27.830+0000] {logging_mixin.py:188} INFO - [2024-05-30T06:53:27.829+0000] {dag.py:3096} INFO - Sync 1 DAGs
[2024-05-30T06:53:27.949+0000] {logging_mixin.py:188} INFO - [2024-05-30T06:53:27.949+0000] {dag.py:3954} INFO - Setting next_dagrun for example_short_circuit_operator to 2024-05-29 00:00:00+00:00, run_after=2024-05-30 00:00:00+00:00
[2024-05-30T06:53:27.965+0000] {processor.py:183} INFO - Processing /home/airflow/.local/lib/python3.12/site-packages/airflow/example_dags/example_short_circuit_operator.py took 0.171 seconds
[2024-05-30T06:53:58.146+0000] {processor.py:161} INFO - Started process (PID=1583) to work on /home/airflow/.local/lib/python3.12/site-packages/airflow/example_dags/example_short_circuit_operator.py
[2024-05-30T06:53:58.147+0000] {processor.py:830} INFO - Processing file /home/airflow/.local/lib/python3.12/site-packages/airflow/example_dags/example_short_circuit_operator.py for tasks to queue
[2024-05-30T06:53:58.149+0000] {logging_mixin.py:188} INFO - [2024-05-30T06:53:58.148+0000] {dagbag.py:545} INFO - Filling up the DagBag from /home/airflow/.local/lib/python3.12/site-packages/airflow/example_dags/example_short_circuit_operator.py
[2024-05-30T06:53:58.155+0000] {processor.py:840} INFO - DAG(s) 'example_short_circuit_operator' retrieved from /home/airflow/.local/lib/python3.12/site-packages/airflow/example_dags/example_short_circuit_operator.py
[2024-05-30T06:53:58.176+0000] {logging_mixin.py:188} INFO - [2024-05-30T06:53:58.176+0000] {dag.py:3096} INFO - Sync 1 DAGs
[2024-05-30T06:53:58.197+0000] {logging_mixin.py:188} INFO - [2024-05-30T06:53:58.197+0000] {dag.py:3954} INFO - Setting next_dagrun for example_short_circuit_operator to 2024-05-29 00:00:00+00:00, run_after=2024-05-30 00:00:00+00:00
[2024-05-30T06:53:58.214+0000] {processor.py:183} INFO - Processing /home/airflow/.local/lib/python3.12/site-packages/airflow/example_dags/example_short_circuit_operator.py took 0.074 seconds
[2024-05-30T06:54:28.416+0000] {processor.py:161} INFO - Started process (PID=1641) to work on /home/airflow/.local/lib/python3.12/site-packages/airflow/example_dags/example_short_circuit_operator.py
[2024-05-30T06:54:28.417+0000] {processor.py:830} INFO - Processing file /home/airflow/.local/lib/python3.12/site-packages/airflow/example_dags/example_short_circuit_operator.py for tasks to queue
[2024-05-30T06:54:28.419+0000] {logging_mixin.py:188} INFO - [2024-05-30T06:54:28.419+0000] {dagbag.py:545} INFO - Filling up the DagBag from /home/airflow/.local/lib/python3.12/site-packages/airflow/example_dags/example_short_circuit_operator.py
[2024-05-30T06:54:28.427+0000] {processor.py:840} INFO - DAG(s) 'example_short_circuit_operator' retrieved from /home/airflow/.local/lib/python3.12/site-packages/airflow/example_dags/example_short_circuit_operator.py
[2024-05-30T06:54:28.450+0000] {logging_mixin.py:188} INFO - [2024-05-30T06:54:28.450+0000] {dag.py:3096} INFO - Sync 1 DAGs
[2024-05-30T06:54:28.473+0000] {logging_mixin.py:188} INFO - [2024-05-30T06:54:28.473+0000] {dag.py:3954} INFO - Setting next_dagrun for example_short_circuit_operator to 2024-05-29 00:00:00+00:00, run_after=2024-05-30 00:00:00+00:00
[2024-05-30T06:54:28.491+0000] {processor.py:183} INFO - Processing /home/airflow/.local/lib/python3.12/site-packages/airflow/example_dags/example_short_circuit_operator.py took 0.081 seconds
[2024-05-30T06:54:58.550+0000] {processor.py:161} INFO - Started process (PID=1699) to work on /home/airflow/.local/lib/python3.12/site-packages/airflow/example_dags/example_short_circuit_operator.py
[2024-05-30T06:54:58.551+0000] {processor.py:830} INFO - Processing file /home/airflow/.local/lib/python3.12/site-packages/airflow/example_dags/example_short_circuit_operator.py for tasks to queue
[2024-05-30T06:54:58.553+0000] {logging_mixin.py:188} INFO - [2024-05-30T06:54:58.552+0000] {dagbag.py:545} INFO - Filling up the DagBag from /home/airflow/.local/lib/python3.12/site-packages/airflow/example_dags/example_short_circuit_operator.py
[2024-05-30T06:54:58.559+0000] {processor.py:840} INFO - DAG(s) 'example_short_circuit_operator' retrieved from /home/airflow/.local/lib/python3.12/site-packages/airflow/example_dags/example_short_circuit_operator.py
[2024-05-30T06:54:58.581+0000] {logging_mixin.py:188} INFO - [2024-05-30T06:54:58.581+0000] {dag.py:3096} INFO - Sync 1 DAGs
[2024-05-30T06:54:58.607+0000] {logging_mixin.py:188} INFO - [2024-05-30T06:54:58.606+0000] {dag.py:3954} INFO - Setting next_dagrun for example_short_circuit_operator to 2024-05-29 00:00:00+00:00, run_after=2024-05-30 00:00:00+00:00
[2024-05-30T06:54:58.623+0000] {processor.py:183} INFO - Processing /home/airflow/.local/lib/python3.12/site-packages/airflow/example_dags/example_short_circuit_operator.py took 0.080 seconds
[2024-05-30T06:55:28.710+0000] {processor.py:161} INFO - Started process (PID=1757) to work on /home/airflow/.local/lib/python3.12/site-packages/airflow/example_dags/example_short_circuit_operator.py
[2024-05-30T06:55:28.711+0000] {processor.py:830} INFO - Processing file /home/airflow/.local/lib/python3.12/site-packages/airflow/example_dags/example_short_circuit_operator.py for tasks to queue
[2024-05-30T06:55:28.713+0000] {logging_mixin.py:188} INFO - [2024-05-30T06:55:28.712+0000] {dagbag.py:545} INFO - Filling up the DagBag from /home/airflow/.local/lib/python3.12/site-packages/airflow/example_dags/example_short_circuit_operator.py
[2024-05-30T06:55:28.721+0000] {processor.py:840} INFO - DAG(s) 'example_short_circuit_operator' retrieved from /home/airflow/.local/lib/python3.12/site-packages/airflow/example_dags/example_short_circuit_operator.py
[2024-05-30T06:55:28.741+0000] {logging_mixin.py:188} INFO - [2024-05-30T06:55:28.741+0000] {dag.py:3096} INFO - Sync 1 DAGs
[2024-05-30T06:55:28.761+0000] {logging_mixin.py:188} INFO - [2024-05-30T06:55:28.761+0000] {dag.py:3954} INFO - Setting next_dagrun for example_short_circuit_operator to 2024-05-29 00:00:00+00:00, run_after=2024-05-30 00:00:00+00:00
[2024-05-30T06:55:28.778+0000] {processor.py:183} INFO - Processing /home/airflow/.local/lib/python3.12/site-packages/airflow/example_dags/example_short_circuit_operator.py took 0.073 seconds
[2024-05-30T06:55:58.837+0000] {processor.py:161} INFO - Started process (PID=1815) to work on /home/airflow/.local/lib/python3.12/site-packages/airflow/example_dags/example_short_circuit_operator.py
[2024-05-30T06:55:58.837+0000] {processor.py:830} INFO - Processing file /home/airflow/.local/lib/python3.12/site-packages/airflow/example_dags/example_short_circuit_operator.py for tasks to queue
[2024-05-30T06:55:58.839+0000] {logging_mixin.py:188} INFO - [2024-05-30T06:55:58.839+0000] {dagbag.py:545} INFO - Filling up the DagBag from /home/airflow/.local/lib/python3.12/site-packages/airflow/example_dags/example_short_circuit_operator.py
[2024-05-30T06:55:58.846+0000] {processor.py:840} INFO - DAG(s) 'example_short_circuit_operator' retrieved from /home/airflow/.local/lib/python3.12/site-packages/airflow/example_dags/example_short_circuit_operator.py
[2024-05-30T06:55:58.865+0000] {logging_mixin.py:188} INFO - [2024-05-30T06:55:58.865+0000] {dag.py:3096} INFO - Sync 1 DAGs
[2024-05-30T06:55:58.886+0000] {logging_mixin.py:188} INFO - [2024-05-30T06:55:58.886+0000] {dag.py:3954} INFO - Setting next_dagrun for example_short_circuit_operator to 2024-05-29 00:00:00+00:00, run_after=2024-05-30 00:00:00+00:00
[2024-05-30T06:55:58.905+0000] {processor.py:183} INFO - Processing /home/airflow/.local/lib/python3.12/site-packages/airflow/example_dags/example_short_circuit_operator.py took 0.074 seconds
[2024-05-30T06:56:28.986+0000] {processor.py:161} INFO - Started process (PID=1873) to work on /home/airflow/.local/lib/python3.12/site-packages/airflow/example_dags/example_short_circuit_operator.py
[2024-05-30T06:56:28.987+0000] {processor.py:830} INFO - Processing file /home/airflow/.local/lib/python3.12/site-packages/airflow/example_dags/example_short_circuit_operator.py for tasks to queue
[2024-05-30T06:56:28.989+0000] {logging_mixin.py:188} INFO - [2024-05-30T06:56:28.988+0000] {dagbag.py:545} INFO - Filling up the DagBag from /home/airflow/.local/lib/python3.12/site-packages/airflow/example_dags/example_short_circuit_operator.py
[2024-05-30T06:56:28.995+0000] {processor.py:840} INFO - DAG(s) 'example_short_circuit_operator' retrieved from /home/airflow/.local/lib/python3.12/site-packages/airflow/example_dags/example_short_circuit_operator.py
[2024-05-30T06:56:29.016+0000] {logging_mixin.py:188} INFO - [2024-05-30T06:56:29.016+0000] {dag.py:3096} INFO - Sync 1 DAGs
[2024-05-30T06:56:29.037+0000] {logging_mixin.py:188} INFO - [2024-05-30T06:56:29.037+0000] {dag.py:3954} INFO - Setting next_dagrun for example_short_circuit_operator to 2024-05-29 00:00:00+00:00, run_after=2024-05-30 00:00:00+00:00
[2024-05-30T06:56:29.054+0000] {processor.py:183} INFO - Processing /home/airflow/.local/lib/python3.12/site-packages/airflow/example_dags/example_short_circuit_operator.py took 0.075 seconds
[2024-05-30T06:56:59.944+0000] {processor.py:161} INFO - Started process (PID=1931) to work on /home/airflow/.local/lib/python3.12/site-packages/airflow/example_dags/example_short_circuit_operator.py
[2024-05-30T06:56:59.945+0000] {processor.py:830} INFO - Processing file /home/airflow/.local/lib/python3.12/site-packages/airflow/example_dags/example_short_circuit_operator.py for tasks to queue
[2024-05-30T06:56:59.947+0000] {logging_mixin.py:188} INFO - [2024-05-30T06:56:59.947+0000] {dagbag.py:545} INFO - Filling up the DagBag from /home/airflow/.local/lib/python3.12/site-packages/airflow/example_dags/example_short_circuit_operator.py
[2024-05-30T06:56:59.955+0000] {processor.py:840} INFO - DAG(s) 'example_short_circuit_operator' retrieved from /home/airflow/.local/lib/python3.12/site-packages/airflow/example_dags/example_short_circuit_operator.py
[2024-05-30T06:56:59.975+0000] {logging_mixin.py:188} INFO - [2024-05-30T06:56:59.975+0000] {dag.py:3096} INFO - Sync 1 DAGs
[2024-05-30T06:56:59.996+0000] {logging_mixin.py:188} INFO - [2024-05-30T06:56:59.996+0000] {dag.py:3954} INFO - Setting next_dagrun for example_short_circuit_operator to 2024-05-29 00:00:00+00:00, run_after=2024-05-30 00:00:00+00:00
[2024-05-30T06:57:00.015+0000] {processor.py:183} INFO - Processing /home/airflow/.local/lib/python3.12/site-packages/airflow/example_dags/example_short_circuit_operator.py took 0.076 seconds
[2024-05-30T06:57:30.534+0000] {processor.py:161} INFO - Started process (PID=1989) to work on /home/airflow/.local/lib/python3.12/site-packages/airflow/example_dags/example_short_circuit_operator.py
[2024-05-30T06:57:30.535+0000] {processor.py:830} INFO - Processing file /home/airflow/.local/lib/python3.12/site-packages/airflow/example_dags/example_short_circuit_operator.py for tasks to queue
[2024-05-30T06:57:30.536+0000] {logging_mixin.py:188} INFO - [2024-05-30T06:57:30.536+0000] {dagbag.py:545} INFO - Filling up the DagBag from /home/airflow/.local/lib/python3.12/site-packages/airflow/example_dags/example_short_circuit_operator.py
[2024-05-30T06:57:30.544+0000] {processor.py:840} INFO - DAG(s) 'example_short_circuit_operator' retrieved from /home/airflow/.local/lib/python3.12/site-packages/airflow/example_dags/example_short_circuit_operator.py
[2024-05-30T06:57:30.565+0000] {logging_mixin.py:188} INFO - [2024-05-30T06:57:30.565+0000] {dag.py:3096} INFO - Sync 1 DAGs
[2024-05-30T06:57:30.585+0000] {logging_mixin.py:188} INFO - [2024-05-30T06:57:30.585+0000] {dag.py:3954} INFO - Setting next_dagrun for example_short_circuit_operator to 2024-05-29 00:00:00+00:00, run_after=2024-05-30 00:00:00+00:00
[2024-05-30T06:57:30.603+0000] {processor.py:183} INFO - Processing /home/airflow/.local/lib/python3.12/site-packages/airflow/example_dags/example_short_circuit_operator.py took 0.075 seconds
[2024-05-30T06:58:01.047+0000] {processor.py:161} INFO - Started process (PID=2047) to work on /home/airflow/.local/lib/python3.12/site-packages/airflow/example_dags/example_short_circuit_operator.py
[2024-05-30T06:58:01.048+0000] {processor.py:830} INFO - Processing file /home/airflow/.local/lib/python3.12/site-packages/airflow/example_dags/example_short_circuit_operator.py for tasks to queue
[2024-05-30T06:58:01.049+0000] {logging_mixin.py:188} INFO - [2024-05-30T06:58:01.049+0000] {dagbag.py:545} INFO - Filling up the DagBag from /home/airflow/.local/lib/python3.12/site-packages/airflow/example_dags/example_short_circuit_operator.py
[2024-05-30T06:58:01.056+0000] {processor.py:840} INFO - DAG(s) 'example_short_circuit_operator' retrieved from /home/airflow/.local/lib/python3.12/site-packages/airflow/example_dags/example_short_circuit_operator.py
[2024-05-30T06:58:01.077+0000] {logging_mixin.py:188} INFO - [2024-05-30T06:58:01.076+0000] {dag.py:3096} INFO - Sync 1 DAGs
[2024-05-30T06:58:01.098+0000] {logging_mixin.py:188} INFO - [2024-05-30T06:58:01.097+0000] {dag.py:3954} INFO - Setting next_dagrun for example_short_circuit_operator to 2024-05-29 00:00:00+00:00, run_after=2024-05-30 00:00:00+00:00
[2024-05-30T06:58:01.116+0000] {processor.py:183} INFO - Processing /home/airflow/.local/lib/python3.12/site-packages/airflow/example_dags/example_short_circuit_operator.py took 0.075 seconds
[2024-05-30T06:58:31.798+0000] {processor.py:161} INFO - Started process (PID=2105) to work on /home/airflow/.local/lib/python3.12/site-packages/airflow/example_dags/example_short_circuit_operator.py
[2024-05-30T06:58:31.799+0000] {processor.py:830} INFO - Processing file /home/airflow/.local/lib/python3.12/site-packages/airflow/example_dags/example_short_circuit_operator.py for tasks to queue
[2024-05-30T06:58:31.801+0000] {logging_mixin.py:188} INFO - [2024-05-30T06:58:31.801+0000] {dagbag.py:545} INFO - Filling up the DagBag from /home/airflow/.local/lib/python3.12/site-packages/airflow/example_dags/example_short_circuit_operator.py
[2024-05-30T06:58:31.808+0000] {processor.py:840} INFO - DAG(s) 'example_short_circuit_operator' retrieved from /home/airflow/.local/lib/python3.12/site-packages/airflow/example_dags/example_short_circuit_operator.py
[2024-05-30T06:58:31.829+0000] {logging_mixin.py:188} INFO - [2024-05-30T06:58:31.828+0000] {dag.py:3096} INFO - Sync 1 DAGs
[2024-05-30T06:58:31.850+0000] {logging_mixin.py:188} INFO - [2024-05-30T06:58:31.850+0000] {dag.py:3954} INFO - Setting next_dagrun for example_short_circuit_operator to 2024-05-29 00:00:00+00:00, run_after=2024-05-30 00:00:00+00:00
[2024-05-30T06:58:31.868+0000] {processor.py:183} INFO - Processing /home/airflow/.local/lib/python3.12/site-packages/airflow/example_dags/example_short_circuit_operator.py took 0.075 seconds
[2024-05-30T06:59:02.353+0000] {processor.py:161} INFO - Started process (PID=2163) to work on /home/airflow/.local/lib/python3.12/site-packages/airflow/example_dags/example_short_circuit_operator.py
[2024-05-30T06:59:02.354+0000] {processor.py:830} INFO - Processing file /home/airflow/.local/lib/python3.12/site-packages/airflow/example_dags/example_short_circuit_operator.py for tasks to queue
[2024-05-30T06:59:02.356+0000] {logging_mixin.py:188} INFO - [2024-05-30T06:59:02.355+0000] {dagbag.py:545} INFO - Filling up the DagBag from /home/airflow/.local/lib/python3.12/site-packages/airflow/example_dags/example_short_circuit_operator.py
[2024-05-30T06:59:02.363+0000] {processor.py:840} INFO - DAG(s) 'example_short_circuit_operator' retrieved from /home/airflow/.local/lib/python3.12/site-packages/airflow/example_dags/example_short_circuit_operator.py
[2024-05-30T06:59:02.384+0000] {logging_mixin.py:188} INFO - [2024-05-30T06:59:02.384+0000] {dag.py:3096} INFO - Sync 1 DAGs
[2024-05-30T06:59:02.405+0000] {logging_mixin.py:188} INFO - [2024-05-30T06:59:02.405+0000] {dag.py:3954} INFO - Setting next_dagrun for example_short_circuit_operator to 2024-05-29 00:00:00+00:00, run_after=2024-05-30 00:00:00+00:00
[2024-05-30T06:59:02.424+0000] {processor.py:183} INFO - Processing /home/airflow/.local/lib/python3.12/site-packages/airflow/example_dags/example_short_circuit_operator.py took 0.076 seconds
[2024-05-30T06:59:32.786+0000] {processor.py:161} INFO - Started process (PID=2221) to work on /home/airflow/.local/lib/python3.12/site-packages/airflow/example_dags/example_short_circuit_operator.py
[2024-05-30T06:59:32.787+0000] {processor.py:830} INFO - Processing file /home/airflow/.local/lib/python3.12/site-packages/airflow/example_dags/example_short_circuit_operator.py for tasks to queue
[2024-05-30T06:59:32.789+0000] {logging_mixin.py:188} INFO - [2024-05-30T06:59:32.788+0000] {dagbag.py:545} INFO - Filling up the DagBag from /home/airflow/.local/lib/python3.12/site-packages/airflow/example_dags/example_short_circuit_operator.py
[2024-05-30T06:59:32.795+0000] {processor.py:840} INFO - DAG(s) 'example_short_circuit_operator' retrieved from /home/airflow/.local/lib/python3.12/site-packages/airflow/example_dags/example_short_circuit_operator.py
[2024-05-30T06:59:32.816+0000] {logging_mixin.py:188} INFO - [2024-05-30T06:59:32.816+0000] {dag.py:3096} INFO - Sync 1 DAGs
[2024-05-30T06:59:32.837+0000] {logging_mixin.py:188} INFO - [2024-05-30T06:59:32.837+0000] {dag.py:3954} INFO - Setting next_dagrun for example_short_circuit_operator to 2024-05-29 00:00:00+00:00, run_after=2024-05-30 00:00:00+00:00
[2024-05-30T06:59:32.853+0000] {processor.py:183} INFO - Processing /home/airflow/.local/lib/python3.12/site-packages/airflow/example_dags/example_short_circuit_operator.py took 0.073 seconds
[2024-05-30T07:00:03.317+0000] {processor.py:161} INFO - Started process (PID=2279) to work on /home/airflow/.local/lib/python3.12/site-packages/airflow/example_dags/example_short_circuit_operator.py
[2024-05-30T07:00:03.318+0000] {processor.py:830} INFO - Processing file /home/airflow/.local/lib/python3.12/site-packages/airflow/example_dags/example_short_circuit_operator.py for tasks to queue
[2024-05-30T07:00:03.320+0000] {logging_mixin.py:188} INFO - [2024-05-30T07:00:03.320+0000] {dagbag.py:545} INFO - Filling up the DagBag from /home/airflow/.local/lib/python3.12/site-packages/airflow/example_dags/example_short_circuit_operator.py
[2024-05-30T07:00:03.328+0000] {processor.py:840} INFO - DAG(s) 'example_short_circuit_operator' retrieved from /home/airflow/.local/lib/python3.12/site-packages/airflow/example_dags/example_short_circuit_operator.py
[2024-05-30T07:00:03.349+0000] {logging_mixin.py:188} INFO - [2024-05-30T07:00:03.349+0000] {dag.py:3096} INFO - Sync 1 DAGs
[2024-05-30T07:00:03.375+0000] {logging_mixin.py:188} INFO - [2024-05-30T07:00:03.375+0000] {dag.py:3954} INFO - Setting next_dagrun for example_short_circuit_operator to 2024-05-29 00:00:00+00:00, run_after=2024-05-30 00:00:00+00:00
[2024-05-30T07:00:03.396+0000] {processor.py:183} INFO - Processing /home/airflow/.local/lib/python3.12/site-packages/airflow/example_dags/example_short_circuit_operator.py took 0.085 seconds
[2024-05-30T07:00:33.927+0000] {processor.py:161} INFO - Started process (PID=2337) to work on /home/airflow/.local/lib/python3.12/site-packages/airflow/example_dags/example_short_circuit_operator.py
[2024-05-30T07:00:33.928+0000] {processor.py:830} INFO - Processing file /home/airflow/.local/lib/python3.12/site-packages/airflow/example_dags/example_short_circuit_operator.py for tasks to queue
[2024-05-30T07:00:33.929+0000] {logging_mixin.py:188} INFO - [2024-05-30T07:00:33.929+0000] {dagbag.py:545} INFO - Filling up the DagBag from /home/airflow/.local/lib/python3.12/site-packages/airflow/example_dags/example_short_circuit_operator.py
[2024-05-30T07:00:33.936+0000] {processor.py:840} INFO - DAG(s) 'example_short_circuit_operator' retrieved from /home/airflow/.local/lib/python3.12/site-packages/airflow/example_dags/example_short_circuit_operator.py
[2024-05-30T07:00:33.957+0000] {logging_mixin.py:188} INFO - [2024-05-30T07:00:33.957+0000] {dag.py:3096} INFO - Sync 1 DAGs
[2024-05-30T07:00:33.978+0000] {logging_mixin.py:188} INFO - [2024-05-30T07:00:33.977+0000] {dag.py:3954} INFO - Setting next_dagrun for example_short_circuit_operator to 2024-05-29 00:00:00+00:00, run_after=2024-05-30 00:00:00+00:00
[2024-05-30T07:00:33.995+0000] {processor.py:183} INFO - Processing /home/airflow/.local/lib/python3.12/site-packages/airflow/example_dags/example_short_circuit_operator.py took 0.074 seconds
[2024-05-30T07:01:04.443+0000] {processor.py:161} INFO - Started process (PID=2395) to work on /home/airflow/.local/lib/python3.12/site-packages/airflow/example_dags/example_short_circuit_operator.py
[2024-05-30T07:01:04.444+0000] {processor.py:830} INFO - Processing file /home/airflow/.local/lib/python3.12/site-packages/airflow/example_dags/example_short_circuit_operator.py for tasks to queue
[2024-05-30T07:01:04.446+0000] {logging_mixin.py:188} INFO - [2024-05-30T07:01:04.445+0000] {dagbag.py:545} INFO - Filling up the DagBag from /home/airflow/.local/lib/python3.12/site-packages/airflow/example_dags/example_short_circuit_operator.py
[2024-05-30T07:01:04.453+0000] {processor.py:840} INFO - DAG(s) 'example_short_circuit_operator' retrieved from /home/airflow/.local/lib/python3.12/site-packages/airflow/example_dags/example_short_circuit_operator.py
[2024-05-30T07:01:04.473+0000] {logging_mixin.py:188} INFO - [2024-05-30T07:01:04.473+0000] {dag.py:3096} INFO - Sync 1 DAGs
[2024-05-30T07:01:04.494+0000] {logging_mixin.py:188} INFO - [2024-05-30T07:01:04.494+0000] {dag.py:3954} INFO - Setting next_dagrun for example_short_circuit_operator to 2024-05-29 00:00:00+00:00, run_after=2024-05-30 00:00:00+00:00
[2024-05-30T07:01:04.512+0000] {processor.py:183} INFO - Processing /home/airflow/.local/lib/python3.12/site-packages/airflow/example_dags/example_short_circuit_operator.py took 0.074 seconds
