[2024-05-30T06:40:40.835+0000] {processor.py:161} INFO - Started process (PID=63) to work on /home/airflow/.local/lib/python3.12/site-packages/airflow/example_dags/example_display_name.py
[2024-05-30T06:40:40.837+0000] {processor.py:830} INFO - Processing file /home/airflow/.local/lib/python3.12/site-packages/airflow/example_dags/example_display_name.py for tasks to queue
[2024-05-30T06:40:40.838+0000] {logging_mixin.py:188} INFO - [2024-05-30T06:40:40.838+0000] {dagbag.py:545} INFO - Filling up the DagBag from /home/airflow/.local/lib/python3.12/site-packages/airflow/example_dags/example_display_name.py
[2024-05-30T06:40:40.846+0000] {processor.py:840} INFO - DAG(s) 'example_display_name' retrieved from /home/airflow/.local/lib/python3.12/site-packages/airflow/example_dags/example_display_name.py
[2024-05-30T06:40:40.858+0000] {logging_mixin.py:188} INFO - [2024-05-30T06:40:40.858+0000] {dag.py:3096} INFO - Sync 1 DAGs
[2024-05-30T06:40:40.876+0000] {logging_mixin.py:188} INFO - [2024-05-30T06:40:40.876+0000] {dag.py:3954} INFO - Setting next_dagrun for example_display_name to None, run_after=None
[2024-05-30T06:40:40.892+0000] {processor.py:183} INFO - Processing /home/airflow/.local/lib/python3.12/site-packages/airflow/example_dags/example_display_name.py took 0.064 seconds
[2024-05-30T06:41:13.040+0000] {processor.py:161} INFO - Started process (PID=121) to work on /home/airflow/.local/lib/python3.12/site-packages/airflow/example_dags/example_display_name.py
[2024-05-30T06:41:13.041+0000] {processor.py:830} INFO - Processing file /home/airflow/.local/lib/python3.12/site-packages/airflow/example_dags/example_display_name.py for tasks to queue
[2024-05-30T06:41:13.042+0000] {logging_mixin.py:188} INFO - [2024-05-30T06:41:13.042+0000] {dagbag.py:545} INFO - Filling up the DagBag from /home/airflow/.local/lib/python3.12/site-packages/airflow/example_dags/example_display_name.py
[2024-05-30T06:41:13.048+0000] {processor.py:840} INFO - DAG(s) 'example_display_name' retrieved from /home/airflow/.local/lib/python3.12/site-packages/airflow/example_dags/example_display_name.py
[2024-05-30T06:41:13.160+0000] {logging_mixin.py:188} INFO - [2024-05-30T06:41:13.160+0000] {dag.py:3096} INFO - Sync 1 DAGs
[2024-05-30T06:41:13.172+0000] {logging_mixin.py:188} INFO - [2024-05-30T06:41:13.172+0000] {dag.py:3954} INFO - Setting next_dagrun for example_display_name to None, run_after=None
[2024-05-30T06:41:13.191+0000] {processor.py:183} INFO - Processing /home/airflow/.local/lib/python3.12/site-packages/airflow/example_dags/example_display_name.py took 0.157 seconds
[2024-05-30T06:41:43.876+0000] {processor.py:161} INFO - Started process (PID=179) to work on /home/airflow/.local/lib/python3.12/site-packages/airflow/example_dags/example_display_name.py
[2024-05-30T06:41:43.877+0000] {processor.py:830} INFO - Processing file /home/airflow/.local/lib/python3.12/site-packages/airflow/example_dags/example_display_name.py for tasks to queue
[2024-05-30T06:41:43.879+0000] {logging_mixin.py:188} INFO - [2024-05-30T06:41:43.879+0000] {dagbag.py:545} INFO - Filling up the DagBag from /home/airflow/.local/lib/python3.12/site-packages/airflow/example_dags/example_display_name.py
[2024-05-30T06:41:43.884+0000] {processor.py:840} INFO - DAG(s) 'example_display_name' retrieved from /home/airflow/.local/lib/python3.12/site-packages/airflow/example_dags/example_display_name.py
[2024-05-30T06:41:43.901+0000] {logging_mixin.py:188} INFO - [2024-05-30T06:41:43.901+0000] {dag.py:3096} INFO - Sync 1 DAGs
[2024-05-30T06:41:43.914+0000] {logging_mixin.py:188} INFO - [2024-05-30T06:41:43.914+0000] {dag.py:3954} INFO - Setting next_dagrun for example_display_name to None, run_after=None
[2024-05-30T06:41:43.933+0000] {processor.py:183} INFO - Processing /home/airflow/.local/lib/python3.12/site-packages/airflow/example_dags/example_display_name.py took 0.062 seconds
[2024-05-30T06:42:14.585+0000] {processor.py:161} INFO - Started process (PID=237) to work on /home/airflow/.local/lib/python3.12/site-packages/airflow/example_dags/example_display_name.py
[2024-05-30T06:42:14.586+0000] {processor.py:830} INFO - Processing file /home/airflow/.local/lib/python3.12/site-packages/airflow/example_dags/example_display_name.py for tasks to queue
[2024-05-30T06:42:14.588+0000] {logging_mixin.py:188} INFO - [2024-05-30T06:42:14.588+0000] {dagbag.py:545} INFO - Filling up the DagBag from /home/airflow/.local/lib/python3.12/site-packages/airflow/example_dags/example_display_name.py
[2024-05-30T06:42:14.593+0000] {processor.py:840} INFO - DAG(s) 'example_display_name' retrieved from /home/airflow/.local/lib/python3.12/site-packages/airflow/example_dags/example_display_name.py
[2024-05-30T06:42:14.611+0000] {logging_mixin.py:188} INFO - [2024-05-30T06:42:14.611+0000] {dag.py:3096} INFO - Sync 1 DAGs
[2024-05-30T06:42:14.624+0000] {logging_mixin.py:188} INFO - [2024-05-30T06:42:14.624+0000] {dag.py:3954} INFO - Setting next_dagrun for example_display_name to None, run_after=None
[2024-05-30T06:42:14.643+0000] {processor.py:183} INFO - Processing /home/airflow/.local/lib/python3.12/site-packages/airflow/example_dags/example_display_name.py took 0.063 seconds
[2024-05-30T06:42:44.916+0000] {processor.py:161} INFO - Started process (PID=295) to work on /home/airflow/.local/lib/python3.12/site-packages/airflow/example_dags/example_display_name.py
[2024-05-30T06:42:44.917+0000] {processor.py:830} INFO - Processing file /home/airflow/.local/lib/python3.12/site-packages/airflow/example_dags/example_display_name.py for tasks to queue
[2024-05-30T06:42:44.918+0000] {logging_mixin.py:188} INFO - [2024-05-30T06:42:44.918+0000] {dagbag.py:545} INFO - Filling up the DagBag from /home/airflow/.local/lib/python3.12/site-packages/airflow/example_dags/example_display_name.py
[2024-05-30T06:42:44.923+0000] {processor.py:840} INFO - DAG(s) 'example_display_name' retrieved from /home/airflow/.local/lib/python3.12/site-packages/airflow/example_dags/example_display_name.py
[2024-05-30T06:42:44.942+0000] {logging_mixin.py:188} INFO - [2024-05-30T06:42:44.942+0000] {dag.py:3096} INFO - Sync 1 DAGs
[2024-05-30T06:42:44.955+0000] {logging_mixin.py:188} INFO - [2024-05-30T06:42:44.954+0000] {dag.py:3954} INFO - Setting next_dagrun for example_display_name to None, run_after=None
[2024-05-30T06:42:44.973+0000] {processor.py:183} INFO - Processing /home/airflow/.local/lib/python3.12/site-packages/airflow/example_dags/example_display_name.py took 0.063 seconds
[2024-05-30T06:43:15.064+0000] {processor.py:161} INFO - Started process (PID=353) to work on /home/airflow/.local/lib/python3.12/site-packages/airflow/example_dags/example_display_name.py
[2024-05-30T06:43:15.065+0000] {processor.py:830} INFO - Processing file /home/airflow/.local/lib/python3.12/site-packages/airflow/example_dags/example_display_name.py for tasks to queue
[2024-05-30T06:43:15.067+0000] {logging_mixin.py:188} INFO - [2024-05-30T06:43:15.066+0000] {dagbag.py:545} INFO - Filling up the DagBag from /home/airflow/.local/lib/python3.12/site-packages/airflow/example_dags/example_display_name.py
[2024-05-30T06:43:15.071+0000] {processor.py:840} INFO - DAG(s) 'example_display_name' retrieved from /home/airflow/.local/lib/python3.12/site-packages/airflow/example_dags/example_display_name.py
[2024-05-30T06:43:15.088+0000] {logging_mixin.py:188} INFO - [2024-05-30T06:43:15.088+0000] {dag.py:3096} INFO - Sync 1 DAGs
[2024-05-30T06:43:15.100+0000] {logging_mixin.py:188} INFO - [2024-05-30T06:43:15.099+0000] {dag.py:3954} INFO - Setting next_dagrun for example_display_name to None, run_after=None
[2024-05-30T06:43:15.116+0000] {processor.py:183} INFO - Processing /home/airflow/.local/lib/python3.12/site-packages/airflow/example_dags/example_display_name.py took 0.057 seconds
[2024-05-30T06:43:45.324+0000] {processor.py:161} INFO - Started process (PID=411) to work on /home/airflow/.local/lib/python3.12/site-packages/airflow/example_dags/example_display_name.py
[2024-05-30T06:43:45.325+0000] {processor.py:830} INFO - Processing file /home/airflow/.local/lib/python3.12/site-packages/airflow/example_dags/example_display_name.py for tasks to queue
[2024-05-30T06:43:45.327+0000] {logging_mixin.py:188} INFO - [2024-05-30T06:43:45.327+0000] {dagbag.py:545} INFO - Filling up the DagBag from /home/airflow/.local/lib/python3.12/site-packages/airflow/example_dags/example_display_name.py
[2024-05-30T06:43:45.334+0000] {processor.py:840} INFO - DAG(s) 'example_display_name' retrieved from /home/airflow/.local/lib/python3.12/site-packages/airflow/example_dags/example_display_name.py
[2024-05-30T06:43:45.354+0000] {logging_mixin.py:188} INFO - [2024-05-30T06:43:45.353+0000] {dag.py:3096} INFO - Sync 1 DAGs
[2024-05-30T06:43:45.367+0000] {logging_mixin.py:188} INFO - [2024-05-30T06:43:45.367+0000] {dag.py:3954} INFO - Setting next_dagrun for example_display_name to None, run_after=None
[2024-05-30T06:43:45.384+0000] {processor.py:183} INFO - Processing /home/airflow/.local/lib/python3.12/site-packages/airflow/example_dags/example_display_name.py took 0.066 seconds
[2024-05-30T06:44:16.122+0000] {processor.py:161} INFO - Started process (PID=469) to work on /home/airflow/.local/lib/python3.12/site-packages/airflow/example_dags/example_display_name.py
[2024-05-30T06:44:16.123+0000] {processor.py:830} INFO - Processing file /home/airflow/.local/lib/python3.12/site-packages/airflow/example_dags/example_display_name.py for tasks to queue
[2024-05-30T06:44:16.125+0000] {logging_mixin.py:188} INFO - [2024-05-30T06:44:16.125+0000] {dagbag.py:545} INFO - Filling up the DagBag from /home/airflow/.local/lib/python3.12/site-packages/airflow/example_dags/example_display_name.py
[2024-05-30T06:44:16.130+0000] {processor.py:840} INFO - DAG(s) 'example_display_name' retrieved from /home/airflow/.local/lib/python3.12/site-packages/airflow/example_dags/example_display_name.py
[2024-05-30T06:44:16.149+0000] {logging_mixin.py:188} INFO - [2024-05-30T06:44:16.148+0000] {dag.py:3096} INFO - Sync 1 DAGs
[2024-05-30T06:44:16.162+0000] {logging_mixin.py:188} INFO - [2024-05-30T06:44:16.162+0000] {dag.py:3954} INFO - Setting next_dagrun for example_display_name to None, run_after=None
[2024-05-30T06:44:16.182+0000] {processor.py:183} INFO - Processing /home/airflow/.local/lib/python3.12/site-packages/airflow/example_dags/example_display_name.py took 0.066 seconds
[2024-05-30T06:44:46.256+0000] {processor.py:161} INFO - Started process (PID=527) to work on /home/airflow/.local/lib/python3.12/site-packages/airflow/example_dags/example_display_name.py
[2024-05-30T06:44:46.257+0000] {processor.py:830} INFO - Processing file /home/airflow/.local/lib/python3.12/site-packages/airflow/example_dags/example_display_name.py for tasks to queue
[2024-05-30T06:44:46.258+0000] {logging_mixin.py:188} INFO - [2024-05-30T06:44:46.258+0000] {dagbag.py:545} INFO - Filling up the DagBag from /home/airflow/.local/lib/python3.12/site-packages/airflow/example_dags/example_display_name.py
[2024-05-30T06:44:46.263+0000] {processor.py:840} INFO - DAG(s) 'example_display_name' retrieved from /home/airflow/.local/lib/python3.12/site-packages/airflow/example_dags/example_display_name.py
[2024-05-30T06:44:46.280+0000] {logging_mixin.py:188} INFO - [2024-05-30T06:44:46.279+0000] {dag.py:3096} INFO - Sync 1 DAGs
[2024-05-30T06:44:46.291+0000] {logging_mixin.py:188} INFO - [2024-05-30T06:44:46.291+0000] {dag.py:3954} INFO - Setting next_dagrun for example_display_name to None, run_after=None
[2024-05-30T06:44:46.307+0000] {processor.py:183} INFO - Processing /home/airflow/.local/lib/python3.12/site-packages/airflow/example_dags/example_display_name.py took 0.057 seconds
[2024-05-30T06:45:16.616+0000] {processor.py:161} INFO - Started process (PID=585) to work on /home/airflow/.local/lib/python3.12/site-packages/airflow/example_dags/example_display_name.py
[2024-05-30T06:45:16.617+0000] {processor.py:830} INFO - Processing file /home/airflow/.local/lib/python3.12/site-packages/airflow/example_dags/example_display_name.py for tasks to queue
[2024-05-30T06:45:16.619+0000] {logging_mixin.py:188} INFO - [2024-05-30T06:45:16.618+0000] {dagbag.py:545} INFO - Filling up the DagBag from /home/airflow/.local/lib/python3.12/site-packages/airflow/example_dags/example_display_name.py
[2024-05-30T06:45:16.623+0000] {processor.py:840} INFO - DAG(s) 'example_display_name' retrieved from /home/airflow/.local/lib/python3.12/site-packages/airflow/example_dags/example_display_name.py
[2024-05-30T06:45:16.640+0000] {logging_mixin.py:188} INFO - [2024-05-30T06:45:16.640+0000] {dag.py:3096} INFO - Sync 1 DAGs
[2024-05-30T06:45:16.652+0000] {logging_mixin.py:188} INFO - [2024-05-30T06:45:16.652+0000] {dag.py:3954} INFO - Setting next_dagrun for example_display_name to None, run_after=None
[2024-05-30T06:45:16.669+0000] {processor.py:183} INFO - Processing /home/airflow/.local/lib/python3.12/site-packages/airflow/example_dags/example_display_name.py took 0.059 seconds
[2024-05-30T06:45:46.948+0000] {processor.py:161} INFO - Started process (PID=643) to work on /home/airflow/.local/lib/python3.12/site-packages/airflow/example_dags/example_display_name.py
[2024-05-30T06:45:46.949+0000] {processor.py:830} INFO - Processing file /home/airflow/.local/lib/python3.12/site-packages/airflow/example_dags/example_display_name.py for tasks to queue
[2024-05-30T06:45:46.950+0000] {logging_mixin.py:188} INFO - [2024-05-30T06:45:46.950+0000] {dagbag.py:545} INFO - Filling up the DagBag from /home/airflow/.local/lib/python3.12/site-packages/airflow/example_dags/example_display_name.py
[2024-05-30T06:45:46.955+0000] {processor.py:840} INFO - DAG(s) 'example_display_name' retrieved from /home/airflow/.local/lib/python3.12/site-packages/airflow/example_dags/example_display_name.py
[2024-05-30T06:45:46.973+0000] {logging_mixin.py:188} INFO - [2024-05-30T06:45:46.972+0000] {dag.py:3096} INFO - Sync 1 DAGs
[2024-05-30T06:45:46.987+0000] {logging_mixin.py:188} INFO - [2024-05-30T06:45:46.987+0000] {dag.py:3954} INFO - Setting next_dagrun for example_display_name to None, run_after=None
[2024-05-30T06:45:47.010+0000] {processor.py:183} INFO - Processing /home/airflow/.local/lib/python3.12/site-packages/airflow/example_dags/example_display_name.py took 0.068 seconds
[2024-05-30T06:46:17.176+0000] {processor.py:161} INFO - Started process (PID=701) to work on /home/airflow/.local/lib/python3.12/site-packages/airflow/example_dags/example_display_name.py
[2024-05-30T06:46:17.178+0000] {processor.py:830} INFO - Processing file /home/airflow/.local/lib/python3.12/site-packages/airflow/example_dags/example_display_name.py for tasks to queue
[2024-05-30T06:46:17.181+0000] {logging_mixin.py:188} INFO - [2024-05-30T06:46:17.180+0000] {dagbag.py:545} INFO - Filling up the DagBag from /home/airflow/.local/lib/python3.12/site-packages/airflow/example_dags/example_display_name.py
[2024-05-30T06:46:17.188+0000] {processor.py:840} INFO - DAG(s) 'example_display_name' retrieved from /home/airflow/.local/lib/python3.12/site-packages/airflow/example_dags/example_display_name.py
[2024-05-30T06:46:17.209+0000] {logging_mixin.py:188} INFO - [2024-05-30T06:46:17.209+0000] {dag.py:3096} INFO - Sync 1 DAGs
[2024-05-30T06:46:17.222+0000] {logging_mixin.py:188} INFO - [2024-05-30T06:46:17.221+0000] {dag.py:3954} INFO - Setting next_dagrun for example_display_name to None, run_after=None
[2024-05-30T06:46:17.239+0000] {processor.py:183} INFO - Processing /home/airflow/.local/lib/python3.12/site-packages/airflow/example_dags/example_display_name.py took 0.074 seconds
[2024-05-30T06:46:47.585+0000] {processor.py:161} INFO - Started process (PID=765) to work on /home/airflow/.local/lib/python3.12/site-packages/airflow/example_dags/example_display_name.py
[2024-05-30T06:46:47.586+0000] {processor.py:830} INFO - Processing file /home/airflow/.local/lib/python3.12/site-packages/airflow/example_dags/example_display_name.py for tasks to queue
[2024-05-30T06:46:47.588+0000] {logging_mixin.py:188} INFO - [2024-05-30T06:46:47.588+0000] {dagbag.py:545} INFO - Filling up the DagBag from /home/airflow/.local/lib/python3.12/site-packages/airflow/example_dags/example_display_name.py
[2024-05-30T06:46:47.595+0000] {processor.py:840} INFO - DAG(s) 'example_display_name' retrieved from /home/airflow/.local/lib/python3.12/site-packages/airflow/example_dags/example_display_name.py
[2024-05-30T06:46:47.619+0000] {logging_mixin.py:188} INFO - [2024-05-30T06:46:47.618+0000] {dag.py:3096} INFO - Sync 1 DAGs
[2024-05-30T06:46:47.638+0000] {logging_mixin.py:188} INFO - [2024-05-30T06:46:47.637+0000] {dag.py:3954} INFO - Setting next_dagrun for example_display_name to None, run_after=None
[2024-05-30T06:46:47.659+0000] {processor.py:183} INFO - Processing /home/airflow/.local/lib/python3.12/site-packages/airflow/example_dags/example_display_name.py took 0.080 seconds
[2024-05-30T06:47:18.552+0000] {processor.py:161} INFO - Started process (PID=823) to work on /home/airflow/.local/lib/python3.12/site-packages/airflow/example_dags/example_display_name.py
[2024-05-30T06:47:18.553+0000] {processor.py:830} INFO - Processing file /home/airflow/.local/lib/python3.12/site-packages/airflow/example_dags/example_display_name.py for tasks to queue
[2024-05-30T06:47:18.554+0000] {logging_mixin.py:188} INFO - [2024-05-30T06:47:18.554+0000] {dagbag.py:545} INFO - Filling up the DagBag from /home/airflow/.local/lib/python3.12/site-packages/airflow/example_dags/example_display_name.py
[2024-05-30T06:47:18.559+0000] {processor.py:840} INFO - DAG(s) 'example_display_name' retrieved from /home/airflow/.local/lib/python3.12/site-packages/airflow/example_dags/example_display_name.py
[2024-05-30T06:47:18.580+0000] {logging_mixin.py:188} INFO - [2024-05-30T06:47:18.580+0000] {dag.py:3096} INFO - Sync 1 DAGs
[2024-05-30T06:47:18.593+0000] {logging_mixin.py:188} INFO - [2024-05-30T06:47:18.593+0000] {dag.py:3954} INFO - Setting next_dagrun for example_display_name to None, run_after=None
[2024-05-30T06:47:18.611+0000] {processor.py:183} INFO - Processing /home/airflow/.local/lib/python3.12/site-packages/airflow/example_dags/example_display_name.py took 0.065 seconds
[2024-05-30T06:47:48.638+0000] {processor.py:161} INFO - Started process (PID=880) to work on /home/airflow/.local/lib/python3.12/site-packages/airflow/example_dags/example_display_name.py
[2024-05-30T06:47:48.638+0000] {processor.py:830} INFO - Processing file /home/airflow/.local/lib/python3.12/site-packages/airflow/example_dags/example_display_name.py for tasks to queue
[2024-05-30T06:47:48.640+0000] {logging_mixin.py:188} INFO - [2024-05-30T06:47:48.640+0000] {dagbag.py:545} INFO - Filling up the DagBag from /home/airflow/.local/lib/python3.12/site-packages/airflow/example_dags/example_display_name.py
[2024-05-30T06:47:48.645+0000] {processor.py:840} INFO - DAG(s) 'example_display_name' retrieved from /home/airflow/.local/lib/python3.12/site-packages/airflow/example_dags/example_display_name.py
[2024-05-30T06:47:48.662+0000] {logging_mixin.py:188} INFO - [2024-05-30T06:47:48.661+0000] {dag.py:3096} INFO - Sync 1 DAGs
[2024-05-30T06:47:48.673+0000] {logging_mixin.py:188} INFO - [2024-05-30T06:47:48.673+0000] {dag.py:3954} INFO - Setting next_dagrun for example_display_name to None, run_after=None
[2024-05-30T06:47:48.690+0000] {processor.py:183} INFO - Processing /home/airflow/.local/lib/python3.12/site-packages/airflow/example_dags/example_display_name.py took 0.057 seconds
[2024-05-30T06:48:18.874+0000] {processor.py:161} INFO - Started process (PID=938) to work on /home/airflow/.local/lib/python3.12/site-packages/airflow/example_dags/example_display_name.py
[2024-05-30T06:48:18.875+0000] {processor.py:830} INFO - Processing file /home/airflow/.local/lib/python3.12/site-packages/airflow/example_dags/example_display_name.py for tasks to queue
[2024-05-30T06:48:18.877+0000] {logging_mixin.py:188} INFO - [2024-05-30T06:48:18.876+0000] {dagbag.py:545} INFO - Filling up the DagBag from /home/airflow/.local/lib/python3.12/site-packages/airflow/example_dags/example_display_name.py
[2024-05-30T06:48:18.882+0000] {processor.py:840} INFO - DAG(s) 'example_display_name' retrieved from /home/airflow/.local/lib/python3.12/site-packages/airflow/example_dags/example_display_name.py
[2024-05-30T06:48:18.898+0000] {logging_mixin.py:188} INFO - [2024-05-30T06:48:18.898+0000] {dag.py:3096} INFO - Sync 1 DAGs
[2024-05-30T06:48:18.910+0000] {logging_mixin.py:188} INFO - [2024-05-30T06:48:18.910+0000] {dag.py:3954} INFO - Setting next_dagrun for example_display_name to None, run_after=None
[2024-05-30T06:48:18.928+0000] {processor.py:183} INFO - Processing /home/airflow/.local/lib/python3.12/site-packages/airflow/example_dags/example_display_name.py took 0.059 seconds
[2024-05-30T06:48:49.008+0000] {processor.py:161} INFO - Started process (PID=996) to work on /home/airflow/.local/lib/python3.12/site-packages/airflow/example_dags/example_display_name.py
[2024-05-30T06:48:49.009+0000] {processor.py:830} INFO - Processing file /home/airflow/.local/lib/python3.12/site-packages/airflow/example_dags/example_display_name.py for tasks to queue
[2024-05-30T06:48:49.011+0000] {logging_mixin.py:188} INFO - [2024-05-30T06:48:49.011+0000] {dagbag.py:545} INFO - Filling up the DagBag from /home/airflow/.local/lib/python3.12/site-packages/airflow/example_dags/example_display_name.py
[2024-05-30T06:48:49.016+0000] {processor.py:840} INFO - DAG(s) 'example_display_name' retrieved from /home/airflow/.local/lib/python3.12/site-packages/airflow/example_dags/example_display_name.py
[2024-05-30T06:48:49.034+0000] {logging_mixin.py:188} INFO - [2024-05-30T06:48:49.033+0000] {dag.py:3096} INFO - Sync 1 DAGs
[2024-05-30T06:48:49.046+0000] {logging_mixin.py:188} INFO - [2024-05-30T06:48:49.046+0000] {dag.py:3954} INFO - Setting next_dagrun for example_display_name to None, run_after=None
[2024-05-30T06:48:49.064+0000] {processor.py:183} INFO - Processing /home/airflow/.local/lib/python3.12/site-packages/airflow/example_dags/example_display_name.py took 0.062 seconds
[2024-05-30T06:49:19.651+0000] {processor.py:161} INFO - Started process (PID=1055) to work on /home/airflow/.local/lib/python3.12/site-packages/airflow/example_dags/example_display_name.py
[2024-05-30T06:49:19.652+0000] {processor.py:830} INFO - Processing file /home/airflow/.local/lib/python3.12/site-packages/airflow/example_dags/example_display_name.py for tasks to queue
[2024-05-30T06:49:19.654+0000] {logging_mixin.py:188} INFO - [2024-05-30T06:49:19.653+0000] {dagbag.py:545} INFO - Filling up the DagBag from /home/airflow/.local/lib/python3.12/site-packages/airflow/example_dags/example_display_name.py
[2024-05-30T06:49:19.659+0000] {processor.py:840} INFO - DAG(s) 'example_display_name' retrieved from /home/airflow/.local/lib/python3.12/site-packages/airflow/example_dags/example_display_name.py
[2024-05-30T06:49:19.677+0000] {logging_mixin.py:188} INFO - [2024-05-30T06:49:19.677+0000] {dag.py:3096} INFO - Sync 1 DAGs
[2024-05-30T06:49:19.690+0000] {logging_mixin.py:188} INFO - [2024-05-30T06:49:19.690+0000] {dag.py:3954} INFO - Setting next_dagrun for example_display_name to None, run_after=None
[2024-05-30T06:49:19.709+0000] {processor.py:183} INFO - Processing /home/airflow/.local/lib/python3.12/site-packages/airflow/example_dags/example_display_name.py took 0.064 seconds
[2024-05-30T06:49:50.659+0000] {processor.py:161} INFO - Started process (PID=1113) to work on /home/airflow/.local/lib/python3.12/site-packages/airflow/example_dags/example_display_name.py
[2024-05-30T06:49:50.660+0000] {processor.py:830} INFO - Processing file /home/airflow/.local/lib/python3.12/site-packages/airflow/example_dags/example_display_name.py for tasks to queue
[2024-05-30T06:49:50.662+0000] {logging_mixin.py:188} INFO - [2024-05-30T06:49:50.661+0000] {dagbag.py:545} INFO - Filling up the DagBag from /home/airflow/.local/lib/python3.12/site-packages/airflow/example_dags/example_display_name.py
[2024-05-30T06:49:50.666+0000] {processor.py:840} INFO - DAG(s) 'example_display_name' retrieved from /home/airflow/.local/lib/python3.12/site-packages/airflow/example_dags/example_display_name.py
[2024-05-30T06:49:50.684+0000] {logging_mixin.py:188} INFO - [2024-05-30T06:49:50.684+0000] {dag.py:3096} INFO - Sync 1 DAGs
[2024-05-30T06:49:50.696+0000] {logging_mixin.py:188} INFO - [2024-05-30T06:49:50.696+0000] {dag.py:3954} INFO - Setting next_dagrun for example_display_name to None, run_after=None
[2024-05-30T06:49:50.714+0000] {processor.py:183} INFO - Processing /home/airflow/.local/lib/python3.12/site-packages/airflow/example_dags/example_display_name.py took 0.061 seconds
[2024-05-30T06:50:21.267+0000] {processor.py:161} INFO - Started process (PID=1171) to work on /home/airflow/.local/lib/python3.12/site-packages/airflow/example_dags/example_display_name.py
[2024-05-30T06:50:21.268+0000] {processor.py:830} INFO - Processing file /home/airflow/.local/lib/python3.12/site-packages/airflow/example_dags/example_display_name.py for tasks to queue
[2024-05-30T06:50:21.270+0000] {logging_mixin.py:188} INFO - [2024-05-30T06:50:21.270+0000] {dagbag.py:545} INFO - Filling up the DagBag from /home/airflow/.local/lib/python3.12/site-packages/airflow/example_dags/example_display_name.py
[2024-05-30T06:50:21.275+0000] {processor.py:840} INFO - DAG(s) 'example_display_name' retrieved from /home/airflow/.local/lib/python3.12/site-packages/airflow/example_dags/example_display_name.py
[2024-05-30T06:50:21.292+0000] {logging_mixin.py:188} INFO - [2024-05-30T06:50:21.292+0000] {dag.py:3096} INFO - Sync 1 DAGs
[2024-05-30T06:50:21.305+0000] {logging_mixin.py:188} INFO - [2024-05-30T06:50:21.305+0000] {dag.py:3954} INFO - Setting next_dagrun for example_display_name to None, run_after=None
[2024-05-30T06:50:21.321+0000] {processor.py:183} INFO - Processing /home/airflow/.local/lib/python3.12/site-packages/airflow/example_dags/example_display_name.py took 0.060 seconds
[2024-05-30T06:50:51.968+0000] {processor.py:161} INFO - Started process (PID=1229) to work on /home/airflow/.local/lib/python3.12/site-packages/airflow/example_dags/example_display_name.py
[2024-05-30T06:50:51.969+0000] {processor.py:830} INFO - Processing file /home/airflow/.local/lib/python3.12/site-packages/airflow/example_dags/example_display_name.py for tasks to queue
[2024-05-30T06:50:51.971+0000] {logging_mixin.py:188} INFO - [2024-05-30T06:50:51.971+0000] {dagbag.py:545} INFO - Filling up the DagBag from /home/airflow/.local/lib/python3.12/site-packages/airflow/example_dags/example_display_name.py
[2024-05-30T06:50:51.976+0000] {processor.py:840} INFO - DAG(s) 'example_display_name' retrieved from /home/airflow/.local/lib/python3.12/site-packages/airflow/example_dags/example_display_name.py
[2024-05-30T06:50:51.993+0000] {logging_mixin.py:188} INFO - [2024-05-30T06:50:51.993+0000] {dag.py:3096} INFO - Sync 1 DAGs
[2024-05-30T06:50:52.007+0000] {logging_mixin.py:188} INFO - [2024-05-30T06:50:52.007+0000] {dag.py:3954} INFO - Setting next_dagrun for example_display_name to None, run_after=None
[2024-05-30T06:50:52.023+0000] {processor.py:183} INFO - Processing /home/airflow/.local/lib/python3.12/site-packages/airflow/example_dags/example_display_name.py took 0.061 seconds
[2024-05-30T06:51:22.848+0000] {processor.py:161} INFO - Started process (PID=1287) to work on /home/airflow/.local/lib/python3.12/site-packages/airflow/example_dags/example_display_name.py
[2024-05-30T06:51:22.849+0000] {processor.py:830} INFO - Processing file /home/airflow/.local/lib/python3.12/site-packages/airflow/example_dags/example_display_name.py for tasks to queue
[2024-05-30T06:51:22.850+0000] {logging_mixin.py:188} INFO - [2024-05-30T06:51:22.850+0000] {dagbag.py:545} INFO - Filling up the DagBag from /home/airflow/.local/lib/python3.12/site-packages/airflow/example_dags/example_display_name.py
[2024-05-30T06:51:22.855+0000] {processor.py:840} INFO - DAG(s) 'example_display_name' retrieved from /home/airflow/.local/lib/python3.12/site-packages/airflow/example_dags/example_display_name.py
[2024-05-30T06:51:22.873+0000] {logging_mixin.py:188} INFO - [2024-05-30T06:51:22.872+0000] {dag.py:3096} INFO - Sync 1 DAGs
[2024-05-30T06:51:22.885+0000] {logging_mixin.py:188} INFO - [2024-05-30T06:51:22.884+0000] {dag.py:3954} INFO - Setting next_dagrun for example_display_name to None, run_after=None
[2024-05-30T06:51:22.902+0000] {processor.py:183} INFO - Processing /home/airflow/.local/lib/python3.12/site-packages/airflow/example_dags/example_display_name.py took 0.060 seconds
[2024-05-30T06:51:52.933+0000] {processor.py:161} INFO - Started process (PID=1344) to work on /home/airflow/.local/lib/python3.12/site-packages/airflow/example_dags/example_display_name.py
[2024-05-30T06:51:52.933+0000] {processor.py:830} INFO - Processing file /home/airflow/.local/lib/python3.12/site-packages/airflow/example_dags/example_display_name.py for tasks to queue
[2024-05-30T06:51:52.935+0000] {logging_mixin.py:188} INFO - [2024-05-30T06:51:52.935+0000] {dagbag.py:545} INFO - Filling up the DagBag from /home/airflow/.local/lib/python3.12/site-packages/airflow/example_dags/example_display_name.py
[2024-05-30T06:51:52.940+0000] {processor.py:840} INFO - DAG(s) 'example_display_name' retrieved from /home/airflow/.local/lib/python3.12/site-packages/airflow/example_dags/example_display_name.py
[2024-05-30T06:51:52.957+0000] {logging_mixin.py:188} INFO - [2024-05-30T06:51:52.957+0000] {dag.py:3096} INFO - Sync 1 DAGs
[2024-05-30T06:51:52.970+0000] {logging_mixin.py:188} INFO - [2024-05-30T06:51:52.969+0000] {dag.py:3954} INFO - Setting next_dagrun for example_display_name to None, run_after=None
[2024-05-30T06:51:52.986+0000] {processor.py:183} INFO - Processing /home/airflow/.local/lib/python3.12/site-packages/airflow/example_dags/example_display_name.py took 0.059 seconds
[2024-05-30T06:52:23.863+0000] {processor.py:161} INFO - Started process (PID=1403) to work on /home/airflow/.local/lib/python3.12/site-packages/airflow/example_dags/example_display_name.py
[2024-05-30T06:52:23.920+0000] {processor.py:830} INFO - Processing file /home/airflow/.local/lib/python3.12/site-packages/airflow/example_dags/example_display_name.py for tasks to queue
[2024-05-30T06:52:23.922+0000] {logging_mixin.py:188} INFO - [2024-05-30T06:52:23.922+0000] {dagbag.py:545} INFO - Filling up the DagBag from /home/airflow/.local/lib/python3.12/site-packages/airflow/example_dags/example_display_name.py
[2024-05-30T06:52:23.929+0000] {processor.py:840} INFO - DAG(s) 'example_display_name' retrieved from /home/airflow/.local/lib/python3.12/site-packages/airflow/example_dags/example_display_name.py
[2024-05-30T06:52:23.952+0000] {logging_mixin.py:188} INFO - [2024-05-30T06:52:23.952+0000] {dag.py:3096} INFO - Sync 1 DAGs
[2024-05-30T06:52:23.973+0000] {logging_mixin.py:188} INFO - [2024-05-30T06:52:23.973+0000] {dag.py:3954} INFO - Setting next_dagrun for example_display_name to None, run_after=None
[2024-05-30T06:52:23.997+0000] {processor.py:183} INFO - Processing /home/airflow/.local/lib/python3.12/site-packages/airflow/example_dags/example_display_name.py took 0.141 seconds
[2024-05-30T06:52:54.722+0000] {processor.py:161} INFO - Started process (PID=1461) to work on /home/airflow/.local/lib/python3.12/site-packages/airflow/example_dags/example_display_name.py
[2024-05-30T06:52:54.723+0000] {processor.py:830} INFO - Processing file /home/airflow/.local/lib/python3.12/site-packages/airflow/example_dags/example_display_name.py for tasks to queue
[2024-05-30T06:52:54.725+0000] {logging_mixin.py:188} INFO - [2024-05-30T06:52:54.724+0000] {dagbag.py:545} INFO - Filling up the DagBag from /home/airflow/.local/lib/python3.12/site-packages/airflow/example_dags/example_display_name.py
[2024-05-30T06:52:54.730+0000] {processor.py:840} INFO - DAG(s) 'example_display_name' retrieved from /home/airflow/.local/lib/python3.12/site-packages/airflow/example_dags/example_display_name.py
[2024-05-30T06:52:54.748+0000] {logging_mixin.py:188} INFO - [2024-05-30T06:52:54.748+0000] {dag.py:3096} INFO - Sync 1 DAGs
[2024-05-30T06:52:54.877+0000] {logging_mixin.py:188} INFO - [2024-05-30T06:52:54.877+0000] {dag.py:3954} INFO - Setting next_dagrun for example_display_name to None, run_after=None
[2024-05-30T06:52:54.956+0000] {processor.py:183} INFO - Processing /home/airflow/.local/lib/python3.12/site-packages/airflow/example_dags/example_display_name.py took 0.240 seconds
[2024-05-30T06:53:25.191+0000] {processor.py:161} INFO - Started process (PID=1519) to work on /home/airflow/.local/lib/python3.12/site-packages/airflow/example_dags/example_display_name.py
[2024-05-30T06:53:25.192+0000] {processor.py:830} INFO - Processing file /home/airflow/.local/lib/python3.12/site-packages/airflow/example_dags/example_display_name.py for tasks to queue
[2024-05-30T06:53:25.193+0000] {logging_mixin.py:188} INFO - [2024-05-30T06:53:25.193+0000] {dagbag.py:545} INFO - Filling up the DagBag from /home/airflow/.local/lib/python3.12/site-packages/airflow/example_dags/example_display_name.py
[2024-05-30T06:53:25.198+0000] {processor.py:840} INFO - DAG(s) 'example_display_name' retrieved from /home/airflow/.local/lib/python3.12/site-packages/airflow/example_dags/example_display_name.py
[2024-05-30T06:53:25.216+0000] {logging_mixin.py:188} INFO - [2024-05-30T06:53:25.216+0000] {dag.py:3096} INFO - Sync 1 DAGs
[2024-05-30T06:53:25.345+0000] {logging_mixin.py:188} INFO - [2024-05-30T06:53:25.345+0000] {dag.py:3954} INFO - Setting next_dagrun for example_display_name to None, run_after=None
[2024-05-30T06:53:25.363+0000] {processor.py:183} INFO - Processing /home/airflow/.local/lib/python3.12/site-packages/airflow/example_dags/example_display_name.py took 0.178 seconds
[2024-05-30T06:53:55.835+0000] {processor.py:161} INFO - Started process (PID=1577) to work on /home/airflow/.local/lib/python3.12/site-packages/airflow/example_dags/example_display_name.py
[2024-05-30T06:53:55.836+0000] {processor.py:830} INFO - Processing file /home/airflow/.local/lib/python3.12/site-packages/airflow/example_dags/example_display_name.py for tasks to queue
[2024-05-30T06:53:55.837+0000] {logging_mixin.py:188} INFO - [2024-05-30T06:53:55.837+0000] {dagbag.py:545} INFO - Filling up the DagBag from /home/airflow/.local/lib/python3.12/site-packages/airflow/example_dags/example_display_name.py
[2024-05-30T06:53:55.842+0000] {processor.py:840} INFO - DAG(s) 'example_display_name' retrieved from /home/airflow/.local/lib/python3.12/site-packages/airflow/example_dags/example_display_name.py
[2024-05-30T06:53:55.859+0000] {logging_mixin.py:188} INFO - [2024-05-30T06:53:55.858+0000] {dag.py:3096} INFO - Sync 1 DAGs
[2024-05-30T06:53:55.871+0000] {logging_mixin.py:188} INFO - [2024-05-30T06:53:55.871+0000] {dag.py:3954} INFO - Setting next_dagrun for example_display_name to None, run_after=None
[2024-05-30T06:53:55.889+0000] {processor.py:183} INFO - Processing /home/airflow/.local/lib/python3.12/site-packages/airflow/example_dags/example_display_name.py took 0.060 seconds
[2024-05-30T06:54:26.886+0000] {processor.py:161} INFO - Started process (PID=1635) to work on /home/airflow/.local/lib/python3.12/site-packages/airflow/example_dags/example_display_name.py
[2024-05-30T06:54:26.887+0000] {processor.py:830} INFO - Processing file /home/airflow/.local/lib/python3.12/site-packages/airflow/example_dags/example_display_name.py for tasks to queue
[2024-05-30T06:54:26.889+0000] {logging_mixin.py:188} INFO - [2024-05-30T06:54:26.889+0000] {dagbag.py:545} INFO - Filling up the DagBag from /home/airflow/.local/lib/python3.12/site-packages/airflow/example_dags/example_display_name.py
[2024-05-30T06:54:26.904+0000] {processor.py:840} INFO - DAG(s) 'example_display_name' retrieved from /home/airflow/.local/lib/python3.12/site-packages/airflow/example_dags/example_display_name.py
[2024-05-30T06:54:26.929+0000] {logging_mixin.py:188} INFO - [2024-05-30T06:54:26.928+0000] {dag.py:3096} INFO - Sync 1 DAGs
[2024-05-30T06:54:26.952+0000] {logging_mixin.py:188} INFO - [2024-05-30T06:54:26.951+0000] {dag.py:3954} INFO - Setting next_dagrun for example_display_name to None, run_after=None
[2024-05-30T06:54:26.982+0000] {processor.py:183} INFO - Processing /home/airflow/.local/lib/python3.12/site-packages/airflow/example_dags/example_display_name.py took 0.102 seconds
[2024-05-30T06:54:57.207+0000] {processor.py:161} INFO - Started process (PID=1693) to work on /home/airflow/.local/lib/python3.12/site-packages/airflow/example_dags/example_display_name.py
[2024-05-30T06:54:57.209+0000] {processor.py:830} INFO - Processing file /home/airflow/.local/lib/python3.12/site-packages/airflow/example_dags/example_display_name.py for tasks to queue
[2024-05-30T06:54:57.211+0000] {logging_mixin.py:188} INFO - [2024-05-30T06:54:57.211+0000] {dagbag.py:545} INFO - Filling up the DagBag from /home/airflow/.local/lib/python3.12/site-packages/airflow/example_dags/example_display_name.py
[2024-05-30T06:54:57.218+0000] {processor.py:840} INFO - DAG(s) 'example_display_name' retrieved from /home/airflow/.local/lib/python3.12/site-packages/airflow/example_dags/example_display_name.py
[2024-05-30T06:54:57.239+0000] {logging_mixin.py:188} INFO - [2024-05-30T06:54:57.238+0000] {dag.py:3096} INFO - Sync 1 DAGs
[2024-05-30T06:54:57.254+0000] {logging_mixin.py:188} INFO - [2024-05-30T06:54:57.254+0000] {dag.py:3954} INFO - Setting next_dagrun for example_display_name to None, run_after=None
[2024-05-30T06:54:57.278+0000] {processor.py:183} INFO - Processing /home/airflow/.local/lib/python3.12/site-packages/airflow/example_dags/example_display_name.py took 0.077 seconds
[2024-05-30T06:55:27.412+0000] {processor.py:161} INFO - Started process (PID=1751) to work on /home/airflow/.local/lib/python3.12/site-packages/airflow/example_dags/example_display_name.py
[2024-05-30T06:55:27.413+0000] {processor.py:830} INFO - Processing file /home/airflow/.local/lib/python3.12/site-packages/airflow/example_dags/example_display_name.py for tasks to queue
[2024-05-30T06:55:27.414+0000] {logging_mixin.py:188} INFO - [2024-05-30T06:55:27.414+0000] {dagbag.py:545} INFO - Filling up the DagBag from /home/airflow/.local/lib/python3.12/site-packages/airflow/example_dags/example_display_name.py
[2024-05-30T06:55:27.419+0000] {processor.py:840} INFO - DAG(s) 'example_display_name' retrieved from /home/airflow/.local/lib/python3.12/site-packages/airflow/example_dags/example_display_name.py
[2024-05-30T06:55:27.436+0000] {logging_mixin.py:188} INFO - [2024-05-30T06:55:27.436+0000] {dag.py:3096} INFO - Sync 1 DAGs
[2024-05-30T06:55:27.448+0000] {logging_mixin.py:188} INFO - [2024-05-30T06:55:27.448+0000] {dag.py:3954} INFO - Setting next_dagrun for example_display_name to None, run_after=None
[2024-05-30T06:55:27.466+0000] {processor.py:183} INFO - Processing /home/airflow/.local/lib/python3.12/site-packages/airflow/example_dags/example_display_name.py took 0.060 seconds
[2024-05-30T06:55:57.537+0000] {processor.py:161} INFO - Started process (PID=1809) to work on /home/airflow/.local/lib/python3.12/site-packages/airflow/example_dags/example_display_name.py
[2024-05-30T06:55:57.538+0000] {processor.py:830} INFO - Processing file /home/airflow/.local/lib/python3.12/site-packages/airflow/example_dags/example_display_name.py for tasks to queue
[2024-05-30T06:55:57.540+0000] {logging_mixin.py:188} INFO - [2024-05-30T06:55:57.539+0000] {dagbag.py:545} INFO - Filling up the DagBag from /home/airflow/.local/lib/python3.12/site-packages/airflow/example_dags/example_display_name.py
[2024-05-30T06:55:57.545+0000] {processor.py:840} INFO - DAG(s) 'example_display_name' retrieved from /home/airflow/.local/lib/python3.12/site-packages/airflow/example_dags/example_display_name.py
[2024-05-30T06:55:57.563+0000] {logging_mixin.py:188} INFO - [2024-05-30T06:55:57.562+0000] {dag.py:3096} INFO - Sync 1 DAGs
[2024-05-30T06:55:57.575+0000] {logging_mixin.py:188} INFO - [2024-05-30T06:55:57.575+0000] {dag.py:3954} INFO - Setting next_dagrun for example_display_name to None, run_after=None
[2024-05-30T06:55:57.592+0000] {processor.py:183} INFO - Processing /home/airflow/.local/lib/python3.12/site-packages/airflow/example_dags/example_display_name.py took 0.060 seconds
[2024-05-30T06:56:27.679+0000] {processor.py:161} INFO - Started process (PID=1867) to work on /home/airflow/.local/lib/python3.12/site-packages/airflow/example_dags/example_display_name.py
[2024-05-30T06:56:27.680+0000] {processor.py:830} INFO - Processing file /home/airflow/.local/lib/python3.12/site-packages/airflow/example_dags/example_display_name.py for tasks to queue
[2024-05-30T06:56:27.682+0000] {logging_mixin.py:188} INFO - [2024-05-30T06:56:27.681+0000] {dagbag.py:545} INFO - Filling up the DagBag from /home/airflow/.local/lib/python3.12/site-packages/airflow/example_dags/example_display_name.py
[2024-05-30T06:56:27.686+0000] {processor.py:840} INFO - DAG(s) 'example_display_name' retrieved from /home/airflow/.local/lib/python3.12/site-packages/airflow/example_dags/example_display_name.py
[2024-05-30T06:56:27.704+0000] {logging_mixin.py:188} INFO - [2024-05-30T06:56:27.704+0000] {dag.py:3096} INFO - Sync 1 DAGs
[2024-05-30T06:56:27.717+0000] {logging_mixin.py:188} INFO - [2024-05-30T06:56:27.716+0000] {dag.py:3954} INFO - Setting next_dagrun for example_display_name to None, run_after=None
[2024-05-30T06:56:27.735+0000] {processor.py:183} INFO - Processing /home/airflow/.local/lib/python3.12/site-packages/airflow/example_dags/example_display_name.py took 0.061 seconds
[2024-05-30T06:56:58.669+0000] {processor.py:161} INFO - Started process (PID=1925) to work on /home/airflow/.local/lib/python3.12/site-packages/airflow/example_dags/example_display_name.py
[2024-05-30T06:56:58.670+0000] {processor.py:830} INFO - Processing file /home/airflow/.local/lib/python3.12/site-packages/airflow/example_dags/example_display_name.py for tasks to queue
[2024-05-30T06:56:58.672+0000] {logging_mixin.py:188} INFO - [2024-05-30T06:56:58.672+0000] {dagbag.py:545} INFO - Filling up the DagBag from /home/airflow/.local/lib/python3.12/site-packages/airflow/example_dags/example_display_name.py
[2024-05-30T06:56:58.678+0000] {processor.py:840} INFO - DAG(s) 'example_display_name' retrieved from /home/airflow/.local/lib/python3.12/site-packages/airflow/example_dags/example_display_name.py
[2024-05-30T06:56:58.696+0000] {logging_mixin.py:188} INFO - [2024-05-30T06:56:58.695+0000] {dag.py:3096} INFO - Sync 1 DAGs
[2024-05-30T06:56:58.708+0000] {logging_mixin.py:188} INFO - [2024-05-30T06:56:58.708+0000] {dag.py:3954} INFO - Setting next_dagrun for example_display_name to None, run_after=None
[2024-05-30T06:56:58.725+0000] {processor.py:183} INFO - Processing /home/airflow/.local/lib/python3.12/site-packages/airflow/example_dags/example_display_name.py took 0.061 seconds
[2024-05-30T06:57:29.215+0000] {processor.py:161} INFO - Started process (PID=1983) to work on /home/airflow/.local/lib/python3.12/site-packages/airflow/example_dags/example_display_name.py
[2024-05-30T06:57:29.215+0000] {processor.py:830} INFO - Processing file /home/airflow/.local/lib/python3.12/site-packages/airflow/example_dags/example_display_name.py for tasks to queue
[2024-05-30T06:57:29.217+0000] {logging_mixin.py:188} INFO - [2024-05-30T06:57:29.217+0000] {dagbag.py:545} INFO - Filling up the DagBag from /home/airflow/.local/lib/python3.12/site-packages/airflow/example_dags/example_display_name.py
[2024-05-30T06:57:29.222+0000] {processor.py:840} INFO - DAG(s) 'example_display_name' retrieved from /home/airflow/.local/lib/python3.12/site-packages/airflow/example_dags/example_display_name.py
[2024-05-30T06:57:29.238+0000] {logging_mixin.py:188} INFO - [2024-05-30T06:57:29.238+0000] {dag.py:3096} INFO - Sync 1 DAGs
[2024-05-30T06:57:29.250+0000] {logging_mixin.py:188} INFO - [2024-05-30T06:57:29.250+0000] {dag.py:3954} INFO - Setting next_dagrun for example_display_name to None, run_after=None
[2024-05-30T06:57:29.267+0000] {processor.py:183} INFO - Processing /home/airflow/.local/lib/python3.12/site-packages/airflow/example_dags/example_display_name.py took 0.058 seconds
[2024-05-30T06:57:59.731+0000] {processor.py:161} INFO - Started process (PID=2041) to work on /home/airflow/.local/lib/python3.12/site-packages/airflow/example_dags/example_display_name.py
[2024-05-30T06:57:59.732+0000] {processor.py:830} INFO - Processing file /home/airflow/.local/lib/python3.12/site-packages/airflow/example_dags/example_display_name.py for tasks to queue
[2024-05-30T06:57:59.734+0000] {logging_mixin.py:188} INFO - [2024-05-30T06:57:59.733+0000] {dagbag.py:545} INFO - Filling up the DagBag from /home/airflow/.local/lib/python3.12/site-packages/airflow/example_dags/example_display_name.py
[2024-05-30T06:57:59.739+0000] {processor.py:840} INFO - DAG(s) 'example_display_name' retrieved from /home/airflow/.local/lib/python3.12/site-packages/airflow/example_dags/example_display_name.py
[2024-05-30T06:57:59.756+0000] {logging_mixin.py:188} INFO - [2024-05-30T06:57:59.756+0000] {dag.py:3096} INFO - Sync 1 DAGs
[2024-05-30T06:57:59.769+0000] {logging_mixin.py:188} INFO - [2024-05-30T06:57:59.768+0000] {dag.py:3954} INFO - Setting next_dagrun for example_display_name to None, run_after=None
[2024-05-30T06:57:59.786+0000] {processor.py:183} INFO - Processing /home/airflow/.local/lib/python3.12/site-packages/airflow/example_dags/example_display_name.py took 0.060 seconds
[2024-05-30T06:58:30.449+0000] {processor.py:161} INFO - Started process (PID=2099) to work on /home/airflow/.local/lib/python3.12/site-packages/airflow/example_dags/example_display_name.py
[2024-05-30T06:58:30.450+0000] {processor.py:830} INFO - Processing file /home/airflow/.local/lib/python3.12/site-packages/airflow/example_dags/example_display_name.py for tasks to queue
[2024-05-30T06:58:30.452+0000] {logging_mixin.py:188} INFO - [2024-05-30T06:58:30.451+0000] {dagbag.py:545} INFO - Filling up the DagBag from /home/airflow/.local/lib/python3.12/site-packages/airflow/example_dags/example_display_name.py
[2024-05-30T06:58:30.457+0000] {processor.py:840} INFO - DAG(s) 'example_display_name' retrieved from /home/airflow/.local/lib/python3.12/site-packages/airflow/example_dags/example_display_name.py
[2024-05-30T06:58:30.474+0000] {logging_mixin.py:188} INFO - [2024-05-30T06:58:30.474+0000] {dag.py:3096} INFO - Sync 1 DAGs
[2024-05-30T06:58:30.488+0000] {logging_mixin.py:188} INFO - [2024-05-30T06:58:30.488+0000] {dag.py:3954} INFO - Setting next_dagrun for example_display_name to None, run_after=None
[2024-05-30T06:58:30.507+0000] {processor.py:183} INFO - Processing /home/airflow/.local/lib/python3.12/site-packages/airflow/example_dags/example_display_name.py took 0.064 seconds
[2024-05-30T06:59:01.035+0000] {processor.py:161} INFO - Started process (PID=2157) to work on /home/airflow/.local/lib/python3.12/site-packages/airflow/example_dags/example_display_name.py
[2024-05-30T06:59:01.036+0000] {processor.py:830} INFO - Processing file /home/airflow/.local/lib/python3.12/site-packages/airflow/example_dags/example_display_name.py for tasks to queue
[2024-05-30T06:59:01.037+0000] {logging_mixin.py:188} INFO - [2024-05-30T06:59:01.037+0000] {dagbag.py:545} INFO - Filling up the DagBag from /home/airflow/.local/lib/python3.12/site-packages/airflow/example_dags/example_display_name.py
[2024-05-30T06:59:01.042+0000] {processor.py:840} INFO - DAG(s) 'example_display_name' retrieved from /home/airflow/.local/lib/python3.12/site-packages/airflow/example_dags/example_display_name.py
[2024-05-30T06:59:01.060+0000] {logging_mixin.py:188} INFO - [2024-05-30T06:59:01.060+0000] {dag.py:3096} INFO - Sync 1 DAGs
[2024-05-30T06:59:01.073+0000] {logging_mixin.py:188} INFO - [2024-05-30T06:59:01.072+0000] {dag.py:3954} INFO - Setting next_dagrun for example_display_name to None, run_after=None
[2024-05-30T06:59:01.089+0000] {processor.py:183} INFO - Processing /home/airflow/.local/lib/python3.12/site-packages/airflow/example_dags/example_display_name.py took 0.060 seconds
[2024-05-30T06:59:31.475+0000] {processor.py:161} INFO - Started process (PID=2215) to work on /home/airflow/.local/lib/python3.12/site-packages/airflow/example_dags/example_display_name.py
[2024-05-30T06:59:31.476+0000] {processor.py:830} INFO - Processing file /home/airflow/.local/lib/python3.12/site-packages/airflow/example_dags/example_display_name.py for tasks to queue
[2024-05-30T06:59:31.478+0000] {logging_mixin.py:188} INFO - [2024-05-30T06:59:31.477+0000] {dagbag.py:545} INFO - Filling up the DagBag from /home/airflow/.local/lib/python3.12/site-packages/airflow/example_dags/example_display_name.py
[2024-05-30T06:59:31.482+0000] {processor.py:840} INFO - DAG(s) 'example_display_name' retrieved from /home/airflow/.local/lib/python3.12/site-packages/airflow/example_dags/example_display_name.py
[2024-05-30T06:59:31.499+0000] {logging_mixin.py:188} INFO - [2024-05-30T06:59:31.499+0000] {dag.py:3096} INFO - Sync 1 DAGs
[2024-05-30T06:59:31.512+0000] {logging_mixin.py:188} INFO - [2024-05-30T06:59:31.512+0000] {dag.py:3954} INFO - Setting next_dagrun for example_display_name to None, run_after=None
[2024-05-30T06:59:31.528+0000] {processor.py:183} INFO - Processing /home/airflow/.local/lib/python3.12/site-packages/airflow/example_dags/example_display_name.py took 0.058 seconds
[2024-05-30T07:00:01.989+0000] {processor.py:161} INFO - Started process (PID=2273) to work on /home/airflow/.local/lib/python3.12/site-packages/airflow/example_dags/example_display_name.py
[2024-05-30T07:00:01.990+0000] {processor.py:830} INFO - Processing file /home/airflow/.local/lib/python3.12/site-packages/airflow/example_dags/example_display_name.py for tasks to queue
[2024-05-30T07:00:01.991+0000] {logging_mixin.py:188} INFO - [2024-05-30T07:00:01.991+0000] {dagbag.py:545} INFO - Filling up the DagBag from /home/airflow/.local/lib/python3.12/site-packages/airflow/example_dags/example_display_name.py
[2024-05-30T07:00:01.997+0000] {processor.py:840} INFO - DAG(s) 'example_display_name' retrieved from /home/airflow/.local/lib/python3.12/site-packages/airflow/example_dags/example_display_name.py
[2024-05-30T07:00:02.015+0000] {logging_mixin.py:188} INFO - [2024-05-30T07:00:02.014+0000] {dag.py:3096} INFO - Sync 1 DAGs
[2024-05-30T07:00:02.027+0000] {logging_mixin.py:188} INFO - [2024-05-30T07:00:02.027+0000] {dag.py:3954} INFO - Setting next_dagrun for example_display_name to None, run_after=None
[2024-05-30T07:00:02.043+0000] {processor.py:183} INFO - Processing /home/airflow/.local/lib/python3.12/site-packages/airflow/example_dags/example_display_name.py took 0.060 seconds
[2024-05-30T07:00:32.607+0000] {processor.py:161} INFO - Started process (PID=2331) to work on /home/airflow/.local/lib/python3.12/site-packages/airflow/example_dags/example_display_name.py
[2024-05-30T07:00:32.608+0000] {processor.py:830} INFO - Processing file /home/airflow/.local/lib/python3.12/site-packages/airflow/example_dags/example_display_name.py for tasks to queue
[2024-05-30T07:00:32.610+0000] {logging_mixin.py:188} INFO - [2024-05-30T07:00:32.609+0000] {dagbag.py:545} INFO - Filling up the DagBag from /home/airflow/.local/lib/python3.12/site-packages/airflow/example_dags/example_display_name.py
[2024-05-30T07:00:32.614+0000] {processor.py:840} INFO - DAG(s) 'example_display_name' retrieved from /home/airflow/.local/lib/python3.12/site-packages/airflow/example_dags/example_display_name.py
[2024-05-30T07:00:32.632+0000] {logging_mixin.py:188} INFO - [2024-05-30T07:00:32.631+0000] {dag.py:3096} INFO - Sync 1 DAGs
[2024-05-30T07:00:32.644+0000] {logging_mixin.py:188} INFO - [2024-05-30T07:00:32.643+0000] {dag.py:3954} INFO - Setting next_dagrun for example_display_name to None, run_after=None
[2024-05-30T07:00:32.662+0000] {processor.py:183} INFO - Processing /home/airflow/.local/lib/python3.12/site-packages/airflow/example_dags/example_display_name.py took 0.060 seconds
[2024-05-30T07:01:03.167+0000] {processor.py:161} INFO - Started process (PID=2389) to work on /home/airflow/.local/lib/python3.12/site-packages/airflow/example_dags/example_display_name.py
[2024-05-30T07:01:03.168+0000] {processor.py:830} INFO - Processing file /home/airflow/.local/lib/python3.12/site-packages/airflow/example_dags/example_display_name.py for tasks to queue
[2024-05-30T07:01:03.169+0000] {logging_mixin.py:188} INFO - [2024-05-30T07:01:03.169+0000] {dagbag.py:545} INFO - Filling up the DagBag from /home/airflow/.local/lib/python3.12/site-packages/airflow/example_dags/example_display_name.py
[2024-05-30T07:01:03.174+0000] {processor.py:840} INFO - DAG(s) 'example_display_name' retrieved from /home/airflow/.local/lib/python3.12/site-packages/airflow/example_dags/example_display_name.py
[2024-05-30T07:01:03.192+0000] {logging_mixin.py:188} INFO - [2024-05-30T07:01:03.192+0000] {dag.py:3096} INFO - Sync 1 DAGs
[2024-05-30T07:01:03.205+0000] {logging_mixin.py:188} INFO - [2024-05-30T07:01:03.204+0000] {dag.py:3954} INFO - Setting next_dagrun for example_display_name to None, run_after=None
[2024-05-30T07:01:03.222+0000] {processor.py:183} INFO - Processing /home/airflow/.local/lib/python3.12/site-packages/airflow/example_dags/example_display_name.py took 0.061 seconds
