[2024-05-30T06:40:39.871+0000] {processor.py:161} INFO - Started process (PID=52) to work on /home/airflow/.local/lib/python3.12/site-packages/airflow/example_dags/tutorial.py
[2024-05-30T06:40:39.872+0000] {processor.py:830} INFO - Processing file /home/airflow/.local/lib/python3.12/site-packages/airflow/example_dags/tutorial.py for tasks to queue
[2024-05-30T06:40:39.874+0000] {logging_mixin.py:188} INFO - [2024-05-30T06:40:39.874+0000] {dagbag.py:545} INFO - Filling up the DagBag from /home/airflow/.local/lib/python3.12/site-packages/airflow/example_dags/tutorial.py
[2024-05-30T06:40:39.883+0000] {processor.py:840} INFO - DAG(s) 'tutorial' retrieved from /home/airflow/.local/lib/python3.12/site-packages/airflow/example_dags/tutorial.py
[2024-05-30T06:40:39.904+0000] {logging_mixin.py:188} INFO - [2024-05-30T06:40:39.904+0000] {dag.py:3096} INFO - Sync 1 DAGs
[2024-05-30T06:40:39.927+0000] {logging_mixin.py:188} INFO - [2024-05-30T06:40:39.926+0000] {dag.py:3954} INFO - Setting next_dagrun for tutorial to 2024-05-29 00:00:00+00:00, run_after=2024-05-30 00:00:00+00:00
[2024-05-30T06:40:39.943+0000] {processor.py:183} INFO - Processing /home/airflow/.local/lib/python3.12/site-packages/airflow/example_dags/tutorial.py took 0.076 seconds
[2024-05-30T06:41:11.560+0000] {processor.py:161} INFO - Started process (PID=110) to work on /home/airflow/.local/lib/python3.12/site-packages/airflow/example_dags/tutorial.py
[2024-05-30T06:41:11.561+0000] {processor.py:830} INFO - Processing file /home/airflow/.local/lib/python3.12/site-packages/airflow/example_dags/tutorial.py for tasks to queue
[2024-05-30T06:41:11.565+0000] {logging_mixin.py:188} INFO - [2024-05-30T06:41:11.564+0000] {dagbag.py:545} INFO - Filling up the DagBag from /home/airflow/.local/lib/python3.12/site-packages/airflow/example_dags/tutorial.py
[2024-05-30T06:41:11.573+0000] {processor.py:840} INFO - DAG(s) 'tutorial' retrieved from /home/airflow/.local/lib/python3.12/site-packages/airflow/example_dags/tutorial.py
[2024-05-30T06:41:11.743+0000] {logging_mixin.py:188} INFO - [2024-05-30T06:41:11.742+0000] {dag.py:3096} INFO - Sync 1 DAGs
[2024-05-30T06:41:11.795+0000] {logging_mixin.py:188} INFO - [2024-05-30T06:41:11.794+0000] {dag.py:3954} INFO - Setting next_dagrun for tutorial to 2024-05-29 00:00:00+00:00, run_after=2024-05-30 00:00:00+00:00
[2024-05-30T06:41:11.821+0000] {processor.py:183} INFO - Processing /home/airflow/.local/lib/python3.12/site-packages/airflow/example_dags/tutorial.py took 0.268 seconds
[2024-05-30T06:41:42.290+0000] {processor.py:161} INFO - Started process (PID=168) to work on /home/airflow/.local/lib/python3.12/site-packages/airflow/example_dags/tutorial.py
[2024-05-30T06:41:42.291+0000] {processor.py:830} INFO - Processing file /home/airflow/.local/lib/python3.12/site-packages/airflow/example_dags/tutorial.py for tasks to queue
[2024-05-30T06:41:42.293+0000] {logging_mixin.py:188} INFO - [2024-05-30T06:41:42.293+0000] {dagbag.py:545} INFO - Filling up the DagBag from /home/airflow/.local/lib/python3.12/site-packages/airflow/example_dags/tutorial.py
[2024-05-30T06:41:42.298+0000] {processor.py:840} INFO - DAG(s) 'tutorial' retrieved from /home/airflow/.local/lib/python3.12/site-packages/airflow/example_dags/tutorial.py
[2024-05-30T06:41:42.316+0000] {logging_mixin.py:188} INFO - [2024-05-30T06:41:42.316+0000] {dag.py:3096} INFO - Sync 1 DAGs
[2024-05-30T06:41:42.336+0000] {logging_mixin.py:188} INFO - [2024-05-30T06:41:42.336+0000] {dag.py:3954} INFO - Setting next_dagrun for tutorial to 2024-05-29 00:00:00+00:00, run_after=2024-05-30 00:00:00+00:00
[2024-05-30T06:41:42.353+0000] {processor.py:183} INFO - Processing /home/airflow/.local/lib/python3.12/site-packages/airflow/example_dags/tutorial.py took 0.068 seconds
[2024-05-30T06:42:12.995+0000] {processor.py:161} INFO - Started process (PID=226) to work on /home/airflow/.local/lib/python3.12/site-packages/airflow/example_dags/tutorial.py
[2024-05-30T06:42:12.996+0000] {processor.py:830} INFO - Processing file /home/airflow/.local/lib/python3.12/site-packages/airflow/example_dags/tutorial.py for tasks to queue
[2024-05-30T06:42:12.998+0000] {logging_mixin.py:188} INFO - [2024-05-30T06:42:12.998+0000] {dagbag.py:545} INFO - Filling up the DagBag from /home/airflow/.local/lib/python3.12/site-packages/airflow/example_dags/tutorial.py
[2024-05-30T06:42:13.003+0000] {processor.py:840} INFO - DAG(s) 'tutorial' retrieved from /home/airflow/.local/lib/python3.12/site-packages/airflow/example_dags/tutorial.py
[2024-05-30T06:42:13.020+0000] {logging_mixin.py:188} INFO - [2024-05-30T06:42:13.019+0000] {dag.py:3096} INFO - Sync 1 DAGs
[2024-05-30T06:42:13.040+0000] {logging_mixin.py:188} INFO - [2024-05-30T06:42:13.040+0000] {dag.py:3954} INFO - Setting next_dagrun for tutorial to 2024-05-29 00:00:00+00:00, run_after=2024-05-30 00:00:00+00:00
[2024-05-30T06:42:13.057+0000] {processor.py:183} INFO - Processing /home/airflow/.local/lib/python3.12/site-packages/airflow/example_dags/tutorial.py took 0.067 seconds
[2024-05-30T06:42:43.307+0000] {processor.py:161} INFO - Started process (PID=284) to work on /home/airflow/.local/lib/python3.12/site-packages/airflow/example_dags/tutorial.py
[2024-05-30T06:42:43.308+0000] {processor.py:830} INFO - Processing file /home/airflow/.local/lib/python3.12/site-packages/airflow/example_dags/tutorial.py for tasks to queue
[2024-05-30T06:42:43.310+0000] {logging_mixin.py:188} INFO - [2024-05-30T06:42:43.310+0000] {dagbag.py:545} INFO - Filling up the DagBag from /home/airflow/.local/lib/python3.12/site-packages/airflow/example_dags/tutorial.py
[2024-05-30T06:42:43.316+0000] {processor.py:840} INFO - DAG(s) 'tutorial' retrieved from /home/airflow/.local/lib/python3.12/site-packages/airflow/example_dags/tutorial.py
[2024-05-30T06:42:43.341+0000] {logging_mixin.py:188} INFO - [2024-05-30T06:42:43.341+0000] {dag.py:3096} INFO - Sync 1 DAGs
[2024-05-30T06:42:43.369+0000] {logging_mixin.py:188} INFO - [2024-05-30T06:42:43.369+0000] {dag.py:3954} INFO - Setting next_dagrun for tutorial to 2024-05-29 00:00:00+00:00, run_after=2024-05-30 00:00:00+00:00
[2024-05-30T06:42:43.392+0000] {processor.py:183} INFO - Processing /home/airflow/.local/lib/python3.12/site-packages/airflow/example_dags/tutorial.py took 0.091 seconds
[2024-05-30T06:43:13.450+0000] {processor.py:161} INFO - Started process (PID=342) to work on /home/airflow/.local/lib/python3.12/site-packages/airflow/example_dags/tutorial.py
[2024-05-30T06:43:13.451+0000] {processor.py:830} INFO - Processing file /home/airflow/.local/lib/python3.12/site-packages/airflow/example_dags/tutorial.py for tasks to queue
[2024-05-30T06:43:13.453+0000] {logging_mixin.py:188} INFO - [2024-05-30T06:43:13.453+0000] {dagbag.py:545} INFO - Filling up the DagBag from /home/airflow/.local/lib/python3.12/site-packages/airflow/example_dags/tutorial.py
[2024-05-30T06:43:13.458+0000] {processor.py:840} INFO - DAG(s) 'tutorial' retrieved from /home/airflow/.local/lib/python3.12/site-packages/airflow/example_dags/tutorial.py
[2024-05-30T06:43:13.476+0000] {logging_mixin.py:188} INFO - [2024-05-30T06:43:13.476+0000] {dag.py:3096} INFO - Sync 1 DAGs
[2024-05-30T06:43:13.498+0000] {logging_mixin.py:188} INFO - [2024-05-30T06:43:13.498+0000] {dag.py:3954} INFO - Setting next_dagrun for tutorial to 2024-05-29 00:00:00+00:00, run_after=2024-05-30 00:00:00+00:00
[2024-05-30T06:43:13.514+0000] {processor.py:183} INFO - Processing /home/airflow/.local/lib/python3.12/site-packages/airflow/example_dags/tutorial.py took 0.070 seconds
[2024-05-30T06:43:43.723+0000] {processor.py:161} INFO - Started process (PID=400) to work on /home/airflow/.local/lib/python3.12/site-packages/airflow/example_dags/tutorial.py
[2024-05-30T06:43:43.723+0000] {processor.py:830} INFO - Processing file /home/airflow/.local/lib/python3.12/site-packages/airflow/example_dags/tutorial.py for tasks to queue
[2024-05-30T06:43:43.725+0000] {logging_mixin.py:188} INFO - [2024-05-30T06:43:43.725+0000] {dagbag.py:545} INFO - Filling up the DagBag from /home/airflow/.local/lib/python3.12/site-packages/airflow/example_dags/tutorial.py
[2024-05-30T06:43:43.730+0000] {processor.py:840} INFO - DAG(s) 'tutorial' retrieved from /home/airflow/.local/lib/python3.12/site-packages/airflow/example_dags/tutorial.py
[2024-05-30T06:43:43.747+0000] {logging_mixin.py:188} INFO - [2024-05-30T06:43:43.746+0000] {dag.py:3096} INFO - Sync 1 DAGs
[2024-05-30T06:43:43.766+0000] {logging_mixin.py:188} INFO - [2024-05-30T06:43:43.766+0000] {dag.py:3954} INFO - Setting next_dagrun for tutorial to 2024-05-29 00:00:00+00:00, run_after=2024-05-30 00:00:00+00:00
[2024-05-30T06:43:43.783+0000] {processor.py:183} INFO - Processing /home/airflow/.local/lib/python3.12/site-packages/airflow/example_dags/tutorial.py took 0.065 seconds
[2024-05-30T06:44:14.528+0000] {processor.py:161} INFO - Started process (PID=458) to work on /home/airflow/.local/lib/python3.12/site-packages/airflow/example_dags/tutorial.py
[2024-05-30T06:44:14.529+0000] {processor.py:830} INFO - Processing file /home/airflow/.local/lib/python3.12/site-packages/airflow/example_dags/tutorial.py for tasks to queue
[2024-05-30T06:44:14.531+0000] {logging_mixin.py:188} INFO - [2024-05-30T06:44:14.531+0000] {dagbag.py:545} INFO - Filling up the DagBag from /home/airflow/.local/lib/python3.12/site-packages/airflow/example_dags/tutorial.py
[2024-05-30T06:44:14.536+0000] {processor.py:840} INFO - DAG(s) 'tutorial' retrieved from /home/airflow/.local/lib/python3.12/site-packages/airflow/example_dags/tutorial.py
[2024-05-30T06:44:14.554+0000] {logging_mixin.py:188} INFO - [2024-05-30T06:44:14.554+0000] {dag.py:3096} INFO - Sync 1 DAGs
[2024-05-30T06:44:14.575+0000] {logging_mixin.py:188} INFO - [2024-05-30T06:44:14.575+0000] {dag.py:3954} INFO - Setting next_dagrun for tutorial to 2024-05-29 00:00:00+00:00, run_after=2024-05-30 00:00:00+00:00
[2024-05-30T06:44:14.593+0000] {processor.py:183} INFO - Processing /home/airflow/.local/lib/python3.12/site-packages/airflow/example_dags/tutorial.py took 0.070 seconds
[2024-05-30T06:44:44.652+0000] {processor.py:161} INFO - Started process (PID=516) to work on /home/airflow/.local/lib/python3.12/site-packages/airflow/example_dags/tutorial.py
[2024-05-30T06:44:44.653+0000] {processor.py:830} INFO - Processing file /home/airflow/.local/lib/python3.12/site-packages/airflow/example_dags/tutorial.py for tasks to queue
[2024-05-30T06:44:44.655+0000] {logging_mixin.py:188} INFO - [2024-05-30T06:44:44.655+0000] {dagbag.py:545} INFO - Filling up the DagBag from /home/airflow/.local/lib/python3.12/site-packages/airflow/example_dags/tutorial.py
[2024-05-30T06:44:44.660+0000] {processor.py:840} INFO - DAG(s) 'tutorial' retrieved from /home/airflow/.local/lib/python3.12/site-packages/airflow/example_dags/tutorial.py
[2024-05-30T06:44:44.678+0000] {logging_mixin.py:188} INFO - [2024-05-30T06:44:44.678+0000] {dag.py:3096} INFO - Sync 1 DAGs
[2024-05-30T06:44:44.698+0000] {logging_mixin.py:188} INFO - [2024-05-30T06:44:44.698+0000] {dag.py:3954} INFO - Setting next_dagrun for tutorial to 2024-05-29 00:00:00+00:00, run_after=2024-05-30 00:00:00+00:00
[2024-05-30T06:44:44.715+0000] {processor.py:183} INFO - Processing /home/airflow/.local/lib/python3.12/site-packages/airflow/example_dags/tutorial.py took 0.068 seconds
[2024-05-30T06:45:15.015+0000] {processor.py:161} INFO - Started process (PID=574) to work on /home/airflow/.local/lib/python3.12/site-packages/airflow/example_dags/tutorial.py
[2024-05-30T06:45:15.016+0000] {processor.py:830} INFO - Processing file /home/airflow/.local/lib/python3.12/site-packages/airflow/example_dags/tutorial.py for tasks to queue
[2024-05-30T06:45:15.018+0000] {logging_mixin.py:188} INFO - [2024-05-30T06:45:15.017+0000] {dagbag.py:545} INFO - Filling up the DagBag from /home/airflow/.local/lib/python3.12/site-packages/airflow/example_dags/tutorial.py
[2024-05-30T06:45:15.023+0000] {processor.py:840} INFO - DAG(s) 'tutorial' retrieved from /home/airflow/.local/lib/python3.12/site-packages/airflow/example_dags/tutorial.py
[2024-05-30T06:45:15.042+0000] {logging_mixin.py:188} INFO - [2024-05-30T06:45:15.042+0000] {dag.py:3096} INFO - Sync 1 DAGs
[2024-05-30T06:45:15.065+0000] {logging_mixin.py:188} INFO - [2024-05-30T06:45:15.065+0000] {dag.py:3954} INFO - Setting next_dagrun for tutorial to 2024-05-29 00:00:00+00:00, run_after=2024-05-30 00:00:00+00:00
[2024-05-30T06:45:15.084+0000] {processor.py:183} INFO - Processing /home/airflow/.local/lib/python3.12/site-packages/airflow/example_dags/tutorial.py took 0.074 seconds
[2024-05-30T06:45:45.360+0000] {processor.py:161} INFO - Started process (PID=632) to work on /home/airflow/.local/lib/python3.12/site-packages/airflow/example_dags/tutorial.py
[2024-05-30T06:45:45.361+0000] {processor.py:830} INFO - Processing file /home/airflow/.local/lib/python3.12/site-packages/airflow/example_dags/tutorial.py for tasks to queue
[2024-05-30T06:45:45.363+0000] {logging_mixin.py:188} INFO - [2024-05-30T06:45:45.362+0000] {dagbag.py:545} INFO - Filling up the DagBag from /home/airflow/.local/lib/python3.12/site-packages/airflow/example_dags/tutorial.py
[2024-05-30T06:45:45.369+0000] {processor.py:840} INFO - DAG(s) 'tutorial' retrieved from /home/airflow/.local/lib/python3.12/site-packages/airflow/example_dags/tutorial.py
[2024-05-30T06:45:45.387+0000] {logging_mixin.py:188} INFO - [2024-05-30T06:45:45.387+0000] {dag.py:3096} INFO - Sync 1 DAGs
[2024-05-30T06:45:45.411+0000] {logging_mixin.py:188} INFO - [2024-05-30T06:45:45.411+0000] {dag.py:3954} INFO - Setting next_dagrun for tutorial to 2024-05-29 00:00:00+00:00, run_after=2024-05-30 00:00:00+00:00
[2024-05-30T06:45:45.430+0000] {processor.py:183} INFO - Processing /home/airflow/.local/lib/python3.12/site-packages/airflow/example_dags/tutorial.py took 0.077 seconds
[2024-05-30T06:46:15.472+0000] {processor.py:161} INFO - Started process (PID=690) to work on /home/airflow/.local/lib/python3.12/site-packages/airflow/example_dags/tutorial.py
[2024-05-30T06:46:15.473+0000] {processor.py:830} INFO - Processing file /home/airflow/.local/lib/python3.12/site-packages/airflow/example_dags/tutorial.py for tasks to queue
[2024-05-30T06:46:15.474+0000] {logging_mixin.py:188} INFO - [2024-05-30T06:46:15.474+0000] {dagbag.py:545} INFO - Filling up the DagBag from /home/airflow/.local/lib/python3.12/site-packages/airflow/example_dags/tutorial.py
[2024-05-30T06:46:15.481+0000] {processor.py:840} INFO - DAG(s) 'tutorial' retrieved from /home/airflow/.local/lib/python3.12/site-packages/airflow/example_dags/tutorial.py
[2024-05-30T06:46:15.500+0000] {logging_mixin.py:188} INFO - [2024-05-30T06:46:15.500+0000] {dag.py:3096} INFO - Sync 1 DAGs
[2024-05-30T06:46:15.530+0000] {logging_mixin.py:188} INFO - [2024-05-30T06:46:15.530+0000] {dag.py:3954} INFO - Setting next_dagrun for tutorial to 2024-05-29 00:00:00+00:00, run_after=2024-05-30 00:00:00+00:00
[2024-05-30T06:46:15.552+0000] {processor.py:183} INFO - Processing /home/airflow/.local/lib/python3.12/site-packages/airflow/example_dags/tutorial.py took 0.085 seconds
[2024-05-30T06:46:45.997+0000] {processor.py:161} INFO - Started process (PID=748) to work on /home/airflow/.local/lib/python3.12/site-packages/airflow/example_dags/tutorial.py
[2024-05-30T06:46:45.998+0000] {processor.py:830} INFO - Processing file /home/airflow/.local/lib/python3.12/site-packages/airflow/example_dags/tutorial.py for tasks to queue
[2024-05-30T06:46:46.000+0000] {logging_mixin.py:188} INFO - [2024-05-30T06:46:46.000+0000] {dagbag.py:545} INFO - Filling up the DagBag from /home/airflow/.local/lib/python3.12/site-packages/airflow/example_dags/tutorial.py
[2024-05-30T06:46:46.005+0000] {processor.py:840} INFO - DAG(s) 'tutorial' retrieved from /home/airflow/.local/lib/python3.12/site-packages/airflow/example_dags/tutorial.py
[2024-05-30T06:46:46.026+0000] {logging_mixin.py:188} INFO - [2024-05-30T06:46:46.025+0000] {dag.py:3096} INFO - Sync 1 DAGs
[2024-05-30T06:46:46.047+0000] {logging_mixin.py:188} INFO - [2024-05-30T06:46:46.046+0000] {dag.py:3954} INFO - Setting next_dagrun for tutorial to 2024-05-29 00:00:00+00:00, run_after=2024-05-30 00:00:00+00:00
[2024-05-30T06:46:46.065+0000] {processor.py:183} INFO - Processing /home/airflow/.local/lib/python3.12/site-packages/airflow/example_dags/tutorial.py took 0.073 seconds
[2024-05-30T06:47:16.894+0000] {processor.py:161} INFO - Started process (PID=806) to work on /home/airflow/.local/lib/python3.12/site-packages/airflow/example_dags/tutorial.py
[2024-05-30T06:47:16.895+0000] {processor.py:830} INFO - Processing file /home/airflow/.local/lib/python3.12/site-packages/airflow/example_dags/tutorial.py for tasks to queue
[2024-05-30T06:47:16.897+0000] {logging_mixin.py:188} INFO - [2024-05-30T06:47:16.897+0000] {dagbag.py:545} INFO - Filling up the DagBag from /home/airflow/.local/lib/python3.12/site-packages/airflow/example_dags/tutorial.py
[2024-05-30T06:47:16.902+0000] {processor.py:840} INFO - DAG(s) 'tutorial' retrieved from /home/airflow/.local/lib/python3.12/site-packages/airflow/example_dags/tutorial.py
[2024-05-30T06:47:16.919+0000] {logging_mixin.py:188} INFO - [2024-05-30T06:47:16.919+0000] {dag.py:3096} INFO - Sync 1 DAGs
[2024-05-30T06:47:16.939+0000] {logging_mixin.py:188} INFO - [2024-05-30T06:47:16.939+0000] {dag.py:3954} INFO - Setting next_dagrun for tutorial to 2024-05-29 00:00:00+00:00, run_after=2024-05-30 00:00:00+00:00
[2024-05-30T06:47:16.957+0000] {processor.py:183} INFO - Processing /home/airflow/.local/lib/python3.12/site-packages/airflow/example_dags/tutorial.py took 0.068 seconds
[2024-05-30T06:47:47.078+0000] {processor.py:161} INFO - Started process (PID=864) to work on /home/airflow/.local/lib/python3.12/site-packages/airflow/example_dags/tutorial.py
[2024-05-30T06:47:47.078+0000] {processor.py:830} INFO - Processing file /home/airflow/.local/lib/python3.12/site-packages/airflow/example_dags/tutorial.py for tasks to queue
[2024-05-30T06:47:47.080+0000] {logging_mixin.py:188} INFO - [2024-05-30T06:47:47.080+0000] {dagbag.py:545} INFO - Filling up the DagBag from /home/airflow/.local/lib/python3.12/site-packages/airflow/example_dags/tutorial.py
[2024-05-30T06:47:47.085+0000] {processor.py:840} INFO - DAG(s) 'tutorial' retrieved from /home/airflow/.local/lib/python3.12/site-packages/airflow/example_dags/tutorial.py
[2024-05-30T06:47:47.103+0000] {logging_mixin.py:188} INFO - [2024-05-30T06:47:47.103+0000] {dag.py:3096} INFO - Sync 1 DAGs
[2024-05-30T06:47:47.123+0000] {logging_mixin.py:188} INFO - [2024-05-30T06:47:47.123+0000] {dag.py:3954} INFO - Setting next_dagrun for tutorial to 2024-05-29 00:00:00+00:00, run_after=2024-05-30 00:00:00+00:00
[2024-05-30T06:47:47.140+0000] {processor.py:183} INFO - Processing /home/airflow/.local/lib/python3.12/site-packages/airflow/example_dags/tutorial.py took 0.067 seconds
[2024-05-30T06:48:17.283+0000] {processor.py:161} INFO - Started process (PID=922) to work on /home/airflow/.local/lib/python3.12/site-packages/airflow/example_dags/tutorial.py
[2024-05-30T06:48:17.284+0000] {processor.py:830} INFO - Processing file /home/airflow/.local/lib/python3.12/site-packages/airflow/example_dags/tutorial.py for tasks to queue
[2024-05-30T06:48:17.285+0000] {logging_mixin.py:188} INFO - [2024-05-30T06:48:17.285+0000] {dagbag.py:545} INFO - Filling up the DagBag from /home/airflow/.local/lib/python3.12/site-packages/airflow/example_dags/tutorial.py
[2024-05-30T06:48:17.291+0000] {processor.py:840} INFO - DAG(s) 'tutorial' retrieved from /home/airflow/.local/lib/python3.12/site-packages/airflow/example_dags/tutorial.py
[2024-05-30T06:48:17.308+0000] {logging_mixin.py:188} INFO - [2024-05-30T06:48:17.308+0000] {dag.py:3096} INFO - Sync 1 DAGs
[2024-05-30T06:48:17.329+0000] {logging_mixin.py:188} INFO - [2024-05-30T06:48:17.328+0000] {dag.py:3954} INFO - Setting next_dagrun for tutorial to 2024-05-29 00:00:00+00:00, run_after=2024-05-30 00:00:00+00:00
[2024-05-30T06:48:17.346+0000] {processor.py:183} INFO - Processing /home/airflow/.local/lib/python3.12/site-packages/airflow/example_dags/tutorial.py took 0.068 seconds
[2024-05-30T06:48:47.428+0000] {processor.py:161} INFO - Started process (PID=980) to work on /home/airflow/.local/lib/python3.12/site-packages/airflow/example_dags/tutorial.py
[2024-05-30T06:48:47.428+0000] {processor.py:830} INFO - Processing file /home/airflow/.local/lib/python3.12/site-packages/airflow/example_dags/tutorial.py for tasks to queue
[2024-05-30T06:48:47.430+0000] {logging_mixin.py:188} INFO - [2024-05-30T06:48:47.430+0000] {dagbag.py:545} INFO - Filling up the DagBag from /home/airflow/.local/lib/python3.12/site-packages/airflow/example_dags/tutorial.py
[2024-05-30T06:48:47.436+0000] {processor.py:840} INFO - DAG(s) 'tutorial' retrieved from /home/airflow/.local/lib/python3.12/site-packages/airflow/example_dags/tutorial.py
[2024-05-30T06:48:47.452+0000] {logging_mixin.py:188} INFO - [2024-05-30T06:48:47.452+0000] {dag.py:3096} INFO - Sync 1 DAGs
[2024-05-30T06:48:47.473+0000] {logging_mixin.py:188} INFO - [2024-05-30T06:48:47.473+0000] {dag.py:3954} INFO - Setting next_dagrun for tutorial to 2024-05-29 00:00:00+00:00, run_after=2024-05-30 00:00:00+00:00
[2024-05-30T06:48:47.491+0000] {processor.py:183} INFO - Processing /home/airflow/.local/lib/python3.12/site-packages/airflow/example_dags/tutorial.py took 0.068 seconds
[2024-05-30T06:49:17.999+0000] {processor.py:161} INFO - Started process (PID=1044) to work on /home/airflow/.local/lib/python3.12/site-packages/airflow/example_dags/tutorial.py
[2024-05-30T06:49:18.000+0000] {processor.py:830} INFO - Processing file /home/airflow/.local/lib/python3.12/site-packages/airflow/example_dags/tutorial.py for tasks to queue
[2024-05-30T06:49:18.002+0000] {logging_mixin.py:188} INFO - [2024-05-30T06:49:18.002+0000] {dagbag.py:545} INFO - Filling up the DagBag from /home/airflow/.local/lib/python3.12/site-packages/airflow/example_dags/tutorial.py
[2024-05-30T06:49:18.008+0000] {processor.py:840} INFO - DAG(s) 'tutorial' retrieved from /home/airflow/.local/lib/python3.12/site-packages/airflow/example_dags/tutorial.py
[2024-05-30T06:49:18.025+0000] {logging_mixin.py:188} INFO - [2024-05-30T06:49:18.025+0000] {dag.py:3096} INFO - Sync 1 DAGs
[2024-05-30T06:49:18.045+0000] {logging_mixin.py:188} INFO - [2024-05-30T06:49:18.045+0000] {dag.py:3954} INFO - Setting next_dagrun for tutorial to 2024-05-29 00:00:00+00:00, run_after=2024-05-30 00:00:00+00:00
[2024-05-30T06:49:18.062+0000] {processor.py:183} INFO - Processing /home/airflow/.local/lib/python3.12/site-packages/airflow/example_dags/tutorial.py took 0.069 seconds
[2024-05-30T06:49:49.058+0000] {processor.py:161} INFO - Started process (PID=1102) to work on /home/airflow/.local/lib/python3.12/site-packages/airflow/example_dags/tutorial.py
[2024-05-30T06:49:49.059+0000] {processor.py:830} INFO - Processing file /home/airflow/.local/lib/python3.12/site-packages/airflow/example_dags/tutorial.py for tasks to queue
[2024-05-30T06:49:49.061+0000] {logging_mixin.py:188} INFO - [2024-05-30T06:49:49.060+0000] {dagbag.py:545} INFO - Filling up the DagBag from /home/airflow/.local/lib/python3.12/site-packages/airflow/example_dags/tutorial.py
[2024-05-30T06:49:49.066+0000] {processor.py:840} INFO - DAG(s) 'tutorial' retrieved from /home/airflow/.local/lib/python3.12/site-packages/airflow/example_dags/tutorial.py
[2024-05-30T06:49:49.086+0000] {logging_mixin.py:188} INFO - [2024-05-30T06:49:49.086+0000] {dag.py:3096} INFO - Sync 1 DAGs
[2024-05-30T06:49:49.107+0000] {logging_mixin.py:188} INFO - [2024-05-30T06:49:49.107+0000] {dag.py:3954} INFO - Setting next_dagrun for tutorial to 2024-05-29 00:00:00+00:00, run_after=2024-05-30 00:00:00+00:00
[2024-05-30T06:49:49.125+0000] {processor.py:183} INFO - Processing /home/airflow/.local/lib/python3.12/site-packages/airflow/example_dags/tutorial.py took 0.072 seconds
[2024-05-30T06:50:19.727+0000] {processor.py:161} INFO - Started process (PID=1160) to work on /home/airflow/.local/lib/python3.12/site-packages/airflow/example_dags/tutorial.py
[2024-05-30T06:50:19.727+0000] {processor.py:830} INFO - Processing file /home/airflow/.local/lib/python3.12/site-packages/airflow/example_dags/tutorial.py for tasks to queue
[2024-05-30T06:50:19.729+0000] {logging_mixin.py:188} INFO - [2024-05-30T06:50:19.729+0000] {dagbag.py:545} INFO - Filling up the DagBag from /home/airflow/.local/lib/python3.12/site-packages/airflow/example_dags/tutorial.py
[2024-05-30T06:50:19.734+0000] {processor.py:840} INFO - DAG(s) 'tutorial' retrieved from /home/airflow/.local/lib/python3.12/site-packages/airflow/example_dags/tutorial.py
[2024-05-30T06:50:19.751+0000] {logging_mixin.py:188} INFO - [2024-05-30T06:50:19.751+0000] {dag.py:3096} INFO - Sync 1 DAGs
[2024-05-30T06:50:19.779+0000] {logging_mixin.py:188} INFO - [2024-05-30T06:50:19.779+0000] {dag.py:3954} INFO - Setting next_dagrun for tutorial to 2024-05-29 00:00:00+00:00, run_after=2024-05-30 00:00:00+00:00
[2024-05-30T06:50:19.797+0000] {processor.py:183} INFO - Processing /home/airflow/.local/lib/python3.12/site-packages/airflow/example_dags/tutorial.py took 0.076 seconds
[2024-05-30T06:50:50.372+0000] {processor.py:161} INFO - Started process (PID=1218) to work on /home/airflow/.local/lib/python3.12/site-packages/airflow/example_dags/tutorial.py
[2024-05-30T06:50:50.373+0000] {processor.py:830} INFO - Processing file /home/airflow/.local/lib/python3.12/site-packages/airflow/example_dags/tutorial.py for tasks to queue
[2024-05-30T06:50:50.374+0000] {logging_mixin.py:188} INFO - [2024-05-30T06:50:50.374+0000] {dagbag.py:545} INFO - Filling up the DagBag from /home/airflow/.local/lib/python3.12/site-packages/airflow/example_dags/tutorial.py
[2024-05-30T06:50:50.379+0000] {processor.py:840} INFO - DAG(s) 'tutorial' retrieved from /home/airflow/.local/lib/python3.12/site-packages/airflow/example_dags/tutorial.py
[2024-05-30T06:50:50.396+0000] {logging_mixin.py:188} INFO - [2024-05-30T06:50:50.396+0000] {dag.py:3096} INFO - Sync 1 DAGs
[2024-05-30T06:50:50.418+0000] {logging_mixin.py:188} INFO - [2024-05-30T06:50:50.418+0000] {dag.py:3954} INFO - Setting next_dagrun for tutorial to 2024-05-29 00:00:00+00:00, run_after=2024-05-30 00:00:00+00:00
[2024-05-30T06:50:50.435+0000] {processor.py:183} INFO - Processing /home/airflow/.local/lib/python3.12/site-packages/airflow/example_dags/tutorial.py took 0.069 seconds
[2024-05-30T06:51:21.276+0000] {processor.py:161} INFO - Started process (PID=1276) to work on /home/airflow/.local/lib/python3.12/site-packages/airflow/example_dags/tutorial.py
[2024-05-30T06:51:21.277+0000] {processor.py:830} INFO - Processing file /home/airflow/.local/lib/python3.12/site-packages/airflow/example_dags/tutorial.py for tasks to queue
[2024-05-30T06:51:21.279+0000] {logging_mixin.py:188} INFO - [2024-05-30T06:51:21.279+0000] {dagbag.py:545} INFO - Filling up the DagBag from /home/airflow/.local/lib/python3.12/site-packages/airflow/example_dags/tutorial.py
[2024-05-30T06:51:21.284+0000] {processor.py:840} INFO - DAG(s) 'tutorial' retrieved from /home/airflow/.local/lib/python3.12/site-packages/airflow/example_dags/tutorial.py
[2024-05-30T06:51:21.302+0000] {logging_mixin.py:188} INFO - [2024-05-30T06:51:21.302+0000] {dag.py:3096} INFO - Sync 1 DAGs
[2024-05-30T06:51:21.323+0000] {logging_mixin.py:188} INFO - [2024-05-30T06:51:21.323+0000] {dag.py:3954} INFO - Setting next_dagrun for tutorial to 2024-05-29 00:00:00+00:00, run_after=2024-05-30 00:00:00+00:00
[2024-05-30T06:51:21.393+0000] {processor.py:183} INFO - Processing /home/airflow/.local/lib/python3.12/site-packages/airflow/example_dags/tutorial.py took 0.122 seconds
[2024-05-30T06:51:52.307+0000] {processor.py:161} INFO - Started process (PID=1334) to work on /home/airflow/.local/lib/python3.12/site-packages/airflow/example_dags/tutorial.py
[2024-05-30T06:51:52.309+0000] {processor.py:830} INFO - Processing file /home/airflow/.local/lib/python3.12/site-packages/airflow/example_dags/tutorial.py for tasks to queue
[2024-05-30T06:51:52.311+0000] {logging_mixin.py:188} INFO - [2024-05-30T06:51:52.311+0000] {dagbag.py:545} INFO - Filling up the DagBag from /home/airflow/.local/lib/python3.12/site-packages/airflow/example_dags/tutorial.py
[2024-05-30T06:51:52.316+0000] {processor.py:840} INFO - DAG(s) 'tutorial' retrieved from /home/airflow/.local/lib/python3.12/site-packages/airflow/example_dags/tutorial.py
[2024-05-30T06:51:52.335+0000] {logging_mixin.py:188} INFO - [2024-05-30T06:51:52.334+0000] {dag.py:3096} INFO - Sync 1 DAGs
[2024-05-30T06:51:52.457+0000] {logging_mixin.py:188} INFO - [2024-05-30T06:51:52.457+0000] {dag.py:3954} INFO - Setting next_dagrun for tutorial to 2024-05-29 00:00:00+00:00, run_after=2024-05-30 00:00:00+00:00
[2024-05-30T06:51:52.474+0000] {processor.py:183} INFO - Processing /home/airflow/.local/lib/python3.12/site-packages/airflow/example_dags/tutorial.py took 0.172 seconds
[2024-05-30T06:52:22.752+0000] {processor.py:161} INFO - Started process (PID=1392) to work on /home/airflow/.local/lib/python3.12/site-packages/airflow/example_dags/tutorial.py
[2024-05-30T06:52:22.753+0000] {processor.py:830} INFO - Processing file /home/airflow/.local/lib/python3.12/site-packages/airflow/example_dags/tutorial.py for tasks to queue
[2024-05-30T06:52:22.755+0000] {logging_mixin.py:188} INFO - [2024-05-30T06:52:22.755+0000] {dagbag.py:545} INFO - Filling up the DagBag from /home/airflow/.local/lib/python3.12/site-packages/airflow/example_dags/tutorial.py
[2024-05-30T06:52:22.760+0000] {processor.py:840} INFO - DAG(s) 'tutorial' retrieved from /home/airflow/.local/lib/python3.12/site-packages/airflow/example_dags/tutorial.py
[2024-05-30T06:52:22.778+0000] {logging_mixin.py:188} INFO - [2024-05-30T06:52:22.778+0000] {dag.py:3096} INFO - Sync 1 DAGs
[2024-05-30T06:52:22.801+0000] {logging_mixin.py:188} INFO - [2024-05-30T06:52:22.801+0000] {dag.py:3954} INFO - Setting next_dagrun for tutorial to 2024-05-29 00:00:00+00:00, run_after=2024-05-30 00:00:00+00:00
[2024-05-30T06:52:22.916+0000] {processor.py:183} INFO - Processing /home/airflow/.local/lib/python3.12/site-packages/airflow/example_dags/tutorial.py took 0.169 seconds
[2024-05-30T06:52:53.264+0000] {processor.py:161} INFO - Started process (PID=1450) to work on /home/airflow/.local/lib/python3.12/site-packages/airflow/example_dags/tutorial.py
[2024-05-30T06:52:53.265+0000] {processor.py:830} INFO - Processing file /home/airflow/.local/lib/python3.12/site-packages/airflow/example_dags/tutorial.py for tasks to queue
[2024-05-30T06:52:53.268+0000] {logging_mixin.py:188} INFO - [2024-05-30T06:52:53.267+0000] {dagbag.py:545} INFO - Filling up the DagBag from /home/airflow/.local/lib/python3.12/site-packages/airflow/example_dags/tutorial.py
[2024-05-30T06:52:53.274+0000] {processor.py:840} INFO - DAG(s) 'tutorial' retrieved from /home/airflow/.local/lib/python3.12/site-packages/airflow/example_dags/tutorial.py
[2024-05-30T06:52:53.296+0000] {logging_mixin.py:188} INFO - [2024-05-30T06:52:53.295+0000] {dag.py:3096} INFO - Sync 1 DAGs
[2024-05-30T06:52:53.319+0000] {logging_mixin.py:188} INFO - [2024-05-30T06:52:53.319+0000] {dag.py:3954} INFO - Setting next_dagrun for tutorial to 2024-05-29 00:00:00+00:00, run_after=2024-05-30 00:00:00+00:00
[2024-05-30T06:52:53.458+0000] {processor.py:183} INFO - Processing /home/airflow/.local/lib/python3.12/site-packages/airflow/example_dags/tutorial.py took 0.199 seconds
[2024-05-30T06:53:23.739+0000] {processor.py:161} INFO - Started process (PID=1508) to work on /home/airflow/.local/lib/python3.12/site-packages/airflow/example_dags/tutorial.py
[2024-05-30T06:53:23.740+0000] {processor.py:830} INFO - Processing file /home/airflow/.local/lib/python3.12/site-packages/airflow/example_dags/tutorial.py for tasks to queue
[2024-05-30T06:53:23.742+0000] {logging_mixin.py:188} INFO - [2024-05-30T06:53:23.741+0000] {dagbag.py:545} INFO - Filling up the DagBag from /home/airflow/.local/lib/python3.12/site-packages/airflow/example_dags/tutorial.py
[2024-05-30T06:53:23.750+0000] {processor.py:840} INFO - DAG(s) 'tutorial' retrieved from /home/airflow/.local/lib/python3.12/site-packages/airflow/example_dags/tutorial.py
[2024-05-30T06:53:23.777+0000] {logging_mixin.py:188} INFO - [2024-05-30T06:53:23.776+0000] {dag.py:3096} INFO - Sync 1 DAGs
[2024-05-30T06:53:23.799+0000] {logging_mixin.py:188} INFO - [2024-05-30T06:53:23.799+0000] {dag.py:3954} INFO - Setting next_dagrun for tutorial to 2024-05-29 00:00:00+00:00, run_after=2024-05-30 00:00:00+00:00
[2024-05-30T06:53:23.818+0000] {processor.py:183} INFO - Processing /home/airflow/.local/lib/python3.12/site-packages/airflow/example_dags/tutorial.py took 0.084 seconds
[2024-05-30T06:53:54.245+0000] {processor.py:161} INFO - Started process (PID=1566) to work on /home/airflow/.local/lib/python3.12/site-packages/airflow/example_dags/tutorial.py
[2024-05-30T06:53:54.246+0000] {processor.py:830} INFO - Processing file /home/airflow/.local/lib/python3.12/site-packages/airflow/example_dags/tutorial.py for tasks to queue
[2024-05-30T06:53:54.248+0000] {logging_mixin.py:188} INFO - [2024-05-30T06:53:54.248+0000] {dagbag.py:545} INFO - Filling up the DagBag from /home/airflow/.local/lib/python3.12/site-packages/airflow/example_dags/tutorial.py
[2024-05-30T06:53:54.253+0000] {processor.py:840} INFO - DAG(s) 'tutorial' retrieved from /home/airflow/.local/lib/python3.12/site-packages/airflow/example_dags/tutorial.py
[2024-05-30T06:53:54.271+0000] {logging_mixin.py:188} INFO - [2024-05-30T06:53:54.270+0000] {dag.py:3096} INFO - Sync 1 DAGs
[2024-05-30T06:53:54.291+0000] {logging_mixin.py:188} INFO - [2024-05-30T06:53:54.291+0000] {dag.py:3954} INFO - Setting next_dagrun for tutorial to 2024-05-29 00:00:00+00:00, run_after=2024-05-30 00:00:00+00:00
[2024-05-30T06:53:54.308+0000] {processor.py:183} INFO - Processing /home/airflow/.local/lib/python3.12/site-packages/airflow/example_dags/tutorial.py took 0.068 seconds
[2024-05-30T06:54:25.111+0000] {processor.py:161} INFO - Started process (PID=1624) to work on /home/airflow/.local/lib/python3.12/site-packages/airflow/example_dags/tutorial.py
[2024-05-30T06:54:25.113+0000] {processor.py:830} INFO - Processing file /home/airflow/.local/lib/python3.12/site-packages/airflow/example_dags/tutorial.py for tasks to queue
[2024-05-30T06:54:25.117+0000] {logging_mixin.py:188} INFO - [2024-05-30T06:54:25.117+0000] {dagbag.py:545} INFO - Filling up the DagBag from /home/airflow/.local/lib/python3.12/site-packages/airflow/example_dags/tutorial.py
[2024-05-30T06:54:25.126+0000] {processor.py:840} INFO - DAG(s) 'tutorial' retrieved from /home/airflow/.local/lib/python3.12/site-packages/airflow/example_dags/tutorial.py
[2024-05-30T06:54:25.161+0000] {logging_mixin.py:188} INFO - [2024-05-30T06:54:25.161+0000] {dag.py:3096} INFO - Sync 1 DAGs
[2024-05-30T06:54:25.203+0000] {logging_mixin.py:188} INFO - [2024-05-30T06:54:25.203+0000] {dag.py:3954} INFO - Setting next_dagrun for tutorial to 2024-05-29 00:00:00+00:00, run_after=2024-05-30 00:00:00+00:00
[2024-05-30T06:54:25.230+0000] {processor.py:183} INFO - Processing /home/airflow/.local/lib/python3.12/site-packages/airflow/example_dags/tutorial.py took 0.128 seconds
[2024-05-30T06:54:55.513+0000] {processor.py:161} INFO - Started process (PID=1682) to work on /home/airflow/.local/lib/python3.12/site-packages/airflow/example_dags/tutorial.py
[2024-05-30T06:54:55.515+0000] {processor.py:830} INFO - Processing file /home/airflow/.local/lib/python3.12/site-packages/airflow/example_dags/tutorial.py for tasks to queue
[2024-05-30T06:54:55.517+0000] {logging_mixin.py:188} INFO - [2024-05-30T06:54:55.517+0000] {dagbag.py:545} INFO - Filling up the DagBag from /home/airflow/.local/lib/python3.12/site-packages/airflow/example_dags/tutorial.py
[2024-05-30T06:54:55.522+0000] {processor.py:840} INFO - DAG(s) 'tutorial' retrieved from /home/airflow/.local/lib/python3.12/site-packages/airflow/example_dags/tutorial.py
[2024-05-30T06:54:55.542+0000] {logging_mixin.py:188} INFO - [2024-05-30T06:54:55.542+0000] {dag.py:3096} INFO - Sync 1 DAGs
[2024-05-30T06:54:55.566+0000] {logging_mixin.py:188} INFO - [2024-05-30T06:54:55.565+0000] {dag.py:3954} INFO - Setting next_dagrun for tutorial to 2024-05-29 00:00:00+00:00, run_after=2024-05-30 00:00:00+00:00
[2024-05-30T06:54:55.586+0000] {processor.py:183} INFO - Processing /home/airflow/.local/lib/python3.12/site-packages/airflow/example_dags/tutorial.py took 0.078 seconds
[2024-05-30T06:55:25.695+0000] {processor.py:161} INFO - Started process (PID=1740) to work on /home/airflow/.local/lib/python3.12/site-packages/airflow/example_dags/tutorial.py
[2024-05-30T06:55:25.696+0000] {processor.py:830} INFO - Processing file /home/airflow/.local/lib/python3.12/site-packages/airflow/example_dags/tutorial.py for tasks to queue
[2024-05-30T06:55:25.698+0000] {logging_mixin.py:188} INFO - [2024-05-30T06:55:25.698+0000] {dagbag.py:545} INFO - Filling up the DagBag from /home/airflow/.local/lib/python3.12/site-packages/airflow/example_dags/tutorial.py
[2024-05-30T06:55:25.703+0000] {processor.py:840} INFO - DAG(s) 'tutorial' retrieved from /home/airflow/.local/lib/python3.12/site-packages/airflow/example_dags/tutorial.py
[2024-05-30T06:55:25.722+0000] {logging_mixin.py:188} INFO - [2024-05-30T06:55:25.721+0000] {dag.py:3096} INFO - Sync 1 DAGs
[2024-05-30T06:55:25.742+0000] {logging_mixin.py:188} INFO - [2024-05-30T06:55:25.742+0000] {dag.py:3954} INFO - Setting next_dagrun for tutorial to 2024-05-29 00:00:00+00:00, run_after=2024-05-30 00:00:00+00:00
[2024-05-30T06:55:25.759+0000] {processor.py:183} INFO - Processing /home/airflow/.local/lib/python3.12/site-packages/airflow/example_dags/tutorial.py took 0.069 seconds
[2024-05-30T06:55:55.816+0000] {processor.py:161} INFO - Started process (PID=1798) to work on /home/airflow/.local/lib/python3.12/site-packages/airflow/example_dags/tutorial.py
[2024-05-30T06:55:55.817+0000] {processor.py:830} INFO - Processing file /home/airflow/.local/lib/python3.12/site-packages/airflow/example_dags/tutorial.py for tasks to queue
[2024-05-30T06:55:55.819+0000] {logging_mixin.py:188} INFO - [2024-05-30T06:55:55.818+0000] {dagbag.py:545} INFO - Filling up the DagBag from /home/airflow/.local/lib/python3.12/site-packages/airflow/example_dags/tutorial.py
[2024-05-30T06:55:55.824+0000] {processor.py:840} INFO - DAG(s) 'tutorial' retrieved from /home/airflow/.local/lib/python3.12/site-packages/airflow/example_dags/tutorial.py
[2024-05-30T06:55:55.841+0000] {logging_mixin.py:188} INFO - [2024-05-30T06:55:55.841+0000] {dag.py:3096} INFO - Sync 1 DAGs
[2024-05-30T06:55:55.861+0000] {logging_mixin.py:188} INFO - [2024-05-30T06:55:55.861+0000] {dag.py:3954} INFO - Setting next_dagrun for tutorial to 2024-05-29 00:00:00+00:00, run_after=2024-05-30 00:00:00+00:00
[2024-05-30T06:55:55.878+0000] {processor.py:183} INFO - Processing /home/airflow/.local/lib/python3.12/site-packages/airflow/example_dags/tutorial.py took 0.067 seconds
[2024-05-30T06:56:25.958+0000] {processor.py:161} INFO - Started process (PID=1856) to work on /home/airflow/.local/lib/python3.12/site-packages/airflow/example_dags/tutorial.py
[2024-05-30T06:56:25.959+0000] {processor.py:830} INFO - Processing file /home/airflow/.local/lib/python3.12/site-packages/airflow/example_dags/tutorial.py for tasks to queue
[2024-05-30T06:56:25.960+0000] {logging_mixin.py:188} INFO - [2024-05-30T06:56:25.960+0000] {dagbag.py:545} INFO - Filling up the DagBag from /home/airflow/.local/lib/python3.12/site-packages/airflow/example_dags/tutorial.py
[2024-05-30T06:56:25.965+0000] {processor.py:840} INFO - DAG(s) 'tutorial' retrieved from /home/airflow/.local/lib/python3.12/site-packages/airflow/example_dags/tutorial.py
[2024-05-30T06:56:25.983+0000] {logging_mixin.py:188} INFO - [2024-05-30T06:56:25.983+0000] {dag.py:3096} INFO - Sync 1 DAGs
[2024-05-30T06:56:26.004+0000] {logging_mixin.py:188} INFO - [2024-05-30T06:56:26.004+0000] {dag.py:3954} INFO - Setting next_dagrun for tutorial to 2024-05-29 00:00:00+00:00, run_after=2024-05-30 00:00:00+00:00
[2024-05-30T06:56:26.023+0000] {processor.py:183} INFO - Processing /home/airflow/.local/lib/python3.12/site-packages/airflow/example_dags/tutorial.py took 0.070 seconds
[2024-05-30T06:56:56.064+0000] {processor.py:161} INFO - Started process (PID=1914) to work on /home/airflow/.local/lib/python3.12/site-packages/airflow/example_dags/tutorial.py
[2024-05-30T06:56:56.065+0000] {processor.py:830} INFO - Processing file /home/airflow/.local/lib/python3.12/site-packages/airflow/example_dags/tutorial.py for tasks to queue
[2024-05-30T06:56:56.067+0000] {logging_mixin.py:188} INFO - [2024-05-30T06:56:56.067+0000] {dagbag.py:545} INFO - Filling up the DagBag from /home/airflow/.local/lib/python3.12/site-packages/airflow/example_dags/tutorial.py
[2024-05-30T06:56:56.072+0000] {processor.py:840} INFO - DAG(s) 'tutorial' retrieved from /home/airflow/.local/lib/python3.12/site-packages/airflow/example_dags/tutorial.py
[2024-05-30T06:56:56.089+0000] {logging_mixin.py:188} INFO - [2024-05-30T06:56:56.089+0000] {dag.py:3096} INFO - Sync 1 DAGs
[2024-05-30T06:56:56.109+0000] {logging_mixin.py:188} INFO - [2024-05-30T06:56:56.109+0000] {dag.py:3954} INFO - Setting next_dagrun for tutorial to 2024-05-29 00:00:00+00:00, run_after=2024-05-30 00:00:00+00:00
[2024-05-30T06:56:56.126+0000] {processor.py:183} INFO - Processing /home/airflow/.local/lib/python3.12/site-packages/airflow/example_dags/tutorial.py took 0.067 seconds
[2024-05-30T06:57:26.623+0000] {processor.py:161} INFO - Started process (PID=1972) to work on /home/airflow/.local/lib/python3.12/site-packages/airflow/example_dags/tutorial.py
[2024-05-30T06:57:26.624+0000] {processor.py:830} INFO - Processing file /home/airflow/.local/lib/python3.12/site-packages/airflow/example_dags/tutorial.py for tasks to queue
[2024-05-30T06:57:26.625+0000] {logging_mixin.py:188} INFO - [2024-05-30T06:57:26.625+0000] {dagbag.py:545} INFO - Filling up the DagBag from /home/airflow/.local/lib/python3.12/site-packages/airflow/example_dags/tutorial.py
[2024-05-30T06:57:26.630+0000] {processor.py:840} INFO - DAG(s) 'tutorial' retrieved from /home/airflow/.local/lib/python3.12/site-packages/airflow/example_dags/tutorial.py
[2024-05-30T06:57:26.647+0000] {logging_mixin.py:188} INFO - [2024-05-30T06:57:26.647+0000] {dag.py:3096} INFO - Sync 1 DAGs
[2024-05-30T06:57:26.667+0000] {logging_mixin.py:188} INFO - [2024-05-30T06:57:26.667+0000] {dag.py:3954} INFO - Setting next_dagrun for tutorial to 2024-05-29 00:00:00+00:00, run_after=2024-05-30 00:00:00+00:00
[2024-05-30T06:57:26.684+0000] {processor.py:183} INFO - Processing /home/airflow/.local/lib/python3.12/site-packages/airflow/example_dags/tutorial.py took 0.066 seconds
[2024-05-30T06:57:57.209+0000] {processor.py:161} INFO - Started process (PID=2030) to work on /home/airflow/.local/lib/python3.12/site-packages/airflow/example_dags/tutorial.py
[2024-05-30T06:57:57.210+0000] {processor.py:830} INFO - Processing file /home/airflow/.local/lib/python3.12/site-packages/airflow/example_dags/tutorial.py for tasks to queue
[2024-05-30T06:57:57.211+0000] {logging_mixin.py:188} INFO - [2024-05-30T06:57:57.211+0000] {dagbag.py:545} INFO - Filling up the DagBag from /home/airflow/.local/lib/python3.12/site-packages/airflow/example_dags/tutorial.py
[2024-05-30T06:57:57.216+0000] {processor.py:840} INFO - DAG(s) 'tutorial' retrieved from /home/airflow/.local/lib/python3.12/site-packages/airflow/example_dags/tutorial.py
[2024-05-30T06:57:57.233+0000] {logging_mixin.py:188} INFO - [2024-05-30T06:57:57.233+0000] {dag.py:3096} INFO - Sync 1 DAGs
[2024-05-30T06:57:57.254+0000] {logging_mixin.py:188} INFO - [2024-05-30T06:57:57.254+0000] {dag.py:3954} INFO - Setting next_dagrun for tutorial to 2024-05-29 00:00:00+00:00, run_after=2024-05-30 00:00:00+00:00
[2024-05-30T06:57:57.271+0000] {processor.py:183} INFO - Processing /home/airflow/.local/lib/python3.12/site-packages/airflow/example_dags/tutorial.py took 0.067 seconds
[2024-05-30T06:58:27.915+0000] {processor.py:161} INFO - Started process (PID=2088) to work on /home/airflow/.local/lib/python3.12/site-packages/airflow/example_dags/tutorial.py
[2024-05-30T06:58:27.916+0000] {processor.py:830} INFO - Processing file /home/airflow/.local/lib/python3.12/site-packages/airflow/example_dags/tutorial.py for tasks to queue
[2024-05-30T06:58:27.918+0000] {logging_mixin.py:188} INFO - [2024-05-30T06:58:27.918+0000] {dagbag.py:545} INFO - Filling up the DagBag from /home/airflow/.local/lib/python3.12/site-packages/airflow/example_dags/tutorial.py
[2024-05-30T06:58:27.924+0000] {processor.py:840} INFO - DAG(s) 'tutorial' retrieved from /home/airflow/.local/lib/python3.12/site-packages/airflow/example_dags/tutorial.py
[2024-05-30T06:58:27.942+0000] {logging_mixin.py:188} INFO - [2024-05-30T06:58:27.941+0000] {dag.py:3096} INFO - Sync 1 DAGs
[2024-05-30T06:58:27.964+0000] {logging_mixin.py:188} INFO - [2024-05-30T06:58:27.963+0000] {dag.py:3954} INFO - Setting next_dagrun for tutorial to 2024-05-29 00:00:00+00:00, run_after=2024-05-30 00:00:00+00:00
[2024-05-30T06:58:27.983+0000] {processor.py:183} INFO - Processing /home/airflow/.local/lib/python3.12/site-packages/airflow/example_dags/tutorial.py took 0.073 seconds
[2024-05-30T06:58:58.446+0000] {processor.py:161} INFO - Started process (PID=2146) to work on /home/airflow/.local/lib/python3.12/site-packages/airflow/example_dags/tutorial.py
[2024-05-30T06:58:58.447+0000] {processor.py:830} INFO - Processing file /home/airflow/.local/lib/python3.12/site-packages/airflow/example_dags/tutorial.py for tasks to queue
[2024-05-30T06:58:58.449+0000] {logging_mixin.py:188} INFO - [2024-05-30T06:58:58.448+0000] {dagbag.py:545} INFO - Filling up the DagBag from /home/airflow/.local/lib/python3.12/site-packages/airflow/example_dags/tutorial.py
[2024-05-30T06:58:58.454+0000] {processor.py:840} INFO - DAG(s) 'tutorial' retrieved from /home/airflow/.local/lib/python3.12/site-packages/airflow/example_dags/tutorial.py
[2024-05-30T06:58:58.471+0000] {logging_mixin.py:188} INFO - [2024-05-30T06:58:58.471+0000] {dag.py:3096} INFO - Sync 1 DAGs
[2024-05-30T06:58:58.492+0000] {logging_mixin.py:188} INFO - [2024-05-30T06:58:58.491+0000] {dag.py:3954} INFO - Setting next_dagrun for tutorial to 2024-05-29 00:00:00+00:00, run_after=2024-05-30 00:00:00+00:00
[2024-05-30T06:58:58.508+0000] {processor.py:183} INFO - Processing /home/airflow/.local/lib/python3.12/site-packages/airflow/example_dags/tutorial.py took 0.067 seconds
[2024-05-30T06:59:28.952+0000] {processor.py:161} INFO - Started process (PID=2204) to work on /home/airflow/.local/lib/python3.12/site-packages/airflow/example_dags/tutorial.py
[2024-05-30T06:59:28.953+0000] {processor.py:830} INFO - Processing file /home/airflow/.local/lib/python3.12/site-packages/airflow/example_dags/tutorial.py for tasks to queue
[2024-05-30T06:59:28.955+0000] {logging_mixin.py:188} INFO - [2024-05-30T06:59:28.955+0000] {dagbag.py:545} INFO - Filling up the DagBag from /home/airflow/.local/lib/python3.12/site-packages/airflow/example_dags/tutorial.py
[2024-05-30T06:59:28.960+0000] {processor.py:840} INFO - DAG(s) 'tutorial' retrieved from /home/airflow/.local/lib/python3.12/site-packages/airflow/example_dags/tutorial.py
[2024-05-30T06:59:28.976+0000] {logging_mixin.py:188} INFO - [2024-05-30T06:59:28.976+0000] {dag.py:3096} INFO - Sync 1 DAGs
[2024-05-30T06:59:28.997+0000] {logging_mixin.py:188} INFO - [2024-05-30T06:59:28.997+0000] {dag.py:3954} INFO - Setting next_dagrun for tutorial to 2024-05-29 00:00:00+00:00, run_after=2024-05-30 00:00:00+00:00
[2024-05-30T06:59:29.014+0000] {processor.py:183} INFO - Processing /home/airflow/.local/lib/python3.12/site-packages/airflow/example_dags/tutorial.py took 0.067 seconds
[2024-05-30T06:59:59.438+0000] {processor.py:161} INFO - Started process (PID=2262) to work on /home/airflow/.local/lib/python3.12/site-packages/airflow/example_dags/tutorial.py
[2024-05-30T06:59:59.439+0000] {processor.py:830} INFO - Processing file /home/airflow/.local/lib/python3.12/site-packages/airflow/example_dags/tutorial.py for tasks to queue
[2024-05-30T06:59:59.441+0000] {logging_mixin.py:188} INFO - [2024-05-30T06:59:59.441+0000] {dagbag.py:545} INFO - Filling up the DagBag from /home/airflow/.local/lib/python3.12/site-packages/airflow/example_dags/tutorial.py
[2024-05-30T06:59:59.446+0000] {processor.py:840} INFO - DAG(s) 'tutorial' retrieved from /home/airflow/.local/lib/python3.12/site-packages/airflow/example_dags/tutorial.py
[2024-05-30T06:59:59.463+0000] {logging_mixin.py:188} INFO - [2024-05-30T06:59:59.463+0000] {dag.py:3096} INFO - Sync 1 DAGs
[2024-05-30T06:59:59.484+0000] {logging_mixin.py:188} INFO - [2024-05-30T06:59:59.484+0000] {dag.py:3954} INFO - Setting next_dagrun for tutorial to 2024-05-29 00:00:00+00:00, run_after=2024-05-30 00:00:00+00:00
[2024-05-30T06:59:59.501+0000] {processor.py:183} INFO - Processing /home/airflow/.local/lib/python3.12/site-packages/airflow/example_dags/tutorial.py took 0.068 seconds
[2024-05-30T07:00:30.080+0000] {processor.py:161} INFO - Started process (PID=2320) to work on /home/airflow/.local/lib/python3.12/site-packages/airflow/example_dags/tutorial.py
[2024-05-30T07:00:30.081+0000] {processor.py:830} INFO - Processing file /home/airflow/.local/lib/python3.12/site-packages/airflow/example_dags/tutorial.py for tasks to queue
[2024-05-30T07:00:30.082+0000] {logging_mixin.py:188} INFO - [2024-05-30T07:00:30.082+0000] {dagbag.py:545} INFO - Filling up the DagBag from /home/airflow/.local/lib/python3.12/site-packages/airflow/example_dags/tutorial.py
[2024-05-30T07:00:30.087+0000] {processor.py:840} INFO - DAG(s) 'tutorial' retrieved from /home/airflow/.local/lib/python3.12/site-packages/airflow/example_dags/tutorial.py
[2024-05-30T07:00:30.104+0000] {logging_mixin.py:188} INFO - [2024-05-30T07:00:30.103+0000] {dag.py:3096} INFO - Sync 1 DAGs
[2024-05-30T07:00:30.125+0000] {logging_mixin.py:188} INFO - [2024-05-30T07:00:30.124+0000] {dag.py:3954} INFO - Setting next_dagrun for tutorial to 2024-05-29 00:00:00+00:00, run_after=2024-05-30 00:00:00+00:00
[2024-05-30T07:00:30.142+0000] {processor.py:183} INFO - Processing /home/airflow/.local/lib/python3.12/site-packages/airflow/example_dags/tutorial.py took 0.068 seconds
[2024-05-30T07:01:00.654+0000] {processor.py:161} INFO - Started process (PID=2378) to work on /home/airflow/.local/lib/python3.12/site-packages/airflow/example_dags/tutorial.py
[2024-05-30T07:01:00.655+0000] {processor.py:830} INFO - Processing file /home/airflow/.local/lib/python3.12/site-packages/airflow/example_dags/tutorial.py for tasks to queue
[2024-05-30T07:01:00.656+0000] {logging_mixin.py:188} INFO - [2024-05-30T07:01:00.656+0000] {dagbag.py:545} INFO - Filling up the DagBag from /home/airflow/.local/lib/python3.12/site-packages/airflow/example_dags/tutorial.py
[2024-05-30T07:01:00.662+0000] {processor.py:840} INFO - DAG(s) 'tutorial' retrieved from /home/airflow/.local/lib/python3.12/site-packages/airflow/example_dags/tutorial.py
[2024-05-30T07:01:00.680+0000] {logging_mixin.py:188} INFO - [2024-05-30T07:01:00.680+0000] {dag.py:3096} INFO - Sync 1 DAGs
[2024-05-30T07:01:00.703+0000] {logging_mixin.py:188} INFO - [2024-05-30T07:01:00.702+0000] {dag.py:3954} INFO - Setting next_dagrun for tutorial to 2024-05-29 00:00:00+00:00, run_after=2024-05-30 00:00:00+00:00
[2024-05-30T07:01:00.720+0000] {processor.py:183} INFO - Processing /home/airflow/.local/lib/python3.12/site-packages/airflow/example_dags/tutorial.py took 0.072 seconds
[2024-05-30T07:01:31.348+0000] {processor.py:161} INFO - Started process (PID=2436) to work on /home/airflow/.local/lib/python3.12/site-packages/airflow/example_dags/tutorial.py
[2024-05-30T07:01:31.349+0000] {processor.py:830} INFO - Processing file /home/airflow/.local/lib/python3.12/site-packages/airflow/example_dags/tutorial.py for tasks to queue
[2024-05-30T07:01:31.352+0000] {logging_mixin.py:188} INFO - [2024-05-30T07:01:31.352+0000] {dagbag.py:545} INFO - Filling up the DagBag from /home/airflow/.local/lib/python3.12/site-packages/airflow/example_dags/tutorial.py
[2024-05-30T07:01:31.361+0000] {processor.py:840} INFO - DAG(s) 'tutorial' retrieved from /home/airflow/.local/lib/python3.12/site-packages/airflow/example_dags/tutorial.py
[2024-05-30T07:01:31.384+0000] {logging_mixin.py:188} INFO - [2024-05-30T07:01:31.384+0000] {dag.py:3096} INFO - Sync 1 DAGs
[2024-05-30T07:01:31.417+0000] {logging_mixin.py:188} INFO - [2024-05-30T07:01:31.417+0000] {dag.py:3954} INFO - Setting next_dagrun for tutorial to 2024-05-29 00:00:00+00:00, run_after=2024-05-30 00:00:00+00:00
[2024-05-30T07:01:31.441+0000] {processor.py:183} INFO - Processing /home/airflow/.local/lib/python3.12/site-packages/airflow/example_dags/tutorial.py took 0.099 seconds
