[2024-05-30T06:40:35.866+0000] {processor.py:161} INFO - Started process (PID=30) to work on /home/airflow/.local/lib/python3.12/site-packages/airflow/example_dags/tutorial_dag.py
[2024-05-30T06:40:35.867+0000] {processor.py:830} INFO - Processing file /home/airflow/.local/lib/python3.12/site-packages/airflow/example_dags/tutorial_dag.py for tasks to queue
[2024-05-30T06:40:35.869+0000] {logging_mixin.py:188} INFO - [2024-05-30T06:40:35.869+0000] {dagbag.py:545} INFO - Filling up the DagBag from /home/airflow/.local/lib/python3.12/site-packages/airflow/example_dags/tutorial_dag.py
[2024-05-30T06:40:35.886+0000] {processor.py:840} INFO - DAG(s) 'tutorial_dag' retrieved from /home/airflow/.local/lib/python3.12/site-packages/airflow/example_dags/tutorial_dag.py
[2024-05-30T06:40:35.939+0000] {logging_mixin.py:188} INFO - [2024-05-30T06:40:35.938+0000] {dag.py:3096} INFO - Sync 1 DAGs
[2024-05-30T06:40:35.956+0000] {logging_mixin.py:188} INFO - [2024-05-30T06:40:35.955+0000] {dag.py:3954} INFO - Setting next_dagrun for tutorial_dag to None, run_after=None
[2024-05-30T06:40:35.978+0000] {processor.py:183} INFO - Processing /home/airflow/.local/lib/python3.12/site-packages/airflow/example_dags/tutorial_dag.py took 0.119 seconds
[2024-05-30T06:41:06.313+0000] {processor.py:161} INFO - Started process (PID=88) to work on /home/airflow/.local/lib/python3.12/site-packages/airflow/example_dags/tutorial_dag.py
[2024-05-30T06:41:06.315+0000] {processor.py:830} INFO - Processing file /home/airflow/.local/lib/python3.12/site-packages/airflow/example_dags/tutorial_dag.py for tasks to queue
[2024-05-30T06:41:06.319+0000] {logging_mixin.py:188} INFO - [2024-05-30T06:41:06.318+0000] {dagbag.py:545} INFO - Filling up the DagBag from /home/airflow/.local/lib/python3.12/site-packages/airflow/example_dags/tutorial_dag.py
[2024-05-30T06:41:06.324+0000] {processor.py:840} INFO - DAG(s) 'tutorial_dag' retrieved from /home/airflow/.local/lib/python3.12/site-packages/airflow/example_dags/tutorial_dag.py
[2024-05-30T06:41:06.339+0000] {logging_mixin.py:188} INFO - [2024-05-30T06:41:06.339+0000] {dag.py:3096} INFO - Sync 1 DAGs
[2024-05-30T06:41:06.356+0000] {logging_mixin.py:188} INFO - [2024-05-30T06:41:06.355+0000] {dag.py:3954} INFO - Setting next_dagrun for tutorial_dag to None, run_after=None
[2024-05-30T06:41:06.384+0000] {processor.py:183} INFO - Processing /home/airflow/.local/lib/python3.12/site-packages/airflow/example_dags/tutorial_dag.py took 0.080 seconds
[2024-05-30T06:41:36.669+0000] {processor.py:161} INFO - Started process (PID=146) to work on /home/airflow/.local/lib/python3.12/site-packages/airflow/example_dags/tutorial_dag.py
[2024-05-30T06:41:36.670+0000] {processor.py:830} INFO - Processing file /home/airflow/.local/lib/python3.12/site-packages/airflow/example_dags/tutorial_dag.py for tasks to queue
[2024-05-30T06:41:36.672+0000] {logging_mixin.py:188} INFO - [2024-05-30T06:41:36.671+0000] {dagbag.py:545} INFO - Filling up the DagBag from /home/airflow/.local/lib/python3.12/site-packages/airflow/example_dags/tutorial_dag.py
[2024-05-30T06:41:36.676+0000] {processor.py:840} INFO - DAG(s) 'tutorial_dag' retrieved from /home/airflow/.local/lib/python3.12/site-packages/airflow/example_dags/tutorial_dag.py
[2024-05-30T06:41:36.771+0000] {logging_mixin.py:188} INFO - [2024-05-30T06:41:36.771+0000] {dag.py:3096} INFO - Sync 1 DAGs
[2024-05-30T06:41:36.782+0000] {logging_mixin.py:188} INFO - [2024-05-30T06:41:36.781+0000] {dag.py:3954} INFO - Setting next_dagrun for tutorial_dag to None, run_after=None
[2024-05-30T06:41:36.799+0000] {processor.py:183} INFO - Processing /home/airflow/.local/lib/python3.12/site-packages/airflow/example_dags/tutorial_dag.py took 0.135 seconds
[2024-05-30T06:42:06.860+0000] {processor.py:161} INFO - Started process (PID=204) to work on /home/airflow/.local/lib/python3.12/site-packages/airflow/example_dags/tutorial_dag.py
[2024-05-30T06:42:06.861+0000] {processor.py:830} INFO - Processing file /home/airflow/.local/lib/python3.12/site-packages/airflow/example_dags/tutorial_dag.py for tasks to queue
[2024-05-30T06:42:06.862+0000] {logging_mixin.py:188} INFO - [2024-05-30T06:42:06.862+0000] {dagbag.py:545} INFO - Filling up the DagBag from /home/airflow/.local/lib/python3.12/site-packages/airflow/example_dags/tutorial_dag.py
[2024-05-30T06:42:06.867+0000] {processor.py:840} INFO - DAG(s) 'tutorial_dag' retrieved from /home/airflow/.local/lib/python3.12/site-packages/airflow/example_dags/tutorial_dag.py
[2024-05-30T06:42:06.885+0000] {logging_mixin.py:188} INFO - [2024-05-30T06:42:06.884+0000] {dag.py:3096} INFO - Sync 1 DAGs
[2024-05-30T06:42:06.897+0000] {logging_mixin.py:188} INFO - [2024-05-30T06:42:06.896+0000] {dag.py:3954} INFO - Setting next_dagrun for tutorial_dag to None, run_after=None
[2024-05-30T06:42:06.916+0000] {processor.py:183} INFO - Processing /home/airflow/.local/lib/python3.12/site-packages/airflow/example_dags/tutorial_dag.py took 0.061 seconds
[2024-05-30T06:42:36.944+0000] {processor.py:161} INFO - Started process (PID=262) to work on /home/airflow/.local/lib/python3.12/site-packages/airflow/example_dags/tutorial_dag.py
[2024-05-30T06:42:36.945+0000] {processor.py:830} INFO - Processing file /home/airflow/.local/lib/python3.12/site-packages/airflow/example_dags/tutorial_dag.py for tasks to queue
[2024-05-30T06:42:36.946+0000] {logging_mixin.py:188} INFO - [2024-05-30T06:42:36.946+0000] {dagbag.py:545} INFO - Filling up the DagBag from /home/airflow/.local/lib/python3.12/site-packages/airflow/example_dags/tutorial_dag.py
[2024-05-30T06:42:36.951+0000] {processor.py:840} INFO - DAG(s) 'tutorial_dag' retrieved from /home/airflow/.local/lib/python3.12/site-packages/airflow/example_dags/tutorial_dag.py
[2024-05-30T06:42:36.969+0000] {logging_mixin.py:188} INFO - [2024-05-30T06:42:36.969+0000] {dag.py:3096} INFO - Sync 1 DAGs
[2024-05-30T06:42:36.981+0000] {logging_mixin.py:188} INFO - [2024-05-30T06:42:36.981+0000] {dag.py:3954} INFO - Setting next_dagrun for tutorial_dag to None, run_after=None
[2024-05-30T06:42:36.999+0000] {processor.py:183} INFO - Processing /home/airflow/.local/lib/python3.12/site-packages/airflow/example_dags/tutorial_dag.py took 0.060 seconds
[2024-05-30T06:43:07.331+0000] {processor.py:161} INFO - Started process (PID=320) to work on /home/airflow/.local/lib/python3.12/site-packages/airflow/example_dags/tutorial_dag.py
[2024-05-30T06:43:07.332+0000] {processor.py:830} INFO - Processing file /home/airflow/.local/lib/python3.12/site-packages/airflow/example_dags/tutorial_dag.py for tasks to queue
[2024-05-30T06:43:07.334+0000] {logging_mixin.py:188} INFO - [2024-05-30T06:43:07.334+0000] {dagbag.py:545} INFO - Filling up the DagBag from /home/airflow/.local/lib/python3.12/site-packages/airflow/example_dags/tutorial_dag.py
[2024-05-30T06:43:07.339+0000] {processor.py:840} INFO - DAG(s) 'tutorial_dag' retrieved from /home/airflow/.local/lib/python3.12/site-packages/airflow/example_dags/tutorial_dag.py
[2024-05-30T06:43:07.356+0000] {logging_mixin.py:188} INFO - [2024-05-30T06:43:07.356+0000] {dag.py:3096} INFO - Sync 1 DAGs
[2024-05-30T06:43:07.368+0000] {logging_mixin.py:188} INFO - [2024-05-30T06:43:07.368+0000] {dag.py:3954} INFO - Setting next_dagrun for tutorial_dag to None, run_after=None
[2024-05-30T06:43:07.386+0000] {processor.py:183} INFO - Processing /home/airflow/.local/lib/python3.12/site-packages/airflow/example_dags/tutorial_dag.py took 0.060 seconds
[2024-05-30T06:43:37.619+0000] {processor.py:161} INFO - Started process (PID=378) to work on /home/airflow/.local/lib/python3.12/site-packages/airflow/example_dags/tutorial_dag.py
[2024-05-30T06:43:37.620+0000] {processor.py:830} INFO - Processing file /home/airflow/.local/lib/python3.12/site-packages/airflow/example_dags/tutorial_dag.py for tasks to queue
[2024-05-30T06:43:37.621+0000] {logging_mixin.py:188} INFO - [2024-05-30T06:43:37.621+0000] {dagbag.py:545} INFO - Filling up the DagBag from /home/airflow/.local/lib/python3.12/site-packages/airflow/example_dags/tutorial_dag.py
[2024-05-30T06:43:37.626+0000] {processor.py:840} INFO - DAG(s) 'tutorial_dag' retrieved from /home/airflow/.local/lib/python3.12/site-packages/airflow/example_dags/tutorial_dag.py
[2024-05-30T06:43:37.643+0000] {logging_mixin.py:188} INFO - [2024-05-30T06:43:37.643+0000] {dag.py:3096} INFO - Sync 1 DAGs
[2024-05-30T06:43:37.656+0000] {logging_mixin.py:188} INFO - [2024-05-30T06:43:37.656+0000] {dag.py:3954} INFO - Setting next_dagrun for tutorial_dag to None, run_after=None
[2024-05-30T06:43:37.673+0000] {processor.py:183} INFO - Processing /home/airflow/.local/lib/python3.12/site-packages/airflow/example_dags/tutorial_dag.py took 0.059 seconds
[2024-05-30T06:44:08.253+0000] {processor.py:161} INFO - Started process (PID=436) to work on /home/airflow/.local/lib/python3.12/site-packages/airflow/example_dags/tutorial_dag.py
[2024-05-30T06:44:08.254+0000] {processor.py:830} INFO - Processing file /home/airflow/.local/lib/python3.12/site-packages/airflow/example_dags/tutorial_dag.py for tasks to queue
[2024-05-30T06:44:08.255+0000] {logging_mixin.py:188} INFO - [2024-05-30T06:44:08.255+0000] {dagbag.py:545} INFO - Filling up the DagBag from /home/airflow/.local/lib/python3.12/site-packages/airflow/example_dags/tutorial_dag.py
[2024-05-30T06:44:08.260+0000] {processor.py:840} INFO - DAG(s) 'tutorial_dag' retrieved from /home/airflow/.local/lib/python3.12/site-packages/airflow/example_dags/tutorial_dag.py
[2024-05-30T06:44:08.277+0000] {logging_mixin.py:188} INFO - [2024-05-30T06:44:08.277+0000] {dag.py:3096} INFO - Sync 1 DAGs
[2024-05-30T06:44:08.289+0000] {logging_mixin.py:188} INFO - [2024-05-30T06:44:08.289+0000] {dag.py:3954} INFO - Setting next_dagrun for tutorial_dag to None, run_after=None
[2024-05-30T06:44:08.307+0000] {processor.py:183} INFO - Processing /home/airflow/.local/lib/python3.12/site-packages/airflow/example_dags/tutorial_dag.py took 0.059 seconds
[2024-05-30T06:44:38.449+0000] {processor.py:161} INFO - Started process (PID=494) to work on /home/airflow/.local/lib/python3.12/site-packages/airflow/example_dags/tutorial_dag.py
[2024-05-30T06:44:38.450+0000] {processor.py:830} INFO - Processing file /home/airflow/.local/lib/python3.12/site-packages/airflow/example_dags/tutorial_dag.py for tasks to queue
[2024-05-30T06:44:38.452+0000] {logging_mixin.py:188} INFO - [2024-05-30T06:44:38.451+0000] {dagbag.py:545} INFO - Filling up the DagBag from /home/airflow/.local/lib/python3.12/site-packages/airflow/example_dags/tutorial_dag.py
[2024-05-30T06:44:38.456+0000] {processor.py:840} INFO - DAG(s) 'tutorial_dag' retrieved from /home/airflow/.local/lib/python3.12/site-packages/airflow/example_dags/tutorial_dag.py
[2024-05-30T06:44:38.474+0000] {logging_mixin.py:188} INFO - [2024-05-30T06:44:38.474+0000] {dag.py:3096} INFO - Sync 1 DAGs
[2024-05-30T06:44:38.486+0000] {logging_mixin.py:188} INFO - [2024-05-30T06:44:38.486+0000] {dag.py:3954} INFO - Setting next_dagrun for tutorial_dag to None, run_after=None
[2024-05-30T06:44:38.505+0000] {processor.py:183} INFO - Processing /home/airflow/.local/lib/python3.12/site-packages/airflow/example_dags/tutorial_dag.py took 0.061 seconds
[2024-05-30T06:45:08.689+0000] {processor.py:161} INFO - Started process (PID=552) to work on /home/airflow/.local/lib/python3.12/site-packages/airflow/example_dags/tutorial_dag.py
[2024-05-30T06:45:08.690+0000] {processor.py:830} INFO - Processing file /home/airflow/.local/lib/python3.12/site-packages/airflow/example_dags/tutorial_dag.py for tasks to queue
[2024-05-30T06:45:08.692+0000] {logging_mixin.py:188} INFO - [2024-05-30T06:45:08.691+0000] {dagbag.py:545} INFO - Filling up the DagBag from /home/airflow/.local/lib/python3.12/site-packages/airflow/example_dags/tutorial_dag.py
[2024-05-30T06:45:08.696+0000] {processor.py:840} INFO - DAG(s) 'tutorial_dag' retrieved from /home/airflow/.local/lib/python3.12/site-packages/airflow/example_dags/tutorial_dag.py
[2024-05-30T06:45:08.714+0000] {logging_mixin.py:188} INFO - [2024-05-30T06:45:08.714+0000] {dag.py:3096} INFO - Sync 1 DAGs
[2024-05-30T06:45:08.726+0000] {logging_mixin.py:188} INFO - [2024-05-30T06:45:08.726+0000] {dag.py:3954} INFO - Setting next_dagrun for tutorial_dag to None, run_after=None
[2024-05-30T06:45:08.745+0000] {processor.py:183} INFO - Processing /home/airflow/.local/lib/python3.12/site-packages/airflow/example_dags/tutorial_dag.py took 0.061 seconds
[2024-05-30T06:45:39.054+0000] {processor.py:161} INFO - Started process (PID=610) to work on /home/airflow/.local/lib/python3.12/site-packages/airflow/example_dags/tutorial_dag.py
[2024-05-30T06:45:39.055+0000] {processor.py:830} INFO - Processing file /home/airflow/.local/lib/python3.12/site-packages/airflow/example_dags/tutorial_dag.py for tasks to queue
[2024-05-30T06:45:39.057+0000] {logging_mixin.py:188} INFO - [2024-05-30T06:45:39.057+0000] {dagbag.py:545} INFO - Filling up the DagBag from /home/airflow/.local/lib/python3.12/site-packages/airflow/example_dags/tutorial_dag.py
[2024-05-30T06:45:39.063+0000] {processor.py:840} INFO - DAG(s) 'tutorial_dag' retrieved from /home/airflow/.local/lib/python3.12/site-packages/airflow/example_dags/tutorial_dag.py
[2024-05-30T06:45:39.086+0000] {logging_mixin.py:188} INFO - [2024-05-30T06:45:39.086+0000] {dag.py:3096} INFO - Sync 1 DAGs
[2024-05-30T06:45:39.108+0000] {logging_mixin.py:188} INFO - [2024-05-30T06:45:39.108+0000] {dag.py:3954} INFO - Setting next_dagrun for tutorial_dag to None, run_after=None
[2024-05-30T06:45:39.132+0000] {processor.py:183} INFO - Processing /home/airflow/.local/lib/python3.12/site-packages/airflow/example_dags/tutorial_dag.py took 0.084 seconds
[2024-05-30T06:46:09.433+0000] {processor.py:161} INFO - Started process (PID=668) to work on /home/airflow/.local/lib/python3.12/site-packages/airflow/example_dags/tutorial_dag.py
[2024-05-30T06:46:09.434+0000] {processor.py:830} INFO - Processing file /home/airflow/.local/lib/python3.12/site-packages/airflow/example_dags/tutorial_dag.py for tasks to queue
[2024-05-30T06:46:09.436+0000] {logging_mixin.py:188} INFO - [2024-05-30T06:46:09.435+0000] {dagbag.py:545} INFO - Filling up the DagBag from /home/airflow/.local/lib/python3.12/site-packages/airflow/example_dags/tutorial_dag.py
[2024-05-30T06:46:09.440+0000] {processor.py:840} INFO - DAG(s) 'tutorial_dag' retrieved from /home/airflow/.local/lib/python3.12/site-packages/airflow/example_dags/tutorial_dag.py
[2024-05-30T06:46:09.458+0000] {logging_mixin.py:188} INFO - [2024-05-30T06:46:09.458+0000] {dag.py:3096} INFO - Sync 1 DAGs
[2024-05-30T06:46:09.470+0000] {logging_mixin.py:188} INFO - [2024-05-30T06:46:09.470+0000] {dag.py:3954} INFO - Setting next_dagrun for tutorial_dag to None, run_after=None
[2024-05-30T06:46:09.489+0000] {processor.py:183} INFO - Processing /home/airflow/.local/lib/python3.12/site-packages/airflow/example_dags/tutorial_dag.py took 0.060 seconds
[2024-05-30T06:46:39.889+0000] {processor.py:161} INFO - Started process (PID=726) to work on /home/airflow/.local/lib/python3.12/site-packages/airflow/example_dags/tutorial_dag.py
[2024-05-30T06:46:39.890+0000] {processor.py:830} INFO - Processing file /home/airflow/.local/lib/python3.12/site-packages/airflow/example_dags/tutorial_dag.py for tasks to queue
[2024-05-30T06:46:39.892+0000] {logging_mixin.py:188} INFO - [2024-05-30T06:46:39.891+0000] {dagbag.py:545} INFO - Filling up the DagBag from /home/airflow/.local/lib/python3.12/site-packages/airflow/example_dags/tutorial_dag.py
[2024-05-30T06:46:39.896+0000] {processor.py:840} INFO - DAG(s) 'tutorial_dag' retrieved from /home/airflow/.local/lib/python3.12/site-packages/airflow/example_dags/tutorial_dag.py
[2024-05-30T06:46:39.913+0000] {logging_mixin.py:188} INFO - [2024-05-30T06:46:39.913+0000] {dag.py:3096} INFO - Sync 1 DAGs
[2024-05-30T06:46:39.925+0000] {logging_mixin.py:188} INFO - [2024-05-30T06:46:39.925+0000] {dag.py:3954} INFO - Setting next_dagrun for tutorial_dag to None, run_after=None
[2024-05-30T06:46:39.943+0000] {processor.py:183} INFO - Processing /home/airflow/.local/lib/python3.12/site-packages/airflow/example_dags/tutorial_dag.py took 0.059 seconds
[2024-05-30T06:47:10.634+0000] {processor.py:161} INFO - Started process (PID=784) to work on /home/airflow/.local/lib/python3.12/site-packages/airflow/example_dags/tutorial_dag.py
[2024-05-30T06:47:10.635+0000] {processor.py:830} INFO - Processing file /home/airflow/.local/lib/python3.12/site-packages/airflow/example_dags/tutorial_dag.py for tasks to queue
[2024-05-30T06:47:10.636+0000] {logging_mixin.py:188} INFO - [2024-05-30T06:47:10.636+0000] {dagbag.py:545} INFO - Filling up the DagBag from /home/airflow/.local/lib/python3.12/site-packages/airflow/example_dags/tutorial_dag.py
[2024-05-30T06:47:10.641+0000] {processor.py:840} INFO - DAG(s) 'tutorial_dag' retrieved from /home/airflow/.local/lib/python3.12/site-packages/airflow/example_dags/tutorial_dag.py
[2024-05-30T06:47:10.661+0000] {logging_mixin.py:188} INFO - [2024-05-30T06:47:10.660+0000] {dag.py:3096} INFO - Sync 1 DAGs
[2024-05-30T06:47:10.674+0000] {logging_mixin.py:188} INFO - [2024-05-30T06:47:10.673+0000] {dag.py:3954} INFO - Setting next_dagrun for tutorial_dag to None, run_after=None
[2024-05-30T06:47:10.692+0000] {processor.py:183} INFO - Processing /home/airflow/.local/lib/python3.12/site-packages/airflow/example_dags/tutorial_dag.py took 0.063 seconds
[2024-05-30T06:47:40.892+0000] {processor.py:161} INFO - Started process (PID=842) to work on /home/airflow/.local/lib/python3.12/site-packages/airflow/example_dags/tutorial_dag.py
[2024-05-30T06:47:40.893+0000] {processor.py:830} INFO - Processing file /home/airflow/.local/lib/python3.12/site-packages/airflow/example_dags/tutorial_dag.py for tasks to queue
[2024-05-30T06:47:40.895+0000] {logging_mixin.py:188} INFO - [2024-05-30T06:47:40.894+0000] {dagbag.py:545} INFO - Filling up the DagBag from /home/airflow/.local/lib/python3.12/site-packages/airflow/example_dags/tutorial_dag.py
[2024-05-30T06:47:40.899+0000] {processor.py:840} INFO - DAG(s) 'tutorial_dag' retrieved from /home/airflow/.local/lib/python3.12/site-packages/airflow/example_dags/tutorial_dag.py
[2024-05-30T06:47:40.917+0000] {logging_mixin.py:188} INFO - [2024-05-30T06:47:40.917+0000] {dag.py:3096} INFO - Sync 1 DAGs
[2024-05-30T06:47:40.929+0000] {logging_mixin.py:188} INFO - [2024-05-30T06:47:40.929+0000] {dag.py:3954} INFO - Setting next_dagrun for tutorial_dag to None, run_after=None
[2024-05-30T06:47:40.947+0000] {processor.py:183} INFO - Processing /home/airflow/.local/lib/python3.12/site-packages/airflow/example_dags/tutorial_dag.py took 0.060 seconds
[2024-05-30T06:48:11.081+0000] {processor.py:161} INFO - Started process (PID=900) to work on /home/airflow/.local/lib/python3.12/site-packages/airflow/example_dags/tutorial_dag.py
[2024-05-30T06:48:11.082+0000] {processor.py:830} INFO - Processing file /home/airflow/.local/lib/python3.12/site-packages/airflow/example_dags/tutorial_dag.py for tasks to queue
[2024-05-30T06:48:11.083+0000] {logging_mixin.py:188} INFO - [2024-05-30T06:48:11.083+0000] {dagbag.py:545} INFO - Filling up the DagBag from /home/airflow/.local/lib/python3.12/site-packages/airflow/example_dags/tutorial_dag.py
[2024-05-30T06:48:11.088+0000] {processor.py:840} INFO - DAG(s) 'tutorial_dag' retrieved from /home/airflow/.local/lib/python3.12/site-packages/airflow/example_dags/tutorial_dag.py
[2024-05-30T06:48:11.107+0000] {logging_mixin.py:188} INFO - [2024-05-30T06:48:11.107+0000] {dag.py:3096} INFO - Sync 1 DAGs
[2024-05-30T06:48:11.120+0000] {logging_mixin.py:188} INFO - [2024-05-30T06:48:11.120+0000] {dag.py:3954} INFO - Setting next_dagrun for tutorial_dag to None, run_after=None
[2024-05-30T06:48:11.140+0000] {processor.py:183} INFO - Processing /home/airflow/.local/lib/python3.12/site-packages/airflow/example_dags/tutorial_dag.py took 0.064 seconds
[2024-05-30T06:48:41.301+0000] {processor.py:161} INFO - Started process (PID=958) to work on /home/airflow/.local/lib/python3.12/site-packages/airflow/example_dags/tutorial_dag.py
[2024-05-30T06:48:41.302+0000] {processor.py:830} INFO - Processing file /home/airflow/.local/lib/python3.12/site-packages/airflow/example_dags/tutorial_dag.py for tasks to queue
[2024-05-30T06:48:41.303+0000] {logging_mixin.py:188} INFO - [2024-05-30T06:48:41.303+0000] {dagbag.py:545} INFO - Filling up the DagBag from /home/airflow/.local/lib/python3.12/site-packages/airflow/example_dags/tutorial_dag.py
[2024-05-30T06:48:41.308+0000] {processor.py:840} INFO - DAG(s) 'tutorial_dag' retrieved from /home/airflow/.local/lib/python3.12/site-packages/airflow/example_dags/tutorial_dag.py
[2024-05-30T06:48:41.327+0000] {logging_mixin.py:188} INFO - [2024-05-30T06:48:41.326+0000] {dag.py:3096} INFO - Sync 1 DAGs
[2024-05-30T06:48:41.339+0000] {logging_mixin.py:188} INFO - [2024-05-30T06:48:41.339+0000] {dag.py:3954} INFO - Setting next_dagrun for tutorial_dag to None, run_after=None
[2024-05-30T06:48:41.357+0000] {processor.py:183} INFO - Processing /home/airflow/.local/lib/python3.12/site-packages/airflow/example_dags/tutorial_dag.py took 0.061 seconds
[2024-05-30T06:49:11.763+0000] {processor.py:161} INFO - Started process (PID=1016) to work on /home/airflow/.local/lib/python3.12/site-packages/airflow/example_dags/tutorial_dag.py
[2024-05-30T06:49:11.764+0000] {processor.py:830} INFO - Processing file /home/airflow/.local/lib/python3.12/site-packages/airflow/example_dags/tutorial_dag.py for tasks to queue
[2024-05-30T06:49:11.765+0000] {logging_mixin.py:188} INFO - [2024-05-30T06:49:11.765+0000] {dagbag.py:545} INFO - Filling up the DagBag from /home/airflow/.local/lib/python3.12/site-packages/airflow/example_dags/tutorial_dag.py
[2024-05-30T06:49:11.770+0000] {processor.py:840} INFO - DAG(s) 'tutorial_dag' retrieved from /home/airflow/.local/lib/python3.12/site-packages/airflow/example_dags/tutorial_dag.py
[2024-05-30T06:49:11.788+0000] {logging_mixin.py:188} INFO - [2024-05-30T06:49:11.788+0000] {dag.py:3096} INFO - Sync 1 DAGs
[2024-05-30T06:49:11.801+0000] {logging_mixin.py:188} INFO - [2024-05-30T06:49:11.801+0000] {dag.py:3954} INFO - Setting next_dagrun for tutorial_dag to None, run_after=None
[2024-05-30T06:49:11.819+0000] {processor.py:183} INFO - Processing /home/airflow/.local/lib/python3.12/site-packages/airflow/example_dags/tutorial_dag.py took 0.063 seconds
[2024-05-30T06:49:41.912+0000] {processor.py:161} INFO - Started process (PID=1074) to work on /home/airflow/.local/lib/python3.12/site-packages/airflow/example_dags/tutorial_dag.py
[2024-05-30T06:49:41.913+0000] {processor.py:830} INFO - Processing file /home/airflow/.local/lib/python3.12/site-packages/airflow/example_dags/tutorial_dag.py for tasks to queue
[2024-05-30T06:49:41.915+0000] {logging_mixin.py:188} INFO - [2024-05-30T06:49:41.915+0000] {dagbag.py:545} INFO - Filling up the DagBag from /home/airflow/.local/lib/python3.12/site-packages/airflow/example_dags/tutorial_dag.py
[2024-05-30T06:49:41.919+0000] {processor.py:840} INFO - DAG(s) 'tutorial_dag' retrieved from /home/airflow/.local/lib/python3.12/site-packages/airflow/example_dags/tutorial_dag.py
[2024-05-30T06:49:41.937+0000] {logging_mixin.py:188} INFO - [2024-05-30T06:49:41.937+0000] {dag.py:3096} INFO - Sync 1 DAGs
[2024-05-30T06:49:41.950+0000] {logging_mixin.py:188} INFO - [2024-05-30T06:49:41.950+0000] {dag.py:3954} INFO - Setting next_dagrun for tutorial_dag to None, run_after=None
[2024-05-30T06:49:41.969+0000] {processor.py:183} INFO - Processing /home/airflow/.local/lib/python3.12/site-packages/airflow/example_dags/tutorial_dag.py took 0.062 seconds
[2024-05-30T06:50:12.693+0000] {processor.py:161} INFO - Started process (PID=1132) to work on /home/airflow/.local/lib/python3.12/site-packages/airflow/example_dags/tutorial_dag.py
[2024-05-30T06:50:12.694+0000] {processor.py:830} INFO - Processing file /home/airflow/.local/lib/python3.12/site-packages/airflow/example_dags/tutorial_dag.py for tasks to queue
[2024-05-30T06:50:12.696+0000] {logging_mixin.py:188} INFO - [2024-05-30T06:50:12.695+0000] {dagbag.py:545} INFO - Filling up the DagBag from /home/airflow/.local/lib/python3.12/site-packages/airflow/example_dags/tutorial_dag.py
[2024-05-30T06:50:12.701+0000] {processor.py:840} INFO - DAG(s) 'tutorial_dag' retrieved from /home/airflow/.local/lib/python3.12/site-packages/airflow/example_dags/tutorial_dag.py
[2024-05-30T06:50:12.719+0000] {logging_mixin.py:188} INFO - [2024-05-30T06:50:12.718+0000] {dag.py:3096} INFO - Sync 1 DAGs
[2024-05-30T06:50:12.731+0000] {logging_mixin.py:188} INFO - [2024-05-30T06:50:12.731+0000] {dag.py:3954} INFO - Setting next_dagrun for tutorial_dag to None, run_after=None
[2024-05-30T06:50:12.749+0000] {processor.py:183} INFO - Processing /home/airflow/.local/lib/python3.12/site-packages/airflow/example_dags/tutorial_dag.py took 0.062 seconds
[2024-05-30T06:50:43.318+0000] {processor.py:161} INFO - Started process (PID=1190) to work on /home/airflow/.local/lib/python3.12/site-packages/airflow/example_dags/tutorial_dag.py
[2024-05-30T06:50:43.319+0000] {processor.py:830} INFO - Processing file /home/airflow/.local/lib/python3.12/site-packages/airflow/example_dags/tutorial_dag.py for tasks to queue
[2024-05-30T06:50:43.320+0000] {logging_mixin.py:188} INFO - [2024-05-30T06:50:43.320+0000] {dagbag.py:545} INFO - Filling up the DagBag from /home/airflow/.local/lib/python3.12/site-packages/airflow/example_dags/tutorial_dag.py
[2024-05-30T06:50:43.325+0000] {processor.py:840} INFO - DAG(s) 'tutorial_dag' retrieved from /home/airflow/.local/lib/python3.12/site-packages/airflow/example_dags/tutorial_dag.py
[2024-05-30T06:50:43.344+0000] {logging_mixin.py:188} INFO - [2024-05-30T06:50:43.343+0000] {dag.py:3096} INFO - Sync 1 DAGs
[2024-05-30T06:50:43.356+0000] {logging_mixin.py:188} INFO - [2024-05-30T06:50:43.356+0000] {dag.py:3954} INFO - Setting next_dagrun for tutorial_dag to None, run_after=None
[2024-05-30T06:50:43.375+0000] {processor.py:183} INFO - Processing /home/airflow/.local/lib/python3.12/site-packages/airflow/example_dags/tutorial_dag.py took 0.062 seconds
[2024-05-30T06:51:13.409+0000] {processor.py:161} INFO - Started process (PID=1248) to work on /home/airflow/.local/lib/python3.12/site-packages/airflow/example_dags/tutorial_dag.py
[2024-05-30T06:51:13.410+0000] {processor.py:830} INFO - Processing file /home/airflow/.local/lib/python3.12/site-packages/airflow/example_dags/tutorial_dag.py for tasks to queue
[2024-05-30T06:51:13.412+0000] {logging_mixin.py:188} INFO - [2024-05-30T06:51:13.411+0000] {dagbag.py:545} INFO - Filling up the DagBag from /home/airflow/.local/lib/python3.12/site-packages/airflow/example_dags/tutorial_dag.py
[2024-05-30T06:51:13.416+0000] {processor.py:840} INFO - DAG(s) 'tutorial_dag' retrieved from /home/airflow/.local/lib/python3.12/site-packages/airflow/example_dags/tutorial_dag.py
[2024-05-30T06:51:13.435+0000] {logging_mixin.py:188} INFO - [2024-05-30T06:51:13.435+0000] {dag.py:3096} INFO - Sync 1 DAGs
[2024-05-30T06:51:13.448+0000] {logging_mixin.py:188} INFO - [2024-05-30T06:51:13.447+0000] {dag.py:3954} INFO - Setting next_dagrun for tutorial_dag to None, run_after=None
[2024-05-30T06:51:13.465+0000] {processor.py:183} INFO - Processing /home/airflow/.local/lib/python3.12/site-packages/airflow/example_dags/tutorial_dag.py took 0.062 seconds
[2024-05-30T06:51:43.923+0000] {processor.py:161} INFO - Started process (PID=1306) to work on /home/airflow/.local/lib/python3.12/site-packages/airflow/example_dags/tutorial_dag.py
[2024-05-30T06:51:43.924+0000] {processor.py:830} INFO - Processing file /home/airflow/.local/lib/python3.12/site-packages/airflow/example_dags/tutorial_dag.py for tasks to queue
[2024-05-30T06:51:43.926+0000] {logging_mixin.py:188} INFO - [2024-05-30T06:51:43.926+0000] {dagbag.py:545} INFO - Filling up the DagBag from /home/airflow/.local/lib/python3.12/site-packages/airflow/example_dags/tutorial_dag.py
[2024-05-30T06:51:43.931+0000] {processor.py:840} INFO - DAG(s) 'tutorial_dag' retrieved from /home/airflow/.local/lib/python3.12/site-packages/airflow/example_dags/tutorial_dag.py
[2024-05-30T06:51:43.949+0000] {logging_mixin.py:188} INFO - [2024-05-30T06:51:43.948+0000] {dag.py:3096} INFO - Sync 1 DAGs
[2024-05-30T06:51:43.961+0000] {logging_mixin.py:188} INFO - [2024-05-30T06:51:43.961+0000] {dag.py:3954} INFO - Setting next_dagrun for tutorial_dag to None, run_after=None
[2024-05-30T06:51:43.980+0000] {processor.py:183} INFO - Processing /home/airflow/.local/lib/python3.12/site-packages/airflow/example_dags/tutorial_dag.py took 0.062 seconds
[2024-05-30T06:52:14.447+0000] {processor.py:161} INFO - Started process (PID=1364) to work on /home/airflow/.local/lib/python3.12/site-packages/airflow/example_dags/tutorial_dag.py
[2024-05-30T06:52:14.448+0000] {processor.py:830} INFO - Processing file /home/airflow/.local/lib/python3.12/site-packages/airflow/example_dags/tutorial_dag.py for tasks to queue
[2024-05-30T06:52:14.451+0000] {logging_mixin.py:188} INFO - [2024-05-30T06:52:14.450+0000] {dagbag.py:545} INFO - Filling up the DagBag from /home/airflow/.local/lib/python3.12/site-packages/airflow/example_dags/tutorial_dag.py
[2024-05-30T06:52:14.456+0000] {processor.py:840} INFO - DAG(s) 'tutorial_dag' retrieved from /home/airflow/.local/lib/python3.12/site-packages/airflow/example_dags/tutorial_dag.py
[2024-05-30T06:52:14.479+0000] {logging_mixin.py:188} INFO - [2024-05-30T06:52:14.478+0000] {dag.py:3096} INFO - Sync 1 DAGs
[2024-05-30T06:52:14.492+0000] {logging_mixin.py:188} INFO - [2024-05-30T06:52:14.492+0000] {dag.py:3954} INFO - Setting next_dagrun for tutorial_dag to None, run_after=None
[2024-05-30T06:52:14.515+0000] {processor.py:183} INFO - Processing /home/airflow/.local/lib/python3.12/site-packages/airflow/example_dags/tutorial_dag.py took 0.077 seconds
[2024-05-30T06:52:44.999+0000] {processor.py:161} INFO - Started process (PID=1422) to work on /home/airflow/.local/lib/python3.12/site-packages/airflow/example_dags/tutorial_dag.py
[2024-05-30T06:52:45.000+0000] {processor.py:830} INFO - Processing file /home/airflow/.local/lib/python3.12/site-packages/airflow/example_dags/tutorial_dag.py for tasks to queue
[2024-05-30T06:52:45.001+0000] {logging_mixin.py:188} INFO - [2024-05-30T06:52:45.001+0000] {dagbag.py:545} INFO - Filling up the DagBag from /home/airflow/.local/lib/python3.12/site-packages/airflow/example_dags/tutorial_dag.py
[2024-05-30T06:52:45.006+0000] {processor.py:840} INFO - DAG(s) 'tutorial_dag' retrieved from /home/airflow/.local/lib/python3.12/site-packages/airflow/example_dags/tutorial_dag.py
[2024-05-30T06:52:45.025+0000] {logging_mixin.py:188} INFO - [2024-05-30T06:52:45.024+0000] {dag.py:3096} INFO - Sync 1 DAGs
[2024-05-30T06:52:45.038+0000] {logging_mixin.py:188} INFO - [2024-05-30T06:52:45.037+0000] {dag.py:3954} INFO - Setting next_dagrun for tutorial_dag to None, run_after=None
[2024-05-30T06:52:45.059+0000] {processor.py:183} INFO - Processing /home/airflow/.local/lib/python3.12/site-packages/airflow/example_dags/tutorial_dag.py took 0.065 seconds
[2024-05-30T06:53:15.611+0000] {processor.py:161} INFO - Started process (PID=1480) to work on /home/airflow/.local/lib/python3.12/site-packages/airflow/example_dags/tutorial_dag.py
[2024-05-30T06:53:15.612+0000] {processor.py:830} INFO - Processing file /home/airflow/.local/lib/python3.12/site-packages/airflow/example_dags/tutorial_dag.py for tasks to queue
[2024-05-30T06:53:15.614+0000] {logging_mixin.py:188} INFO - [2024-05-30T06:53:15.614+0000] {dagbag.py:545} INFO - Filling up the DagBag from /home/airflow/.local/lib/python3.12/site-packages/airflow/example_dags/tutorial_dag.py
[2024-05-30T06:53:15.619+0000] {processor.py:840} INFO - DAG(s) 'tutorial_dag' retrieved from /home/airflow/.local/lib/python3.12/site-packages/airflow/example_dags/tutorial_dag.py
[2024-05-30T06:53:15.638+0000] {logging_mixin.py:188} INFO - [2024-05-30T06:53:15.638+0000] {dag.py:3096} INFO - Sync 1 DAGs
[2024-05-30T06:53:15.652+0000] {logging_mixin.py:188} INFO - [2024-05-30T06:53:15.652+0000] {dag.py:3954} INFO - Setting next_dagrun for tutorial_dag to None, run_after=None
[2024-05-30T06:53:15.671+0000] {processor.py:183} INFO - Processing /home/airflow/.local/lib/python3.12/site-packages/airflow/example_dags/tutorial_dag.py took 0.065 seconds
[2024-05-30T06:53:46.083+0000] {processor.py:161} INFO - Started process (PID=1538) to work on /home/airflow/.local/lib/python3.12/site-packages/airflow/example_dags/tutorial_dag.py
[2024-05-30T06:53:46.084+0000] {processor.py:830} INFO - Processing file /home/airflow/.local/lib/python3.12/site-packages/airflow/example_dags/tutorial_dag.py for tasks to queue
[2024-05-30T06:53:46.086+0000] {logging_mixin.py:188} INFO - [2024-05-30T06:53:46.085+0000] {dagbag.py:545} INFO - Filling up the DagBag from /home/airflow/.local/lib/python3.12/site-packages/airflow/example_dags/tutorial_dag.py
[2024-05-30T06:53:46.090+0000] {processor.py:840} INFO - DAG(s) 'tutorial_dag' retrieved from /home/airflow/.local/lib/python3.12/site-packages/airflow/example_dags/tutorial_dag.py
[2024-05-30T06:53:46.107+0000] {logging_mixin.py:188} INFO - [2024-05-30T06:53:46.107+0000] {dag.py:3096} INFO - Sync 1 DAGs
[2024-05-30T06:53:46.119+0000] {logging_mixin.py:188} INFO - [2024-05-30T06:53:46.119+0000] {dag.py:3954} INFO - Setting next_dagrun for tutorial_dag to None, run_after=None
[2024-05-30T06:53:46.137+0000] {processor.py:183} INFO - Processing /home/airflow/.local/lib/python3.12/site-packages/airflow/example_dags/tutorial_dag.py took 0.059 seconds
[2024-05-30T06:54:16.757+0000] {processor.py:161} INFO - Started process (PID=1596) to work on /home/airflow/.local/lib/python3.12/site-packages/airflow/example_dags/tutorial_dag.py
[2024-05-30T06:54:16.757+0000] {processor.py:830} INFO - Processing file /home/airflow/.local/lib/python3.12/site-packages/airflow/example_dags/tutorial_dag.py for tasks to queue
[2024-05-30T06:54:16.759+0000] {logging_mixin.py:188} INFO - [2024-05-30T06:54:16.759+0000] {dagbag.py:545} INFO - Filling up the DagBag from /home/airflow/.local/lib/python3.12/site-packages/airflow/example_dags/tutorial_dag.py
[2024-05-30T06:54:16.763+0000] {processor.py:840} INFO - DAG(s) 'tutorial_dag' retrieved from /home/airflow/.local/lib/python3.12/site-packages/airflow/example_dags/tutorial_dag.py
[2024-05-30T06:54:16.781+0000] {logging_mixin.py:188} INFO - [2024-05-30T06:54:16.781+0000] {dag.py:3096} INFO - Sync 1 DAGs
[2024-05-30T06:54:16.793+0000] {logging_mixin.py:188} INFO - [2024-05-30T06:54:16.793+0000] {dag.py:3954} INFO - Setting next_dagrun for tutorial_dag to None, run_after=None
[2024-05-30T06:54:16.810+0000] {processor.py:183} INFO - Processing /home/airflow/.local/lib/python3.12/site-packages/airflow/example_dags/tutorial_dag.py took 0.059 seconds
[2024-05-30T06:54:47.236+0000] {processor.py:161} INFO - Started process (PID=1654) to work on /home/airflow/.local/lib/python3.12/site-packages/airflow/example_dags/tutorial_dag.py
[2024-05-30T06:54:47.237+0000] {processor.py:830} INFO - Processing file /home/airflow/.local/lib/python3.12/site-packages/airflow/example_dags/tutorial_dag.py for tasks to queue
[2024-05-30T06:54:47.238+0000] {logging_mixin.py:188} INFO - [2024-05-30T06:54:47.238+0000] {dagbag.py:545} INFO - Filling up the DagBag from /home/airflow/.local/lib/python3.12/site-packages/airflow/example_dags/tutorial_dag.py
[2024-05-30T06:54:47.243+0000] {processor.py:840} INFO - DAG(s) 'tutorial_dag' retrieved from /home/airflow/.local/lib/python3.12/site-packages/airflow/example_dags/tutorial_dag.py
[2024-05-30T06:54:47.260+0000] {logging_mixin.py:188} INFO - [2024-05-30T06:54:47.260+0000] {dag.py:3096} INFO - Sync 1 DAGs
[2024-05-30T06:54:47.272+0000] {logging_mixin.py:188} INFO - [2024-05-30T06:54:47.272+0000] {dag.py:3954} INFO - Setting next_dagrun for tutorial_dag to None, run_after=None
[2024-05-30T06:54:47.291+0000] {processor.py:183} INFO - Processing /home/airflow/.local/lib/python3.12/site-packages/airflow/example_dags/tutorial_dag.py took 0.060 seconds
[2024-05-30T06:55:17.629+0000] {processor.py:161} INFO - Started process (PID=1712) to work on /home/airflow/.local/lib/python3.12/site-packages/airflow/example_dags/tutorial_dag.py
[2024-05-30T06:55:17.630+0000] {processor.py:830} INFO - Processing file /home/airflow/.local/lib/python3.12/site-packages/airflow/example_dags/tutorial_dag.py for tasks to queue
[2024-05-30T06:55:17.631+0000] {logging_mixin.py:188} INFO - [2024-05-30T06:55:17.631+0000] {dagbag.py:545} INFO - Filling up the DagBag from /home/airflow/.local/lib/python3.12/site-packages/airflow/example_dags/tutorial_dag.py
[2024-05-30T06:55:17.635+0000] {processor.py:840} INFO - DAG(s) 'tutorial_dag' retrieved from /home/airflow/.local/lib/python3.12/site-packages/airflow/example_dags/tutorial_dag.py
[2024-05-30T06:55:17.653+0000] {logging_mixin.py:188} INFO - [2024-05-30T06:55:17.653+0000] {dag.py:3096} INFO - Sync 1 DAGs
[2024-05-30T06:55:17.666+0000] {logging_mixin.py:188} INFO - [2024-05-30T06:55:17.666+0000] {dag.py:3954} INFO - Setting next_dagrun for tutorial_dag to None, run_after=None
[2024-05-30T06:55:17.685+0000] {processor.py:183} INFO - Processing /home/airflow/.local/lib/python3.12/site-packages/airflow/example_dags/tutorial_dag.py took 0.061 seconds
[2024-05-30T06:55:47.755+0000] {processor.py:161} INFO - Started process (PID=1770) to work on /home/airflow/.local/lib/python3.12/site-packages/airflow/example_dags/tutorial_dag.py
[2024-05-30T06:55:47.756+0000] {processor.py:830} INFO - Processing file /home/airflow/.local/lib/python3.12/site-packages/airflow/example_dags/tutorial_dag.py for tasks to queue
[2024-05-30T06:55:47.758+0000] {logging_mixin.py:188} INFO - [2024-05-30T06:55:47.758+0000] {dagbag.py:545} INFO - Filling up the DagBag from /home/airflow/.local/lib/python3.12/site-packages/airflow/example_dags/tutorial_dag.py
[2024-05-30T06:55:47.762+0000] {processor.py:840} INFO - DAG(s) 'tutorial_dag' retrieved from /home/airflow/.local/lib/python3.12/site-packages/airflow/example_dags/tutorial_dag.py
[2024-05-30T06:55:47.780+0000] {logging_mixin.py:188} INFO - [2024-05-30T06:55:47.779+0000] {dag.py:3096} INFO - Sync 1 DAGs
[2024-05-30T06:55:47.792+0000] {logging_mixin.py:188} INFO - [2024-05-30T06:55:47.792+0000] {dag.py:3954} INFO - Setting next_dagrun for tutorial_dag to None, run_after=None
[2024-05-30T06:55:47.809+0000] {processor.py:183} INFO - Processing /home/airflow/.local/lib/python3.12/site-packages/airflow/example_dags/tutorial_dag.py took 0.059 seconds
[2024-05-30T06:56:17.846+0000] {processor.py:161} INFO - Started process (PID=1828) to work on /home/airflow/.local/lib/python3.12/site-packages/airflow/example_dags/tutorial_dag.py
[2024-05-30T06:56:17.847+0000] {processor.py:830} INFO - Processing file /home/airflow/.local/lib/python3.12/site-packages/airflow/example_dags/tutorial_dag.py for tasks to queue
[2024-05-30T06:56:17.849+0000] {logging_mixin.py:188} INFO - [2024-05-30T06:56:17.849+0000] {dagbag.py:545} INFO - Filling up the DagBag from /home/airflow/.local/lib/python3.12/site-packages/airflow/example_dags/tutorial_dag.py
[2024-05-30T06:56:17.853+0000] {processor.py:840} INFO - DAG(s) 'tutorial_dag' retrieved from /home/airflow/.local/lib/python3.12/site-packages/airflow/example_dags/tutorial_dag.py
[2024-05-30T06:56:17.871+0000] {logging_mixin.py:188} INFO - [2024-05-30T06:56:17.870+0000] {dag.py:3096} INFO - Sync 1 DAGs
[2024-05-30T06:56:17.883+0000] {logging_mixin.py:188} INFO - [2024-05-30T06:56:17.883+0000] {dag.py:3954} INFO - Setting next_dagrun for tutorial_dag to None, run_after=None
[2024-05-30T06:56:17.901+0000] {processor.py:183} INFO - Processing /home/airflow/.local/lib/python3.12/site-packages/airflow/example_dags/tutorial_dag.py took 0.060 seconds
[2024-05-30T06:56:47.953+0000] {processor.py:161} INFO - Started process (PID=1886) to work on /home/airflow/.local/lib/python3.12/site-packages/airflow/example_dags/tutorial_dag.py
[2024-05-30T06:56:47.954+0000] {processor.py:830} INFO - Processing file /home/airflow/.local/lib/python3.12/site-packages/airflow/example_dags/tutorial_dag.py for tasks to queue
[2024-05-30T06:56:47.956+0000] {logging_mixin.py:188} INFO - [2024-05-30T06:56:47.956+0000] {dagbag.py:545} INFO - Filling up the DagBag from /home/airflow/.local/lib/python3.12/site-packages/airflow/example_dags/tutorial_dag.py
[2024-05-30T06:56:47.960+0000] {processor.py:840} INFO - DAG(s) 'tutorial_dag' retrieved from /home/airflow/.local/lib/python3.12/site-packages/airflow/example_dags/tutorial_dag.py
[2024-05-30T06:56:47.977+0000] {logging_mixin.py:188} INFO - [2024-05-30T06:56:47.977+0000] {dag.py:3096} INFO - Sync 1 DAGs
[2024-05-30T06:56:47.989+0000] {logging_mixin.py:188} INFO - [2024-05-30T06:56:47.989+0000] {dag.py:3954} INFO - Setting next_dagrun for tutorial_dag to None, run_after=None
[2024-05-30T06:56:48.007+0000] {processor.py:183} INFO - Processing /home/airflow/.local/lib/python3.12/site-packages/airflow/example_dags/tutorial_dag.py took 0.059 seconds
[2024-05-30T06:57:18.568+0000] {processor.py:161} INFO - Started process (PID=1950) to work on /home/airflow/.local/lib/python3.12/site-packages/airflow/example_dags/tutorial_dag.py
[2024-05-30T06:57:18.569+0000] {processor.py:830} INFO - Processing file /home/airflow/.local/lib/python3.12/site-packages/airflow/example_dags/tutorial_dag.py for tasks to queue
[2024-05-30T06:57:18.571+0000] {logging_mixin.py:188} INFO - [2024-05-30T06:57:18.571+0000] {dagbag.py:545} INFO - Filling up the DagBag from /home/airflow/.local/lib/python3.12/site-packages/airflow/example_dags/tutorial_dag.py
[2024-05-30T06:57:18.576+0000] {processor.py:840} INFO - DAG(s) 'tutorial_dag' retrieved from /home/airflow/.local/lib/python3.12/site-packages/airflow/example_dags/tutorial_dag.py
[2024-05-30T06:57:18.594+0000] {logging_mixin.py:188} INFO - [2024-05-30T06:57:18.594+0000] {dag.py:3096} INFO - Sync 1 DAGs
[2024-05-30T06:57:18.606+0000] {logging_mixin.py:188} INFO - [2024-05-30T06:57:18.606+0000] {dag.py:3954} INFO - Setting next_dagrun for tutorial_dag to None, run_after=None
[2024-05-30T06:57:18.624+0000] {processor.py:183} INFO - Processing /home/airflow/.local/lib/python3.12/site-packages/airflow/example_dags/tutorial_dag.py took 0.061 seconds
[2024-05-30T06:57:49.168+0000] {processor.py:161} INFO - Started process (PID=2008) to work on /home/airflow/.local/lib/python3.12/site-packages/airflow/example_dags/tutorial_dag.py
[2024-05-30T06:57:49.168+0000] {processor.py:830} INFO - Processing file /home/airflow/.local/lib/python3.12/site-packages/airflow/example_dags/tutorial_dag.py for tasks to queue
[2024-05-30T06:57:49.170+0000] {logging_mixin.py:188} INFO - [2024-05-30T06:57:49.170+0000] {dagbag.py:545} INFO - Filling up the DagBag from /home/airflow/.local/lib/python3.12/site-packages/airflow/example_dags/tutorial_dag.py
[2024-05-30T06:57:49.175+0000] {processor.py:840} INFO - DAG(s) 'tutorial_dag' retrieved from /home/airflow/.local/lib/python3.12/site-packages/airflow/example_dags/tutorial_dag.py
[2024-05-30T06:57:49.192+0000] {logging_mixin.py:188} INFO - [2024-05-30T06:57:49.192+0000] {dag.py:3096} INFO - Sync 1 DAGs
[2024-05-30T06:57:49.204+0000] {logging_mixin.py:188} INFO - [2024-05-30T06:57:49.204+0000] {dag.py:3954} INFO - Setting next_dagrun for tutorial_dag to None, run_after=None
[2024-05-30T06:57:49.222+0000] {processor.py:183} INFO - Processing /home/airflow/.local/lib/python3.12/site-packages/airflow/example_dags/tutorial_dag.py took 0.060 seconds
[2024-05-30T06:58:19.724+0000] {processor.py:161} INFO - Started process (PID=2066) to work on /home/airflow/.local/lib/python3.12/site-packages/airflow/example_dags/tutorial_dag.py
[2024-05-30T06:58:19.725+0000] {processor.py:830} INFO - Processing file /home/airflow/.local/lib/python3.12/site-packages/airflow/example_dags/tutorial_dag.py for tasks to queue
[2024-05-30T06:58:19.727+0000] {logging_mixin.py:188} INFO - [2024-05-30T06:58:19.726+0000] {dagbag.py:545} INFO - Filling up the DagBag from /home/airflow/.local/lib/python3.12/site-packages/airflow/example_dags/tutorial_dag.py
[2024-05-30T06:58:19.731+0000] {processor.py:840} INFO - DAG(s) 'tutorial_dag' retrieved from /home/airflow/.local/lib/python3.12/site-packages/airflow/example_dags/tutorial_dag.py
[2024-05-30T06:58:19.750+0000] {logging_mixin.py:188} INFO - [2024-05-30T06:58:19.749+0000] {dag.py:3096} INFO - Sync 1 DAGs
[2024-05-30T06:58:19.763+0000] {logging_mixin.py:188} INFO - [2024-05-30T06:58:19.762+0000] {dag.py:3954} INFO - Setting next_dagrun for tutorial_dag to None, run_after=None
[2024-05-30T06:58:19.781+0000] {processor.py:183} INFO - Processing /home/airflow/.local/lib/python3.12/site-packages/airflow/example_dags/tutorial_dag.py took 0.063 seconds
[2024-05-30T06:58:50.454+0000] {processor.py:161} INFO - Started process (PID=2124) to work on /home/airflow/.local/lib/python3.12/site-packages/airflow/example_dags/tutorial_dag.py
[2024-05-30T06:58:50.454+0000] {processor.py:830} INFO - Processing file /home/airflow/.local/lib/python3.12/site-packages/airflow/example_dags/tutorial_dag.py for tasks to queue
[2024-05-30T06:58:50.457+0000] {logging_mixin.py:188} INFO - [2024-05-30T06:58:50.456+0000] {dagbag.py:545} INFO - Filling up the DagBag from /home/airflow/.local/lib/python3.12/site-packages/airflow/example_dags/tutorial_dag.py
[2024-05-30T06:58:50.461+0000] {processor.py:840} INFO - DAG(s) 'tutorial_dag' retrieved from /home/airflow/.local/lib/python3.12/site-packages/airflow/example_dags/tutorial_dag.py
[2024-05-30T06:58:50.479+0000] {logging_mixin.py:188} INFO - [2024-05-30T06:58:50.479+0000] {dag.py:3096} INFO - Sync 1 DAGs
[2024-05-30T06:58:50.492+0000] {logging_mixin.py:188} INFO - [2024-05-30T06:58:50.492+0000] {dag.py:3954} INFO - Setting next_dagrun for tutorial_dag to None, run_after=None
[2024-05-30T06:58:50.510+0000] {processor.py:183} INFO - Processing /home/airflow/.local/lib/python3.12/site-packages/airflow/example_dags/tutorial_dag.py took 0.062 seconds
[2024-05-30T06:59:20.978+0000] {processor.py:161} INFO - Started process (PID=2182) to work on /home/airflow/.local/lib/python3.12/site-packages/airflow/example_dags/tutorial_dag.py
[2024-05-30T06:59:20.979+0000] {processor.py:830} INFO - Processing file /home/airflow/.local/lib/python3.12/site-packages/airflow/example_dags/tutorial_dag.py for tasks to queue
[2024-05-30T06:59:20.981+0000] {logging_mixin.py:188} INFO - [2024-05-30T06:59:20.980+0000] {dagbag.py:545} INFO - Filling up the DagBag from /home/airflow/.local/lib/python3.12/site-packages/airflow/example_dags/tutorial_dag.py
[2024-05-30T06:59:20.985+0000] {processor.py:840} INFO - DAG(s) 'tutorial_dag' retrieved from /home/airflow/.local/lib/python3.12/site-packages/airflow/example_dags/tutorial_dag.py
[2024-05-30T06:59:21.003+0000] {logging_mixin.py:188} INFO - [2024-05-30T06:59:21.003+0000] {dag.py:3096} INFO - Sync 1 DAGs
[2024-05-30T06:59:21.015+0000] {logging_mixin.py:188} INFO - [2024-05-30T06:59:21.015+0000] {dag.py:3954} INFO - Setting next_dagrun for tutorial_dag to None, run_after=None
[2024-05-30T06:59:21.033+0000] {processor.py:183} INFO - Processing /home/airflow/.local/lib/python3.12/site-packages/airflow/example_dags/tutorial_dag.py took 0.060 seconds
[2024-05-30T06:59:51.428+0000] {processor.py:161} INFO - Started process (PID=2240) to work on /home/airflow/.local/lib/python3.12/site-packages/airflow/example_dags/tutorial_dag.py
[2024-05-30T06:59:51.429+0000] {processor.py:830} INFO - Processing file /home/airflow/.local/lib/python3.12/site-packages/airflow/example_dags/tutorial_dag.py for tasks to queue
[2024-05-30T06:59:51.431+0000] {logging_mixin.py:188} INFO - [2024-05-30T06:59:51.431+0000] {dagbag.py:545} INFO - Filling up the DagBag from /home/airflow/.local/lib/python3.12/site-packages/airflow/example_dags/tutorial_dag.py
[2024-05-30T06:59:51.436+0000] {processor.py:840} INFO - DAG(s) 'tutorial_dag' retrieved from /home/airflow/.local/lib/python3.12/site-packages/airflow/example_dags/tutorial_dag.py
[2024-05-30T06:59:51.456+0000] {logging_mixin.py:188} INFO - [2024-05-30T06:59:51.456+0000] {dag.py:3096} INFO - Sync 1 DAGs
[2024-05-30T06:59:51.470+0000] {logging_mixin.py:188} INFO - [2024-05-30T06:59:51.470+0000] {dag.py:3954} INFO - Setting next_dagrun for tutorial_dag to None, run_after=None
[2024-05-30T06:59:51.489+0000] {processor.py:183} INFO - Processing /home/airflow/.local/lib/python3.12/site-packages/airflow/example_dags/tutorial_dag.py took 0.066 seconds
[2024-05-30T07:00:22.013+0000] {processor.py:161} INFO - Started process (PID=2298) to work on /home/airflow/.local/lib/python3.12/site-packages/airflow/example_dags/tutorial_dag.py
[2024-05-30T07:00:22.013+0000] {processor.py:830} INFO - Processing file /home/airflow/.local/lib/python3.12/site-packages/airflow/example_dags/tutorial_dag.py for tasks to queue
[2024-05-30T07:00:22.015+0000] {logging_mixin.py:188} INFO - [2024-05-30T07:00:22.015+0000] {dagbag.py:545} INFO - Filling up the DagBag from /home/airflow/.local/lib/python3.12/site-packages/airflow/example_dags/tutorial_dag.py
[2024-05-30T07:00:22.020+0000] {processor.py:840} INFO - DAG(s) 'tutorial_dag' retrieved from /home/airflow/.local/lib/python3.12/site-packages/airflow/example_dags/tutorial_dag.py
[2024-05-30T07:00:22.044+0000] {logging_mixin.py:188} INFO - [2024-05-30T07:00:22.043+0000] {dag.py:3096} INFO - Sync 1 DAGs
[2024-05-30T07:00:22.056+0000] {logging_mixin.py:188} INFO - [2024-05-30T07:00:22.056+0000] {dag.py:3954} INFO - Setting next_dagrun for tutorial_dag to None, run_after=None
[2024-05-30T07:00:22.075+0000] {processor.py:183} INFO - Processing /home/airflow/.local/lib/python3.12/site-packages/airflow/example_dags/tutorial_dag.py took 0.067 seconds
[2024-05-30T07:00:52.588+0000] {processor.py:161} INFO - Started process (PID=2356) to work on /home/airflow/.local/lib/python3.12/site-packages/airflow/example_dags/tutorial_dag.py
[2024-05-30T07:00:52.589+0000] {processor.py:830} INFO - Processing file /home/airflow/.local/lib/python3.12/site-packages/airflow/example_dags/tutorial_dag.py for tasks to queue
[2024-05-30T07:00:52.591+0000] {logging_mixin.py:188} INFO - [2024-05-30T07:00:52.591+0000] {dagbag.py:545} INFO - Filling up the DagBag from /home/airflow/.local/lib/python3.12/site-packages/airflow/example_dags/tutorial_dag.py
[2024-05-30T07:00:52.596+0000] {processor.py:840} INFO - DAG(s) 'tutorial_dag' retrieved from /home/airflow/.local/lib/python3.12/site-packages/airflow/example_dags/tutorial_dag.py
[2024-05-30T07:00:52.613+0000] {logging_mixin.py:188} INFO - [2024-05-30T07:00:52.613+0000] {dag.py:3096} INFO - Sync 1 DAGs
[2024-05-30T07:00:52.628+0000] {logging_mixin.py:188} INFO - [2024-05-30T07:00:52.627+0000] {dag.py:3954} INFO - Setting next_dagrun for tutorial_dag to None, run_after=None
[2024-05-30T07:00:52.650+0000] {processor.py:183} INFO - Processing /home/airflow/.local/lib/python3.12/site-packages/airflow/example_dags/tutorial_dag.py took 0.067 seconds
[2024-05-30T07:01:23.073+0000] {processor.py:161} INFO - Started process (PID=2414) to work on /home/airflow/.local/lib/python3.12/site-packages/airflow/example_dags/tutorial_dag.py
[2024-05-30T07:01:23.074+0000] {processor.py:830} INFO - Processing file /home/airflow/.local/lib/python3.12/site-packages/airflow/example_dags/tutorial_dag.py for tasks to queue
[2024-05-30T07:01:23.076+0000] {logging_mixin.py:188} INFO - [2024-05-30T07:01:23.076+0000] {dagbag.py:545} INFO - Filling up the DagBag from /home/airflow/.local/lib/python3.12/site-packages/airflow/example_dags/tutorial_dag.py
[2024-05-30T07:01:23.080+0000] {processor.py:840} INFO - DAG(s) 'tutorial_dag' retrieved from /home/airflow/.local/lib/python3.12/site-packages/airflow/example_dags/tutorial_dag.py
[2024-05-30T07:01:23.098+0000] {logging_mixin.py:188} INFO - [2024-05-30T07:01:23.098+0000] {dag.py:3096} INFO - Sync 1 DAGs
[2024-05-30T07:01:23.112+0000] {logging_mixin.py:188} INFO - [2024-05-30T07:01:23.111+0000] {dag.py:3954} INFO - Setting next_dagrun for tutorial_dag to None, run_after=None
[2024-05-30T07:01:23.130+0000] {processor.py:183} INFO - Processing /home/airflow/.local/lib/python3.12/site-packages/airflow/example_dags/tutorial_dag.py took 0.062 seconds
