[2024-05-29T16:54:09.359+0000] {processor.py:161} INFO - Started process (PID=52) to work on /home/airflow/.local/lib/python3.12/site-packages/airflow/example_dags/example_task_group.py
[2024-05-29T16:54:09.360+0000] {processor.py:830} INFO - Processing file /home/airflow/.local/lib/python3.12/site-packages/airflow/example_dags/example_task_group.py for tasks to queue
[2024-05-29T16:54:09.371+0000] {logging_mixin.py:188} INFO - [2024-05-29T16:54:09.370+0000] {dagbag.py:545} INFO - Filling up the DagBag from /home/airflow/.local/lib/python3.12/site-packages/airflow/example_dags/example_task_group.py
[2024-05-29T16:54:09.401+0000] {processor.py:840} INFO - DAG(s) 'example_task_group' retrieved from /home/airflow/.local/lib/python3.12/site-packages/airflow/example_dags/example_task_group.py
[2024-05-29T16:54:09.700+0000] {logging_mixin.py:188} INFO - [2024-05-29T16:54:09.700+0000] {dag.py:3096} INFO - Sync 1 DAGs
[2024-05-29T16:54:09.763+0000] {logging_mixin.py:188} INFO - [2024-05-29T16:54:09.762+0000] {dag.py:3954} INFO - Setting next_dagrun for example_task_group to 2024-05-28 00:00:00+00:00, run_after=2024-05-29 00:00:00+00:00
[2024-05-29T16:54:09.811+0000] {processor.py:183} INFO - Processing /home/airflow/.local/lib/python3.12/site-packages/airflow/example_dags/example_task_group.py took 0.469 seconds
[2024-05-29T16:54:40.677+0000] {processor.py:161} INFO - Started process (PID=110) to work on /home/airflow/.local/lib/python3.12/site-packages/airflow/example_dags/example_task_group.py
[2024-05-29T16:54:40.678+0000] {processor.py:830} INFO - Processing file /home/airflow/.local/lib/python3.12/site-packages/airflow/example_dags/example_task_group.py for tasks to queue
[2024-05-29T16:54:40.680+0000] {logging_mixin.py:188} INFO - [2024-05-29T16:54:40.680+0000] {dagbag.py:545} INFO - Filling up the DagBag from /home/airflow/.local/lib/python3.12/site-packages/airflow/example_dags/example_task_group.py
[2024-05-29T16:54:40.687+0000] {processor.py:840} INFO - DAG(s) 'example_task_group' retrieved from /home/airflow/.local/lib/python3.12/site-packages/airflow/example_dags/example_task_group.py
[2024-05-29T16:54:40.707+0000] {logging_mixin.py:188} INFO - [2024-05-29T16:54:40.707+0000] {dag.py:3096} INFO - Sync 1 DAGs
[2024-05-29T16:54:40.731+0000] {logging_mixin.py:188} INFO - [2024-05-29T16:54:40.731+0000] {dag.py:3954} INFO - Setting next_dagrun for example_task_group to 2024-05-28 00:00:00+00:00, run_after=2024-05-29 00:00:00+00:00
[2024-05-29T16:54:40.752+0000] {processor.py:183} INFO - Processing /home/airflow/.local/lib/python3.12/site-packages/airflow/example_dags/example_task_group.py took 0.081 seconds
[2024-05-29T16:55:11.055+0000] {processor.py:161} INFO - Started process (PID=174) to work on /home/airflow/.local/lib/python3.12/site-packages/airflow/example_dags/example_task_group.py
[2024-05-29T16:55:11.058+0000] {processor.py:830} INFO - Processing file /home/airflow/.local/lib/python3.12/site-packages/airflow/example_dags/example_task_group.py for tasks to queue
[2024-05-29T16:55:11.061+0000] {logging_mixin.py:188} INFO - [2024-05-29T16:55:11.061+0000] {dagbag.py:545} INFO - Filling up the DagBag from /home/airflow/.local/lib/python3.12/site-packages/airflow/example_dags/example_task_group.py
[2024-05-29T16:55:11.073+0000] {processor.py:840} INFO - DAG(s) 'example_task_group' retrieved from /home/airflow/.local/lib/python3.12/site-packages/airflow/example_dags/example_task_group.py
[2024-05-29T16:55:11.122+0000] {logging_mixin.py:188} INFO - [2024-05-29T16:55:11.122+0000] {dag.py:3096} INFO - Sync 1 DAGs
[2024-05-29T16:55:11.162+0000] {logging_mixin.py:188} INFO - [2024-05-29T16:55:11.162+0000] {dag.py:3954} INFO - Setting next_dagrun for example_task_group to 2024-05-28 00:00:00+00:00, run_after=2024-05-29 00:00:00+00:00
[2024-05-29T16:55:11.191+0000] {processor.py:183} INFO - Processing /home/airflow/.local/lib/python3.12/site-packages/airflow/example_dags/example_task_group.py took 0.144 seconds
[2024-05-29T16:55:41.517+0000] {processor.py:161} INFO - Started process (PID=232) to work on /home/airflow/.local/lib/python3.12/site-packages/airflow/example_dags/example_task_group.py
[2024-05-29T16:55:41.518+0000] {processor.py:830} INFO - Processing file /home/airflow/.local/lib/python3.12/site-packages/airflow/example_dags/example_task_group.py for tasks to queue
[2024-05-29T16:55:41.521+0000] {logging_mixin.py:188} INFO - [2024-05-29T16:55:41.521+0000] {dagbag.py:545} INFO - Filling up the DagBag from /home/airflow/.local/lib/python3.12/site-packages/airflow/example_dags/example_task_group.py
[2024-05-29T16:55:41.529+0000] {processor.py:840} INFO - DAG(s) 'example_task_group' retrieved from /home/airflow/.local/lib/python3.12/site-packages/airflow/example_dags/example_task_group.py
[2024-05-29T16:55:41.553+0000] {logging_mixin.py:188} INFO - [2024-05-29T16:55:41.553+0000] {dag.py:3096} INFO - Sync 1 DAGs
[2024-05-29T16:55:41.580+0000] {logging_mixin.py:188} INFO - [2024-05-29T16:55:41.580+0000] {dag.py:3954} INFO - Setting next_dagrun for example_task_group to 2024-05-28 00:00:00+00:00, run_after=2024-05-29 00:00:00+00:00
[2024-05-29T16:55:41.603+0000] {processor.py:183} INFO - Processing /home/airflow/.local/lib/python3.12/site-packages/airflow/example_dags/example_task_group.py took 0.093 seconds
[2024-05-29T16:56:11.652+0000] {processor.py:161} INFO - Started process (PID=290) to work on /home/airflow/.local/lib/python3.12/site-packages/airflow/example_dags/example_task_group.py
[2024-05-29T16:56:11.653+0000] {processor.py:830} INFO - Processing file /home/airflow/.local/lib/python3.12/site-packages/airflow/example_dags/example_task_group.py for tasks to queue
[2024-05-29T16:56:11.655+0000] {logging_mixin.py:188} INFO - [2024-05-29T16:56:11.655+0000] {dagbag.py:545} INFO - Filling up the DagBag from /home/airflow/.local/lib/python3.12/site-packages/airflow/example_dags/example_task_group.py
[2024-05-29T16:56:11.663+0000] {processor.py:840} INFO - DAG(s) 'example_task_group' retrieved from /home/airflow/.local/lib/python3.12/site-packages/airflow/example_dags/example_task_group.py
[2024-05-29T16:56:11.684+0000] {logging_mixin.py:188} INFO - [2024-05-29T16:56:11.684+0000] {dag.py:3096} INFO - Sync 1 DAGs
[2024-05-29T16:56:11.711+0000] {logging_mixin.py:188} INFO - [2024-05-29T16:56:11.710+0000] {dag.py:3954} INFO - Setting next_dagrun for example_task_group to 2024-05-28 00:00:00+00:00, run_after=2024-05-29 00:00:00+00:00
[2024-05-29T16:56:11.732+0000] {processor.py:183} INFO - Processing /home/airflow/.local/lib/python3.12/site-packages/airflow/example_dags/example_task_group.py took 0.085 seconds
[2024-05-29T16:57:50.216+0000] {processor.py:161} INFO - Started process (PID=51) to work on /home/airflow/.local/lib/python3.12/site-packages/airflow/example_dags/example_task_group.py
[2024-05-29T16:57:50.217+0000] {processor.py:830} INFO - Processing file /home/airflow/.local/lib/python3.12/site-packages/airflow/example_dags/example_task_group.py for tasks to queue
[2024-05-29T16:57:50.219+0000] {logging_mixin.py:188} INFO - [2024-05-29T16:57:50.219+0000] {dagbag.py:545} INFO - Filling up the DagBag from /home/airflow/.local/lib/python3.12/site-packages/airflow/example_dags/example_task_group.py
[2024-05-29T16:57:50.237+0000] {processor.py:840} INFO - DAG(s) 'example_task_group' retrieved from /home/airflow/.local/lib/python3.12/site-packages/airflow/example_dags/example_task_group.py
[2024-05-29T16:57:50.251+0000] {logging_mixin.py:188} INFO - [2024-05-29T16:57:50.251+0000] {dag.py:3096} INFO - Sync 1 DAGs
[2024-05-29T16:57:50.280+0000] {logging_mixin.py:188} INFO - [2024-05-29T16:57:50.280+0000] {dag.py:3954} INFO - Setting next_dagrun for example_task_group to 2024-05-28 00:00:00+00:00, run_after=2024-05-29 00:00:00+00:00
[2024-05-29T16:57:50.302+0000] {processor.py:183} INFO - Processing /home/airflow/.local/lib/python3.12/site-packages/airflow/example_dags/example_task_group.py took 0.094 seconds
[2024-05-29T16:58:21.594+0000] {processor.py:161} INFO - Started process (PID=109) to work on /home/airflow/.local/lib/python3.12/site-packages/airflow/example_dags/example_task_group.py
[2024-05-29T16:58:21.595+0000] {processor.py:830} INFO - Processing file /home/airflow/.local/lib/python3.12/site-packages/airflow/example_dags/example_task_group.py for tasks to queue
[2024-05-29T16:58:21.597+0000] {logging_mixin.py:188} INFO - [2024-05-29T16:58:21.597+0000] {dagbag.py:545} INFO - Filling up the DagBag from /home/airflow/.local/lib/python3.12/site-packages/airflow/example_dags/example_task_group.py
[2024-05-29T16:58:21.604+0000] {processor.py:840} INFO - DAG(s) 'example_task_group' retrieved from /home/airflow/.local/lib/python3.12/site-packages/airflow/example_dags/example_task_group.py
[2024-05-29T16:58:21.706+0000] {logging_mixin.py:188} INFO - [2024-05-29T16:58:21.706+0000] {dag.py:3096} INFO - Sync 1 DAGs
[2024-05-29T16:58:21.727+0000] {logging_mixin.py:188} INFO - [2024-05-29T16:58:21.726+0000] {dag.py:3954} INFO - Setting next_dagrun for example_task_group to 2024-05-28 00:00:00+00:00, run_after=2024-05-29 00:00:00+00:00
[2024-05-29T16:58:21.745+0000] {processor.py:183} INFO - Processing /home/airflow/.local/lib/python3.12/site-packages/airflow/example_dags/example_task_group.py took 0.156 seconds
