[2024-05-29T16:54:09.036+0000] {processor.py:161} INFO - Started process (PID=51) to work on /home/airflow/.local/lib/python3.12/site-packages/airflow/example_dags/example_bash_operator.py
[2024-05-29T16:54:09.038+0000] {processor.py:830} INFO - Processing file /home/airflow/.local/lib/python3.12/site-packages/airflow/example_dags/example_bash_operator.py for tasks to queue
[2024-05-29T16:54:09.046+0000] {logging_mixin.py:188} INFO - [2024-05-29T16:54:09.045+0000] {dagbag.py:545} INFO - Filling up the DagBag from /home/airflow/.local/lib/python3.12/site-packages/airflow/example_dags/example_bash_operator.py
[2024-05-29T16:54:09.079+0000] {processor.py:840} INFO - DAG(s) 'example_bash_operator' retrieved from /home/airflow/.local/lib/python3.12/site-packages/airflow/example_dags/example_bash_operator.py
[2024-05-29T16:54:09.378+0000] {logging_mixin.py:188} INFO - [2024-05-29T16:54:09.378+0000] {dag.py:3096} INFO - Sync 1 DAGs
[2024-05-29T16:54:09.441+0000] {logging_mixin.py:188} INFO - [2024-05-29T16:54:09.441+0000] {dag.py:3954} INFO - Setting next_dagrun for example_bash_operator to 2024-05-28 00:00:00+00:00, run_after=2024-05-29 00:00:00+00:00
[2024-05-29T16:54:09.490+0000] {processor.py:183} INFO - Processing /home/airflow/.local/lib/python3.12/site-packages/airflow/example_dags/example_bash_operator.py took 0.470 seconds
[2024-05-29T16:54:39.672+0000] {processor.py:161} INFO - Started process (PID=109) to work on /home/airflow/.local/lib/python3.12/site-packages/airflow/example_dags/example_bash_operator.py
[2024-05-29T16:54:39.673+0000] {processor.py:830} INFO - Processing file /home/airflow/.local/lib/python3.12/site-packages/airflow/example_dags/example_bash_operator.py for tasks to queue
[2024-05-29T16:54:39.675+0000] {logging_mixin.py:188} INFO - [2024-05-29T16:54:39.675+0000] {dagbag.py:545} INFO - Filling up the DagBag from /home/airflow/.local/lib/python3.12/site-packages/airflow/example_dags/example_bash_operator.py
[2024-05-29T16:54:39.686+0000] {processor.py:840} INFO - DAG(s) 'example_bash_operator' retrieved from /home/airflow/.local/lib/python3.12/site-packages/airflow/example_dags/example_bash_operator.py
[2024-05-29T16:54:39.711+0000] {logging_mixin.py:188} INFO - [2024-05-29T16:54:39.711+0000] {dag.py:3096} INFO - Sync 1 DAGs
[2024-05-29T16:54:39.733+0000] {logging_mixin.py:188} INFO - [2024-05-29T16:54:39.733+0000] {dag.py:3954} INFO - Setting next_dagrun for example_bash_operator to 2024-05-28 00:00:00+00:00, run_after=2024-05-29 00:00:00+00:00
[2024-05-29T16:54:39.752+0000] {processor.py:183} INFO - Processing /home/airflow/.local/lib/python3.12/site-packages/airflow/example_dags/example_bash_operator.py took 0.085 seconds
[2024-05-29T16:55:10.036+0000] {processor.py:161} INFO - Started process (PID=167) to work on /home/airflow/.local/lib/python3.12/site-packages/airflow/example_dags/example_bash_operator.py
[2024-05-29T16:55:10.038+0000] {processor.py:830} INFO - Processing file /home/airflow/.local/lib/python3.12/site-packages/airflow/example_dags/example_bash_operator.py for tasks to queue
[2024-05-29T16:55:10.041+0000] {logging_mixin.py:188} INFO - [2024-05-29T16:55:10.040+0000] {dagbag.py:545} INFO - Filling up the DagBag from /home/airflow/.local/lib/python3.12/site-packages/airflow/example_dags/example_bash_operator.py
[2024-05-29T16:55:10.058+0000] {processor.py:840} INFO - DAG(s) 'example_bash_operator' retrieved from /home/airflow/.local/lib/python3.12/site-packages/airflow/example_dags/example_bash_operator.py
[2024-05-29T16:55:10.100+0000] {logging_mixin.py:188} INFO - [2024-05-29T16:55:10.099+0000] {dag.py:3096} INFO - Sync 1 DAGs
[2024-05-29T16:55:10.129+0000] {logging_mixin.py:188} INFO - [2024-05-29T16:55:10.129+0000] {dag.py:3954} INFO - Setting next_dagrun for example_bash_operator to 2024-05-28 00:00:00+00:00, run_after=2024-05-29 00:00:00+00:00
[2024-05-29T16:55:10.152+0000] {processor.py:183} INFO - Processing /home/airflow/.local/lib/python3.12/site-packages/airflow/example_dags/example_bash_operator.py took 0.125 seconds
[2024-05-29T16:55:40.412+0000] {processor.py:161} INFO - Started process (PID=225) to work on /home/airflow/.local/lib/python3.12/site-packages/airflow/example_dags/example_bash_operator.py
[2024-05-29T16:55:40.414+0000] {processor.py:830} INFO - Processing file /home/airflow/.local/lib/python3.12/site-packages/airflow/example_dags/example_bash_operator.py for tasks to queue
[2024-05-29T16:55:40.416+0000] {logging_mixin.py:188} INFO - [2024-05-29T16:55:40.416+0000] {dagbag.py:545} INFO - Filling up the DagBag from /home/airflow/.local/lib/python3.12/site-packages/airflow/example_dags/example_bash_operator.py
[2024-05-29T16:55:40.430+0000] {processor.py:840} INFO - DAG(s) 'example_bash_operator' retrieved from /home/airflow/.local/lib/python3.12/site-packages/airflow/example_dags/example_bash_operator.py
[2024-05-29T16:55:40.463+0000] {logging_mixin.py:188} INFO - [2024-05-29T16:55:40.463+0000] {dag.py:3096} INFO - Sync 1 DAGs
[2024-05-29T16:55:40.493+0000] {logging_mixin.py:188} INFO - [2024-05-29T16:55:40.493+0000] {dag.py:3954} INFO - Setting next_dagrun for example_bash_operator to 2024-05-28 00:00:00+00:00, run_after=2024-05-29 00:00:00+00:00
[2024-05-29T16:55:40.519+0000] {processor.py:183} INFO - Processing /home/airflow/.local/lib/python3.12/site-packages/airflow/example_dags/example_bash_operator.py took 0.114 seconds
[2024-05-29T16:56:10.644+0000] {processor.py:161} INFO - Started process (PID=283) to work on /home/airflow/.local/lib/python3.12/site-packages/airflow/example_dags/example_bash_operator.py
[2024-05-29T16:56:10.644+0000] {processor.py:830} INFO - Processing file /home/airflow/.local/lib/python3.12/site-packages/airflow/example_dags/example_bash_operator.py for tasks to queue
[2024-05-29T16:56:10.646+0000] {logging_mixin.py:188} INFO - [2024-05-29T16:56:10.646+0000] {dagbag.py:545} INFO - Filling up the DagBag from /home/airflow/.local/lib/python3.12/site-packages/airflow/example_dags/example_bash_operator.py
[2024-05-29T16:56:10.657+0000] {processor.py:840} INFO - DAG(s) 'example_bash_operator' retrieved from /home/airflow/.local/lib/python3.12/site-packages/airflow/example_dags/example_bash_operator.py
[2024-05-29T16:56:10.684+0000] {logging_mixin.py:188} INFO - [2024-05-29T16:56:10.683+0000] {dag.py:3096} INFO - Sync 1 DAGs
[2024-05-29T16:56:10.706+0000] {logging_mixin.py:188} INFO - [2024-05-29T16:56:10.706+0000] {dag.py:3954} INFO - Setting next_dagrun for example_bash_operator to 2024-05-28 00:00:00+00:00, run_after=2024-05-29 00:00:00+00:00
[2024-05-29T16:56:10.724+0000] {processor.py:183} INFO - Processing /home/airflow/.local/lib/python3.12/site-packages/airflow/example_dags/example_bash_operator.py took 0.086 seconds
[2024-05-29T16:57:50.204+0000] {processor.py:161} INFO - Started process (PID=50) to work on /home/airflow/.local/lib/python3.12/site-packages/airflow/example_dags/example_bash_operator.py
[2024-05-29T16:57:50.205+0000] {processor.py:830} INFO - Processing file /home/airflow/.local/lib/python3.12/site-packages/airflow/example_dags/example_bash_operator.py for tasks to queue
[2024-05-29T16:57:50.207+0000] {logging_mixin.py:188} INFO - [2024-05-29T16:57:50.207+0000] {dagbag.py:545} INFO - Filling up the DagBag from /home/airflow/.local/lib/python3.12/site-packages/airflow/example_dags/example_bash_operator.py
[2024-05-29T16:57:50.226+0000] {processor.py:840} INFO - DAG(s) 'example_bash_operator' retrieved from /home/airflow/.local/lib/python3.12/site-packages/airflow/example_dags/example_bash_operator.py
[2024-05-29T16:57:50.240+0000] {logging_mixin.py:188} INFO - [2024-05-29T16:57:50.239+0000] {dag.py:3096} INFO - Sync 1 DAGs
[2024-05-29T16:57:50.271+0000] {logging_mixin.py:188} INFO - [2024-05-29T16:57:50.271+0000] {dag.py:3954} INFO - Setting next_dagrun for example_bash_operator to 2024-05-28 00:00:00+00:00, run_after=2024-05-29 00:00:00+00:00
[2024-05-29T16:57:50.293+0000] {processor.py:183} INFO - Processing /home/airflow/.local/lib/python3.12/site-packages/airflow/example_dags/example_bash_operator.py took 0.096 seconds
[2024-05-29T16:58:21.425+0000] {processor.py:161} INFO - Started process (PID=108) to work on /home/airflow/.local/lib/python3.12/site-packages/airflow/example_dags/example_bash_operator.py
[2024-05-29T16:58:21.426+0000] {processor.py:830} INFO - Processing file /home/airflow/.local/lib/python3.12/site-packages/airflow/example_dags/example_bash_operator.py for tasks to queue
[2024-05-29T16:58:21.427+0000] {logging_mixin.py:188} INFO - [2024-05-29T16:58:21.427+0000] {dagbag.py:545} INFO - Filling up the DagBag from /home/airflow/.local/lib/python3.12/site-packages/airflow/example_dags/example_bash_operator.py
[2024-05-29T16:58:21.438+0000] {processor.py:840} INFO - DAG(s) 'example_bash_operator' retrieved from /home/airflow/.local/lib/python3.12/site-packages/airflow/example_dags/example_bash_operator.py
[2024-05-29T16:58:21.539+0000] {logging_mixin.py:188} INFO - [2024-05-29T16:58:21.539+0000] {dag.py:3096} INFO - Sync 1 DAGs
[2024-05-29T16:58:21.562+0000] {logging_mixin.py:188} INFO - [2024-05-29T16:58:21.561+0000] {dag.py:3954} INFO - Setting next_dagrun for example_bash_operator to 2024-05-28 00:00:00+00:00, run_after=2024-05-29 00:00:00+00:00
[2024-05-29T16:58:21.580+0000] {processor.py:183} INFO - Processing /home/airflow/.local/lib/python3.12/site-packages/airflow/example_dags/example_bash_operator.py took 0.161 seconds
