[2024-05-29T16:54:05.328+0000] {processor.py:161} INFO - Started process (PID=33) to work on /home/airflow/.local/lib/python3.12/site-packages/airflow/example_dags/example_task_group_decorator.py
[2024-05-29T16:54:05.329+0000] {processor.py:830} INFO - Processing file /home/airflow/.local/lib/python3.12/site-packages/airflow/example_dags/example_task_group_decorator.py for tasks to queue
[2024-05-29T16:54:05.332+0000] {logging_mixin.py:188} INFO - [2024-05-29T16:54:05.331+0000] {dagbag.py:545} INFO - Filling up the DagBag from /home/airflow/.local/lib/python3.12/site-packages/airflow/example_dags/example_task_group_decorator.py
[2024-05-29T16:54:05.356+0000] {processor.py:840} INFO - DAG(s) 'example_task_group_decorator' retrieved from /home/airflow/.local/lib/python3.12/site-packages/airflow/example_dags/example_task_group_decorator.py
[2024-05-29T16:54:05.497+0000] {logging_mixin.py:188} INFO - [2024-05-29T16:54:05.497+0000] {dag.py:3096} INFO - Sync 1 DAGs
[2024-05-29T16:54:05.525+0000] {logging_mixin.py:188} INFO - [2024-05-29T16:54:05.524+0000] {dag.py:3954} INFO - Setting next_dagrun for example_task_group_decorator to 2024-05-28 00:00:00+00:00, run_after=2024-05-29 00:00:00+00:00
[2024-05-29T16:54:05.549+0000] {processor.py:183} INFO - Processing /home/airflow/.local/lib/python3.12/site-packages/airflow/example_dags/example_task_group_decorator.py took 0.228 seconds
[2024-05-29T16:54:36.318+0000] {processor.py:161} INFO - Started process (PID=91) to work on /home/airflow/.local/lib/python3.12/site-packages/airflow/example_dags/example_task_group_decorator.py
[2024-05-29T16:54:36.319+0000] {processor.py:830} INFO - Processing file /home/airflow/.local/lib/python3.12/site-packages/airflow/example_dags/example_task_group_decorator.py for tasks to queue
[2024-05-29T16:54:36.321+0000] {logging_mixin.py:188} INFO - [2024-05-29T16:54:36.321+0000] {dagbag.py:545} INFO - Filling up the DagBag from /home/airflow/.local/lib/python3.12/site-packages/airflow/example_dags/example_task_group_decorator.py
[2024-05-29T16:54:36.338+0000] {processor.py:840} INFO - DAG(s) 'example_task_group_decorator' retrieved from /home/airflow/.local/lib/python3.12/site-packages/airflow/example_dags/example_task_group_decorator.py
[2024-05-29T16:54:36.365+0000] {logging_mixin.py:188} INFO - [2024-05-29T16:54:36.364+0000] {dag.py:3096} INFO - Sync 1 DAGs
[2024-05-29T16:54:36.388+0000] {logging_mixin.py:188} INFO - [2024-05-29T16:54:36.387+0000] {dag.py:3954} INFO - Setting next_dagrun for example_task_group_decorator to 2024-05-28 00:00:00+00:00, run_after=2024-05-29 00:00:00+00:00
[2024-05-29T16:54:36.408+0000] {processor.py:183} INFO - Processing /home/airflow/.local/lib/python3.12/site-packages/airflow/example_dags/example_task_group_decorator.py took 0.095 seconds
[2024-05-29T16:55:06.553+0000] {processor.py:161} INFO - Started process (PID=149) to work on /home/airflow/.local/lib/python3.12/site-packages/airflow/example_dags/example_task_group_decorator.py
[2024-05-29T16:55:06.553+0000] {processor.py:830} INFO - Processing file /home/airflow/.local/lib/python3.12/site-packages/airflow/example_dags/example_task_group_decorator.py for tasks to queue
[2024-05-29T16:55:06.555+0000] {logging_mixin.py:188} INFO - [2024-05-29T16:55:06.555+0000] {dagbag.py:545} INFO - Filling up the DagBag from /home/airflow/.local/lib/python3.12/site-packages/airflow/example_dags/example_task_group_decorator.py
[2024-05-29T16:55:06.571+0000] {processor.py:840} INFO - DAG(s) 'example_task_group_decorator' retrieved from /home/airflow/.local/lib/python3.12/site-packages/airflow/example_dags/example_task_group_decorator.py
[2024-05-29T16:55:06.596+0000] {logging_mixin.py:188} INFO - [2024-05-29T16:55:06.596+0000] {dag.py:3096} INFO - Sync 1 DAGs
[2024-05-29T16:55:06.620+0000] {logging_mixin.py:188} INFO - [2024-05-29T16:55:06.620+0000] {dag.py:3954} INFO - Setting next_dagrun for example_task_group_decorator to 2024-05-28 00:00:00+00:00, run_after=2024-05-29 00:00:00+00:00
[2024-05-29T16:55:06.642+0000] {processor.py:183} INFO - Processing /home/airflow/.local/lib/python3.12/site-packages/airflow/example_dags/example_task_group_decorator.py took 0.095 seconds
[2024-05-29T16:55:37.001+0000] {processor.py:161} INFO - Started process (PID=207) to work on /home/airflow/.local/lib/python3.12/site-packages/airflow/example_dags/example_task_group_decorator.py
[2024-05-29T16:55:37.003+0000] {processor.py:830} INFO - Processing file /home/airflow/.local/lib/python3.12/site-packages/airflow/example_dags/example_task_group_decorator.py for tasks to queue
[2024-05-29T16:55:37.008+0000] {logging_mixin.py:188} INFO - [2024-05-29T16:55:37.006+0000] {dagbag.py:545} INFO - Filling up the DagBag from /home/airflow/.local/lib/python3.12/site-packages/airflow/example_dags/example_task_group_decorator.py
[2024-05-29T16:55:37.034+0000] {processor.py:840} INFO - DAG(s) 'example_task_group_decorator' retrieved from /home/airflow/.local/lib/python3.12/site-packages/airflow/example_dags/example_task_group_decorator.py
[2024-05-29T16:55:37.071+0000] {logging_mixin.py:188} INFO - [2024-05-29T16:55:37.071+0000] {dag.py:3096} INFO - Sync 1 DAGs
[2024-05-29T16:55:37.103+0000] {logging_mixin.py:188} INFO - [2024-05-29T16:55:37.102+0000] {dag.py:3954} INFO - Setting next_dagrun for example_task_group_decorator to 2024-05-28 00:00:00+00:00, run_after=2024-05-29 00:00:00+00:00
[2024-05-29T16:55:37.131+0000] {processor.py:183} INFO - Processing /home/airflow/.local/lib/python3.12/site-packages/airflow/example_dags/example_task_group_decorator.py took 0.139 seconds
[2024-05-29T16:56:07.233+0000] {processor.py:161} INFO - Started process (PID=265) to work on /home/airflow/.local/lib/python3.12/site-packages/airflow/example_dags/example_task_group_decorator.py
[2024-05-29T16:56:07.235+0000] {processor.py:830} INFO - Processing file /home/airflow/.local/lib/python3.12/site-packages/airflow/example_dags/example_task_group_decorator.py for tasks to queue
[2024-05-29T16:56:07.239+0000] {logging_mixin.py:188} INFO - [2024-05-29T16:56:07.238+0000] {dagbag.py:545} INFO - Filling up the DagBag from /home/airflow/.local/lib/python3.12/site-packages/airflow/example_dags/example_task_group_decorator.py
[2024-05-29T16:56:07.283+0000] {processor.py:840} INFO - DAG(s) 'example_task_group_decorator' retrieved from /home/airflow/.local/lib/python3.12/site-packages/airflow/example_dags/example_task_group_decorator.py
[2024-05-29T16:56:07.329+0000] {logging_mixin.py:188} INFO - [2024-05-29T16:56:07.329+0000] {dag.py:3096} INFO - Sync 1 DAGs
[2024-05-29T16:56:07.358+0000] {logging_mixin.py:188} INFO - [2024-05-29T16:56:07.358+0000] {dag.py:3954} INFO - Setting next_dagrun for example_task_group_decorator to 2024-05-28 00:00:00+00:00, run_after=2024-05-29 00:00:00+00:00
[2024-05-29T16:56:07.378+0000] {processor.py:183} INFO - Processing /home/airflow/.local/lib/python3.12/site-packages/airflow/example_dags/example_task_group_decorator.py took 0.157 seconds
[2024-05-29T16:56:37.572+0000] {processor.py:161} INFO - Started process (PID=323) to work on /home/airflow/.local/lib/python3.12/site-packages/airflow/example_dags/example_task_group_decorator.py
[2024-05-29T16:56:37.573+0000] {processor.py:830} INFO - Processing file /home/airflow/.local/lib/python3.12/site-packages/airflow/example_dags/example_task_group_decorator.py for tasks to queue
[2024-05-29T16:56:37.574+0000] {logging_mixin.py:188} INFO - [2024-05-29T16:56:37.574+0000] {dagbag.py:545} INFO - Filling up the DagBag from /home/airflow/.local/lib/python3.12/site-packages/airflow/example_dags/example_task_group_decorator.py
[2024-05-29T16:56:37.589+0000] {processor.py:840} INFO - DAG(s) 'example_task_group_decorator' retrieved from /home/airflow/.local/lib/python3.12/site-packages/airflow/example_dags/example_task_group_decorator.py
[2024-05-29T16:56:37.615+0000] {logging_mixin.py:188} INFO - [2024-05-29T16:56:37.614+0000] {dag.py:3096} INFO - Sync 1 DAGs
[2024-05-29T16:56:37.637+0000] {logging_mixin.py:188} INFO - [2024-05-29T16:56:37.637+0000] {dag.py:3954} INFO - Setting next_dagrun for example_task_group_decorator to 2024-05-28 00:00:00+00:00, run_after=2024-05-29 00:00:00+00:00
[2024-05-29T16:56:37.714+0000] {processor.py:183} INFO - Processing /home/airflow/.local/lib/python3.12/site-packages/airflow/example_dags/example_task_group_decorator.py took 0.148 seconds
[2024-05-29T16:57:49.063+0000] {processor.py:161} INFO - Started process (PID=32) to work on /home/airflow/.local/lib/python3.12/site-packages/airflow/example_dags/example_task_group_decorator.py
[2024-05-29T16:57:49.064+0000] {processor.py:830} INFO - Processing file /home/airflow/.local/lib/python3.12/site-packages/airflow/example_dags/example_task_group_decorator.py for tasks to queue
[2024-05-29T16:57:49.066+0000] {logging_mixin.py:188} INFO - [2024-05-29T16:57:49.066+0000] {dagbag.py:545} INFO - Filling up the DagBag from /home/airflow/.local/lib/python3.12/site-packages/airflow/example_dags/example_task_group_decorator.py
[2024-05-29T16:57:49.088+0000] {processor.py:840} INFO - DAG(s) 'example_task_group_decorator' retrieved from /home/airflow/.local/lib/python3.12/site-packages/airflow/example_dags/example_task_group_decorator.py
[2024-05-29T16:57:49.101+0000] {logging_mixin.py:188} INFO - [2024-05-29T16:57:49.101+0000] {dag.py:3096} INFO - Sync 1 DAGs
[2024-05-29T16:57:49.136+0000] {logging_mixin.py:188} INFO - [2024-05-29T16:57:49.135+0000] {dag.py:3954} INFO - Setting next_dagrun for example_task_group_decorator to 2024-05-28 00:00:00+00:00, run_after=2024-05-29 00:00:00+00:00
[2024-05-29T16:57:49.153+0000] {processor.py:183} INFO - Processing /home/airflow/.local/lib/python3.12/site-packages/airflow/example_dags/example_task_group_decorator.py took 0.096 seconds
[2024-05-29T16:58:19.490+0000] {processor.py:161} INFO - Started process (PID=90) to work on /home/airflow/.local/lib/python3.12/site-packages/airflow/example_dags/example_task_group_decorator.py
[2024-05-29T16:58:19.491+0000] {processor.py:830} INFO - Processing file /home/airflow/.local/lib/python3.12/site-packages/airflow/example_dags/example_task_group_decorator.py for tasks to queue
[2024-05-29T16:58:19.492+0000] {logging_mixin.py:188} INFO - [2024-05-29T16:58:19.492+0000] {dagbag.py:545} INFO - Filling up the DagBag from /home/airflow/.local/lib/python3.12/site-packages/airflow/example_dags/example_task_group_decorator.py
[2024-05-29T16:58:19.506+0000] {processor.py:840} INFO - DAG(s) 'example_task_group_decorator' retrieved from /home/airflow/.local/lib/python3.12/site-packages/airflow/example_dags/example_task_group_decorator.py
[2024-05-29T16:58:19.605+0000] {logging_mixin.py:188} INFO - [2024-05-29T16:58:19.605+0000] {dag.py:3096} INFO - Sync 1 DAGs
[2024-05-29T16:58:19.624+0000] {logging_mixin.py:188} INFO - [2024-05-29T16:58:19.624+0000] {dag.py:3954} INFO - Setting next_dagrun for example_task_group_decorator to 2024-05-28 00:00:00+00:00, run_after=2024-05-29 00:00:00+00:00
[2024-05-29T16:58:19.644+0000] {processor.py:183} INFO - Processing /home/airflow/.local/lib/python3.12/site-packages/airflow/example_dags/example_task_group_decorator.py took 0.160 seconds
