[2024-05-29T16:54:05.864+0000] {processor.py:161} INFO - Started process (PID=37) to work on /home/airflow/.local/lib/python3.12/site-packages/airflow/example_dags/example_latest_only_with_trigger.py
[2024-05-29T16:54:05.865+0000] {processor.py:830} INFO - Processing file /home/airflow/.local/lib/python3.12/site-packages/airflow/example_dags/example_latest_only_with_trigger.py for tasks to queue
[2024-05-29T16:54:05.868+0000] {logging_mixin.py:188} INFO - [2024-05-29T16:54:05.868+0000] {dagbag.py:545} INFO - Filling up the DagBag from /home/airflow/.local/lib/python3.12/site-packages/airflow/example_dags/example_latest_only_with_trigger.py
[2024-05-29T16:54:05.878+0000] {processor.py:840} INFO - DAG(s) 'latest_only_with_trigger' retrieved from /home/airflow/.local/lib/python3.12/site-packages/airflow/example_dags/example_latest_only_with_trigger.py
[2024-05-29T16:54:06.069+0000] {logging_mixin.py:188} INFO - [2024-05-29T16:54:06.068+0000] {dag.py:3096} INFO - Sync 1 DAGs
[2024-05-29T16:54:06.106+0000] {logging_mixin.py:188} INFO - [2024-05-29T16:54:06.105+0000] {dag.py:3954} INFO - Setting next_dagrun for latest_only_with_trigger to 2024-05-29 12:00:00+00:00, run_after=2024-05-29 16:00:00+00:00
[2024-05-29T16:54:06.140+0000] {processor.py:183} INFO - Processing /home/airflow/.local/lib/python3.12/site-packages/airflow/example_dags/example_latest_only_with_trigger.py took 0.283 seconds
[2024-05-29T16:54:36.533+0000] {processor.py:161} INFO - Started process (PID=95) to work on /home/airflow/.local/lib/python3.12/site-packages/airflow/example_dags/example_latest_only_with_trigger.py
[2024-05-29T16:54:36.534+0000] {processor.py:830} INFO - Processing file /home/airflow/.local/lib/python3.12/site-packages/airflow/example_dags/example_latest_only_with_trigger.py for tasks to queue
[2024-05-29T16:54:36.536+0000] {logging_mixin.py:188} INFO - [2024-05-29T16:54:36.536+0000] {dagbag.py:545} INFO - Filling up the DagBag from /home/airflow/.local/lib/python3.12/site-packages/airflow/example_dags/example_latest_only_with_trigger.py
[2024-05-29T16:54:36.541+0000] {processor.py:840} INFO - DAG(s) 'latest_only_with_trigger' retrieved from /home/airflow/.local/lib/python3.12/site-packages/airflow/example_dags/example_latest_only_with_trigger.py
[2024-05-29T16:54:36.564+0000] {logging_mixin.py:188} INFO - [2024-05-29T16:54:36.563+0000] {dag.py:3096} INFO - Sync 1 DAGs
[2024-05-29T16:54:36.590+0000] {logging_mixin.py:188} INFO - [2024-05-29T16:54:36.589+0000] {dag.py:3954} INFO - Setting next_dagrun for latest_only_with_trigger to 2024-05-29 12:00:00+00:00, run_after=2024-05-29 16:00:00+00:00
[2024-05-29T16:54:36.610+0000] {processor.py:183} INFO - Processing /home/airflow/.local/lib/python3.12/site-packages/airflow/example_dags/example_latest_only_with_trigger.py took 0.083 seconds
[2024-05-29T16:55:06.746+0000] {processor.py:161} INFO - Started process (PID=153) to work on /home/airflow/.local/lib/python3.12/site-packages/airflow/example_dags/example_latest_only_with_trigger.py
[2024-05-29T16:55:06.747+0000] {processor.py:830} INFO - Processing file /home/airflow/.local/lib/python3.12/site-packages/airflow/example_dags/example_latest_only_with_trigger.py for tasks to queue
[2024-05-29T16:55:06.750+0000] {logging_mixin.py:188} INFO - [2024-05-29T16:55:06.749+0000] {dagbag.py:545} INFO - Filling up the DagBag from /home/airflow/.local/lib/python3.12/site-packages/airflow/example_dags/example_latest_only_with_trigger.py
[2024-05-29T16:55:06.758+0000] {processor.py:840} INFO - DAG(s) 'latest_only_with_trigger' retrieved from /home/airflow/.local/lib/python3.12/site-packages/airflow/example_dags/example_latest_only_with_trigger.py
[2024-05-29T16:55:06.781+0000] {logging_mixin.py:188} INFO - [2024-05-29T16:55:06.781+0000] {dag.py:3096} INFO - Sync 1 DAGs
[2024-05-29T16:55:06.803+0000] {logging_mixin.py:188} INFO - [2024-05-29T16:55:06.803+0000] {dag.py:3954} INFO - Setting next_dagrun for latest_only_with_trigger to 2024-05-29 12:00:00+00:00, run_after=2024-05-29 16:00:00+00:00
[2024-05-29T16:55:06.822+0000] {processor.py:183} INFO - Processing /home/airflow/.local/lib/python3.12/site-packages/airflow/example_dags/example_latest_only_with_trigger.py took 0.082 seconds
[2024-05-29T16:55:37.302+0000] {processor.py:161} INFO - Started process (PID=211) to work on /home/airflow/.local/lib/python3.12/site-packages/airflow/example_dags/example_latest_only_with_trigger.py
[2024-05-29T16:55:37.303+0000] {processor.py:830} INFO - Processing file /home/airflow/.local/lib/python3.12/site-packages/airflow/example_dags/example_latest_only_with_trigger.py for tasks to queue
[2024-05-29T16:55:37.306+0000] {logging_mixin.py:188} INFO - [2024-05-29T16:55:37.305+0000] {dagbag.py:545} INFO - Filling up the DagBag from /home/airflow/.local/lib/python3.12/site-packages/airflow/example_dags/example_latest_only_with_trigger.py
[2024-05-29T16:55:37.313+0000] {processor.py:840} INFO - DAG(s) 'latest_only_with_trigger' retrieved from /home/airflow/.local/lib/python3.12/site-packages/airflow/example_dags/example_latest_only_with_trigger.py
[2024-05-29T16:55:37.344+0000] {logging_mixin.py:188} INFO - [2024-05-29T16:55:37.344+0000] {dag.py:3096} INFO - Sync 1 DAGs
[2024-05-29T16:55:37.378+0000] {logging_mixin.py:188} INFO - [2024-05-29T16:55:37.378+0000] {dag.py:3954} INFO - Setting next_dagrun for latest_only_with_trigger to 2024-05-29 12:00:00+00:00, run_after=2024-05-29 16:00:00+00:00
[2024-05-29T16:55:37.408+0000] {processor.py:183} INFO - Processing /home/airflow/.local/lib/python3.12/site-packages/airflow/example_dags/example_latest_only_with_trigger.py took 0.113 seconds
[2024-05-29T16:56:07.504+0000] {processor.py:161} INFO - Started process (PID=269) to work on /home/airflow/.local/lib/python3.12/site-packages/airflow/example_dags/example_latest_only_with_trigger.py
[2024-05-29T16:56:07.505+0000] {processor.py:830} INFO - Processing file /home/airflow/.local/lib/python3.12/site-packages/airflow/example_dags/example_latest_only_with_trigger.py for tasks to queue
[2024-05-29T16:56:07.507+0000] {logging_mixin.py:188} INFO - [2024-05-29T16:56:07.506+0000] {dagbag.py:545} INFO - Filling up the DagBag from /home/airflow/.local/lib/python3.12/site-packages/airflow/example_dags/example_latest_only_with_trigger.py
[2024-05-29T16:56:07.514+0000] {processor.py:840} INFO - DAG(s) 'latest_only_with_trigger' retrieved from /home/airflow/.local/lib/python3.12/site-packages/airflow/example_dags/example_latest_only_with_trigger.py
[2024-05-29T16:56:07.542+0000] {logging_mixin.py:188} INFO - [2024-05-29T16:56:07.542+0000] {dag.py:3096} INFO - Sync 1 DAGs
[2024-05-29T16:56:07.566+0000] {logging_mixin.py:188} INFO - [2024-05-29T16:56:07.566+0000] {dag.py:3954} INFO - Setting next_dagrun for latest_only_with_trigger to 2024-05-29 12:00:00+00:00, run_after=2024-05-29 16:00:00+00:00
[2024-05-29T16:56:07.587+0000] {processor.py:183} INFO - Processing /home/airflow/.local/lib/python3.12/site-packages/airflow/example_dags/example_latest_only_with_trigger.py took 0.089 seconds
[2024-05-29T16:56:37.760+0000] {processor.py:161} INFO - Started process (PID=327) to work on /home/airflow/.local/lib/python3.12/site-packages/airflow/example_dags/example_latest_only_with_trigger.py
[2024-05-29T16:56:37.761+0000] {processor.py:830} INFO - Processing file /home/airflow/.local/lib/python3.12/site-packages/airflow/example_dags/example_latest_only_with_trigger.py for tasks to queue
[2024-05-29T16:56:37.763+0000] {logging_mixin.py:188} INFO - [2024-05-29T16:56:37.763+0000] {dagbag.py:545} INFO - Filling up the DagBag from /home/airflow/.local/lib/python3.12/site-packages/airflow/example_dags/example_latest_only_with_trigger.py
[2024-05-29T16:56:37.768+0000] {processor.py:840} INFO - DAG(s) 'latest_only_with_trigger' retrieved from /home/airflow/.local/lib/python3.12/site-packages/airflow/example_dags/example_latest_only_with_trigger.py
[2024-05-29T16:56:37.790+0000] {logging_mixin.py:188} INFO - [2024-05-29T16:56:37.790+0000] {dag.py:3096} INFO - Sync 1 DAGs
[2024-05-29T16:56:37.812+0000] {logging_mixin.py:188} INFO - [2024-05-29T16:56:37.812+0000] {dag.py:3954} INFO - Setting next_dagrun for latest_only_with_trigger to 2024-05-29 12:00:00+00:00, run_after=2024-05-29 16:00:00+00:00
[2024-05-29T16:56:37.832+0000] {processor.py:183} INFO - Processing /home/airflow/.local/lib/python3.12/site-packages/airflow/example_dags/example_latest_only_with_trigger.py took 0.078 seconds
[2024-05-29T16:57:49.305+0000] {processor.py:161} INFO - Started process (PID=36) to work on /home/airflow/.local/lib/python3.12/site-packages/airflow/example_dags/example_latest_only_with_trigger.py
[2024-05-29T16:57:49.306+0000] {processor.py:830} INFO - Processing file /home/airflow/.local/lib/python3.12/site-packages/airflow/example_dags/example_latest_only_with_trigger.py for tasks to queue
[2024-05-29T16:57:49.308+0000] {logging_mixin.py:188} INFO - [2024-05-29T16:57:49.308+0000] {dagbag.py:545} INFO - Filling up the DagBag from /home/airflow/.local/lib/python3.12/site-packages/airflow/example_dags/example_latest_only_with_trigger.py
[2024-05-29T16:57:49.316+0000] {processor.py:840} INFO - DAG(s) 'latest_only_with_trigger' retrieved from /home/airflow/.local/lib/python3.12/site-packages/airflow/example_dags/example_latest_only_with_trigger.py
[2024-05-29T16:57:49.328+0000] {logging_mixin.py:188} INFO - [2024-05-29T16:57:49.328+0000] {dag.py:3096} INFO - Sync 1 DAGs
[2024-05-29T16:57:49.363+0000] {logging_mixin.py:188} INFO - [2024-05-29T16:57:49.362+0000] {dag.py:3954} INFO - Setting next_dagrun for latest_only_with_trigger to 2024-05-29 12:00:00+00:00, run_after=2024-05-29 16:00:00+00:00
[2024-05-29T16:57:49.387+0000] {processor.py:183} INFO - Processing /home/airflow/.local/lib/python3.12/site-packages/airflow/example_dags/example_latest_only_with_trigger.py took 0.087 seconds
[2024-05-29T16:58:19.829+0000] {processor.py:161} INFO - Started process (PID=94) to work on /home/airflow/.local/lib/python3.12/site-packages/airflow/example_dags/example_latest_only_with_trigger.py
[2024-05-29T16:58:19.829+0000] {processor.py:830} INFO - Processing file /home/airflow/.local/lib/python3.12/site-packages/airflow/example_dags/example_latest_only_with_trigger.py for tasks to queue
[2024-05-29T16:58:19.831+0000] {logging_mixin.py:188} INFO - [2024-05-29T16:58:19.831+0000] {dagbag.py:545} INFO - Filling up the DagBag from /home/airflow/.local/lib/python3.12/site-packages/airflow/example_dags/example_latest_only_with_trigger.py
[2024-05-29T16:58:19.836+0000] {processor.py:840} INFO - DAG(s) 'latest_only_with_trigger' retrieved from /home/airflow/.local/lib/python3.12/site-packages/airflow/example_dags/example_latest_only_with_trigger.py
[2024-05-29T16:58:19.942+0000] {logging_mixin.py:188} INFO - [2024-05-29T16:58:19.942+0000] {dag.py:3096} INFO - Sync 1 DAGs
[2024-05-29T16:58:19.961+0000] {logging_mixin.py:188} INFO - [2024-05-29T16:58:19.961+0000] {dag.py:3954} INFO - Setting next_dagrun for latest_only_with_trigger to 2024-05-29 12:00:00+00:00, run_after=2024-05-29 16:00:00+00:00
[2024-05-29T16:58:19.981+0000] {processor.py:183} INFO - Processing /home/airflow/.local/lib/python3.12/site-packages/airflow/example_dags/example_latest_only_with_trigger.py took 0.158 seconds
