[2024-05-29T16:54:11.836+0000] {processor.py:161} INFO - Started process (PID=68) to work on /home/airflow/.local/lib/python3.12/site-packages/airflow/example_dags/example_nested_branch_dag.py
[2024-05-29T16:54:11.850+0000] {processor.py:830} INFO - Processing file /home/airflow/.local/lib/python3.12/site-packages/airflow/example_dags/example_nested_branch_dag.py for tasks to queue
[2024-05-29T16:54:11.856+0000] {logging_mixin.py:188} INFO - [2024-05-29T16:54:11.855+0000] {dagbag.py:545} INFO - Filling up the DagBag from /home/airflow/.local/lib/python3.12/site-packages/airflow/example_dags/example_nested_branch_dag.py
[2024-05-29T16:54:11.901+0000] {processor.py:840} INFO - DAG(s) 'example_nested_branch_dag' retrieved from /home/airflow/.local/lib/python3.12/site-packages/airflow/example_dags/example_nested_branch_dag.py
[2024-05-29T16:54:12.235+0000] {logging_mixin.py:188} INFO - [2024-05-29T16:54:12.235+0000] {dag.py:3096} INFO - Sync 1 DAGs
[2024-05-29T16:54:12.283+0000] {logging_mixin.py:188} INFO - [2024-05-29T16:54:12.283+0000] {dag.py:3954} INFO - Setting next_dagrun for example_nested_branch_dag to 2024-05-28 00:00:00+00:00, run_after=2024-05-29 00:00:00+00:00
[2024-05-29T16:54:12.345+0000] {processor.py:183} INFO - Processing /home/airflow/.local/lib/python3.12/site-packages/airflow/example_dags/example_nested_branch_dag.py took 0.520 seconds
[2024-05-29T16:54:43.271+0000] {processor.py:161} INFO - Started process (PID=126) to work on /home/airflow/.local/lib/python3.12/site-packages/airflow/example_dags/example_nested_branch_dag.py
[2024-05-29T16:54:43.273+0000] {processor.py:830} INFO - Processing file /home/airflow/.local/lib/python3.12/site-packages/airflow/example_dags/example_nested_branch_dag.py for tasks to queue
[2024-05-29T16:54:43.277+0000] {logging_mixin.py:188} INFO - [2024-05-29T16:54:43.276+0000] {dagbag.py:545} INFO - Filling up the DagBag from /home/airflow/.local/lib/python3.12/site-packages/airflow/example_dags/example_nested_branch_dag.py
[2024-05-29T16:54:43.309+0000] {processor.py:840} INFO - DAG(s) 'example_nested_branch_dag' retrieved from /home/airflow/.local/lib/python3.12/site-packages/airflow/example_dags/example_nested_branch_dag.py
[2024-05-29T16:54:43.333+0000] {logging_mixin.py:188} INFO - [2024-05-29T16:54:43.333+0000] {dag.py:3096} INFO - Sync 1 DAGs
[2024-05-29T16:54:43.365+0000] {logging_mixin.py:188} INFO - [2024-05-29T16:54:43.364+0000] {dag.py:3954} INFO - Setting next_dagrun for example_nested_branch_dag to 2024-05-28 00:00:00+00:00, run_after=2024-05-29 00:00:00+00:00
[2024-05-29T16:54:43.387+0000] {processor.py:183} INFO - Processing /home/airflow/.local/lib/python3.12/site-packages/airflow/example_dags/example_nested_branch_dag.py took 0.127 seconds
[2024-05-29T16:55:13.824+0000] {processor.py:161} INFO - Started process (PID=184) to work on /home/airflow/.local/lib/python3.12/site-packages/airflow/example_dags/example_nested_branch_dag.py
[2024-05-29T16:55:13.825+0000] {processor.py:830} INFO - Processing file /home/airflow/.local/lib/python3.12/site-packages/airflow/example_dags/example_nested_branch_dag.py for tasks to queue
[2024-05-29T16:55:13.827+0000] {logging_mixin.py:188} INFO - [2024-05-29T16:55:13.826+0000] {dagbag.py:545} INFO - Filling up the DagBag from /home/airflow/.local/lib/python3.12/site-packages/airflow/example_dags/example_nested_branch_dag.py
[2024-05-29T16:55:13.838+0000] {processor.py:840} INFO - DAG(s) 'example_nested_branch_dag' retrieved from /home/airflow/.local/lib/python3.12/site-packages/airflow/example_dags/example_nested_branch_dag.py
[2024-05-29T16:55:13.863+0000] {logging_mixin.py:188} INFO - [2024-05-29T16:55:13.863+0000] {dag.py:3096} INFO - Sync 1 DAGs
[2024-05-29T16:55:13.889+0000] {logging_mixin.py:188} INFO - [2024-05-29T16:55:13.889+0000] {dag.py:3954} INFO - Setting next_dagrun for example_nested_branch_dag to 2024-05-28 00:00:00+00:00, run_after=2024-05-29 00:00:00+00:00
[2024-05-29T16:55:13.908+0000] {processor.py:183} INFO - Processing /home/airflow/.local/lib/python3.12/site-packages/airflow/example_dags/example_nested_branch_dag.py took 0.090 seconds
[2024-05-29T16:55:44.034+0000] {processor.py:161} INFO - Started process (PID=242) to work on /home/airflow/.local/lib/python3.12/site-packages/airflow/example_dags/example_nested_branch_dag.py
[2024-05-29T16:55:44.036+0000] {processor.py:830} INFO - Processing file /home/airflow/.local/lib/python3.12/site-packages/airflow/example_dags/example_nested_branch_dag.py for tasks to queue
[2024-05-29T16:55:44.038+0000] {logging_mixin.py:188} INFO - [2024-05-29T16:55:44.037+0000] {dagbag.py:545} INFO - Filling up the DagBag from /home/airflow/.local/lib/python3.12/site-packages/airflow/example_dags/example_nested_branch_dag.py
[2024-05-29T16:55:44.047+0000] {processor.py:840} INFO - DAG(s) 'example_nested_branch_dag' retrieved from /home/airflow/.local/lib/python3.12/site-packages/airflow/example_dags/example_nested_branch_dag.py
[2024-05-29T16:55:44.068+0000] {logging_mixin.py:188} INFO - [2024-05-29T16:55:44.068+0000] {dag.py:3096} INFO - Sync 1 DAGs
[2024-05-29T16:55:44.092+0000] {logging_mixin.py:188} INFO - [2024-05-29T16:55:44.091+0000] {dag.py:3954} INFO - Setting next_dagrun for example_nested_branch_dag to 2024-05-28 00:00:00+00:00, run_after=2024-05-29 00:00:00+00:00
[2024-05-29T16:55:44.113+0000] {processor.py:183} INFO - Processing /home/airflow/.local/lib/python3.12/site-packages/airflow/example_dags/example_nested_branch_dag.py took 0.084 seconds
[2024-05-29T16:56:14.303+0000] {processor.py:161} INFO - Started process (PID=300) to work on /home/airflow/.local/lib/python3.12/site-packages/airflow/example_dags/example_nested_branch_dag.py
[2024-05-29T16:56:14.305+0000] {processor.py:830} INFO - Processing file /home/airflow/.local/lib/python3.12/site-packages/airflow/example_dags/example_nested_branch_dag.py for tasks to queue
[2024-05-29T16:56:14.308+0000] {logging_mixin.py:188} INFO - [2024-05-29T16:56:14.308+0000] {dagbag.py:545} INFO - Filling up the DagBag from /home/airflow/.local/lib/python3.12/site-packages/airflow/example_dags/example_nested_branch_dag.py
[2024-05-29T16:56:14.325+0000] {processor.py:840} INFO - DAG(s) 'example_nested_branch_dag' retrieved from /home/airflow/.local/lib/python3.12/site-packages/airflow/example_dags/example_nested_branch_dag.py
[2024-05-29T16:56:14.357+0000] {logging_mixin.py:188} INFO - [2024-05-29T16:56:14.357+0000] {dag.py:3096} INFO - Sync 1 DAGs
[2024-05-29T16:56:14.400+0000] {logging_mixin.py:188} INFO - [2024-05-29T16:56:14.399+0000] {dag.py:3954} INFO - Setting next_dagrun for example_nested_branch_dag to 2024-05-28 00:00:00+00:00, run_after=2024-05-29 00:00:00+00:00
[2024-05-29T16:56:14.438+0000] {processor.py:183} INFO - Processing /home/airflow/.local/lib/python3.12/site-packages/airflow/example_dags/example_nested_branch_dag.py took 0.142 seconds
[2024-05-29T16:57:50.884+0000] {processor.py:161} INFO - Started process (PID=61) to work on /home/airflow/.local/lib/python3.12/site-packages/airflow/example_dags/example_nested_branch_dag.py
[2024-05-29T16:57:50.886+0000] {processor.py:830} INFO - Processing file /home/airflow/.local/lib/python3.12/site-packages/airflow/example_dags/example_nested_branch_dag.py for tasks to queue
[2024-05-29T16:57:50.888+0000] {logging_mixin.py:188} INFO - [2024-05-29T16:57:50.888+0000] {dagbag.py:545} INFO - Filling up the DagBag from /home/airflow/.local/lib/python3.12/site-packages/airflow/example_dags/example_nested_branch_dag.py
[2024-05-29T16:57:50.906+0000] {processor.py:840} INFO - DAG(s) 'example_nested_branch_dag' retrieved from /home/airflow/.local/lib/python3.12/site-packages/airflow/example_dags/example_nested_branch_dag.py
[2024-05-29T16:57:50.918+0000] {logging_mixin.py:188} INFO - [2024-05-29T16:57:50.918+0000] {dag.py:3096} INFO - Sync 1 DAGs
[2024-05-29T16:57:50.951+0000] {logging_mixin.py:188} INFO - [2024-05-29T16:57:50.951+0000] {dag.py:3954} INFO - Setting next_dagrun for example_nested_branch_dag to 2024-05-28 00:00:00+00:00, run_after=2024-05-29 00:00:00+00:00
[2024-05-29T16:57:50.978+0000] {processor.py:183} INFO - Processing /home/airflow/.local/lib/python3.12/site-packages/airflow/example_dags/example_nested_branch_dag.py took 0.101 seconds
[2024-05-29T16:58:22.528+0000] {processor.py:161} INFO - Started process (PID=119) to work on /home/airflow/.local/lib/python3.12/site-packages/airflow/example_dags/example_nested_branch_dag.py
[2024-05-29T16:58:22.529+0000] {processor.py:830} INFO - Processing file /home/airflow/.local/lib/python3.12/site-packages/airflow/example_dags/example_nested_branch_dag.py for tasks to queue
[2024-05-29T16:58:22.531+0000] {logging_mixin.py:188} INFO - [2024-05-29T16:58:22.530+0000] {dagbag.py:545} INFO - Filling up the DagBag from /home/airflow/.local/lib/python3.12/site-packages/airflow/example_dags/example_nested_branch_dag.py
[2024-05-29T16:58:22.540+0000] {processor.py:840} INFO - DAG(s) 'example_nested_branch_dag' retrieved from /home/airflow/.local/lib/python3.12/site-packages/airflow/example_dags/example_nested_branch_dag.py
[2024-05-29T16:58:22.646+0000] {logging_mixin.py:188} INFO - [2024-05-29T16:58:22.646+0000] {dag.py:3096} INFO - Sync 1 DAGs
[2024-05-29T16:58:22.667+0000] {logging_mixin.py:188} INFO - [2024-05-29T16:58:22.667+0000] {dag.py:3954} INFO - Setting next_dagrun for example_nested_branch_dag to 2024-05-28 00:00:00+00:00, run_after=2024-05-29 00:00:00+00:00
[2024-05-29T16:58:22.684+0000] {processor.py:183} INFO - Processing /home/airflow/.local/lib/python3.12/site-packages/airflow/example_dags/example_nested_branch_dag.py took 0.161 seconds
