[2024-05-29T16:54:06.418+0000] {processor.py:161} INFO - Started process (PID=39) to work on /home/airflow/.local/lib/python3.12/site-packages/airflow/example_dags/example_short_circuit_decorator.py
[2024-05-29T16:54:06.420+0000] {processor.py:830} INFO - Processing file /home/airflow/.local/lib/python3.12/site-packages/airflow/example_dags/example_short_circuit_decorator.py for tasks to queue
[2024-05-29T16:54:06.422+0000] {logging_mixin.py:188} INFO - [2024-05-29T16:54:06.421+0000] {dagbag.py:545} INFO - Filling up the DagBag from /home/airflow/.local/lib/python3.12/site-packages/airflow/example_dags/example_short_circuit_decorator.py
[2024-05-29T16:54:06.441+0000] {processor.py:840} INFO - DAG(s) 'example_short_circuit_decorator' retrieved from /home/airflow/.local/lib/python3.12/site-packages/airflow/example_dags/example_short_circuit_decorator.py
[2024-05-29T16:54:06.601+0000] {logging_mixin.py:188} INFO - [2024-05-29T16:54:06.601+0000] {dag.py:3096} INFO - Sync 1 DAGs
[2024-05-29T16:54:06.633+0000] {logging_mixin.py:188} INFO - [2024-05-29T16:54:06.633+0000] {dag.py:3954} INFO - Setting next_dagrun for example_short_circuit_decorator to 2024-05-28 00:00:00+00:00, run_after=2024-05-29 00:00:00+00:00
[2024-05-29T16:54:06.657+0000] {processor.py:183} INFO - Processing /home/airflow/.local/lib/python3.12/site-packages/airflow/example_dags/example_short_circuit_decorator.py took 0.245 seconds
[2024-05-29T16:54:36.748+0000] {processor.py:161} INFO - Started process (PID=97) to work on /home/airflow/.local/lib/python3.12/site-packages/airflow/example_dags/example_short_circuit_decorator.py
[2024-05-29T16:54:36.749+0000] {processor.py:830} INFO - Processing file /home/airflow/.local/lib/python3.12/site-packages/airflow/example_dags/example_short_circuit_decorator.py for tasks to queue
[2024-05-29T16:54:36.751+0000] {logging_mixin.py:188} INFO - [2024-05-29T16:54:36.751+0000] {dagbag.py:545} INFO - Filling up the DagBag from /home/airflow/.local/lib/python3.12/site-packages/airflow/example_dags/example_short_circuit_decorator.py
[2024-05-29T16:54:36.760+0000] {processor.py:840} INFO - DAG(s) 'example_short_circuit_decorator' retrieved from /home/airflow/.local/lib/python3.12/site-packages/airflow/example_dags/example_short_circuit_decorator.py
[2024-05-29T16:54:36.782+0000] {logging_mixin.py:188} INFO - [2024-05-29T16:54:36.782+0000] {dag.py:3096} INFO - Sync 1 DAGs
[2024-05-29T16:54:36.809+0000] {logging_mixin.py:188} INFO - [2024-05-29T16:54:36.809+0000] {dag.py:3954} INFO - Setting next_dagrun for example_short_circuit_decorator to 2024-05-28 00:00:00+00:00, run_after=2024-05-29 00:00:00+00:00
[2024-05-29T16:54:36.830+0000] {processor.py:183} INFO - Processing /home/airflow/.local/lib/python3.12/site-packages/airflow/example_dags/example_short_circuit_decorator.py took 0.088 seconds
[2024-05-29T16:55:06.882+0000] {processor.py:161} INFO - Started process (PID=156) to work on /home/airflow/.local/lib/python3.12/site-packages/airflow/example_dags/example_short_circuit_decorator.py
[2024-05-29T16:55:06.883+0000] {processor.py:830} INFO - Processing file /home/airflow/.local/lib/python3.12/site-packages/airflow/example_dags/example_short_circuit_decorator.py for tasks to queue
[2024-05-29T16:55:06.886+0000] {logging_mixin.py:188} INFO - [2024-05-29T16:55:06.885+0000] {dagbag.py:545} INFO - Filling up the DagBag from /home/airflow/.local/lib/python3.12/site-packages/airflow/example_dags/example_short_circuit_decorator.py
[2024-05-29T16:55:06.895+0000] {processor.py:840} INFO - DAG(s) 'example_short_circuit_decorator' retrieved from /home/airflow/.local/lib/python3.12/site-packages/airflow/example_dags/example_short_circuit_decorator.py
[2024-05-29T16:55:06.921+0000] {logging_mixin.py:188} INFO - [2024-05-29T16:55:06.921+0000] {dag.py:3096} INFO - Sync 1 DAGs
[2024-05-29T16:55:06.946+0000] {logging_mixin.py:188} INFO - [2024-05-29T16:55:06.945+0000] {dag.py:3954} INFO - Setting next_dagrun for example_short_circuit_decorator to 2024-05-28 00:00:00+00:00, run_after=2024-05-29 00:00:00+00:00
[2024-05-29T16:55:06.964+0000] {processor.py:183} INFO - Processing /home/airflow/.local/lib/python3.12/site-packages/airflow/example_dags/example_short_circuit_decorator.py took 0.088 seconds
[2024-05-29T16:55:37.575+0000] {processor.py:161} INFO - Started process (PID=213) to work on /home/airflow/.local/lib/python3.12/site-packages/airflow/example_dags/example_short_circuit_decorator.py
[2024-05-29T16:55:37.577+0000] {processor.py:830} INFO - Processing file /home/airflow/.local/lib/python3.12/site-packages/airflow/example_dags/example_short_circuit_decorator.py for tasks to queue
[2024-05-29T16:55:37.580+0000] {logging_mixin.py:188} INFO - [2024-05-29T16:55:37.579+0000] {dagbag.py:545} INFO - Filling up the DagBag from /home/airflow/.local/lib/python3.12/site-packages/airflow/example_dags/example_short_circuit_decorator.py
[2024-05-29T16:55:37.595+0000] {processor.py:840} INFO - DAG(s) 'example_short_circuit_decorator' retrieved from /home/airflow/.local/lib/python3.12/site-packages/airflow/example_dags/example_short_circuit_decorator.py
[2024-05-29T16:55:37.631+0000] {logging_mixin.py:188} INFO - [2024-05-29T16:55:37.631+0000] {dag.py:3096} INFO - Sync 1 DAGs
[2024-05-29T16:55:37.668+0000] {logging_mixin.py:188} INFO - [2024-05-29T16:55:37.667+0000] {dag.py:3954} INFO - Setting next_dagrun for example_short_circuit_decorator to 2024-05-28 00:00:00+00:00, run_after=2024-05-29 00:00:00+00:00
[2024-05-29T16:55:37.697+0000] {processor.py:183} INFO - Processing /home/airflow/.local/lib/python3.12/site-packages/airflow/example_dags/example_short_circuit_decorator.py took 0.131 seconds
[2024-05-29T16:56:07.758+0000] {processor.py:161} INFO - Started process (PID=271) to work on /home/airflow/.local/lib/python3.12/site-packages/airflow/example_dags/example_short_circuit_decorator.py
[2024-05-29T16:56:07.760+0000] {processor.py:830} INFO - Processing file /home/airflow/.local/lib/python3.12/site-packages/airflow/example_dags/example_short_circuit_decorator.py for tasks to queue
[2024-05-29T16:56:07.762+0000] {logging_mixin.py:188} INFO - [2024-05-29T16:56:07.761+0000] {dagbag.py:545} INFO - Filling up the DagBag from /home/airflow/.local/lib/python3.12/site-packages/airflow/example_dags/example_short_circuit_decorator.py
[2024-05-29T16:56:07.773+0000] {processor.py:840} INFO - DAG(s) 'example_short_circuit_decorator' retrieved from /home/airflow/.local/lib/python3.12/site-packages/airflow/example_dags/example_short_circuit_decorator.py
[2024-05-29T16:56:07.798+0000] {logging_mixin.py:188} INFO - [2024-05-29T16:56:07.797+0000] {dag.py:3096} INFO - Sync 1 DAGs
[2024-05-29T16:56:07.853+0000] {logging_mixin.py:188} INFO - [2024-05-29T16:56:07.853+0000] {dag.py:3954} INFO - Setting next_dagrun for example_short_circuit_decorator to 2024-05-28 00:00:00+00:00, run_after=2024-05-29 00:00:00+00:00
[2024-05-29T16:56:07.887+0000] {processor.py:183} INFO - Processing /home/airflow/.local/lib/python3.12/site-packages/airflow/example_dags/example_short_circuit_decorator.py took 0.134 seconds
[2024-05-29T16:56:37.933+0000] {processor.py:161} INFO - Started process (PID=329) to work on /home/airflow/.local/lib/python3.12/site-packages/airflow/example_dags/example_short_circuit_decorator.py
[2024-05-29T16:56:37.934+0000] {processor.py:830} INFO - Processing file /home/airflow/.local/lib/python3.12/site-packages/airflow/example_dags/example_short_circuit_decorator.py for tasks to queue
[2024-05-29T16:56:37.936+0000] {logging_mixin.py:188} INFO - [2024-05-29T16:56:37.936+0000] {dagbag.py:545} INFO - Filling up the DagBag from /home/airflow/.local/lib/python3.12/site-packages/airflow/example_dags/example_short_circuit_decorator.py
[2024-05-29T16:56:37.945+0000] {processor.py:840} INFO - DAG(s) 'example_short_circuit_decorator' retrieved from /home/airflow/.local/lib/python3.12/site-packages/airflow/example_dags/example_short_circuit_decorator.py
[2024-05-29T16:56:37.972+0000] {logging_mixin.py:188} INFO - [2024-05-29T16:56:37.971+0000] {dag.py:3096} INFO - Sync 1 DAGs
[2024-05-29T16:56:37.995+0000] {logging_mixin.py:188} INFO - [2024-05-29T16:56:37.995+0000] {dag.py:3954} INFO - Setting next_dagrun for example_short_circuit_decorator to 2024-05-28 00:00:00+00:00, run_after=2024-05-29 00:00:00+00:00
[2024-05-29T16:56:38.013+0000] {processor.py:183} INFO - Processing /home/airflow/.local/lib/python3.12/site-packages/airflow/example_dags/example_short_circuit_decorator.py took 0.087 seconds
[2024-05-29T16:57:49.416+0000] {processor.py:161} INFO - Started process (PID=38) to work on /home/airflow/.local/lib/python3.12/site-packages/airflow/example_dags/example_short_circuit_decorator.py
[2024-05-29T16:57:49.417+0000] {processor.py:830} INFO - Processing file /home/airflow/.local/lib/python3.12/site-packages/airflow/example_dags/example_short_circuit_decorator.py for tasks to queue
[2024-05-29T16:57:49.420+0000] {logging_mixin.py:188} INFO - [2024-05-29T16:57:49.420+0000] {dagbag.py:545} INFO - Filling up the DagBag from /home/airflow/.local/lib/python3.12/site-packages/airflow/example_dags/example_short_circuit_decorator.py
[2024-05-29T16:57:49.438+0000] {processor.py:840} INFO - DAG(s) 'example_short_circuit_decorator' retrieved from /home/airflow/.local/lib/python3.12/site-packages/airflow/example_dags/example_short_circuit_decorator.py
[2024-05-29T16:57:49.452+0000] {logging_mixin.py:188} INFO - [2024-05-29T16:57:49.452+0000] {dag.py:3096} INFO - Sync 1 DAGs
[2024-05-29T16:57:49.484+0000] {logging_mixin.py:188} INFO - [2024-05-29T16:57:49.484+0000] {dag.py:3954} INFO - Setting next_dagrun for example_short_circuit_decorator to 2024-05-28 00:00:00+00:00, run_after=2024-05-29 00:00:00+00:00
[2024-05-29T16:57:49.507+0000] {processor.py:183} INFO - Processing /home/airflow/.local/lib/python3.12/site-packages/airflow/example_dags/example_short_circuit_decorator.py took 0.099 seconds
[2024-05-29T16:58:20.183+0000] {processor.py:161} INFO - Started process (PID=96) to work on /home/airflow/.local/lib/python3.12/site-packages/airflow/example_dags/example_short_circuit_decorator.py
[2024-05-29T16:58:20.184+0000] {processor.py:830} INFO - Processing file /home/airflow/.local/lib/python3.12/site-packages/airflow/example_dags/example_short_circuit_decorator.py for tasks to queue
[2024-05-29T16:58:20.186+0000] {logging_mixin.py:188} INFO - [2024-05-29T16:58:20.185+0000] {dagbag.py:545} INFO - Filling up the DagBag from /home/airflow/.local/lib/python3.12/site-packages/airflow/example_dags/example_short_circuit_decorator.py
[2024-05-29T16:58:20.194+0000] {processor.py:840} INFO - DAG(s) 'example_short_circuit_decorator' retrieved from /home/airflow/.local/lib/python3.12/site-packages/airflow/example_dags/example_short_circuit_decorator.py
[2024-05-29T16:58:20.290+0000] {logging_mixin.py:188} INFO - [2024-05-29T16:58:20.289+0000] {dag.py:3096} INFO - Sync 1 DAGs
[2024-05-29T16:58:20.308+0000] {logging_mixin.py:188} INFO - [2024-05-29T16:58:20.308+0000] {dag.py:3954} INFO - Setting next_dagrun for example_short_circuit_decorator to 2024-05-28 00:00:00+00:00, run_after=2024-05-29 00:00:00+00:00
[2024-05-29T16:58:20.327+0000] {processor.py:183} INFO - Processing /home/airflow/.local/lib/python3.12/site-packages/airflow/example_dags/example_short_circuit_decorator.py took 0.149 seconds
