[2024-05-29T16:54:10.135+0000] {processor.py:161} INFO - Started process (PID=56) to work on /home/airflow/.local/lib/python3.12/site-packages/airflow/example_dags/example_latest_only.py
[2024-05-29T16:54:10.137+0000] {processor.py:830} INFO - Processing file /home/airflow/.local/lib/python3.12/site-packages/airflow/example_dags/example_latest_only.py for tasks to queue
[2024-05-29T16:54:10.141+0000] {logging_mixin.py:188} INFO - [2024-05-29T16:54:10.140+0000] {dagbag.py:545} INFO - Filling up the DagBag from /home/airflow/.local/lib/python3.12/site-packages/airflow/example_dags/example_latest_only.py
[2024-05-29T16:54:10.152+0000] {processor.py:840} INFO - DAG(s) 'latest_only' retrieved from /home/airflow/.local/lib/python3.12/site-packages/airflow/example_dags/example_latest_only.py
[2024-05-29T16:54:10.302+0000] {logging_mixin.py:188} INFO - [2024-05-29T16:54:10.301+0000] {dag.py:3096} INFO - Sync 1 DAGs
[2024-05-29T16:54:10.330+0000] {logging_mixin.py:188} INFO - [2024-05-29T16:54:10.330+0000] {dag.py:3954} INFO - Setting next_dagrun for latest_only to 2024-05-29 12:00:00+00:00, run_after=2024-05-29 16:00:00+00:00
[2024-05-29T16:54:10.359+0000] {processor.py:183} INFO - Processing /home/airflow/.local/lib/python3.12/site-packages/airflow/example_dags/example_latest_only.py took 0.232 seconds
[2024-05-29T16:54:40.895+0000] {processor.py:161} INFO - Started process (PID=120) to work on /home/airflow/.local/lib/python3.12/site-packages/airflow/example_dags/example_latest_only.py
[2024-05-29T16:54:40.896+0000] {processor.py:830} INFO - Processing file /home/airflow/.local/lib/python3.12/site-packages/airflow/example_dags/example_latest_only.py for tasks to queue
[2024-05-29T16:54:40.898+0000] {logging_mixin.py:188} INFO - [2024-05-29T16:54:40.898+0000] {dagbag.py:545} INFO - Filling up the DagBag from /home/airflow/.local/lib/python3.12/site-packages/airflow/example_dags/example_latest_only.py
[2024-05-29T16:54:40.903+0000] {processor.py:840} INFO - DAG(s) 'latest_only' retrieved from /home/airflow/.local/lib/python3.12/site-packages/airflow/example_dags/example_latest_only.py
[2024-05-29T16:54:40.921+0000] {logging_mixin.py:188} INFO - [2024-05-29T16:54:40.921+0000] {dag.py:3096} INFO - Sync 1 DAGs
[2024-05-29T16:54:40.944+0000] {logging_mixin.py:188} INFO - [2024-05-29T16:54:40.943+0000] {dag.py:3954} INFO - Setting next_dagrun for latest_only to 2024-05-29 12:00:00+00:00, run_after=2024-05-29 16:00:00+00:00
[2024-05-29T16:54:40.963+0000] {processor.py:183} INFO - Processing /home/airflow/.local/lib/python3.12/site-packages/airflow/example_dags/example_latest_only.py took 0.073 seconds
[2024-05-29T16:55:11.382+0000] {processor.py:161} INFO - Started process (PID=178) to work on /home/airflow/.local/lib/python3.12/site-packages/airflow/example_dags/example_latest_only.py
[2024-05-29T16:55:11.383+0000] {processor.py:830} INFO - Processing file /home/airflow/.local/lib/python3.12/site-packages/airflow/example_dags/example_latest_only.py for tasks to queue
[2024-05-29T16:55:11.386+0000] {logging_mixin.py:188} INFO - [2024-05-29T16:55:11.385+0000] {dagbag.py:545} INFO - Filling up the DagBag from /home/airflow/.local/lib/python3.12/site-packages/airflow/example_dags/example_latest_only.py
[2024-05-29T16:55:11.393+0000] {processor.py:840} INFO - DAG(s) 'latest_only' retrieved from /home/airflow/.local/lib/python3.12/site-packages/airflow/example_dags/example_latest_only.py
[2024-05-29T16:55:11.423+0000] {logging_mixin.py:188} INFO - [2024-05-29T16:55:11.422+0000] {dag.py:3096} INFO - Sync 1 DAGs
[2024-05-29T16:55:11.460+0000] {logging_mixin.py:188} INFO - [2024-05-29T16:55:11.459+0000] {dag.py:3954} INFO - Setting next_dagrun for latest_only to 2024-05-29 12:00:00+00:00, run_after=2024-05-29 16:00:00+00:00
[2024-05-29T16:55:11.491+0000] {processor.py:183} INFO - Processing /home/airflow/.local/lib/python3.12/site-packages/airflow/example_dags/example_latest_only.py took 0.118 seconds
[2024-05-29T16:55:41.739+0000] {processor.py:161} INFO - Started process (PID=236) to work on /home/airflow/.local/lib/python3.12/site-packages/airflow/example_dags/example_latest_only.py
[2024-05-29T16:55:41.740+0000] {processor.py:830} INFO - Processing file /home/airflow/.local/lib/python3.12/site-packages/airflow/example_dags/example_latest_only.py for tasks to queue
[2024-05-29T16:55:41.742+0000] {logging_mixin.py:188} INFO - [2024-05-29T16:55:41.742+0000] {dagbag.py:545} INFO - Filling up the DagBag from /home/airflow/.local/lib/python3.12/site-packages/airflow/example_dags/example_latest_only.py
[2024-05-29T16:55:41.748+0000] {processor.py:840} INFO - DAG(s) 'latest_only' retrieved from /home/airflow/.local/lib/python3.12/site-packages/airflow/example_dags/example_latest_only.py
[2024-05-29T16:55:41.772+0000] {logging_mixin.py:188} INFO - [2024-05-29T16:55:41.771+0000] {dag.py:3096} INFO - Sync 1 DAGs
[2024-05-29T16:55:41.799+0000] {logging_mixin.py:188} INFO - [2024-05-29T16:55:41.799+0000] {dag.py:3954} INFO - Setting next_dagrun for latest_only to 2024-05-29 12:00:00+00:00, run_after=2024-05-29 16:00:00+00:00
[2024-05-29T16:55:41.821+0000] {processor.py:183} INFO - Processing /home/airflow/.local/lib/python3.12/site-packages/airflow/example_dags/example_latest_only.py took 0.087 seconds
[2024-05-29T16:56:11.870+0000] {processor.py:161} INFO - Started process (PID=294) to work on /home/airflow/.local/lib/python3.12/site-packages/airflow/example_dags/example_latest_only.py
[2024-05-29T16:56:11.871+0000] {processor.py:830} INFO - Processing file /home/airflow/.local/lib/python3.12/site-packages/airflow/example_dags/example_latest_only.py for tasks to queue
[2024-05-29T16:56:11.873+0000] {logging_mixin.py:188} INFO - [2024-05-29T16:56:11.873+0000] {dagbag.py:545} INFO - Filling up the DagBag from /home/airflow/.local/lib/python3.12/site-packages/airflow/example_dags/example_latest_only.py
[2024-05-29T16:56:11.879+0000] {processor.py:840} INFO - DAG(s) 'latest_only' retrieved from /home/airflow/.local/lib/python3.12/site-packages/airflow/example_dags/example_latest_only.py
[2024-05-29T16:56:11.902+0000] {logging_mixin.py:188} INFO - [2024-05-29T16:56:11.901+0000] {dag.py:3096} INFO - Sync 1 DAGs
[2024-05-29T16:56:11.931+0000] {logging_mixin.py:188} INFO - [2024-05-29T16:56:11.931+0000] {dag.py:3954} INFO - Setting next_dagrun for latest_only to 2024-05-29 12:00:00+00:00, run_after=2024-05-29 16:00:00+00:00
[2024-05-29T16:56:11.956+0000] {processor.py:183} INFO - Processing /home/airflow/.local/lib/python3.12/site-packages/airflow/example_dags/example_latest_only.py took 0.091 seconds
[2024-05-29T16:57:50.448+0000] {processor.py:161} INFO - Started process (PID=55) to work on /home/airflow/.local/lib/python3.12/site-packages/airflow/example_dags/example_latest_only.py
[2024-05-29T16:57:50.450+0000] {processor.py:830} INFO - Processing file /home/airflow/.local/lib/python3.12/site-packages/airflow/example_dags/example_latest_only.py for tasks to queue
[2024-05-29T16:57:50.451+0000] {logging_mixin.py:188} INFO - [2024-05-29T16:57:50.451+0000] {dagbag.py:545} INFO - Filling up the DagBag from /home/airflow/.local/lib/python3.12/site-packages/airflow/example_dags/example_latest_only.py
[2024-05-29T16:57:50.459+0000] {processor.py:840} INFO - DAG(s) 'latest_only' retrieved from /home/airflow/.local/lib/python3.12/site-packages/airflow/example_dags/example_latest_only.py
[2024-05-29T16:57:50.471+0000] {logging_mixin.py:188} INFO - [2024-05-29T16:57:50.471+0000] {dag.py:3096} INFO - Sync 1 DAGs
[2024-05-29T16:57:50.501+0000] {logging_mixin.py:188} INFO - [2024-05-29T16:57:50.501+0000] {dag.py:3954} INFO - Setting next_dagrun for latest_only to 2024-05-29 12:00:00+00:00, run_after=2024-05-29 16:00:00+00:00
[2024-05-29T16:57:50.531+0000] {processor.py:183} INFO - Processing /home/airflow/.local/lib/python3.12/site-packages/airflow/example_dags/example_latest_only.py took 0.090 seconds
[2024-05-29T16:58:21.952+0000] {processor.py:161} INFO - Started process (PID=113) to work on /home/airflow/.local/lib/python3.12/site-packages/airflow/example_dags/example_latest_only.py
[2024-05-29T16:58:21.953+0000] {processor.py:830} INFO - Processing file /home/airflow/.local/lib/python3.12/site-packages/airflow/example_dags/example_latest_only.py for tasks to queue
[2024-05-29T16:58:21.955+0000] {logging_mixin.py:188} INFO - [2024-05-29T16:58:21.955+0000] {dagbag.py:545} INFO - Filling up the DagBag from /home/airflow/.local/lib/python3.12/site-packages/airflow/example_dags/example_latest_only.py
[2024-05-29T16:58:21.960+0000] {processor.py:840} INFO - DAG(s) 'latest_only' retrieved from /home/airflow/.local/lib/python3.12/site-packages/airflow/example_dags/example_latest_only.py
[2024-05-29T16:58:22.079+0000] {logging_mixin.py:188} INFO - [2024-05-29T16:58:22.079+0000] {dag.py:3096} INFO - Sync 1 DAGs
[2024-05-29T16:58:22.100+0000] {logging_mixin.py:188} INFO - [2024-05-29T16:58:22.100+0000] {dag.py:3954} INFO - Setting next_dagrun for latest_only to 2024-05-29 12:00:00+00:00, run_after=2024-05-29 16:00:00+00:00
[2024-05-29T16:58:22.118+0000] {processor.py:183} INFO - Processing /home/airflow/.local/lib/python3.12/site-packages/airflow/example_dags/example_latest_only.py took 0.171 seconds
