[2024-05-29T16:54:05.843+0000] {processor.py:161} INFO - Started process (PID=36) to work on /home/airflow/.local/lib/python3.12/site-packages/airflow/example_dags/example_python_operator.py
[2024-05-29T16:54:05.844+0000] {processor.py:830} INFO - Processing file /home/airflow/.local/lib/python3.12/site-packages/airflow/example_dags/example_python_operator.py for tasks to queue
[2024-05-29T16:54:05.847+0000] {logging_mixin.py:188} INFO - [2024-05-29T16:54:05.846+0000] {dagbag.py:545} INFO - Filling up the DagBag from /home/airflow/.local/lib/python3.12/site-packages/airflow/example_dags/example_python_operator.py
[2024-05-29T16:54:05.875+0000] {processor.py:840} INFO - DAG(s) 'example_python_operator' retrieved from /home/airflow/.local/lib/python3.12/site-packages/airflow/example_dags/example_python_operator.py
[2024-05-29T16:54:06.069+0000] {logging_mixin.py:188} INFO - [2024-05-29T16:54:06.068+0000] {dag.py:3096} INFO - Sync 1 DAGs
[2024-05-29T16:54:06.088+0000] {logging_mixin.py:188} INFO - [2024-05-29T16:54:06.088+0000] {dag.py:3954} INFO - Setting next_dagrun for example_python_operator to None, run_after=None
[2024-05-29T16:54:06.128+0000] {processor.py:183} INFO - Processing /home/airflow/.local/lib/python3.12/site-packages/airflow/example_dags/example_python_operator.py took 0.292 seconds
[2024-05-29T16:54:36.533+0000] {processor.py:161} INFO - Started process (PID=94) to work on /home/airflow/.local/lib/python3.12/site-packages/airflow/example_dags/example_python_operator.py
[2024-05-29T16:54:36.534+0000] {processor.py:830} INFO - Processing file /home/airflow/.local/lib/python3.12/site-packages/airflow/example_dags/example_python_operator.py for tasks to queue
[2024-05-29T16:54:36.535+0000] {logging_mixin.py:188} INFO - [2024-05-29T16:54:36.535+0000] {dagbag.py:545} INFO - Filling up the DagBag from /home/airflow/.local/lib/python3.12/site-packages/airflow/example_dags/example_python_operator.py
[2024-05-29T16:54:36.548+0000] {processor.py:840} INFO - DAG(s) 'example_python_operator' retrieved from /home/airflow/.local/lib/python3.12/site-packages/airflow/example_dags/example_python_operator.py
[2024-05-29T16:54:36.575+0000] {logging_mixin.py:188} INFO - [2024-05-29T16:54:36.574+0000] {dag.py:3096} INFO - Sync 1 DAGs
[2024-05-29T16:54:36.591+0000] {logging_mixin.py:188} INFO - [2024-05-29T16:54:36.591+0000] {dag.py:3954} INFO - Setting next_dagrun for example_python_operator to None, run_after=None
[2024-05-29T16:54:36.612+0000] {processor.py:183} INFO - Processing /home/airflow/.local/lib/python3.12/site-packages/airflow/example_dags/example_python_operator.py took 0.086 seconds
[2024-05-29T16:55:06.673+0000] {processor.py:161} INFO - Started process (PID=152) to work on /home/airflow/.local/lib/python3.12/site-packages/airflow/example_dags/example_python_operator.py
[2024-05-29T16:55:06.674+0000] {processor.py:830} INFO - Processing file /home/airflow/.local/lib/python3.12/site-packages/airflow/example_dags/example_python_operator.py for tasks to queue
[2024-05-29T16:55:06.676+0000] {logging_mixin.py:188} INFO - [2024-05-29T16:55:06.676+0000] {dagbag.py:545} INFO - Filling up the DagBag from /home/airflow/.local/lib/python3.12/site-packages/airflow/example_dags/example_python_operator.py
[2024-05-29T16:55:06.688+0000] {processor.py:840} INFO - DAG(s) 'example_python_operator' retrieved from /home/airflow/.local/lib/python3.12/site-packages/airflow/example_dags/example_python_operator.py
[2024-05-29T16:55:06.711+0000] {logging_mixin.py:188} INFO - [2024-05-29T16:55:06.711+0000] {dag.py:3096} INFO - Sync 1 DAGs
[2024-05-29T16:55:06.725+0000] {logging_mixin.py:188} INFO - [2024-05-29T16:55:06.725+0000] {dag.py:3954} INFO - Setting next_dagrun for example_python_operator to None, run_after=None
[2024-05-29T16:55:06.748+0000] {processor.py:183} INFO - Processing /home/airflow/.local/lib/python3.12/site-packages/airflow/example_dags/example_python_operator.py took 0.081 seconds
[2024-05-29T16:55:37.301+0000] {processor.py:161} INFO - Started process (PID=210) to work on /home/airflow/.local/lib/python3.12/site-packages/airflow/example_dags/example_python_operator.py
[2024-05-29T16:55:37.302+0000] {processor.py:830} INFO - Processing file /home/airflow/.local/lib/python3.12/site-packages/airflow/example_dags/example_python_operator.py for tasks to queue
[2024-05-29T16:55:37.305+0000] {logging_mixin.py:188} INFO - [2024-05-29T16:55:37.305+0000] {dagbag.py:545} INFO - Filling up the DagBag from /home/airflow/.local/lib/python3.12/site-packages/airflow/example_dags/example_python_operator.py
[2024-05-29T16:55:37.321+0000] {processor.py:840} INFO - DAG(s) 'example_python_operator' retrieved from /home/airflow/.local/lib/python3.12/site-packages/airflow/example_dags/example_python_operator.py
[2024-05-29T16:55:37.355+0000] {logging_mixin.py:188} INFO - [2024-05-29T16:55:37.355+0000] {dag.py:3096} INFO - Sync 1 DAGs
[2024-05-29T16:55:37.375+0000] {logging_mixin.py:188} INFO - [2024-05-29T16:55:37.375+0000] {dag.py:3954} INFO - Setting next_dagrun for example_python_operator to None, run_after=None
[2024-05-29T16:55:37.402+0000] {processor.py:183} INFO - Processing /home/airflow/.local/lib/python3.12/site-packages/airflow/example_dags/example_python_operator.py took 0.107 seconds
[2024-05-29T16:56:07.503+0000] {processor.py:161} INFO - Started process (PID=268) to work on /home/airflow/.local/lib/python3.12/site-packages/airflow/example_dags/example_python_operator.py
[2024-05-29T16:56:07.504+0000] {processor.py:830} INFO - Processing file /home/airflow/.local/lib/python3.12/site-packages/airflow/example_dags/example_python_operator.py for tasks to queue
[2024-05-29T16:56:07.507+0000] {logging_mixin.py:188} INFO - [2024-05-29T16:56:07.506+0000] {dagbag.py:545} INFO - Filling up the DagBag from /home/airflow/.local/lib/python3.12/site-packages/airflow/example_dags/example_python_operator.py
[2024-05-29T16:56:07.523+0000] {processor.py:840} INFO - DAG(s) 'example_python_operator' retrieved from /home/airflow/.local/lib/python3.12/site-packages/airflow/example_dags/example_python_operator.py
[2024-05-29T16:56:07.548+0000] {logging_mixin.py:188} INFO - [2024-05-29T16:56:07.548+0000] {dag.py:3096} INFO - Sync 1 DAGs
[2024-05-29T16:56:07.562+0000] {logging_mixin.py:188} INFO - [2024-05-29T16:56:07.562+0000] {dag.py:3954} INFO - Setting next_dagrun for example_python_operator to None, run_after=None
[2024-05-29T16:56:07.583+0000] {processor.py:183} INFO - Processing /home/airflow/.local/lib/python3.12/site-packages/airflow/example_dags/example_python_operator.py took 0.087 seconds
[2024-05-29T16:56:37.740+0000] {processor.py:161} INFO - Started process (PID=326) to work on /home/airflow/.local/lib/python3.12/site-packages/airflow/example_dags/example_python_operator.py
[2024-05-29T16:56:37.741+0000] {processor.py:830} INFO - Processing file /home/airflow/.local/lib/python3.12/site-packages/airflow/example_dags/example_python_operator.py for tasks to queue
[2024-05-29T16:56:37.743+0000] {logging_mixin.py:188} INFO - [2024-05-29T16:56:37.742+0000] {dagbag.py:545} INFO - Filling up the DagBag from /home/airflow/.local/lib/python3.12/site-packages/airflow/example_dags/example_python_operator.py
[2024-05-29T16:56:37.753+0000] {processor.py:840} INFO - DAG(s) 'example_python_operator' retrieved from /home/airflow/.local/lib/python3.12/site-packages/airflow/example_dags/example_python_operator.py
[2024-05-29T16:56:37.775+0000] {logging_mixin.py:188} INFO - [2024-05-29T16:56:37.775+0000] {dag.py:3096} INFO - Sync 1 DAGs
[2024-05-29T16:56:37.789+0000] {logging_mixin.py:188} INFO - [2024-05-29T16:56:37.789+0000] {dag.py:3954} INFO - Setting next_dagrun for example_python_operator to None, run_after=None
[2024-05-29T16:56:37.809+0000] {processor.py:183} INFO - Processing /home/airflow/.local/lib/python3.12/site-packages/airflow/example_dags/example_python_operator.py took 0.075 seconds
[2024-05-29T16:57:49.288+0000] {processor.py:161} INFO - Started process (PID=35) to work on /home/airflow/.local/lib/python3.12/site-packages/airflow/example_dags/example_python_operator.py
[2024-05-29T16:57:49.289+0000] {processor.py:830} INFO - Processing file /home/airflow/.local/lib/python3.12/site-packages/airflow/example_dags/example_python_operator.py for tasks to queue
[2024-05-29T16:57:49.292+0000] {logging_mixin.py:188} INFO - [2024-05-29T16:57:49.291+0000] {dagbag.py:545} INFO - Filling up the DagBag from /home/airflow/.local/lib/python3.12/site-packages/airflow/example_dags/example_python_operator.py
[2024-05-29T16:57:49.305+0000] {processor.py:840} INFO - DAG(s) 'example_python_operator' retrieved from /home/airflow/.local/lib/python3.12/site-packages/airflow/example_dags/example_python_operator.py
[2024-05-29T16:57:49.317+0000] {logging_mixin.py:188} INFO - [2024-05-29T16:57:49.316+0000] {dag.py:3096} INFO - Sync 1 DAGs
[2024-05-29T16:57:49.330+0000] {logging_mixin.py:188} INFO - [2024-05-29T16:57:49.330+0000] {dag.py:3954} INFO - Setting next_dagrun for example_python_operator to None, run_after=None
[2024-05-29T16:57:49.357+0000] {processor.py:183} INFO - Processing /home/airflow/.local/lib/python3.12/site-packages/airflow/example_dags/example_python_operator.py took 0.077 seconds
[2024-05-29T16:58:19.828+0000] {processor.py:161} INFO - Started process (PID=93) to work on /home/airflow/.local/lib/python3.12/site-packages/airflow/example_dags/example_python_operator.py
[2024-05-29T16:58:19.829+0000] {processor.py:830} INFO - Processing file /home/airflow/.local/lib/python3.12/site-packages/airflow/example_dags/example_python_operator.py for tasks to queue
[2024-05-29T16:58:19.831+0000] {logging_mixin.py:188} INFO - [2024-05-29T16:58:19.830+0000] {dagbag.py:545} INFO - Filling up the DagBag from /home/airflow/.local/lib/python3.12/site-packages/airflow/example_dags/example_python_operator.py
[2024-05-29T16:58:19.841+0000] {processor.py:840} INFO - DAG(s) 'example_python_operator' retrieved from /home/airflow/.local/lib/python3.12/site-packages/airflow/example_dags/example_python_operator.py
[2024-05-29T16:58:19.950+0000] {logging_mixin.py:188} INFO - [2024-05-29T16:58:19.950+0000] {dag.py:3096} INFO - Sync 1 DAGs
[2024-05-29T16:58:19.961+0000] {logging_mixin.py:188} INFO - [2024-05-29T16:58:19.961+0000] {dag.py:3954} INFO - Setting next_dagrun for example_python_operator to None, run_after=None
[2024-05-29T16:58:19.982+0000] {processor.py:183} INFO - Processing /home/airflow/.local/lib/python3.12/site-packages/airflow/example_dags/example_python_operator.py took 0.159 seconds
