[2024-05-29T16:54:14.655+0000] {processor.py:161} INFO - Started process (PID=75) to work on /home/airflow/.local/lib/python3.12/site-packages/airflow/example_dags/example_subdag_operator.py
[2024-05-29T16:54:14.656+0000] {processor.py:830} INFO - Processing file /home/airflow/.local/lib/python3.12/site-packages/airflow/example_dags/example_subdag_operator.py for tasks to queue
[2024-05-29T16:54:14.661+0000] {logging_mixin.py:188} INFO - [2024-05-29T16:54:14.660+0000] {dagbag.py:545} INFO - Filling up the DagBag from /home/airflow/.local/lib/python3.12/site-packages/airflow/example_dags/example_subdag_operator.py
[2024-05-29T16:54:14.751+0000] {processor.py:840} INFO - DAG(s) 'example_subdag_operator.section-1', 'example_subdag_operator.section-2', 'example_subdag_operator' retrieved from /home/airflow/.local/lib/python3.12/site-packages/airflow/example_dags/example_subdag_operator.py
[2024-05-29T16:54:15.087+0000] {logging_mixin.py:188} INFO - [2024-05-29T16:54:15.087+0000] {dag.py:3096} INFO - Sync 3 DAGs
[2024-05-29T16:54:15.142+0000] {logging_mixin.py:188} INFO - [2024-05-29T16:54:15.142+0000] {dag.py:3954} INFO - Setting next_dagrun for example_subdag_operator to 2022-01-01 00:00:00+00:00, run_after=2022-01-01 00:00:00+00:00
[2024-05-29T16:54:15.147+0000] {logging_mixin.py:188} INFO - [2024-05-29T16:54:15.147+0000] {dag.py:3954} INFO - Setting next_dagrun for example_subdag_operator.section-1 to None, run_after=None
[2024-05-29T16:54:15.150+0000] {logging_mixin.py:188} INFO - [2024-05-29T16:54:15.149+0000] {dag.py:3954} INFO - Setting next_dagrun for example_subdag_operator.section-2 to None, run_after=None
[2024-05-29T16:54:15.181+0000] {logging_mixin.py:188} INFO - [2024-05-29T16:54:15.181+0000] {dag.py:3096} INFO - Sync 2 DAGs
[2024-05-29T16:54:15.191+0000] {logging_mixin.py:188} INFO - [2024-05-29T16:54:15.190+0000] {dag.py:3954} INFO - Setting next_dagrun for example_subdag_operator.section-1 to None, run_after=None
[2024-05-29T16:54:15.192+0000] {logging_mixin.py:188} INFO - [2024-05-29T16:54:15.192+0000] {dag.py:3954} INFO - Setting next_dagrun for example_subdag_operator.section-2 to None, run_after=None
[2024-05-29T16:54:15.378+0000] {processor.py:183} INFO - Processing /home/airflow/.local/lib/python3.12/site-packages/airflow/example_dags/example_subdag_operator.py took 0.742 seconds
[2024-05-29T16:54:45.421+0000] {processor.py:161} INFO - Started process (PID=133) to work on /home/airflow/.local/lib/python3.12/site-packages/airflow/example_dags/example_subdag_operator.py
[2024-05-29T16:54:45.422+0000] {processor.py:830} INFO - Processing file /home/airflow/.local/lib/python3.12/site-packages/airflow/example_dags/example_subdag_operator.py for tasks to queue
[2024-05-29T16:54:45.424+0000] {logging_mixin.py:188} INFO - [2024-05-29T16:54:45.424+0000] {dagbag.py:545} INFO - Filling up the DagBag from /home/airflow/.local/lib/python3.12/site-packages/airflow/example_dags/example_subdag_operator.py
[2024-05-29T16:54:45.452+0000] {processor.py:840} INFO - DAG(s) 'example_subdag_operator.section-1', 'example_subdag_operator.section-2', 'example_subdag_operator' retrieved from /home/airflow/.local/lib/python3.12/site-packages/airflow/example_dags/example_subdag_operator.py
[2024-05-29T16:54:45.480+0000] {logging_mixin.py:188} INFO - [2024-05-29T16:54:45.480+0000] {dag.py:3096} INFO - Sync 3 DAGs
[2024-05-29T16:54:45.535+0000] {logging_mixin.py:188} INFO - [2024-05-29T16:54:45.535+0000] {dag.py:3954} INFO - Setting next_dagrun for example_subdag_operator to 2022-01-01 00:00:00+00:00, run_after=2022-01-01 00:00:00+00:00
[2024-05-29T16:54:45.567+0000] {logging_mixin.py:188} INFO - [2024-05-29T16:54:45.566+0000] {dag.py:3954} INFO - Setting next_dagrun for example_subdag_operator.section-1 to None, run_after=None
[2024-05-29T16:54:45.572+0000] {logging_mixin.py:188} INFO - [2024-05-29T16:54:45.569+0000] {dag.py:3954} INFO - Setting next_dagrun for example_subdag_operator.section-2 to None, run_after=None
[2024-05-29T16:54:45.587+0000] {logging_mixin.py:188} INFO - [2024-05-29T16:54:45.587+0000] {dag.py:3096} INFO - Sync 2 DAGs
[2024-05-29T16:54:45.598+0000] {logging_mixin.py:188} INFO - [2024-05-29T16:54:45.597+0000] {dag.py:3954} INFO - Setting next_dagrun for example_subdag_operator.section-1 to None, run_after=None
[2024-05-29T16:54:45.599+0000] {logging_mixin.py:188} INFO - [2024-05-29T16:54:45.599+0000] {dag.py:3954} INFO - Setting next_dagrun for example_subdag_operator.section-2 to None, run_after=None
[2024-05-29T16:54:45.612+0000] {processor.py:183} INFO - Processing /home/airflow/.local/lib/python3.12/site-packages/airflow/example_dags/example_subdag_operator.py took 0.199 seconds
[2024-05-29T16:55:16.171+0000] {processor.py:161} INFO - Started process (PID=191) to work on /home/airflow/.local/lib/python3.12/site-packages/airflow/example_dags/example_subdag_operator.py
[2024-05-29T16:55:16.172+0000] {processor.py:830} INFO - Processing file /home/airflow/.local/lib/python3.12/site-packages/airflow/example_dags/example_subdag_operator.py for tasks to queue
[2024-05-29T16:55:16.173+0000] {logging_mixin.py:188} INFO - [2024-05-29T16:55:16.173+0000] {dagbag.py:545} INFO - Filling up the DagBag from /home/airflow/.local/lib/python3.12/site-packages/airflow/example_dags/example_subdag_operator.py
[2024-05-29T16:55:16.195+0000] {processor.py:840} INFO - DAG(s) 'example_subdag_operator.section-1', 'example_subdag_operator.section-2', 'example_subdag_operator' retrieved from /home/airflow/.local/lib/python3.12/site-packages/airflow/example_dags/example_subdag_operator.py
[2024-05-29T16:55:16.211+0000] {logging_mixin.py:188} INFO - [2024-05-29T16:55:16.211+0000] {dag.py:3096} INFO - Sync 3 DAGs
[2024-05-29T16:55:16.236+0000] {logging_mixin.py:188} INFO - [2024-05-29T16:55:16.236+0000] {dag.py:3954} INFO - Setting next_dagrun for example_subdag_operator to 2022-01-01 00:00:00+00:00, run_after=2022-01-01 00:00:00+00:00
[2024-05-29T16:55:16.240+0000] {logging_mixin.py:188} INFO - [2024-05-29T16:55:16.240+0000] {dag.py:3954} INFO - Setting next_dagrun for example_subdag_operator.section-1 to None, run_after=None
[2024-05-29T16:55:16.242+0000] {logging_mixin.py:188} INFO - [2024-05-29T16:55:16.242+0000] {dag.py:3954} INFO - Setting next_dagrun for example_subdag_operator.section-2 to None, run_after=None
[2024-05-29T16:55:16.250+0000] {logging_mixin.py:188} INFO - [2024-05-29T16:55:16.250+0000] {dag.py:3096} INFO - Sync 2 DAGs
[2024-05-29T16:55:16.255+0000] {logging_mixin.py:188} INFO - [2024-05-29T16:55:16.255+0000] {dag.py:3954} INFO - Setting next_dagrun for example_subdag_operator.section-1 to None, run_after=None
[2024-05-29T16:55:16.256+0000] {logging_mixin.py:188} INFO - [2024-05-29T16:55:16.256+0000] {dag.py:3954} INFO - Setting next_dagrun for example_subdag_operator.section-2 to None, run_after=None
[2024-05-29T16:55:16.268+0000] {processor.py:183} INFO - Processing /home/airflow/.local/lib/python3.12/site-packages/airflow/example_dags/example_subdag_operator.py took 0.104 seconds
[2024-05-29T16:55:46.376+0000] {processor.py:161} INFO - Started process (PID=249) to work on /home/airflow/.local/lib/python3.12/site-packages/airflow/example_dags/example_subdag_operator.py
[2024-05-29T16:55:46.377+0000] {processor.py:830} INFO - Processing file /home/airflow/.local/lib/python3.12/site-packages/airflow/example_dags/example_subdag_operator.py for tasks to queue
[2024-05-29T16:55:46.379+0000] {logging_mixin.py:188} INFO - [2024-05-29T16:55:46.378+0000] {dagbag.py:545} INFO - Filling up the DagBag from /home/airflow/.local/lib/python3.12/site-packages/airflow/example_dags/example_subdag_operator.py
[2024-05-29T16:55:46.401+0000] {processor.py:840} INFO - DAG(s) 'example_subdag_operator.section-1', 'example_subdag_operator.section-2', 'example_subdag_operator' retrieved from /home/airflow/.local/lib/python3.12/site-packages/airflow/example_dags/example_subdag_operator.py
[2024-05-29T16:55:46.420+0000] {logging_mixin.py:188} INFO - [2024-05-29T16:55:46.419+0000] {dag.py:3096} INFO - Sync 3 DAGs
[2024-05-29T16:55:46.444+0000] {logging_mixin.py:188} INFO - [2024-05-29T16:55:46.443+0000] {dag.py:3954} INFO - Setting next_dagrun for example_subdag_operator to 2022-01-01 00:00:00+00:00, run_after=2022-01-01 00:00:00+00:00
[2024-05-29T16:55:46.448+0000] {logging_mixin.py:188} INFO - [2024-05-29T16:55:46.448+0000] {dag.py:3954} INFO - Setting next_dagrun for example_subdag_operator.section-1 to None, run_after=None
[2024-05-29T16:55:46.450+0000] {logging_mixin.py:188} INFO - [2024-05-29T16:55:46.449+0000] {dag.py:3954} INFO - Setting next_dagrun for example_subdag_operator.section-2 to None, run_after=None
[2024-05-29T16:55:46.458+0000] {logging_mixin.py:188} INFO - [2024-05-29T16:55:46.457+0000] {dag.py:3096} INFO - Sync 2 DAGs
[2024-05-29T16:55:46.463+0000] {logging_mixin.py:188} INFO - [2024-05-29T16:55:46.463+0000] {dag.py:3954} INFO - Setting next_dagrun for example_subdag_operator.section-1 to None, run_after=None
[2024-05-29T16:55:46.464+0000] {logging_mixin.py:188} INFO - [2024-05-29T16:55:46.463+0000] {dag.py:3954} INFO - Setting next_dagrun for example_subdag_operator.section-2 to None, run_after=None
[2024-05-29T16:55:46.475+0000] {processor.py:183} INFO - Processing /home/airflow/.local/lib/python3.12/site-packages/airflow/example_dags/example_subdag_operator.py took 0.105 seconds
[2024-05-29T16:56:16.748+0000] {processor.py:161} INFO - Started process (PID=307) to work on /home/airflow/.local/lib/python3.12/site-packages/airflow/example_dags/example_subdag_operator.py
[2024-05-29T16:56:16.749+0000] {processor.py:830} INFO - Processing file /home/airflow/.local/lib/python3.12/site-packages/airflow/example_dags/example_subdag_operator.py for tasks to queue
[2024-05-29T16:56:16.751+0000] {logging_mixin.py:188} INFO - [2024-05-29T16:56:16.751+0000] {dagbag.py:545} INFO - Filling up the DagBag from /home/airflow/.local/lib/python3.12/site-packages/airflow/example_dags/example_subdag_operator.py
[2024-05-29T16:56:16.775+0000] {processor.py:840} INFO - DAG(s) 'example_subdag_operator.section-1', 'example_subdag_operator.section-2', 'example_subdag_operator' retrieved from /home/airflow/.local/lib/python3.12/site-packages/airflow/example_dags/example_subdag_operator.py
[2024-05-29T16:56:16.794+0000] {logging_mixin.py:188} INFO - [2024-05-29T16:56:16.794+0000] {dag.py:3096} INFO - Sync 3 DAGs
[2024-05-29T16:56:16.821+0000] {logging_mixin.py:188} INFO - [2024-05-29T16:56:16.821+0000] {dag.py:3954} INFO - Setting next_dagrun for example_subdag_operator to 2022-01-01 00:00:00+00:00, run_after=2022-01-01 00:00:00+00:00
[2024-05-29T16:56:16.827+0000] {logging_mixin.py:188} INFO - [2024-05-29T16:56:16.827+0000] {dag.py:3954} INFO - Setting next_dagrun for example_subdag_operator.section-1 to None, run_after=None
[2024-05-29T16:56:16.830+0000] {logging_mixin.py:188} INFO - [2024-05-29T16:56:16.829+0000] {dag.py:3954} INFO - Setting next_dagrun for example_subdag_operator.section-2 to None, run_after=None
[2024-05-29T16:56:16.839+0000] {logging_mixin.py:188} INFO - [2024-05-29T16:56:16.839+0000] {dag.py:3096} INFO - Sync 2 DAGs
[2024-05-29T16:56:16.845+0000] {logging_mixin.py:188} INFO - [2024-05-29T16:56:16.845+0000] {dag.py:3954} INFO - Setting next_dagrun for example_subdag_operator.section-1 to None, run_after=None
[2024-05-29T16:56:16.846+0000] {logging_mixin.py:188} INFO - [2024-05-29T16:56:16.846+0000] {dag.py:3954} INFO - Setting next_dagrun for example_subdag_operator.section-2 to None, run_after=None
[2024-05-29T16:56:16.856+0000] {processor.py:183} INFO - Processing /home/airflow/.local/lib/python3.12/site-packages/airflow/example_dags/example_subdag_operator.py took 0.115 seconds
[2024-05-29T16:57:51.633+0000] {processor.py:161} INFO - Started process (PID=68) to work on /home/airflow/.local/lib/python3.12/site-packages/airflow/example_dags/example_subdag_operator.py
[2024-05-29T16:57:51.634+0000] {processor.py:830} INFO - Processing file /home/airflow/.local/lib/python3.12/site-packages/airflow/example_dags/example_subdag_operator.py for tasks to queue
[2024-05-29T16:57:51.636+0000] {logging_mixin.py:188} INFO - [2024-05-29T16:57:51.636+0000] {dagbag.py:545} INFO - Filling up the DagBag from /home/airflow/.local/lib/python3.12/site-packages/airflow/example_dags/example_subdag_operator.py
[2024-05-29T16:57:51.668+0000] {processor.py:840} INFO - DAG(s) 'example_subdag_operator.section-1', 'example_subdag_operator.section-2', 'example_subdag_operator' retrieved from /home/airflow/.local/lib/python3.12/site-packages/airflow/example_dags/example_subdag_operator.py
[2024-05-29T16:57:51.673+0000] {logging_mixin.py:188} INFO - [2024-05-29T16:57:51.672+0000] {dag.py:3096} INFO - Sync 3 DAGs
[2024-05-29T16:57:51.712+0000] {logging_mixin.py:188} INFO - [2024-05-29T16:57:51.711+0000] {dag.py:3954} INFO - Setting next_dagrun for example_subdag_operator to 2022-01-01 00:00:00+00:00, run_after=2022-01-01 00:00:00+00:00
[2024-05-29T16:57:51.718+0000] {logging_mixin.py:188} INFO - [2024-05-29T16:57:51.717+0000] {dag.py:3954} INFO - Setting next_dagrun for example_subdag_operator.section-1 to None, run_after=None
[2024-05-29T16:57:51.726+0000] {logging_mixin.py:188} INFO - [2024-05-29T16:57:51.726+0000] {dag.py:3954} INFO - Setting next_dagrun for example_subdag_operator.section-2 to None, run_after=None
[2024-05-29T16:57:51.738+0000] {logging_mixin.py:188} INFO - [2024-05-29T16:57:51.738+0000] {dag.py:3096} INFO - Sync 2 DAGs
[2024-05-29T16:57:51.748+0000] {logging_mixin.py:188} INFO - [2024-05-29T16:57:51.747+0000] {dag.py:3954} INFO - Setting next_dagrun for example_subdag_operator.section-1 to None, run_after=None
[2024-05-29T16:57:51.749+0000] {logging_mixin.py:188} INFO - [2024-05-29T16:57:51.749+0000] {dag.py:3954} INFO - Setting next_dagrun for example_subdag_operator.section-2 to None, run_after=None
[2024-05-29T16:57:51.767+0000] {processor.py:183} INFO - Processing /home/airflow/.local/lib/python3.12/site-packages/airflow/example_dags/example_subdag_operator.py took 0.141 seconds
[2024-05-29T16:58:23.199+0000] {processor.py:161} INFO - Started process (PID=126) to work on /home/airflow/.local/lib/python3.12/site-packages/airflow/example_dags/example_subdag_operator.py
[2024-05-29T16:58:23.200+0000] {processor.py:830} INFO - Processing file /home/airflow/.local/lib/python3.12/site-packages/airflow/example_dags/example_subdag_operator.py for tasks to queue
[2024-05-29T16:58:23.202+0000] {logging_mixin.py:188} INFO - [2024-05-29T16:58:23.202+0000] {dagbag.py:545} INFO - Filling up the DagBag from /home/airflow/.local/lib/python3.12/site-packages/airflow/example_dags/example_subdag_operator.py
[2024-05-29T16:58:23.224+0000] {processor.py:840} INFO - DAG(s) 'example_subdag_operator.section-1', 'example_subdag_operator.section-2', 'example_subdag_operator' retrieved from /home/airflow/.local/lib/python3.12/site-packages/airflow/example_dags/example_subdag_operator.py
[2024-05-29T16:58:23.319+0000] {logging_mixin.py:188} INFO - [2024-05-29T16:58:23.319+0000] {dag.py:3096} INFO - Sync 3 DAGs
[2024-05-29T16:58:23.339+0000] {logging_mixin.py:188} INFO - [2024-05-29T16:58:23.338+0000] {dag.py:3954} INFO - Setting next_dagrun for example_subdag_operator to 2022-01-01 00:00:00+00:00, run_after=2022-01-01 00:00:00+00:00
[2024-05-29T16:58:23.342+0000] {logging_mixin.py:188} INFO - [2024-05-29T16:58:23.341+0000] {dag.py:3954} INFO - Setting next_dagrun for example_subdag_operator.section-1 to None, run_after=None
[2024-05-29T16:58:23.343+0000] {logging_mixin.py:188} INFO - [2024-05-29T16:58:23.343+0000] {dag.py:3954} INFO - Setting next_dagrun for example_subdag_operator.section-2 to None, run_after=None
[2024-05-29T16:58:23.352+0000] {logging_mixin.py:188} INFO - [2024-05-29T16:58:23.352+0000] {dag.py:3096} INFO - Sync 2 DAGs
[2024-05-29T16:58:23.357+0000] {logging_mixin.py:188} INFO - [2024-05-29T16:58:23.356+0000] {dag.py:3954} INFO - Setting next_dagrun for example_subdag_operator.section-1 to None, run_after=None
[2024-05-29T16:58:23.357+0000] {logging_mixin.py:188} INFO - [2024-05-29T16:58:23.357+0000] {dag.py:3954} INFO - Setting next_dagrun for example_subdag_operator.section-2 to None, run_after=None
[2024-05-29T16:58:23.368+0000] {processor.py:183} INFO - Processing /home/airflow/.local/lib/python3.12/site-packages/airflow/example_dags/example_subdag_operator.py took 0.174 seconds
