[2024-05-29T16:54:12.429+0000] {processor.py:161} INFO - Started process (PID=70) to work on /home/airflow/.local/lib/python3.12/site-packages/airflow/example_dags/example_display_name.py
[2024-05-29T16:54:12.433+0000] {processor.py:830} INFO - Processing file /home/airflow/.local/lib/python3.12/site-packages/airflow/example_dags/example_display_name.py for tasks to queue
[2024-05-29T16:54:12.436+0000] {logging_mixin.py:188} INFO - [2024-05-29T16:54:12.436+0000] {dagbag.py:545} INFO - Filling up the DagBag from /home/airflow/.local/lib/python3.12/site-packages/airflow/example_dags/example_display_name.py
[2024-05-29T16:54:12.472+0000] {processor.py:840} INFO - DAG(s) 'example_display_name' retrieved from /home/airflow/.local/lib/python3.12/site-packages/airflow/example_dags/example_display_name.py
[2024-05-29T16:54:12.768+0000] {logging_mixin.py:188} INFO - [2024-05-29T16:54:12.766+0000] {dag.py:3096} INFO - Sync 1 DAGs
[2024-05-29T16:54:12.802+0000] {logging_mixin.py:188} INFO - [2024-05-29T16:54:12.802+0000] {dag.py:3954} INFO - Setting next_dagrun for example_display_name to None, run_after=None
[2024-05-29T16:54:12.979+0000] {processor.py:183} INFO - Processing /home/airflow/.local/lib/python3.12/site-packages/airflow/example_dags/example_display_name.py took 0.568 seconds
[2024-05-29T16:54:43.420+0000] {processor.py:161} INFO - Started process (PID=128) to work on /home/airflow/.local/lib/python3.12/site-packages/airflow/example_dags/example_display_name.py
[2024-05-29T16:54:43.422+0000] {processor.py:830} INFO - Processing file /home/airflow/.local/lib/python3.12/site-packages/airflow/example_dags/example_display_name.py for tasks to queue
[2024-05-29T16:54:43.427+0000] {logging_mixin.py:188} INFO - [2024-05-29T16:54:43.425+0000] {dagbag.py:545} INFO - Filling up the DagBag from /home/airflow/.local/lib/python3.12/site-packages/airflow/example_dags/example_display_name.py
[2024-05-29T16:54:43.435+0000] {processor.py:840} INFO - DAG(s) 'example_display_name' retrieved from /home/airflow/.local/lib/python3.12/site-packages/airflow/example_dags/example_display_name.py
[2024-05-29T16:54:43.473+0000] {logging_mixin.py:188} INFO - [2024-05-29T16:54:43.473+0000] {dag.py:3096} INFO - Sync 1 DAGs
[2024-05-29T16:54:43.523+0000] {logging_mixin.py:188} INFO - [2024-05-29T16:54:43.523+0000] {dag.py:3954} INFO - Setting next_dagrun for example_display_name to None, run_after=None
[2024-05-29T16:54:43.639+0000] {processor.py:183} INFO - Processing /home/airflow/.local/lib/python3.12/site-packages/airflow/example_dags/example_display_name.py took 0.227 seconds
[2024-05-29T16:55:13.966+0000] {processor.py:161} INFO - Started process (PID=186) to work on /home/airflow/.local/lib/python3.12/site-packages/airflow/example_dags/example_display_name.py
[2024-05-29T16:55:13.967+0000] {processor.py:830} INFO - Processing file /home/airflow/.local/lib/python3.12/site-packages/airflow/example_dags/example_display_name.py for tasks to queue
[2024-05-29T16:55:13.969+0000] {logging_mixin.py:188} INFO - [2024-05-29T16:55:13.968+0000] {dagbag.py:545} INFO - Filling up the DagBag from /home/airflow/.local/lib/python3.12/site-packages/airflow/example_dags/example_display_name.py
[2024-05-29T16:55:13.975+0000] {processor.py:840} INFO - DAG(s) 'example_display_name' retrieved from /home/airflow/.local/lib/python3.12/site-packages/airflow/example_dags/example_display_name.py
[2024-05-29T16:55:13.994+0000] {logging_mixin.py:188} INFO - [2024-05-29T16:55:13.994+0000] {dag.py:3096} INFO - Sync 1 DAGs
[2024-05-29T16:55:14.009+0000] {logging_mixin.py:188} INFO - [2024-05-29T16:55:14.009+0000] {dag.py:3954} INFO - Setting next_dagrun for example_display_name to None, run_after=None
[2024-05-29T16:55:14.031+0000] {processor.py:183} INFO - Processing /home/airflow/.local/lib/python3.12/site-packages/airflow/example_dags/example_display_name.py took 0.071 seconds
[2024-05-29T16:55:44.137+0000] {processor.py:161} INFO - Started process (PID=244) to work on /home/airflow/.local/lib/python3.12/site-packages/airflow/example_dags/example_display_name.py
[2024-05-29T16:55:44.138+0000] {processor.py:830} INFO - Processing file /home/airflow/.local/lib/python3.12/site-packages/airflow/example_dags/example_display_name.py for tasks to queue
[2024-05-29T16:55:44.140+0000] {logging_mixin.py:188} INFO - [2024-05-29T16:55:44.140+0000] {dagbag.py:545} INFO - Filling up the DagBag from /home/airflow/.local/lib/python3.12/site-packages/airflow/example_dags/example_display_name.py
[2024-05-29T16:55:44.146+0000] {processor.py:840} INFO - DAG(s) 'example_display_name' retrieved from /home/airflow/.local/lib/python3.12/site-packages/airflow/example_dags/example_display_name.py
[2024-05-29T16:55:44.165+0000] {logging_mixin.py:188} INFO - [2024-05-29T16:55:44.165+0000] {dag.py:3096} INFO - Sync 1 DAGs
[2024-05-29T16:55:44.179+0000] {logging_mixin.py:188} INFO - [2024-05-29T16:55:44.178+0000] {dag.py:3954} INFO - Setting next_dagrun for example_display_name to None, run_after=None
[2024-05-29T16:55:44.196+0000] {processor.py:183} INFO - Processing /home/airflow/.local/lib/python3.12/site-packages/airflow/example_dags/example_display_name.py took 0.064 seconds
[2024-05-29T16:56:14.469+0000] {processor.py:161} INFO - Started process (PID=302) to work on /home/airflow/.local/lib/python3.12/site-packages/airflow/example_dags/example_display_name.py
[2024-05-29T16:56:14.470+0000] {processor.py:830} INFO - Processing file /home/airflow/.local/lib/python3.12/site-packages/airflow/example_dags/example_display_name.py for tasks to queue
[2024-05-29T16:56:14.472+0000] {logging_mixin.py:188} INFO - [2024-05-29T16:56:14.471+0000] {dagbag.py:545} INFO - Filling up the DagBag from /home/airflow/.local/lib/python3.12/site-packages/airflow/example_dags/example_display_name.py
[2024-05-29T16:56:14.477+0000] {processor.py:840} INFO - DAG(s) 'example_display_name' retrieved from /home/airflow/.local/lib/python3.12/site-packages/airflow/example_dags/example_display_name.py
[2024-05-29T16:56:14.496+0000] {logging_mixin.py:188} INFO - [2024-05-29T16:56:14.496+0000] {dag.py:3096} INFO - Sync 1 DAGs
[2024-05-29T16:56:14.510+0000] {logging_mixin.py:188} INFO - [2024-05-29T16:56:14.510+0000] {dag.py:3954} INFO - Setting next_dagrun for example_display_name to None, run_after=None
[2024-05-29T16:56:14.537+0000] {processor.py:183} INFO - Processing /home/airflow/.local/lib/python3.12/site-packages/airflow/example_dags/example_display_name.py took 0.075 seconds
[2024-05-29T16:57:51.009+0000] {processor.py:161} INFO - Started process (PID=63) to work on /home/airflow/.local/lib/python3.12/site-packages/airflow/example_dags/example_display_name.py
[2024-05-29T16:57:51.010+0000] {processor.py:830} INFO - Processing file /home/airflow/.local/lib/python3.12/site-packages/airflow/example_dags/example_display_name.py for tasks to queue
[2024-05-29T16:57:51.012+0000] {logging_mixin.py:188} INFO - [2024-05-29T16:57:51.012+0000] {dagbag.py:545} INFO - Filling up the DagBag from /home/airflow/.local/lib/python3.12/site-packages/airflow/example_dags/example_display_name.py
[2024-05-29T16:57:51.022+0000] {processor.py:840} INFO - DAG(s) 'example_display_name' retrieved from /home/airflow/.local/lib/python3.12/site-packages/airflow/example_dags/example_display_name.py
[2024-05-29T16:57:51.035+0000] {logging_mixin.py:188} INFO - [2024-05-29T16:57:51.034+0000] {dag.py:3096} INFO - Sync 1 DAGs
[2024-05-29T16:57:51.050+0000] {logging_mixin.py:188} INFO - [2024-05-29T16:57:51.050+0000] {dag.py:3954} INFO - Setting next_dagrun for example_display_name to None, run_after=None
[2024-05-29T16:57:51.074+0000] {processor.py:183} INFO - Processing /home/airflow/.local/lib/python3.12/site-packages/airflow/example_dags/example_display_name.py took 0.074 seconds
[2024-05-29T16:58:22.707+0000] {processor.py:161} INFO - Started process (PID=121) to work on /home/airflow/.local/lib/python3.12/site-packages/airflow/example_dags/example_display_name.py
[2024-05-29T16:58:22.707+0000] {processor.py:830} INFO - Processing file /home/airflow/.local/lib/python3.12/site-packages/airflow/example_dags/example_display_name.py for tasks to queue
[2024-05-29T16:58:22.709+0000] {logging_mixin.py:188} INFO - [2024-05-29T16:58:22.709+0000] {dagbag.py:545} INFO - Filling up the DagBag from /home/airflow/.local/lib/python3.12/site-packages/airflow/example_dags/example_display_name.py
[2024-05-29T16:58:22.714+0000] {processor.py:840} INFO - DAG(s) 'example_display_name' retrieved from /home/airflow/.local/lib/python3.12/site-packages/airflow/example_dags/example_display_name.py
[2024-05-29T16:58:22.812+0000] {logging_mixin.py:188} INFO - [2024-05-29T16:58:22.812+0000] {dag.py:3096} INFO - Sync 1 DAGs
[2024-05-29T16:58:22.822+0000] {logging_mixin.py:188} INFO - [2024-05-29T16:58:22.822+0000] {dag.py:3954} INFO - Setting next_dagrun for example_display_name to None, run_after=None
[2024-05-29T16:58:22.839+0000] {processor.py:183} INFO - Processing /home/airflow/.local/lib/python3.12/site-packages/airflow/example_dags/example_display_name.py took 0.138 seconds
