[2024-05-29T16:54:13.105+0000] {processor.py:161} INFO - Started process (PID=72) to work on /home/airflow/.local/lib/python3.12/site-packages/airflow/example_dags/example_branch_python_dop_operator_3.py
[2024-05-29T16:54:13.108+0000] {processor.py:830} INFO - Processing file /home/airflow/.local/lib/python3.12/site-packages/airflow/example_dags/example_branch_python_dop_operator_3.py for tasks to queue
[2024-05-29T16:54:13.119+0000] {logging_mixin.py:188} INFO - [2024-05-29T16:54:13.119+0000] {dagbag.py:545} INFO - Filling up the DagBag from /home/airflow/.local/lib/python3.12/site-packages/airflow/example_dags/example_branch_python_dop_operator_3.py
[2024-05-29T16:54:13.157+0000] {processor.py:840} INFO - DAG(s) 'example_branch_dop_operator_v3' retrieved from /home/airflow/.local/lib/python3.12/site-packages/airflow/example_dags/example_branch_python_dop_operator_3.py
[2024-05-29T16:54:13.533+0000] {logging_mixin.py:188} INFO - [2024-05-29T16:54:13.532+0000] {dag.py:3096} INFO - Sync 1 DAGs
[2024-05-29T16:54:13.638+0000] {logging_mixin.py:188} INFO - [2024-05-29T16:54:13.637+0000] {dag.py:3954} INFO - Setting next_dagrun for example_branch_dop_operator_v3 to 2024-05-29 16:53:00+00:00, run_after=2024-05-29 16:54:00+00:00
[2024-05-29T16:54:13.701+0000] {processor.py:183} INFO - Processing /home/airflow/.local/lib/python3.12/site-packages/airflow/example_dags/example_branch_python_dop_operator_3.py took 0.605 seconds
[2024-05-29T16:54:44.513+0000] {processor.py:161} INFO - Started process (PID=129) to work on /home/airflow/.local/lib/python3.12/site-packages/airflow/example_dags/example_branch_python_dop_operator_3.py
[2024-05-29T16:54:44.518+0000] {processor.py:830} INFO - Processing file /home/airflow/.local/lib/python3.12/site-packages/airflow/example_dags/example_branch_python_dop_operator_3.py for tasks to queue
[2024-05-29T16:54:44.522+0000] {logging_mixin.py:188} INFO - [2024-05-29T16:54:44.522+0000] {dagbag.py:545} INFO - Filling up the DagBag from /home/airflow/.local/lib/python3.12/site-packages/airflow/example_dags/example_branch_python_dop_operator_3.py
[2024-05-29T16:54:44.539+0000] {processor.py:840} INFO - DAG(s) 'example_branch_dop_operator_v3' retrieved from /home/airflow/.local/lib/python3.12/site-packages/airflow/example_dags/example_branch_python_dop_operator_3.py
[2024-05-29T16:54:44.573+0000] {logging_mixin.py:188} INFO - [2024-05-29T16:54:44.573+0000] {dag.py:3096} INFO - Sync 1 DAGs
[2024-05-29T16:54:44.663+0000] {logging_mixin.py:188} INFO - [2024-05-29T16:54:44.662+0000] {dag.py:3954} INFO - Setting next_dagrun for example_branch_dop_operator_v3 to 2024-05-29 16:53:00+00:00, run_after=2024-05-29 16:54:00+00:00
[2024-05-29T16:54:44.842+0000] {processor.py:183} INFO - Processing /home/airflow/.local/lib/python3.12/site-packages/airflow/example_dags/example_branch_python_dop_operator_3.py took 0.339 seconds
[2024-05-29T16:55:14.972+0000] {processor.py:161} INFO - Started process (PID=187) to work on /home/airflow/.local/lib/python3.12/site-packages/airflow/example_dags/example_branch_python_dop_operator_3.py
[2024-05-29T16:55:14.973+0000] {processor.py:830} INFO - Processing file /home/airflow/.local/lib/python3.12/site-packages/airflow/example_dags/example_branch_python_dop_operator_3.py for tasks to queue
[2024-05-29T16:55:14.975+0000] {logging_mixin.py:188} INFO - [2024-05-29T16:55:14.975+0000] {dagbag.py:545} INFO - Filling up the DagBag from /home/airflow/.local/lib/python3.12/site-packages/airflow/example_dags/example_branch_python_dop_operator_3.py
[2024-05-29T16:55:14.983+0000] {processor.py:840} INFO - DAG(s) 'example_branch_dop_operator_v3' retrieved from /home/airflow/.local/lib/python3.12/site-packages/airflow/example_dags/example_branch_python_dop_operator_3.py
[2024-05-29T16:55:15.005+0000] {logging_mixin.py:188} INFO - [2024-05-29T16:55:15.005+0000] {dag.py:3096} INFO - Sync 1 DAGs
[2024-05-29T16:55:15.033+0000] {logging_mixin.py:188} INFO - [2024-05-29T16:55:15.033+0000] {dag.py:3954} INFO - Setting next_dagrun for example_branch_dop_operator_v3 to 2024-05-29 16:54:00+00:00, run_after=2024-05-29 16:55:00+00:00
[2024-05-29T16:55:15.053+0000] {processor.py:183} INFO - Processing /home/airflow/.local/lib/python3.12/site-packages/airflow/example_dags/example_branch_python_dop_operator_3.py took 0.086 seconds
[2024-05-29T16:55:45.175+0000] {processor.py:161} INFO - Started process (PID=245) to work on /home/airflow/.local/lib/python3.12/site-packages/airflow/example_dags/example_branch_python_dop_operator_3.py
[2024-05-29T16:55:45.176+0000] {processor.py:830} INFO - Processing file /home/airflow/.local/lib/python3.12/site-packages/airflow/example_dags/example_branch_python_dop_operator_3.py for tasks to queue
[2024-05-29T16:55:45.178+0000] {logging_mixin.py:188} INFO - [2024-05-29T16:55:45.177+0000] {dagbag.py:545} INFO - Filling up the DagBag from /home/airflow/.local/lib/python3.12/site-packages/airflow/example_dags/example_branch_python_dop_operator_3.py
[2024-05-29T16:55:45.188+0000] {processor.py:840} INFO - DAG(s) 'example_branch_dop_operator_v3' retrieved from /home/airflow/.local/lib/python3.12/site-packages/airflow/example_dags/example_branch_python_dop_operator_3.py
[2024-05-29T16:55:45.209+0000] {logging_mixin.py:188} INFO - [2024-05-29T16:55:45.208+0000] {dag.py:3096} INFO - Sync 1 DAGs
[2024-05-29T16:55:45.237+0000] {logging_mixin.py:188} INFO - [2024-05-29T16:55:45.237+0000] {dag.py:3954} INFO - Setting next_dagrun for example_branch_dop_operator_v3 to 2024-05-29 16:54:00+00:00, run_after=2024-05-29 16:55:00+00:00
[2024-05-29T16:55:45.258+0000] {processor.py:183} INFO - Processing /home/airflow/.local/lib/python3.12/site-packages/airflow/example_dags/example_branch_python_dop_operator_3.py took 0.088 seconds
[2024-05-29T16:56:15.566+0000] {processor.py:161} INFO - Started process (PID=303) to work on /home/airflow/.local/lib/python3.12/site-packages/airflow/example_dags/example_branch_python_dop_operator_3.py
[2024-05-29T16:56:15.567+0000] {processor.py:830} INFO - Processing file /home/airflow/.local/lib/python3.12/site-packages/airflow/example_dags/example_branch_python_dop_operator_3.py for tasks to queue
[2024-05-29T16:56:15.569+0000] {logging_mixin.py:188} INFO - [2024-05-29T16:56:15.568+0000] {dagbag.py:545} INFO - Filling up the DagBag from /home/airflow/.local/lib/python3.12/site-packages/airflow/example_dags/example_branch_python_dop_operator_3.py
[2024-05-29T16:56:15.577+0000] {processor.py:840} INFO - DAG(s) 'example_branch_dop_operator_v3' retrieved from /home/airflow/.local/lib/python3.12/site-packages/airflow/example_dags/example_branch_python_dop_operator_3.py
[2024-05-29T16:56:15.595+0000] {logging_mixin.py:188} INFO - [2024-05-29T16:56:15.595+0000] {dag.py:3096} INFO - Sync 1 DAGs
[2024-05-29T16:56:15.620+0000] {logging_mixin.py:188} INFO - [2024-05-29T16:56:15.620+0000] {dag.py:3954} INFO - Setting next_dagrun for example_branch_dop_operator_v3 to 2024-05-29 16:55:00+00:00, run_after=2024-05-29 16:56:00+00:00
[2024-05-29T16:56:15.638+0000] {processor.py:183} INFO - Processing /home/airflow/.local/lib/python3.12/site-packages/airflow/example_dags/example_branch_python_dop_operator_3.py took 0.078 seconds
[2024-05-29T16:57:51.337+0000] {processor.py:161} INFO - Started process (PID=65) to work on /home/airflow/.local/lib/python3.12/site-packages/airflow/example_dags/example_branch_python_dop_operator_3.py
[2024-05-29T16:57:51.338+0000] {processor.py:830} INFO - Processing file /home/airflow/.local/lib/python3.12/site-packages/airflow/example_dags/example_branch_python_dop_operator_3.py for tasks to queue
[2024-05-29T16:57:51.340+0000] {logging_mixin.py:188} INFO - [2024-05-29T16:57:51.340+0000] {dagbag.py:545} INFO - Filling up the DagBag from /home/airflow/.local/lib/python3.12/site-packages/airflow/example_dags/example_branch_python_dop_operator_3.py
[2024-05-29T16:57:51.357+0000] {processor.py:840} INFO - DAG(s) 'example_branch_dop_operator_v3' retrieved from /home/airflow/.local/lib/python3.12/site-packages/airflow/example_dags/example_branch_python_dop_operator_3.py
[2024-05-29T16:57:51.401+0000] {logging_mixin.py:188} INFO - [2024-05-29T16:57:51.401+0000] {dag.py:3096} INFO - Sync 1 DAGs
[2024-05-29T16:57:51.477+0000] {logging_mixin.py:188} INFO - [2024-05-29T16:57:51.477+0000] {dag.py:3954} INFO - Setting next_dagrun for example_branch_dop_operator_v3 to 2024-05-29 16:56:00+00:00, run_after=2024-05-29 16:57:00+00:00
[2024-05-29T16:57:51.516+0000] {processor.py:183} INFO - Processing /home/airflow/.local/lib/python3.12/site-packages/airflow/example_dags/example_branch_python_dop_operator_3.py took 0.186 seconds
[2024-05-29T16:58:22.863+0000] {processor.py:161} INFO - Started process (PID=123) to work on /home/airflow/.local/lib/python3.12/site-packages/airflow/example_dags/example_branch_python_dop_operator_3.py
[2024-05-29T16:58:22.864+0000] {processor.py:830} INFO - Processing file /home/airflow/.local/lib/python3.12/site-packages/airflow/example_dags/example_branch_python_dop_operator_3.py for tasks to queue
[2024-05-29T16:58:22.866+0000] {logging_mixin.py:188} INFO - [2024-05-29T16:58:22.865+0000] {dagbag.py:545} INFO - Filling up the DagBag from /home/airflow/.local/lib/python3.12/site-packages/airflow/example_dags/example_branch_python_dop_operator_3.py
[2024-05-29T16:58:22.876+0000] {processor.py:840} INFO - DAG(s) 'example_branch_dop_operator_v3' retrieved from /home/airflow/.local/lib/python3.12/site-packages/airflow/example_dags/example_branch_python_dop_operator_3.py
[2024-05-29T16:58:22.971+0000] {logging_mixin.py:188} INFO - [2024-05-29T16:58:22.970+0000] {dag.py:3096} INFO - Sync 1 DAGs
[2024-05-29T16:58:22.992+0000] {logging_mixin.py:188} INFO - [2024-05-29T16:58:22.992+0000] {dag.py:3954} INFO - Setting next_dagrun for example_branch_dop_operator_v3 to 2024-05-29 16:57:00+00:00, run_after=2024-05-29 16:58:00+00:00
[2024-05-29T16:58:23.011+0000] {processor.py:183} INFO - Processing /home/airflow/.local/lib/python3.12/site-packages/airflow/example_dags/example_branch_python_dop_operator_3.py took 0.153 seconds
