[2024-05-29T16:54:13.088+0000] {processor.py:161} INFO - Started process (PID=71) to work on /home/airflow/.local/lib/python3.12/site-packages/airflow/example_dags/example_dag_decorator.py
[2024-05-29T16:54:13.092+0000] {processor.py:830} INFO - Processing file /home/airflow/.local/lib/python3.12/site-packages/airflow/example_dags/example_dag_decorator.py for tasks to queue
[2024-05-29T16:54:13.095+0000] {logging_mixin.py:188} INFO - [2024-05-29T16:54:13.095+0000] {dagbag.py:545} INFO - Filling up the DagBag from /home/airflow/.local/lib/python3.12/site-packages/airflow/example_dags/example_dag_decorator.py
[2024-05-29T16:54:14.049+0000] {processor.py:840} INFO - DAG(s) 'example_dag_decorator' retrieved from /home/airflow/.local/lib/python3.12/site-packages/airflow/example_dags/example_dag_decorator.py
[2024-05-29T16:54:14.439+0000] {logging_mixin.py:188} INFO - [2024-05-29T16:54:14.438+0000] {dag.py:3096} INFO - Sync 1 DAGs
[2024-05-29T16:54:14.476+0000] {logging_mixin.py:188} INFO - [2024-05-29T16:54:14.476+0000] {dag.py:3954} INFO - Setting next_dagrun for example_dag_decorator to None, run_after=None
[2024-05-29T16:54:14.560+0000] {processor.py:183} INFO - Processing /home/airflow/.local/lib/python3.12/site-packages/airflow/example_dags/example_dag_decorator.py took 1.491 seconds
[2024-05-29T16:54:44.874+0000] {processor.py:161} INFO - Started process (PID=131) to work on /home/airflow/.local/lib/python3.12/site-packages/airflow/example_dags/example_dag_decorator.py
[2024-05-29T16:54:44.876+0000] {processor.py:830} INFO - Processing file /home/airflow/.local/lib/python3.12/site-packages/airflow/example_dags/example_dag_decorator.py for tasks to queue
[2024-05-29T16:54:44.878+0000] {logging_mixin.py:188} INFO - [2024-05-29T16:54:44.878+0000] {dagbag.py:545} INFO - Filling up the DagBag from /home/airflow/.local/lib/python3.12/site-packages/airflow/example_dags/example_dag_decorator.py
[2024-05-29T16:54:45.108+0000] {processor.py:840} INFO - DAG(s) 'example_dag_decorator' retrieved from /home/airflow/.local/lib/python3.12/site-packages/airflow/example_dags/example_dag_decorator.py
[2024-05-29T16:54:45.342+0000] {logging_mixin.py:188} INFO - [2024-05-29T16:54:45.341+0000] {dag.py:3096} INFO - Sync 1 DAGs
[2024-05-29T16:54:45.357+0000] {logging_mixin.py:188} INFO - [2024-05-29T16:54:45.356+0000] {dag.py:3954} INFO - Setting next_dagrun for example_dag_decorator to None, run_after=None
[2024-05-29T16:54:45.380+0000] {processor.py:183} INFO - Processing /home/airflow/.local/lib/python3.12/site-packages/airflow/example_dags/example_dag_decorator.py took 0.512 seconds
[2024-05-29T16:55:16.082+0000] {processor.py:161} INFO - Started process (PID=189) to work on /home/airflow/.local/lib/python3.12/site-packages/airflow/example_dags/example_dag_decorator.py
[2024-05-29T16:55:16.083+0000] {processor.py:830} INFO - Processing file /home/airflow/.local/lib/python3.12/site-packages/airflow/example_dags/example_dag_decorator.py for tasks to queue
[2024-05-29T16:55:16.085+0000] {logging_mixin.py:188} INFO - [2024-05-29T16:55:16.085+0000] {dagbag.py:545} INFO - Filling up the DagBag from /home/airflow/.local/lib/python3.12/site-packages/airflow/example_dags/example_dag_decorator.py
[2024-05-29T16:55:16.186+0000] {processor.py:840} INFO - DAG(s) 'example_dag_decorator' retrieved from /home/airflow/.local/lib/python3.12/site-packages/airflow/example_dags/example_dag_decorator.py
[2024-05-29T16:55:16.293+0000] {logging_mixin.py:188} INFO - [2024-05-29T16:55:16.292+0000] {dag.py:3096} INFO - Sync 1 DAGs
[2024-05-29T16:55:16.304+0000] {logging_mixin.py:188} INFO - [2024-05-29T16:55:16.303+0000] {dag.py:3954} INFO - Setting next_dagrun for example_dag_decorator to None, run_after=None
[2024-05-29T16:55:16.323+0000] {processor.py:183} INFO - Processing /home/airflow/.local/lib/python3.12/site-packages/airflow/example_dags/example_dag_decorator.py took 0.247 seconds
[2024-05-29T16:55:46.374+0000] {processor.py:161} INFO - Started process (PID=248) to work on /home/airflow/.local/lib/python3.12/site-packages/airflow/example_dags/example_dag_decorator.py
[2024-05-29T16:55:46.375+0000] {processor.py:830} INFO - Processing file /home/airflow/.local/lib/python3.12/site-packages/airflow/example_dags/example_dag_decorator.py for tasks to queue
[2024-05-29T16:55:46.377+0000] {logging_mixin.py:188} INFO - [2024-05-29T16:55:46.377+0000] {dagbag.py:545} INFO - Filling up the DagBag from /home/airflow/.local/lib/python3.12/site-packages/airflow/example_dags/example_dag_decorator.py
[2024-05-29T16:55:46.478+0000] {processor.py:840} INFO - DAG(s) 'example_dag_decorator' retrieved from /home/airflow/.local/lib/python3.12/site-packages/airflow/example_dags/example_dag_decorator.py
[2024-05-29T16:55:46.581+0000] {logging_mixin.py:188} INFO - [2024-05-29T16:55:46.581+0000] {dag.py:3096} INFO - Sync 1 DAGs
[2024-05-29T16:55:46.592+0000] {logging_mixin.py:188} INFO - [2024-05-29T16:55:46.592+0000] {dag.py:3954} INFO - Setting next_dagrun for example_dag_decorator to None, run_after=None
[2024-05-29T16:55:46.611+0000] {processor.py:183} INFO - Processing /home/airflow/.local/lib/python3.12/site-packages/airflow/example_dags/example_dag_decorator.py took 0.243 seconds
[2024-05-29T16:56:16.667+0000] {processor.py:161} INFO - Started process (PID=305) to work on /home/airflow/.local/lib/python3.12/site-packages/airflow/example_dags/example_dag_decorator.py
[2024-05-29T16:56:16.668+0000] {processor.py:830} INFO - Processing file /home/airflow/.local/lib/python3.12/site-packages/airflow/example_dags/example_dag_decorator.py for tasks to queue
[2024-05-29T16:56:16.670+0000] {logging_mixin.py:188} INFO - [2024-05-29T16:56:16.669+0000] {dagbag.py:545} INFO - Filling up the DagBag from /home/airflow/.local/lib/python3.12/site-packages/airflow/example_dags/example_dag_decorator.py
[2024-05-29T16:56:16.768+0000] {processor.py:840} INFO - DAG(s) 'example_dag_decorator' retrieved from /home/airflow/.local/lib/python3.12/site-packages/airflow/example_dags/example_dag_decorator.py
[2024-05-29T16:56:16.794+0000] {logging_mixin.py:188} INFO - [2024-05-29T16:56:16.794+0000] {dag.py:3096} INFO - Sync 1 DAGs
[2024-05-29T16:56:16.809+0000] {logging_mixin.py:188} INFO - [2024-05-29T16:56:16.809+0000] {dag.py:3954} INFO - Setting next_dagrun for example_dag_decorator to None, run_after=None
[2024-05-29T16:56:16.833+0000] {processor.py:183} INFO - Processing /home/airflow/.local/lib/python3.12/site-packages/airflow/example_dags/example_dag_decorator.py took 0.171 seconds
[2024-05-29T16:57:51.114+0000] {processor.py:161} INFO - Started process (PID=64) to work on /home/airflow/.local/lib/python3.12/site-packages/airflow/example_dags/example_dag_decorator.py
[2024-05-29T16:57:51.115+0000] {processor.py:830} INFO - Processing file /home/airflow/.local/lib/python3.12/site-packages/airflow/example_dags/example_dag_decorator.py for tasks to queue
[2024-05-29T16:57:51.118+0000] {logging_mixin.py:188} INFO - [2024-05-29T16:57:51.117+0000] {dagbag.py:545} INFO - Filling up the DagBag from /home/airflow/.local/lib/python3.12/site-packages/airflow/example_dags/example_dag_decorator.py
[2024-05-29T16:57:51.234+0000] {processor.py:840} INFO - DAG(s) 'example_dag_decorator' retrieved from /home/airflow/.local/lib/python3.12/site-packages/airflow/example_dags/example_dag_decorator.py
[2024-05-29T16:57:51.249+0000] {logging_mixin.py:188} INFO - [2024-05-29T16:57:51.249+0000] {dag.py:3096} INFO - Sync 1 DAGs
[2024-05-29T16:57:51.276+0000] {logging_mixin.py:188} INFO - [2024-05-29T16:57:51.276+0000] {dag.py:3954} INFO - Setting next_dagrun for example_dag_decorator to None, run_after=None
[2024-05-29T16:57:51.297+0000] {processor.py:183} INFO - Processing /home/airflow/.local/lib/python3.12/site-packages/airflow/example_dags/example_dag_decorator.py took 0.190 seconds
[2024-05-29T16:58:22.809+0000] {processor.py:161} INFO - Started process (PID=122) to work on /home/airflow/.local/lib/python3.12/site-packages/airflow/example_dags/example_dag_decorator.py
[2024-05-29T16:58:22.810+0000] {processor.py:830} INFO - Processing file /home/airflow/.local/lib/python3.12/site-packages/airflow/example_dags/example_dag_decorator.py for tasks to queue
[2024-05-29T16:58:22.812+0000] {logging_mixin.py:188} INFO - [2024-05-29T16:58:22.812+0000] {dagbag.py:545} INFO - Filling up the DagBag from /home/airflow/.local/lib/python3.12/site-packages/airflow/example_dags/example_dag_decorator.py
[2024-05-29T16:58:22.904+0000] {processor.py:840} INFO - DAG(s) 'example_dag_decorator' retrieved from /home/airflow/.local/lib/python3.12/site-packages/airflow/example_dags/example_dag_decorator.py
[2024-05-29T16:58:22.999+0000] {logging_mixin.py:188} INFO - [2024-05-29T16:58:22.998+0000] {dag.py:3096} INFO - Sync 1 DAGs
[2024-05-29T16:58:23.010+0000] {logging_mixin.py:188} INFO - [2024-05-29T16:58:23.009+0000] {dag.py:3954} INFO - Setting next_dagrun for example_dag_decorator to None, run_after=None
[2024-05-29T16:58:23.029+0000] {processor.py:183} INFO - Processing /home/airflow/.local/lib/python3.12/site-packages/airflow/example_dags/example_dag_decorator.py took 0.225 seconds
