[2024-05-29T16:54:06.175+0000] {processor.py:161} INFO - Started process (PID=38) to work on /home/airflow/.local/lib/python3.12/site-packages/airflow/example_dags/example_branch_day_of_week_operator.py
[2024-05-29T16:54:06.176+0000] {processor.py:830} INFO - Processing file /home/airflow/.local/lib/python3.12/site-packages/airflow/example_dags/example_branch_day_of_week_operator.py for tasks to queue
[2024-05-29T16:54:06.179+0000] {logging_mixin.py:188} INFO - [2024-05-29T16:54:06.178+0000] {dagbag.py:545} INFO - Filling up the DagBag from /home/airflow/.local/lib/python3.12/site-packages/airflow/example_dags/example_branch_day_of_week_operator.py
[2024-05-29T16:54:06.193+0000] {processor.py:840} INFO - DAG(s) 'example_weekday_branch_operator' retrieved from /home/airflow/.local/lib/python3.12/site-packages/airflow/example_dags/example_branch_day_of_week_operator.py
[2024-05-29T16:54:06.334+0000] {logging_mixin.py:188} INFO - [2024-05-29T16:54:06.333+0000] {dag.py:3096} INFO - Sync 1 DAGs
[2024-05-29T16:54:06.361+0000] {logging_mixin.py:188} INFO - [2024-05-29T16:54:06.361+0000] {dag.py:3954} INFO - Setting next_dagrun for example_weekday_branch_operator to 2024-05-28 00:00:00+00:00, run_after=2024-05-29 00:00:00+00:00
[2024-05-29T16:54:06.382+0000] {processor.py:183} INFO - Processing /home/airflow/.local/lib/python3.12/site-packages/airflow/example_dags/example_branch_day_of_week_operator.py took 0.214 seconds
[2024-05-29T16:54:36.644+0000] {processor.py:161} INFO - Started process (PID=96) to work on /home/airflow/.local/lib/python3.12/site-packages/airflow/example_dags/example_branch_day_of_week_operator.py
[2024-05-29T16:54:36.645+0000] {processor.py:830} INFO - Processing file /home/airflow/.local/lib/python3.12/site-packages/airflow/example_dags/example_branch_day_of_week_operator.py for tasks to queue
[2024-05-29T16:54:36.647+0000] {logging_mixin.py:188} INFO - [2024-05-29T16:54:36.646+0000] {dagbag.py:545} INFO - Filling up the DagBag from /home/airflow/.local/lib/python3.12/site-packages/airflow/example_dags/example_branch_day_of_week_operator.py
[2024-05-29T16:54:36.654+0000] {processor.py:840} INFO - DAG(s) 'example_weekday_branch_operator' retrieved from /home/airflow/.local/lib/python3.12/site-packages/airflow/example_dags/example_branch_day_of_week_operator.py
[2024-05-29T16:54:36.674+0000] {logging_mixin.py:188} INFO - [2024-05-29T16:54:36.674+0000] {dag.py:3096} INFO - Sync 1 DAGs
[2024-05-29T16:54:36.698+0000] {logging_mixin.py:188} INFO - [2024-05-29T16:54:36.698+0000] {dag.py:3954} INFO - Setting next_dagrun for example_weekday_branch_operator to 2024-05-28 00:00:00+00:00, run_after=2024-05-29 00:00:00+00:00
[2024-05-29T16:54:36.717+0000] {processor.py:183} INFO - Processing /home/airflow/.local/lib/python3.12/site-packages/airflow/example_dags/example_branch_day_of_week_operator.py took 0.079 seconds
[2024-05-29T16:55:06.778+0000] {processor.py:161} INFO - Started process (PID=154) to work on /home/airflow/.local/lib/python3.12/site-packages/airflow/example_dags/example_branch_day_of_week_operator.py
[2024-05-29T16:55:06.779+0000] {processor.py:830} INFO - Processing file /home/airflow/.local/lib/python3.12/site-packages/airflow/example_dags/example_branch_day_of_week_operator.py for tasks to queue
[2024-05-29T16:55:06.781+0000] {logging_mixin.py:188} INFO - [2024-05-29T16:55:06.781+0000] {dagbag.py:545} INFO - Filling up the DagBag from /home/airflow/.local/lib/python3.12/site-packages/airflow/example_dags/example_branch_day_of_week_operator.py
[2024-05-29T16:55:06.788+0000] {processor.py:840} INFO - DAG(s) 'example_weekday_branch_operator' retrieved from /home/airflow/.local/lib/python3.12/site-packages/airflow/example_dags/example_branch_day_of_week_operator.py
[2024-05-29T16:55:06.808+0000] {logging_mixin.py:188} INFO - [2024-05-29T16:55:06.808+0000] {dag.py:3096} INFO - Sync 1 DAGs
[2024-05-29T16:55:06.833+0000] {logging_mixin.py:188} INFO - [2024-05-29T16:55:06.833+0000] {dag.py:3954} INFO - Setting next_dagrun for example_weekday_branch_operator to 2024-05-28 00:00:00+00:00, run_after=2024-05-29 00:00:00+00:00
[2024-05-29T16:55:06.853+0000] {processor.py:183} INFO - Processing /home/airflow/.local/lib/python3.12/site-packages/airflow/example_dags/example_branch_day_of_week_operator.py took 0.081 seconds
[2024-05-29T16:55:37.441+0000] {processor.py:161} INFO - Started process (PID=212) to work on /home/airflow/.local/lib/python3.12/site-packages/airflow/example_dags/example_branch_day_of_week_operator.py
[2024-05-29T16:55:37.443+0000] {processor.py:830} INFO - Processing file /home/airflow/.local/lib/python3.12/site-packages/airflow/example_dags/example_branch_day_of_week_operator.py for tasks to queue
[2024-05-29T16:55:37.446+0000] {logging_mixin.py:188} INFO - [2024-05-29T16:55:37.445+0000] {dagbag.py:545} INFO - Filling up the DagBag from /home/airflow/.local/lib/python3.12/site-packages/airflow/example_dags/example_branch_day_of_week_operator.py
[2024-05-29T16:55:37.456+0000] {processor.py:840} INFO - DAG(s) 'example_weekday_branch_operator' retrieved from /home/airflow/.local/lib/python3.12/site-packages/airflow/example_dags/example_branch_day_of_week_operator.py
[2024-05-29T16:55:37.482+0000] {logging_mixin.py:188} INFO - [2024-05-29T16:55:37.482+0000] {dag.py:3096} INFO - Sync 1 DAGs
[2024-05-29T16:55:37.513+0000] {logging_mixin.py:188} INFO - [2024-05-29T16:55:37.513+0000] {dag.py:3954} INFO - Setting next_dagrun for example_weekday_branch_operator to 2024-05-28 00:00:00+00:00, run_after=2024-05-29 00:00:00+00:00
[2024-05-29T16:55:37.537+0000] {processor.py:183} INFO - Processing /home/airflow/.local/lib/python3.12/site-packages/airflow/example_dags/example_branch_day_of_week_operator.py took 0.104 seconds
[2024-05-29T16:56:07.617+0000] {processor.py:161} INFO - Started process (PID=270) to work on /home/airflow/.local/lib/python3.12/site-packages/airflow/example_dags/example_branch_day_of_week_operator.py
[2024-05-29T16:56:07.618+0000] {processor.py:830} INFO - Processing file /home/airflow/.local/lib/python3.12/site-packages/airflow/example_dags/example_branch_day_of_week_operator.py for tasks to queue
[2024-05-29T16:56:07.620+0000] {logging_mixin.py:188} INFO - [2024-05-29T16:56:07.619+0000] {dagbag.py:545} INFO - Filling up the DagBag from /home/airflow/.local/lib/python3.12/site-packages/airflow/example_dags/example_branch_day_of_week_operator.py
[2024-05-29T16:56:07.627+0000] {processor.py:840} INFO - DAG(s) 'example_weekday_branch_operator' retrieved from /home/airflow/.local/lib/python3.12/site-packages/airflow/example_dags/example_branch_day_of_week_operator.py
[2024-05-29T16:56:07.658+0000] {logging_mixin.py:188} INFO - [2024-05-29T16:56:07.658+0000] {dag.py:3096} INFO - Sync 1 DAGs
[2024-05-29T16:56:07.698+0000] {logging_mixin.py:188} INFO - [2024-05-29T16:56:07.698+0000] {dag.py:3954} INFO - Setting next_dagrun for example_weekday_branch_operator to 2024-05-28 00:00:00+00:00, run_after=2024-05-29 00:00:00+00:00
[2024-05-29T16:56:07.723+0000] {processor.py:183} INFO - Processing /home/airflow/.local/lib/python3.12/site-packages/airflow/example_dags/example_branch_day_of_week_operator.py took 0.111 seconds
[2024-05-29T16:56:37.835+0000] {processor.py:161} INFO - Started process (PID=328) to work on /home/airflow/.local/lib/python3.12/site-packages/airflow/example_dags/example_branch_day_of_week_operator.py
[2024-05-29T16:56:37.836+0000] {processor.py:830} INFO - Processing file /home/airflow/.local/lib/python3.12/site-packages/airflow/example_dags/example_branch_day_of_week_operator.py for tasks to queue
[2024-05-29T16:56:37.838+0000] {logging_mixin.py:188} INFO - [2024-05-29T16:56:37.837+0000] {dagbag.py:545} INFO - Filling up the DagBag from /home/airflow/.local/lib/python3.12/site-packages/airflow/example_dags/example_branch_day_of_week_operator.py
[2024-05-29T16:56:37.846+0000] {processor.py:840} INFO - DAG(s) 'example_weekday_branch_operator' retrieved from /home/airflow/.local/lib/python3.12/site-packages/airflow/example_dags/example_branch_day_of_week_operator.py
[2024-05-29T16:56:37.865+0000] {logging_mixin.py:188} INFO - [2024-05-29T16:56:37.864+0000] {dag.py:3096} INFO - Sync 1 DAGs
[2024-05-29T16:56:37.888+0000] {logging_mixin.py:188} INFO - [2024-05-29T16:56:37.888+0000] {dag.py:3954} INFO - Setting next_dagrun for example_weekday_branch_operator to 2024-05-28 00:00:00+00:00, run_after=2024-05-29 00:00:00+00:00
[2024-05-29T16:56:37.905+0000] {processor.py:183} INFO - Processing /home/airflow/.local/lib/python3.12/site-packages/airflow/example_dags/example_branch_day_of_week_operator.py took 0.076 seconds
[2024-05-29T16:57:49.387+0000] {processor.py:161} INFO - Started process (PID=37) to work on /home/airflow/.local/lib/python3.12/site-packages/airflow/example_dags/example_branch_day_of_week_operator.py
[2024-05-29T16:57:49.389+0000] {processor.py:830} INFO - Processing file /home/airflow/.local/lib/python3.12/site-packages/airflow/example_dags/example_branch_day_of_week_operator.py for tasks to queue
[2024-05-29T16:57:49.392+0000] {logging_mixin.py:188} INFO - [2024-05-29T16:57:49.391+0000] {dagbag.py:545} INFO - Filling up the DagBag from /home/airflow/.local/lib/python3.12/site-packages/airflow/example_dags/example_branch_day_of_week_operator.py
[2024-05-29T16:57:49.405+0000] {processor.py:840} INFO - DAG(s) 'example_weekday_branch_operator' retrieved from /home/airflow/.local/lib/python3.12/site-packages/airflow/example_dags/example_branch_day_of_week_operator.py
[2024-05-29T16:57:49.418+0000] {logging_mixin.py:188} INFO - [2024-05-29T16:57:49.418+0000] {dag.py:3096} INFO - Sync 1 DAGs
[2024-05-29T16:57:49.452+0000] {logging_mixin.py:188} INFO - [2024-05-29T16:57:49.452+0000] {dag.py:3954} INFO - Setting next_dagrun for example_weekday_branch_operator to 2024-05-28 00:00:00+00:00, run_after=2024-05-29 00:00:00+00:00
[2024-05-29T16:57:49.473+0000] {processor.py:183} INFO - Processing /home/airflow/.local/lib/python3.12/site-packages/airflow/example_dags/example_branch_day_of_week_operator.py took 0.095 seconds
[2024-05-29T16:58:20.010+0000] {processor.py:161} INFO - Started process (PID=95) to work on /home/airflow/.local/lib/python3.12/site-packages/airflow/example_dags/example_branch_day_of_week_operator.py
[2024-05-29T16:58:20.011+0000] {processor.py:830} INFO - Processing file /home/airflow/.local/lib/python3.12/site-packages/airflow/example_dags/example_branch_day_of_week_operator.py for tasks to queue
[2024-05-29T16:58:20.013+0000] {logging_mixin.py:188} INFO - [2024-05-29T16:58:20.013+0000] {dagbag.py:545} INFO - Filling up the DagBag from /home/airflow/.local/lib/python3.12/site-packages/airflow/example_dags/example_branch_day_of_week_operator.py
[2024-05-29T16:58:20.020+0000] {processor.py:840} INFO - DAG(s) 'example_weekday_branch_operator' retrieved from /home/airflow/.local/lib/python3.12/site-packages/airflow/example_dags/example_branch_day_of_week_operator.py
[2024-05-29T16:58:20.117+0000] {logging_mixin.py:188} INFO - [2024-05-29T16:58:20.117+0000] {dag.py:3096} INFO - Sync 1 DAGs
[2024-05-29T16:58:20.138+0000] {logging_mixin.py:188} INFO - [2024-05-29T16:58:20.138+0000] {dag.py:3954} INFO - Setting next_dagrun for example_weekday_branch_operator to 2024-05-28 00:00:00+00:00, run_after=2024-05-29 00:00:00+00:00
[2024-05-29T16:58:20.156+0000] {processor.py:183} INFO - Processing /home/airflow/.local/lib/python3.12/site-packages/airflow/example_dags/example_branch_day_of_week_operator.py took 0.151 seconds
