[2024-05-29T16:54:09.859+0000] {processor.py:161} INFO - Started process (PID=54) to work on /home/airflow/.local/lib/python3.12/site-packages/airflow/example_dags/example_branch_labels.py
[2024-05-29T16:54:09.861+0000] {processor.py:830} INFO - Processing file /home/airflow/.local/lib/python3.12/site-packages/airflow/example_dags/example_branch_labels.py for tasks to queue
[2024-05-29T16:54:09.866+0000] {logging_mixin.py:188} INFO - [2024-05-29T16:54:09.865+0000] {dagbag.py:545} INFO - Filling up the DagBag from /home/airflow/.local/lib/python3.12/site-packages/airflow/example_dags/example_branch_labels.py
[2024-05-29T16:54:09.886+0000] {processor.py:840} INFO - DAG(s) 'example_branch_labels' retrieved from /home/airflow/.local/lib/python3.12/site-packages/airflow/example_dags/example_branch_labels.py
[2024-05-29T16:54:10.042+0000] {logging_mixin.py:188} INFO - [2024-05-29T16:54:10.041+0000] {dag.py:3096} INFO - Sync 1 DAGs
[2024-05-29T16:54:10.071+0000] {logging_mixin.py:188} INFO - [2024-05-29T16:54:10.070+0000] {dag.py:3954} INFO - Setting next_dagrun for example_branch_labels to 2024-05-28 00:00:00+00:00, run_after=2024-05-29 00:00:00+00:00
[2024-05-29T16:54:10.097+0000] {processor.py:183} INFO - Processing /home/airflow/.local/lib/python3.12/site-packages/airflow/example_dags/example_branch_labels.py took 0.249 seconds
[2024-05-29T16:54:40.796+0000] {processor.py:161} INFO - Started process (PID=118) to work on /home/airflow/.local/lib/python3.12/site-packages/airflow/example_dags/example_branch_labels.py
[2024-05-29T16:54:40.797+0000] {processor.py:830} INFO - Processing file /home/airflow/.local/lib/python3.12/site-packages/airflow/example_dags/example_branch_labels.py for tasks to queue
[2024-05-29T16:54:40.799+0000] {logging_mixin.py:188} INFO - [2024-05-29T16:54:40.799+0000] {dagbag.py:545} INFO - Filling up the DagBag from /home/airflow/.local/lib/python3.12/site-packages/airflow/example_dags/example_branch_labels.py
[2024-05-29T16:54:40.807+0000] {processor.py:840} INFO - DAG(s) 'example_branch_labels' retrieved from /home/airflow/.local/lib/python3.12/site-packages/airflow/example_dags/example_branch_labels.py
[2024-05-29T16:54:40.827+0000] {logging_mixin.py:188} INFO - [2024-05-29T16:54:40.826+0000] {dag.py:3096} INFO - Sync 1 DAGs
[2024-05-29T16:54:40.849+0000] {logging_mixin.py:188} INFO - [2024-05-29T16:54:40.849+0000] {dag.py:3954} INFO - Setting next_dagrun for example_branch_labels to 2024-05-28 00:00:00+00:00, run_after=2024-05-29 00:00:00+00:00
[2024-05-29T16:54:40.867+0000] {processor.py:183} INFO - Processing /home/airflow/.local/lib/python3.12/site-packages/airflow/example_dags/example_branch_labels.py took 0.080 seconds
[2024-05-29T16:55:11.222+0000] {processor.py:161} INFO - Started process (PID=176) to work on /home/airflow/.local/lib/python3.12/site-packages/airflow/example_dags/example_branch_labels.py
[2024-05-29T16:55:11.223+0000] {processor.py:830} INFO - Processing file /home/airflow/.local/lib/python3.12/site-packages/airflow/example_dags/example_branch_labels.py for tasks to queue
[2024-05-29T16:55:11.225+0000] {logging_mixin.py:188} INFO - [2024-05-29T16:55:11.225+0000] {dagbag.py:545} INFO - Filling up the DagBag from /home/airflow/.local/lib/python3.12/site-packages/airflow/example_dags/example_branch_labels.py
[2024-05-29T16:55:11.235+0000] {processor.py:840} INFO - DAG(s) 'example_branch_labels' retrieved from /home/airflow/.local/lib/python3.12/site-packages/airflow/example_dags/example_branch_labels.py
[2024-05-29T16:55:11.262+0000] {logging_mixin.py:188} INFO - [2024-05-29T16:55:11.261+0000] {dag.py:3096} INFO - Sync 1 DAGs
[2024-05-29T16:55:11.295+0000] {logging_mixin.py:188} INFO - [2024-05-29T16:55:11.294+0000] {dag.py:3954} INFO - Setting next_dagrun for example_branch_labels to 2024-05-28 00:00:00+00:00, run_after=2024-05-29 00:00:00+00:00
[2024-05-29T16:55:11.328+0000] {processor.py:183} INFO - Processing /home/airflow/.local/lib/python3.12/site-packages/airflow/example_dags/example_branch_labels.py took 0.114 seconds
[2024-05-29T16:55:41.629+0000] {processor.py:161} INFO - Started process (PID=234) to work on /home/airflow/.local/lib/python3.12/site-packages/airflow/example_dags/example_branch_labels.py
[2024-05-29T16:55:41.630+0000] {processor.py:830} INFO - Processing file /home/airflow/.local/lib/python3.12/site-packages/airflow/example_dags/example_branch_labels.py for tasks to queue
[2024-05-29T16:55:41.632+0000] {logging_mixin.py:188} INFO - [2024-05-29T16:55:41.632+0000] {dagbag.py:545} INFO - Filling up the DagBag from /home/airflow/.local/lib/python3.12/site-packages/airflow/example_dags/example_branch_labels.py
[2024-05-29T16:55:41.640+0000] {processor.py:840} INFO - DAG(s) 'example_branch_labels' retrieved from /home/airflow/.local/lib/python3.12/site-packages/airflow/example_dags/example_branch_labels.py
[2024-05-29T16:55:41.665+0000] {logging_mixin.py:188} INFO - [2024-05-29T16:55:41.665+0000] {dag.py:3096} INFO - Sync 1 DAGs
[2024-05-29T16:55:41.692+0000] {logging_mixin.py:188} INFO - [2024-05-29T16:55:41.692+0000] {dag.py:3954} INFO - Setting next_dagrun for example_branch_labels to 2024-05-28 00:00:00+00:00, run_after=2024-05-29 00:00:00+00:00
[2024-05-29T16:55:41.712+0000] {processor.py:183} INFO - Processing /home/airflow/.local/lib/python3.12/site-packages/airflow/example_dags/example_branch_labels.py took 0.089 seconds
[2024-05-29T16:56:11.765+0000] {processor.py:161} INFO - Started process (PID=292) to work on /home/airflow/.local/lib/python3.12/site-packages/airflow/example_dags/example_branch_labels.py
[2024-05-29T16:56:11.767+0000] {processor.py:830} INFO - Processing file /home/airflow/.local/lib/python3.12/site-packages/airflow/example_dags/example_branch_labels.py for tasks to queue
[2024-05-29T16:56:11.769+0000] {logging_mixin.py:188} INFO - [2024-05-29T16:56:11.768+0000] {dagbag.py:545} INFO - Filling up the DagBag from /home/airflow/.local/lib/python3.12/site-packages/airflow/example_dags/example_branch_labels.py
[2024-05-29T16:56:11.777+0000] {processor.py:840} INFO - DAG(s) 'example_branch_labels' retrieved from /home/airflow/.local/lib/python3.12/site-packages/airflow/example_dags/example_branch_labels.py
[2024-05-29T16:56:11.798+0000] {logging_mixin.py:188} INFO - [2024-05-29T16:56:11.797+0000] {dag.py:3096} INFO - Sync 1 DAGs
[2024-05-29T16:56:11.823+0000] {logging_mixin.py:188} INFO - [2024-05-29T16:56:11.823+0000] {dag.py:3954} INFO - Setting next_dagrun for example_branch_labels to 2024-05-28 00:00:00+00:00, run_after=2024-05-29 00:00:00+00:00
[2024-05-29T16:56:11.840+0000] {processor.py:183} INFO - Processing /home/airflow/.local/lib/python3.12/site-packages/airflow/example_dags/example_branch_labels.py took 0.081 seconds
[2024-05-29T16:57:50.331+0000] {processor.py:161} INFO - Started process (PID=53) to work on /home/airflow/.local/lib/python3.12/site-packages/airflow/example_dags/example_branch_labels.py
[2024-05-29T16:57:50.332+0000] {processor.py:830} INFO - Processing file /home/airflow/.local/lib/python3.12/site-packages/airflow/example_dags/example_branch_labels.py for tasks to queue
[2024-05-29T16:57:50.334+0000] {logging_mixin.py:188} INFO - [2024-05-29T16:57:50.334+0000] {dagbag.py:545} INFO - Filling up the DagBag from /home/airflow/.local/lib/python3.12/site-packages/airflow/example_dags/example_branch_labels.py
[2024-05-29T16:57:50.346+0000] {processor.py:840} INFO - DAG(s) 'example_branch_labels' retrieved from /home/airflow/.local/lib/python3.12/site-packages/airflow/example_dags/example_branch_labels.py
[2024-05-29T16:57:50.359+0000] {logging_mixin.py:188} INFO - [2024-05-29T16:57:50.358+0000] {dag.py:3096} INFO - Sync 1 DAGs
[2024-05-29T16:57:50.392+0000] {logging_mixin.py:188} INFO - [2024-05-29T16:57:50.392+0000] {dag.py:3954} INFO - Setting next_dagrun for example_branch_labels to 2024-05-28 00:00:00+00:00, run_after=2024-05-29 00:00:00+00:00
[2024-05-29T16:57:50.420+0000] {processor.py:183} INFO - Processing /home/airflow/.local/lib/python3.12/site-packages/airflow/example_dags/example_branch_labels.py took 0.095 seconds
[2024-05-29T16:58:21.771+0000] {processor.py:161} INFO - Started process (PID=111) to work on /home/airflow/.local/lib/python3.12/site-packages/airflow/example_dags/example_branch_labels.py
[2024-05-29T16:58:21.772+0000] {processor.py:830} INFO - Processing file /home/airflow/.local/lib/python3.12/site-packages/airflow/example_dags/example_branch_labels.py for tasks to queue
[2024-05-29T16:58:21.773+0000] {logging_mixin.py:188} INFO - [2024-05-29T16:58:21.773+0000] {dagbag.py:545} INFO - Filling up the DagBag from /home/airflow/.local/lib/python3.12/site-packages/airflow/example_dags/example_branch_labels.py
[2024-05-29T16:58:21.780+0000] {processor.py:840} INFO - DAG(s) 'example_branch_labels' retrieved from /home/airflow/.local/lib/python3.12/site-packages/airflow/example_dags/example_branch_labels.py
[2024-05-29T16:58:21.887+0000] {logging_mixin.py:188} INFO - [2024-05-29T16:58:21.887+0000] {dag.py:3096} INFO - Sync 1 DAGs
[2024-05-29T16:58:21.908+0000] {logging_mixin.py:188} INFO - [2024-05-29T16:58:21.908+0000] {dag.py:3954} INFO - Setting next_dagrun for example_branch_labels to 2024-05-28 00:00:00+00:00, run_after=2024-05-29 00:00:00+00:00
[2024-05-29T16:58:21.926+0000] {processor.py:183} INFO - Processing /home/airflow/.local/lib/python3.12/site-packages/airflow/example_dags/example_branch_labels.py took 0.161 seconds
