[2024-05-29T16:54:06.694+0000] {processor.py:161} INFO - Started process (PID=41) to work on /home/airflow/.local/lib/python3.12/site-packages/airflow/example_dags/example_external_task_marker_dag.py
[2024-05-29T16:54:06.696+0000] {processor.py:830} INFO - Processing file /home/airflow/.local/lib/python3.12/site-packages/airflow/example_dags/example_external_task_marker_dag.py for tasks to queue
[2024-05-29T16:54:06.698+0000] {logging_mixin.py:188} INFO - [2024-05-29T16:54:06.698+0000] {dagbag.py:545} INFO - Filling up the DagBag from /home/airflow/.local/lib/python3.12/site-packages/airflow/example_dags/example_external_task_marker_dag.py
[2024-05-29T16:54:06.710+0000] {processor.py:840} INFO - DAG(s) 'example_external_task_marker_child', 'example_external_task_marker_parent' retrieved from /home/airflow/.local/lib/python3.12/site-packages/airflow/example_dags/example_external_task_marker_dag.py
[2024-05-29T16:54:06.844+0000] {logging_mixin.py:188} INFO - [2024-05-29T16:54:06.844+0000] {dag.py:3096} INFO - Sync 2 DAGs
[2024-05-29T16:54:06.857+0000] {logging_mixin.py:188} INFO - [2024-05-29T16:54:06.857+0000] {dag.py:3954} INFO - Setting next_dagrun for example_external_task_marker_child to None, run_after=None
[2024-05-29T16:54:06.861+0000] {logging_mixin.py:188} INFO - [2024-05-29T16:54:06.861+0000] {dag.py:3954} INFO - Setting next_dagrun for example_external_task_marker_parent to None, run_after=None
[2024-05-29T16:54:06.881+0000] {processor.py:183} INFO - Processing /home/airflow/.local/lib/python3.12/site-packages/airflow/example_dags/example_external_task_marker_dag.py took 0.192 seconds
[2024-05-29T16:54:37.858+0000] {processor.py:161} INFO - Started process (PID=99) to work on /home/airflow/.local/lib/python3.12/site-packages/airflow/example_dags/example_external_task_marker_dag.py
[2024-05-29T16:54:37.859+0000] {processor.py:830} INFO - Processing file /home/airflow/.local/lib/python3.12/site-packages/airflow/example_dags/example_external_task_marker_dag.py for tasks to queue
[2024-05-29T16:54:37.861+0000] {logging_mixin.py:188} INFO - [2024-05-29T16:54:37.861+0000] {dagbag.py:545} INFO - Filling up the DagBag from /home/airflow/.local/lib/python3.12/site-packages/airflow/example_dags/example_external_task_marker_dag.py
[2024-05-29T16:54:37.867+0000] {processor.py:840} INFO - DAG(s) 'example_external_task_marker_child', 'example_external_task_marker_parent' retrieved from /home/airflow/.local/lib/python3.12/site-packages/airflow/example_dags/example_external_task_marker_dag.py
[2024-05-29T16:54:37.901+0000] {logging_mixin.py:188} INFO - [2024-05-29T16:54:37.900+0000] {dag.py:3096} INFO - Sync 2 DAGs
[2024-05-29T16:54:37.947+0000] {logging_mixin.py:188} INFO - [2024-05-29T16:54:37.947+0000] {dag.py:3954} INFO - Setting next_dagrun for example_external_task_marker_child to None, run_after=None
[2024-05-29T16:54:37.970+0000] {logging_mixin.py:188} INFO - [2024-05-29T16:54:37.970+0000] {dag.py:3954} INFO - Setting next_dagrun for example_external_task_marker_parent to None, run_after=None
[2024-05-29T16:54:38.022+0000] {processor.py:183} INFO - Processing /home/airflow/.local/lib/python3.12/site-packages/airflow/example_dags/example_external_task_marker_dag.py took 0.171 seconds
[2024-05-29T16:55:09.119+0000] {processor.py:161} INFO - Started process (PID=157) to work on /home/airflow/.local/lib/python3.12/site-packages/airflow/example_dags/example_external_task_marker_dag.py
[2024-05-29T16:55:09.122+0000] {processor.py:830} INFO - Processing file /home/airflow/.local/lib/python3.12/site-packages/airflow/example_dags/example_external_task_marker_dag.py for tasks to queue
[2024-05-29T16:55:09.126+0000] {logging_mixin.py:188} INFO - [2024-05-29T16:55:09.125+0000] {dagbag.py:545} INFO - Filling up the DagBag from /home/airflow/.local/lib/python3.12/site-packages/airflow/example_dags/example_external_task_marker_dag.py
[2024-05-29T16:55:09.147+0000] {processor.py:840} INFO - DAG(s) 'example_external_task_marker_child', 'example_external_task_marker_parent' retrieved from /home/airflow/.local/lib/python3.12/site-packages/airflow/example_dags/example_external_task_marker_dag.py
[2024-05-29T16:55:09.228+0000] {logging_mixin.py:188} INFO - [2024-05-29T16:55:09.228+0000] {dag.py:3096} INFO - Sync 2 DAGs
[2024-05-29T16:55:09.253+0000] {logging_mixin.py:188} INFO - [2024-05-29T16:55:09.253+0000] {dag.py:3954} INFO - Setting next_dagrun for example_external_task_marker_child to None, run_after=None
[2024-05-29T16:55:09.260+0000] {logging_mixin.py:188} INFO - [2024-05-29T16:55:09.260+0000] {dag.py:3954} INFO - Setting next_dagrun for example_external_task_marker_parent to None, run_after=None
[2024-05-29T16:55:09.292+0000] {processor.py:183} INFO - Processing /home/airflow/.local/lib/python3.12/site-packages/airflow/example_dags/example_external_task_marker_dag.py took 0.202 seconds
[2024-05-29T16:55:39.732+0000] {processor.py:161} INFO - Started process (PID=215) to work on /home/airflow/.local/lib/python3.12/site-packages/airflow/example_dags/example_external_task_marker_dag.py
[2024-05-29T16:55:39.734+0000] {processor.py:830} INFO - Processing file /home/airflow/.local/lib/python3.12/site-packages/airflow/example_dags/example_external_task_marker_dag.py for tasks to queue
[2024-05-29T16:55:39.737+0000] {logging_mixin.py:188} INFO - [2024-05-29T16:55:39.736+0000] {dagbag.py:545} INFO - Filling up the DagBag from /home/airflow/.local/lib/python3.12/site-packages/airflow/example_dags/example_external_task_marker_dag.py
[2024-05-29T16:55:39.746+0000] {processor.py:840} INFO - DAG(s) 'example_external_task_marker_child', 'example_external_task_marker_parent' retrieved from /home/airflow/.local/lib/python3.12/site-packages/airflow/example_dags/example_external_task_marker_dag.py
[2024-05-29T16:55:39.783+0000] {logging_mixin.py:188} INFO - [2024-05-29T16:55:39.782+0000] {dag.py:3096} INFO - Sync 2 DAGs
[2024-05-29T16:55:39.805+0000] {logging_mixin.py:188} INFO - [2024-05-29T16:55:39.805+0000] {dag.py:3954} INFO - Setting next_dagrun for example_external_task_marker_child to None, run_after=None
[2024-05-29T16:55:39.813+0000] {logging_mixin.py:188} INFO - [2024-05-29T16:55:39.812+0000] {dag.py:3954} INFO - Setting next_dagrun for example_external_task_marker_parent to None, run_after=None
[2024-05-29T16:55:39.843+0000] {processor.py:183} INFO - Processing /home/airflow/.local/lib/python3.12/site-packages/airflow/example_dags/example_external_task_marker_dag.py took 0.119 seconds
[2024-05-29T16:56:09.922+0000] {processor.py:161} INFO - Started process (PID=273) to work on /home/airflow/.local/lib/python3.12/site-packages/airflow/example_dags/example_external_task_marker_dag.py
[2024-05-29T16:56:09.923+0000] {processor.py:830} INFO - Processing file /home/airflow/.local/lib/python3.12/site-packages/airflow/example_dags/example_external_task_marker_dag.py for tasks to queue
[2024-05-29T16:56:09.927+0000] {logging_mixin.py:188} INFO - [2024-05-29T16:56:09.927+0000] {dagbag.py:545} INFO - Filling up the DagBag from /home/airflow/.local/lib/python3.12/site-packages/airflow/example_dags/example_external_task_marker_dag.py
[2024-05-29T16:56:09.936+0000] {processor.py:840} INFO - DAG(s) 'example_external_task_marker_parent', 'example_external_task_marker_child' retrieved from /home/airflow/.local/lib/python3.12/site-packages/airflow/example_dags/example_external_task_marker_dag.py
[2024-05-29T16:56:09.966+0000] {logging_mixin.py:188} INFO - [2024-05-29T16:56:09.965+0000] {dag.py:3096} INFO - Sync 2 DAGs
[2024-05-29T16:56:09.981+0000] {logging_mixin.py:188} INFO - [2024-05-29T16:56:09.981+0000] {dag.py:3954} INFO - Setting next_dagrun for example_external_task_marker_child to None, run_after=None
[2024-05-29T16:56:09.985+0000] {logging_mixin.py:188} INFO - [2024-05-29T16:56:09.985+0000] {dag.py:3954} INFO - Setting next_dagrun for example_external_task_marker_parent to None, run_after=None
[2024-05-29T16:56:10.007+0000] {processor.py:183} INFO - Processing /home/airflow/.local/lib/python3.12/site-packages/airflow/example_dags/example_external_task_marker_dag.py took 0.092 seconds
[2024-05-29T16:56:40.046+0000] {processor.py:161} INFO - Started process (PID=331) to work on /home/airflow/.local/lib/python3.12/site-packages/airflow/example_dags/example_external_task_marker_dag.py
[2024-05-29T16:56:40.047+0000] {processor.py:830} INFO - Processing file /home/airflow/.local/lib/python3.12/site-packages/airflow/example_dags/example_external_task_marker_dag.py for tasks to queue
[2024-05-29T16:56:40.049+0000] {logging_mixin.py:188} INFO - [2024-05-29T16:56:40.049+0000] {dagbag.py:545} INFO - Filling up the DagBag from /home/airflow/.local/lib/python3.12/site-packages/airflow/example_dags/example_external_task_marker_dag.py
[2024-05-29T16:56:40.055+0000] {processor.py:840} INFO - DAG(s) 'example_external_task_marker_parent', 'example_external_task_marker_child' retrieved from /home/airflow/.local/lib/python3.12/site-packages/airflow/example_dags/example_external_task_marker_dag.py
[2024-05-29T16:56:40.076+0000] {logging_mixin.py:188} INFO - [2024-05-29T16:56:40.076+0000] {dag.py:3096} INFO - Sync 2 DAGs
[2024-05-29T16:56:40.089+0000] {logging_mixin.py:188} INFO - [2024-05-29T16:56:40.088+0000] {dag.py:3954} INFO - Setting next_dagrun for example_external_task_marker_child to None, run_after=None
[2024-05-29T16:56:40.093+0000] {logging_mixin.py:188} INFO - [2024-05-29T16:56:40.093+0000] {dag.py:3954} INFO - Setting next_dagrun for example_external_task_marker_parent to None, run_after=None
[2024-05-29T16:56:40.108+0000] {processor.py:183} INFO - Processing /home/airflow/.local/lib/python3.12/site-packages/airflow/example_dags/example_external_task_marker_dag.py took 0.068 seconds
[2024-05-29T16:57:49.550+0000] {processor.py:161} INFO - Started process (PID=40) to work on /home/airflow/.local/lib/python3.12/site-packages/airflow/example_dags/example_external_task_marker_dag.py
[2024-05-29T16:57:49.551+0000] {processor.py:830} INFO - Processing file /home/airflow/.local/lib/python3.12/site-packages/airflow/example_dags/example_external_task_marker_dag.py for tasks to queue
[2024-05-29T16:57:49.553+0000] {logging_mixin.py:188} INFO - [2024-05-29T16:57:49.553+0000] {dagbag.py:545} INFO - Filling up the DagBag from /home/airflow/.local/lib/python3.12/site-packages/airflow/example_dags/example_external_task_marker_dag.py
[2024-05-29T16:57:49.563+0000] {processor.py:840} INFO - DAG(s) 'example_external_task_marker_parent', 'example_external_task_marker_child' retrieved from /home/airflow/.local/lib/python3.12/site-packages/airflow/example_dags/example_external_task_marker_dag.py
[2024-05-29T16:57:49.576+0000] {logging_mixin.py:188} INFO - [2024-05-29T16:57:49.576+0000] {dag.py:3096} INFO - Sync 2 DAGs
[2024-05-29T16:57:49.597+0000] {logging_mixin.py:188} INFO - [2024-05-29T16:57:49.596+0000] {dag.py:3954} INFO - Setting next_dagrun for example_external_task_marker_child to None, run_after=None
[2024-05-29T16:57:49.602+0000] {logging_mixin.py:188} INFO - [2024-05-29T16:57:49.601+0000] {dag.py:3954} INFO - Setting next_dagrun for example_external_task_marker_parent to None, run_after=None
[2024-05-29T16:57:49.621+0000] {processor.py:183} INFO - Processing /home/airflow/.local/lib/python3.12/site-packages/airflow/example_dags/example_external_task_marker_dag.py took 0.078 seconds
[2024-05-29T16:58:20.353+0000] {processor.py:161} INFO - Started process (PID=98) to work on /home/airflow/.local/lib/python3.12/site-packages/airflow/example_dags/example_external_task_marker_dag.py
[2024-05-29T16:58:20.354+0000] {processor.py:830} INFO - Processing file /home/airflow/.local/lib/python3.12/site-packages/airflow/example_dags/example_external_task_marker_dag.py for tasks to queue
[2024-05-29T16:58:20.355+0000] {logging_mixin.py:188} INFO - [2024-05-29T16:58:20.355+0000] {dagbag.py:545} INFO - Filling up the DagBag from /home/airflow/.local/lib/python3.12/site-packages/airflow/example_dags/example_external_task_marker_dag.py
[2024-05-29T16:58:20.361+0000] {processor.py:840} INFO - DAG(s) 'example_external_task_marker_child', 'example_external_task_marker_parent' retrieved from /home/airflow/.local/lib/python3.12/site-packages/airflow/example_dags/example_external_task_marker_dag.py
[2024-05-29T16:58:20.468+0000] {logging_mixin.py:188} INFO - [2024-05-29T16:58:20.468+0000] {dag.py:3096} INFO - Sync 2 DAGs
[2024-05-29T16:58:20.480+0000] {logging_mixin.py:188} INFO - [2024-05-29T16:58:20.479+0000] {dag.py:3954} INFO - Setting next_dagrun for example_external_task_marker_child to None, run_after=None
[2024-05-29T16:58:20.483+0000] {logging_mixin.py:188} INFO - [2024-05-29T16:58:20.483+0000] {dag.py:3954} INFO - Setting next_dagrun for example_external_task_marker_parent to None, run_after=None
[2024-05-29T16:58:20.500+0000] {processor.py:183} INFO - Processing /home/airflow/.local/lib/python3.12/site-packages/airflow/example_dags/example_external_task_marker_dag.py took 0.153 seconds
