[2024-05-29T16:54:17.070+0000] {processor.py:161} INFO - Started process (PID=82) to work on /home/airflow/.local/lib/python3.12/site-packages/airflow/example_dags/example_datasets.py
[2024-05-29T16:54:17.072+0000] {processor.py:830} INFO - Processing file /home/airflow/.local/lib/python3.12/site-packages/airflow/example_dags/example_datasets.py for tasks to queue
[2024-05-29T16:54:17.075+0000] {logging_mixin.py:188} INFO - [2024-05-29T16:54:17.074+0000] {dagbag.py:545} INFO - Filling up the DagBag from /home/airflow/.local/lib/python3.12/site-packages/airflow/example_dags/example_datasets.py
[2024-05-29T16:54:17.104+0000] {processor.py:840} INFO - DAG(s) 'dataset_consumes_unknown_never_scheduled', 'consume_1_and_2_with_dataset_expressions', 'consume_1_or_2_with_dataset_expressions', 'dataset_consumes_1_and_2', 'conditional_dataset_and_time_based_timetable', 'dataset_consumes_1_never_scheduled', 'dataset_consumes_1', 'dataset_produces_2', 'consume_1_or_both_2_and_3_with_dataset_expressions', 'dataset_produces_1' retrieved from /home/airflow/.local/lib/python3.12/site-packages/airflow/example_dags/example_datasets.py
[2024-05-29T16:54:17.611+0000] {logging_mixin.py:188} INFO - [2024-05-29T16:54:17.610+0000] {dag.py:3096} INFO - Sync 10 DAGs
[2024-05-29T16:54:17.688+0000] {logging_mixin.py:188} INFO - [2024-05-29T16:54:17.688+0000] {dag.py:3954} INFO - Setting next_dagrun for conditional_dataset_and_time_based_timetable to 2024-05-29 01:00:00+00:00, run_after=2024-05-29 01:00:00+00:00
[2024-05-29T16:54:17.705+0000] {logging_mixin.py:188} INFO - [2024-05-29T16:54:17.705+0000] {dag.py:3954} INFO - Setting next_dagrun for consume_1_and_2_with_dataset_expressions to None, run_after=None
[2024-05-29T16:54:17.718+0000] {logging_mixin.py:188} INFO - [2024-05-29T16:54:17.718+0000] {dag.py:3954} INFO - Setting next_dagrun for consume_1_or_2_with_dataset_expressions to None, run_after=None
[2024-05-29T16:54:17.722+0000] {logging_mixin.py:188} INFO - [2024-05-29T16:54:17.722+0000] {dag.py:3954} INFO - Setting next_dagrun for consume_1_or_both_2_and_3_with_dataset_expressions to None, run_after=None
[2024-05-29T16:54:17.726+0000] {logging_mixin.py:188} INFO - [2024-05-29T16:54:17.726+0000] {dag.py:3954} INFO - Setting next_dagrun for dataset_consumes_1 to None, run_after=None
[2024-05-29T16:54:17.730+0000] {logging_mixin.py:188} INFO - [2024-05-29T16:54:17.729+0000] {dag.py:3954} INFO - Setting next_dagrun for dataset_consumes_1_and_2 to None, run_after=None
[2024-05-29T16:54:17.741+0000] {logging_mixin.py:188} INFO - [2024-05-29T16:54:17.741+0000] {dag.py:3954} INFO - Setting next_dagrun for dataset_consumes_1_never_scheduled to None, run_after=None
[2024-05-29T16:54:17.744+0000] {logging_mixin.py:188} INFO - [2024-05-29T16:54:17.744+0000] {dag.py:3954} INFO - Setting next_dagrun for dataset_consumes_unknown_never_scheduled to None, run_after=None
[2024-05-29T16:54:17.749+0000] {logging_mixin.py:188} INFO - [2024-05-29T16:54:17.749+0000] {dag.py:3954} INFO - Setting next_dagrun for dataset_produces_1 to 2024-05-28 00:00:00+00:00, run_after=2024-05-29 00:00:00+00:00
[2024-05-29T16:54:17.752+0000] {logging_mixin.py:188} INFO - [2024-05-29T16:54:17.752+0000] {dag.py:3954} INFO - Setting next_dagrun for dataset_produces_2 to None, run_after=None
[2024-05-29T16:54:17.827+0000] {processor.py:183} INFO - Processing /home/airflow/.local/lib/python3.12/site-packages/airflow/example_dags/example_datasets.py took 0.765 seconds
[2024-05-29T16:54:48.043+0000] {processor.py:161} INFO - Started process (PID=143) to work on /home/airflow/.local/lib/python3.12/site-packages/airflow/example_dags/example_datasets.py
[2024-05-29T16:54:48.044+0000] {processor.py:830} INFO - Processing file /home/airflow/.local/lib/python3.12/site-packages/airflow/example_dags/example_datasets.py for tasks to queue
[2024-05-29T16:54:48.046+0000] {logging_mixin.py:188} INFO - [2024-05-29T16:54:48.046+0000] {dagbag.py:545} INFO - Filling up the DagBag from /home/airflow/.local/lib/python3.12/site-packages/airflow/example_dags/example_datasets.py
[2024-05-29T16:54:48.061+0000] {processor.py:840} INFO - DAG(s) 'consume_1_or_2_with_dataset_expressions', 'conditional_dataset_and_time_based_timetable', 'consume_1_and_2_with_dataset_expressions', 'consume_1_or_both_2_and_3_with_dataset_expressions', 'dataset_consumes_1', 'dataset_consumes_1_and_2', 'dataset_produces_2', 'dataset_consumes_unknown_never_scheduled', 'dataset_produces_1', 'dataset_consumes_1_never_scheduled' retrieved from /home/airflow/.local/lib/python3.12/site-packages/airflow/example_dags/example_datasets.py
[2024-05-29T16:54:48.112+0000] {logging_mixin.py:188} INFO - [2024-05-29T16:54:48.112+0000] {dag.py:3096} INFO - Sync 10 DAGs
[2024-05-29T16:54:48.140+0000] {logging_mixin.py:188} INFO - [2024-05-29T16:54:48.140+0000] {dag.py:3954} INFO - Setting next_dagrun for conditional_dataset_and_time_based_timetable to 2024-05-29 01:00:00+00:00, run_after=2024-05-29 01:00:00+00:00
[2024-05-29T16:54:48.148+0000] {logging_mixin.py:188} INFO - [2024-05-29T16:54:48.148+0000] {dag.py:3954} INFO - Setting next_dagrun for consume_1_and_2_with_dataset_expressions to None, run_after=None
[2024-05-29T16:54:48.156+0000] {logging_mixin.py:188} INFO - [2024-05-29T16:54:48.154+0000] {dag.py:3954} INFO - Setting next_dagrun for consume_1_or_2_with_dataset_expressions to None, run_after=None
[2024-05-29T16:54:48.160+0000] {logging_mixin.py:188} INFO - [2024-05-29T16:54:48.160+0000] {dag.py:3954} INFO - Setting next_dagrun for consume_1_or_both_2_and_3_with_dataset_expressions to None, run_after=None
[2024-05-29T16:54:48.163+0000] {logging_mixin.py:188} INFO - [2024-05-29T16:54:48.163+0000] {dag.py:3954} INFO - Setting next_dagrun for dataset_consumes_1 to None, run_after=None
[2024-05-29T16:54:48.166+0000] {logging_mixin.py:188} INFO - [2024-05-29T16:54:48.165+0000] {dag.py:3954} INFO - Setting next_dagrun for dataset_consumes_1_and_2 to None, run_after=None
[2024-05-29T16:54:48.169+0000] {logging_mixin.py:188} INFO - [2024-05-29T16:54:48.169+0000] {dag.py:3954} INFO - Setting next_dagrun for dataset_consumes_1_never_scheduled to None, run_after=None
[2024-05-29T16:54:48.172+0000] {logging_mixin.py:188} INFO - [2024-05-29T16:54:48.171+0000] {dag.py:3954} INFO - Setting next_dagrun for dataset_consumes_unknown_never_scheduled to None, run_after=None
[2024-05-29T16:54:48.177+0000] {logging_mixin.py:188} INFO - [2024-05-29T16:54:48.176+0000] {dag.py:3954} INFO - Setting next_dagrun for dataset_produces_1 to 2024-05-28 00:00:00+00:00, run_after=2024-05-29 00:00:00+00:00
[2024-05-29T16:54:48.180+0000] {logging_mixin.py:188} INFO - [2024-05-29T16:54:48.179+0000] {dag.py:3954} INFO - Setting next_dagrun for dataset_produces_2 to None, run_after=None
[2024-05-29T16:54:48.220+0000] {processor.py:183} INFO - Processing /home/airflow/.local/lib/python3.12/site-packages/airflow/example_dags/example_datasets.py took 0.183 seconds
[2024-05-29T16:55:18.647+0000] {processor.py:161} INFO - Started process (PID=198) to work on /home/airflow/.local/lib/python3.12/site-packages/airflow/example_dags/example_datasets.py
[2024-05-29T16:55:18.648+0000] {processor.py:830} INFO - Processing file /home/airflow/.local/lib/python3.12/site-packages/airflow/example_dags/example_datasets.py for tasks to queue
[2024-05-29T16:55:18.650+0000] {logging_mixin.py:188} INFO - [2024-05-29T16:55:18.650+0000] {dagbag.py:545} INFO - Filling up the DagBag from /home/airflow/.local/lib/python3.12/site-packages/airflow/example_dags/example_datasets.py
[2024-05-29T16:55:18.668+0000] {processor.py:840} INFO - DAG(s) 'conditional_dataset_and_time_based_timetable', 'dataset_consumes_unknown_never_scheduled', 'consume_1_or_2_with_dataset_expressions', 'dataset_consumes_1_never_scheduled', 'dataset_produces_2', 'consume_1_and_2_with_dataset_expressions', 'dataset_consumes_1', 'dataset_consumes_1_and_2', 'consume_1_or_both_2_and_3_with_dataset_expressions', 'dataset_produces_1' retrieved from /home/airflow/.local/lib/python3.12/site-packages/airflow/example_dags/example_datasets.py
[2024-05-29T16:55:18.731+0000] {logging_mixin.py:188} INFO - [2024-05-29T16:55:18.731+0000] {dag.py:3096} INFO - Sync 10 DAGs
[2024-05-29T16:55:18.763+0000] {logging_mixin.py:188} INFO - [2024-05-29T16:55:18.763+0000] {dag.py:3954} INFO - Setting next_dagrun for conditional_dataset_and_time_based_timetable to 2024-05-29 01:00:00+00:00, run_after=2024-05-29 01:00:00+00:00
[2024-05-29T16:55:18.769+0000] {logging_mixin.py:188} INFO - [2024-05-29T16:55:18.769+0000] {dag.py:3954} INFO - Setting next_dagrun for consume_1_and_2_with_dataset_expressions to None, run_after=None
[2024-05-29T16:55:18.771+0000] {logging_mixin.py:188} INFO - [2024-05-29T16:55:18.771+0000] {dag.py:3954} INFO - Setting next_dagrun for consume_1_or_2_with_dataset_expressions to None, run_after=None
[2024-05-29T16:55:18.774+0000] {logging_mixin.py:188} INFO - [2024-05-29T16:55:18.773+0000] {dag.py:3954} INFO - Setting next_dagrun for consume_1_or_both_2_and_3_with_dataset_expressions to None, run_after=None
[2024-05-29T16:55:18.775+0000] {logging_mixin.py:188} INFO - [2024-05-29T16:55:18.775+0000] {dag.py:3954} INFO - Setting next_dagrun for dataset_consumes_1 to None, run_after=None
[2024-05-29T16:55:18.777+0000] {logging_mixin.py:188} INFO - [2024-05-29T16:55:18.777+0000] {dag.py:3954} INFO - Setting next_dagrun for dataset_consumes_1_and_2 to None, run_after=None
[2024-05-29T16:55:18.780+0000] {logging_mixin.py:188} INFO - [2024-05-29T16:55:18.780+0000] {dag.py:3954} INFO - Setting next_dagrun for dataset_consumes_1_never_scheduled to None, run_after=None
[2024-05-29T16:55:18.782+0000] {logging_mixin.py:188} INFO - [2024-05-29T16:55:18.782+0000] {dag.py:3954} INFO - Setting next_dagrun for dataset_consumes_unknown_never_scheduled to None, run_after=None
[2024-05-29T16:55:18.788+0000] {logging_mixin.py:188} INFO - [2024-05-29T16:55:18.787+0000] {dag.py:3954} INFO - Setting next_dagrun for dataset_produces_1 to 2024-05-28 00:00:00+00:00, run_after=2024-05-29 00:00:00+00:00
[2024-05-29T16:55:18.790+0000] {logging_mixin.py:188} INFO - [2024-05-29T16:55:18.790+0000] {dag.py:3954} INFO - Setting next_dagrun for dataset_produces_2 to None, run_after=None
[2024-05-29T16:55:18.835+0000] {processor.py:183} INFO - Processing /home/airflow/.local/lib/python3.12/site-packages/airflow/example_dags/example_datasets.py took 0.193 seconds
[2024-05-29T16:55:48.873+0000] {processor.py:161} INFO - Started process (PID=257) to work on /home/airflow/.local/lib/python3.12/site-packages/airflow/example_dags/example_datasets.py
[2024-05-29T16:55:48.874+0000] {processor.py:830} INFO - Processing file /home/airflow/.local/lib/python3.12/site-packages/airflow/example_dags/example_datasets.py for tasks to queue
[2024-05-29T16:55:48.875+0000] {logging_mixin.py:188} INFO - [2024-05-29T16:55:48.875+0000] {dagbag.py:545} INFO - Filling up the DagBag from /home/airflow/.local/lib/python3.12/site-packages/airflow/example_dags/example_datasets.py
[2024-05-29T16:55:48.891+0000] {processor.py:840} INFO - DAG(s) 'consume_1_or_both_2_and_3_with_dataset_expressions', 'dataset_produces_2', 'dataset_consumes_unknown_never_scheduled', 'dataset_produces_1', 'dataset_consumes_1_never_scheduled', 'dataset_consumes_1', 'consume_1_or_2_with_dataset_expressions', 'dataset_consumes_1_and_2', 'conditional_dataset_and_time_based_timetable', 'consume_1_and_2_with_dataset_expressions' retrieved from /home/airflow/.local/lib/python3.12/site-packages/airflow/example_dags/example_datasets.py
[2024-05-29T16:55:48.943+0000] {logging_mixin.py:188} INFO - [2024-05-29T16:55:48.943+0000] {dag.py:3096} INFO - Sync 10 DAGs
[2024-05-29T16:55:48.973+0000] {logging_mixin.py:188} INFO - [2024-05-29T16:55:48.973+0000] {dag.py:3954} INFO - Setting next_dagrun for conditional_dataset_and_time_based_timetable to 2024-05-29 01:00:00+00:00, run_after=2024-05-29 01:00:00+00:00
[2024-05-29T16:55:48.978+0000] {logging_mixin.py:188} INFO - [2024-05-29T16:55:48.977+0000] {dag.py:3954} INFO - Setting next_dagrun for consume_1_and_2_with_dataset_expressions to None, run_after=None
[2024-05-29T16:55:48.979+0000] {logging_mixin.py:188} INFO - [2024-05-29T16:55:48.979+0000] {dag.py:3954} INFO - Setting next_dagrun for consume_1_or_2_with_dataset_expressions to None, run_after=None
[2024-05-29T16:55:48.981+0000] {logging_mixin.py:188} INFO - [2024-05-29T16:55:48.981+0000] {dag.py:3954} INFO - Setting next_dagrun for consume_1_or_both_2_and_3_with_dataset_expressions to None, run_after=None
[2024-05-29T16:55:48.983+0000] {logging_mixin.py:188} INFO - [2024-05-29T16:55:48.983+0000] {dag.py:3954} INFO - Setting next_dagrun for dataset_consumes_1 to None, run_after=None
[2024-05-29T16:55:48.985+0000] {logging_mixin.py:188} INFO - [2024-05-29T16:55:48.984+0000] {dag.py:3954} INFO - Setting next_dagrun for dataset_consumes_1_and_2 to None, run_after=None
[2024-05-29T16:55:48.987+0000] {logging_mixin.py:188} INFO - [2024-05-29T16:55:48.987+0000] {dag.py:3954} INFO - Setting next_dagrun for dataset_consumes_1_never_scheduled to None, run_after=None
[2024-05-29T16:55:48.989+0000] {logging_mixin.py:188} INFO - [2024-05-29T16:55:48.989+0000] {dag.py:3954} INFO - Setting next_dagrun for dataset_consumes_unknown_never_scheduled to None, run_after=None
[2024-05-29T16:55:48.992+0000] {logging_mixin.py:188} INFO - [2024-05-29T16:55:48.992+0000] {dag.py:3954} INFO - Setting next_dagrun for dataset_produces_1 to 2024-05-28 00:00:00+00:00, run_after=2024-05-29 00:00:00+00:00
[2024-05-29T16:55:48.994+0000] {logging_mixin.py:188} INFO - [2024-05-29T16:55:48.994+0000] {dag.py:3954} INFO - Setting next_dagrun for dataset_produces_2 to None, run_after=None
[2024-05-29T16:55:49.028+0000] {processor.py:183} INFO - Processing /home/airflow/.local/lib/python3.12/site-packages/airflow/example_dags/example_datasets.py took 0.161 seconds
[2024-05-29T16:56:19.251+0000] {processor.py:161} INFO - Started process (PID=317) to work on /home/airflow/.local/lib/python3.12/site-packages/airflow/example_dags/example_datasets.py
[2024-05-29T16:56:19.252+0000] {processor.py:830} INFO - Processing file /home/airflow/.local/lib/python3.12/site-packages/airflow/example_dags/example_datasets.py for tasks to queue
[2024-05-29T16:56:19.254+0000] {logging_mixin.py:188} INFO - [2024-05-29T16:56:19.253+0000] {dagbag.py:545} INFO - Filling up the DagBag from /home/airflow/.local/lib/python3.12/site-packages/airflow/example_dags/example_datasets.py
[2024-05-29T16:56:19.268+0000] {processor.py:840} INFO - DAG(s) 'conditional_dataset_and_time_based_timetable', 'dataset_produces_1', 'dataset_consumes_unknown_never_scheduled', 'dataset_consumes_1_never_scheduled', 'consume_1_or_both_2_and_3_with_dataset_expressions', 'dataset_produces_2', 'consume_1_or_2_with_dataset_expressions', 'dataset_consumes_1_and_2', 'dataset_consumes_1', 'consume_1_and_2_with_dataset_expressions' retrieved from /home/airflow/.local/lib/python3.12/site-packages/airflow/example_dags/example_datasets.py
[2024-05-29T16:56:19.313+0000] {logging_mixin.py:188} INFO - [2024-05-29T16:56:19.313+0000] {dag.py:3096} INFO - Sync 10 DAGs
[2024-05-29T16:56:19.338+0000] {logging_mixin.py:188} INFO - [2024-05-29T16:56:19.337+0000] {dag.py:3954} INFO - Setting next_dagrun for conditional_dataset_and_time_based_timetable to 2024-05-29 01:00:00+00:00, run_after=2024-05-29 01:00:00+00:00
[2024-05-29T16:56:19.342+0000] {logging_mixin.py:188} INFO - [2024-05-29T16:56:19.342+0000] {dag.py:3954} INFO - Setting next_dagrun for consume_1_and_2_with_dataset_expressions to None, run_after=None
[2024-05-29T16:56:19.343+0000] {logging_mixin.py:188} INFO - [2024-05-29T16:56:19.343+0000] {dag.py:3954} INFO - Setting next_dagrun for consume_1_or_2_with_dataset_expressions to None, run_after=None
[2024-05-29T16:56:19.345+0000] {logging_mixin.py:188} INFO - [2024-05-29T16:56:19.344+0000] {dag.py:3954} INFO - Setting next_dagrun for consume_1_or_both_2_and_3_with_dataset_expressions to None, run_after=None
[2024-05-29T16:56:19.346+0000] {logging_mixin.py:188} INFO - [2024-05-29T16:56:19.346+0000] {dag.py:3954} INFO - Setting next_dagrun for dataset_consumes_1 to None, run_after=None
[2024-05-29T16:56:19.348+0000] {logging_mixin.py:188} INFO - [2024-05-29T16:56:19.348+0000] {dag.py:3954} INFO - Setting next_dagrun for dataset_consumes_1_and_2 to None, run_after=None
[2024-05-29T16:56:19.349+0000] {logging_mixin.py:188} INFO - [2024-05-29T16:56:19.349+0000] {dag.py:3954} INFO - Setting next_dagrun for dataset_consumes_1_never_scheduled to None, run_after=None
[2024-05-29T16:56:19.350+0000] {logging_mixin.py:188} INFO - [2024-05-29T16:56:19.350+0000] {dag.py:3954} INFO - Setting next_dagrun for dataset_consumes_unknown_never_scheduled to None, run_after=None
[2024-05-29T16:56:19.352+0000] {logging_mixin.py:188} INFO - [2024-05-29T16:56:19.352+0000] {dag.py:3954} INFO - Setting next_dagrun for dataset_produces_1 to 2024-05-28 00:00:00+00:00, run_after=2024-05-29 00:00:00+00:00
[2024-05-29T16:56:19.353+0000] {logging_mixin.py:188} INFO - [2024-05-29T16:56:19.353+0000] {dag.py:3954} INFO - Setting next_dagrun for dataset_produces_2 to None, run_after=None
[2024-05-29T16:56:19.382+0000] {processor.py:183} INFO - Processing /home/airflow/.local/lib/python3.12/site-packages/airflow/example_dags/example_datasets.py took 0.137 seconds
[2024-05-29T16:57:52.006+0000] {processor.py:161} INFO - Started process (PID=75) to work on /home/airflow/.local/lib/python3.12/site-packages/airflow/example_dags/example_datasets.py
[2024-05-29T16:57:52.007+0000] {processor.py:830} INFO - Processing file /home/airflow/.local/lib/python3.12/site-packages/airflow/example_dags/example_datasets.py for tasks to queue
[2024-05-29T16:57:52.008+0000] {logging_mixin.py:188} INFO - [2024-05-29T16:57:52.008+0000] {dagbag.py:545} INFO - Filling up the DagBag from /home/airflow/.local/lib/python3.12/site-packages/airflow/example_dags/example_datasets.py
[2024-05-29T16:57:52.021+0000] {processor.py:840} INFO - DAG(s) 'consume_1_and_2_with_dataset_expressions', 'dataset_consumes_1_never_scheduled', 'dataset_produces_1', 'dataset_consumes_unknown_never_scheduled', 'dataset_consumes_1', 'consume_1_or_both_2_and_3_with_dataset_expressions', 'conditional_dataset_and_time_based_timetable', 'dataset_consumes_1_and_2', 'dataset_produces_2', 'consume_1_or_2_with_dataset_expressions' retrieved from /home/airflow/.local/lib/python3.12/site-packages/airflow/example_dags/example_datasets.py
[2024-05-29T16:57:52.037+0000] {logging_mixin.py:188} INFO - [2024-05-29T16:57:52.036+0000] {dag.py:3096} INFO - Sync 10 DAGs
[2024-05-29T16:57:52.065+0000] {logging_mixin.py:188} INFO - [2024-05-29T16:57:52.065+0000] {dag.py:3954} INFO - Setting next_dagrun for conditional_dataset_and_time_based_timetable to 2024-05-29 01:00:00+00:00, run_after=2024-05-29 01:00:00+00:00
[2024-05-29T16:57:52.069+0000] {logging_mixin.py:188} INFO - [2024-05-29T16:57:52.069+0000] {dag.py:3954} INFO - Setting next_dagrun for consume_1_and_2_with_dataset_expressions to None, run_after=None
[2024-05-29T16:57:52.071+0000] {logging_mixin.py:188} INFO - [2024-05-29T16:57:52.071+0000] {dag.py:3954} INFO - Setting next_dagrun for consume_1_or_2_with_dataset_expressions to None, run_after=None
[2024-05-29T16:57:52.072+0000] {logging_mixin.py:188} INFO - [2024-05-29T16:57:52.072+0000] {dag.py:3954} INFO - Setting next_dagrun for consume_1_or_both_2_and_3_with_dataset_expressions to None, run_after=None
[2024-05-29T16:57:52.074+0000] {logging_mixin.py:188} INFO - [2024-05-29T16:57:52.074+0000] {dag.py:3954} INFO - Setting next_dagrun for dataset_consumes_1 to None, run_after=None
[2024-05-29T16:57:52.075+0000] {logging_mixin.py:188} INFO - [2024-05-29T16:57:52.075+0000] {dag.py:3954} INFO - Setting next_dagrun for dataset_consumes_1_and_2 to None, run_after=None
[2024-05-29T16:57:52.077+0000] {logging_mixin.py:188} INFO - [2024-05-29T16:57:52.076+0000] {dag.py:3954} INFO - Setting next_dagrun for dataset_consumes_1_never_scheduled to None, run_after=None
[2024-05-29T16:57:52.078+0000] {logging_mixin.py:188} INFO - [2024-05-29T16:57:52.078+0000] {dag.py:3954} INFO - Setting next_dagrun for dataset_consumes_unknown_never_scheduled to None, run_after=None
[2024-05-29T16:57:52.081+0000] {logging_mixin.py:188} INFO - [2024-05-29T16:57:52.081+0000] {dag.py:3954} INFO - Setting next_dagrun for dataset_produces_1 to 2024-05-28 00:00:00+00:00, run_after=2024-05-29 00:00:00+00:00
[2024-05-29T16:57:52.083+0000] {logging_mixin.py:188} INFO - [2024-05-29T16:57:52.083+0000] {dag.py:3954} INFO - Setting next_dagrun for dataset_produces_2 to None, run_after=None
[2024-05-29T16:57:52.119+0000] {processor.py:183} INFO - Processing /home/airflow/.local/lib/python3.12/site-packages/airflow/example_dags/example_datasets.py took 0.119 seconds
[2024-05-29T16:58:23.905+0000] {processor.py:161} INFO - Started process (PID=133) to work on /home/airflow/.local/lib/python3.12/site-packages/airflow/example_dags/example_datasets.py
[2024-05-29T16:58:23.906+0000] {processor.py:830} INFO - Processing file /home/airflow/.local/lib/python3.12/site-packages/airflow/example_dags/example_datasets.py for tasks to queue
[2024-05-29T16:58:23.908+0000] {logging_mixin.py:188} INFO - [2024-05-29T16:58:23.907+0000] {dagbag.py:545} INFO - Filling up the DagBag from /home/airflow/.local/lib/python3.12/site-packages/airflow/example_dags/example_datasets.py
[2024-05-29T16:58:23.921+0000] {processor.py:840} INFO - DAG(s) 'dataset_consumes_1_never_scheduled', 'dataset_consumes_1_and_2', 'dataset_produces_1', 'conditional_dataset_and_time_based_timetable', 'consume_1_or_both_2_and_3_with_dataset_expressions', 'consume_1_and_2_with_dataset_expressions', 'dataset_produces_2', 'consume_1_or_2_with_dataset_expressions', 'dataset_consumes_1', 'dataset_consumes_unknown_never_scheduled' retrieved from /home/airflow/.local/lib/python3.12/site-packages/airflow/example_dags/example_datasets.py
[2024-05-29T16:58:24.111+0000] {logging_mixin.py:188} INFO - [2024-05-29T16:58:24.111+0000] {dag.py:3096} INFO - Sync 10 DAGs
[2024-05-29T16:58:24.134+0000] {logging_mixin.py:188} INFO - [2024-05-29T16:58:24.134+0000] {dag.py:3954} INFO - Setting next_dagrun for conditional_dataset_and_time_based_timetable to 2024-05-29 01:00:00+00:00, run_after=2024-05-29 01:00:00+00:00
[2024-05-29T16:58:24.137+0000] {logging_mixin.py:188} INFO - [2024-05-29T16:58:24.137+0000] {dag.py:3954} INFO - Setting next_dagrun for consume_1_and_2_with_dataset_expressions to None, run_after=None
[2024-05-29T16:58:24.139+0000] {logging_mixin.py:188} INFO - [2024-05-29T16:58:24.139+0000] {dag.py:3954} INFO - Setting next_dagrun for consume_1_or_2_with_dataset_expressions to None, run_after=None
[2024-05-29T16:58:24.140+0000] {logging_mixin.py:188} INFO - [2024-05-29T16:58:24.140+0000] {dag.py:3954} INFO - Setting next_dagrun for consume_1_or_both_2_and_3_with_dataset_expressions to None, run_after=None
[2024-05-29T16:58:24.142+0000] {logging_mixin.py:188} INFO - [2024-05-29T16:58:24.141+0000] {dag.py:3954} INFO - Setting next_dagrun for dataset_consumes_1 to None, run_after=None
[2024-05-29T16:58:24.143+0000] {logging_mixin.py:188} INFO - [2024-05-29T16:58:24.143+0000] {dag.py:3954} INFO - Setting next_dagrun for dataset_consumes_1_and_2 to None, run_after=None
[2024-05-29T16:58:24.144+0000] {logging_mixin.py:188} INFO - [2024-05-29T16:58:24.144+0000] {dag.py:3954} INFO - Setting next_dagrun for dataset_consumes_1_never_scheduled to None, run_after=None
[2024-05-29T16:58:24.145+0000] {logging_mixin.py:188} INFO - [2024-05-29T16:58:24.145+0000] {dag.py:3954} INFO - Setting next_dagrun for dataset_consumes_unknown_never_scheduled to None, run_after=None
[2024-05-29T16:58:24.148+0000] {logging_mixin.py:188} INFO - [2024-05-29T16:58:24.148+0000] {dag.py:3954} INFO - Setting next_dagrun for dataset_produces_1 to 2024-05-28 00:00:00+00:00, run_after=2024-05-29 00:00:00+00:00
[2024-05-29T16:58:24.149+0000] {logging_mixin.py:188} INFO - [2024-05-29T16:58:24.149+0000] {dag.py:3954} INFO - Setting next_dagrun for dataset_produces_2 to None, run_after=None
[2024-05-29T16:58:24.185+0000] {processor.py:183} INFO - Processing /home/airflow/.local/lib/python3.12/site-packages/airflow/example_dags/example_datasets.py took 0.285 seconds
