[2024-05-29T16:54:09.553+0000] {processor.py:161} INFO - Started process (PID=53) to work on /home/airflow/.local/lib/python3.12/site-packages/airflow/example_dags/tutorial.py
[2024-05-29T16:54:09.554+0000] {processor.py:830} INFO - Processing file /home/airflow/.local/lib/python3.12/site-packages/airflow/example_dags/tutorial.py for tasks to queue
[2024-05-29T16:54:09.558+0000] {logging_mixin.py:188} INFO - [2024-05-29T16:54:09.557+0000] {dagbag.py:545} INFO - Filling up the DagBag from /home/airflow/.local/lib/python3.12/site-packages/airflow/example_dags/tutorial.py
[2024-05-29T16:54:09.574+0000] {processor.py:840} INFO - DAG(s) 'tutorial' retrieved from /home/airflow/.local/lib/python3.12/site-packages/airflow/example_dags/tutorial.py
[2024-05-29T16:54:09.850+0000] {logging_mixin.py:188} INFO - [2024-05-29T16:54:09.849+0000] {dag.py:3096} INFO - Sync 1 DAGs
[2024-05-29T16:54:09.892+0000] {logging_mixin.py:188} INFO - [2024-05-29T16:54:09.892+0000] {dag.py:3954} INFO - Setting next_dagrun for tutorial to 2024-05-28 00:00:00+00:00, run_after=2024-05-29 00:00:00+00:00
[2024-05-29T16:54:09.922+0000] {processor.py:183} INFO - Processing /home/airflow/.local/lib/python3.12/site-packages/airflow/example_dags/tutorial.py took 0.382 seconds
[2024-05-29T16:54:40.677+0000] {processor.py:161} INFO - Started process (PID=111) to work on /home/airflow/.local/lib/python3.12/site-packages/airflow/example_dags/tutorial.py
[2024-05-29T16:54:40.678+0000] {processor.py:830} INFO - Processing file /home/airflow/.local/lib/python3.12/site-packages/airflow/example_dags/tutorial.py for tasks to queue
[2024-05-29T16:54:40.680+0000] {logging_mixin.py:188} INFO - [2024-05-29T16:54:40.680+0000] {dagbag.py:545} INFO - Filling up the DagBag from /home/airflow/.local/lib/python3.12/site-packages/airflow/example_dags/tutorial.py
[2024-05-29T16:54:40.685+0000] {processor.py:840} INFO - DAG(s) 'tutorial' retrieved from /home/airflow/.local/lib/python3.12/site-packages/airflow/example_dags/tutorial.py
[2024-05-29T16:54:40.704+0000] {logging_mixin.py:188} INFO - [2024-05-29T16:54:40.704+0000] {dag.py:3096} INFO - Sync 1 DAGs
[2024-05-29T16:54:40.728+0000] {logging_mixin.py:188} INFO - [2024-05-29T16:54:40.728+0000] {dag.py:3954} INFO - Setting next_dagrun for tutorial to 2024-05-28 00:00:00+00:00, run_after=2024-05-29 00:00:00+00:00
[2024-05-29T16:54:40.748+0000] {processor.py:183} INFO - Processing /home/airflow/.local/lib/python3.12/site-packages/airflow/example_dags/tutorial.py took 0.076 seconds
[2024-05-29T16:55:11.056+0000] {processor.py:161} INFO - Started process (PID=175) to work on /home/airflow/.local/lib/python3.12/site-packages/airflow/example_dags/tutorial.py
[2024-05-29T16:55:11.058+0000] {processor.py:830} INFO - Processing file /home/airflow/.local/lib/python3.12/site-packages/airflow/example_dags/tutorial.py for tasks to queue
[2024-05-29T16:55:11.061+0000] {logging_mixin.py:188} INFO - [2024-05-29T16:55:11.061+0000] {dagbag.py:545} INFO - Filling up the DagBag from /home/airflow/.local/lib/python3.12/site-packages/airflow/example_dags/tutorial.py
[2024-05-29T16:55:11.070+0000] {processor.py:840} INFO - DAG(s) 'tutorial' retrieved from /home/airflow/.local/lib/python3.12/site-packages/airflow/example_dags/tutorial.py
[2024-05-29T16:55:11.110+0000] {logging_mixin.py:188} INFO - [2024-05-29T16:55:11.110+0000] {dag.py:3096} INFO - Sync 1 DAGs
[2024-05-29T16:55:11.156+0000] {logging_mixin.py:188} INFO - [2024-05-29T16:55:11.156+0000] {dag.py:3954} INFO - Setting next_dagrun for tutorial to 2024-05-28 00:00:00+00:00, run_after=2024-05-29 00:00:00+00:00
[2024-05-29T16:55:11.183+0000] {processor.py:183} INFO - Processing /home/airflow/.local/lib/python3.12/site-packages/airflow/example_dags/tutorial.py took 0.136 seconds
[2024-05-29T16:55:41.518+0000] {processor.py:161} INFO - Started process (PID=233) to work on /home/airflow/.local/lib/python3.12/site-packages/airflow/example_dags/tutorial.py
[2024-05-29T16:55:41.520+0000] {processor.py:830} INFO - Processing file /home/airflow/.local/lib/python3.12/site-packages/airflow/example_dags/tutorial.py for tasks to queue
[2024-05-29T16:55:41.522+0000] {logging_mixin.py:188} INFO - [2024-05-29T16:55:41.522+0000] {dagbag.py:545} INFO - Filling up the DagBag from /home/airflow/.local/lib/python3.12/site-packages/airflow/example_dags/tutorial.py
[2024-05-29T16:55:41.528+0000] {processor.py:840} INFO - DAG(s) 'tutorial' retrieved from /home/airflow/.local/lib/python3.12/site-packages/airflow/example_dags/tutorial.py
[2024-05-29T16:55:41.552+0000] {logging_mixin.py:188} INFO - [2024-05-29T16:55:41.551+0000] {dag.py:3096} INFO - Sync 1 DAGs
[2024-05-29T16:55:41.575+0000] {logging_mixin.py:188} INFO - [2024-05-29T16:55:41.575+0000] {dag.py:3954} INFO - Setting next_dagrun for tutorial to 2024-05-28 00:00:00+00:00, run_after=2024-05-29 00:00:00+00:00
[2024-05-29T16:55:41.598+0000] {processor.py:183} INFO - Processing /home/airflow/.local/lib/python3.12/site-packages/airflow/example_dags/tutorial.py took 0.087 seconds
[2024-05-29T16:56:11.652+0000] {processor.py:161} INFO - Started process (PID=291) to work on /home/airflow/.local/lib/python3.12/site-packages/airflow/example_dags/tutorial.py
[2024-05-29T16:56:11.653+0000] {processor.py:830} INFO - Processing file /home/airflow/.local/lib/python3.12/site-packages/airflow/example_dags/tutorial.py for tasks to queue
[2024-05-29T16:56:11.655+0000] {logging_mixin.py:188} INFO - [2024-05-29T16:56:11.655+0000] {dagbag.py:545} INFO - Filling up the DagBag from /home/airflow/.local/lib/python3.12/site-packages/airflow/example_dags/tutorial.py
[2024-05-29T16:56:11.661+0000] {processor.py:840} INFO - DAG(s) 'tutorial' retrieved from /home/airflow/.local/lib/python3.12/site-packages/airflow/example_dags/tutorial.py
[2024-05-29T16:56:11.682+0000] {logging_mixin.py:188} INFO - [2024-05-29T16:56:11.682+0000] {dag.py:3096} INFO - Sync 1 DAGs
[2024-05-29T16:56:11.708+0000] {logging_mixin.py:188} INFO - [2024-05-29T16:56:11.708+0000] {dag.py:3954} INFO - Setting next_dagrun for tutorial to 2024-05-28 00:00:00+00:00, run_after=2024-05-29 00:00:00+00:00
[2024-05-29T16:56:11.729+0000] {processor.py:183} INFO - Processing /home/airflow/.local/lib/python3.12/site-packages/airflow/example_dags/tutorial.py took 0.082 seconds
[2024-05-29T16:57:50.320+0000] {processor.py:161} INFO - Started process (PID=52) to work on /home/airflow/.local/lib/python3.12/site-packages/airflow/example_dags/tutorial.py
[2024-05-29T16:57:50.321+0000] {processor.py:830} INFO - Processing file /home/airflow/.local/lib/python3.12/site-packages/airflow/example_dags/tutorial.py for tasks to queue
[2024-05-29T16:57:50.323+0000] {logging_mixin.py:188} INFO - [2024-05-29T16:57:50.323+0000] {dagbag.py:545} INFO - Filling up the DagBag from /home/airflow/.local/lib/python3.12/site-packages/airflow/example_dags/tutorial.py
[2024-05-29T16:57:50.332+0000] {processor.py:840} INFO - DAG(s) 'tutorial' retrieved from /home/airflow/.local/lib/python3.12/site-packages/airflow/example_dags/tutorial.py
[2024-05-29T16:57:50.342+0000] {logging_mixin.py:188} INFO - [2024-05-29T16:57:50.342+0000] {dag.py:3096} INFO - Sync 1 DAGs
[2024-05-29T16:57:50.371+0000] {logging_mixin.py:188} INFO - [2024-05-29T16:57:50.370+0000] {dag.py:3954} INFO - Setting next_dagrun for tutorial to 2024-05-28 00:00:00+00:00, run_after=2024-05-29 00:00:00+00:00
[2024-05-29T16:57:50.394+0000] {processor.py:183} INFO - Processing /home/airflow/.local/lib/python3.12/site-packages/airflow/example_dags/tutorial.py took 0.079 seconds
[2024-05-29T16:58:21.605+0000] {processor.py:161} INFO - Started process (PID=110) to work on /home/airflow/.local/lib/python3.12/site-packages/airflow/example_dags/tutorial.py
[2024-05-29T16:58:21.606+0000] {processor.py:830} INFO - Processing file /home/airflow/.local/lib/python3.12/site-packages/airflow/example_dags/tutorial.py for tasks to queue
[2024-05-29T16:58:21.608+0000] {logging_mixin.py:188} INFO - [2024-05-29T16:58:21.607+0000] {dagbag.py:545} INFO - Filling up the DagBag from /home/airflow/.local/lib/python3.12/site-packages/airflow/example_dags/tutorial.py
[2024-05-29T16:58:21.613+0000] {processor.py:840} INFO - DAG(s) 'tutorial' retrieved from /home/airflow/.local/lib/python3.12/site-packages/airflow/example_dags/tutorial.py
[2024-05-29T16:58:21.713+0000] {logging_mixin.py:188} INFO - [2024-05-29T16:58:21.712+0000] {dag.py:3096} INFO - Sync 1 DAGs
[2024-05-29T16:58:21.733+0000] {logging_mixin.py:188} INFO - [2024-05-29T16:58:21.733+0000] {dag.py:3954} INFO - Setting next_dagrun for tutorial to 2024-05-28 00:00:00+00:00, run_after=2024-05-29 00:00:00+00:00
[2024-05-29T16:58:21.751+0000] {processor.py:183} INFO - Processing /home/airflow/.local/lib/python3.12/site-packages/airflow/example_dags/tutorial.py took 0.152 seconds
